[2024-11-14T19:30:05.431+0000] {processor.py:161} INFO - Started process (PID=53) to work on /home/airflow/.local/lib/python3.12/site-packages/airflow/example_dags/example_latest_only.py
[2024-11-14T19:30:05.438+0000] {processor.py:830} INFO - Processing file /home/airflow/.local/lib/python3.12/site-packages/airflow/example_dags/example_latest_only.py for tasks to queue
[2024-11-14T19:30:05.467+0000] {logging_mixin.py:188} INFO - [2024-11-14T19:30:05.465+0000] {dagbag.py:545} INFO - Filling up the DagBag from /home/airflow/.local/lib/python3.12/site-packages/airflow/example_dags/example_latest_only.py
[2024-11-14T19:30:05.515+0000] {processor.py:840} INFO - DAG(s) 'latest_only' retrieved from /home/airflow/.local/lib/python3.12/site-packages/airflow/example_dags/example_latest_only.py
[2024-11-14T19:30:08.207+0000] {logging_mixin.py:188} INFO - [2024-11-14T19:30:08.205+0000] {dag.py:3089} INFO - Sync 1 DAGs
[2024-11-14T19:30:09.883+0000] {logging_mixin.py:188} INFO - [2024-11-14T19:30:09.865+0000] {dag.py:3947} INFO - Setting next_dagrun for latest_only to 2024-11-14 12:00:00+00:00, run_after=2024-11-14 16:00:00+00:00
[2024-11-14T19:30:10.483+0000] {processor.py:183} INFO - Processing /home/airflow/.local/lib/python3.12/site-packages/airflow/example_dags/example_latest_only.py took 5.117 seconds
[2024-11-14T19:31:05.989+0000] {processor.py:161} INFO - Started process (PID=119) to work on /home/airflow/.local/lib/python3.12/site-packages/airflow/example_dags/example_latest_only.py
[2024-11-14T19:31:05.991+0000] {processor.py:830} INFO - Processing file /home/airflow/.local/lib/python3.12/site-packages/airflow/example_dags/example_latest_only.py for tasks to queue
[2024-11-14T19:31:05.996+0000] {logging_mixin.py:188} INFO - [2024-11-14T19:31:05.995+0000] {dagbag.py:545} INFO - Filling up the DagBag from /home/airflow/.local/lib/python3.12/site-packages/airflow/example_dags/example_latest_only.py
[2024-11-14T19:31:06.009+0000] {processor.py:840} INFO - DAG(s) 'latest_only' retrieved from /home/airflow/.local/lib/python3.12/site-packages/airflow/example_dags/example_latest_only.py
[2024-11-14T19:31:06.056+0000] {logging_mixin.py:188} INFO - [2024-11-14T19:31:06.056+0000] {dag.py:3089} INFO - Sync 1 DAGs
[2024-11-14T19:31:06.113+0000] {logging_mixin.py:188} INFO - [2024-11-14T19:31:06.112+0000] {dag.py:3947} INFO - Setting next_dagrun for latest_only to 2024-11-14 12:00:00+00:00, run_after=2024-11-14 16:00:00+00:00
[2024-11-14T19:31:06.153+0000] {processor.py:183} INFO - Processing /home/airflow/.local/lib/python3.12/site-packages/airflow/example_dags/example_latest_only.py took 0.178 seconds
[2024-11-14T19:31:37.619+0000] {processor.py:161} INFO - Started process (PID=179) to work on /home/airflow/.local/lib/python3.12/site-packages/airflow/example_dags/example_latest_only.py
[2024-11-14T19:31:37.621+0000] {processor.py:830} INFO - Processing file /home/airflow/.local/lib/python3.12/site-packages/airflow/example_dags/example_latest_only.py for tasks to queue
[2024-11-14T19:31:37.625+0000] {logging_mixin.py:188} INFO - [2024-11-14T19:31:37.625+0000] {dagbag.py:545} INFO - Filling up the DagBag from /home/airflow/.local/lib/python3.12/site-packages/airflow/example_dags/example_latest_only.py
[2024-11-14T19:31:37.639+0000] {processor.py:840} INFO - DAG(s) 'latest_only' retrieved from /home/airflow/.local/lib/python3.12/site-packages/airflow/example_dags/example_latest_only.py
[2024-11-14T19:31:37.685+0000] {logging_mixin.py:188} INFO - [2024-11-14T19:31:37.685+0000] {dag.py:3089} INFO - Sync 1 DAGs
[2024-11-14T19:31:37.737+0000] {logging_mixin.py:188} INFO - [2024-11-14T19:31:37.737+0000] {dag.py:3947} INFO - Setting next_dagrun for latest_only to 2024-11-14 12:00:00+00:00, run_after=2024-11-14 16:00:00+00:00
[2024-11-14T19:31:37.790+0000] {processor.py:183} INFO - Processing /home/airflow/.local/lib/python3.12/site-packages/airflow/example_dags/example_latest_only.py took 0.186 seconds
[2024-11-14T19:32:09.415+0000] {processor.py:161} INFO - Started process (PID=239) to work on /home/airflow/.local/lib/python3.12/site-packages/airflow/example_dags/example_latest_only.py
[2024-11-14T19:32:09.417+0000] {processor.py:830} INFO - Processing file /home/airflow/.local/lib/python3.12/site-packages/airflow/example_dags/example_latest_only.py for tasks to queue
[2024-11-14T19:32:09.421+0000] {logging_mixin.py:188} INFO - [2024-11-14T19:32:09.420+0000] {dagbag.py:545} INFO - Filling up the DagBag from /home/airflow/.local/lib/python3.12/site-packages/airflow/example_dags/example_latest_only.py
[2024-11-14T19:32:09.432+0000] {processor.py:840} INFO - DAG(s) 'latest_only' retrieved from /home/airflow/.local/lib/python3.12/site-packages/airflow/example_dags/example_latest_only.py
[2024-11-14T19:32:09.513+0000] {logging_mixin.py:188} INFO - [2024-11-14T19:32:09.512+0000] {dag.py:3089} INFO - Sync 1 DAGs
[2024-11-14T19:32:09.586+0000] {logging_mixin.py:188} INFO - [2024-11-14T19:32:09.585+0000] {dag.py:3947} INFO - Setting next_dagrun for latest_only to 2024-11-14 12:00:00+00:00, run_after=2024-11-14 16:00:00+00:00
[2024-11-14T19:32:09.639+0000] {processor.py:183} INFO - Processing /home/airflow/.local/lib/python3.12/site-packages/airflow/example_dags/example_latest_only.py took 0.238 seconds
[2024-11-14T19:32:41.229+0000] {processor.py:161} INFO - Started process (PID=298) to work on /home/airflow/.local/lib/python3.12/site-packages/airflow/example_dags/example_latest_only.py
[2024-11-14T19:32:41.232+0000] {processor.py:830} INFO - Processing file /home/airflow/.local/lib/python3.12/site-packages/airflow/example_dags/example_latest_only.py for tasks to queue
[2024-11-14T19:32:41.237+0000] {logging_mixin.py:188} INFO - [2024-11-14T19:32:41.237+0000] {dagbag.py:545} INFO - Filling up the DagBag from /home/airflow/.local/lib/python3.12/site-packages/airflow/example_dags/example_latest_only.py
[2024-11-14T19:32:41.251+0000] {processor.py:840} INFO - DAG(s) 'latest_only' retrieved from /home/airflow/.local/lib/python3.12/site-packages/airflow/example_dags/example_latest_only.py
[2024-11-14T19:32:41.303+0000] {logging_mixin.py:188} INFO - [2024-11-14T19:32:41.302+0000] {dag.py:3089} INFO - Sync 1 DAGs
[2024-11-14T19:32:41.358+0000] {logging_mixin.py:188} INFO - [2024-11-14T19:32:41.357+0000] {dag.py:3947} INFO - Setting next_dagrun for latest_only to 2024-11-14 12:00:00+00:00, run_after=2024-11-14 16:00:00+00:00
[2024-11-14T19:32:41.417+0000] {processor.py:183} INFO - Processing /home/airflow/.local/lib/python3.12/site-packages/airflow/example_dags/example_latest_only.py took 0.201 seconds
[2024-11-14T19:33:17.840+0000] {processor.py:161} INFO - Started process (PID=358) to work on /home/airflow/.local/lib/python3.12/site-packages/airflow/example_dags/example_latest_only.py
[2024-11-14T19:33:17.850+0000] {processor.py:830} INFO - Processing file /home/airflow/.local/lib/python3.12/site-packages/airflow/example_dags/example_latest_only.py for tasks to queue
[2024-11-14T19:33:17.867+0000] {logging_mixin.py:188} INFO - [2024-11-14T19:33:17.863+0000] {dagbag.py:545} INFO - Filling up the DagBag from /home/airflow/.local/lib/python3.12/site-packages/airflow/example_dags/example_latest_only.py
[2024-11-14T19:33:17.895+0000] {processor.py:840} INFO - DAG(s) 'latest_only' retrieved from /home/airflow/.local/lib/python3.12/site-packages/airflow/example_dags/example_latest_only.py
[2024-11-14T19:33:17.985+0000] {logging_mixin.py:188} INFO - [2024-11-14T19:33:17.984+0000] {dag.py:3089} INFO - Sync 1 DAGs
[2024-11-14T19:33:18.087+0000] {logging_mixin.py:188} INFO - [2024-11-14T19:33:18.086+0000] {dag.py:3947} INFO - Setting next_dagrun for latest_only to 2024-11-14 12:00:00+00:00, run_after=2024-11-14 16:00:00+00:00
[2024-11-14T19:33:18.157+0000] {processor.py:183} INFO - Processing /home/airflow/.local/lib/python3.12/site-packages/airflow/example_dags/example_latest_only.py took 0.362 seconds
[2024-11-14T19:33:48.490+0000] {processor.py:161} INFO - Started process (PID=418) to work on /home/airflow/.local/lib/python3.12/site-packages/airflow/example_dags/example_latest_only.py
[2024-11-14T19:33:48.492+0000] {processor.py:830} INFO - Processing file /home/airflow/.local/lib/python3.12/site-packages/airflow/example_dags/example_latest_only.py for tasks to queue
[2024-11-14T19:33:48.496+0000] {logging_mixin.py:188} INFO - [2024-11-14T19:33:48.495+0000] {dagbag.py:545} INFO - Filling up the DagBag from /home/airflow/.local/lib/python3.12/site-packages/airflow/example_dags/example_latest_only.py
[2024-11-14T19:33:48.505+0000] {processor.py:840} INFO - DAG(s) 'latest_only' retrieved from /home/airflow/.local/lib/python3.12/site-packages/airflow/example_dags/example_latest_only.py
[2024-11-14T19:33:48.560+0000] {logging_mixin.py:188} INFO - [2024-11-14T19:33:48.559+0000] {dag.py:3089} INFO - Sync 1 DAGs
[2024-11-14T19:33:48.606+0000] {logging_mixin.py:188} INFO - [2024-11-14T19:33:48.605+0000] {dag.py:3947} INFO - Setting next_dagrun for latest_only to 2024-11-14 12:00:00+00:00, run_after=2024-11-14 16:00:00+00:00
[2024-11-14T19:33:48.646+0000] {processor.py:183} INFO - Processing /home/airflow/.local/lib/python3.12/site-packages/airflow/example_dags/example_latest_only.py took 0.169 seconds
[2024-11-14T19:34:20.666+0000] {processor.py:161} INFO - Started process (PID=478) to work on /home/airflow/.local/lib/python3.12/site-packages/airflow/example_dags/example_latest_only.py
[2024-11-14T19:34:20.949+0000] {processor.py:830} INFO - Processing file /home/airflow/.local/lib/python3.12/site-packages/airflow/example_dags/example_latest_only.py for tasks to queue
[2024-11-14T19:34:20.961+0000] {logging_mixin.py:188} INFO - [2024-11-14T19:34:20.959+0000] {dagbag.py:545} INFO - Filling up the DagBag from /home/airflow/.local/lib/python3.12/site-packages/airflow/example_dags/example_latest_only.py
[2024-11-14T19:34:20.987+0000] {processor.py:840} INFO - DAG(s) 'latest_only' retrieved from /home/airflow/.local/lib/python3.12/site-packages/airflow/example_dags/example_latest_only.py
[2024-11-14T19:34:21.070+0000] {logging_mixin.py:188} INFO - [2024-11-14T19:34:21.069+0000] {dag.py:3089} INFO - Sync 1 DAGs
[2024-11-14T19:34:21.156+0000] {logging_mixin.py:188} INFO - [2024-11-14T19:34:21.155+0000] {dag.py:3947} INFO - Setting next_dagrun for latest_only to 2024-11-14 12:00:00+00:00, run_after=2024-11-14 16:00:00+00:00
[2024-11-14T19:34:21.230+0000] {processor.py:183} INFO - Processing /home/airflow/.local/lib/python3.12/site-packages/airflow/example_dags/example_latest_only.py took 0.582 seconds
[2024-11-14T19:34:51.535+0000] {processor.py:161} INFO - Started process (PID=537) to work on /home/airflow/.local/lib/python3.12/site-packages/airflow/example_dags/example_latest_only.py
[2024-11-14T19:34:51.539+0000] {processor.py:830} INFO - Processing file /home/airflow/.local/lib/python3.12/site-packages/airflow/example_dags/example_latest_only.py for tasks to queue
[2024-11-14T19:34:51.545+0000] {logging_mixin.py:188} INFO - [2024-11-14T19:34:51.544+0000] {dagbag.py:545} INFO - Filling up the DagBag from /home/airflow/.local/lib/python3.12/site-packages/airflow/example_dags/example_latest_only.py
[2024-11-14T19:34:51.571+0000] {processor.py:840} INFO - DAG(s) 'latest_only' retrieved from /home/airflow/.local/lib/python3.12/site-packages/airflow/example_dags/example_latest_only.py
[2024-11-14T19:34:51.691+0000] {logging_mixin.py:188} INFO - [2024-11-14T19:34:51.689+0000] {dag.py:3089} INFO - Sync 1 DAGs
[2024-11-14T19:34:51.886+0000] {logging_mixin.py:188} INFO - [2024-11-14T19:34:51.885+0000] {dag.py:3947} INFO - Setting next_dagrun for latest_only to 2024-11-14 12:00:00+00:00, run_after=2024-11-14 16:00:00+00:00
[2024-11-14T19:34:52.031+0000] {processor.py:183} INFO - Processing /home/airflow/.local/lib/python3.12/site-packages/airflow/example_dags/example_latest_only.py took 0.523 seconds
[2024-11-14T19:35:23.680+0000] {processor.py:161} INFO - Started process (PID=594) to work on /home/airflow/.local/lib/python3.12/site-packages/airflow/example_dags/example_latest_only.py
[2024-11-14T19:35:23.682+0000] {processor.py:830} INFO - Processing file /home/airflow/.local/lib/python3.12/site-packages/airflow/example_dags/example_latest_only.py for tasks to queue
[2024-11-14T19:35:23.688+0000] {logging_mixin.py:188} INFO - [2024-11-14T19:35:23.687+0000] {dagbag.py:545} INFO - Filling up the DagBag from /home/airflow/.local/lib/python3.12/site-packages/airflow/example_dags/example_latest_only.py
[2024-11-14T19:35:23.711+0000] {processor.py:840} INFO - DAG(s) 'latest_only' retrieved from /home/airflow/.local/lib/python3.12/site-packages/airflow/example_dags/example_latest_only.py
[2024-11-14T19:35:23.787+0000] {logging_mixin.py:188} INFO - [2024-11-14T19:35:23.787+0000] {dag.py:3089} INFO - Sync 1 DAGs
[2024-11-14T19:35:23.876+0000] {logging_mixin.py:188} INFO - [2024-11-14T19:35:23.875+0000] {dag.py:3947} INFO - Setting next_dagrun for latest_only to 2024-11-14 12:00:00+00:00, run_after=2024-11-14 16:00:00+00:00
[2024-11-14T19:35:23.941+0000] {processor.py:183} INFO - Processing /home/airflow/.local/lib/python3.12/site-packages/airflow/example_dags/example_latest_only.py took 0.284 seconds
[2024-11-14T19:35:55.714+0000] {processor.py:161} INFO - Started process (PID=654) to work on /home/airflow/.local/lib/python3.12/site-packages/airflow/example_dags/example_latest_only.py
[2024-11-14T19:35:55.740+0000] {processor.py:830} INFO - Processing file /home/airflow/.local/lib/python3.12/site-packages/airflow/example_dags/example_latest_only.py for tasks to queue
[2024-11-14T19:35:55.799+0000] {logging_mixin.py:188} INFO - [2024-11-14T19:35:55.783+0000] {dagbag.py:545} INFO - Filling up the DagBag from /home/airflow/.local/lib/python3.12/site-packages/airflow/example_dags/example_latest_only.py
[2024-11-14T19:35:55.919+0000] {processor.py:840} INFO - DAG(s) 'latest_only' retrieved from /home/airflow/.local/lib/python3.12/site-packages/airflow/example_dags/example_latest_only.py
[2024-11-14T19:35:58.856+0000] {logging_mixin.py:188} INFO - [2024-11-14T19:35:58.001+0000] {dag.py:3089} INFO - Sync 1 DAGs
[2024-11-14T19:41:15.883+0000] {processor.py:161} INFO - Started process (PID=739) to work on /home/airflow/.local/lib/python3.12/site-packages/airflow/example_dags/example_latest_only.py
[2024-11-14T19:41:15.886+0000] {processor.py:830} INFO - Processing file /home/airflow/.local/lib/python3.12/site-packages/airflow/example_dags/example_latest_only.py for tasks to queue
[2024-11-14T19:41:15.889+0000] {logging_mixin.py:188} INFO - [2024-11-14T19:41:15.887+0000] {dagbag.py:545} INFO - Filling up the DagBag from /home/airflow/.local/lib/python3.12/site-packages/airflow/example_dags/example_latest_only.py
[2024-11-14T19:41:15.916+0000] {processor.py:840} INFO - DAG(s) 'latest_only' retrieved from /home/airflow/.local/lib/python3.12/site-packages/airflow/example_dags/example_latest_only.py
[2024-11-14T19:41:17.038+0000] {logging_mixin.py:188} INFO - [2024-11-14T19:41:17.038+0000] {dag.py:3089} INFO - Sync 1 DAGs
[2024-11-14T19:41:17.159+0000] {logging_mixin.py:188} INFO - [2024-11-14T19:41:17.158+0000] {dag.py:3947} INFO - Setting next_dagrun for latest_only to 2024-11-14 12:00:00+00:00, run_after=2024-11-14 16:00:00+00:00
[2024-11-14T19:41:17.303+0000] {processor.py:183} INFO - Processing /home/airflow/.local/lib/python3.12/site-packages/airflow/example_dags/example_latest_only.py took 1.442 seconds
[2024-11-14T19:41:51.581+0000] {processor.py:161} INFO - Started process (PID=799) to work on /home/airflow/.local/lib/python3.12/site-packages/airflow/example_dags/example_latest_only.py
[2024-11-14T19:41:51.589+0000] {processor.py:830} INFO - Processing file /home/airflow/.local/lib/python3.12/site-packages/airflow/example_dags/example_latest_only.py for tasks to queue
[2024-11-14T19:41:51.591+0000] {logging_mixin.py:188} INFO - [2024-11-14T19:41:51.590+0000] {dagbag.py:545} INFO - Filling up the DagBag from /home/airflow/.local/lib/python3.12/site-packages/airflow/example_dags/example_latest_only.py
[2024-11-14T19:41:51.613+0000] {processor.py:840} INFO - DAG(s) 'latest_only' retrieved from /home/airflow/.local/lib/python3.12/site-packages/airflow/example_dags/example_latest_only.py
[2024-11-14T19:41:51.719+0000] {logging_mixin.py:188} INFO - [2024-11-14T19:41:51.718+0000] {dag.py:3089} INFO - Sync 1 DAGs
[2024-11-14T19:41:51.814+0000] {logging_mixin.py:188} INFO - [2024-11-14T19:41:51.813+0000] {dag.py:3947} INFO - Setting next_dagrun for latest_only to 2024-11-14 12:00:00+00:00, run_after=2024-11-14 16:00:00+00:00
[2024-11-14T19:41:51.893+0000] {processor.py:183} INFO - Processing /home/airflow/.local/lib/python3.12/site-packages/airflow/example_dags/example_latest_only.py took 0.342 seconds
[2024-11-14T19:42:21.979+0000] {processor.py:161} INFO - Started process (PID=857) to work on /home/airflow/.local/lib/python3.12/site-packages/airflow/example_dags/example_latest_only.py
[2024-11-14T19:42:21.981+0000] {processor.py:830} INFO - Processing file /home/airflow/.local/lib/python3.12/site-packages/airflow/example_dags/example_latest_only.py for tasks to queue
[2024-11-14T19:42:21.984+0000] {logging_mixin.py:188} INFO - [2024-11-14T19:42:21.983+0000] {dagbag.py:545} INFO - Filling up the DagBag from /home/airflow/.local/lib/python3.12/site-packages/airflow/example_dags/example_latest_only.py
[2024-11-14T19:42:22.001+0000] {processor.py:840} INFO - DAG(s) 'latest_only' retrieved from /home/airflow/.local/lib/python3.12/site-packages/airflow/example_dags/example_latest_only.py
[2024-11-14T19:42:22.061+0000] {logging_mixin.py:188} INFO - [2024-11-14T19:42:22.061+0000] {dag.py:3089} INFO - Sync 1 DAGs
[2024-11-14T19:42:22.129+0000] {logging_mixin.py:188} INFO - [2024-11-14T19:42:22.128+0000] {dag.py:3947} INFO - Setting next_dagrun for latest_only to 2024-11-14 12:00:00+00:00, run_after=2024-11-14 16:00:00+00:00
[2024-11-14T19:42:22.192+0000] {processor.py:183} INFO - Processing /home/airflow/.local/lib/python3.12/site-packages/airflow/example_dags/example_latest_only.py took 0.232 seconds
[2024-11-14T19:42:53.694+0000] {processor.py:161} INFO - Started process (PID=916) to work on /home/airflow/.local/lib/python3.12/site-packages/airflow/example_dags/example_latest_only.py
[2024-11-14T19:42:53.698+0000] {processor.py:830} INFO - Processing file /home/airflow/.local/lib/python3.12/site-packages/airflow/example_dags/example_latest_only.py for tasks to queue
[2024-11-14T19:42:53.701+0000] {logging_mixin.py:188} INFO - [2024-11-14T19:42:53.699+0000] {dagbag.py:545} INFO - Filling up the DagBag from /home/airflow/.local/lib/python3.12/site-packages/airflow/example_dags/example_latest_only.py
[2024-11-14T19:42:53.721+0000] {processor.py:840} INFO - DAG(s) 'latest_only' retrieved from /home/airflow/.local/lib/python3.12/site-packages/airflow/example_dags/example_latest_only.py
[2024-11-14T19:42:53.811+0000] {logging_mixin.py:188} INFO - [2024-11-14T19:42:53.810+0000] {dag.py:3089} INFO - Sync 1 DAGs
[2024-11-14T19:42:53.900+0000] {logging_mixin.py:188} INFO - [2024-11-14T19:42:53.898+0000] {dag.py:3947} INFO - Setting next_dagrun for latest_only to 2024-11-14 12:00:00+00:00, run_after=2024-11-14 16:00:00+00:00
[2024-11-14T19:42:53.974+0000] {processor.py:183} INFO - Processing /home/airflow/.local/lib/python3.12/site-packages/airflow/example_dags/example_latest_only.py took 0.304 seconds
[2024-11-14T19:43:24.589+0000] {processor.py:161} INFO - Started process (PID=976) to work on /home/airflow/.local/lib/python3.12/site-packages/airflow/example_dags/example_latest_only.py
[2024-11-14T19:43:24.600+0000] {processor.py:830} INFO - Processing file /home/airflow/.local/lib/python3.12/site-packages/airflow/example_dags/example_latest_only.py for tasks to queue
[2024-11-14T19:43:24.602+0000] {logging_mixin.py:188} INFO - [2024-11-14T19:43:24.601+0000] {dagbag.py:545} INFO - Filling up the DagBag from /home/airflow/.local/lib/python3.12/site-packages/airflow/example_dags/example_latest_only.py
[2024-11-14T19:43:24.659+0000] {processor.py:840} INFO - DAG(s) 'latest_only' retrieved from /home/airflow/.local/lib/python3.12/site-packages/airflow/example_dags/example_latest_only.py
[2024-11-14T19:43:24.866+0000] {logging_mixin.py:188} INFO - [2024-11-14T19:43:24.865+0000] {dag.py:3089} INFO - Sync 1 DAGs
[2024-11-14T19:43:24.967+0000] {logging_mixin.py:188} INFO - [2024-11-14T19:43:24.967+0000] {dag.py:3947} INFO - Setting next_dagrun for latest_only to 2024-11-14 12:00:00+00:00, run_after=2024-11-14 16:00:00+00:00
[2024-11-14T19:43:25.034+0000] {processor.py:183} INFO - Processing /home/airflow/.local/lib/python3.12/site-packages/airflow/example_dags/example_latest_only.py took 0.508 seconds
[2024-11-14T19:44:06.305+0000] {processor.py:161} INFO - Started process (PID=1042) to work on /home/airflow/.local/lib/python3.12/site-packages/airflow/example_dags/example_latest_only.py
[2024-11-14T19:44:06.311+0000] {processor.py:830} INFO - Processing file /home/airflow/.local/lib/python3.12/site-packages/airflow/example_dags/example_latest_only.py for tasks to queue
[2024-11-14T19:44:06.313+0000] {logging_mixin.py:188} INFO - [2024-11-14T19:44:06.312+0000] {dagbag.py:545} INFO - Filling up the DagBag from /home/airflow/.local/lib/python3.12/site-packages/airflow/example_dags/example_latest_only.py
[2024-11-14T19:44:06.342+0000] {processor.py:840} INFO - DAG(s) 'latest_only' retrieved from /home/airflow/.local/lib/python3.12/site-packages/airflow/example_dags/example_latest_only.py
[2024-11-14T19:44:06.442+0000] {logging_mixin.py:188} INFO - [2024-11-14T19:44:06.439+0000] {dag.py:3089} INFO - Sync 1 DAGs
[2024-11-14T19:44:06.560+0000] {logging_mixin.py:188} INFO - [2024-11-14T19:44:06.555+0000] {dag.py:3947} INFO - Setting next_dagrun for latest_only to 2024-11-14 12:00:00+00:00, run_after=2024-11-14 16:00:00+00:00
[2024-11-14T19:44:06.699+0000] {processor.py:183} INFO - Processing /home/airflow/.local/lib/python3.12/site-packages/airflow/example_dags/example_latest_only.py took 0.415 seconds
[2024-11-14T19:44:36.979+0000] {processor.py:161} INFO - Started process (PID=1095) to work on /home/airflow/.local/lib/python3.12/site-packages/airflow/example_dags/example_latest_only.py
[2024-11-14T19:44:36.982+0000] {processor.py:830} INFO - Processing file /home/airflow/.local/lib/python3.12/site-packages/airflow/example_dags/example_latest_only.py for tasks to queue
[2024-11-14T19:44:36.983+0000] {logging_mixin.py:188} INFO - [2024-11-14T19:44:36.983+0000] {dagbag.py:545} INFO - Filling up the DagBag from /home/airflow/.local/lib/python3.12/site-packages/airflow/example_dags/example_latest_only.py
[2024-11-14T19:44:36.997+0000] {processor.py:840} INFO - DAG(s) 'latest_only' retrieved from /home/airflow/.local/lib/python3.12/site-packages/airflow/example_dags/example_latest_only.py
[2024-11-14T19:44:37.042+0000] {logging_mixin.py:188} INFO - [2024-11-14T19:44:37.041+0000] {dag.py:3089} INFO - Sync 1 DAGs
[2024-11-14T19:44:37.092+0000] {logging_mixin.py:188} INFO - [2024-11-14T19:44:37.091+0000] {dag.py:3947} INFO - Setting next_dagrun for latest_only to 2024-11-14 12:00:00+00:00, run_after=2024-11-14 16:00:00+00:00
[2024-11-14T19:44:37.136+0000] {processor.py:183} INFO - Processing /home/airflow/.local/lib/python3.12/site-packages/airflow/example_dags/example_latest_only.py took 0.171 seconds
[2024-11-14T19:45:07.831+0000] {processor.py:161} INFO - Started process (PID=1156) to work on /home/airflow/.local/lib/python3.12/site-packages/airflow/example_dags/example_latest_only.py
[2024-11-14T19:45:07.832+0000] {processor.py:830} INFO - Processing file /home/airflow/.local/lib/python3.12/site-packages/airflow/example_dags/example_latest_only.py for tasks to queue
[2024-11-14T19:45:07.836+0000] {logging_mixin.py:188} INFO - [2024-11-14T19:45:07.834+0000] {dagbag.py:545} INFO - Filling up the DagBag from /home/airflow/.local/lib/python3.12/site-packages/airflow/example_dags/example_latest_only.py
[2024-11-14T19:45:07.856+0000] {processor.py:840} INFO - DAG(s) 'latest_only' retrieved from /home/airflow/.local/lib/python3.12/site-packages/airflow/example_dags/example_latest_only.py
[2024-11-14T19:45:07.911+0000] {logging_mixin.py:188} INFO - [2024-11-14T19:45:07.911+0000] {dag.py:3089} INFO - Sync 1 DAGs
[2024-11-14T19:45:07.970+0000] {logging_mixin.py:188} INFO - [2024-11-14T19:45:07.969+0000] {dag.py:3947} INFO - Setting next_dagrun for latest_only to 2024-11-14 12:00:00+00:00, run_after=2024-11-14 16:00:00+00:00
[2024-11-14T19:45:08.034+0000] {processor.py:183} INFO - Processing /home/airflow/.local/lib/python3.12/site-packages/airflow/example_dags/example_latest_only.py took 0.259 seconds
[2024-11-14T19:45:38.985+0000] {processor.py:161} INFO - Started process (PID=1222) to work on /home/airflow/.local/lib/python3.12/site-packages/airflow/example_dags/example_latest_only.py
[2024-11-14T19:45:39.006+0000] {processor.py:830} INFO - Processing file /home/airflow/.local/lib/python3.12/site-packages/airflow/example_dags/example_latest_only.py for tasks to queue
[2024-11-14T19:45:39.008+0000] {logging_mixin.py:188} INFO - [2024-11-14T19:45:39.007+0000] {dagbag.py:545} INFO - Filling up the DagBag from /home/airflow/.local/lib/python3.12/site-packages/airflow/example_dags/example_latest_only.py
[2024-11-14T19:45:39.028+0000] {processor.py:840} INFO - DAG(s) 'latest_only' retrieved from /home/airflow/.local/lib/python3.12/site-packages/airflow/example_dags/example_latest_only.py
[2024-11-14T19:45:39.094+0000] {logging_mixin.py:188} INFO - [2024-11-14T19:45:39.093+0000] {dag.py:3089} INFO - Sync 1 DAGs
[2024-11-14T19:45:39.157+0000] {logging_mixin.py:188} INFO - [2024-11-14T19:45:39.157+0000] {dag.py:3947} INFO - Setting next_dagrun for latest_only to 2024-11-14 12:00:00+00:00, run_after=2024-11-14 16:00:00+00:00
[2024-11-14T19:45:39.210+0000] {processor.py:183} INFO - Processing /home/airflow/.local/lib/python3.12/site-packages/airflow/example_dags/example_latest_only.py took 0.242 seconds
[2024-11-14T19:46:10.044+0000] {processor.py:161} INFO - Started process (PID=1282) to work on /home/airflow/.local/lib/python3.12/site-packages/airflow/example_dags/example_latest_only.py
[2024-11-14T19:46:10.048+0000] {processor.py:830} INFO - Processing file /home/airflow/.local/lib/python3.12/site-packages/airflow/example_dags/example_latest_only.py for tasks to queue
[2024-11-14T19:46:10.052+0000] {logging_mixin.py:188} INFO - [2024-11-14T19:46:10.050+0000] {dagbag.py:545} INFO - Filling up the DagBag from /home/airflow/.local/lib/python3.12/site-packages/airflow/example_dags/example_latest_only.py
[2024-11-14T19:46:10.073+0000] {processor.py:840} INFO - DAG(s) 'latest_only' retrieved from /home/airflow/.local/lib/python3.12/site-packages/airflow/example_dags/example_latest_only.py
[2024-11-14T19:46:10.120+0000] {logging_mixin.py:188} INFO - [2024-11-14T19:46:10.120+0000] {dag.py:3089} INFO - Sync 1 DAGs
[2024-11-14T19:46:10.177+0000] {logging_mixin.py:188} INFO - [2024-11-14T19:46:10.176+0000] {dag.py:3947} INFO - Setting next_dagrun for latest_only to 2024-11-14 12:00:00+00:00, run_after=2024-11-14 16:00:00+00:00
[2024-11-14T19:46:10.241+0000] {processor.py:183} INFO - Processing /home/airflow/.local/lib/python3.12/site-packages/airflow/example_dags/example_latest_only.py took 0.258 seconds
[2024-11-14T19:46:40.736+0000] {processor.py:161} INFO - Started process (PID=1343) to work on /home/airflow/.local/lib/python3.12/site-packages/airflow/example_dags/example_latest_only.py
[2024-11-14T19:46:40.739+0000] {processor.py:830} INFO - Processing file /home/airflow/.local/lib/python3.12/site-packages/airflow/example_dags/example_latest_only.py for tasks to queue
[2024-11-14T19:46:40.744+0000] {logging_mixin.py:188} INFO - [2024-11-14T19:46:40.743+0000] {dagbag.py:545} INFO - Filling up the DagBag from /home/airflow/.local/lib/python3.12/site-packages/airflow/example_dags/example_latest_only.py
[2024-11-14T19:46:40.767+0000] {processor.py:840} INFO - DAG(s) 'latest_only' retrieved from /home/airflow/.local/lib/python3.12/site-packages/airflow/example_dags/example_latest_only.py
[2024-11-14T19:46:40.840+0000] {logging_mixin.py:188} INFO - [2024-11-14T19:46:40.840+0000] {dag.py:3089} INFO - Sync 1 DAGs
[2024-11-14T19:46:40.893+0000] {logging_mixin.py:188} INFO - [2024-11-14T19:46:40.893+0000] {dag.py:3947} INFO - Setting next_dagrun for latest_only to 2024-11-14 12:00:00+00:00, run_after=2024-11-14 16:00:00+00:00
[2024-11-14T19:46:40.961+0000] {processor.py:183} INFO - Processing /home/airflow/.local/lib/python3.12/site-packages/airflow/example_dags/example_latest_only.py took 0.242 seconds
[2024-11-14T19:47:12.094+0000] {processor.py:161} INFO - Started process (PID=1402) to work on /home/airflow/.local/lib/python3.12/site-packages/airflow/example_dags/example_latest_only.py
[2024-11-14T19:47:12.099+0000] {processor.py:830} INFO - Processing file /home/airflow/.local/lib/python3.12/site-packages/airflow/example_dags/example_latest_only.py for tasks to queue
[2024-11-14T19:47:12.101+0000] {logging_mixin.py:188} INFO - [2024-11-14T19:47:12.100+0000] {dagbag.py:545} INFO - Filling up the DagBag from /home/airflow/.local/lib/python3.12/site-packages/airflow/example_dags/example_latest_only.py
[2024-11-14T19:47:12.119+0000] {processor.py:840} INFO - DAG(s) 'latest_only' retrieved from /home/airflow/.local/lib/python3.12/site-packages/airflow/example_dags/example_latest_only.py
[2024-11-14T19:47:12.168+0000] {logging_mixin.py:188} INFO - [2024-11-14T19:47:12.167+0000] {dag.py:3089} INFO - Sync 1 DAGs
[2024-11-14T19:47:12.224+0000] {logging_mixin.py:188} INFO - [2024-11-14T19:47:12.223+0000] {dag.py:3947} INFO - Setting next_dagrun for latest_only to 2024-11-14 12:00:00+00:00, run_after=2024-11-14 16:00:00+00:00
[2024-11-14T19:47:12.273+0000] {processor.py:183} INFO - Processing /home/airflow/.local/lib/python3.12/site-packages/airflow/example_dags/example_latest_only.py took 0.198 seconds
[2024-11-14T19:47:42.577+0000] {processor.py:161} INFO - Started process (PID=1462) to work on /home/airflow/.local/lib/python3.12/site-packages/airflow/example_dags/example_latest_only.py
[2024-11-14T19:47:42.579+0000] {processor.py:830} INFO - Processing file /home/airflow/.local/lib/python3.12/site-packages/airflow/example_dags/example_latest_only.py for tasks to queue
[2024-11-14T19:47:42.581+0000] {logging_mixin.py:188} INFO - [2024-11-14T19:47:42.580+0000] {dagbag.py:545} INFO - Filling up the DagBag from /home/airflow/.local/lib/python3.12/site-packages/airflow/example_dags/example_latest_only.py
[2024-11-14T19:47:42.601+0000] {processor.py:840} INFO - DAG(s) 'latest_only' retrieved from /home/airflow/.local/lib/python3.12/site-packages/airflow/example_dags/example_latest_only.py
[2024-11-14T19:47:42.660+0000] {logging_mixin.py:188} INFO - [2024-11-14T19:47:42.659+0000] {dag.py:3089} INFO - Sync 1 DAGs
[2024-11-14T19:47:42.715+0000] {logging_mixin.py:188} INFO - [2024-11-14T19:47:42.714+0000] {dag.py:3947} INFO - Setting next_dagrun for latest_only to 2024-11-14 12:00:00+00:00, run_after=2024-11-14 16:00:00+00:00
[2024-11-14T19:47:42.762+0000] {processor.py:183} INFO - Processing /home/airflow/.local/lib/python3.12/site-packages/airflow/example_dags/example_latest_only.py took 0.207 seconds
[2024-11-14T19:48:13.026+0000] {processor.py:161} INFO - Started process (PID=1522) to work on /home/airflow/.local/lib/python3.12/site-packages/airflow/example_dags/example_latest_only.py
[2024-11-14T19:48:13.028+0000] {processor.py:830} INFO - Processing file /home/airflow/.local/lib/python3.12/site-packages/airflow/example_dags/example_latest_only.py for tasks to queue
[2024-11-14T19:48:13.031+0000] {logging_mixin.py:188} INFO - [2024-11-14T19:48:13.030+0000] {dagbag.py:545} INFO - Filling up the DagBag from /home/airflow/.local/lib/python3.12/site-packages/airflow/example_dags/example_latest_only.py
[2024-11-14T19:48:13.051+0000] {processor.py:840} INFO - DAG(s) 'latest_only' retrieved from /home/airflow/.local/lib/python3.12/site-packages/airflow/example_dags/example_latest_only.py
[2024-11-14T19:48:13.100+0000] {logging_mixin.py:188} INFO - [2024-11-14T19:48:13.099+0000] {dag.py:3089} INFO - Sync 1 DAGs
[2024-11-14T19:48:13.156+0000] {logging_mixin.py:188} INFO - [2024-11-14T19:48:13.155+0000] {dag.py:3947} INFO - Setting next_dagrun for latest_only to 2024-11-14 12:00:00+00:00, run_after=2024-11-14 16:00:00+00:00
[2024-11-14T19:48:13.204+0000] {processor.py:183} INFO - Processing /home/airflow/.local/lib/python3.12/site-packages/airflow/example_dags/example_latest_only.py took 0.197 seconds
[2024-11-14T19:48:43.528+0000] {processor.py:161} INFO - Started process (PID=1582) to work on /home/airflow/.local/lib/python3.12/site-packages/airflow/example_dags/example_latest_only.py
[2024-11-14T19:48:43.532+0000] {processor.py:830} INFO - Processing file /home/airflow/.local/lib/python3.12/site-packages/airflow/example_dags/example_latest_only.py for tasks to queue
[2024-11-14T19:48:43.535+0000] {logging_mixin.py:188} INFO - [2024-11-14T19:48:43.534+0000] {dagbag.py:545} INFO - Filling up the DagBag from /home/airflow/.local/lib/python3.12/site-packages/airflow/example_dags/example_latest_only.py
[2024-11-14T19:48:43.554+0000] {processor.py:840} INFO - DAG(s) 'latest_only' retrieved from /home/airflow/.local/lib/python3.12/site-packages/airflow/example_dags/example_latest_only.py
[2024-11-14T19:48:43.600+0000] {logging_mixin.py:188} INFO - [2024-11-14T19:48:43.600+0000] {dag.py:3089} INFO - Sync 1 DAGs
[2024-11-14T19:48:43.653+0000] {logging_mixin.py:188} INFO - [2024-11-14T19:48:43.652+0000] {dag.py:3947} INFO - Setting next_dagrun for latest_only to 2024-11-14 12:00:00+00:00, run_after=2024-11-14 16:00:00+00:00
[2024-11-14T19:48:43.706+0000] {processor.py:183} INFO - Processing /home/airflow/.local/lib/python3.12/site-packages/airflow/example_dags/example_latest_only.py took 0.234 seconds
[2024-11-14T19:49:14.317+0000] {processor.py:161} INFO - Started process (PID=1643) to work on /home/airflow/.local/lib/python3.12/site-packages/airflow/example_dags/example_latest_only.py
[2024-11-14T19:49:14.320+0000] {processor.py:830} INFO - Processing file /home/airflow/.local/lib/python3.12/site-packages/airflow/example_dags/example_latest_only.py for tasks to queue
[2024-11-14T19:49:14.323+0000] {logging_mixin.py:188} INFO - [2024-11-14T19:49:14.322+0000] {dagbag.py:545} INFO - Filling up the DagBag from /home/airflow/.local/lib/python3.12/site-packages/airflow/example_dags/example_latest_only.py
[2024-11-14T19:49:14.346+0000] {processor.py:840} INFO - DAG(s) 'latest_only' retrieved from /home/airflow/.local/lib/python3.12/site-packages/airflow/example_dags/example_latest_only.py
[2024-11-14T19:49:14.415+0000] {logging_mixin.py:188} INFO - [2024-11-14T19:49:14.415+0000] {dag.py:3089} INFO - Sync 1 DAGs
[2024-11-14T19:49:14.476+0000] {logging_mixin.py:188} INFO - [2024-11-14T19:49:14.476+0000] {dag.py:3947} INFO - Setting next_dagrun for latest_only to 2024-11-14 12:00:00+00:00, run_after=2024-11-14 16:00:00+00:00
[2024-11-14T19:49:14.548+0000] {processor.py:183} INFO - Processing /home/airflow/.local/lib/python3.12/site-packages/airflow/example_dags/example_latest_only.py took 0.252 seconds
[2024-11-14T19:49:44.950+0000] {processor.py:161} INFO - Started process (PID=1703) to work on /home/airflow/.local/lib/python3.12/site-packages/airflow/example_dags/example_latest_only.py
[2024-11-14T19:49:44.953+0000] {processor.py:830} INFO - Processing file /home/airflow/.local/lib/python3.12/site-packages/airflow/example_dags/example_latest_only.py for tasks to queue
[2024-11-14T19:49:44.956+0000] {logging_mixin.py:188} INFO - [2024-11-14T19:49:44.955+0000] {dagbag.py:545} INFO - Filling up the DagBag from /home/airflow/.local/lib/python3.12/site-packages/airflow/example_dags/example_latest_only.py
[2024-11-14T19:49:44.974+0000] {processor.py:840} INFO - DAG(s) 'latest_only' retrieved from /home/airflow/.local/lib/python3.12/site-packages/airflow/example_dags/example_latest_only.py
[2024-11-14T19:49:45.041+0000] {logging_mixin.py:188} INFO - [2024-11-14T19:49:45.040+0000] {dag.py:3089} INFO - Sync 1 DAGs
[2024-11-14T19:49:45.097+0000] {logging_mixin.py:188} INFO - [2024-11-14T19:49:45.097+0000] {dag.py:3947} INFO - Setting next_dagrun for latest_only to 2024-11-14 12:00:00+00:00, run_after=2024-11-14 16:00:00+00:00
[2024-11-14T19:49:45.145+0000] {processor.py:183} INFO - Processing /home/airflow/.local/lib/python3.12/site-packages/airflow/example_dags/example_latest_only.py took 0.245 seconds
[2024-11-14T19:50:15.527+0000] {processor.py:161} INFO - Started process (PID=1763) to work on /home/airflow/.local/lib/python3.12/site-packages/airflow/example_dags/example_latest_only.py
[2024-11-14T19:50:15.529+0000] {processor.py:830} INFO - Processing file /home/airflow/.local/lib/python3.12/site-packages/airflow/example_dags/example_latest_only.py for tasks to queue
[2024-11-14T19:50:15.531+0000] {logging_mixin.py:188} INFO - [2024-11-14T19:50:15.531+0000] {dagbag.py:545} INFO - Filling up the DagBag from /home/airflow/.local/lib/python3.12/site-packages/airflow/example_dags/example_latest_only.py
[2024-11-14T19:50:15.546+0000] {processor.py:840} INFO - DAG(s) 'latest_only' retrieved from /home/airflow/.local/lib/python3.12/site-packages/airflow/example_dags/example_latest_only.py
[2024-11-14T19:50:15.607+0000] {logging_mixin.py:188} INFO - [2024-11-14T19:50:15.607+0000] {dag.py:3089} INFO - Sync 1 DAGs
[2024-11-14T19:50:16.026+0000] {logging_mixin.py:188} INFO - [2024-11-14T19:50:16.026+0000] {dag.py:3947} INFO - Setting next_dagrun for latest_only to 2024-11-14 12:00:00+00:00, run_after=2024-11-14 16:00:00+00:00
[2024-11-14T19:50:16.082+0000] {processor.py:183} INFO - Processing /home/airflow/.local/lib/python3.12/site-packages/airflow/example_dags/example_latest_only.py took 0.570 seconds
[2024-11-14T19:50:46.384+0000] {processor.py:161} INFO - Started process (PID=1823) to work on /home/airflow/.local/lib/python3.12/site-packages/airflow/example_dags/example_latest_only.py
[2024-11-14T19:50:46.388+0000] {processor.py:830} INFO - Processing file /home/airflow/.local/lib/python3.12/site-packages/airflow/example_dags/example_latest_only.py for tasks to queue
[2024-11-14T19:50:46.391+0000] {logging_mixin.py:188} INFO - [2024-11-14T19:50:46.390+0000] {dagbag.py:545} INFO - Filling up the DagBag from /home/airflow/.local/lib/python3.12/site-packages/airflow/example_dags/example_latest_only.py
[2024-11-14T19:50:46.413+0000] {processor.py:840} INFO - DAG(s) 'latest_only' retrieved from /home/airflow/.local/lib/python3.12/site-packages/airflow/example_dags/example_latest_only.py
[2024-11-14T19:50:46.483+0000] {logging_mixin.py:188} INFO - [2024-11-14T19:50:46.482+0000] {dag.py:3089} INFO - Sync 1 DAGs
[2024-11-14T19:50:46.573+0000] {logging_mixin.py:188} INFO - [2024-11-14T19:50:46.573+0000] {dag.py:3947} INFO - Setting next_dagrun for latest_only to 2024-11-14 12:00:00+00:00, run_after=2024-11-14 16:00:00+00:00
[2024-11-14T19:50:47.070+0000] {processor.py:183} INFO - Processing /home/airflow/.local/lib/python3.12/site-packages/airflow/example_dags/example_latest_only.py took 0.722 seconds
[2024-11-14T19:51:17.447+0000] {processor.py:161} INFO - Started process (PID=1883) to work on /home/airflow/.local/lib/python3.12/site-packages/airflow/example_dags/example_latest_only.py
[2024-11-14T19:51:17.449+0000] {processor.py:830} INFO - Processing file /home/airflow/.local/lib/python3.12/site-packages/airflow/example_dags/example_latest_only.py for tasks to queue
[2024-11-14T19:51:17.451+0000] {logging_mixin.py:188} INFO - [2024-11-14T19:51:17.450+0000] {dagbag.py:545} INFO - Filling up the DagBag from /home/airflow/.local/lib/python3.12/site-packages/airflow/example_dags/example_latest_only.py
[2024-11-14T19:51:17.465+0000] {processor.py:840} INFO - DAG(s) 'latest_only' retrieved from /home/airflow/.local/lib/python3.12/site-packages/airflow/example_dags/example_latest_only.py
[2024-11-14T19:51:17.511+0000] {logging_mixin.py:188} INFO - [2024-11-14T19:51:17.510+0000] {dag.py:3089} INFO - Sync 1 DAGs
[2024-11-14T19:51:17.559+0000] {logging_mixin.py:188} INFO - [2024-11-14T19:51:17.559+0000] {dag.py:3947} INFO - Setting next_dagrun for latest_only to 2024-11-14 12:00:00+00:00, run_after=2024-11-14 16:00:00+00:00
[2024-11-14T19:51:17.604+0000] {processor.py:183} INFO - Processing /home/airflow/.local/lib/python3.12/site-packages/airflow/example_dags/example_latest_only.py took 0.170 seconds
[2024-11-14T19:51:47.681+0000] {processor.py:161} INFO - Started process (PID=1943) to work on /home/airflow/.local/lib/python3.12/site-packages/airflow/example_dags/example_latest_only.py
[2024-11-14T19:51:47.683+0000] {processor.py:830} INFO - Processing file /home/airflow/.local/lib/python3.12/site-packages/airflow/example_dags/example_latest_only.py for tasks to queue
[2024-11-14T19:51:47.685+0000] {logging_mixin.py:188} INFO - [2024-11-14T19:51:47.684+0000] {dagbag.py:545} INFO - Filling up the DagBag from /home/airflow/.local/lib/python3.12/site-packages/airflow/example_dags/example_latest_only.py
[2024-11-14T19:51:47.698+0000] {processor.py:840} INFO - DAG(s) 'latest_only' retrieved from /home/airflow/.local/lib/python3.12/site-packages/airflow/example_dags/example_latest_only.py
[2024-11-14T19:51:47.745+0000] {logging_mixin.py:188} INFO - [2024-11-14T19:51:47.745+0000] {dag.py:3089} INFO - Sync 1 DAGs
[2024-11-14T19:51:47.797+0000] {logging_mixin.py:188} INFO - [2024-11-14T19:51:47.797+0000] {dag.py:3947} INFO - Setting next_dagrun for latest_only to 2024-11-14 12:00:00+00:00, run_after=2024-11-14 16:00:00+00:00
[2024-11-14T19:51:47.842+0000] {processor.py:183} INFO - Processing /home/airflow/.local/lib/python3.12/site-packages/airflow/example_dags/example_latest_only.py took 0.175 seconds
[2024-11-14T19:52:18.118+0000] {processor.py:161} INFO - Started process (PID=1997) to work on /home/airflow/.local/lib/python3.12/site-packages/airflow/example_dags/example_latest_only.py
[2024-11-14T19:52:18.120+0000] {processor.py:830} INFO - Processing file /home/airflow/.local/lib/python3.12/site-packages/airflow/example_dags/example_latest_only.py for tasks to queue
[2024-11-14T19:52:18.122+0000] {logging_mixin.py:188} INFO - [2024-11-14T19:52:18.121+0000] {dagbag.py:545} INFO - Filling up the DagBag from /home/airflow/.local/lib/python3.12/site-packages/airflow/example_dags/example_latest_only.py
[2024-11-14T19:52:18.139+0000] {processor.py:840} INFO - DAG(s) 'latest_only' retrieved from /home/airflow/.local/lib/python3.12/site-packages/airflow/example_dags/example_latest_only.py
[2024-11-14T19:52:18.192+0000] {logging_mixin.py:188} INFO - [2024-11-14T19:52:18.192+0000] {dag.py:3089} INFO - Sync 1 DAGs
[2024-11-14T19:52:18.238+0000] {logging_mixin.py:188} INFO - [2024-11-14T19:52:18.237+0000] {dag.py:3947} INFO - Setting next_dagrun for latest_only to 2024-11-14 12:00:00+00:00, run_after=2024-11-14 16:00:00+00:00
[2024-11-14T19:52:18.281+0000] {processor.py:183} INFO - Processing /home/airflow/.local/lib/python3.12/site-packages/airflow/example_dags/example_latest_only.py took 0.177 seconds
[2024-11-14T19:52:49.436+0000] {processor.py:161} INFO - Started process (PID=2056) to work on /home/airflow/.local/lib/python3.12/site-packages/airflow/example_dags/example_latest_only.py
[2024-11-14T19:52:49.438+0000] {processor.py:830} INFO - Processing file /home/airflow/.local/lib/python3.12/site-packages/airflow/example_dags/example_latest_only.py for tasks to queue
[2024-11-14T19:52:49.440+0000] {logging_mixin.py:188} INFO - [2024-11-14T19:52:49.439+0000] {dagbag.py:545} INFO - Filling up the DagBag from /home/airflow/.local/lib/python3.12/site-packages/airflow/example_dags/example_latest_only.py
[2024-11-14T19:52:49.458+0000] {processor.py:840} INFO - DAG(s) 'latest_only' retrieved from /home/airflow/.local/lib/python3.12/site-packages/airflow/example_dags/example_latest_only.py
[2024-11-14T19:52:49.511+0000] {logging_mixin.py:188} INFO - [2024-11-14T19:52:49.511+0000] {dag.py:3089} INFO - Sync 1 DAGs
[2024-11-14T19:52:49.567+0000] {logging_mixin.py:188} INFO - [2024-11-14T19:52:49.566+0000] {dag.py:3947} INFO - Setting next_dagrun for latest_only to 2024-11-14 12:00:00+00:00, run_after=2024-11-14 16:00:00+00:00
[2024-11-14T19:52:49.616+0000] {processor.py:183} INFO - Processing /home/airflow/.local/lib/python3.12/site-packages/airflow/example_dags/example_latest_only.py took 0.195 seconds
[2024-11-14T19:53:20.898+0000] {processor.py:161} INFO - Started process (PID=2118) to work on /home/airflow/.local/lib/python3.12/site-packages/airflow/example_dags/example_latest_only.py
[2024-11-14T19:53:20.900+0000] {processor.py:830} INFO - Processing file /home/airflow/.local/lib/python3.12/site-packages/airflow/example_dags/example_latest_only.py for tasks to queue
[2024-11-14T19:53:20.902+0000] {logging_mixin.py:188} INFO - [2024-11-14T19:53:20.901+0000] {dagbag.py:545} INFO - Filling up the DagBag from /home/airflow/.local/lib/python3.12/site-packages/airflow/example_dags/example_latest_only.py
[2024-11-14T19:53:20.916+0000] {processor.py:840} INFO - DAG(s) 'latest_only' retrieved from /home/airflow/.local/lib/python3.12/site-packages/airflow/example_dags/example_latest_only.py
[2024-11-14T19:53:20.968+0000] {logging_mixin.py:188} INFO - [2024-11-14T19:53:20.968+0000] {dag.py:3089} INFO - Sync 1 DAGs
[2024-11-14T19:53:21.029+0000] {logging_mixin.py:188} INFO - [2024-11-14T19:53:21.028+0000] {dag.py:3947} INFO - Setting next_dagrun for latest_only to 2024-11-14 12:00:00+00:00, run_after=2024-11-14 16:00:00+00:00
[2024-11-14T19:53:21.071+0000] {processor.py:183} INFO - Processing /home/airflow/.local/lib/python3.12/site-packages/airflow/example_dags/example_latest_only.py took 0.190 seconds
[2024-11-14T19:53:51.737+0000] {processor.py:161} INFO - Started process (PID=2177) to work on /home/airflow/.local/lib/python3.12/site-packages/airflow/example_dags/example_latest_only.py
[2024-11-14T19:53:51.739+0000] {processor.py:830} INFO - Processing file /home/airflow/.local/lib/python3.12/site-packages/airflow/example_dags/example_latest_only.py for tasks to queue
[2024-11-14T19:53:51.740+0000] {logging_mixin.py:188} INFO - [2024-11-14T19:53:51.740+0000] {dagbag.py:545} INFO - Filling up the DagBag from /home/airflow/.local/lib/python3.12/site-packages/airflow/example_dags/example_latest_only.py
[2024-11-14T19:53:51.755+0000] {processor.py:840} INFO - DAG(s) 'latest_only' retrieved from /home/airflow/.local/lib/python3.12/site-packages/airflow/example_dags/example_latest_only.py
[2024-11-14T19:53:51.813+0000] {logging_mixin.py:188} INFO - [2024-11-14T19:53:51.813+0000] {dag.py:3089} INFO - Sync 1 DAGs
[2024-11-14T19:53:51.877+0000] {logging_mixin.py:188} INFO - [2024-11-14T19:53:51.877+0000] {dag.py:3947} INFO - Setting next_dagrun for latest_only to 2024-11-14 12:00:00+00:00, run_after=2024-11-14 16:00:00+00:00
[2024-11-14T19:53:51.923+0000] {processor.py:183} INFO - Processing /home/airflow/.local/lib/python3.12/site-packages/airflow/example_dags/example_latest_only.py took 0.199 seconds
[2024-11-14T19:54:22.011+0000] {processor.py:161} INFO - Started process (PID=2235) to work on /home/airflow/.local/lib/python3.12/site-packages/airflow/example_dags/example_latest_only.py
[2024-11-14T19:54:22.013+0000] {processor.py:830} INFO - Processing file /home/airflow/.local/lib/python3.12/site-packages/airflow/example_dags/example_latest_only.py for tasks to queue
[2024-11-14T19:54:22.015+0000] {logging_mixin.py:188} INFO - [2024-11-14T19:54:22.014+0000] {dagbag.py:545} INFO - Filling up the DagBag from /home/airflow/.local/lib/python3.12/site-packages/airflow/example_dags/example_latest_only.py
[2024-11-14T19:54:22.029+0000] {processor.py:840} INFO - DAG(s) 'latest_only' retrieved from /home/airflow/.local/lib/python3.12/site-packages/airflow/example_dags/example_latest_only.py
[2024-11-14T19:54:22.075+0000] {logging_mixin.py:188} INFO - [2024-11-14T19:54:22.074+0000] {dag.py:3089} INFO - Sync 1 DAGs
[2024-11-14T19:54:22.127+0000] {logging_mixin.py:188} INFO - [2024-11-14T19:54:22.127+0000] {dag.py:3947} INFO - Setting next_dagrun for latest_only to 2024-11-14 12:00:00+00:00, run_after=2024-11-14 16:00:00+00:00
[2024-11-14T19:54:22.168+0000] {processor.py:183} INFO - Processing /home/airflow/.local/lib/python3.12/site-packages/airflow/example_dags/example_latest_only.py took 0.173 seconds
[2024-11-14T19:54:52.460+0000] {processor.py:161} INFO - Started process (PID=2295) to work on /home/airflow/.local/lib/python3.12/site-packages/airflow/example_dags/example_latest_only.py
[2024-11-14T19:54:52.462+0000] {processor.py:830} INFO - Processing file /home/airflow/.local/lib/python3.12/site-packages/airflow/example_dags/example_latest_only.py for tasks to queue
[2024-11-14T19:54:52.464+0000] {logging_mixin.py:188} INFO - [2024-11-14T19:54:52.463+0000] {dagbag.py:545} INFO - Filling up the DagBag from /home/airflow/.local/lib/python3.12/site-packages/airflow/example_dags/example_latest_only.py
[2024-11-14T19:54:52.478+0000] {processor.py:840} INFO - DAG(s) 'latest_only' retrieved from /home/airflow/.local/lib/python3.12/site-packages/airflow/example_dags/example_latest_only.py
[2024-11-14T19:54:52.518+0000] {logging_mixin.py:188} INFO - [2024-11-14T19:54:52.517+0000] {dag.py:3089} INFO - Sync 1 DAGs
[2024-11-14T19:54:52.564+0000] {logging_mixin.py:188} INFO - [2024-11-14T19:54:52.563+0000] {dag.py:3947} INFO - Setting next_dagrun for latest_only to 2024-11-14 12:00:00+00:00, run_after=2024-11-14 16:00:00+00:00
[2024-11-14T19:54:52.620+0000] {processor.py:183} INFO - Processing /home/airflow/.local/lib/python3.12/site-packages/airflow/example_dags/example_latest_only.py took 0.176 seconds
[2024-11-14T19:55:23.551+0000] {processor.py:161} INFO - Started process (PID=2355) to work on /home/airflow/.local/lib/python3.12/site-packages/airflow/example_dags/example_latest_only.py
[2024-11-14T19:55:23.553+0000] {processor.py:830} INFO - Processing file /home/airflow/.local/lib/python3.12/site-packages/airflow/example_dags/example_latest_only.py for tasks to queue
[2024-11-14T19:55:23.555+0000] {logging_mixin.py:188} INFO - [2024-11-14T19:55:23.554+0000] {dagbag.py:545} INFO - Filling up the DagBag from /home/airflow/.local/lib/python3.12/site-packages/airflow/example_dags/example_latest_only.py
[2024-11-14T19:55:23.566+0000] {processor.py:840} INFO - DAG(s) 'latest_only' retrieved from /home/airflow/.local/lib/python3.12/site-packages/airflow/example_dags/example_latest_only.py
[2024-11-14T19:55:23.610+0000] {logging_mixin.py:188} INFO - [2024-11-14T19:55:23.609+0000] {dag.py:3089} INFO - Sync 1 DAGs
[2024-11-14T19:55:23.673+0000] {logging_mixin.py:188} INFO - [2024-11-14T19:55:23.672+0000] {dag.py:3947} INFO - Setting next_dagrun for latest_only to 2024-11-14 12:00:00+00:00, run_after=2024-11-14 16:00:00+00:00
[2024-11-14T19:55:23.713+0000] {processor.py:183} INFO - Processing /home/airflow/.local/lib/python3.12/site-packages/airflow/example_dags/example_latest_only.py took 0.177 seconds
[2024-11-14T19:55:54.571+0000] {processor.py:161} INFO - Started process (PID=2415) to work on /home/airflow/.local/lib/python3.12/site-packages/airflow/example_dags/example_latest_only.py
[2024-11-14T19:55:54.573+0000] {processor.py:830} INFO - Processing file /home/airflow/.local/lib/python3.12/site-packages/airflow/example_dags/example_latest_only.py for tasks to queue
[2024-11-14T19:55:54.575+0000] {logging_mixin.py:188} INFO - [2024-11-14T19:55:54.574+0000] {dagbag.py:545} INFO - Filling up the DagBag from /home/airflow/.local/lib/python3.12/site-packages/airflow/example_dags/example_latest_only.py
[2024-11-14T19:55:54.587+0000] {processor.py:840} INFO - DAG(s) 'latest_only' retrieved from /home/airflow/.local/lib/python3.12/site-packages/airflow/example_dags/example_latest_only.py
[2024-11-14T19:55:54.628+0000] {logging_mixin.py:188} INFO - [2024-11-14T19:55:54.627+0000] {dag.py:3089} INFO - Sync 1 DAGs
[2024-11-14T19:55:54.671+0000] {logging_mixin.py:188} INFO - [2024-11-14T19:55:54.671+0000] {dag.py:3947} INFO - Setting next_dagrun for latest_only to 2024-11-14 12:00:00+00:00, run_after=2024-11-14 16:00:00+00:00
[2024-11-14T19:55:54.710+0000] {processor.py:183} INFO - Processing /home/airflow/.local/lib/python3.12/site-packages/airflow/example_dags/example_latest_only.py took 0.159 seconds
[2024-11-14T19:56:25.244+0000] {processor.py:161} INFO - Started process (PID=2475) to work on /home/airflow/.local/lib/python3.12/site-packages/airflow/example_dags/example_latest_only.py
[2024-11-14T19:56:25.246+0000] {processor.py:830} INFO - Processing file /home/airflow/.local/lib/python3.12/site-packages/airflow/example_dags/example_latest_only.py for tasks to queue
[2024-11-14T19:56:25.248+0000] {logging_mixin.py:188} INFO - [2024-11-14T19:56:25.247+0000] {dagbag.py:545} INFO - Filling up the DagBag from /home/airflow/.local/lib/python3.12/site-packages/airflow/example_dags/example_latest_only.py
[2024-11-14T19:56:25.264+0000] {processor.py:840} INFO - DAG(s) 'latest_only' retrieved from /home/airflow/.local/lib/python3.12/site-packages/airflow/example_dags/example_latest_only.py
[2024-11-14T19:56:25.316+0000] {logging_mixin.py:188} INFO - [2024-11-14T19:56:25.316+0000] {dag.py:3089} INFO - Sync 1 DAGs
[2024-11-14T19:56:25.370+0000] {logging_mixin.py:188} INFO - [2024-11-14T19:56:25.369+0000] {dag.py:3947} INFO - Setting next_dagrun for latest_only to 2024-11-14 12:00:00+00:00, run_after=2024-11-14 16:00:00+00:00
[2024-11-14T19:56:25.411+0000] {processor.py:183} INFO - Processing /home/airflow/.local/lib/python3.12/site-packages/airflow/example_dags/example_latest_only.py took 0.186 seconds
[2024-11-14T19:56:56.425+0000] {processor.py:161} INFO - Started process (PID=2535) to work on /home/airflow/.local/lib/python3.12/site-packages/airflow/example_dags/example_latest_only.py
[2024-11-14T19:56:56.429+0000] {processor.py:830} INFO - Processing file /home/airflow/.local/lib/python3.12/site-packages/airflow/example_dags/example_latest_only.py for tasks to queue
[2024-11-14T19:56:56.432+0000] {logging_mixin.py:188} INFO - [2024-11-14T19:56:56.431+0000] {dagbag.py:545} INFO - Filling up the DagBag from /home/airflow/.local/lib/python3.12/site-packages/airflow/example_dags/example_latest_only.py
[2024-11-14T19:56:56.448+0000] {processor.py:840} INFO - DAG(s) 'latest_only' retrieved from /home/airflow/.local/lib/python3.12/site-packages/airflow/example_dags/example_latest_only.py
[2024-11-14T19:56:56.493+0000] {logging_mixin.py:188} INFO - [2024-11-14T19:56:56.492+0000] {dag.py:3089} INFO - Sync 1 DAGs
[2024-11-14T19:56:56.541+0000] {logging_mixin.py:188} INFO - [2024-11-14T19:56:56.540+0000] {dag.py:3947} INFO - Setting next_dagrun for latest_only to 2024-11-14 12:00:00+00:00, run_after=2024-11-14 16:00:00+00:00
[2024-11-14T19:56:56.584+0000] {processor.py:183} INFO - Processing /home/airflow/.local/lib/python3.12/site-packages/airflow/example_dags/example_latest_only.py took 0.181 seconds
[2024-11-14T19:57:27.257+0000] {processor.py:161} INFO - Started process (PID=2595) to work on /home/airflow/.local/lib/python3.12/site-packages/airflow/example_dags/example_latest_only.py
[2024-11-14T19:57:27.258+0000] {processor.py:830} INFO - Processing file /home/airflow/.local/lib/python3.12/site-packages/airflow/example_dags/example_latest_only.py for tasks to queue
[2024-11-14T19:57:27.260+0000] {logging_mixin.py:188} INFO - [2024-11-14T19:57:27.259+0000] {dagbag.py:545} INFO - Filling up the DagBag from /home/airflow/.local/lib/python3.12/site-packages/airflow/example_dags/example_latest_only.py
[2024-11-14T19:57:27.269+0000] {processor.py:840} INFO - DAG(s) 'latest_only' retrieved from /home/airflow/.local/lib/python3.12/site-packages/airflow/example_dags/example_latest_only.py
[2024-11-14T19:57:27.304+0000] {logging_mixin.py:188} INFO - [2024-11-14T19:57:27.303+0000] {dag.py:3089} INFO - Sync 1 DAGs
[2024-11-14T19:57:27.345+0000] {logging_mixin.py:188} INFO - [2024-11-14T19:57:27.344+0000] {dag.py:3947} INFO - Setting next_dagrun for latest_only to 2024-11-14 12:00:00+00:00, run_after=2024-11-14 16:00:00+00:00
[2024-11-14T19:57:27.382+0000] {processor.py:183} INFO - Processing /home/airflow/.local/lib/python3.12/site-packages/airflow/example_dags/example_latest_only.py took 0.137 seconds
[2024-11-14T19:57:57.854+0000] {processor.py:161} INFO - Started process (PID=2654) to work on /home/airflow/.local/lib/python3.12/site-packages/airflow/example_dags/example_latest_only.py
[2024-11-14T19:57:57.857+0000] {processor.py:830} INFO - Processing file /home/airflow/.local/lib/python3.12/site-packages/airflow/example_dags/example_latest_only.py for tasks to queue
[2024-11-14T19:57:57.859+0000] {logging_mixin.py:188} INFO - [2024-11-14T19:57:57.858+0000] {dagbag.py:545} INFO - Filling up the DagBag from /home/airflow/.local/lib/python3.12/site-packages/airflow/example_dags/example_latest_only.py
[2024-11-14T19:57:57.873+0000] {processor.py:840} INFO - DAG(s) 'latest_only' retrieved from /home/airflow/.local/lib/python3.12/site-packages/airflow/example_dags/example_latest_only.py
[2024-11-14T19:57:57.937+0000] {logging_mixin.py:188} INFO - [2024-11-14T19:57:57.937+0000] {dag.py:3089} INFO - Sync 1 DAGs
[2024-11-14T19:57:57.986+0000] {logging_mixin.py:188} INFO - [2024-11-14T19:57:57.986+0000] {dag.py:3947} INFO - Setting next_dagrun for latest_only to 2024-11-14 12:00:00+00:00, run_after=2024-11-14 16:00:00+00:00
[2024-11-14T19:57:58.030+0000] {processor.py:183} INFO - Processing /home/airflow/.local/lib/python3.12/site-packages/airflow/example_dags/example_latest_only.py took 0.201 seconds
[2024-11-14T19:58:28.415+0000] {processor.py:161} INFO - Started process (PID=2714) to work on /home/airflow/.local/lib/python3.12/site-packages/airflow/example_dags/example_latest_only.py
[2024-11-14T19:58:28.418+0000] {processor.py:830} INFO - Processing file /home/airflow/.local/lib/python3.12/site-packages/airflow/example_dags/example_latest_only.py for tasks to queue
[2024-11-14T19:58:28.420+0000] {logging_mixin.py:188} INFO - [2024-11-14T19:58:28.419+0000] {dagbag.py:545} INFO - Filling up the DagBag from /home/airflow/.local/lib/python3.12/site-packages/airflow/example_dags/example_latest_only.py
[2024-11-14T19:58:28.434+0000] {processor.py:840} INFO - DAG(s) 'latest_only' retrieved from /home/airflow/.local/lib/python3.12/site-packages/airflow/example_dags/example_latest_only.py
[2024-11-14T19:58:28.493+0000] {logging_mixin.py:188} INFO - [2024-11-14T19:58:28.492+0000] {dag.py:3089} INFO - Sync 1 DAGs
[2024-11-14T19:58:28.545+0000] {logging_mixin.py:188} INFO - [2024-11-14T19:58:28.544+0000] {dag.py:3947} INFO - Setting next_dagrun for latest_only to 2024-11-14 12:00:00+00:00, run_after=2024-11-14 16:00:00+00:00
[2024-11-14T19:58:28.583+0000] {processor.py:183} INFO - Processing /home/airflow/.local/lib/python3.12/site-packages/airflow/example_dags/example_latest_only.py took 0.181 seconds
[2024-11-14T19:58:59.483+0000] {processor.py:161} INFO - Started process (PID=2775) to work on /home/airflow/.local/lib/python3.12/site-packages/airflow/example_dags/example_latest_only.py
[2024-11-14T19:58:59.486+0000] {processor.py:830} INFO - Processing file /home/airflow/.local/lib/python3.12/site-packages/airflow/example_dags/example_latest_only.py for tasks to queue
[2024-11-14T19:58:59.489+0000] {logging_mixin.py:188} INFO - [2024-11-14T19:58:59.488+0000] {dagbag.py:545} INFO - Filling up the DagBag from /home/airflow/.local/lib/python3.12/site-packages/airflow/example_dags/example_latest_only.py
[2024-11-14T19:58:59.515+0000] {processor.py:840} INFO - DAG(s) 'latest_only' retrieved from /home/airflow/.local/lib/python3.12/site-packages/airflow/example_dags/example_latest_only.py
[2024-11-14T19:58:59.596+0000] {logging_mixin.py:188} INFO - [2024-11-14T19:58:59.596+0000] {dag.py:3089} INFO - Sync 1 DAGs
[2024-11-14T19:58:59.648+0000] {logging_mixin.py:188} INFO - [2024-11-14T19:58:59.648+0000] {dag.py:3947} INFO - Setting next_dagrun for latest_only to 2024-11-14 12:00:00+00:00, run_after=2024-11-14 16:00:00+00:00
[2024-11-14T19:58:59.718+0000] {processor.py:183} INFO - Processing /home/airflow/.local/lib/python3.12/site-packages/airflow/example_dags/example_latest_only.py took 0.260 seconds
[2024-11-14T19:59:30.091+0000] {processor.py:161} INFO - Started process (PID=2835) to work on /home/airflow/.local/lib/python3.12/site-packages/airflow/example_dags/example_latest_only.py
[2024-11-14T19:59:30.093+0000] {processor.py:830} INFO - Processing file /home/airflow/.local/lib/python3.12/site-packages/airflow/example_dags/example_latest_only.py for tasks to queue
[2024-11-14T19:59:30.096+0000] {logging_mixin.py:188} INFO - [2024-11-14T19:59:30.095+0000] {dagbag.py:545} INFO - Filling up the DagBag from /home/airflow/.local/lib/python3.12/site-packages/airflow/example_dags/example_latest_only.py
[2024-11-14T19:59:30.114+0000] {processor.py:840} INFO - DAG(s) 'latest_only' retrieved from /home/airflow/.local/lib/python3.12/site-packages/airflow/example_dags/example_latest_only.py
[2024-11-14T19:59:30.167+0000] {logging_mixin.py:188} INFO - [2024-11-14T19:59:30.167+0000] {dag.py:3089} INFO - Sync 1 DAGs
[2024-11-14T19:59:30.214+0000] {logging_mixin.py:188} INFO - [2024-11-14T19:59:30.214+0000] {dag.py:3947} INFO - Setting next_dagrun for latest_only to 2024-11-14 12:00:00+00:00, run_after=2024-11-14 16:00:00+00:00
[2024-11-14T19:59:30.259+0000] {processor.py:183} INFO - Processing /home/airflow/.local/lib/python3.12/site-packages/airflow/example_dags/example_latest_only.py took 0.187 seconds
[2024-11-14T20:00:00.563+0000] {processor.py:161} INFO - Started process (PID=2895) to work on /home/airflow/.local/lib/python3.12/site-packages/airflow/example_dags/example_latest_only.py
[2024-11-14T20:00:00.567+0000] {processor.py:830} INFO - Processing file /home/airflow/.local/lib/python3.12/site-packages/airflow/example_dags/example_latest_only.py for tasks to queue
[2024-11-14T20:00:00.570+0000] {logging_mixin.py:188} INFO - [2024-11-14T20:00:00.569+0000] {dagbag.py:545} INFO - Filling up the DagBag from /home/airflow/.local/lib/python3.12/site-packages/airflow/example_dags/example_latest_only.py
[2024-11-14T20:00:00.585+0000] {processor.py:840} INFO - DAG(s) 'latest_only' retrieved from /home/airflow/.local/lib/python3.12/site-packages/airflow/example_dags/example_latest_only.py
[2024-11-14T20:00:00.669+0000] {logging_mixin.py:188} INFO - [2024-11-14T20:00:00.668+0000] {dag.py:3089} INFO - Sync 1 DAGs
[2024-11-14T20:00:00.724+0000] {logging_mixin.py:188} INFO - [2024-11-14T20:00:00.724+0000] {dag.py:3947} INFO - Setting next_dagrun for latest_only to 2024-11-14 16:00:00+00:00, run_after=2024-11-14 20:00:00+00:00
[2024-11-14T20:00:00.768+0000] {processor.py:183} INFO - Processing /home/airflow/.local/lib/python3.12/site-packages/airflow/example_dags/example_latest_only.py took 0.235 seconds
[2024-11-14T20:00:31.954+0000] {processor.py:161} INFO - Started process (PID=2955) to work on /home/airflow/.local/lib/python3.12/site-packages/airflow/example_dags/example_latest_only.py
[2024-11-14T20:00:31.958+0000] {processor.py:830} INFO - Processing file /home/airflow/.local/lib/python3.12/site-packages/airflow/example_dags/example_latest_only.py for tasks to queue
[2024-11-14T20:00:31.961+0000] {logging_mixin.py:188} INFO - [2024-11-14T20:00:31.960+0000] {dagbag.py:545} INFO - Filling up the DagBag from /home/airflow/.local/lib/python3.12/site-packages/airflow/example_dags/example_latest_only.py
[2024-11-14T20:00:31.980+0000] {processor.py:840} INFO - DAG(s) 'latest_only' retrieved from /home/airflow/.local/lib/python3.12/site-packages/airflow/example_dags/example_latest_only.py
[2024-11-14T20:00:32.068+0000] {logging_mixin.py:188} INFO - [2024-11-14T20:00:32.067+0000] {dag.py:3089} INFO - Sync 1 DAGs
[2024-11-14T20:00:32.165+0000] {logging_mixin.py:188} INFO - [2024-11-14T20:00:32.164+0000] {dag.py:3947} INFO - Setting next_dagrun for latest_only to 2024-11-14 16:00:00+00:00, run_after=2024-11-14 20:00:00+00:00
[2024-11-14T20:00:32.247+0000] {processor.py:183} INFO - Processing /home/airflow/.local/lib/python3.12/site-packages/airflow/example_dags/example_latest_only.py took 0.316 seconds
[2024-11-14T20:01:02.815+0000] {processor.py:161} INFO - Started process (PID=3014) to work on /home/airflow/.local/lib/python3.12/site-packages/airflow/example_dags/example_latest_only.py
[2024-11-14T20:01:02.823+0000] {processor.py:830} INFO - Processing file /home/airflow/.local/lib/python3.12/site-packages/airflow/example_dags/example_latest_only.py for tasks to queue
[2024-11-14T20:01:02.825+0000] {logging_mixin.py:188} INFO - [2024-11-14T20:01:02.825+0000] {dagbag.py:545} INFO - Filling up the DagBag from /home/airflow/.local/lib/python3.12/site-packages/airflow/example_dags/example_latest_only.py
[2024-11-14T20:01:02.847+0000] {processor.py:840} INFO - DAG(s) 'latest_only' retrieved from /home/airflow/.local/lib/python3.12/site-packages/airflow/example_dags/example_latest_only.py
[2024-11-14T20:01:02.991+0000] {logging_mixin.py:188} INFO - [2024-11-14T20:01:02.990+0000] {dag.py:3089} INFO - Sync 1 DAGs
[2024-11-14T20:01:03.241+0000] {logging_mixin.py:188} INFO - [2024-11-14T20:01:03.239+0000] {dag.py:3947} INFO - Setting next_dagrun for latest_only to 2024-11-14 16:00:00+00:00, run_after=2024-11-14 20:00:00+00:00
[2024-11-14T20:01:03.349+0000] {processor.py:183} INFO - Processing /home/airflow/.local/lib/python3.12/site-packages/airflow/example_dags/example_latest_only.py took 0.562 seconds
[2024-11-14T20:04:32.990+0000] {processor.py:161} INFO - Started process (PID=3064) to work on /home/airflow/.local/lib/python3.12/site-packages/airflow/example_dags/example_latest_only.py
[2024-11-14T20:04:33.015+0000] {processor.py:830} INFO - Processing file /home/airflow/.local/lib/python3.12/site-packages/airflow/example_dags/example_latest_only.py for tasks to queue
[2024-11-14T20:04:33.025+0000] {logging_mixin.py:188} INFO - [2024-11-14T20:04:33.017+0000] {dagbag.py:545} INFO - Filling up the DagBag from /home/airflow/.local/lib/python3.12/site-packages/airflow/example_dags/example_latest_only.py
[2024-11-14T20:04:33.096+0000] {processor.py:840} INFO - DAG(s) 'latest_only' retrieved from /home/airflow/.local/lib/python3.12/site-packages/airflow/example_dags/example_latest_only.py
[2024-11-14T20:04:33.343+0000] {logging_mixin.py:188} INFO - [2024-11-14T20:04:33.341+0000] {dag.py:3089} INFO - Sync 1 DAGs
[2024-11-14T20:04:33.674+0000] {logging_mixin.py:188} INFO - [2024-11-14T20:04:33.674+0000] {dag.py:3947} INFO - Setting next_dagrun for latest_only to 2024-11-14 16:00:00+00:00, run_after=2024-11-14 20:00:00+00:00
[2024-11-14T20:04:33.958+0000] {processor.py:183} INFO - Processing /home/airflow/.local/lib/python3.12/site-packages/airflow/example_dags/example_latest_only.py took 1.146 seconds
