[2024-11-09T12:38:16.400+0000] {processor.py:161} INFO - Started process (PID=88) to work on /home/airflow/.local/lib/python3.12/site-packages/airflow/example_dags/example_branch_datetime_operator.py
[2024-11-09T12:38:16.402+0000] {processor.py:830} INFO - Processing file /home/airflow/.local/lib/python3.12/site-packages/airflow/example_dags/example_branch_datetime_operator.py for tasks to queue
[2024-11-09T12:38:16.416+0000] {logging_mixin.py:188} INFO - [2024-11-09T12:38:16.415+0000] {dagbag.py:545} INFO - Filling up the DagBag from /home/airflow/.local/lib/python3.12/site-packages/airflow/example_dags/example_branch_datetime_operator.py
[2024-11-09T12:38:16.479+0000] {processor.py:840} INFO - DAG(s) 'example_branch_datetime_operator_2', 'example_branch_datetime_operator_3', 'example_branch_datetime_operator' retrieved from /home/airflow/.local/lib/python3.12/site-packages/airflow/example_dags/example_branch_datetime_operator.py
[2024-11-09T12:38:18.231+0000] {logging_mixin.py:188} INFO - [2024-11-09T12:38:18.230+0000] {dag.py:3089} INFO - Sync 3 DAGs
[2024-11-09T12:38:18.999+0000] {logging_mixin.py:188} INFO - [2024-11-09T12:38:18.989+0000] {dag.py:3947} INFO - Setting next_dagrun for example_branch_datetime_operator to 2024-11-08 00:00:00+00:00, run_after=2024-11-09 00:00:00+00:00
[2024-11-09T12:38:19.307+0000] {logging_mixin.py:188} INFO - [2024-11-09T12:38:19.306+0000] {dag.py:3947} INFO - Setting next_dagrun for example_branch_datetime_operator_2 to 2024-11-08 00:00:00+00:00, run_after=2024-11-09 00:00:00+00:00
[2024-11-09T12:38:19.357+0000] {logging_mixin.py:188} INFO - [2024-11-09T12:38:19.356+0000] {dag.py:3947} INFO - Setting next_dagrun for example_branch_datetime_operator_3 to 2024-11-08 00:00:00+00:00, run_after=2024-11-09 00:00:00+00:00
[2024-11-09T12:38:19.578+0000] {processor.py:183} INFO - Processing /home/airflow/.local/lib/python3.12/site-packages/airflow/example_dags/example_branch_datetime_operator.py took 3.211 seconds
[2024-11-09T12:39:41.689+0000] {processor.py:161} INFO - Started process (PID=161) to work on /home/airflow/.local/lib/python3.12/site-packages/airflow/example_dags/example_branch_datetime_operator.py
[2024-11-09T12:39:41.695+0000] {processor.py:830} INFO - Processing file /home/airflow/.local/lib/python3.12/site-packages/airflow/example_dags/example_branch_datetime_operator.py for tasks to queue
[2024-11-09T12:39:41.705+0000] {logging_mixin.py:188} INFO - [2024-11-09T12:39:41.704+0000] {dagbag.py:545} INFO - Filling up the DagBag from /home/airflow/.local/lib/python3.12/site-packages/airflow/example_dags/example_branch_datetime_operator.py
[2024-11-09T12:39:41.758+0000] {processor.py:840} INFO - DAG(s) 'example_branch_datetime_operator_3', 'example_branch_datetime_operator', 'example_branch_datetime_operator_2' retrieved from /home/airflow/.local/lib/python3.12/site-packages/airflow/example_dags/example_branch_datetime_operator.py
[2024-11-09T12:39:41.995+0000] {logging_mixin.py:188} INFO - [2024-11-09T12:39:41.992+0000] {dag.py:3089} INFO - Sync 3 DAGs
[2024-11-09T12:39:42.273+0000] {logging_mixin.py:188} INFO - [2024-11-09T12:39:42.267+0000] {dag.py:3947} INFO - Setting next_dagrun for example_branch_datetime_operator to 2024-11-08 00:00:00+00:00, run_after=2024-11-09 00:00:00+00:00
[2024-11-09T12:39:42.300+0000] {logging_mixin.py:188} INFO - [2024-11-09T12:39:42.299+0000] {dag.py:3947} INFO - Setting next_dagrun for example_branch_datetime_operator_2 to 2024-11-08 00:00:00+00:00, run_after=2024-11-09 00:00:00+00:00
[2024-11-09T12:39:42.323+0000] {logging_mixin.py:188} INFO - [2024-11-09T12:39:42.322+0000] {dag.py:3947} INFO - Setting next_dagrun for example_branch_datetime_operator_3 to 2024-11-08 00:00:00+00:00, run_after=2024-11-09 00:00:00+00:00
[2024-11-09T12:39:42.555+0000] {processor.py:183} INFO - Processing /home/airflow/.local/lib/python3.12/site-packages/airflow/example_dags/example_branch_datetime_operator.py took 0.918 seconds
[2024-11-09T12:40:13.144+0000] {processor.py:161} INFO - Started process (PID=220) to work on /home/airflow/.local/lib/python3.12/site-packages/airflow/example_dags/example_branch_datetime_operator.py
[2024-11-09T12:40:13.148+0000] {processor.py:830} INFO - Processing file /home/airflow/.local/lib/python3.12/site-packages/airflow/example_dags/example_branch_datetime_operator.py for tasks to queue
[2024-11-09T12:40:13.168+0000] {logging_mixin.py:188} INFO - [2024-11-09T12:40:13.166+0000] {dagbag.py:545} INFO - Filling up the DagBag from /home/airflow/.local/lib/python3.12/site-packages/airflow/example_dags/example_branch_datetime_operator.py
[2024-11-09T12:40:13.258+0000] {processor.py:840} INFO - DAG(s) 'example_branch_datetime_operator_2', 'example_branch_datetime_operator', 'example_branch_datetime_operator_3' retrieved from /home/airflow/.local/lib/python3.12/site-packages/airflow/example_dags/example_branch_datetime_operator.py
[2024-11-09T12:40:13.573+0000] {logging_mixin.py:188} INFO - [2024-11-09T12:40:13.572+0000] {dag.py:3089} INFO - Sync 3 DAGs
[2024-11-09T12:40:13.807+0000] {logging_mixin.py:188} INFO - [2024-11-09T12:40:13.807+0000] {dag.py:3947} INFO - Setting next_dagrun for example_branch_datetime_operator to 2024-11-08 00:00:00+00:00, run_after=2024-11-09 00:00:00+00:00
[2024-11-09T12:40:13.846+0000] {logging_mixin.py:188} INFO - [2024-11-09T12:40:13.845+0000] {dag.py:3947} INFO - Setting next_dagrun for example_branch_datetime_operator_2 to 2024-11-08 00:00:00+00:00, run_after=2024-11-09 00:00:00+00:00
[2024-11-09T12:40:13.865+0000] {logging_mixin.py:188} INFO - [2024-11-09T12:40:13.864+0000] {dag.py:3947} INFO - Setting next_dagrun for example_branch_datetime_operator_3 to 2024-11-08 00:00:00+00:00, run_after=2024-11-09 00:00:00+00:00
[2024-11-09T12:40:13.960+0000] {processor.py:183} INFO - Processing /home/airflow/.local/lib/python3.12/site-packages/airflow/example_dags/example_branch_datetime_operator.py took 0.868 seconds
[2024-11-09T12:41:27.958+0000] {processor.py:161} INFO - Started process (PID=291) to work on /home/airflow/.local/lib/python3.12/site-packages/airflow/example_dags/example_branch_datetime_operator.py
[2024-11-09T12:41:28.025+0000] {processor.py:830} INFO - Processing file /home/airflow/.local/lib/python3.12/site-packages/airflow/example_dags/example_branch_datetime_operator.py for tasks to queue
[2024-11-09T12:41:28.140+0000] {logging_mixin.py:188} INFO - [2024-11-09T12:41:28.137+0000] {dagbag.py:545} INFO - Filling up the DagBag from /home/airflow/.local/lib/python3.12/site-packages/airflow/example_dags/example_branch_datetime_operator.py
[2024-11-09T12:41:28.490+0000] {processor.py:840} INFO - DAG(s) 'example_branch_datetime_operator_2', 'example_branch_datetime_operator_3', 'example_branch_datetime_operator' retrieved from /home/airflow/.local/lib/python3.12/site-packages/airflow/example_dags/example_branch_datetime_operator.py
[2024-11-09T12:41:28.865+0000] {logging_mixin.py:188} INFO - [2024-11-09T12:41:28.864+0000] {dag.py:3089} INFO - Sync 3 DAGs
[2024-11-09T12:41:29.129+0000] {logging_mixin.py:188} INFO - [2024-11-09T12:41:29.126+0000] {dag.py:3947} INFO - Setting next_dagrun for example_branch_datetime_operator to 2024-11-08 00:00:00+00:00, run_after=2024-11-09 00:00:00+00:00
[2024-11-09T12:41:29.154+0000] {logging_mixin.py:188} INFO - [2024-11-09T12:41:29.153+0000] {dag.py:3947} INFO - Setting next_dagrun for example_branch_datetime_operator_2 to 2024-11-08 00:00:00+00:00, run_after=2024-11-09 00:00:00+00:00
[2024-11-09T12:41:29.165+0000] {logging_mixin.py:188} INFO - [2024-11-09T12:41:29.163+0000] {dag.py:3947} INFO - Setting next_dagrun for example_branch_datetime_operator_3 to 2024-11-08 00:00:00+00:00, run_after=2024-11-09 00:00:00+00:00
[2024-11-09T12:41:29.374+0000] {processor.py:183} INFO - Processing /home/airflow/.local/lib/python3.12/site-packages/airflow/example_dags/example_branch_datetime_operator.py took 1.604 seconds
[2024-11-09T12:41:59.593+0000] {processor.py:161} INFO - Started process (PID=350) to work on /home/airflow/.local/lib/python3.12/site-packages/airflow/example_dags/example_branch_datetime_operator.py
[2024-11-09T12:41:59.596+0000] {processor.py:830} INFO - Processing file /home/airflow/.local/lib/python3.12/site-packages/airflow/example_dags/example_branch_datetime_operator.py for tasks to queue
[2024-11-09T12:41:59.602+0000] {logging_mixin.py:188} INFO - [2024-11-09T12:41:59.601+0000] {dagbag.py:545} INFO - Filling up the DagBag from /home/airflow/.local/lib/python3.12/site-packages/airflow/example_dags/example_branch_datetime_operator.py
[2024-11-09T12:41:59.624+0000] {processor.py:840} INFO - DAG(s) 'example_branch_datetime_operator_2', 'example_branch_datetime_operator_3', 'example_branch_datetime_operator' retrieved from /home/airflow/.local/lib/python3.12/site-packages/airflow/example_dags/example_branch_datetime_operator.py
[2024-11-09T12:41:59.696+0000] {logging_mixin.py:188} INFO - [2024-11-09T12:41:59.696+0000] {dag.py:3089} INFO - Sync 3 DAGs
[2024-11-09T12:41:59.751+0000] {logging_mixin.py:188} INFO - [2024-11-09T12:41:59.751+0000] {dag.py:3947} INFO - Setting next_dagrun for example_branch_datetime_operator to 2024-11-08 00:00:00+00:00, run_after=2024-11-09 00:00:00+00:00
[2024-11-09T12:41:59.763+0000] {logging_mixin.py:188} INFO - [2024-11-09T12:41:59.762+0000] {dag.py:3947} INFO - Setting next_dagrun for example_branch_datetime_operator_2 to 2024-11-08 00:00:00+00:00, run_after=2024-11-09 00:00:00+00:00
[2024-11-09T12:41:59.768+0000] {logging_mixin.py:188} INFO - [2024-11-09T12:41:59.767+0000] {dag.py:3947} INFO - Setting next_dagrun for example_branch_datetime_operator_3 to 2024-11-08 00:00:00+00:00, run_after=2024-11-09 00:00:00+00:00
[2024-11-09T12:41:59.812+0000] {processor.py:183} INFO - Processing /home/airflow/.local/lib/python3.12/site-packages/airflow/example_dags/example_branch_datetime_operator.py took 0.232 seconds
[2024-11-09T12:42:30.674+0000] {processor.py:161} INFO - Started process (PID=410) to work on /home/airflow/.local/lib/python3.12/site-packages/airflow/example_dags/example_branch_datetime_operator.py
[2024-11-09T12:42:30.678+0000] {processor.py:830} INFO - Processing file /home/airflow/.local/lib/python3.12/site-packages/airflow/example_dags/example_branch_datetime_operator.py for tasks to queue
[2024-11-09T12:42:30.689+0000] {logging_mixin.py:188} INFO - [2024-11-09T12:42:30.687+0000] {dagbag.py:545} INFO - Filling up the DagBag from /home/airflow/.local/lib/python3.12/site-packages/airflow/example_dags/example_branch_datetime_operator.py
[2024-11-09T12:42:30.756+0000] {processor.py:840} INFO - DAG(s) 'example_branch_datetime_operator_2', 'example_branch_datetime_operator_3', 'example_branch_datetime_operator' retrieved from /home/airflow/.local/lib/python3.12/site-packages/airflow/example_dags/example_branch_datetime_operator.py
[2024-11-09T12:42:31.208+0000] {logging_mixin.py:188} INFO - [2024-11-09T12:42:31.206+0000] {dag.py:3089} INFO - Sync 3 DAGs
[2024-11-09T12:42:31.495+0000] {logging_mixin.py:188} INFO - [2024-11-09T12:42:31.492+0000] {dag.py:3947} INFO - Setting next_dagrun for example_branch_datetime_operator to 2024-11-08 00:00:00+00:00, run_after=2024-11-09 00:00:00+00:00
[2024-11-09T12:42:31.532+0000] {logging_mixin.py:188} INFO - [2024-11-09T12:42:31.528+0000] {dag.py:3947} INFO - Setting next_dagrun for example_branch_datetime_operator_2 to 2024-11-08 00:00:00+00:00, run_after=2024-11-09 00:00:00+00:00
[2024-11-09T12:42:31.541+0000] {logging_mixin.py:188} INFO - [2024-11-09T12:42:31.541+0000] {dag.py:3947} INFO - Setting next_dagrun for example_branch_datetime_operator_3 to 2024-11-08 00:00:00+00:00, run_after=2024-11-09 00:00:00+00:00
[2024-11-09T12:42:31.674+0000] {processor.py:183} INFO - Processing /home/airflow/.local/lib/python3.12/site-packages/airflow/example_dags/example_branch_datetime_operator.py took 1.029 seconds
[2024-11-09T12:43:02.043+0000] {processor.py:161} INFO - Started process (PID=470) to work on /home/airflow/.local/lib/python3.12/site-packages/airflow/example_dags/example_branch_datetime_operator.py
[2024-11-09T12:43:02.046+0000] {processor.py:830} INFO - Processing file /home/airflow/.local/lib/python3.12/site-packages/airflow/example_dags/example_branch_datetime_operator.py for tasks to queue
[2024-11-09T12:43:02.053+0000] {logging_mixin.py:188} INFO - [2024-11-09T12:43:02.051+0000] {dagbag.py:545} INFO - Filling up the DagBag from /home/airflow/.local/lib/python3.12/site-packages/airflow/example_dags/example_branch_datetime_operator.py
[2024-11-09T12:43:02.095+0000] {processor.py:840} INFO - DAG(s) 'example_branch_datetime_operator_3', 'example_branch_datetime_operator_2', 'example_branch_datetime_operator' retrieved from /home/airflow/.local/lib/python3.12/site-packages/airflow/example_dags/example_branch_datetime_operator.py
[2024-11-09T12:43:02.192+0000] {logging_mixin.py:188} INFO - [2024-11-09T12:43:02.192+0000] {dag.py:3089} INFO - Sync 3 DAGs
[2024-11-09T12:43:02.290+0000] {logging_mixin.py:188} INFO - [2024-11-09T12:43:02.290+0000] {dag.py:3947} INFO - Setting next_dagrun for example_branch_datetime_operator to 2024-11-08 00:00:00+00:00, run_after=2024-11-09 00:00:00+00:00
[2024-11-09T12:43:02.325+0000] {logging_mixin.py:188} INFO - [2024-11-09T12:43:02.324+0000] {dag.py:3947} INFO - Setting next_dagrun for example_branch_datetime_operator_2 to 2024-11-08 00:00:00+00:00, run_after=2024-11-09 00:00:00+00:00
[2024-11-09T12:43:02.351+0000] {logging_mixin.py:188} INFO - [2024-11-09T12:43:02.347+0000] {dag.py:3947} INFO - Setting next_dagrun for example_branch_datetime_operator_3 to 2024-11-08 00:00:00+00:00, run_after=2024-11-09 00:00:00+00:00
[2024-11-09T12:43:02.453+0000] {processor.py:183} INFO - Processing /home/airflow/.local/lib/python3.12/site-packages/airflow/example_dags/example_branch_datetime_operator.py took 0.446 seconds
[2024-11-09T12:43:33.923+0000] {processor.py:161} INFO - Started process (PID=530) to work on /home/airflow/.local/lib/python3.12/site-packages/airflow/example_dags/example_branch_datetime_operator.py
[2024-11-09T12:43:33.927+0000] {processor.py:830} INFO - Processing file /home/airflow/.local/lib/python3.12/site-packages/airflow/example_dags/example_branch_datetime_operator.py for tasks to queue
[2024-11-09T12:43:33.935+0000] {logging_mixin.py:188} INFO - [2024-11-09T12:43:33.935+0000] {dagbag.py:545} INFO - Filling up the DagBag from /home/airflow/.local/lib/python3.12/site-packages/airflow/example_dags/example_branch_datetime_operator.py
[2024-11-09T12:43:34.002+0000] {processor.py:840} INFO - DAG(s) 'example_branch_datetime_operator_2', 'example_branch_datetime_operator_3', 'example_branch_datetime_operator' retrieved from /home/airflow/.local/lib/python3.12/site-packages/airflow/example_dags/example_branch_datetime_operator.py
[2024-11-09T12:43:34.118+0000] {logging_mixin.py:188} INFO - [2024-11-09T12:43:34.118+0000] {dag.py:3089} INFO - Sync 3 DAGs
[2024-11-09T12:43:34.222+0000] {logging_mixin.py:188} INFO - [2024-11-09T12:43:34.222+0000] {dag.py:3947} INFO - Setting next_dagrun for example_branch_datetime_operator to 2024-11-08 00:00:00+00:00, run_after=2024-11-09 00:00:00+00:00
[2024-11-09T12:43:34.245+0000] {logging_mixin.py:188} INFO - [2024-11-09T12:43:34.244+0000] {dag.py:3947} INFO - Setting next_dagrun for example_branch_datetime_operator_2 to 2024-11-08 00:00:00+00:00, run_after=2024-11-09 00:00:00+00:00
[2024-11-09T12:43:34.255+0000] {logging_mixin.py:188} INFO - [2024-11-09T12:43:34.254+0000] {dag.py:3947} INFO - Setting next_dagrun for example_branch_datetime_operator_3 to 2024-11-08 00:00:00+00:00, run_after=2024-11-09 00:00:00+00:00
[2024-11-09T12:43:34.322+0000] {processor.py:183} INFO - Processing /home/airflow/.local/lib/python3.12/site-packages/airflow/example_dags/example_branch_datetime_operator.py took 0.453 seconds
[2024-11-09T12:44:13.971+0000] {processor.py:161} INFO - Started process (PID=588) to work on /home/airflow/.local/lib/python3.12/site-packages/airflow/example_dags/example_branch_datetime_operator.py
[2024-11-09T12:44:13.974+0000] {processor.py:830} INFO - Processing file /home/airflow/.local/lib/python3.12/site-packages/airflow/example_dags/example_branch_datetime_operator.py for tasks to queue
[2024-11-09T12:44:13.982+0000] {logging_mixin.py:188} INFO - [2024-11-09T12:44:13.980+0000] {dagbag.py:545} INFO - Filling up the DagBag from /home/airflow/.local/lib/python3.12/site-packages/airflow/example_dags/example_branch_datetime_operator.py
[2024-11-09T12:44:14.041+0000] {processor.py:840} INFO - DAG(s) 'example_branch_datetime_operator_2', 'example_branch_datetime_operator_3', 'example_branch_datetime_operator' retrieved from /home/airflow/.local/lib/python3.12/site-packages/airflow/example_dags/example_branch_datetime_operator.py
[2024-11-09T12:44:14.124+0000] {logging_mixin.py:188} INFO - [2024-11-09T12:44:14.124+0000] {dag.py:3089} INFO - Sync 3 DAGs
[2024-11-09T12:44:14.208+0000] {logging_mixin.py:188} INFO - [2024-11-09T12:44:14.207+0000] {dag.py:3947} INFO - Setting next_dagrun for example_branch_datetime_operator to 2024-11-08 00:00:00+00:00, run_after=2024-11-09 00:00:00+00:00
[2024-11-09T12:44:14.222+0000] {logging_mixin.py:188} INFO - [2024-11-09T12:44:14.221+0000] {dag.py:3947} INFO - Setting next_dagrun for example_branch_datetime_operator_2 to 2024-11-08 00:00:00+00:00, run_after=2024-11-09 00:00:00+00:00
[2024-11-09T12:44:14.227+0000] {logging_mixin.py:188} INFO - [2024-11-09T12:44:14.226+0000] {dag.py:3947} INFO - Setting next_dagrun for example_branch_datetime_operator_3 to 2024-11-08 00:00:00+00:00, run_after=2024-11-09 00:00:00+00:00
[2024-11-09T12:44:14.282+0000] {processor.py:183} INFO - Processing /home/airflow/.local/lib/python3.12/site-packages/airflow/example_dags/example_branch_datetime_operator.py took 0.331 seconds
[2024-11-09T12:44:58.872+0000] {processor.py:161} INFO - Started process (PID=655) to work on /home/airflow/.local/lib/python3.12/site-packages/airflow/example_dags/example_branch_datetime_operator.py
[2024-11-09T12:44:58.879+0000] {processor.py:830} INFO - Processing file /home/airflow/.local/lib/python3.12/site-packages/airflow/example_dags/example_branch_datetime_operator.py for tasks to queue
[2024-11-09T12:44:58.892+0000] {logging_mixin.py:188} INFO - [2024-11-09T12:44:58.891+0000] {dagbag.py:545} INFO - Filling up the DagBag from /home/airflow/.local/lib/python3.12/site-packages/airflow/example_dags/example_branch_datetime_operator.py
[2024-11-09T12:44:58.946+0000] {processor.py:840} INFO - DAG(s) 'example_branch_datetime_operator_2', 'example_branch_datetime_operator', 'example_branch_datetime_operator_3' retrieved from /home/airflow/.local/lib/python3.12/site-packages/airflow/example_dags/example_branch_datetime_operator.py
[2024-11-09T12:44:59.089+0000] {logging_mixin.py:188} INFO - [2024-11-09T12:44:59.087+0000] {dag.py:3089} INFO - Sync 3 DAGs
[2024-11-09T12:44:59.286+0000] {logging_mixin.py:188} INFO - [2024-11-09T12:44:59.285+0000] {dag.py:3947} INFO - Setting next_dagrun for example_branch_datetime_operator to 2024-11-08 00:00:00+00:00, run_after=2024-11-09 00:00:00+00:00
[2024-11-09T12:44:59.348+0000] {logging_mixin.py:188} INFO - [2024-11-09T12:44:59.347+0000] {dag.py:3947} INFO - Setting next_dagrun for example_branch_datetime_operator_2 to 2024-11-08 00:00:00+00:00, run_after=2024-11-09 00:00:00+00:00
[2024-11-09T12:44:59.387+0000] {logging_mixin.py:188} INFO - [2024-11-09T12:44:59.386+0000] {dag.py:3947} INFO - Setting next_dagrun for example_branch_datetime_operator_3 to 2024-11-08 00:00:00+00:00, run_after=2024-11-09 00:00:00+00:00
[2024-11-09T12:44:59.616+0000] {processor.py:183} INFO - Processing /home/airflow/.local/lib/python3.12/site-packages/airflow/example_dags/example_branch_datetime_operator.py took 0.779 seconds
