[2024-11-09T12:38:07.205+0000] {processor.py:161} INFO - Started process (PID=83) to work on /home/airflow/.local/lib/python3.12/site-packages/airflow/example_dags/example_setup_teardown_taskflow.py
[2024-11-09T12:38:07.300+0000] {processor.py:830} INFO - Processing file /home/airflow/.local/lib/python3.12/site-packages/airflow/example_dags/example_setup_teardown_taskflow.py for tasks to queue
[2024-11-09T12:38:07.359+0000] {logging_mixin.py:188} INFO - [2024-11-09T12:38:07.340+0000] {dagbag.py:545} INFO - Filling up the DagBag from /home/airflow/.local/lib/python3.12/site-packages/airflow/example_dags/example_setup_teardown_taskflow.py
[2024-11-09T12:38:07.481+0000] {processor.py:840} INFO - DAG(s) 'example_setup_teardown_taskflow' retrieved from /home/airflow/.local/lib/python3.12/site-packages/airflow/example_dags/example_setup_teardown_taskflow.py
[2024-11-09T12:38:10.375+0000] {logging_mixin.py:188} INFO - [2024-11-09T12:38:10.374+0000] {dag.py:3089} INFO - Sync 1 DAGs
[2024-11-09T12:38:10.573+0000] {logging_mixin.py:188} INFO - [2024-11-09T12:38:10.559+0000] {dag.py:3947} INFO - Setting next_dagrun for example_setup_teardown_taskflow to 2024-11-08 00:00:00+00:00, run_after=2024-11-09 00:00:00+00:00
[2024-11-09T12:38:10.826+0000] {processor.py:183} INFO - Processing /home/airflow/.local/lib/python3.12/site-packages/airflow/example_dags/example_setup_teardown_taskflow.py took 3.679 seconds
[2024-11-09T12:39:39.144+0000] {processor.py:161} INFO - Started process (PID=156) to work on /home/airflow/.local/lib/python3.12/site-packages/airflow/example_dags/example_setup_teardown_taskflow.py
[2024-11-09T12:39:39.147+0000] {processor.py:830} INFO - Processing file /home/airflow/.local/lib/python3.12/site-packages/airflow/example_dags/example_setup_teardown_taskflow.py for tasks to queue
[2024-11-09T12:39:39.157+0000] {logging_mixin.py:188} INFO - [2024-11-09T12:39:39.156+0000] {dagbag.py:545} INFO - Filling up the DagBag from /home/airflow/.local/lib/python3.12/site-packages/airflow/example_dags/example_setup_teardown_taskflow.py
[2024-11-09T12:39:39.214+0000] {processor.py:840} INFO - DAG(s) 'example_setup_teardown_taskflow' retrieved from /home/airflow/.local/lib/python3.12/site-packages/airflow/example_dags/example_setup_teardown_taskflow.py
[2024-11-09T12:39:39.394+0000] {logging_mixin.py:188} INFO - [2024-11-09T12:39:39.394+0000] {dag.py:3089} INFO - Sync 1 DAGs
[2024-11-09T12:39:39.525+0000] {logging_mixin.py:188} INFO - [2024-11-09T12:39:39.524+0000] {dag.py:3947} INFO - Setting next_dagrun for example_setup_teardown_taskflow to 2024-11-08 00:00:00+00:00, run_after=2024-11-09 00:00:00+00:00
[2024-11-09T12:39:39.605+0000] {processor.py:183} INFO - Processing /home/airflow/.local/lib/python3.12/site-packages/airflow/example_dags/example_setup_teardown_taskflow.py took 0.501 seconds
[2024-11-09T12:40:10.159+0000] {processor.py:161} INFO - Started process (PID=214) to work on /home/airflow/.local/lib/python3.12/site-packages/airflow/example_dags/example_setup_teardown_taskflow.py
[2024-11-09T12:40:10.163+0000] {processor.py:830} INFO - Processing file /home/airflow/.local/lib/python3.12/site-packages/airflow/example_dags/example_setup_teardown_taskflow.py for tasks to queue
[2024-11-09T12:40:10.174+0000] {logging_mixin.py:188} INFO - [2024-11-09T12:40:10.173+0000] {dagbag.py:545} INFO - Filling up the DagBag from /home/airflow/.local/lib/python3.12/site-packages/airflow/example_dags/example_setup_teardown_taskflow.py
[2024-11-09T12:40:10.241+0000] {processor.py:840} INFO - DAG(s) 'example_setup_teardown_taskflow' retrieved from /home/airflow/.local/lib/python3.12/site-packages/airflow/example_dags/example_setup_teardown_taskflow.py
[2024-11-09T12:40:10.497+0000] {logging_mixin.py:188} INFO - [2024-11-09T12:40:10.496+0000] {dag.py:3089} INFO - Sync 1 DAGs
[2024-11-09T12:40:10.707+0000] {logging_mixin.py:188} INFO - [2024-11-09T12:40:10.706+0000] {dag.py:3947} INFO - Setting next_dagrun for example_setup_teardown_taskflow to 2024-11-08 00:00:00+00:00, run_after=2024-11-09 00:00:00+00:00
[2024-11-09T12:40:10.889+0000] {processor.py:183} INFO - Processing /home/airflow/.local/lib/python3.12/site-packages/airflow/example_dags/example_setup_teardown_taskflow.py took 0.779 seconds
[2024-11-09T12:41:19.456+0000] {processor.py:161} INFO - Started process (PID=280) to work on /home/airflow/.local/lib/python3.12/site-packages/airflow/example_dags/example_setup_teardown_taskflow.py
[2024-11-09T12:41:19.460+0000] {processor.py:830} INFO - Processing file /home/airflow/.local/lib/python3.12/site-packages/airflow/example_dags/example_setup_teardown_taskflow.py for tasks to queue
[2024-11-09T12:41:19.468+0000] {logging_mixin.py:188} INFO - [2024-11-09T12:41:19.467+0000] {dagbag.py:545} INFO - Filling up the DagBag from /home/airflow/.local/lib/python3.12/site-packages/airflow/example_dags/example_setup_teardown_taskflow.py
[2024-11-09T12:41:19.517+0000] {processor.py:840} INFO - DAG(s) 'example_setup_teardown_taskflow' retrieved from /home/airflow/.local/lib/python3.12/site-packages/airflow/example_dags/example_setup_teardown_taskflow.py
[2024-11-09T12:41:19.724+0000] {logging_mixin.py:188} INFO - [2024-11-09T12:41:19.702+0000] {dag.py:3089} INFO - Sync 1 DAGs
[2024-11-09T12:41:21.143+0000] {logging_mixin.py:188} INFO - [2024-11-09T12:41:21.141+0000] {dag.py:3947} INFO - Setting next_dagrun for example_setup_teardown_taskflow to 2024-11-08 00:00:00+00:00, run_after=2024-11-09 00:00:00+00:00
[2024-11-09T12:41:21.654+0000] {processor.py:183} INFO - Processing /home/airflow/.local/lib/python3.12/site-packages/airflow/example_dags/example_setup_teardown_taskflow.py took 2.221 seconds
[2024-11-09T12:41:51.926+0000] {processor.py:161} INFO - Started process (PID=339) to work on /home/airflow/.local/lib/python3.12/site-packages/airflow/example_dags/example_setup_teardown_taskflow.py
[2024-11-09T12:41:51.928+0000] {processor.py:830} INFO - Processing file /home/airflow/.local/lib/python3.12/site-packages/airflow/example_dags/example_setup_teardown_taskflow.py for tasks to queue
[2024-11-09T12:41:51.934+0000] {logging_mixin.py:188} INFO - [2024-11-09T12:41:51.932+0000] {dagbag.py:545} INFO - Filling up the DagBag from /home/airflow/.local/lib/python3.12/site-packages/airflow/example_dags/example_setup_teardown_taskflow.py
[2024-11-09T12:41:51.957+0000] {processor.py:840} INFO - DAG(s) 'example_setup_teardown_taskflow' retrieved from /home/airflow/.local/lib/python3.12/site-packages/airflow/example_dags/example_setup_teardown_taskflow.py
[2024-11-09T12:41:52.020+0000] {logging_mixin.py:188} INFO - [2024-11-09T12:41:52.016+0000] {dag.py:3089} INFO - Sync 1 DAGs
[2024-11-09T12:41:52.101+0000] {logging_mixin.py:188} INFO - [2024-11-09T12:41:52.100+0000] {dag.py:3947} INFO - Setting next_dagrun for example_setup_teardown_taskflow to 2024-11-08 00:00:00+00:00, run_after=2024-11-09 00:00:00+00:00
[2024-11-09T12:41:52.171+0000] {processor.py:183} INFO - Processing /home/airflow/.local/lib/python3.12/site-packages/airflow/example_dags/example_setup_teardown_taskflow.py took 0.262 seconds
[2024-11-09T12:42:22.289+0000] {processor.py:161} INFO - Started process (PID=398) to work on /home/airflow/.local/lib/python3.12/site-packages/airflow/example_dags/example_setup_teardown_taskflow.py
[2024-11-09T12:42:22.292+0000] {processor.py:830} INFO - Processing file /home/airflow/.local/lib/python3.12/site-packages/airflow/example_dags/example_setup_teardown_taskflow.py for tasks to queue
[2024-11-09T12:42:22.299+0000] {logging_mixin.py:188} INFO - [2024-11-09T12:42:22.298+0000] {dagbag.py:545} INFO - Filling up the DagBag from /home/airflow/.local/lib/python3.12/site-packages/airflow/example_dags/example_setup_teardown_taskflow.py
[2024-11-09T12:42:22.428+0000] {processor.py:840} INFO - DAG(s) 'example_setup_teardown_taskflow' retrieved from /home/airflow/.local/lib/python3.12/site-packages/airflow/example_dags/example_setup_teardown_taskflow.py
[2024-11-09T12:42:22.858+0000] {logging_mixin.py:188} INFO - [2024-11-09T12:42:22.857+0000] {dag.py:3089} INFO - Sync 1 DAGs
[2024-11-09T12:42:23.211+0000] {logging_mixin.py:188} INFO - [2024-11-09T12:42:23.197+0000] {dag.py:3947} INFO - Setting next_dagrun for example_setup_teardown_taskflow to 2024-11-08 00:00:00+00:00, run_after=2024-11-09 00:00:00+00:00
[2024-11-09T12:42:23.542+0000] {processor.py:183} INFO - Processing /home/airflow/.local/lib/python3.12/site-packages/airflow/example_dags/example_setup_teardown_taskflow.py took 1.278 seconds
[2024-11-09T12:42:54.005+0000] {processor.py:161} INFO - Started process (PID=458) to work on /home/airflow/.local/lib/python3.12/site-packages/airflow/example_dags/example_setup_teardown_taskflow.py
[2024-11-09T12:42:54.007+0000] {processor.py:830} INFO - Processing file /home/airflow/.local/lib/python3.12/site-packages/airflow/example_dags/example_setup_teardown_taskflow.py for tasks to queue
[2024-11-09T12:42:54.013+0000] {logging_mixin.py:188} INFO - [2024-11-09T12:42:54.012+0000] {dagbag.py:545} INFO - Filling up the DagBag from /home/airflow/.local/lib/python3.12/site-packages/airflow/example_dags/example_setup_teardown_taskflow.py
[2024-11-09T12:42:54.035+0000] {processor.py:840} INFO - DAG(s) 'example_setup_teardown_taskflow' retrieved from /home/airflow/.local/lib/python3.12/site-packages/airflow/example_dags/example_setup_teardown_taskflow.py
[2024-11-09T12:42:54.096+0000] {logging_mixin.py:188} INFO - [2024-11-09T12:42:54.096+0000] {dag.py:3089} INFO - Sync 1 DAGs
[2024-11-09T12:42:54.151+0000] {logging_mixin.py:188} INFO - [2024-11-09T12:42:54.151+0000] {dag.py:3947} INFO - Setting next_dagrun for example_setup_teardown_taskflow to 2024-11-08 00:00:00+00:00, run_after=2024-11-09 00:00:00+00:00
[2024-11-09T12:42:54.199+0000] {processor.py:183} INFO - Processing /home/airflow/.local/lib/python3.12/site-packages/airflow/example_dags/example_setup_teardown_taskflow.py took 0.212 seconds
[2024-11-09T12:43:24.860+0000] {processor.py:161} INFO - Started process (PID=518) to work on /home/airflow/.local/lib/python3.12/site-packages/airflow/example_dags/example_setup_teardown_taskflow.py
[2024-11-09T12:43:24.863+0000] {processor.py:830} INFO - Processing file /home/airflow/.local/lib/python3.12/site-packages/airflow/example_dags/example_setup_teardown_taskflow.py for tasks to queue
[2024-11-09T12:43:24.872+0000] {logging_mixin.py:188} INFO - [2024-11-09T12:43:24.870+0000] {dagbag.py:545} INFO - Filling up the DagBag from /home/airflow/.local/lib/python3.12/site-packages/airflow/example_dags/example_setup_teardown_taskflow.py
[2024-11-09T12:43:24.912+0000] {processor.py:840} INFO - DAG(s) 'example_setup_teardown_taskflow' retrieved from /home/airflow/.local/lib/python3.12/site-packages/airflow/example_dags/example_setup_teardown_taskflow.py
[2024-11-09T12:43:24.978+0000] {logging_mixin.py:188} INFO - [2024-11-09T12:43:24.978+0000] {dag.py:3089} INFO - Sync 1 DAGs
[2024-11-09T12:43:25.046+0000] {logging_mixin.py:188} INFO - [2024-11-09T12:43:25.045+0000] {dag.py:3947} INFO - Setting next_dagrun for example_setup_teardown_taskflow to 2024-11-08 00:00:00+00:00, run_after=2024-11-09 00:00:00+00:00
[2024-11-09T12:43:25.098+0000] {processor.py:183} INFO - Processing /home/airflow/.local/lib/python3.12/site-packages/airflow/example_dags/example_setup_teardown_taskflow.py took 0.273 seconds
[2024-11-09T12:44:07.657+0000] {processor.py:161} INFO - Started process (PID=583) to work on /home/airflow/.local/lib/python3.12/site-packages/airflow/example_dags/example_setup_teardown_taskflow.py
[2024-11-09T12:44:07.662+0000] {processor.py:830} INFO - Processing file /home/airflow/.local/lib/python3.12/site-packages/airflow/example_dags/example_setup_teardown_taskflow.py for tasks to queue
[2024-11-09T12:44:07.672+0000] {logging_mixin.py:188} INFO - [2024-11-09T12:44:07.670+0000] {dagbag.py:545} INFO - Filling up the DagBag from /home/airflow/.local/lib/python3.12/site-packages/airflow/example_dags/example_setup_teardown_taskflow.py
[2024-11-09T12:44:07.737+0000] {processor.py:840} INFO - DAG(s) 'example_setup_teardown_taskflow' retrieved from /home/airflow/.local/lib/python3.12/site-packages/airflow/example_dags/example_setup_teardown_taskflow.py
[2024-11-09T12:44:07.896+0000] {logging_mixin.py:188} INFO - [2024-11-09T12:44:07.895+0000] {dag.py:3089} INFO - Sync 1 DAGs
[2024-11-09T12:44:08.733+0000] {logging_mixin.py:188} INFO - [2024-11-09T12:44:08.719+0000] {dag.py:3947} INFO - Setting next_dagrun for example_setup_teardown_taskflow to 2024-11-08 00:00:00+00:00, run_after=2024-11-09 00:00:00+00:00
[2024-11-09T12:44:08.969+0000] {processor.py:183} INFO - Processing /home/airflow/.local/lib/python3.12/site-packages/airflow/example_dags/example_setup_teardown_taskflow.py took 1.362 seconds
[2024-11-09T12:44:44.416+0000] {processor.py:161} INFO - Started process (PID=643) to work on /home/airflow/.local/lib/python3.12/site-packages/airflow/example_dags/example_setup_teardown_taskflow.py
[2024-11-09T12:44:44.419+0000] {processor.py:830} INFO - Processing file /home/airflow/.local/lib/python3.12/site-packages/airflow/example_dags/example_setup_teardown_taskflow.py for tasks to queue
[2024-11-09T12:44:44.432+0000] {logging_mixin.py:188} INFO - [2024-11-09T12:44:44.427+0000] {dagbag.py:545} INFO - Filling up the DagBag from /home/airflow/.local/lib/python3.12/site-packages/airflow/example_dags/example_setup_teardown_taskflow.py
[2024-11-09T12:44:44.583+0000] {processor.py:840} INFO - DAG(s) 'example_setup_teardown_taskflow' retrieved from /home/airflow/.local/lib/python3.12/site-packages/airflow/example_dags/example_setup_teardown_taskflow.py
[2024-11-09T12:44:44.799+0000] {logging_mixin.py:188} INFO - [2024-11-09T12:44:44.799+0000] {dag.py:3089} INFO - Sync 1 DAGs
[2024-11-09T12:44:45.250+0000] {logging_mixin.py:188} INFO - [2024-11-09T12:44:45.245+0000] {dag.py:3947} INFO - Setting next_dagrun for example_setup_teardown_taskflow to 2024-11-08 00:00:00+00:00, run_after=2024-11-09 00:00:00+00:00
[2024-11-09T12:44:45.420+0000] {processor.py:183} INFO - Processing /home/airflow/.local/lib/python3.12/site-packages/airflow/example_dags/example_setup_teardown_taskflow.py took 1.046 seconds
[2024-11-09T12:46:29.076+0000] {processor.py:161} INFO - Started process (PID=723) to work on /home/airflow/.local/lib/python3.12/site-packages/airflow/example_dags/example_setup_teardown_taskflow.py
[2024-11-09T12:46:29.086+0000] {processor.py:830} INFO - Processing file /home/airflow/.local/lib/python3.12/site-packages/airflow/example_dags/example_setup_teardown_taskflow.py for tasks to queue
[2024-11-09T12:46:29.099+0000] {logging_mixin.py:188} INFO - [2024-11-09T12:46:29.094+0000] {dagbag.py:545} INFO - Filling up the DagBag from /home/airflow/.local/lib/python3.12/site-packages/airflow/example_dags/example_setup_teardown_taskflow.py
[2024-11-09T12:46:29.157+0000] {processor.py:840} INFO - DAG(s) 'example_setup_teardown_taskflow' retrieved from /home/airflow/.local/lib/python3.12/site-packages/airflow/example_dags/example_setup_teardown_taskflow.py
[2024-11-09T12:46:29.509+0000] {logging_mixin.py:188} INFO - [2024-11-09T12:46:29.502+0000] {dag.py:3089} INFO - Sync 1 DAGs
[2024-11-09T12:46:29.692+0000] {logging_mixin.py:188} INFO - [2024-11-09T12:46:29.691+0000] {dag.py:3947} INFO - Setting next_dagrun for example_setup_teardown_taskflow to 2024-11-08 00:00:00+00:00, run_after=2024-11-09 00:00:00+00:00
[2024-11-09T12:46:29.931+0000] {processor.py:183} INFO - Processing /home/airflow/.local/lib/python3.12/site-packages/airflow/example_dags/example_setup_teardown_taskflow.py took 1.062 seconds
