[2024-11-09T12:37:58.834+0000] {processor.py:161} INFO - Started process (PID=77) to work on /home/airflow/.local/lib/python3.12/site-packages/airflow/example_dags/example_branch_python_dop_operator_3.py
[2024-11-09T12:37:58.836+0000] {processor.py:830} INFO - Processing file /home/airflow/.local/lib/python3.12/site-packages/airflow/example_dags/example_branch_python_dop_operator_3.py for tasks to queue
[2024-11-09T12:37:58.840+0000] {logging_mixin.py:188} INFO - [2024-11-09T12:37:58.839+0000] {dagbag.py:545} INFO - Filling up the DagBag from /home/airflow/.local/lib/python3.12/site-packages/airflow/example_dags/example_branch_python_dop_operator_3.py
[2024-11-09T12:37:58.990+0000] {processor.py:840} INFO - DAG(s) 'example_branch_dop_operator_v3' retrieved from /home/airflow/.local/lib/python3.12/site-packages/airflow/example_dags/example_branch_python_dop_operator_3.py
[2024-11-09T12:38:00.495+0000] {logging_mixin.py:188} INFO - [2024-11-09T12:38:00.492+0000] {dag.py:3089} INFO - Sync 1 DAGs
[2024-11-09T12:38:00.803+0000] {logging_mixin.py:188} INFO - [2024-11-09T12:38:00.803+0000] {dag.py:3947} INFO - Setting next_dagrun for example_branch_dop_operator_v3 to 2024-11-09 12:37:00+00:00, run_after=2024-11-09 12:38:00+00:00
[2024-11-09T12:38:00.911+0000] {processor.py:183} INFO - Processing /home/airflow/.local/lib/python3.12/site-packages/airflow/example_dags/example_branch_python_dop_operator_3.py took 2.214 seconds
[2024-11-09T12:39:36.469+0000] {processor.py:161} INFO - Started process (PID=150) to work on /home/airflow/.local/lib/python3.12/site-packages/airflow/example_dags/example_branch_python_dop_operator_3.py
[2024-11-09T12:39:36.474+0000] {processor.py:830} INFO - Processing file /home/airflow/.local/lib/python3.12/site-packages/airflow/example_dags/example_branch_python_dop_operator_3.py for tasks to queue
[2024-11-09T12:39:36.480+0000] {logging_mixin.py:188} INFO - [2024-11-09T12:39:36.479+0000] {dagbag.py:545} INFO - Filling up the DagBag from /home/airflow/.local/lib/python3.12/site-packages/airflow/example_dags/example_branch_python_dop_operator_3.py
[2024-11-09T12:39:36.526+0000] {processor.py:840} INFO - DAG(s) 'example_branch_dop_operator_v3' retrieved from /home/airflow/.local/lib/python3.12/site-packages/airflow/example_dags/example_branch_python_dop_operator_3.py
[2024-11-09T12:39:36.669+0000] {logging_mixin.py:188} INFO - [2024-11-09T12:39:36.668+0000] {dag.py:3089} INFO - Sync 1 DAGs
[2024-11-09T12:39:36.798+0000] {logging_mixin.py:188} INFO - [2024-11-09T12:39:36.797+0000] {dag.py:3947} INFO - Setting next_dagrun for example_branch_dop_operator_v3 to 2024-11-09 12:38:00+00:00, run_after=2024-11-09 12:39:00+00:00
[2024-11-09T12:39:36.903+0000] {processor.py:183} INFO - Processing /home/airflow/.local/lib/python3.12/site-packages/airflow/example_dags/example_branch_python_dop_operator_3.py took 0.460 seconds
[2024-11-09T12:40:07.531+0000] {processor.py:161} INFO - Started process (PID=209) to work on /home/airflow/.local/lib/python3.12/site-packages/airflow/example_dags/example_branch_python_dop_operator_3.py
[2024-11-09T12:40:07.533+0000] {processor.py:830} INFO - Processing file /home/airflow/.local/lib/python3.12/site-packages/airflow/example_dags/example_branch_python_dop_operator_3.py for tasks to queue
[2024-11-09T12:40:07.553+0000] {logging_mixin.py:188} INFO - [2024-11-09T12:40:07.550+0000] {dagbag.py:545} INFO - Filling up the DagBag from /home/airflow/.local/lib/python3.12/site-packages/airflow/example_dags/example_branch_python_dop_operator_3.py
[2024-11-09T12:40:07.598+0000] {processor.py:840} INFO - DAG(s) 'example_branch_dop_operator_v3' retrieved from /home/airflow/.local/lib/python3.12/site-packages/airflow/example_dags/example_branch_python_dop_operator_3.py
[2024-11-09T12:40:07.761+0000] {logging_mixin.py:188} INFO - [2024-11-09T12:40:07.760+0000] {dag.py:3089} INFO - Sync 1 DAGs
[2024-11-09T12:40:07.937+0000] {logging_mixin.py:188} INFO - [2024-11-09T12:40:07.932+0000] {dag.py:3947} INFO - Setting next_dagrun for example_branch_dop_operator_v3 to 2024-11-09 12:39:00+00:00, run_after=2024-11-09 12:40:00+00:00
[2024-11-09T12:40:08.045+0000] {processor.py:183} INFO - Processing /home/airflow/.local/lib/python3.12/site-packages/airflow/example_dags/example_branch_python_dop_operator_3.py took 0.554 seconds
[2024-11-09T12:41:15.284+0000] {processor.py:161} INFO - Started process (PID=274) to work on /home/airflow/.local/lib/python3.12/site-packages/airflow/example_dags/example_branch_python_dop_operator_3.py
[2024-11-09T12:41:15.298+0000] {processor.py:830} INFO - Processing file /home/airflow/.local/lib/python3.12/site-packages/airflow/example_dags/example_branch_python_dop_operator_3.py for tasks to queue
[2024-11-09T12:41:15.343+0000] {logging_mixin.py:188} INFO - [2024-11-09T12:41:15.341+0000] {dagbag.py:545} INFO - Filling up the DagBag from /home/airflow/.local/lib/python3.12/site-packages/airflow/example_dags/example_branch_python_dop_operator_3.py
[2024-11-09T12:41:15.554+0000] {processor.py:840} INFO - DAG(s) 'example_branch_dop_operator_v3' retrieved from /home/airflow/.local/lib/python3.12/site-packages/airflow/example_dags/example_branch_python_dop_operator_3.py
[2024-11-09T12:41:15.840+0000] {logging_mixin.py:188} INFO - [2024-11-09T12:41:15.839+0000] {dag.py:3089} INFO - Sync 1 DAGs
[2024-11-09T12:41:16.271+0000] {logging_mixin.py:188} INFO - [2024-11-09T12:41:16.266+0000] {dag.py:3947} INFO - Setting next_dagrun for example_branch_dop_operator_v3 to 2024-11-09 12:40:00+00:00, run_after=2024-11-09 12:41:00+00:00
[2024-11-09T12:41:16.447+0000] {processor.py:183} INFO - Processing /home/airflow/.local/lib/python3.12/site-packages/airflow/example_dags/example_branch_python_dop_operator_3.py took 1.219 seconds
[2024-11-09T12:41:46.821+0000] {processor.py:161} INFO - Started process (PID=334) to work on /home/airflow/.local/lib/python3.12/site-packages/airflow/example_dags/example_branch_python_dop_operator_3.py
[2024-11-09T12:41:46.824+0000] {processor.py:830} INFO - Processing file /home/airflow/.local/lib/python3.12/site-packages/airflow/example_dags/example_branch_python_dop_operator_3.py for tasks to queue
[2024-11-09T12:41:46.829+0000] {logging_mixin.py:188} INFO - [2024-11-09T12:41:46.828+0000] {dagbag.py:545} INFO - Filling up the DagBag from /home/airflow/.local/lib/python3.12/site-packages/airflow/example_dags/example_branch_python_dop_operator_3.py
[2024-11-09T12:41:46.860+0000] {processor.py:840} INFO - DAG(s) 'example_branch_dop_operator_v3' retrieved from /home/airflow/.local/lib/python3.12/site-packages/airflow/example_dags/example_branch_python_dop_operator_3.py
[2024-11-09T12:41:46.924+0000] {logging_mixin.py:188} INFO - [2024-11-09T12:41:46.923+0000] {dag.py:3089} INFO - Sync 1 DAGs
[2024-11-09T12:41:46.998+0000] {logging_mixin.py:188} INFO - [2024-11-09T12:41:46.998+0000] {dag.py:3947} INFO - Setting next_dagrun for example_branch_dop_operator_v3 to 2024-11-09 12:40:00+00:00, run_after=2024-11-09 12:41:00+00:00
[2024-11-09T12:41:47.056+0000] {processor.py:183} INFO - Processing /home/airflow/.local/lib/python3.12/site-packages/airflow/example_dags/example_branch_python_dop_operator_3.py took 0.253 seconds
[2024-11-09T12:42:17.429+0000] {processor.py:161} INFO - Started process (PID=393) to work on /home/airflow/.local/lib/python3.12/site-packages/airflow/example_dags/example_branch_python_dop_operator_3.py
[2024-11-09T12:42:17.436+0000] {processor.py:830} INFO - Processing file /home/airflow/.local/lib/python3.12/site-packages/airflow/example_dags/example_branch_python_dop_operator_3.py for tasks to queue
[2024-11-09T12:42:17.451+0000] {logging_mixin.py:188} INFO - [2024-11-09T12:42:17.450+0000] {dagbag.py:545} INFO - Filling up the DagBag from /home/airflow/.local/lib/python3.12/site-packages/airflow/example_dags/example_branch_python_dop_operator_3.py
[2024-11-09T12:42:17.518+0000] {processor.py:840} INFO - DAG(s) 'example_branch_dop_operator_v3' retrieved from /home/airflow/.local/lib/python3.12/site-packages/airflow/example_dags/example_branch_python_dop_operator_3.py
[2024-11-09T12:42:17.768+0000] {logging_mixin.py:188} INFO - [2024-11-09T12:42:17.767+0000] {dag.py:3089} INFO - Sync 1 DAGs
[2024-11-09T12:42:18.131+0000] {logging_mixin.py:188} INFO - [2024-11-09T12:42:18.130+0000] {dag.py:3947} INFO - Setting next_dagrun for example_branch_dop_operator_v3 to 2024-11-09 12:41:00+00:00, run_after=2024-11-09 12:42:00+00:00
[2024-11-09T12:42:18.358+0000] {processor.py:183} INFO - Processing /home/airflow/.local/lib/python3.12/site-packages/airflow/example_dags/example_branch_python_dop_operator_3.py took 1.071 seconds
[2024-11-09T12:42:49.910+0000] {processor.py:161} INFO - Started process (PID=453) to work on /home/airflow/.local/lib/python3.12/site-packages/airflow/example_dags/example_branch_python_dop_operator_3.py
[2024-11-09T12:42:49.917+0000] {processor.py:830} INFO - Processing file /home/airflow/.local/lib/python3.12/site-packages/airflow/example_dags/example_branch_python_dop_operator_3.py for tasks to queue
[2024-11-09T12:42:49.937+0000] {logging_mixin.py:188} INFO - [2024-11-09T12:42:49.934+0000] {dagbag.py:545} INFO - Filling up the DagBag from /home/airflow/.local/lib/python3.12/site-packages/airflow/example_dags/example_branch_python_dop_operator_3.py
[2024-11-09T12:42:49.989+0000] {processor.py:840} INFO - DAG(s) 'example_branch_dop_operator_v3' retrieved from /home/airflow/.local/lib/python3.12/site-packages/airflow/example_dags/example_branch_python_dop_operator_3.py
[2024-11-09T12:42:50.099+0000] {logging_mixin.py:188} INFO - [2024-11-09T12:42:50.098+0000] {dag.py:3089} INFO - Sync 1 DAGs
[2024-11-09T12:42:50.184+0000] {logging_mixin.py:188} INFO - [2024-11-09T12:42:50.183+0000] {dag.py:3947} INFO - Setting next_dagrun for example_branch_dop_operator_v3 to 2024-11-09 12:41:00+00:00, run_after=2024-11-09 12:42:00+00:00
[2024-11-09T12:42:50.261+0000] {processor.py:183} INFO - Processing /home/airflow/.local/lib/python3.12/site-packages/airflow/example_dags/example_branch_python_dop_operator_3.py took 0.394 seconds
[2024-11-09T12:43:20.356+0000] {processor.py:161} INFO - Started process (PID=511) to work on /home/airflow/.local/lib/python3.12/site-packages/airflow/example_dags/example_branch_python_dop_operator_3.py
[2024-11-09T12:43:20.359+0000] {processor.py:830} INFO - Processing file /home/airflow/.local/lib/python3.12/site-packages/airflow/example_dags/example_branch_python_dop_operator_3.py for tasks to queue
[2024-11-09T12:43:20.364+0000] {logging_mixin.py:188} INFO - [2024-11-09T12:43:20.363+0000] {dagbag.py:545} INFO - Filling up the DagBag from /home/airflow/.local/lib/python3.12/site-packages/airflow/example_dags/example_branch_python_dop_operator_3.py
[2024-11-09T12:43:20.417+0000] {processor.py:840} INFO - DAG(s) 'example_branch_dop_operator_v3' retrieved from /home/airflow/.local/lib/python3.12/site-packages/airflow/example_dags/example_branch_python_dop_operator_3.py
[2024-11-09T12:43:20.490+0000] {logging_mixin.py:188} INFO - [2024-11-09T12:43:20.489+0000] {dag.py:3089} INFO - Sync 1 DAGs
[2024-11-09T12:43:20.568+0000] {logging_mixin.py:188} INFO - [2024-11-09T12:43:20.567+0000] {dag.py:3947} INFO - Setting next_dagrun for example_branch_dop_operator_v3 to 2024-11-09 12:42:00+00:00, run_after=2024-11-09 12:43:00+00:00
[2024-11-09T12:43:20.629+0000] {processor.py:183} INFO - Processing /home/airflow/.local/lib/python3.12/site-packages/airflow/example_dags/example_branch_python_dop_operator_3.py took 0.298 seconds
[2024-11-09T12:44:04.534+0000] {processor.py:161} INFO - Started process (PID=577) to work on /home/airflow/.local/lib/python3.12/site-packages/airflow/example_dags/example_branch_python_dop_operator_3.py
[2024-11-09T12:44:04.564+0000] {processor.py:830} INFO - Processing file /home/airflow/.local/lib/python3.12/site-packages/airflow/example_dags/example_branch_python_dop_operator_3.py for tasks to queue
[2024-11-09T12:44:04.650+0000] {logging_mixin.py:188} INFO - [2024-11-09T12:44:04.631+0000] {dagbag.py:545} INFO - Filling up the DagBag from /home/airflow/.local/lib/python3.12/site-packages/airflow/example_dags/example_branch_python_dop_operator_3.py
[2024-11-09T12:44:04.786+0000] {processor.py:840} INFO - DAG(s) 'example_branch_dop_operator_v3' retrieved from /home/airflow/.local/lib/python3.12/site-packages/airflow/example_dags/example_branch_python_dop_operator_3.py
[2024-11-09T12:44:04.941+0000] {logging_mixin.py:188} INFO - [2024-11-09T12:44:04.939+0000] {dag.py:3089} INFO - Sync 1 DAGs
[2024-11-09T12:44:05.198+0000] {logging_mixin.py:188} INFO - [2024-11-09T12:44:05.195+0000] {dag.py:3947} INFO - Setting next_dagrun for example_branch_dop_operator_v3 to 2024-11-09 12:43:00+00:00, run_after=2024-11-09 12:44:00+00:00
[2024-11-09T12:44:05.429+0000] {processor.py:183} INFO - Processing /home/airflow/.local/lib/python3.12/site-packages/airflow/example_dags/example_branch_python_dop_operator_3.py took 0.964 seconds
[2024-11-09T12:44:35.867+0000] {processor.py:161} INFO - Started process (PID=637) to work on /home/airflow/.local/lib/python3.12/site-packages/airflow/example_dags/example_branch_python_dop_operator_3.py
[2024-11-09T12:44:35.890+0000] {processor.py:830} INFO - Processing file /home/airflow/.local/lib/python3.12/site-packages/airflow/example_dags/example_branch_python_dop_operator_3.py for tasks to queue
[2024-11-09T12:44:35.908+0000] {logging_mixin.py:188} INFO - [2024-11-09T12:44:35.896+0000] {dagbag.py:545} INFO - Filling up the DagBag from /home/airflow/.local/lib/python3.12/site-packages/airflow/example_dags/example_branch_python_dop_operator_3.py
[2024-11-09T12:44:36.081+0000] {processor.py:840} INFO - DAG(s) 'example_branch_dop_operator_v3' retrieved from /home/airflow/.local/lib/python3.12/site-packages/airflow/example_dags/example_branch_python_dop_operator_3.py
[2024-11-09T12:44:36.394+0000] {logging_mixin.py:188} INFO - [2024-11-09T12:44:36.393+0000] {dag.py:3089} INFO - Sync 1 DAGs
[2024-11-09T12:44:36.926+0000] {logging_mixin.py:188} INFO - [2024-11-09T12:44:36.925+0000] {dag.py:3947} INFO - Setting next_dagrun for example_branch_dop_operator_v3 to 2024-11-09 12:43:00+00:00, run_after=2024-11-09 12:44:00+00:00
[2024-11-09T12:44:37.548+0000] {processor.py:183} INFO - Processing /home/airflow/.local/lib/python3.12/site-packages/airflow/example_dags/example_branch_python_dop_operator_3.py took 1.727 seconds
[2024-11-09T12:46:14.862+0000] {processor.py:161} INFO - Started process (PID=717) to work on /home/airflow/.local/lib/python3.12/site-packages/airflow/example_dags/example_branch_python_dop_operator_3.py
[2024-11-09T12:46:14.874+0000] {processor.py:830} INFO - Processing file /home/airflow/.local/lib/python3.12/site-packages/airflow/example_dags/example_branch_python_dop_operator_3.py for tasks to queue
[2024-11-09T12:46:14.895+0000] {logging_mixin.py:188} INFO - [2024-11-09T12:46:14.893+0000] {dagbag.py:545} INFO - Filling up the DagBag from /home/airflow/.local/lib/python3.12/site-packages/airflow/example_dags/example_branch_python_dop_operator_3.py
[2024-11-09T12:46:15.093+0000] {processor.py:840} INFO - DAG(s) 'example_branch_dop_operator_v3' retrieved from /home/airflow/.local/lib/python3.12/site-packages/airflow/example_dags/example_branch_python_dop_operator_3.py
[2024-11-09T12:46:15.298+0000] {logging_mixin.py:188} INFO - [2024-11-09T12:46:15.298+0000] {dag.py:3089} INFO - Sync 1 DAGs
[2024-11-09T12:46:15.732+0000] {logging_mixin.py:188} INFO - [2024-11-09T12:46:15.731+0000] {dag.py:3947} INFO - Setting next_dagrun for example_branch_dop_operator_v3 to 2024-11-09 12:45:00+00:00, run_after=2024-11-09 12:46:00+00:00
[2024-11-09T12:46:16.266+0000] {processor.py:183} INFO - Processing /home/airflow/.local/lib/python3.12/site-packages/airflow/example_dags/example_branch_python_dop_operator_3.py took 1.592 seconds
