[2024-11-09T12:37:49.426+0000] {processor.py:161} INFO - Started process (PID=72) to work on /home/airflow/.local/lib/python3.12/site-packages/airflow/example_dags/example_datasets.py
[2024-11-09T12:37:49.502+0000] {processor.py:830} INFO - Processing file /home/airflow/.local/lib/python3.12/site-packages/airflow/example_dags/example_datasets.py for tasks to queue
[2024-11-09T12:37:49.510+0000] {logging_mixin.py:188} INFO - [2024-11-09T12:37:49.509+0000] {dagbag.py:545} INFO - Filling up the DagBag from /home/airflow/.local/lib/python3.12/site-packages/airflow/example_dags/example_datasets.py
[2024-11-09T12:37:49.897+0000] {processor.py:840} INFO - DAG(s) 'dataset_consumes_1_never_scheduled', 'dataset_consumes_1_and_2', 'conditional_dataset_and_time_based_timetable', 'dataset_produces_1', 'consume_1_and_2_with_dataset_expressions', 'consume_1_or_2_with_dataset_expressions', 'dataset_consumes_1', 'dataset_consumes_unknown_never_scheduled', 'consume_1_or_both_2_and_3_with_dataset_expressions', 'dataset_produces_2' retrieved from /home/airflow/.local/lib/python3.12/site-packages/airflow/example_dags/example_datasets.py
[2024-11-09T12:37:53.285+0000] {logging_mixin.py:188} INFO - [2024-11-09T12:37:53.275+0000] {dag.py:3089} INFO - Sync 10 DAGs
[2024-11-09T12:37:53.988+0000] {logging_mixin.py:188} INFO - [2024-11-09T12:37:53.986+0000] {dag.py:3947} INFO - Setting next_dagrun for conditional_dataset_and_time_based_timetable to 2024-11-06 01:00:00+00:00, run_after=2024-11-06 01:00:00+00:00
[2024-11-09T12:37:54.022+0000] {logging_mixin.py:188} INFO - [2024-11-09T12:37:54.020+0000] {dag.py:3947} INFO - Setting next_dagrun for consume_1_and_2_with_dataset_expressions to None, run_after=None
[2024-11-09T12:37:54.028+0000] {logging_mixin.py:188} INFO - [2024-11-09T12:37:54.027+0000] {dag.py:3947} INFO - Setting next_dagrun for consume_1_or_2_with_dataset_expressions to None, run_after=None
[2024-11-09T12:37:54.031+0000] {logging_mixin.py:188} INFO - [2024-11-09T12:37:54.030+0000] {dag.py:3947} INFO - Setting next_dagrun for consume_1_or_both_2_and_3_with_dataset_expressions to None, run_after=None
[2024-11-09T12:37:54.038+0000] {logging_mixin.py:188} INFO - [2024-11-09T12:37:54.038+0000] {dag.py:3947} INFO - Setting next_dagrun for dataset_consumes_1 to None, run_after=None
[2024-11-09T12:37:54.043+0000] {logging_mixin.py:188} INFO - [2024-11-09T12:37:54.042+0000] {dag.py:3947} INFO - Setting next_dagrun for dataset_consumes_1_and_2 to None, run_after=None
[2024-11-09T12:37:54.048+0000] {logging_mixin.py:188} INFO - [2024-11-09T12:37:54.047+0000] {dag.py:3947} INFO - Setting next_dagrun for dataset_consumes_1_never_scheduled to None, run_after=None
[2024-11-09T12:37:54.053+0000] {logging_mixin.py:188} INFO - [2024-11-09T12:37:54.052+0000] {dag.py:3947} INFO - Setting next_dagrun for dataset_consumes_unknown_never_scheduled to None, run_after=None
[2024-11-09T12:37:54.063+0000] {logging_mixin.py:188} INFO - [2024-11-09T12:37:54.062+0000] {dag.py:3947} INFO - Setting next_dagrun for dataset_produces_1 to 2024-11-08 00:00:00+00:00, run_after=2024-11-09 00:00:00+00:00
[2024-11-09T12:37:54.067+0000] {logging_mixin.py:188} INFO - [2024-11-09T12:37:54.066+0000] {dag.py:3947} INFO - Setting next_dagrun for dataset_produces_2 to None, run_after=None
[2024-11-09T12:37:54.294+0000] {processor.py:183} INFO - Processing /home/airflow/.local/lib/python3.12/site-packages/airflow/example_dags/example_datasets.py took 4.985 seconds
[2024-11-09T12:39:34.377+0000] {processor.py:161} INFO - Started process (PID=145) to work on /home/airflow/.local/lib/python3.12/site-packages/airflow/example_dags/example_datasets.py
[2024-11-09T12:39:34.381+0000] {processor.py:830} INFO - Processing file /home/airflow/.local/lib/python3.12/site-packages/airflow/example_dags/example_datasets.py for tasks to queue
[2024-11-09T12:39:34.394+0000] {logging_mixin.py:188} INFO - [2024-11-09T12:39:34.393+0000] {dagbag.py:545} INFO - Filling up the DagBag from /home/airflow/.local/lib/python3.12/site-packages/airflow/example_dags/example_datasets.py
[2024-11-09T12:39:34.474+0000] {processor.py:840} INFO - DAG(s) 'dataset_consumes_unknown_never_scheduled', 'consume_1_or_both_2_and_3_with_dataset_expressions', 'consume_1_and_2_with_dataset_expressions', 'dataset_consumes_1_never_scheduled', 'consume_1_or_2_with_dataset_expressions', 'dataset_produces_2', 'dataset_consumes_1', 'dataset_consumes_1_and_2', 'conditional_dataset_and_time_based_timetable', 'dataset_produces_1' retrieved from /home/airflow/.local/lib/python3.12/site-packages/airflow/example_dags/example_datasets.py
[2024-11-09T12:39:34.723+0000] {logging_mixin.py:188} INFO - [2024-11-09T12:39:34.722+0000] {dag.py:3089} INFO - Sync 10 DAGs
[2024-11-09T12:39:34.913+0000] {logging_mixin.py:188} INFO - [2024-11-09T12:39:34.912+0000] {dag.py:3947} INFO - Setting next_dagrun for conditional_dataset_and_time_based_timetable to 2024-11-06 01:00:00+00:00, run_after=2024-11-06 01:00:00+00:00
[2024-11-09T12:39:35.021+0000] {logging_mixin.py:188} INFO - [2024-11-09T12:39:35.020+0000] {dag.py:3947} INFO - Setting next_dagrun for consume_1_and_2_with_dataset_expressions to None, run_after=None
[2024-11-09T12:39:35.042+0000] {logging_mixin.py:188} INFO - [2024-11-09T12:39:35.041+0000] {dag.py:3947} INFO - Setting next_dagrun for consume_1_or_2_with_dataset_expressions to None, run_after=None
[2024-11-09T12:39:35.047+0000] {logging_mixin.py:188} INFO - [2024-11-09T12:39:35.045+0000] {dag.py:3947} INFO - Setting next_dagrun for consume_1_or_both_2_and_3_with_dataset_expressions to None, run_after=None
[2024-11-09T12:39:35.053+0000] {logging_mixin.py:188} INFO - [2024-11-09T12:39:35.052+0000] {dag.py:3947} INFO - Setting next_dagrun for dataset_consumes_1 to None, run_after=None
[2024-11-09T12:39:35.057+0000] {logging_mixin.py:188} INFO - [2024-11-09T12:39:35.057+0000] {dag.py:3947} INFO - Setting next_dagrun for dataset_consumes_1_and_2 to None, run_after=None
[2024-11-09T12:39:35.062+0000] {logging_mixin.py:188} INFO - [2024-11-09T12:39:35.062+0000] {dag.py:3947} INFO - Setting next_dagrun for dataset_consumes_1_never_scheduled to None, run_after=None
[2024-11-09T12:39:35.066+0000] {logging_mixin.py:188} INFO - [2024-11-09T12:39:35.066+0000] {dag.py:3947} INFO - Setting next_dagrun for dataset_consumes_unknown_never_scheduled to None, run_after=None
[2024-11-09T12:39:35.075+0000] {logging_mixin.py:188} INFO - [2024-11-09T12:39:35.074+0000] {dag.py:3947} INFO - Setting next_dagrun for dataset_produces_1 to 2024-11-08 00:00:00+00:00, run_after=2024-11-09 00:00:00+00:00
[2024-11-09T12:39:35.080+0000] {logging_mixin.py:188} INFO - [2024-11-09T12:39:35.079+0000] {dag.py:3947} INFO - Setting next_dagrun for dataset_produces_2 to None, run_after=None
[2024-11-09T12:39:35.330+0000] {processor.py:183} INFO - Processing /home/airflow/.local/lib/python3.12/site-packages/airflow/example_dags/example_datasets.py took 0.978 seconds
[2024-11-09T12:40:05.993+0000] {processor.py:161} INFO - Started process (PID=204) to work on /home/airflow/.local/lib/python3.12/site-packages/airflow/example_dags/example_datasets.py
[2024-11-09T12:40:05.997+0000] {processor.py:830} INFO - Processing file /home/airflow/.local/lib/python3.12/site-packages/airflow/example_dags/example_datasets.py for tasks to queue
[2024-11-09T12:40:06.003+0000] {logging_mixin.py:188} INFO - [2024-11-09T12:40:06.002+0000] {dagbag.py:545} INFO - Filling up the DagBag from /home/airflow/.local/lib/python3.12/site-packages/airflow/example_dags/example_datasets.py
[2024-11-09T12:40:06.106+0000] {processor.py:840} INFO - DAG(s) 'dataset_produces_2', 'dataset_consumes_1_never_scheduled', 'dataset_consumes_1', 'conditional_dataset_and_time_based_timetable', 'consume_1_or_both_2_and_3_with_dataset_expressions', 'consume_1_or_2_with_dataset_expressions', 'dataset_consumes_unknown_never_scheduled', 'dataset_consumes_1_and_2', 'dataset_produces_1', 'consume_1_and_2_with_dataset_expressions' retrieved from /home/airflow/.local/lib/python3.12/site-packages/airflow/example_dags/example_datasets.py
[2024-11-09T12:40:06.287+0000] {logging_mixin.py:188} INFO - [2024-11-09T12:40:06.286+0000] {dag.py:3089} INFO - Sync 10 DAGs
[2024-11-09T12:40:06.395+0000] {logging_mixin.py:188} INFO - [2024-11-09T12:40:06.394+0000] {dag.py:3947} INFO - Setting next_dagrun for conditional_dataset_and_time_based_timetable to 2024-11-06 01:00:00+00:00, run_after=2024-11-06 01:00:00+00:00
[2024-11-09T12:40:06.407+0000] {logging_mixin.py:188} INFO - [2024-11-09T12:40:06.407+0000] {dag.py:3947} INFO - Setting next_dagrun for consume_1_and_2_with_dataset_expressions to None, run_after=None
[2024-11-09T12:40:06.411+0000] {logging_mixin.py:188} INFO - [2024-11-09T12:40:06.410+0000] {dag.py:3947} INFO - Setting next_dagrun for consume_1_or_2_with_dataset_expressions to None, run_after=None
[2024-11-09T12:40:06.414+0000] {logging_mixin.py:188} INFO - [2024-11-09T12:40:06.413+0000] {dag.py:3947} INFO - Setting next_dagrun for consume_1_or_both_2_and_3_with_dataset_expressions to None, run_after=None
[2024-11-09T12:40:06.417+0000] {logging_mixin.py:188} INFO - [2024-11-09T12:40:06.416+0000] {dag.py:3947} INFO - Setting next_dagrun for dataset_consumes_1 to None, run_after=None
[2024-11-09T12:40:06.421+0000] {logging_mixin.py:188} INFO - [2024-11-09T12:40:06.420+0000] {dag.py:3947} INFO - Setting next_dagrun for dataset_consumes_1_and_2 to None, run_after=None
[2024-11-09T12:40:06.424+0000] {logging_mixin.py:188} INFO - [2024-11-09T12:40:06.423+0000] {dag.py:3947} INFO - Setting next_dagrun for dataset_consumes_1_never_scheduled to None, run_after=None
[2024-11-09T12:40:06.427+0000] {logging_mixin.py:188} INFO - [2024-11-09T12:40:06.426+0000] {dag.py:3947} INFO - Setting next_dagrun for dataset_consumes_unknown_never_scheduled to None, run_after=None
[2024-11-09T12:40:06.432+0000] {logging_mixin.py:188} INFO - [2024-11-09T12:40:06.432+0000] {dag.py:3947} INFO - Setting next_dagrun for dataset_produces_1 to 2024-11-08 00:00:00+00:00, run_after=2024-11-09 00:00:00+00:00
[2024-11-09T12:40:06.438+0000] {logging_mixin.py:188} INFO - [2024-11-09T12:40:06.437+0000] {dag.py:3947} INFO - Setting next_dagrun for dataset_produces_2 to None, run_after=None
[2024-11-09T12:40:06.585+0000] {processor.py:183} INFO - Processing /home/airflow/.local/lib/python3.12/site-packages/airflow/example_dags/example_datasets.py took 0.648 seconds
[2024-11-09T12:41:10.781+0000] {processor.py:161} INFO - Started process (PID=269) to work on /home/airflow/.local/lib/python3.12/site-packages/airflow/example_dags/example_datasets.py
[2024-11-09T12:41:10.786+0000] {processor.py:830} INFO - Processing file /home/airflow/.local/lib/python3.12/site-packages/airflow/example_dags/example_datasets.py for tasks to queue
[2024-11-09T12:41:10.814+0000] {logging_mixin.py:188} INFO - [2024-11-09T12:41:10.807+0000] {dagbag.py:545} INFO - Filling up the DagBag from /home/airflow/.local/lib/python3.12/site-packages/airflow/example_dags/example_datasets.py
[2024-11-09T12:41:11.082+0000] {processor.py:840} INFO - DAG(s) 'conditional_dataset_and_time_based_timetable', 'consume_1_or_both_2_and_3_with_dataset_expressions', 'dataset_produces_1', 'consume_1_and_2_with_dataset_expressions', 'dataset_consumes_1_never_scheduled', 'dataset_produces_2', 'dataset_consumes_1', 'dataset_consumes_1_and_2', 'consume_1_or_2_with_dataset_expressions', 'dataset_consumes_unknown_never_scheduled' retrieved from /home/airflow/.local/lib/python3.12/site-packages/airflow/example_dags/example_datasets.py
[2024-11-09T12:41:11.625+0000] {logging_mixin.py:188} INFO - [2024-11-09T12:41:11.621+0000] {dag.py:3089} INFO - Sync 10 DAGs
[2024-11-09T12:41:12.037+0000] {logging_mixin.py:188} INFO - [2024-11-09T12:41:12.031+0000] {dag.py:3947} INFO - Setting next_dagrun for conditional_dataset_and_time_based_timetable to 2024-11-06 01:00:00+00:00, run_after=2024-11-06 01:00:00+00:00
[2024-11-09T12:41:12.144+0000] {logging_mixin.py:188} INFO - [2024-11-09T12:41:12.137+0000] {dag.py:3947} INFO - Setting next_dagrun for consume_1_and_2_with_dataset_expressions to None, run_after=None
[2024-11-09T12:41:12.176+0000] {logging_mixin.py:188} INFO - [2024-11-09T12:41:12.173+0000] {dag.py:3947} INFO - Setting next_dagrun for consume_1_or_2_with_dataset_expressions to None, run_after=None
[2024-11-09T12:41:12.217+0000] {logging_mixin.py:188} INFO - [2024-11-09T12:41:12.216+0000] {dag.py:3947} INFO - Setting next_dagrun for consume_1_or_both_2_and_3_with_dataset_expressions to None, run_after=None
[2024-11-09T12:41:12.232+0000] {logging_mixin.py:188} INFO - [2024-11-09T12:41:12.232+0000] {dag.py:3947} INFO - Setting next_dagrun for dataset_consumes_1 to None, run_after=None
[2024-11-09T12:41:12.293+0000] {logging_mixin.py:188} INFO - [2024-11-09T12:41:12.293+0000] {dag.py:3947} INFO - Setting next_dagrun for dataset_consumes_1_and_2 to None, run_after=None
[2024-11-09T12:41:12.305+0000] {logging_mixin.py:188} INFO - [2024-11-09T12:41:12.300+0000] {dag.py:3947} INFO - Setting next_dagrun for dataset_consumes_1_never_scheduled to None, run_after=None
[2024-11-09T12:41:12.313+0000] {logging_mixin.py:188} INFO - [2024-11-09T12:41:12.312+0000] {dag.py:3947} INFO - Setting next_dagrun for dataset_consumes_unknown_never_scheduled to None, run_after=None
[2024-11-09T12:41:12.333+0000] {logging_mixin.py:188} INFO - [2024-11-09T12:41:12.332+0000] {dag.py:3947} INFO - Setting next_dagrun for dataset_produces_1 to 2024-11-08 00:00:00+00:00, run_after=2024-11-09 00:00:00+00:00
[2024-11-09T12:41:12.346+0000] {logging_mixin.py:188} INFO - [2024-11-09T12:41:12.345+0000] {dag.py:3947} INFO - Setting next_dagrun for dataset_produces_2 to None, run_after=None
[2024-11-09T12:41:12.749+0000] {processor.py:183} INFO - Processing /home/airflow/.local/lib/python3.12/site-packages/airflow/example_dags/example_datasets.py took 2.044 seconds
[2024-11-09T12:41:43.263+0000] {processor.py:161} INFO - Started process (PID=329) to work on /home/airflow/.local/lib/python3.12/site-packages/airflow/example_dags/example_datasets.py
[2024-11-09T12:41:43.271+0000] {processor.py:830} INFO - Processing file /home/airflow/.local/lib/python3.12/site-packages/airflow/example_dags/example_datasets.py for tasks to queue
[2024-11-09T12:41:43.303+0000] {logging_mixin.py:188} INFO - [2024-11-09T12:41:43.299+0000] {dagbag.py:545} INFO - Filling up the DagBag from /home/airflow/.local/lib/python3.12/site-packages/airflow/example_dags/example_datasets.py
[2024-11-09T12:41:43.383+0000] {processor.py:840} INFO - DAG(s) 'dataset_produces_2', 'dataset_consumes_1_never_scheduled', 'dataset_produces_1', 'consume_1_or_both_2_and_3_with_dataset_expressions', 'consume_1_and_2_with_dataset_expressions', 'dataset_consumes_1', 'dataset_consumes_unknown_never_scheduled', 'conditional_dataset_and_time_based_timetable', 'consume_1_or_2_with_dataset_expressions', 'dataset_consumes_1_and_2' retrieved from /home/airflow/.local/lib/python3.12/site-packages/airflow/example_dags/example_datasets.py
[2024-11-09T12:41:43.625+0000] {logging_mixin.py:188} INFO - [2024-11-09T12:41:43.624+0000] {dag.py:3089} INFO - Sync 10 DAGs
[2024-11-09T12:41:43.745+0000] {logging_mixin.py:188} INFO - [2024-11-09T12:41:43.744+0000] {dag.py:3947} INFO - Setting next_dagrun for conditional_dataset_and_time_based_timetable to 2024-11-06 01:00:00+00:00, run_after=2024-11-06 01:00:00+00:00
[2024-11-09T12:41:43.779+0000] {logging_mixin.py:188} INFO - [2024-11-09T12:41:43.778+0000] {dag.py:3947} INFO - Setting next_dagrun for consume_1_and_2_with_dataset_expressions to None, run_after=None
[2024-11-09T12:41:43.784+0000] {logging_mixin.py:188} INFO - [2024-11-09T12:41:43.783+0000] {dag.py:3947} INFO - Setting next_dagrun for consume_1_or_2_with_dataset_expressions to None, run_after=None
[2024-11-09T12:41:43.794+0000] {logging_mixin.py:188} INFO - [2024-11-09T12:41:43.794+0000] {dag.py:3947} INFO - Setting next_dagrun for consume_1_or_both_2_and_3_with_dataset_expressions to None, run_after=None
[2024-11-09T12:41:43.800+0000] {logging_mixin.py:188} INFO - [2024-11-09T12:41:43.799+0000] {dag.py:3947} INFO - Setting next_dagrun for dataset_consumes_1 to None, run_after=None
[2024-11-09T12:41:43.810+0000] {logging_mixin.py:188} INFO - [2024-11-09T12:41:43.809+0000] {dag.py:3947} INFO - Setting next_dagrun for dataset_consumes_1_and_2 to None, run_after=None
[2024-11-09T12:41:43.816+0000] {logging_mixin.py:188} INFO - [2024-11-09T12:41:43.815+0000] {dag.py:3947} INFO - Setting next_dagrun for dataset_consumes_1_never_scheduled to None, run_after=None
[2024-11-09T12:41:43.823+0000] {logging_mixin.py:188} INFO - [2024-11-09T12:41:43.823+0000] {dag.py:3947} INFO - Setting next_dagrun for dataset_consumes_unknown_never_scheduled to None, run_after=None
[2024-11-09T12:41:43.834+0000] {logging_mixin.py:188} INFO - [2024-11-09T12:41:43.834+0000] {dag.py:3947} INFO - Setting next_dagrun for dataset_produces_1 to 2024-11-08 00:00:00+00:00, run_after=2024-11-09 00:00:00+00:00
[2024-11-09T12:41:43.840+0000] {logging_mixin.py:188} INFO - [2024-11-09T12:41:43.840+0000] {dag.py:3947} INFO - Setting next_dagrun for dataset_produces_2 to None, run_after=None
[2024-11-09T12:41:43.963+0000] {processor.py:183} INFO - Processing /home/airflow/.local/lib/python3.12/site-packages/airflow/example_dags/example_datasets.py took 0.765 seconds
[2024-11-09T12:42:14.522+0000] {processor.py:161} INFO - Started process (PID=388) to work on /home/airflow/.local/lib/python3.12/site-packages/airflow/example_dags/example_datasets.py
[2024-11-09T12:42:14.526+0000] {processor.py:830} INFO - Processing file /home/airflow/.local/lib/python3.12/site-packages/airflow/example_dags/example_datasets.py for tasks to queue
[2024-11-09T12:42:14.535+0000] {logging_mixin.py:188} INFO - [2024-11-09T12:42:14.533+0000] {dagbag.py:545} INFO - Filling up the DagBag from /home/airflow/.local/lib/python3.12/site-packages/airflow/example_dags/example_datasets.py
[2024-11-09T12:42:14.598+0000] {processor.py:840} INFO - DAG(s) 'dataset_consumes_1', 'dataset_consumes_1_never_scheduled', 'dataset_consumes_unknown_never_scheduled', 'consume_1_or_2_with_dataset_expressions', 'dataset_produces_1', 'dataset_consumes_1_and_2', 'consume_1_and_2_with_dataset_expressions', 'dataset_produces_2', 'consume_1_or_both_2_and_3_with_dataset_expressions', 'conditional_dataset_and_time_based_timetable' retrieved from /home/airflow/.local/lib/python3.12/site-packages/airflow/example_dags/example_datasets.py
[2024-11-09T12:42:14.910+0000] {logging_mixin.py:188} INFO - [2024-11-09T12:42:14.909+0000] {dag.py:3089} INFO - Sync 10 DAGs
[2024-11-09T12:42:14.990+0000] {logging_mixin.py:188} INFO - [2024-11-09T12:42:14.990+0000] {dag.py:3947} INFO - Setting next_dagrun for conditional_dataset_and_time_based_timetable to 2024-11-06 01:00:00+00:00, run_after=2024-11-06 01:00:00+00:00
[2024-11-09T12:42:15.000+0000] {logging_mixin.py:188} INFO - [2024-11-09T12:42:15.000+0000] {dag.py:3947} INFO - Setting next_dagrun for consume_1_and_2_with_dataset_expressions to None, run_after=None
[2024-11-09T12:42:15.003+0000] {logging_mixin.py:188} INFO - [2024-11-09T12:42:15.003+0000] {dag.py:3947} INFO - Setting next_dagrun for consume_1_or_2_with_dataset_expressions to None, run_after=None
[2024-11-09T12:42:15.007+0000] {logging_mixin.py:188} INFO - [2024-11-09T12:42:15.007+0000] {dag.py:3947} INFO - Setting next_dagrun for consume_1_or_both_2_and_3_with_dataset_expressions to None, run_after=None
[2024-11-09T12:42:15.012+0000] {logging_mixin.py:188} INFO - [2024-11-09T12:42:15.012+0000] {dag.py:3947} INFO - Setting next_dagrun for dataset_consumes_1 to None, run_after=None
[2024-11-09T12:42:15.015+0000] {logging_mixin.py:188} INFO - [2024-11-09T12:42:15.015+0000] {dag.py:3947} INFO - Setting next_dagrun for dataset_consumes_1_and_2 to None, run_after=None
[2024-11-09T12:42:15.018+0000] {logging_mixin.py:188} INFO - [2024-11-09T12:42:15.018+0000] {dag.py:3947} INFO - Setting next_dagrun for dataset_consumes_1_never_scheduled to None, run_after=None
[2024-11-09T12:42:15.021+0000] {logging_mixin.py:188} INFO - [2024-11-09T12:42:15.021+0000] {dag.py:3947} INFO - Setting next_dagrun for dataset_consumes_unknown_never_scheduled to None, run_after=None
[2024-11-09T12:42:15.027+0000] {logging_mixin.py:188} INFO - [2024-11-09T12:42:15.026+0000] {dag.py:3947} INFO - Setting next_dagrun for dataset_produces_1 to 2024-11-08 00:00:00+00:00, run_after=2024-11-09 00:00:00+00:00
[2024-11-09T12:42:15.029+0000] {logging_mixin.py:188} INFO - [2024-11-09T12:42:15.029+0000] {dag.py:3947} INFO - Setting next_dagrun for dataset_produces_2 to None, run_after=None
[2024-11-09T12:42:15.134+0000] {processor.py:183} INFO - Processing /home/airflow/.local/lib/python3.12/site-packages/airflow/example_dags/example_datasets.py took 0.671 seconds
[2024-11-09T12:42:47.030+0000] {processor.py:161} INFO - Started process (PID=446) to work on /home/airflow/.local/lib/python3.12/site-packages/airflow/example_dags/example_datasets.py
[2024-11-09T12:42:47.035+0000] {processor.py:830} INFO - Processing file /home/airflow/.local/lib/python3.12/site-packages/airflow/example_dags/example_datasets.py for tasks to queue
[2024-11-09T12:42:47.061+0000] {logging_mixin.py:188} INFO - [2024-11-09T12:42:47.051+0000] {dagbag.py:545} INFO - Filling up the DagBag from /home/airflow/.local/lib/python3.12/site-packages/airflow/example_dags/example_datasets.py
[2024-11-09T12:42:47.123+0000] {processor.py:840} INFO - DAG(s) 'consume_1_or_2_with_dataset_expressions', 'consume_1_or_both_2_and_3_with_dataset_expressions', 'dataset_consumes_1', 'dataset_consumes_unknown_never_scheduled', 'dataset_produces_2', 'consume_1_and_2_with_dataset_expressions', 'dataset_consumes_1_and_2', 'conditional_dataset_and_time_based_timetable', 'dataset_produces_1', 'dataset_consumes_1_never_scheduled' retrieved from /home/airflow/.local/lib/python3.12/site-packages/airflow/example_dags/example_datasets.py
[2024-11-09T12:42:47.371+0000] {logging_mixin.py:188} INFO - [2024-11-09T12:42:47.371+0000] {dag.py:3089} INFO - Sync 10 DAGs
[2024-11-09T12:42:47.490+0000] {logging_mixin.py:188} INFO - [2024-11-09T12:42:47.489+0000] {dag.py:3947} INFO - Setting next_dagrun for conditional_dataset_and_time_based_timetable to 2024-11-06 01:00:00+00:00, run_after=2024-11-06 01:00:00+00:00
[2024-11-09T12:42:47.510+0000] {logging_mixin.py:188} INFO - [2024-11-09T12:42:47.506+0000] {dag.py:3947} INFO - Setting next_dagrun for consume_1_and_2_with_dataset_expressions to None, run_after=None
[2024-11-09T12:42:47.513+0000] {logging_mixin.py:188} INFO - [2024-11-09T12:42:47.513+0000] {dag.py:3947} INFO - Setting next_dagrun for consume_1_or_2_with_dataset_expressions to None, run_after=None
[2024-11-09T12:42:47.517+0000] {logging_mixin.py:188} INFO - [2024-11-09T12:42:47.517+0000] {dag.py:3947} INFO - Setting next_dagrun for consume_1_or_both_2_and_3_with_dataset_expressions to None, run_after=None
[2024-11-09T12:42:47.523+0000] {logging_mixin.py:188} INFO - [2024-11-09T12:42:47.521+0000] {dag.py:3947} INFO - Setting next_dagrun for dataset_consumes_1 to None, run_after=None
[2024-11-09T12:42:47.530+0000] {logging_mixin.py:188} INFO - [2024-11-09T12:42:47.529+0000] {dag.py:3947} INFO - Setting next_dagrun for dataset_consumes_1_and_2 to None, run_after=None
[2024-11-09T12:42:47.534+0000] {logging_mixin.py:188} INFO - [2024-11-09T12:42:47.533+0000] {dag.py:3947} INFO - Setting next_dagrun for dataset_consumes_1_never_scheduled to None, run_after=None
[2024-11-09T12:42:47.538+0000] {logging_mixin.py:188} INFO - [2024-11-09T12:42:47.537+0000] {dag.py:3947} INFO - Setting next_dagrun for dataset_consumes_unknown_never_scheduled to None, run_after=None
[2024-11-09T12:42:47.550+0000] {logging_mixin.py:188} INFO - [2024-11-09T12:42:47.550+0000] {dag.py:3947} INFO - Setting next_dagrun for dataset_produces_1 to 2024-11-08 00:00:00+00:00, run_after=2024-11-09 00:00:00+00:00
[2024-11-09T12:42:47.557+0000] {logging_mixin.py:188} INFO - [2024-11-09T12:42:47.554+0000] {dag.py:3947} INFO - Setting next_dagrun for dataset_produces_2 to None, run_after=None
[2024-11-09T12:42:47.769+0000] {processor.py:183} INFO - Processing /home/airflow/.local/lib/python3.12/site-packages/airflow/example_dags/example_datasets.py took 0.819 seconds
[2024-11-09T12:43:18.341+0000] {processor.py:161} INFO - Started process (PID=506) to work on /home/airflow/.local/lib/python3.12/site-packages/airflow/example_dags/example_datasets.py
[2024-11-09T12:43:18.344+0000] {processor.py:830} INFO - Processing file /home/airflow/.local/lib/python3.12/site-packages/airflow/example_dags/example_datasets.py for tasks to queue
[2024-11-09T12:43:18.349+0000] {logging_mixin.py:188} INFO - [2024-11-09T12:43:18.348+0000] {dagbag.py:545} INFO - Filling up the DagBag from /home/airflow/.local/lib/python3.12/site-packages/airflow/example_dags/example_datasets.py
[2024-11-09T12:43:18.393+0000] {processor.py:840} INFO - DAG(s) 'dataset_produces_1', 'dataset_consumes_1_and_2', 'consume_1_or_2_with_dataset_expressions', 'consume_1_or_both_2_and_3_with_dataset_expressions', 'dataset_consumes_1', 'consume_1_and_2_with_dataset_expressions', 'dataset_consumes_unknown_never_scheduled', 'conditional_dataset_and_time_based_timetable', 'dataset_produces_2', 'dataset_consumes_1_never_scheduled' retrieved from /home/airflow/.local/lib/python3.12/site-packages/airflow/example_dags/example_datasets.py
[2024-11-09T12:43:18.579+0000] {logging_mixin.py:188} INFO - [2024-11-09T12:43:18.579+0000] {dag.py:3089} INFO - Sync 10 DAGs
[2024-11-09T12:43:18.727+0000] {logging_mixin.py:188} INFO - [2024-11-09T12:43:18.722+0000] {dag.py:3947} INFO - Setting next_dagrun for conditional_dataset_and_time_based_timetable to 2024-11-06 01:00:00+00:00, run_after=2024-11-06 01:00:00+00:00
[2024-11-09T12:43:18.752+0000] {logging_mixin.py:188} INFO - [2024-11-09T12:43:18.751+0000] {dag.py:3947} INFO - Setting next_dagrun for consume_1_and_2_with_dataset_expressions to None, run_after=None
[2024-11-09T12:43:18.756+0000] {logging_mixin.py:188} INFO - [2024-11-09T12:43:18.755+0000] {dag.py:3947} INFO - Setting next_dagrun for consume_1_or_2_with_dataset_expressions to None, run_after=None
[2024-11-09T12:43:18.762+0000] {logging_mixin.py:188} INFO - [2024-11-09T12:43:18.761+0000] {dag.py:3947} INFO - Setting next_dagrun for consume_1_or_both_2_and_3_with_dataset_expressions to None, run_after=None
[2024-11-09T12:43:18.769+0000] {logging_mixin.py:188} INFO - [2024-11-09T12:43:18.768+0000] {dag.py:3947} INFO - Setting next_dagrun for dataset_consumes_1 to None, run_after=None
[2024-11-09T12:43:18.779+0000] {logging_mixin.py:188} INFO - [2024-11-09T12:43:18.777+0000] {dag.py:3947} INFO - Setting next_dagrun for dataset_consumes_1_and_2 to None, run_after=None
[2024-11-09T12:43:18.786+0000] {logging_mixin.py:188} INFO - [2024-11-09T12:43:18.784+0000] {dag.py:3947} INFO - Setting next_dagrun for dataset_consumes_1_never_scheduled to None, run_after=None
[2024-11-09T12:43:18.805+0000] {logging_mixin.py:188} INFO - [2024-11-09T12:43:18.802+0000] {dag.py:3947} INFO - Setting next_dagrun for dataset_consumes_unknown_never_scheduled to None, run_after=None
[2024-11-09T12:43:18.820+0000] {logging_mixin.py:188} INFO - [2024-11-09T12:43:18.819+0000] {dag.py:3947} INFO - Setting next_dagrun for dataset_produces_1 to 2024-11-08 00:00:00+00:00, run_after=2024-11-09 00:00:00+00:00
[2024-11-09T12:43:18.833+0000] {logging_mixin.py:188} INFO - [2024-11-09T12:43:18.833+0000] {dag.py:3947} INFO - Setting next_dagrun for dataset_produces_2 to None, run_after=None
[2024-11-09T12:43:19.149+0000] {processor.py:183} INFO - Processing /home/airflow/.local/lib/python3.12/site-packages/airflow/example_dags/example_datasets.py took 0.829 seconds
[2024-11-09T12:43:55.996+0000] {processor.py:161} INFO - Started process (PID=566) to work on /home/airflow/.local/lib/python3.12/site-packages/airflow/example_dags/example_datasets.py
[2024-11-09T12:43:56.006+0000] {processor.py:830} INFO - Processing file /home/airflow/.local/lib/python3.12/site-packages/airflow/example_dags/example_datasets.py for tasks to queue
[2024-11-09T12:43:56.081+0000] {logging_mixin.py:188} INFO - [2024-11-09T12:43:56.079+0000] {dagbag.py:545} INFO - Filling up the DagBag from /home/airflow/.local/lib/python3.12/site-packages/airflow/example_dags/example_datasets.py
[2024-11-09T12:43:56.713+0000] {processor.py:840} INFO - DAG(s) 'consume_1_or_both_2_and_3_with_dataset_expressions', 'dataset_produces_2', 'conditional_dataset_and_time_based_timetable', 'dataset_consumes_unknown_never_scheduled', 'dataset_produces_1', 'consume_1_and_2_with_dataset_expressions', 'dataset_consumes_1', 'dataset_consumes_1_never_scheduled', 'consume_1_or_2_with_dataset_expressions', 'dataset_consumes_1_and_2' retrieved from /home/airflow/.local/lib/python3.12/site-packages/airflow/example_dags/example_datasets.py
[2024-11-09T12:43:57.395+0000] {logging_mixin.py:188} INFO - [2024-11-09T12:43:57.385+0000] {dag.py:3089} INFO - Sync 10 DAGs
[2024-11-09T12:43:58.164+0000] {logging_mixin.py:188} INFO - [2024-11-09T12:43:58.146+0000] {dag.py:3947} INFO - Setting next_dagrun for conditional_dataset_and_time_based_timetable to 2024-11-06 01:00:00+00:00, run_after=2024-11-06 01:00:00+00:00
[2024-11-09T12:43:58.269+0000] {logging_mixin.py:188} INFO - [2024-11-09T12:43:58.267+0000] {dag.py:3947} INFO - Setting next_dagrun for consume_1_and_2_with_dataset_expressions to None, run_after=None
[2024-11-09T12:43:58.308+0000] {logging_mixin.py:188} INFO - [2024-11-09T12:43:58.307+0000] {dag.py:3947} INFO - Setting next_dagrun for consume_1_or_2_with_dataset_expressions to None, run_after=None
[2024-11-09T12:43:58.314+0000] {logging_mixin.py:188} INFO - [2024-11-09T12:43:58.313+0000] {dag.py:3947} INFO - Setting next_dagrun for consume_1_or_both_2_and_3_with_dataset_expressions to None, run_after=None
[2024-11-09T12:43:58.321+0000] {logging_mixin.py:188} INFO - [2024-11-09T12:43:58.319+0000] {dag.py:3947} INFO - Setting next_dagrun for dataset_consumes_1 to None, run_after=None
[2024-11-09T12:43:58.328+0000] {logging_mixin.py:188} INFO - [2024-11-09T12:43:58.327+0000] {dag.py:3947} INFO - Setting next_dagrun for dataset_consumes_1_and_2 to None, run_after=None
[2024-11-09T12:43:58.333+0000] {logging_mixin.py:188} INFO - [2024-11-09T12:43:58.332+0000] {dag.py:3947} INFO - Setting next_dagrun for dataset_consumes_1_never_scheduled to None, run_after=None
[2024-11-09T12:43:58.338+0000] {logging_mixin.py:188} INFO - [2024-11-09T12:43:58.337+0000] {dag.py:3947} INFO - Setting next_dagrun for dataset_consumes_unknown_never_scheduled to None, run_after=None
[2024-11-09T12:43:58.350+0000] {logging_mixin.py:188} INFO - [2024-11-09T12:43:58.350+0000] {dag.py:3947} INFO - Setting next_dagrun for dataset_produces_1 to 2024-11-08 00:00:00+00:00, run_after=2024-11-09 00:00:00+00:00
[2024-11-09T12:43:58.360+0000] {logging_mixin.py:188} INFO - [2024-11-09T12:43:58.359+0000] {dag.py:3947} INFO - Setting next_dagrun for dataset_produces_2 to None, run_after=None
[2024-11-09T12:43:58.814+0000] {processor.py:183} INFO - Processing /home/airflow/.local/lib/python3.12/site-packages/airflow/example_dags/example_datasets.py took 2.948 seconds
[2024-11-09T12:44:29.380+0000] {processor.py:161} INFO - Started process (PID=631) to work on /home/airflow/.local/lib/python3.12/site-packages/airflow/example_dags/example_datasets.py
[2024-11-09T12:44:29.386+0000] {processor.py:830} INFO - Processing file /home/airflow/.local/lib/python3.12/site-packages/airflow/example_dags/example_datasets.py for tasks to queue
[2024-11-09T12:44:29.434+0000] {logging_mixin.py:188} INFO - [2024-11-09T12:44:29.431+0000] {dagbag.py:545} INFO - Filling up the DagBag from /home/airflow/.local/lib/python3.12/site-packages/airflow/example_dags/example_datasets.py
[2024-11-09T12:44:29.862+0000] {processor.py:840} INFO - DAG(s) 'dataset_consumes_1', 'dataset_consumes_1_and_2', 'consume_1_or_2_with_dataset_expressions', 'consume_1_or_both_2_and_3_with_dataset_expressions', 'dataset_consumes_unknown_never_scheduled', 'consume_1_and_2_with_dataset_expressions', 'dataset_produces_1', 'dataset_consumes_1_never_scheduled', 'conditional_dataset_and_time_based_timetable', 'dataset_produces_2' retrieved from /home/airflow/.local/lib/python3.12/site-packages/airflow/example_dags/example_datasets.py
[2024-11-09T12:44:30.406+0000] {logging_mixin.py:188} INFO - [2024-11-09T12:44:30.405+0000] {dag.py:3089} INFO - Sync 10 DAGs
[2024-11-09T12:44:31.093+0000] {logging_mixin.py:188} INFO - [2024-11-09T12:44:31.090+0000] {dag.py:3947} INFO - Setting next_dagrun for conditional_dataset_and_time_based_timetable to 2024-11-06 01:00:00+00:00, run_after=2024-11-06 01:00:00+00:00
[2024-11-09T12:44:31.170+0000] {logging_mixin.py:188} INFO - [2024-11-09T12:44:31.169+0000] {dag.py:3947} INFO - Setting next_dagrun for consume_1_and_2_with_dataset_expressions to None, run_after=None
[2024-11-09T12:44:31.192+0000] {logging_mixin.py:188} INFO - [2024-11-09T12:44:31.180+0000] {dag.py:3947} INFO - Setting next_dagrun for consume_1_or_2_with_dataset_expressions to None, run_after=None
[2024-11-09T12:44:31.196+0000] {logging_mixin.py:188} INFO - [2024-11-09T12:44:31.196+0000] {dag.py:3947} INFO - Setting next_dagrun for consume_1_or_both_2_and_3_with_dataset_expressions to None, run_after=None
[2024-11-09T12:44:31.201+0000] {logging_mixin.py:188} INFO - [2024-11-09T12:44:31.199+0000] {dag.py:3947} INFO - Setting next_dagrun for dataset_consumes_1 to None, run_after=None
[2024-11-09T12:44:31.209+0000] {logging_mixin.py:188} INFO - [2024-11-09T12:44:31.207+0000] {dag.py:3947} INFO - Setting next_dagrun for dataset_consumes_1_and_2 to None, run_after=None
[2024-11-09T12:44:31.212+0000] {logging_mixin.py:188} INFO - [2024-11-09T12:44:31.211+0000] {dag.py:3947} INFO - Setting next_dagrun for dataset_consumes_1_never_scheduled to None, run_after=None
[2024-11-09T12:44:31.215+0000] {logging_mixin.py:188} INFO - [2024-11-09T12:44:31.215+0000] {dag.py:3947} INFO - Setting next_dagrun for dataset_consumes_unknown_never_scheduled to None, run_after=None
[2024-11-09T12:44:31.229+0000] {logging_mixin.py:188} INFO - [2024-11-09T12:44:31.228+0000] {dag.py:3947} INFO - Setting next_dagrun for dataset_produces_1 to 2024-11-08 00:00:00+00:00, run_after=2024-11-09 00:00:00+00:00
[2024-11-09T12:44:31.233+0000] {logging_mixin.py:188} INFO - [2024-11-09T12:44:31.232+0000] {dag.py:3947} INFO - Setting next_dagrun for dataset_produces_2 to None, run_after=None
[2024-11-09T12:44:31.575+0000] {processor.py:183} INFO - Processing /home/airflow/.local/lib/python3.12/site-packages/airflow/example_dags/example_datasets.py took 2.270 seconds
[2024-11-09T12:45:22.185+0000] {processor.py:161} INFO - Started process (PID=683) to work on /home/airflow/.local/lib/python3.12/site-packages/airflow/example_dags/example_datasets.py
[2024-11-09T12:45:22.190+0000] {processor.py:830} INFO - Processing file /home/airflow/.local/lib/python3.12/site-packages/airflow/example_dags/example_datasets.py for tasks to queue
[2024-11-09T12:45:22.203+0000] {logging_mixin.py:188} INFO - [2024-11-09T12:45:22.202+0000] {dagbag.py:545} INFO - Filling up the DagBag from /home/airflow/.local/lib/python3.12/site-packages/airflow/example_dags/example_datasets.py
[2024-11-09T12:45:22.445+0000] {processor.py:840} INFO - DAG(s) 'conditional_dataset_and_time_based_timetable', 'dataset_consumes_1_and_2', 'consume_1_or_both_2_and_3_with_dataset_expressions', 'consume_1_and_2_with_dataset_expressions', 'dataset_produces_2', 'dataset_consumes_1', 'dataset_consumes_1_never_scheduled', 'dataset_consumes_unknown_never_scheduled', 'dataset_produces_1', 'consume_1_or_2_with_dataset_expressions' retrieved from /home/airflow/.local/lib/python3.12/site-packages/airflow/example_dags/example_datasets.py
[2024-11-09T12:45:23.072+0000] {logging_mixin.py:188} INFO - [2024-11-09T12:45:23.071+0000] {dag.py:3089} INFO - Sync 10 DAGs
[2024-11-09T12:45:23.384+0000] {logging_mixin.py:188} INFO - [2024-11-09T12:45:23.382+0000] {dag.py:3947} INFO - Setting next_dagrun for conditional_dataset_and_time_based_timetable to 2024-11-06 01:00:00+00:00, run_after=2024-11-06 01:00:00+00:00
[2024-11-09T12:45:23.474+0000] {logging_mixin.py:188} INFO - [2024-11-09T12:45:23.473+0000] {dag.py:3947} INFO - Setting next_dagrun for consume_1_and_2_with_dataset_expressions to None, run_after=None
[2024-11-09T12:45:23.480+0000] {logging_mixin.py:188} INFO - [2024-11-09T12:45:23.478+0000] {dag.py:3947} INFO - Setting next_dagrun for consume_1_or_2_with_dataset_expressions to None, run_after=None
[2024-11-09T12:45:23.485+0000] {logging_mixin.py:188} INFO - [2024-11-09T12:45:23.484+0000] {dag.py:3947} INFO - Setting next_dagrun for consume_1_or_both_2_and_3_with_dataset_expressions to None, run_after=None
[2024-11-09T12:45:23.493+0000] {logging_mixin.py:188} INFO - [2024-11-09T12:45:23.492+0000] {dag.py:3947} INFO - Setting next_dagrun for dataset_consumes_1 to None, run_after=None
[2024-11-09T12:45:23.505+0000] {logging_mixin.py:188} INFO - [2024-11-09T12:45:23.504+0000] {dag.py:3947} INFO - Setting next_dagrun for dataset_consumes_1_and_2 to None, run_after=None
[2024-11-09T12:45:23.510+0000] {logging_mixin.py:188} INFO - [2024-11-09T12:45:23.509+0000] {dag.py:3947} INFO - Setting next_dagrun for dataset_consumes_1_never_scheduled to None, run_after=None
[2024-11-09T12:45:23.518+0000] {logging_mixin.py:188} INFO - [2024-11-09T12:45:23.517+0000] {dag.py:3947} INFO - Setting next_dagrun for dataset_consumes_unknown_never_scheduled to None, run_after=None
[2024-11-09T12:45:23.550+0000] {logging_mixin.py:188} INFO - [2024-11-09T12:45:23.549+0000] {dag.py:3947} INFO - Setting next_dagrun for dataset_produces_1 to 2024-11-08 00:00:00+00:00, run_after=2024-11-09 00:00:00+00:00
[2024-11-09T12:45:23.558+0000] {logging_mixin.py:188} INFO - [2024-11-09T12:45:23.557+0000] {dag.py:3947} INFO - Setting next_dagrun for dataset_produces_2 to None, run_after=None
[2024-11-09T12:45:23.831+0000] {processor.py:183} INFO - Processing /home/airflow/.local/lib/python3.12/site-packages/airflow/example_dags/example_datasets.py took 1.676 seconds
