[2024-11-09T12:38:02.094+0000] {processor.py:161} INFO - Started process (PID=79) to work on /home/airflow/.local/lib/python3.12/site-packages/airflow/example_dags/tutorial_objectstorage.py
[2024-11-09T12:38:02.124+0000] {processor.py:830} INFO - Processing file /home/airflow/.local/lib/python3.12/site-packages/airflow/example_dags/tutorial_objectstorage.py for tasks to queue
[2024-11-09T12:38:02.137+0000] {logging_mixin.py:188} INFO - [2024-11-09T12:38:02.136+0000] {dagbag.py:545} INFO - Filling up the DagBag from /home/airflow/.local/lib/python3.12/site-packages/airflow/example_dags/tutorial_objectstorage.py
[2024-11-09T12:38:02.299+0000] {processor.py:840} INFO - DAG(s) 'tutorial_objectstorage' retrieved from /home/airflow/.local/lib/python3.12/site-packages/airflow/example_dags/tutorial_objectstorage.py
[2024-11-09T12:38:03.069+0000] {logging_mixin.py:188} INFO - [2024-11-09T12:38:03.068+0000] {dag.py:3089} INFO - Sync 1 DAGs
[2024-11-09T12:38:03.603+0000] {logging_mixin.py:188} INFO - [2024-11-09T12:38:03.602+0000] {dag.py:3947} INFO - Setting next_dagrun for tutorial_objectstorage to None, run_after=None
[2024-11-09T12:38:03.773+0000] {processor.py:183} INFO - Processing /home/airflow/.local/lib/python3.12/site-packages/airflow/example_dags/tutorial_objectstorage.py took 1.796 seconds
[2024-11-09T12:39:36.976+0000] {processor.py:161} INFO - Started process (PID=152) to work on /home/airflow/.local/lib/python3.12/site-packages/airflow/example_dags/tutorial_objectstorage.py
[2024-11-09T12:39:36.983+0000] {processor.py:830} INFO - Processing file /home/airflow/.local/lib/python3.12/site-packages/airflow/example_dags/tutorial_objectstorage.py for tasks to queue
[2024-11-09T12:39:36.990+0000] {logging_mixin.py:188} INFO - [2024-11-09T12:39:36.989+0000] {dagbag.py:545} INFO - Filling up the DagBag from /home/airflow/.local/lib/python3.12/site-packages/airflow/example_dags/tutorial_objectstorage.py
[2024-11-09T12:39:37.018+0000] {processor.py:840} INFO - DAG(s) 'tutorial_objectstorage' retrieved from /home/airflow/.local/lib/python3.12/site-packages/airflow/example_dags/tutorial_objectstorage.py
[2024-11-09T12:39:37.161+0000] {logging_mixin.py:188} INFO - [2024-11-09T12:39:37.159+0000] {dag.py:3089} INFO - Sync 1 DAGs
[2024-11-09T12:39:37.330+0000] {logging_mixin.py:188} INFO - [2024-11-09T12:39:37.329+0000] {dag.py:3947} INFO - Setting next_dagrun for tutorial_objectstorage to None, run_after=None
[2024-11-09T12:39:37.477+0000] {processor.py:183} INFO - Processing /home/airflow/.local/lib/python3.12/site-packages/airflow/example_dags/tutorial_objectstorage.py took 0.546 seconds
[2024-11-09T12:40:08.169+0000] {processor.py:161} INFO - Started process (PID=211) to work on /home/airflow/.local/lib/python3.12/site-packages/airflow/example_dags/tutorial_objectstorage.py
[2024-11-09T12:40:08.183+0000] {processor.py:830} INFO - Processing file /home/airflow/.local/lib/python3.12/site-packages/airflow/example_dags/tutorial_objectstorage.py for tasks to queue
[2024-11-09T12:40:08.194+0000] {logging_mixin.py:188} INFO - [2024-11-09T12:40:08.193+0000] {dagbag.py:545} INFO - Filling up the DagBag from /home/airflow/.local/lib/python3.12/site-packages/airflow/example_dags/tutorial_objectstorage.py
[2024-11-09T12:40:08.246+0000] {processor.py:840} INFO - DAG(s) 'tutorial_objectstorage' retrieved from /home/airflow/.local/lib/python3.12/site-packages/airflow/example_dags/tutorial_objectstorage.py
[2024-11-09T12:40:08.407+0000] {logging_mixin.py:188} INFO - [2024-11-09T12:40:08.399+0000] {dag.py:3089} INFO - Sync 1 DAGs
[2024-11-09T12:40:08.559+0000] {logging_mixin.py:188} INFO - [2024-11-09T12:40:08.558+0000] {dag.py:3947} INFO - Setting next_dagrun for tutorial_objectstorage to None, run_after=None
[2024-11-09T12:40:08.803+0000] {processor.py:183} INFO - Processing /home/airflow/.local/lib/python3.12/site-packages/airflow/example_dags/tutorial_objectstorage.py took 0.669 seconds
[2024-11-09T12:41:16.740+0000] {processor.py:161} INFO - Started process (PID=276) to work on /home/airflow/.local/lib/python3.12/site-packages/airflow/example_dags/tutorial_objectstorage.py
[2024-11-09T12:41:16.754+0000] {processor.py:830} INFO - Processing file /home/airflow/.local/lib/python3.12/site-packages/airflow/example_dags/tutorial_objectstorage.py for tasks to queue
[2024-11-09T12:41:16.811+0000] {logging_mixin.py:188} INFO - [2024-11-09T12:41:16.804+0000] {dagbag.py:545} INFO - Filling up the DagBag from /home/airflow/.local/lib/python3.12/site-packages/airflow/example_dags/tutorial_objectstorage.py
[2024-11-09T12:41:17.142+0000] {processor.py:840} INFO - DAG(s) 'tutorial_objectstorage' retrieved from /home/airflow/.local/lib/python3.12/site-packages/airflow/example_dags/tutorial_objectstorage.py
[2024-11-09T12:41:17.624+0000] {logging_mixin.py:188} INFO - [2024-11-09T12:41:17.623+0000] {dag.py:3089} INFO - Sync 1 DAGs
[2024-11-09T12:41:17.685+0000] {logging_mixin.py:188} INFO - [2024-11-09T12:41:17.684+0000] {dag.py:3947} INFO - Setting next_dagrun for tutorial_objectstorage to None, run_after=None
[2024-11-09T12:41:17.764+0000] {processor.py:183} INFO - Processing /home/airflow/.local/lib/python3.12/site-packages/airflow/example_dags/tutorial_objectstorage.py took 1.110 seconds
[2024-11-09T12:41:48.204+0000] {processor.py:161} INFO - Started process (PID=336) to work on /home/airflow/.local/lib/python3.12/site-packages/airflow/example_dags/tutorial_objectstorage.py
[2024-11-09T12:41:48.208+0000] {processor.py:830} INFO - Processing file /home/airflow/.local/lib/python3.12/site-packages/airflow/example_dags/tutorial_objectstorage.py for tasks to queue
[2024-11-09T12:41:48.215+0000] {logging_mixin.py:188} INFO - [2024-11-09T12:41:48.214+0000] {dagbag.py:545} INFO - Filling up the DagBag from /home/airflow/.local/lib/python3.12/site-packages/airflow/example_dags/tutorial_objectstorage.py
[2024-11-09T12:41:48.254+0000] {processor.py:840} INFO - DAG(s) 'tutorial_objectstorage' retrieved from /home/airflow/.local/lib/python3.12/site-packages/airflow/example_dags/tutorial_objectstorage.py
[2024-11-09T12:41:48.311+0000] {logging_mixin.py:188} INFO - [2024-11-09T12:41:48.311+0000] {dag.py:3089} INFO - Sync 1 DAGs
[2024-11-09T12:41:48.343+0000] {logging_mixin.py:188} INFO - [2024-11-09T12:41:48.343+0000] {dag.py:3947} INFO - Setting next_dagrun for tutorial_objectstorage to None, run_after=None
[2024-11-09T12:41:48.404+0000] {processor.py:183} INFO - Processing /home/airflow/.local/lib/python3.12/site-packages/airflow/example_dags/tutorial_objectstorage.py took 0.241 seconds
[2024-11-09T12:42:19.596+0000] {processor.py:161} INFO - Started process (PID=395) to work on /home/airflow/.local/lib/python3.12/site-packages/airflow/example_dags/tutorial_objectstorage.py
[2024-11-09T12:42:19.599+0000] {processor.py:830} INFO - Processing file /home/airflow/.local/lib/python3.12/site-packages/airflow/example_dags/tutorial_objectstorage.py for tasks to queue
[2024-11-09T12:42:19.610+0000] {logging_mixin.py:188} INFO - [2024-11-09T12:42:19.608+0000] {dagbag.py:545} INFO - Filling up the DagBag from /home/airflow/.local/lib/python3.12/site-packages/airflow/example_dags/tutorial_objectstorage.py
[2024-11-09T12:42:19.662+0000] {processor.py:840} INFO - DAG(s) 'tutorial_objectstorage' retrieved from /home/airflow/.local/lib/python3.12/site-packages/airflow/example_dags/tutorial_objectstorage.py
[2024-11-09T12:42:19.768+0000] {logging_mixin.py:188} INFO - [2024-11-09T12:42:19.767+0000] {dag.py:3089} INFO - Sync 1 DAGs
[2024-11-09T12:42:19.937+0000] {logging_mixin.py:188} INFO - [2024-11-09T12:42:19.937+0000] {dag.py:3947} INFO - Setting next_dagrun for tutorial_objectstorage to None, run_after=None
[2024-11-09T12:42:20.154+0000] {processor.py:183} INFO - Processing /home/airflow/.local/lib/python3.12/site-packages/airflow/example_dags/tutorial_objectstorage.py took 0.614 seconds
[2024-11-09T12:42:50.507+0000] {processor.py:161} INFO - Started process (PID=455) to work on /home/airflow/.local/lib/python3.12/site-packages/airflow/example_dags/tutorial_objectstorage.py
[2024-11-09T12:42:50.509+0000] {processor.py:830} INFO - Processing file /home/airflow/.local/lib/python3.12/site-packages/airflow/example_dags/tutorial_objectstorage.py for tasks to queue
[2024-11-09T12:42:50.515+0000] {logging_mixin.py:188} INFO - [2024-11-09T12:42:50.515+0000] {dagbag.py:545} INFO - Filling up the DagBag from /home/airflow/.local/lib/python3.12/site-packages/airflow/example_dags/tutorial_objectstorage.py
[2024-11-09T12:42:50.548+0000] {processor.py:840} INFO - DAG(s) 'tutorial_objectstorage' retrieved from /home/airflow/.local/lib/python3.12/site-packages/airflow/example_dags/tutorial_objectstorage.py
[2024-11-09T12:42:50.618+0000] {logging_mixin.py:188} INFO - [2024-11-09T12:42:50.618+0000] {dag.py:3089} INFO - Sync 1 DAGs
[2024-11-09T12:42:50.665+0000] {logging_mixin.py:188} INFO - [2024-11-09T12:42:50.664+0000] {dag.py:3947} INFO - Setting next_dagrun for tutorial_objectstorage to None, run_after=None
[2024-11-09T12:42:50.728+0000] {processor.py:183} INFO - Processing /home/airflow/.local/lib/python3.12/site-packages/airflow/example_dags/tutorial_objectstorage.py took 0.241 seconds
[2024-11-09T12:43:21.101+0000] {processor.py:161} INFO - Started process (PID=515) to work on /home/airflow/.local/lib/python3.12/site-packages/airflow/example_dags/tutorial_objectstorage.py
[2024-11-09T12:43:21.131+0000] {processor.py:830} INFO - Processing file /home/airflow/.local/lib/python3.12/site-packages/airflow/example_dags/tutorial_objectstorage.py for tasks to queue
[2024-11-09T12:43:21.142+0000] {logging_mixin.py:188} INFO - [2024-11-09T12:43:21.141+0000] {dagbag.py:545} INFO - Filling up the DagBag from /home/airflow/.local/lib/python3.12/site-packages/airflow/example_dags/tutorial_objectstorage.py
[2024-11-09T12:43:21.166+0000] {processor.py:840} INFO - DAG(s) 'tutorial_objectstorage' retrieved from /home/airflow/.local/lib/python3.12/site-packages/airflow/example_dags/tutorial_objectstorage.py
[2024-11-09T12:43:21.229+0000] {logging_mixin.py:188} INFO - [2024-11-09T12:43:21.229+0000] {dag.py:3089} INFO - Sync 1 DAGs
[2024-11-09T12:43:21.276+0000] {logging_mixin.py:188} INFO - [2024-11-09T12:43:21.275+0000] {dag.py:3947} INFO - Setting next_dagrun for tutorial_objectstorage to None, run_after=None
[2024-11-09T12:43:21.345+0000] {processor.py:183} INFO - Processing /home/airflow/.local/lib/python3.12/site-packages/airflow/example_dags/tutorial_objectstorage.py took 0.294 seconds
[2024-11-09T12:44:05.985+0000] {processor.py:161} INFO - Started process (PID=579) to work on /home/airflow/.local/lib/python3.12/site-packages/airflow/example_dags/tutorial_objectstorage.py
[2024-11-09T12:44:05.991+0000] {processor.py:830} INFO - Processing file /home/airflow/.local/lib/python3.12/site-packages/airflow/example_dags/tutorial_objectstorage.py for tasks to queue
[2024-11-09T12:44:06.011+0000] {logging_mixin.py:188} INFO - [2024-11-09T12:44:06.006+0000] {dagbag.py:545} INFO - Filling up the DagBag from /home/airflow/.local/lib/python3.12/site-packages/airflow/example_dags/tutorial_objectstorage.py
[2024-11-09T12:44:06.059+0000] {processor.py:840} INFO - DAG(s) 'tutorial_objectstorage' retrieved from /home/airflow/.local/lib/python3.12/site-packages/airflow/example_dags/tutorial_objectstorage.py
[2024-11-09T12:44:06.267+0000] {logging_mixin.py:188} INFO - [2024-11-09T12:44:06.266+0000] {dag.py:3089} INFO - Sync 1 DAGs
[2024-11-09T12:44:06.380+0000] {logging_mixin.py:188} INFO - [2024-11-09T12:44:06.377+0000] {dag.py:3947} INFO - Setting next_dagrun for tutorial_objectstorage to None, run_after=None
[2024-11-09T12:44:06.567+0000] {processor.py:183} INFO - Processing /home/airflow/.local/lib/python3.12/site-packages/airflow/example_dags/tutorial_objectstorage.py took 0.654 seconds
[2024-11-09T12:44:41.185+0000] {processor.py:161} INFO - Started process (PID=640) to work on /home/airflow/.local/lib/python3.12/site-packages/airflow/example_dags/tutorial_objectstorage.py
[2024-11-09T12:44:41.200+0000] {processor.py:830} INFO - Processing file /home/airflow/.local/lib/python3.12/site-packages/airflow/example_dags/tutorial_objectstorage.py for tasks to queue
[2024-11-09T12:44:41.325+0000] {logging_mixin.py:188} INFO - [2024-11-09T12:44:41.315+0000] {dagbag.py:545} INFO - Filling up the DagBag from /home/airflow/.local/lib/python3.12/site-packages/airflow/example_dags/tutorial_objectstorage.py
[2024-11-09T12:44:41.460+0000] {processor.py:840} INFO - DAG(s) 'tutorial_objectstorage' retrieved from /home/airflow/.local/lib/python3.12/site-packages/airflow/example_dags/tutorial_objectstorage.py
[2024-11-09T12:44:41.712+0000] {logging_mixin.py:188} INFO - [2024-11-09T12:44:41.710+0000] {dag.py:3089} INFO - Sync 1 DAGs
[2024-11-09T12:44:41.886+0000] {logging_mixin.py:188} INFO - [2024-11-09T12:44:41.885+0000] {dag.py:3947} INFO - Setting next_dagrun for tutorial_objectstorage to None, run_after=None
[2024-11-09T12:44:42.137+0000] {processor.py:183} INFO - Processing /home/airflow/.local/lib/python3.12/site-packages/airflow/example_dags/tutorial_objectstorage.py took 1.478 seconds
[2024-11-09T12:46:18.132+0000] {processor.py:161} INFO - Started process (PID=719) to work on /home/airflow/.local/lib/python3.12/site-packages/airflow/example_dags/tutorial_objectstorage.py
[2024-11-09T12:46:18.147+0000] {processor.py:830} INFO - Processing file /home/airflow/.local/lib/python3.12/site-packages/airflow/example_dags/tutorial_objectstorage.py for tasks to queue
[2024-11-09T12:46:18.183+0000] {logging_mixin.py:188} INFO - [2024-11-09T12:46:18.175+0000] {dagbag.py:545} INFO - Filling up the DagBag from /home/airflow/.local/lib/python3.12/site-packages/airflow/example_dags/tutorial_objectstorage.py
[2024-11-09T12:46:18.355+0000] {processor.py:840} INFO - DAG(s) 'tutorial_objectstorage' retrieved from /home/airflow/.local/lib/python3.12/site-packages/airflow/example_dags/tutorial_objectstorage.py
[2024-11-09T12:46:19.561+0000] {logging_mixin.py:188} INFO - [2024-11-09T12:46:19.481+0000] {dag.py:3089} INFO - Sync 1 DAGs
[2024-11-09T12:46:19.931+0000] {logging_mixin.py:188} INFO - [2024-11-09T12:46:19.930+0000] {dag.py:3947} INFO - Setting next_dagrun for tutorial_objectstorage to None, run_after=None
[2024-11-09T12:46:20.477+0000] {processor.py:183} INFO - Processing /home/airflow/.local/lib/python3.12/site-packages/airflow/example_dags/tutorial_objectstorage.py took 2.430 seconds
