[2024-11-05T13:23:45.905+0000] {processor.py:161} INFO - Started process (PID=74) to work on /home/airflow/.local/lib/python3.12/site-packages/airflow/example_dags/example_complex.py
[2024-11-05T13:23:45.907+0000] {processor.py:830} INFO - Processing file /home/airflow/.local/lib/python3.12/site-packages/airflow/example_dags/example_complex.py for tasks to queue
[2024-11-05T13:23:45.912+0000] {logging_mixin.py:188} INFO - [2024-11-05T13:23:45.911+0000] {dagbag.py:545} INFO - Filling up the DagBag from /home/airflow/.local/lib/python3.12/site-packages/airflow/example_dags/example_complex.py
[2024-11-05T13:23:45.937+0000] {processor.py:840} INFO - DAG(s) 'example_complex' retrieved from /home/airflow/.local/lib/python3.12/site-packages/airflow/example_dags/example_complex.py
[2024-11-05T13:23:46.033+0000] {logging_mixin.py:188} INFO - [2024-11-05T13:23:46.033+0000] {dag.py:3089} INFO - Sync 1 DAGs
[2024-11-05T13:23:46.065+0000] {logging_mixin.py:188} INFO - [2024-11-05T13:23:46.064+0000] {dag.py:3947} INFO - Setting next_dagrun for example_complex to None, run_after=None
[2024-11-05T13:23:46.128+0000] {processor.py:183} INFO - Processing /home/airflow/.local/lib/python3.12/site-packages/airflow/example_dags/example_complex.py took 0.237 seconds
[2024-11-05T13:27:37.705+0000] {processor.py:161} INFO - Started process (PID=73) to work on /home/airflow/.local/lib/python3.12/site-packages/airflow/example_dags/example_complex.py
[2024-11-05T13:27:37.721+0000] {processor.py:830} INFO - Processing file /home/airflow/.local/lib/python3.12/site-packages/airflow/example_dags/example_complex.py for tasks to queue
[2024-11-05T13:27:37.764+0000] {logging_mixin.py:188} INFO - [2024-11-05T13:27:37.752+0000] {dagbag.py:545} INFO - Filling up the DagBag from /home/airflow/.local/lib/python3.12/site-packages/airflow/example_dags/example_complex.py
[2024-11-05T13:27:37.993+0000] {processor.py:840} INFO - DAG(s) 'example_complex' retrieved from /home/airflow/.local/lib/python3.12/site-packages/airflow/example_dags/example_complex.py
[2024-11-05T13:27:38.941+0000] {logging_mixin.py:188} INFO - [2024-11-05T13:27:38.941+0000] {dag.py:3089} INFO - Sync 1 DAGs
[2024-11-05T13:27:38.962+0000] {logging_mixin.py:188} INFO - [2024-11-05T13:27:38.961+0000] {dag.py:3947} INFO - Setting next_dagrun for example_complex to None, run_after=None
[2024-11-05T13:27:39.028+0000] {processor.py:183} INFO - Processing /home/airflow/.local/lib/python3.12/site-packages/airflow/example_dags/example_complex.py took 1.352 seconds
[2024-11-05T13:28:10.790+0000] {processor.py:161} INFO - Started process (PID=133) to work on /home/airflow/.local/lib/python3.12/site-packages/airflow/example_dags/example_complex.py
[2024-11-05T13:28:10.792+0000] {processor.py:830} INFO - Processing file /home/airflow/.local/lib/python3.12/site-packages/airflow/example_dags/example_complex.py for tasks to queue
[2024-11-05T13:28:10.796+0000] {logging_mixin.py:188} INFO - [2024-11-05T13:28:10.795+0000] {dagbag.py:545} INFO - Filling up the DagBag from /home/airflow/.local/lib/python3.12/site-packages/airflow/example_dags/example_complex.py
[2024-11-05T13:28:10.820+0000] {processor.py:840} INFO - DAG(s) 'example_complex' retrieved from /home/airflow/.local/lib/python3.12/site-packages/airflow/example_dags/example_complex.py
[2024-11-05T13:28:10.904+0000] {logging_mixin.py:188} INFO - [2024-11-05T13:28:10.903+0000] {dag.py:3089} INFO - Sync 1 DAGs
[2024-11-05T13:28:10.928+0000] {logging_mixin.py:188} INFO - [2024-11-05T13:28:10.928+0000] {dag.py:3947} INFO - Setting next_dagrun for example_complex to None, run_after=None
[2024-11-05T13:28:10.968+0000] {processor.py:183} INFO - Processing /home/airflow/.local/lib/python3.12/site-packages/airflow/example_dags/example_complex.py took 0.190 seconds
[2024-11-05T13:28:42.063+0000] {processor.py:161} INFO - Started process (PID=193) to work on /home/airflow/.local/lib/python3.12/site-packages/airflow/example_dags/example_complex.py
[2024-11-05T13:28:42.066+0000] {processor.py:830} INFO - Processing file /home/airflow/.local/lib/python3.12/site-packages/airflow/example_dags/example_complex.py for tasks to queue
[2024-11-05T13:28:42.071+0000] {logging_mixin.py:188} INFO - [2024-11-05T13:28:42.070+0000] {dagbag.py:545} INFO - Filling up the DagBag from /home/airflow/.local/lib/python3.12/site-packages/airflow/example_dags/example_complex.py
[2024-11-05T13:28:42.110+0000] {processor.py:840} INFO - DAG(s) 'example_complex' retrieved from /home/airflow/.local/lib/python3.12/site-packages/airflow/example_dags/example_complex.py
[2024-11-05T13:28:42.200+0000] {logging_mixin.py:188} INFO - [2024-11-05T13:28:42.199+0000] {dag.py:3089} INFO - Sync 1 DAGs
[2024-11-05T13:28:42.228+0000] {logging_mixin.py:188} INFO - [2024-11-05T13:28:42.227+0000] {dag.py:3947} INFO - Setting next_dagrun for example_complex to None, run_after=None
[2024-11-05T13:28:42.270+0000] {processor.py:183} INFO - Processing /home/airflow/.local/lib/python3.12/site-packages/airflow/example_dags/example_complex.py took 0.228 seconds
[2024-11-05T13:29:26.506+0000] {processor.py:161} INFO - Started process (PID=253) to work on /home/airflow/.local/lib/python3.12/site-packages/airflow/example_dags/example_complex.py
[2024-11-05T13:29:26.509+0000] {processor.py:830} INFO - Processing file /home/airflow/.local/lib/python3.12/site-packages/airflow/example_dags/example_complex.py for tasks to queue
[2024-11-05T13:29:26.527+0000] {logging_mixin.py:188} INFO - [2024-11-05T13:29:26.525+0000] {dagbag.py:545} INFO - Filling up the DagBag from /home/airflow/.local/lib/python3.12/site-packages/airflow/example_dags/example_complex.py
[2024-11-05T13:29:26.561+0000] {processor.py:840} INFO - DAG(s) 'example_complex' retrieved from /home/airflow/.local/lib/python3.12/site-packages/airflow/example_dags/example_complex.py
[2024-11-05T13:29:26.942+0000] {logging_mixin.py:188} INFO - [2024-11-05T13:29:26.942+0000] {dag.py:3089} INFO - Sync 1 DAGs
[2024-11-05T13:29:27.047+0000] {logging_mixin.py:188} INFO - [2024-11-05T13:29:27.047+0000] {dag.py:3947} INFO - Setting next_dagrun for example_complex to None, run_after=None
[2024-11-05T13:29:27.566+0000] {processor.py:183} INFO - Processing /home/airflow/.local/lib/python3.12/site-packages/airflow/example_dags/example_complex.py took 1.084 seconds
[2024-11-05T13:29:58.009+0000] {processor.py:161} INFO - Started process (PID=313) to work on /home/airflow/.local/lib/python3.12/site-packages/airflow/example_dags/example_complex.py
[2024-11-05T13:29:58.027+0000] {processor.py:830} INFO - Processing file /home/airflow/.local/lib/python3.12/site-packages/airflow/example_dags/example_complex.py for tasks to queue
[2024-11-05T13:29:58.050+0000] {logging_mixin.py:188} INFO - [2024-11-05T13:29:58.049+0000] {dagbag.py:545} INFO - Filling up the DagBag from /home/airflow/.local/lib/python3.12/site-packages/airflow/example_dags/example_complex.py
[2024-11-05T13:29:58.226+0000] {processor.py:840} INFO - DAG(s) 'example_complex' retrieved from /home/airflow/.local/lib/python3.12/site-packages/airflow/example_dags/example_complex.py
[2024-11-05T13:29:58.442+0000] {logging_mixin.py:188} INFO - [2024-11-05T13:29:58.442+0000] {dag.py:3089} INFO - Sync 1 DAGs
[2024-11-05T13:29:58.511+0000] {logging_mixin.py:188} INFO - [2024-11-05T13:29:58.510+0000] {dag.py:3947} INFO - Setting next_dagrun for example_complex to None, run_after=None
[2024-11-05T13:29:58.589+0000] {processor.py:183} INFO - Processing /home/airflow/.local/lib/python3.12/site-packages/airflow/example_dags/example_complex.py took 0.633 seconds
[2024-11-05T13:30:30.499+0000] {processor.py:161} INFO - Started process (PID=373) to work on /home/airflow/.local/lib/python3.12/site-packages/airflow/example_dags/example_complex.py
[2024-11-05T13:30:30.502+0000] {processor.py:830} INFO - Processing file /home/airflow/.local/lib/python3.12/site-packages/airflow/example_dags/example_complex.py for tasks to queue
[2024-11-05T13:30:30.513+0000] {logging_mixin.py:188} INFO - [2024-11-05T13:30:30.510+0000] {dagbag.py:545} INFO - Filling up the DagBag from /home/airflow/.local/lib/python3.12/site-packages/airflow/example_dags/example_complex.py
[2024-11-05T13:30:30.566+0000] {processor.py:840} INFO - DAG(s) 'example_complex' retrieved from /home/airflow/.local/lib/python3.12/site-packages/airflow/example_dags/example_complex.py
[2024-11-05T13:30:30.725+0000] {logging_mixin.py:188} INFO - [2024-11-05T13:30:30.725+0000] {dag.py:3089} INFO - Sync 1 DAGs
[2024-11-05T13:30:30.778+0000] {logging_mixin.py:188} INFO - [2024-11-05T13:30:30.777+0000] {dag.py:3947} INFO - Setting next_dagrun for example_complex to None, run_after=None
[2024-11-05T13:30:30.885+0000] {processor.py:183} INFO - Processing /home/airflow/.local/lib/python3.12/site-packages/airflow/example_dags/example_complex.py took 0.409 seconds
[2024-11-05T13:31:10.277+0000] {processor.py:161} INFO - Started process (PID=433) to work on /home/airflow/.local/lib/python3.12/site-packages/airflow/example_dags/example_complex.py
[2024-11-05T13:31:10.302+0000] {processor.py:830} INFO - Processing file /home/airflow/.local/lib/python3.12/site-packages/airflow/example_dags/example_complex.py for tasks to queue
[2024-11-05T13:31:10.330+0000] {logging_mixin.py:188} INFO - [2024-11-05T13:31:10.328+0000] {dagbag.py:545} INFO - Filling up the DagBag from /home/airflow/.local/lib/python3.12/site-packages/airflow/example_dags/example_complex.py
[2024-11-05T13:31:10.433+0000] {processor.py:840} INFO - DAG(s) 'example_complex' retrieved from /home/airflow/.local/lib/python3.12/site-packages/airflow/example_dags/example_complex.py
[2024-11-05T13:31:10.741+0000] {logging_mixin.py:188} INFO - [2024-11-05T13:31:10.740+0000] {dag.py:3089} INFO - Sync 1 DAGs
[2024-11-05T13:31:10.823+0000] {logging_mixin.py:188} INFO - [2024-11-05T13:31:10.823+0000] {dag.py:3947} INFO - Setting next_dagrun for example_complex to None, run_after=None
[2024-11-05T13:31:11.046+0000] {processor.py:183} INFO - Processing /home/airflow/.local/lib/python3.12/site-packages/airflow/example_dags/example_complex.py took 0.847 seconds
[2024-11-05T13:32:30.492+0000] {processor.py:161} INFO - Started process (PID=510) to work on /home/airflow/.local/lib/python3.12/site-packages/airflow/example_dags/example_complex.py
[2024-11-05T13:32:30.496+0000] {processor.py:830} INFO - Processing file /home/airflow/.local/lib/python3.12/site-packages/airflow/example_dags/example_complex.py for tasks to queue
[2024-11-05T13:32:30.506+0000] {logging_mixin.py:188} INFO - [2024-11-05T13:32:30.505+0000] {dagbag.py:545} INFO - Filling up the DagBag from /home/airflow/.local/lib/python3.12/site-packages/airflow/example_dags/example_complex.py
[2024-11-05T13:32:30.559+0000] {processor.py:840} INFO - DAG(s) 'example_complex' retrieved from /home/airflow/.local/lib/python3.12/site-packages/airflow/example_dags/example_complex.py
[2024-11-05T13:32:30.833+0000] {logging_mixin.py:188} INFO - [2024-11-05T13:32:30.833+0000] {dag.py:3089} INFO - Sync 1 DAGs
[2024-11-05T13:32:31.016+0000] {logging_mixin.py:188} INFO - [2024-11-05T13:32:30.990+0000] {dag.py:3947} INFO - Setting next_dagrun for example_complex to None, run_after=None
[2024-11-05T13:32:31.165+0000] {processor.py:183} INFO - Processing /home/airflow/.local/lib/python3.12/site-packages/airflow/example_dags/example_complex.py took 0.745 seconds
[2024-11-05T13:33:25.741+0000] {processor.py:161} INFO - Started process (PID=575) to work on /home/airflow/.local/lib/python3.12/site-packages/airflow/example_dags/example_complex.py
[2024-11-05T13:33:25.750+0000] {processor.py:830} INFO - Processing file /home/airflow/.local/lib/python3.12/site-packages/airflow/example_dags/example_complex.py for tasks to queue
[2024-11-05T13:33:25.778+0000] {logging_mixin.py:188} INFO - [2024-11-05T13:33:25.775+0000] {dagbag.py:545} INFO - Filling up the DagBag from /home/airflow/.local/lib/python3.12/site-packages/airflow/example_dags/example_complex.py
[2024-11-05T13:33:25.898+0000] {processor.py:840} INFO - DAG(s) 'example_complex' retrieved from /home/airflow/.local/lib/python3.12/site-packages/airflow/example_dags/example_complex.py
[2024-11-05T13:33:26.478+0000] {logging_mixin.py:188} INFO - [2024-11-05T13:33:26.477+0000] {dag.py:3089} INFO - Sync 1 DAGs
[2024-11-05T13:33:26.796+0000] {logging_mixin.py:188} INFO - [2024-11-05T13:33:26.785+0000] {dag.py:3947} INFO - Setting next_dagrun for example_complex to None, run_after=None
[2024-11-05T13:33:27.122+0000] {processor.py:183} INFO - Processing /home/airflow/.local/lib/python3.12/site-packages/airflow/example_dags/example_complex.py took 1.447 seconds
[2024-11-05T13:38:54.112+0000] {processor.py:161} INFO - Started process (PID=645) to work on /home/airflow/.local/lib/python3.12/site-packages/airflow/example_dags/example_complex.py
[2024-11-05T13:38:54.121+0000] {processor.py:830} INFO - Processing file /home/airflow/.local/lib/python3.12/site-packages/airflow/example_dags/example_complex.py for tasks to queue
[2024-11-05T13:38:54.124+0000] {logging_mixin.py:188} INFO - [2024-11-05T13:38:54.123+0000] {dagbag.py:545} INFO - Filling up the DagBag from /home/airflow/.local/lib/python3.12/site-packages/airflow/example_dags/example_complex.py
[2024-11-05T13:38:54.343+0000] {processor.py:840} INFO - DAG(s) 'example_complex' retrieved from /home/airflow/.local/lib/python3.12/site-packages/airflow/example_dags/example_complex.py
[2024-11-05T13:38:55.573+0000] {logging_mixin.py:188} INFO - [2024-11-05T13:38:55.561+0000] {dag.py:3089} INFO - Sync 1 DAGs
[2024-11-05T13:38:55.875+0000] {logging_mixin.py:188} INFO - [2024-11-05T13:38:55.875+0000] {dag.py:3947} INFO - Setting next_dagrun for example_complex to None, run_after=None
[2024-11-05T13:38:55.988+0000] {processor.py:183} INFO - Processing /home/airflow/.local/lib/python3.12/site-packages/airflow/example_dags/example_complex.py took 1.997 seconds
