[2024-11-05T13:23:28.184+0000] {processor.py:161} INFO - Started process (PID=54) to work on /home/airflow/.local/lib/python3.12/site-packages/airflow/example_dags/example_display_name.py
[2024-11-05T13:23:28.186+0000] {processor.py:830} INFO - Processing file /home/airflow/.local/lib/python3.12/site-packages/airflow/example_dags/example_display_name.py for tasks to queue
[2024-11-05T13:23:28.244+0000] {logging_mixin.py:188} INFO - [2024-11-05T13:23:28.190+0000] {dagbag.py:545} INFO - Filling up the DagBag from /home/airflow/.local/lib/python3.12/site-packages/airflow/example_dags/example_display_name.py
[2024-11-05T13:23:28.302+0000] {processor.py:840} INFO - DAG(s) 'example_display_name' retrieved from /home/airflow/.local/lib/python3.12/site-packages/airflow/example_dags/example_display_name.py
[2024-11-05T13:23:28.456+0000] {logging_mixin.py:188} INFO - [2024-11-05T13:23:28.456+0000] {dag.py:3089} INFO - Sync 1 DAGs
[2024-11-05T13:23:28.498+0000] {logging_mixin.py:188} INFO - [2024-11-05T13:23:28.497+0000] {dag.py:3947} INFO - Setting next_dagrun for example_display_name to None, run_after=None
[2024-11-05T13:23:28.728+0000] {processor.py:183} INFO - Processing /home/airflow/.local/lib/python3.12/site-packages/airflow/example_dags/example_display_name.py took 0.606 seconds
[2024-11-05T13:27:02.624+0000] {processor.py:161} INFO - Started process (PID=43) to work on /home/airflow/.local/lib/python3.12/site-packages/airflow/example_dags/example_display_name.py
[2024-11-05T13:27:02.698+0000] {processor.py:830} INFO - Processing file /home/airflow/.local/lib/python3.12/site-packages/airflow/example_dags/example_display_name.py for tasks to queue
[2024-11-05T13:27:02.733+0000] {logging_mixin.py:188} INFO - [2024-11-05T13:27:02.733+0000] {dagbag.py:545} INFO - Filling up the DagBag from /home/airflow/.local/lib/python3.12/site-packages/airflow/example_dags/example_display_name.py
[2024-11-05T13:27:02.958+0000] {processor.py:840} INFO - DAG(s) 'example_display_name' retrieved from /home/airflow/.local/lib/python3.12/site-packages/airflow/example_dags/example_display_name.py
[2024-11-05T13:27:04.273+0000] {logging_mixin.py:188} INFO - [2024-11-05T13:27:04.272+0000] {dag.py:3089} INFO - Sync 1 DAGs
[2024-11-05T13:27:04.334+0000] {logging_mixin.py:188} INFO - [2024-11-05T13:27:04.329+0000] {dag.py:3947} INFO - Setting next_dagrun for example_display_name to None, run_after=None
[2024-11-05T13:27:04.630+0000] {processor.py:183} INFO - Processing /home/airflow/.local/lib/python3.12/site-packages/airflow/example_dags/example_display_name.py took 2.038 seconds
[2024-11-05T13:28:07.397+0000] {processor.py:161} INFO - Started process (PID=109) to work on /home/airflow/.local/lib/python3.12/site-packages/airflow/example_dags/example_display_name.py
[2024-11-05T13:28:07.419+0000] {processor.py:830} INFO - Processing file /home/airflow/.local/lib/python3.12/site-packages/airflow/example_dags/example_display_name.py for tasks to queue
[2024-11-05T13:28:07.422+0000] {logging_mixin.py:188} INFO - [2024-11-05T13:28:07.422+0000] {dagbag.py:545} INFO - Filling up the DagBag from /home/airflow/.local/lib/python3.12/site-packages/airflow/example_dags/example_display_name.py
[2024-11-05T13:28:07.446+0000] {processor.py:840} INFO - DAG(s) 'example_display_name' retrieved from /home/airflow/.local/lib/python3.12/site-packages/airflow/example_dags/example_display_name.py
[2024-11-05T13:28:07.510+0000] {logging_mixin.py:188} INFO - [2024-11-05T13:28:07.509+0000] {dag.py:3089} INFO - Sync 1 DAGs
[2024-11-05T13:28:07.537+0000] {logging_mixin.py:188} INFO - [2024-11-05T13:28:07.537+0000] {dag.py:3947} INFO - Setting next_dagrun for example_display_name to None, run_after=None
[2024-11-05T13:28:07.597+0000] {processor.py:183} INFO - Processing /home/airflow/.local/lib/python3.12/site-packages/airflow/example_dags/example_display_name.py took 0.212 seconds
[2024-11-05T13:28:39.092+0000] {processor.py:161} INFO - Started process (PID=175) to work on /home/airflow/.local/lib/python3.12/site-packages/airflow/example_dags/example_display_name.py
[2024-11-05T13:28:39.094+0000] {processor.py:830} INFO - Processing file /home/airflow/.local/lib/python3.12/site-packages/airflow/example_dags/example_display_name.py for tasks to queue
[2024-11-05T13:28:39.099+0000] {logging_mixin.py:188} INFO - [2024-11-05T13:28:39.098+0000] {dagbag.py:545} INFO - Filling up the DagBag from /home/airflow/.local/lib/python3.12/site-packages/airflow/example_dags/example_display_name.py
[2024-11-05T13:28:39.113+0000] {processor.py:840} INFO - DAG(s) 'example_display_name' retrieved from /home/airflow/.local/lib/python3.12/site-packages/airflow/example_dags/example_display_name.py
[2024-11-05T13:28:39.177+0000] {logging_mixin.py:188} INFO - [2024-11-05T13:28:39.176+0000] {dag.py:3089} INFO - Sync 1 DAGs
[2024-11-05T13:28:39.217+0000] {logging_mixin.py:188} INFO - [2024-11-05T13:28:39.216+0000] {dag.py:3947} INFO - Setting next_dagrun for example_display_name to None, run_after=None
[2024-11-05T13:28:39.272+0000] {processor.py:183} INFO - Processing /home/airflow/.local/lib/python3.12/site-packages/airflow/example_dags/example_display_name.py took 0.194 seconds
[2024-11-05T13:29:12.416+0000] {processor.py:161} INFO - Started process (PID=235) to work on /home/airflow/.local/lib/python3.12/site-packages/airflow/example_dags/example_display_name.py
[2024-11-05T13:29:12.418+0000] {processor.py:830} INFO - Processing file /home/airflow/.local/lib/python3.12/site-packages/airflow/example_dags/example_display_name.py for tasks to queue
[2024-11-05T13:29:12.423+0000] {logging_mixin.py:188} INFO - [2024-11-05T13:29:12.422+0000] {dagbag.py:545} INFO - Filling up the DagBag from /home/airflow/.local/lib/python3.12/site-packages/airflow/example_dags/example_display_name.py
[2024-11-05T13:29:12.443+0000] {processor.py:840} INFO - DAG(s) 'example_display_name' retrieved from /home/airflow/.local/lib/python3.12/site-packages/airflow/example_dags/example_display_name.py
[2024-11-05T13:29:12.498+0000] {logging_mixin.py:188} INFO - [2024-11-05T13:29:12.496+0000] {dag.py:3089} INFO - Sync 1 DAGs
[2024-11-05T13:29:12.539+0000] {logging_mixin.py:188} INFO - [2024-11-05T13:29:12.539+0000] {dag.py:3947} INFO - Setting next_dagrun for example_display_name to None, run_after=None
[2024-11-05T13:29:12.610+0000] {processor.py:183} INFO - Processing /home/airflow/.local/lib/python3.12/site-packages/airflow/example_dags/example_display_name.py took 0.212 seconds
[2024-11-05T13:29:47.347+0000] {processor.py:161} INFO - Started process (PID=295) to work on /home/airflow/.local/lib/python3.12/site-packages/airflow/example_dags/example_display_name.py
[2024-11-05T13:29:47.349+0000] {processor.py:830} INFO - Processing file /home/airflow/.local/lib/python3.12/site-packages/airflow/example_dags/example_display_name.py for tasks to queue
[2024-11-05T13:29:47.353+0000] {logging_mixin.py:188} INFO - [2024-11-05T13:29:47.352+0000] {dagbag.py:545} INFO - Filling up the DagBag from /home/airflow/.local/lib/python3.12/site-packages/airflow/example_dags/example_display_name.py
[2024-11-05T13:29:47.367+0000] {processor.py:840} INFO - DAG(s) 'example_display_name' retrieved from /home/airflow/.local/lib/python3.12/site-packages/airflow/example_dags/example_display_name.py
[2024-11-05T13:29:47.406+0000] {logging_mixin.py:188} INFO - [2024-11-05T13:29:47.406+0000] {dag.py:3089} INFO - Sync 1 DAGs
[2024-11-05T13:29:47.435+0000] {logging_mixin.py:188} INFO - [2024-11-05T13:29:47.434+0000] {dag.py:3947} INFO - Setting next_dagrun for example_display_name to None, run_after=None
[2024-11-05T13:29:47.475+0000] {processor.py:183} INFO - Processing /home/airflow/.local/lib/python3.12/site-packages/airflow/example_dags/example_display_name.py took 0.138 seconds
[2024-11-05T13:30:25.057+0000] {processor.py:161} INFO - Started process (PID=355) to work on /home/airflow/.local/lib/python3.12/site-packages/airflow/example_dags/example_display_name.py
[2024-11-05T13:30:25.068+0000] {processor.py:830} INFO - Processing file /home/airflow/.local/lib/python3.12/site-packages/airflow/example_dags/example_display_name.py for tasks to queue
[2024-11-05T13:30:25.118+0000] {logging_mixin.py:188} INFO - [2024-11-05T13:30:25.117+0000] {dagbag.py:545} INFO - Filling up the DagBag from /home/airflow/.local/lib/python3.12/site-packages/airflow/example_dags/example_display_name.py
[2024-11-05T13:30:25.133+0000] {processor.py:840} INFO - DAG(s) 'example_display_name' retrieved from /home/airflow/.local/lib/python3.12/site-packages/airflow/example_dags/example_display_name.py
[2024-11-05T13:30:25.248+0000] {logging_mixin.py:188} INFO - [2024-11-05T13:30:25.247+0000] {dag.py:3089} INFO - Sync 1 DAGs
[2024-11-05T13:30:25.359+0000] {logging_mixin.py:188} INFO - [2024-11-05T13:30:25.358+0000] {dag.py:3947} INFO - Setting next_dagrun for example_display_name to None, run_after=None
[2024-11-05T13:30:25.472+0000] {processor.py:183} INFO - Processing /home/airflow/.local/lib/python3.12/site-packages/airflow/example_dags/example_display_name.py took 0.466 seconds
[2024-11-05T13:31:03.464+0000] {processor.py:161} INFO - Started process (PID=415) to work on /home/airflow/.local/lib/python3.12/site-packages/airflow/example_dags/example_display_name.py
[2024-11-05T13:31:03.470+0000] {processor.py:830} INFO - Processing file /home/airflow/.local/lib/python3.12/site-packages/airflow/example_dags/example_display_name.py for tasks to queue
[2024-11-05T13:31:03.486+0000] {logging_mixin.py:188} INFO - [2024-11-05T13:31:03.478+0000] {dagbag.py:545} INFO - Filling up the DagBag from /home/airflow/.local/lib/python3.12/site-packages/airflow/example_dags/example_display_name.py
[2024-11-05T13:31:03.518+0000] {processor.py:840} INFO - DAG(s) 'example_display_name' retrieved from /home/airflow/.local/lib/python3.12/site-packages/airflow/example_dags/example_display_name.py
[2024-11-05T13:31:03.659+0000] {logging_mixin.py:188} INFO - [2024-11-05T13:31:03.658+0000] {dag.py:3089} INFO - Sync 1 DAGs
[2024-11-05T13:31:03.734+0000] {logging_mixin.py:188} INFO - [2024-11-05T13:31:03.733+0000] {dag.py:3947} INFO - Setting next_dagrun for example_display_name to None, run_after=None
[2024-11-05T13:31:03.824+0000] {processor.py:183} INFO - Processing /home/airflow/.local/lib/python3.12/site-packages/airflow/example_dags/example_display_name.py took 0.387 seconds
[2024-11-05T13:32:20.729+0000] {processor.py:161} INFO - Started process (PID=492) to work on /home/airflow/.local/lib/python3.12/site-packages/airflow/example_dags/example_display_name.py
[2024-11-05T13:32:20.748+0000] {processor.py:830} INFO - Processing file /home/airflow/.local/lib/python3.12/site-packages/airflow/example_dags/example_display_name.py for tasks to queue
[2024-11-05T13:32:20.819+0000] {logging_mixin.py:188} INFO - [2024-11-05T13:32:20.816+0000] {dagbag.py:545} INFO - Filling up the DagBag from /home/airflow/.local/lib/python3.12/site-packages/airflow/example_dags/example_display_name.py
[2024-11-05T13:32:20.920+0000] {processor.py:840} INFO - DAG(s) 'example_display_name' retrieved from /home/airflow/.local/lib/python3.12/site-packages/airflow/example_dags/example_display_name.py
[2024-11-05T13:32:21.142+0000] {logging_mixin.py:188} INFO - [2024-11-05T13:32:21.142+0000] {dag.py:3089} INFO - Sync 1 DAGs
[2024-11-05T13:32:21.407+0000] {logging_mixin.py:188} INFO - [2024-11-05T13:32:21.406+0000] {dag.py:3947} INFO - Setting next_dagrun for example_display_name to None, run_after=None
[2024-11-05T13:32:21.714+0000] {processor.py:183} INFO - Processing /home/airflow/.local/lib/python3.12/site-packages/airflow/example_dags/example_display_name.py took 1.084 seconds
[2024-11-05T13:33:09.858+0000] {processor.py:161} INFO - Started process (PID=549) to work on /home/airflow/.local/lib/python3.12/site-packages/airflow/example_dags/example_display_name.py
[2024-11-05T13:33:09.893+0000] {processor.py:830} INFO - Processing file /home/airflow/.local/lib/python3.12/site-packages/airflow/example_dags/example_display_name.py for tasks to queue
[2024-11-05T13:33:09.905+0000] {logging_mixin.py:188} INFO - [2024-11-05T13:33:09.903+0000] {dagbag.py:545} INFO - Filling up the DagBag from /home/airflow/.local/lib/python3.12/site-packages/airflow/example_dags/example_display_name.py
[2024-11-05T13:33:10.109+0000] {processor.py:840} INFO - DAG(s) 'example_display_name' retrieved from /home/airflow/.local/lib/python3.12/site-packages/airflow/example_dags/example_display_name.py
[2024-11-05T13:33:10.232+0000] {logging_mixin.py:188} INFO - [2024-11-05T13:33:10.232+0000] {dag.py:3089} INFO - Sync 1 DAGs
[2024-11-05T13:33:10.488+0000] {logging_mixin.py:188} INFO - [2024-11-05T13:33:10.488+0000] {dag.py:3947} INFO - Setting next_dagrun for example_display_name to None, run_after=None
[2024-11-05T13:33:10.940+0000] {processor.py:183} INFO - Processing /home/airflow/.local/lib/python3.12/site-packages/airflow/example_dags/example_display_name.py took 1.150 seconds
[2024-11-05T13:34:24.977+0000] {processor.py:161} INFO - Started process (PID=621) to work on /home/airflow/.local/lib/python3.12/site-packages/airflow/example_dags/example_display_name.py
[2024-11-05T13:34:25.010+0000] {processor.py:830} INFO - Processing file /home/airflow/.local/lib/python3.12/site-packages/airflow/example_dags/example_display_name.py for tasks to queue
[2024-11-05T13:34:25.516+0000] {logging_mixin.py:188} INFO - [2024-11-05T13:34:25.484+0000] {dagbag.py:545} INFO - Filling up the DagBag from /home/airflow/.local/lib/python3.12/site-packages/airflow/example_dags/example_display_name.py
[2024-11-05T13:34:25.785+0000] {processor.py:840} INFO - DAG(s) 'example_display_name' retrieved from /home/airflow/.local/lib/python3.12/site-packages/airflow/example_dags/example_display_name.py
[2024-11-05T13:34:27.021+0000] {logging_mixin.py:188} INFO - [2024-11-05T13:34:27.011+0000] {dag.py:3089} INFO - Sync 1 DAGs
[2024-11-05T13:34:27.881+0000] {logging_mixin.py:188} INFO - [2024-11-05T13:34:27.881+0000] {dag.py:3947} INFO - Setting next_dagrun for example_display_name to None, run_after=None
[2024-11-05T13:34:28.416+0000] {processor.py:183} INFO - Processing /home/airflow/.local/lib/python3.12/site-packages/airflow/example_dags/example_display_name.py took 4.393 seconds
