[2024-11-05T13:23:25.755+0000] {processor.py:161} INFO - Started process (PID=49) to work on /home/airflow/.local/lib/python3.12/site-packages/airflow/example_dags/example_branch_labels.py
[2024-11-05T13:23:25.757+0000] {processor.py:830} INFO - Processing file /home/airflow/.local/lib/python3.12/site-packages/airflow/example_dags/example_branch_labels.py for tasks to queue
[2024-11-05T13:23:25.761+0000] {logging_mixin.py:188} INFO - [2024-11-05T13:23:25.760+0000] {dagbag.py:545} INFO - Filling up the DagBag from /home/airflow/.local/lib/python3.12/site-packages/airflow/example_dags/example_branch_labels.py
[2024-11-05T13:23:25.793+0000] {processor.py:840} INFO - DAG(s) 'example_branch_labels' retrieved from /home/airflow/.local/lib/python3.12/site-packages/airflow/example_dags/example_branch_labels.py
[2024-11-05T13:23:26.049+0000] {logging_mixin.py:188} INFO - [2024-11-05T13:23:26.048+0000] {dag.py:3089} INFO - Sync 1 DAGs
[2024-11-05T13:23:26.198+0000] {logging_mixin.py:188} INFO - [2024-11-05T13:23:26.197+0000] {dag.py:3947} INFO - Setting next_dagrun for example_branch_labels to 2024-11-04 00:00:00+00:00, run_after=2024-11-05 00:00:00+00:00
[2024-11-05T13:23:26.359+0000] {processor.py:183} INFO - Processing /home/airflow/.local/lib/python3.12/site-packages/airflow/example_dags/example_branch_labels.py took 0.620 seconds
[2024-11-05T13:27:00.355+0000] {processor.py:161} INFO - Started process (PID=38) to work on /home/airflow/.local/lib/python3.12/site-packages/airflow/example_dags/example_branch_labels.py
[2024-11-05T13:27:00.383+0000] {processor.py:830} INFO - Processing file /home/airflow/.local/lib/python3.12/site-packages/airflow/example_dags/example_branch_labels.py for tasks to queue
[2024-11-05T13:27:00.386+0000] {logging_mixin.py:188} INFO - [2024-11-05T13:27:00.386+0000] {dagbag.py:545} INFO - Filling up the DagBag from /home/airflow/.local/lib/python3.12/site-packages/airflow/example_dags/example_branch_labels.py
[2024-11-05T13:27:00.413+0000] {processor.py:840} INFO - DAG(s) 'example_branch_labels' retrieved from /home/airflow/.local/lib/python3.12/site-packages/airflow/example_dags/example_branch_labels.py
[2024-11-05T13:27:00.716+0000] {logging_mixin.py:188} INFO - [2024-11-05T13:27:00.716+0000] {dag.py:3089} INFO - Sync 1 DAGs
[2024-11-05T13:27:00.770+0000] {logging_mixin.py:188} INFO - [2024-11-05T13:27:00.770+0000] {dag.py:3947} INFO - Setting next_dagrun for example_branch_labels to 2024-11-04 00:00:00+00:00, run_after=2024-11-05 00:00:00+00:00
[2024-11-05T13:27:00.822+0000] {processor.py:183} INFO - Processing /home/airflow/.local/lib/python3.12/site-packages/airflow/example_dags/example_branch_labels.py took 0.485 seconds
[2024-11-05T13:28:06.273+0000] {processor.py:161} INFO - Started process (PID=104) to work on /home/airflow/.local/lib/python3.12/site-packages/airflow/example_dags/example_branch_labels.py
[2024-11-05T13:28:06.277+0000] {processor.py:830} INFO - Processing file /home/airflow/.local/lib/python3.12/site-packages/airflow/example_dags/example_branch_labels.py for tasks to queue
[2024-11-05T13:28:06.284+0000] {logging_mixin.py:188} INFO - [2024-11-05T13:28:06.282+0000] {dagbag.py:545} INFO - Filling up the DagBag from /home/airflow/.local/lib/python3.12/site-packages/airflow/example_dags/example_branch_labels.py
[2024-11-05T13:28:06.324+0000] {processor.py:840} INFO - DAG(s) 'example_branch_labels' retrieved from /home/airflow/.local/lib/python3.12/site-packages/airflow/example_dags/example_branch_labels.py
[2024-11-05T13:28:06.397+0000] {logging_mixin.py:188} INFO - [2024-11-05T13:28:06.396+0000] {dag.py:3089} INFO - Sync 1 DAGs
[2024-11-05T13:28:06.502+0000] {logging_mixin.py:188} INFO - [2024-11-05T13:28:06.501+0000] {dag.py:3947} INFO - Setting next_dagrun for example_branch_labels to 2024-11-04 00:00:00+00:00, run_after=2024-11-05 00:00:00+00:00
[2024-11-05T13:28:06.653+0000] {processor.py:183} INFO - Processing /home/airflow/.local/lib/python3.12/site-packages/airflow/example_dags/example_branch_labels.py took 0.404 seconds
[2024-11-05T13:28:38.162+0000] {processor.py:161} INFO - Started process (PID=164) to work on /home/airflow/.local/lib/python3.12/site-packages/airflow/example_dags/example_branch_labels.py
[2024-11-05T13:28:38.165+0000] {processor.py:830} INFO - Processing file /home/airflow/.local/lib/python3.12/site-packages/airflow/example_dags/example_branch_labels.py for tasks to queue
[2024-11-05T13:28:38.169+0000] {logging_mixin.py:188} INFO - [2024-11-05T13:28:38.168+0000] {dagbag.py:545} INFO - Filling up the DagBag from /home/airflow/.local/lib/python3.12/site-packages/airflow/example_dags/example_branch_labels.py
[2024-11-05T13:28:38.189+0000] {processor.py:840} INFO - DAG(s) 'example_branch_labels' retrieved from /home/airflow/.local/lib/python3.12/site-packages/airflow/example_dags/example_branch_labels.py
[2024-11-05T13:28:38.242+0000] {logging_mixin.py:188} INFO - [2024-11-05T13:28:38.242+0000] {dag.py:3089} INFO - Sync 1 DAGs
[2024-11-05T13:28:38.304+0000] {logging_mixin.py:188} INFO - [2024-11-05T13:28:38.304+0000] {dag.py:3947} INFO - Setting next_dagrun for example_branch_labels to 2024-11-04 00:00:00+00:00, run_after=2024-11-05 00:00:00+00:00
[2024-11-05T13:28:38.367+0000] {processor.py:183} INFO - Processing /home/airflow/.local/lib/python3.12/site-packages/airflow/example_dags/example_branch_labels.py took 0.219 seconds
[2024-11-05T13:29:11.340+0000] {processor.py:161} INFO - Started process (PID=230) to work on /home/airflow/.local/lib/python3.12/site-packages/airflow/example_dags/example_branch_labels.py
[2024-11-05T13:29:11.347+0000] {processor.py:830} INFO - Processing file /home/airflow/.local/lib/python3.12/site-packages/airflow/example_dags/example_branch_labels.py for tasks to queue
[2024-11-05T13:29:11.364+0000] {logging_mixin.py:188} INFO - [2024-11-05T13:29:11.362+0000] {dagbag.py:545} INFO - Filling up the DagBag from /home/airflow/.local/lib/python3.12/site-packages/airflow/example_dags/example_branch_labels.py
[2024-11-05T13:29:11.417+0000] {processor.py:840} INFO - DAG(s) 'example_branch_labels' retrieved from /home/airflow/.local/lib/python3.12/site-packages/airflow/example_dags/example_branch_labels.py
[2024-11-05T13:29:11.501+0000] {logging_mixin.py:188} INFO - [2024-11-05T13:29:11.500+0000] {dag.py:3089} INFO - Sync 1 DAGs
[2024-11-05T13:29:11.616+0000] {logging_mixin.py:188} INFO - [2024-11-05T13:29:11.615+0000] {dag.py:3947} INFO - Setting next_dagrun for example_branch_labels to 2024-11-04 00:00:00+00:00, run_after=2024-11-05 00:00:00+00:00
[2024-11-05T13:29:11.761+0000] {processor.py:183} INFO - Processing /home/airflow/.local/lib/python3.12/site-packages/airflow/example_dags/example_branch_labels.py took 0.473 seconds
[2024-11-05T13:29:44.295+0000] {processor.py:161} INFO - Started process (PID=288) to work on /home/airflow/.local/lib/python3.12/site-packages/airflow/example_dags/example_branch_labels.py
[2024-11-05T13:29:44.301+0000] {processor.py:830} INFO - Processing file /home/airflow/.local/lib/python3.12/site-packages/airflow/example_dags/example_branch_labels.py for tasks to queue
[2024-11-05T13:29:44.317+0000] {logging_mixin.py:188} INFO - [2024-11-05T13:29:44.316+0000] {dagbag.py:545} INFO - Filling up the DagBag from /home/airflow/.local/lib/python3.12/site-packages/airflow/example_dags/example_branch_labels.py
[2024-11-05T13:29:44.368+0000] {processor.py:840} INFO - DAG(s) 'example_branch_labels' retrieved from /home/airflow/.local/lib/python3.12/site-packages/airflow/example_dags/example_branch_labels.py
[2024-11-05T13:29:44.451+0000] {logging_mixin.py:188} INFO - [2024-11-05T13:29:44.450+0000] {dag.py:3089} INFO - Sync 1 DAGs
[2024-11-05T13:29:44.532+0000] {logging_mixin.py:188} INFO - [2024-11-05T13:29:44.530+0000] {dag.py:3947} INFO - Setting next_dagrun for example_branch_labels to 2024-11-04 00:00:00+00:00, run_after=2024-11-05 00:00:00+00:00
[2024-11-05T13:29:44.588+0000] {processor.py:183} INFO - Processing /home/airflow/.local/lib/python3.12/site-packages/airflow/example_dags/example_branch_labels.py took 0.353 seconds
[2024-11-05T13:30:14.948+0000] {processor.py:161} INFO - Started process (PID=346) to work on /home/airflow/.local/lib/python3.12/site-packages/airflow/example_dags/example_branch_labels.py
[2024-11-05T13:30:14.953+0000] {processor.py:830} INFO - Processing file /home/airflow/.local/lib/python3.12/site-packages/airflow/example_dags/example_branch_labels.py for tasks to queue
[2024-11-05T13:30:14.961+0000] {logging_mixin.py:188} INFO - [2024-11-05T13:30:14.960+0000] {dagbag.py:545} INFO - Filling up the DagBag from /home/airflow/.local/lib/python3.12/site-packages/airflow/example_dags/example_branch_labels.py
[2024-11-05T13:30:14.995+0000] {processor.py:840} INFO - DAG(s) 'example_branch_labels' retrieved from /home/airflow/.local/lib/python3.12/site-packages/airflow/example_dags/example_branch_labels.py
[2024-11-05T13:30:15.081+0000] {logging_mixin.py:188} INFO - [2024-11-05T13:30:15.080+0000] {dag.py:3089} INFO - Sync 1 DAGs
[2024-11-05T13:30:15.198+0000] {logging_mixin.py:188} INFO - [2024-11-05T13:30:15.198+0000] {dag.py:3947} INFO - Setting next_dagrun for example_branch_labels to 2024-11-04 00:00:00+00:00, run_after=2024-11-05 00:00:00+00:00
[2024-11-05T13:30:15.265+0000] {processor.py:183} INFO - Processing /home/airflow/.local/lib/python3.12/site-packages/airflow/example_dags/example_branch_labels.py took 0.346 seconds
[2024-11-05T13:30:51.062+0000] {processor.py:161} INFO - Started process (PID=406) to work on /home/airflow/.local/lib/python3.12/site-packages/airflow/example_dags/example_branch_labels.py
[2024-11-05T13:30:51.083+0000] {processor.py:830} INFO - Processing file /home/airflow/.local/lib/python3.12/site-packages/airflow/example_dags/example_branch_labels.py for tasks to queue
[2024-11-05T13:30:51.106+0000] {logging_mixin.py:188} INFO - [2024-11-05T13:30:51.105+0000] {dagbag.py:545} INFO - Filling up the DagBag from /home/airflow/.local/lib/python3.12/site-packages/airflow/example_dags/example_branch_labels.py
[2024-11-05T13:30:51.164+0000] {processor.py:840} INFO - DAG(s) 'example_branch_labels' retrieved from /home/airflow/.local/lib/python3.12/site-packages/airflow/example_dags/example_branch_labels.py
[2024-11-05T13:30:51.312+0000] {logging_mixin.py:188} INFO - [2024-11-05T13:30:51.311+0000] {dag.py:3089} INFO - Sync 1 DAGs
[2024-11-05T13:30:51.710+0000] {logging_mixin.py:188} INFO - [2024-11-05T13:30:51.709+0000] {dag.py:3947} INFO - Setting next_dagrun for example_branch_labels to 2024-11-04 00:00:00+00:00, run_after=2024-11-05 00:00:00+00:00
[2024-11-05T13:30:51.907+0000] {processor.py:183} INFO - Processing /home/airflow/.local/lib/python3.12/site-packages/airflow/example_dags/example_branch_labels.py took 0.874 seconds
[2024-11-05T13:31:26.066+0000] {processor.py:161} INFO - Started process (PID=458) to work on /home/airflow/.local/lib/python3.12/site-packages/airflow/example_dags/example_branch_labels.py
[2024-11-05T13:31:26.069+0000] {processor.py:830} INFO - Processing file /home/airflow/.local/lib/python3.12/site-packages/airflow/example_dags/example_branch_labels.py for tasks to queue
[2024-11-05T13:31:26.082+0000] {logging_mixin.py:188} INFO - [2024-11-05T13:31:26.078+0000] {dagbag.py:545} INFO - Filling up the DagBag from /home/airflow/.local/lib/python3.12/site-packages/airflow/example_dags/example_branch_labels.py
[2024-11-05T13:31:26.129+0000] {processor.py:840} INFO - DAG(s) 'example_branch_labels' retrieved from /home/airflow/.local/lib/python3.12/site-packages/airflow/example_dags/example_branch_labels.py
[2024-11-05T13:31:26.231+0000] {logging_mixin.py:188} INFO - [2024-11-05T13:31:26.230+0000] {dag.py:3089} INFO - Sync 1 DAGs
[2024-11-05T13:31:26.843+0000] {logging_mixin.py:188} INFO - [2024-11-05T13:31:26.843+0000] {dag.py:3947} INFO - Setting next_dagrun for example_branch_labels to 2024-11-04 00:00:00+00:00, run_after=2024-11-05 00:00:00+00:00
[2024-11-05T13:31:27.604+0000] {processor.py:183} INFO - Processing /home/airflow/.local/lib/python3.12/site-packages/airflow/example_dags/example_branch_labels.py took 1.580 seconds
[2024-11-05T13:32:19.050+0000] {processor.py:161} INFO - Started process (PID=490) to work on /home/airflow/.local/lib/python3.12/site-packages/airflow/example_dags/example_branch_labels.py
[2024-11-05T13:32:19.058+0000] {processor.py:830} INFO - Processing file /home/airflow/.local/lib/python3.12/site-packages/airflow/example_dags/example_branch_labels.py for tasks to queue
[2024-11-05T13:32:19.094+0000] {logging_mixin.py:188} INFO - [2024-11-05T13:32:19.093+0000] {dagbag.py:545} INFO - Filling up the DagBag from /home/airflow/.local/lib/python3.12/site-packages/airflow/example_dags/example_branch_labels.py
[2024-11-05T13:32:19.207+0000] {processor.py:840} INFO - DAG(s) 'example_branch_labels' retrieved from /home/airflow/.local/lib/python3.12/site-packages/airflow/example_dags/example_branch_labels.py
[2024-11-05T13:32:19.471+0000] {logging_mixin.py:188} INFO - [2024-11-05T13:32:19.471+0000] {dag.py:3089} INFO - Sync 1 DAGs
[2024-11-05T13:32:20.016+0000] {logging_mixin.py:188} INFO - [2024-11-05T13:32:20.015+0000] {dag.py:3947} INFO - Setting next_dagrun for example_branch_labels to 2024-11-04 00:00:00+00:00, run_after=2024-11-05 00:00:00+00:00
[2024-11-05T13:32:20.414+0000] {processor.py:183} INFO - Processing /home/airflow/.local/lib/python3.12/site-packages/airflow/example_dags/example_branch_labels.py took 1.537 seconds
[2024-11-05T13:33:04.163+0000] {processor.py:161} INFO - Started process (PID=544) to work on /home/airflow/.local/lib/python3.12/site-packages/airflow/example_dags/example_branch_labels.py
[2024-11-05T13:33:04.169+0000] {processor.py:830} INFO - Processing file /home/airflow/.local/lib/python3.12/site-packages/airflow/example_dags/example_branch_labels.py for tasks to queue
[2024-11-05T13:33:04.185+0000] {logging_mixin.py:188} INFO - [2024-11-05T13:33:04.183+0000] {dagbag.py:545} INFO - Filling up the DagBag from /home/airflow/.local/lib/python3.12/site-packages/airflow/example_dags/example_branch_labels.py
[2024-11-05T13:33:04.236+0000] {processor.py:840} INFO - DAG(s) 'example_branch_labels' retrieved from /home/airflow/.local/lib/python3.12/site-packages/airflow/example_dags/example_branch_labels.py
[2024-11-05T13:33:04.766+0000] {logging_mixin.py:188} INFO - [2024-11-05T13:33:04.765+0000] {dag.py:3089} INFO - Sync 1 DAGs
[2024-11-05T13:33:05.430+0000] {logging_mixin.py:188} INFO - [2024-11-05T13:33:05.429+0000] {dag.py:3947} INFO - Setting next_dagrun for example_branch_labels to 2024-11-04 00:00:00+00:00, run_after=2024-11-05 00:00:00+00:00
[2024-11-05T13:33:05.660+0000] {processor.py:183} INFO - Processing /home/airflow/.local/lib/python3.12/site-packages/airflow/example_dags/example_branch_labels.py took 1.580 seconds
[2024-11-05T13:34:09.806+0000] {processor.py:161} INFO - Started process (PID=609) to work on /home/airflow/.local/lib/python3.12/site-packages/airflow/example_dags/example_branch_labels.py
[2024-11-05T13:34:09.829+0000] {processor.py:830} INFO - Processing file /home/airflow/.local/lib/python3.12/site-packages/airflow/example_dags/example_branch_labels.py for tasks to queue
[2024-11-05T13:34:09.875+0000] {logging_mixin.py:188} INFO - [2024-11-05T13:34:09.847+0000] {dagbag.py:545} INFO - Filling up the DagBag from /home/airflow/.local/lib/python3.12/site-packages/airflow/example_dags/example_branch_labels.py
[2024-11-05T13:34:10.038+0000] {processor.py:840} INFO - DAG(s) 'example_branch_labels' retrieved from /home/airflow/.local/lib/python3.12/site-packages/airflow/example_dags/example_branch_labels.py
[2024-11-05T13:34:10.254+0000] {logging_mixin.py:188} INFO - [2024-11-05T13:34:10.253+0000] {dag.py:3089} INFO - Sync 1 DAGs
[2024-11-05T13:34:10.594+0000] {logging_mixin.py:188} INFO - [2024-11-05T13:34:10.574+0000] {dag.py:3947} INFO - Setting next_dagrun for example_branch_labels to 2024-11-04 00:00:00+00:00, run_after=2024-11-05 00:00:00+00:00
[2024-11-05T13:34:11.073+0000] {processor.py:183} INFO - Processing /home/airflow/.local/lib/python3.12/site-packages/airflow/example_dags/example_branch_labels.py took 1.347 seconds
