[2024-11-05T13:23:52.130+0000] {processor.py:161} INFO - Started process (PID=86) to work on /home/airflow/.local/lib/python3.12/site-packages/airflow/example_dags/example_kubernetes_executor.py
[2024-11-05T13:23:52.140+0000] {processor.py:830} INFO - Processing file /home/airflow/.local/lib/python3.12/site-packages/airflow/example_dags/example_kubernetes_executor.py for tasks to queue
[2024-11-05T13:23:52.151+0000] {logging_mixin.py:188} INFO - [2024-11-05T13:23:52.150+0000] {dagbag.py:545} INFO - Filling up the DagBag from /home/airflow/.local/lib/python3.12/site-packages/airflow/example_dags/example_kubernetes_executor.py
[2024-11-05T13:23:52.219+0000] {processor.py:840} INFO - DAG(s) 'example_kubernetes_executor' retrieved from /home/airflow/.local/lib/python3.12/site-packages/airflow/example_dags/example_kubernetes_executor.py
[2024-11-05T13:23:52.534+0000] {logging_mixin.py:188} INFO - [2024-11-05T13:23:52.533+0000] {dag.py:3089} INFO - Sync 1 DAGs
[2024-11-05T13:23:52.565+0000] {logging_mixin.py:188} INFO - [2024-11-05T13:23:52.564+0000] {dag.py:3947} INFO - Setting next_dagrun for example_kubernetes_executor to None, run_after=None
[2024-11-05T13:23:52.642+0000] {processor.py:183} INFO - Processing /home/airflow/.local/lib/python3.12/site-packages/airflow/example_dags/example_kubernetes_executor.py took 0.532 seconds
[2024-11-05T13:27:45.084+0000] {processor.py:161} INFO - Started process (PID=79) to work on /home/airflow/.local/lib/python3.12/site-packages/airflow/example_dags/example_kubernetes_executor.py
[2024-11-05T13:27:45.087+0000] {processor.py:830} INFO - Processing file /home/airflow/.local/lib/python3.12/site-packages/airflow/example_dags/example_kubernetes_executor.py for tasks to queue
[2024-11-05T13:27:45.091+0000] {logging_mixin.py:188} INFO - [2024-11-05T13:27:45.090+0000] {dagbag.py:545} INFO - Filling up the DagBag from /home/airflow/.local/lib/python3.12/site-packages/airflow/example_dags/example_kubernetes_executor.py
[2024-11-05T13:27:45.263+0000] {processor.py:840} INFO - DAG(s) 'example_kubernetes_executor' retrieved from /home/airflow/.local/lib/python3.12/site-packages/airflow/example_dags/example_kubernetes_executor.py
[2024-11-05T13:27:45.881+0000] {logging_mixin.py:188} INFO - [2024-11-05T13:27:45.881+0000] {dag.py:3089} INFO - Sync 1 DAGs
[2024-11-05T13:27:45.919+0000] {logging_mixin.py:188} INFO - [2024-11-05T13:27:45.919+0000] {dag.py:3947} INFO - Setting next_dagrun for example_kubernetes_executor to None, run_after=None
[2024-11-05T13:27:45.969+0000] {processor.py:183} INFO - Processing /home/airflow/.local/lib/python3.12/site-packages/airflow/example_dags/example_kubernetes_executor.py took 0.901 seconds
[2024-11-05T13:28:16.377+0000] {processor.py:161} INFO - Started process (PID=139) to work on /home/airflow/.local/lib/python3.12/site-packages/airflow/example_dags/example_kubernetes_executor.py
[2024-11-05T13:28:16.379+0000] {processor.py:830} INFO - Processing file /home/airflow/.local/lib/python3.12/site-packages/airflow/example_dags/example_kubernetes_executor.py for tasks to queue
[2024-11-05T13:28:16.381+0000] {logging_mixin.py:188} INFO - [2024-11-05T13:28:16.381+0000] {dagbag.py:545} INFO - Filling up the DagBag from /home/airflow/.local/lib/python3.12/site-packages/airflow/example_dags/example_kubernetes_executor.py
[2024-11-05T13:28:16.408+0000] {processor.py:840} INFO - DAG(s) 'example_kubernetes_executor' retrieved from /home/airflow/.local/lib/python3.12/site-packages/airflow/example_dags/example_kubernetes_executor.py
[2024-11-05T13:28:16.473+0000] {logging_mixin.py:188} INFO - [2024-11-05T13:28:16.472+0000] {dag.py:3089} INFO - Sync 1 DAGs
[2024-11-05T13:28:16.497+0000] {logging_mixin.py:188} INFO - [2024-11-05T13:28:16.496+0000] {dag.py:3947} INFO - Setting next_dagrun for example_kubernetes_executor to None, run_after=None
[2024-11-05T13:28:16.534+0000] {processor.py:183} INFO - Processing /home/airflow/.local/lib/python3.12/site-packages/airflow/example_dags/example_kubernetes_executor.py took 0.168 seconds
[2024-11-05T13:28:46.732+0000] {processor.py:161} INFO - Started process (PID=199) to work on /home/airflow/.local/lib/python3.12/site-packages/airflow/example_dags/example_kubernetes_executor.py
[2024-11-05T13:28:46.733+0000] {processor.py:830} INFO - Processing file /home/airflow/.local/lib/python3.12/site-packages/airflow/example_dags/example_kubernetes_executor.py for tasks to queue
[2024-11-05T13:28:46.736+0000] {logging_mixin.py:188} INFO - [2024-11-05T13:28:46.736+0000] {dagbag.py:545} INFO - Filling up the DagBag from /home/airflow/.local/lib/python3.12/site-packages/airflow/example_dags/example_kubernetes_executor.py
[2024-11-05T13:28:46.772+0000] {processor.py:840} INFO - DAG(s) 'example_kubernetes_executor' retrieved from /home/airflow/.local/lib/python3.12/site-packages/airflow/example_dags/example_kubernetes_executor.py
[2024-11-05T13:28:46.842+0000] {logging_mixin.py:188} INFO - [2024-11-05T13:28:46.841+0000] {dag.py:3089} INFO - Sync 1 DAGs
[2024-11-05T13:28:46.863+0000] {logging_mixin.py:188} INFO - [2024-11-05T13:28:46.862+0000] {dag.py:3947} INFO - Setting next_dagrun for example_kubernetes_executor to None, run_after=None
[2024-11-05T13:28:46.899+0000] {processor.py:183} INFO - Processing /home/airflow/.local/lib/python3.12/site-packages/airflow/example_dags/example_kubernetes_executor.py took 0.178 seconds
[2024-11-05T13:29:29.158+0000] {processor.py:161} INFO - Started process (PID=259) to work on /home/airflow/.local/lib/python3.12/site-packages/airflow/example_dags/example_kubernetes_executor.py
[2024-11-05T13:29:29.187+0000] {processor.py:830} INFO - Processing file /home/airflow/.local/lib/python3.12/site-packages/airflow/example_dags/example_kubernetes_executor.py for tasks to queue
[2024-11-05T13:29:29.190+0000] {logging_mixin.py:188} INFO - [2024-11-05T13:29:29.189+0000] {dagbag.py:545} INFO - Filling up the DagBag from /home/airflow/.local/lib/python3.12/site-packages/airflow/example_dags/example_kubernetes_executor.py
[2024-11-05T13:29:29.241+0000] {processor.py:840} INFO - DAG(s) 'example_kubernetes_executor' retrieved from /home/airflow/.local/lib/python3.12/site-packages/airflow/example_dags/example_kubernetes_executor.py
[2024-11-05T13:29:29.708+0000] {logging_mixin.py:188} INFO - [2024-11-05T13:29:29.707+0000] {dag.py:3089} INFO - Sync 1 DAGs
[2024-11-05T13:29:29.899+0000] {logging_mixin.py:188} INFO - [2024-11-05T13:29:29.898+0000] {dag.py:3947} INFO - Setting next_dagrun for example_kubernetes_executor to None, run_after=None
[2024-11-05T13:29:30.537+0000] {processor.py:183} INFO - Processing /home/airflow/.local/lib/python3.12/site-packages/airflow/example_dags/example_kubernetes_executor.py took 1.388 seconds
[2024-11-05T13:30:00.836+0000] {processor.py:161} INFO - Started process (PID=318) to work on /home/airflow/.local/lib/python3.12/site-packages/airflow/example_dags/example_kubernetes_executor.py
[2024-11-05T13:30:00.845+0000] {processor.py:830} INFO - Processing file /home/airflow/.local/lib/python3.12/site-packages/airflow/example_dags/example_kubernetes_executor.py for tasks to queue
[2024-11-05T13:30:00.871+0000] {logging_mixin.py:188} INFO - [2024-11-05T13:30:00.870+0000] {dagbag.py:545} INFO - Filling up the DagBag from /home/airflow/.local/lib/python3.12/site-packages/airflow/example_dags/example_kubernetes_executor.py
[2024-11-05T13:30:01.000+0000] {processor.py:840} INFO - DAG(s) 'example_kubernetes_executor' retrieved from /home/airflow/.local/lib/python3.12/site-packages/airflow/example_dags/example_kubernetes_executor.py
[2024-11-05T13:30:01.321+0000] {logging_mixin.py:188} INFO - [2024-11-05T13:30:01.317+0000] {dag.py:3089} INFO - Sync 1 DAGs
[2024-11-05T13:30:01.628+0000] {logging_mixin.py:188} INFO - [2024-11-05T13:30:01.627+0000] {dag.py:3947} INFO - Setting next_dagrun for example_kubernetes_executor to None, run_after=None
[2024-11-05T13:30:04.924+0000] {processor.py:183} INFO - Processing /home/airflow/.local/lib/python3.12/site-packages/airflow/example_dags/example_kubernetes_executor.py took 4.152 seconds
[2024-11-05T13:30:35.343+0000] {processor.py:161} INFO - Started process (PID=378) to work on /home/airflow/.local/lib/python3.12/site-packages/airflow/example_dags/example_kubernetes_executor.py
[2024-11-05T13:30:35.351+0000] {processor.py:830} INFO - Processing file /home/airflow/.local/lib/python3.12/site-packages/airflow/example_dags/example_kubernetes_executor.py for tasks to queue
[2024-11-05T13:30:35.365+0000] {logging_mixin.py:188} INFO - [2024-11-05T13:30:35.364+0000] {dagbag.py:545} INFO - Filling up the DagBag from /home/airflow/.local/lib/python3.12/site-packages/airflow/example_dags/example_kubernetes_executor.py
[2024-11-05T13:30:35.438+0000] {processor.py:840} INFO - DAG(s) 'example_kubernetes_executor' retrieved from /home/airflow/.local/lib/python3.12/site-packages/airflow/example_dags/example_kubernetes_executor.py
[2024-11-05T13:30:35.791+0000] {logging_mixin.py:188} INFO - [2024-11-05T13:30:35.789+0000] {dag.py:3089} INFO - Sync 1 DAGs
[2024-11-05T13:30:35.944+0000] {logging_mixin.py:188} INFO - [2024-11-05T13:30:35.944+0000] {dag.py:3947} INFO - Setting next_dagrun for example_kubernetes_executor to None, run_after=None
[2024-11-05T13:30:36.304+0000] {processor.py:183} INFO - Processing /home/airflow/.local/lib/python3.12/site-packages/airflow/example_dags/example_kubernetes_executor.py took 1.019 seconds
[2024-11-05T13:31:13.737+0000] {processor.py:161} INFO - Started process (PID=444) to work on /home/airflow/.local/lib/python3.12/site-packages/airflow/example_dags/example_kubernetes_executor.py
[2024-11-05T13:31:13.758+0000] {processor.py:830} INFO - Processing file /home/airflow/.local/lib/python3.12/site-packages/airflow/example_dags/example_kubernetes_executor.py for tasks to queue
[2024-11-05T13:31:13.763+0000] {logging_mixin.py:188} INFO - [2024-11-05T13:31:13.762+0000] {dagbag.py:545} INFO - Filling up the DagBag from /home/airflow/.local/lib/python3.12/site-packages/airflow/example_dags/example_kubernetes_executor.py
[2024-11-05T13:31:13.860+0000] {processor.py:840} INFO - DAG(s) 'example_kubernetes_executor' retrieved from /home/airflow/.local/lib/python3.12/site-packages/airflow/example_dags/example_kubernetes_executor.py
[2024-11-05T13:31:14.329+0000] {logging_mixin.py:188} INFO - [2024-11-05T13:31:14.327+0000] {dag.py:3089} INFO - Sync 1 DAGs
[2024-11-05T13:31:14.440+0000] {logging_mixin.py:188} INFO - [2024-11-05T13:31:14.439+0000] {dag.py:3947} INFO - Setting next_dagrun for example_kubernetes_executor to None, run_after=None
[2024-11-05T13:31:14.513+0000] {processor.py:183} INFO - Processing /home/airflow/.local/lib/python3.12/site-packages/airflow/example_dags/example_kubernetes_executor.py took 0.852 seconds
[2024-11-05T13:32:34.464+0000] {processor.py:161} INFO - Started process (PID=516) to work on /home/airflow/.local/lib/python3.12/site-packages/airflow/example_dags/example_kubernetes_executor.py
[2024-11-05T13:32:34.486+0000] {processor.py:830} INFO - Processing file /home/airflow/.local/lib/python3.12/site-packages/airflow/example_dags/example_kubernetes_executor.py for tasks to queue
[2024-11-05T13:32:34.519+0000] {logging_mixin.py:188} INFO - [2024-11-05T13:32:34.510+0000] {dagbag.py:545} INFO - Filling up the DagBag from /home/airflow/.local/lib/python3.12/site-packages/airflow/example_dags/example_kubernetes_executor.py
[2024-11-05T13:32:35.006+0000] {processor.py:840} INFO - DAG(s) 'example_kubernetes_executor' retrieved from /home/airflow/.local/lib/python3.12/site-packages/airflow/example_dags/example_kubernetes_executor.py
[2024-11-05T13:32:35.902+0000] {logging_mixin.py:188} INFO - [2024-11-05T13:32:35.899+0000] {dag.py:3089} INFO - Sync 1 DAGs
[2024-11-05T13:32:36.074+0000] {logging_mixin.py:188} INFO - [2024-11-05T13:32:36.074+0000] {dag.py:3947} INFO - Setting next_dagrun for example_kubernetes_executor to None, run_after=None
[2024-11-05T13:32:36.635+0000] {processor.py:183} INFO - Processing /home/airflow/.local/lib/python3.12/site-packages/airflow/example_dags/example_kubernetes_executor.py took 2.247 seconds
[2024-11-05T13:33:31.107+0000] {processor.py:161} INFO - Started process (PID=580) to work on /home/airflow/.local/lib/python3.12/site-packages/airflow/example_dags/example_kubernetes_executor.py
[2024-11-05T13:33:31.113+0000] {processor.py:830} INFO - Processing file /home/airflow/.local/lib/python3.12/site-packages/airflow/example_dags/example_kubernetes_executor.py for tasks to queue
[2024-11-05T13:33:31.130+0000] {logging_mixin.py:188} INFO - [2024-11-05T13:33:31.129+0000] {dagbag.py:545} INFO - Filling up the DagBag from /home/airflow/.local/lib/python3.12/site-packages/airflow/example_dags/example_kubernetes_executor.py
[2024-11-05T13:33:31.445+0000] {processor.py:840} INFO - DAG(s) 'example_kubernetes_executor' retrieved from /home/airflow/.local/lib/python3.12/site-packages/airflow/example_dags/example_kubernetes_executor.py
[2024-11-05T13:33:32.869+0000] {logging_mixin.py:188} INFO - [2024-11-05T13:33:32.869+0000] {dag.py:3089} INFO - Sync 1 DAGs
[2024-11-05T13:33:33.203+0000] {logging_mixin.py:188} INFO - [2024-11-05T13:33:33.202+0000] {dag.py:3947} INFO - Setting next_dagrun for example_kubernetes_executor to None, run_after=None
[2024-11-05T13:33:33.469+0000] {processor.py:183} INFO - Processing /home/airflow/.local/lib/python3.12/site-packages/airflow/example_dags/example_kubernetes_executor.py took 2.491 seconds
[2024-11-05T13:39:17.681+0000] {processor.py:161} INFO - Started process (PID=656) to work on /home/airflow/.local/lib/python3.12/site-packages/airflow/example_dags/example_kubernetes_executor.py
[2024-11-05T13:39:17.706+0000] {processor.py:830} INFO - Processing file /home/airflow/.local/lib/python3.12/site-packages/airflow/example_dags/example_kubernetes_executor.py for tasks to queue
[2024-11-05T13:39:17.735+0000] {logging_mixin.py:188} INFO - [2024-11-05T13:39:17.730+0000] {dagbag.py:545} INFO - Filling up the DagBag from /home/airflow/.local/lib/python3.12/site-packages/airflow/example_dags/example_kubernetes_executor.py
[2024-11-05T13:39:28.161+0000] {processor.py:840} INFO - DAG(s) 'example_kubernetes_executor' retrieved from /home/airflow/.local/lib/python3.12/site-packages/airflow/example_dags/example_kubernetes_executor.py
[2024-11-05T13:39:52.548+0000] {logging_mixin.py:188} INFO - [2024-11-05T13:39:51.522+0000] {dag.py:3089} INFO - Sync 1 DAGs
[2024-11-05T13:40:09.277+0000] {logging_mixin.py:188} INFO - [2024-11-05T13:40:09.267+0000] {dag.py:3947} INFO - Setting next_dagrun for example_kubernetes_executor to None, run_after=None
