[2024-11-05T13:23:29.412+0000] {processor.py:161} INFO - Started process (PID=57) to work on /home/airflow/.local/lib/python3.12/site-packages/airflow/example_dags/example_nested_branch_dag.py
[2024-11-05T13:23:29.413+0000] {processor.py:830} INFO - Processing file /home/airflow/.local/lib/python3.12/site-packages/airflow/example_dags/example_nested_branch_dag.py for tasks to queue
[2024-11-05T13:23:29.417+0000] {logging_mixin.py:188} INFO - [2024-11-05T13:23:29.416+0000] {dagbag.py:545} INFO - Filling up the DagBag from /home/airflow/.local/lib/python3.12/site-packages/airflow/example_dags/example_nested_branch_dag.py
[2024-11-05T13:23:29.443+0000] {processor.py:840} INFO - DAG(s) 'example_nested_branch_dag' retrieved from /home/airflow/.local/lib/python3.12/site-packages/airflow/example_dags/example_nested_branch_dag.py
[2024-11-05T13:23:29.506+0000] {logging_mixin.py:188} INFO - [2024-11-05T13:23:29.505+0000] {dag.py:3089} INFO - Sync 1 DAGs
[2024-11-05T13:23:29.589+0000] {logging_mixin.py:188} INFO - [2024-11-05T13:23:29.588+0000] {dag.py:3947} INFO - Setting next_dagrun for example_nested_branch_dag to 2024-11-04 00:00:00+00:00, run_after=2024-11-05 00:00:00+00:00
[2024-11-05T13:23:29.713+0000] {processor.py:183} INFO - Processing /home/airflow/.local/lib/python3.12/site-packages/airflow/example_dags/example_nested_branch_dag.py took 0.329 seconds
[2024-11-05T13:27:04.995+0000] {processor.py:161} INFO - Started process (PID=52) to work on /home/airflow/.local/lib/python3.12/site-packages/airflow/example_dags/example_nested_branch_dag.py
[2024-11-05T13:27:04.998+0000] {processor.py:830} INFO - Processing file /home/airflow/.local/lib/python3.12/site-packages/airflow/example_dags/example_nested_branch_dag.py for tasks to queue
[2024-11-05T13:27:05.008+0000] {logging_mixin.py:188} INFO - [2024-11-05T13:27:05.005+0000] {dagbag.py:545} INFO - Filling up the DagBag from /home/airflow/.local/lib/python3.12/site-packages/airflow/example_dags/example_nested_branch_dag.py
[2024-11-05T13:27:05.089+0000] {processor.py:840} INFO - DAG(s) 'example_nested_branch_dag' retrieved from /home/airflow/.local/lib/python3.12/site-packages/airflow/example_dags/example_nested_branch_dag.py
[2024-11-05T13:27:06.009+0000] {logging_mixin.py:188} INFO - [2024-11-05T13:27:06.007+0000] {dag.py:3089} INFO - Sync 1 DAGs
[2024-11-05T13:27:07.101+0000] {logging_mixin.py:188} INFO - [2024-11-05T13:27:07.101+0000] {dag.py:3947} INFO - Setting next_dagrun for example_nested_branch_dag to 2024-11-04 00:00:00+00:00, run_after=2024-11-05 00:00:00+00:00
[2024-11-05T13:27:07.235+0000] {processor.py:183} INFO - Processing /home/airflow/.local/lib/python3.12/site-packages/airflow/example_dags/example_nested_branch_dag.py took 2.263 seconds
[2024-11-05T13:28:07.935+0000] {processor.py:161} INFO - Started process (PID=112) to work on /home/airflow/.local/lib/python3.12/site-packages/airflow/example_dags/example_nested_branch_dag.py
[2024-11-05T13:28:07.952+0000] {processor.py:830} INFO - Processing file /home/airflow/.local/lib/python3.12/site-packages/airflow/example_dags/example_nested_branch_dag.py for tasks to queue
[2024-11-05T13:28:07.957+0000] {logging_mixin.py:188} INFO - [2024-11-05T13:28:07.956+0000] {dagbag.py:545} INFO - Filling up the DagBag from /home/airflow/.local/lib/python3.12/site-packages/airflow/example_dags/example_nested_branch_dag.py
[2024-11-05T13:28:07.981+0000] {processor.py:840} INFO - DAG(s) 'example_nested_branch_dag' retrieved from /home/airflow/.local/lib/python3.12/site-packages/airflow/example_dags/example_nested_branch_dag.py
[2024-11-05T13:28:08.098+0000] {logging_mixin.py:188} INFO - [2024-11-05T13:28:08.098+0000] {dag.py:3089} INFO - Sync 1 DAGs
[2024-11-05T13:28:08.190+0000] {logging_mixin.py:188} INFO - [2024-11-05T13:28:08.189+0000] {dag.py:3947} INFO - Setting next_dagrun for example_nested_branch_dag to 2024-11-04 00:00:00+00:00, run_after=2024-11-05 00:00:00+00:00
[2024-11-05T13:28:08.315+0000] {processor.py:183} INFO - Processing /home/airflow/.local/lib/python3.12/site-packages/airflow/example_dags/example_nested_branch_dag.py took 0.394 seconds
[2024-11-05T13:28:39.554+0000] {processor.py:161} INFO - Started process (PID=178) to work on /home/airflow/.local/lib/python3.12/site-packages/airflow/example_dags/example_nested_branch_dag.py
[2024-11-05T13:28:39.559+0000] {processor.py:830} INFO - Processing file /home/airflow/.local/lib/python3.12/site-packages/airflow/example_dags/example_nested_branch_dag.py for tasks to queue
[2024-11-05T13:28:39.563+0000] {logging_mixin.py:188} INFO - [2024-11-05T13:28:39.562+0000] {dagbag.py:545} INFO - Filling up the DagBag from /home/airflow/.local/lib/python3.12/site-packages/airflow/example_dags/example_nested_branch_dag.py
[2024-11-05T13:28:39.642+0000] {processor.py:840} INFO - DAG(s) 'example_nested_branch_dag' retrieved from /home/airflow/.local/lib/python3.12/site-packages/airflow/example_dags/example_nested_branch_dag.py
[2024-11-05T13:28:39.714+0000] {logging_mixin.py:188} INFO - [2024-11-05T13:28:39.712+0000] {dag.py:3089} INFO - Sync 1 DAGs
[2024-11-05T13:28:39.797+0000] {logging_mixin.py:188} INFO - [2024-11-05T13:28:39.797+0000] {dag.py:3947} INFO - Setting next_dagrun for example_nested_branch_dag to 2024-11-04 00:00:00+00:00, run_after=2024-11-05 00:00:00+00:00
[2024-11-05T13:28:39.854+0000] {processor.py:183} INFO - Processing /home/airflow/.local/lib/python3.12/site-packages/airflow/example_dags/example_nested_branch_dag.py took 0.334 seconds
[2024-11-05T13:29:12.968+0000] {processor.py:161} INFO - Started process (PID=238) to work on /home/airflow/.local/lib/python3.12/site-packages/airflow/example_dags/example_nested_branch_dag.py
[2024-11-05T13:29:12.975+0000] {processor.py:830} INFO - Processing file /home/airflow/.local/lib/python3.12/site-packages/airflow/example_dags/example_nested_branch_dag.py for tasks to queue
[2024-11-05T13:29:12.995+0000] {logging_mixin.py:188} INFO - [2024-11-05T13:29:12.994+0000] {dagbag.py:545} INFO - Filling up the DagBag from /home/airflow/.local/lib/python3.12/site-packages/airflow/example_dags/example_nested_branch_dag.py
[2024-11-05T13:29:13.030+0000] {processor.py:840} INFO - DAG(s) 'example_nested_branch_dag' retrieved from /home/airflow/.local/lib/python3.12/site-packages/airflow/example_dags/example_nested_branch_dag.py
[2024-11-05T13:29:13.295+0000] {logging_mixin.py:188} INFO - [2024-11-05T13:29:13.294+0000] {dag.py:3089} INFO - Sync 1 DAGs
[2024-11-05T13:29:13.465+0000] {logging_mixin.py:188} INFO - [2024-11-05T13:29:13.464+0000] {dag.py:3947} INFO - Setting next_dagrun for example_nested_branch_dag to 2024-11-04 00:00:00+00:00, run_after=2024-11-05 00:00:00+00:00
[2024-11-05T13:29:13.653+0000] {processor.py:183} INFO - Processing /home/airflow/.local/lib/python3.12/site-packages/airflow/example_dags/example_nested_branch_dag.py took 0.714 seconds
[2024-11-05T13:29:47.708+0000] {processor.py:161} INFO - Started process (PID=298) to work on /home/airflow/.local/lib/python3.12/site-packages/airflow/example_dags/example_nested_branch_dag.py
[2024-11-05T13:29:47.711+0000] {processor.py:830} INFO - Processing file /home/airflow/.local/lib/python3.12/site-packages/airflow/example_dags/example_nested_branch_dag.py for tasks to queue
[2024-11-05T13:29:47.715+0000] {logging_mixin.py:188} INFO - [2024-11-05T13:29:47.714+0000] {dagbag.py:545} INFO - Filling up the DagBag from /home/airflow/.local/lib/python3.12/site-packages/airflow/example_dags/example_nested_branch_dag.py
[2024-11-05T13:29:47.753+0000] {processor.py:840} INFO - DAG(s) 'example_nested_branch_dag' retrieved from /home/airflow/.local/lib/python3.12/site-packages/airflow/example_dags/example_nested_branch_dag.py
[2024-11-05T13:29:47.810+0000] {logging_mixin.py:188} INFO - [2024-11-05T13:29:47.810+0000] {dag.py:3089} INFO - Sync 1 DAGs
[2024-11-05T13:29:47.849+0000] {logging_mixin.py:188} INFO - [2024-11-05T13:29:47.849+0000] {dag.py:3947} INFO - Setting next_dagrun for example_nested_branch_dag to 2024-11-04 00:00:00+00:00, run_after=2024-11-05 00:00:00+00:00
[2024-11-05T13:29:47.890+0000] {processor.py:183} INFO - Processing /home/airflow/.local/lib/python3.12/site-packages/airflow/example_dags/example_nested_branch_dag.py took 0.211 seconds
[2024-11-05T13:30:26.242+0000] {processor.py:161} INFO - Started process (PID=358) to work on /home/airflow/.local/lib/python3.12/site-packages/airflow/example_dags/example_nested_branch_dag.py
[2024-11-05T13:30:26.257+0000] {processor.py:830} INFO - Processing file /home/airflow/.local/lib/python3.12/site-packages/airflow/example_dags/example_nested_branch_dag.py for tasks to queue
[2024-11-05T13:30:26.264+0000] {logging_mixin.py:188} INFO - [2024-11-05T13:30:26.263+0000] {dagbag.py:545} INFO - Filling up the DagBag from /home/airflow/.local/lib/python3.12/site-packages/airflow/example_dags/example_nested_branch_dag.py
[2024-11-05T13:30:26.315+0000] {processor.py:840} INFO - DAG(s) 'example_nested_branch_dag' retrieved from /home/airflow/.local/lib/python3.12/site-packages/airflow/example_dags/example_nested_branch_dag.py
[2024-11-05T13:30:26.529+0000] {logging_mixin.py:188} INFO - [2024-11-05T13:30:26.528+0000] {dag.py:3089} INFO - Sync 1 DAGs
[2024-11-05T13:30:26.622+0000] {logging_mixin.py:188} INFO - [2024-11-05T13:30:26.621+0000] {dag.py:3947} INFO - Setting next_dagrun for example_nested_branch_dag to 2024-11-04 00:00:00+00:00, run_after=2024-11-05 00:00:00+00:00
[2024-11-05T13:30:26.699+0000] {processor.py:183} INFO - Processing /home/airflow/.local/lib/python3.12/site-packages/airflow/example_dags/example_nested_branch_dag.py took 0.484 seconds
[2024-11-05T13:31:04.481+0000] {processor.py:161} INFO - Started process (PID=418) to work on /home/airflow/.local/lib/python3.12/site-packages/airflow/example_dags/example_nested_branch_dag.py
[2024-11-05T13:31:04.483+0000] {processor.py:830} INFO - Processing file /home/airflow/.local/lib/python3.12/site-packages/airflow/example_dags/example_nested_branch_dag.py for tasks to queue
[2024-11-05T13:31:04.491+0000] {logging_mixin.py:188} INFO - [2024-11-05T13:31:04.490+0000] {dagbag.py:545} INFO - Filling up the DagBag from /home/airflow/.local/lib/python3.12/site-packages/airflow/example_dags/example_nested_branch_dag.py
[2024-11-05T13:31:04.540+0000] {processor.py:840} INFO - DAG(s) 'example_nested_branch_dag' retrieved from /home/airflow/.local/lib/python3.12/site-packages/airflow/example_dags/example_nested_branch_dag.py
[2024-11-05T13:31:04.667+0000] {logging_mixin.py:188} INFO - [2024-11-05T13:31:04.667+0000] {dag.py:3089} INFO - Sync 1 DAGs
[2024-11-05T13:31:04.779+0000] {logging_mixin.py:188} INFO - [2024-11-05T13:31:04.778+0000] {dag.py:3947} INFO - Setting next_dagrun for example_nested_branch_dag to 2024-11-04 00:00:00+00:00, run_after=2024-11-05 00:00:00+00:00
[2024-11-05T13:31:04.856+0000] {processor.py:183} INFO - Processing /home/airflow/.local/lib/python3.12/site-packages/airflow/example_dags/example_nested_branch_dag.py took 0.431 seconds
[2024-11-05T13:32:22.460+0000] {processor.py:161} INFO - Started process (PID=495) to work on /home/airflow/.local/lib/python3.12/site-packages/airflow/example_dags/example_nested_branch_dag.py
[2024-11-05T13:32:22.475+0000] {processor.py:830} INFO - Processing file /home/airflow/.local/lib/python3.12/site-packages/airflow/example_dags/example_nested_branch_dag.py for tasks to queue
[2024-11-05T13:32:22.492+0000] {logging_mixin.py:188} INFO - [2024-11-05T13:32:22.491+0000] {dagbag.py:545} INFO - Filling up the DagBag from /home/airflow/.local/lib/python3.12/site-packages/airflow/example_dags/example_nested_branch_dag.py
[2024-11-05T13:32:22.585+0000] {processor.py:840} INFO - DAG(s) 'example_nested_branch_dag' retrieved from /home/airflow/.local/lib/python3.12/site-packages/airflow/example_dags/example_nested_branch_dag.py
[2024-11-05T13:32:22.748+0000] {logging_mixin.py:188} INFO - [2024-11-05T13:32:22.747+0000] {dag.py:3089} INFO - Sync 1 DAGs
[2024-11-05T13:32:22.893+0000] {logging_mixin.py:188} INFO - [2024-11-05T13:32:22.892+0000] {dag.py:3947} INFO - Setting next_dagrun for example_nested_branch_dag to 2024-11-04 00:00:00+00:00, run_after=2024-11-05 00:00:00+00:00
[2024-11-05T13:32:23.058+0000] {processor.py:183} INFO - Processing /home/airflow/.local/lib/python3.12/site-packages/airflow/example_dags/example_nested_branch_dag.py took 0.642 seconds
[2024-11-05T13:33:12.763+0000] {processor.py:161} INFO - Started process (PID=552) to work on /home/airflow/.local/lib/python3.12/site-packages/airflow/example_dags/example_nested_branch_dag.py
[2024-11-05T13:33:12.780+0000] {processor.py:830} INFO - Processing file /home/airflow/.local/lib/python3.12/site-packages/airflow/example_dags/example_nested_branch_dag.py for tasks to queue
[2024-11-05T13:33:12.804+0000] {logging_mixin.py:188} INFO - [2024-11-05T13:33:12.801+0000] {dagbag.py:545} INFO - Filling up the DagBag from /home/airflow/.local/lib/python3.12/site-packages/airflow/example_dags/example_nested_branch_dag.py
[2024-11-05T13:33:12.986+0000] {processor.py:840} INFO - DAG(s) 'example_nested_branch_dag' retrieved from /home/airflow/.local/lib/python3.12/site-packages/airflow/example_dags/example_nested_branch_dag.py
[2024-11-05T13:33:13.237+0000] {logging_mixin.py:188} INFO - [2024-11-05T13:33:13.236+0000] {dag.py:3089} INFO - Sync 1 DAGs
[2024-11-05T13:33:13.448+0000] {logging_mixin.py:188} INFO - [2024-11-05T13:33:13.448+0000] {dag.py:3947} INFO - Setting next_dagrun for example_nested_branch_dag to 2024-11-04 00:00:00+00:00, run_after=2024-11-05 00:00:00+00:00
[2024-11-05T13:33:13.948+0000] {processor.py:183} INFO - Processing /home/airflow/.local/lib/python3.12/site-packages/airflow/example_dags/example_nested_branch_dag.py took 1.283 seconds
[2024-11-05T13:34:33.206+0000] {processor.py:161} INFO - Started process (PID=624) to work on /home/airflow/.local/lib/python3.12/site-packages/airflow/example_dags/example_nested_branch_dag.py
[2024-11-05T13:34:33.213+0000] {processor.py:830} INFO - Processing file /home/airflow/.local/lib/python3.12/site-packages/airflow/example_dags/example_nested_branch_dag.py for tasks to queue
[2024-11-05T13:34:33.220+0000] {logging_mixin.py:188} INFO - [2024-11-05T13:34:33.217+0000] {dagbag.py:545} INFO - Filling up the DagBag from /home/airflow/.local/lib/python3.12/site-packages/airflow/example_dags/example_nested_branch_dag.py
[2024-11-05T13:34:33.601+0000] {processor.py:840} INFO - DAG(s) 'example_nested_branch_dag' retrieved from /home/airflow/.local/lib/python3.12/site-packages/airflow/example_dags/example_nested_branch_dag.py
[2024-11-05T13:34:34.081+0000] {logging_mixin.py:188} INFO - [2024-11-05T13:34:34.077+0000] {dag.py:3089} INFO - Sync 1 DAGs
[2024-11-05T13:34:34.384+0000] {logging_mixin.py:188} INFO - [2024-11-05T13:34:34.376+0000] {dag.py:3947} INFO - Setting next_dagrun for example_nested_branch_dag to 2024-11-04 00:00:00+00:00, run_after=2024-11-05 00:00:00+00:00
[2024-11-05T13:34:34.705+0000] {processor.py:183} INFO - Processing /home/airflow/.local/lib/python3.12/site-packages/airflow/example_dags/example_nested_branch_dag.py took 1.540 seconds
