[2024-11-05T13:27:50.862+0000] {processor.py:161} INFO - Started process (PID=91) to work on /home/airflow/.local/lib/python3.12/site-packages/airflow/example_dags/example_bash_operator.py
[2024-11-05T13:27:50.864+0000] {processor.py:830} INFO - Processing file /home/airflow/.local/lib/python3.12/site-packages/airflow/example_dags/example_bash_operator.py for tasks to queue
[2024-11-05T13:27:50.866+0000] {logging_mixin.py:188} INFO - [2024-11-05T13:27:50.866+0000] {dagbag.py:545} INFO - Filling up the DagBag from /home/airflow/.local/lib/python3.12/site-packages/airflow/example_dags/example_bash_operator.py
[2024-11-05T13:27:50.947+0000] {processor.py:840} INFO - DAG(s) 'example_bash_operator' retrieved from /home/airflow/.local/lib/python3.12/site-packages/airflow/example_dags/example_bash_operator.py
[2024-11-05T13:27:51.336+0000] {logging_mixin.py:188} INFO - [2024-11-05T13:27:51.335+0000] {dag.py:3089} INFO - Sync 1 DAGs
[2024-11-05T13:27:51.425+0000] {logging_mixin.py:188} INFO - [2024-11-05T13:27:51.424+0000] {dag.py:3947} INFO - Setting next_dagrun for example_bash_operator to 2024-11-04 00:00:00+00:00, run_after=2024-11-05 00:00:00+00:00
[2024-11-05T13:27:51.511+0000] {processor.py:183} INFO - Processing /home/airflow/.local/lib/python3.12/site-packages/airflow/example_dags/example_bash_operator.py took 0.664 seconds
[2024-11-05T13:28:21.619+0000] {processor.py:161} INFO - Started process (PID=151) to work on /home/airflow/.local/lib/python3.12/site-packages/airflow/example_dags/example_bash_operator.py
[2024-11-05T13:28:21.623+0000] {processor.py:830} INFO - Processing file /home/airflow/.local/lib/python3.12/site-packages/airflow/example_dags/example_bash_operator.py for tasks to queue
[2024-11-05T13:28:21.627+0000] {logging_mixin.py:188} INFO - [2024-11-05T13:28:21.626+0000] {dagbag.py:545} INFO - Filling up the DagBag from /home/airflow/.local/lib/python3.12/site-packages/airflow/example_dags/example_bash_operator.py
[2024-11-05T13:28:21.649+0000] {processor.py:840} INFO - DAG(s) 'example_bash_operator' retrieved from /home/airflow/.local/lib/python3.12/site-packages/airflow/example_dags/example_bash_operator.py
[2024-11-05T13:28:21.704+0000] {logging_mixin.py:188} INFO - [2024-11-05T13:28:21.704+0000] {dag.py:3089} INFO - Sync 1 DAGs
[2024-11-05T13:28:21.741+0000] {logging_mixin.py:188} INFO - [2024-11-05T13:28:21.740+0000] {dag.py:3947} INFO - Setting next_dagrun for example_bash_operator to 2024-11-04 00:00:00+00:00, run_after=2024-11-05 00:00:00+00:00
[2024-11-05T13:28:21.770+0000] {processor.py:183} INFO - Processing /home/airflow/.local/lib/python3.12/site-packages/airflow/example_dags/example_bash_operator.py took 0.162 seconds
[2024-11-05T13:28:52.310+0000] {processor.py:161} INFO - Started process (PID=211) to work on /home/airflow/.local/lib/python3.12/site-packages/airflow/example_dags/example_bash_operator.py
[2024-11-05T13:28:52.312+0000] {processor.py:830} INFO - Processing file /home/airflow/.local/lib/python3.12/site-packages/airflow/example_dags/example_bash_operator.py for tasks to queue
[2024-11-05T13:28:52.315+0000] {logging_mixin.py:188} INFO - [2024-11-05T13:28:52.315+0000] {dagbag.py:545} INFO - Filling up the DagBag from /home/airflow/.local/lib/python3.12/site-packages/airflow/example_dags/example_bash_operator.py
[2024-11-05T13:28:52.339+0000] {processor.py:840} INFO - DAG(s) 'example_bash_operator' retrieved from /home/airflow/.local/lib/python3.12/site-packages/airflow/example_dags/example_bash_operator.py
[2024-11-05T13:28:52.399+0000] {logging_mixin.py:188} INFO - [2024-11-05T13:28:52.398+0000] {dag.py:3089} INFO - Sync 1 DAGs
[2024-11-05T13:28:52.451+0000] {logging_mixin.py:188} INFO - [2024-11-05T13:28:52.451+0000] {dag.py:3947} INFO - Setting next_dagrun for example_bash_operator to 2024-11-04 00:00:00+00:00, run_after=2024-11-05 00:00:00+00:00
[2024-11-05T13:28:52.482+0000] {processor.py:183} INFO - Processing /home/airflow/.local/lib/python3.12/site-packages/airflow/example_dags/example_bash_operator.py took 0.183 seconds
[2024-11-05T13:29:41.483+0000] {processor.py:161} INFO - Started process (PID=277) to work on /home/airflow/.local/lib/python3.12/site-packages/airflow/example_dags/example_bash_operator.py
[2024-11-05T13:29:41.522+0000] {processor.py:830} INFO - Processing file /home/airflow/.local/lib/python3.12/site-packages/airflow/example_dags/example_bash_operator.py for tasks to queue
[2024-11-05T13:29:41.527+0000] {logging_mixin.py:188} INFO - [2024-11-05T13:29:41.526+0000] {dagbag.py:545} INFO - Filling up the DagBag from /home/airflow/.local/lib/python3.12/site-packages/airflow/example_dags/example_bash_operator.py
[2024-11-05T13:29:41.560+0000] {processor.py:840} INFO - DAG(s) 'example_bash_operator' retrieved from /home/airflow/.local/lib/python3.12/site-packages/airflow/example_dags/example_bash_operator.py
[2024-11-05T13:29:41.696+0000] {logging_mixin.py:188} INFO - [2024-11-05T13:29:41.695+0000] {dag.py:3089} INFO - Sync 1 DAGs
[2024-11-05T13:29:41.795+0000] {logging_mixin.py:188} INFO - [2024-11-05T13:29:41.794+0000] {dag.py:3947} INFO - Setting next_dagrun for example_bash_operator to 2024-11-04 00:00:00+00:00, run_after=2024-11-05 00:00:00+00:00
[2024-11-05T13:29:41.870+0000] {processor.py:183} INFO - Processing /home/airflow/.local/lib/python3.12/site-packages/airflow/example_dags/example_bash_operator.py took 0.401 seconds
[2024-11-05T13:30:12.723+0000] {processor.py:161} INFO - Started process (PID=337) to work on /home/airflow/.local/lib/python3.12/site-packages/airflow/example_dags/example_bash_operator.py
[2024-11-05T13:30:12.727+0000] {processor.py:830} INFO - Processing file /home/airflow/.local/lib/python3.12/site-packages/airflow/example_dags/example_bash_operator.py for tasks to queue
[2024-11-05T13:30:12.732+0000] {logging_mixin.py:188} INFO - [2024-11-05T13:30:12.730+0000] {dagbag.py:545} INFO - Filling up the DagBag from /home/airflow/.local/lib/python3.12/site-packages/airflow/example_dags/example_bash_operator.py
[2024-11-05T13:30:12.796+0000] {processor.py:840} INFO - DAG(s) 'example_bash_operator' retrieved from /home/airflow/.local/lib/python3.12/site-packages/airflow/example_dags/example_bash_operator.py
[2024-11-05T13:30:12.923+0000] {logging_mixin.py:188} INFO - [2024-11-05T13:30:12.922+0000] {dag.py:3089} INFO - Sync 1 DAGs
[2024-11-05T13:30:13.017+0000] {logging_mixin.py:188} INFO - [2024-11-05T13:30:13.017+0000] {dag.py:3947} INFO - Setting next_dagrun for example_bash_operator to 2024-11-04 00:00:00+00:00, run_after=2024-11-05 00:00:00+00:00
[2024-11-05T13:30:13.080+0000] {processor.py:183} INFO - Processing /home/airflow/.local/lib/python3.12/site-packages/airflow/example_dags/example_bash_operator.py took 0.390 seconds
[2024-11-05T13:30:49.615+0000] {processor.py:161} INFO - Started process (PID=401) to work on /home/airflow/.local/lib/python3.12/site-packages/airflow/example_dags/example_bash_operator.py
[2024-11-05T13:30:49.633+0000] {processor.py:830} INFO - Processing file /home/airflow/.local/lib/python3.12/site-packages/airflow/example_dags/example_bash_operator.py for tasks to queue
[2024-11-05T13:30:49.653+0000] {logging_mixin.py:188} INFO - [2024-11-05T13:30:49.647+0000] {dagbag.py:545} INFO - Filling up the DagBag from /home/airflow/.local/lib/python3.12/site-packages/airflow/example_dags/example_bash_operator.py
[2024-11-05T13:30:49.801+0000] {processor.py:840} INFO - DAG(s) 'example_bash_operator' retrieved from /home/airflow/.local/lib/python3.12/site-packages/airflow/example_dags/example_bash_operator.py
[2024-11-05T13:30:50.170+0000] {logging_mixin.py:188} INFO - [2024-11-05T13:30:50.169+0000] {dag.py:3089} INFO - Sync 1 DAGs
[2024-11-05T13:30:50.535+0000] {logging_mixin.py:188} INFO - [2024-11-05T13:30:50.532+0000] {dag.py:3947} INFO - Setting next_dagrun for example_bash_operator to 2024-11-04 00:00:00+00:00, run_after=2024-11-05 00:00:00+00:00
[2024-11-05T13:30:50.773+0000] {processor.py:183} INFO - Processing /home/airflow/.local/lib/python3.12/site-packages/airflow/example_dags/example_bash_operator.py took 1.319 seconds
[2024-11-05T13:31:29.978+0000] {processor.py:161} INFO - Started process (PID=462) to work on /home/airflow/.local/lib/python3.12/site-packages/airflow/example_dags/example_bash_operator.py
[2024-11-05T13:31:29.987+0000] {processor.py:830} INFO - Processing file /home/airflow/.local/lib/python3.12/site-packages/airflow/example_dags/example_bash_operator.py for tasks to queue
[2024-11-05T13:31:30.000+0000] {logging_mixin.py:188} INFO - [2024-11-05T13:31:29.999+0000] {dagbag.py:545} INFO - Filling up the DagBag from /home/airflow/.local/lib/python3.12/site-packages/airflow/example_dags/example_bash_operator.py
[2024-11-05T13:31:30.081+0000] {processor.py:840} INFO - DAG(s) 'example_bash_operator' retrieved from /home/airflow/.local/lib/python3.12/site-packages/airflow/example_dags/example_bash_operator.py
[2024-11-05T13:31:30.444+0000] {logging_mixin.py:188} INFO - [2024-11-05T13:31:30.444+0000] {dag.py:3089} INFO - Sync 1 DAGs
[2024-11-05T13:31:31.218+0000] {logging_mixin.py:188} INFO - [2024-11-05T13:31:31.215+0000] {dag.py:3947} INFO - Setting next_dagrun for example_bash_operator to 2024-11-04 00:00:00+00:00, run_after=2024-11-05 00:00:00+00:00
[2024-11-05T13:31:31.761+0000] {processor.py:183} INFO - Processing /home/airflow/.local/lib/python3.12/site-packages/airflow/example_dags/example_bash_operator.py took 1.909 seconds
[2024-11-05T13:32:52.159+0000] {processor.py:161} INFO - Started process (PID=533) to work on /home/airflow/.local/lib/python3.12/site-packages/airflow/example_dags/example_bash_operator.py
[2024-11-05T13:32:52.163+0000] {processor.py:830} INFO - Processing file /home/airflow/.local/lib/python3.12/site-packages/airflow/example_dags/example_bash_operator.py for tasks to queue
[2024-11-05T13:32:52.173+0000] {logging_mixin.py:188} INFO - [2024-11-05T13:32:52.172+0000] {dagbag.py:545} INFO - Filling up the DagBag from /home/airflow/.local/lib/python3.12/site-packages/airflow/example_dags/example_bash_operator.py
[2024-11-05T13:32:52.244+0000] {processor.py:840} INFO - DAG(s) 'example_bash_operator' retrieved from /home/airflow/.local/lib/python3.12/site-packages/airflow/example_dags/example_bash_operator.py
[2024-11-05T13:32:52.613+0000] {logging_mixin.py:188} INFO - [2024-11-05T13:32:52.610+0000] {dag.py:3089} INFO - Sync 1 DAGs
[2024-11-05T13:32:52.848+0000] {logging_mixin.py:188} INFO - [2024-11-05T13:32:52.825+0000] {dag.py:3947} INFO - Setting next_dagrun for example_bash_operator to 2024-11-04 00:00:00+00:00, run_after=2024-11-05 00:00:00+00:00
[2024-11-05T13:32:53.334+0000] {processor.py:183} INFO - Processing /home/airflow/.local/lib/python3.12/site-packages/airflow/example_dags/example_bash_operator.py took 1.233 seconds
[2024-11-05T13:34:00.177+0000] {processor.py:161} INFO - Started process (PID=602) to work on /home/airflow/.local/lib/python3.12/site-packages/airflow/example_dags/example_bash_operator.py
[2024-11-05T13:34:00.185+0000] {processor.py:830} INFO - Processing file /home/airflow/.local/lib/python3.12/site-packages/airflow/example_dags/example_bash_operator.py for tasks to queue
[2024-11-05T13:34:00.203+0000] {logging_mixin.py:188} INFO - [2024-11-05T13:34:00.193+0000] {dagbag.py:545} INFO - Filling up the DagBag from /home/airflow/.local/lib/python3.12/site-packages/airflow/example_dags/example_bash_operator.py
[2024-11-05T13:34:00.585+0000] {processor.py:840} INFO - DAG(s) 'example_bash_operator' retrieved from /home/airflow/.local/lib/python3.12/site-packages/airflow/example_dags/example_bash_operator.py
[2024-11-05T13:34:01.185+0000] {logging_mixin.py:188} INFO - [2024-11-05T13:34:01.182+0000] {dag.py:3089} INFO - Sync 1 DAGs
[2024-11-05T13:34:02.791+0000] {logging_mixin.py:188} INFO - [2024-11-05T13:34:02.743+0000] {dag.py:3947} INFO - Setting next_dagrun for example_bash_operator to 2024-11-04 00:00:00+00:00, run_after=2024-11-05 00:00:00+00:00
[2024-11-05T13:34:03.301+0000] {processor.py:183} INFO - Processing /home/airflow/.local/lib/python3.12/site-packages/airflow/example_dags/example_bash_operator.py took 3.210 seconds
