[2024-11-05T13:23:36.558+0000] {processor.py:161} INFO - Started process (PID=65) to work on /home/airflow/.local/lib/python3.12/site-packages/airflow/example_dags/example_xcomargs.py
[2024-11-05T13:23:36.561+0000] {processor.py:830} INFO - Processing file /home/airflow/.local/lib/python3.12/site-packages/airflow/example_dags/example_xcomargs.py for tasks to queue
[2024-11-05T13:23:36.584+0000] {logging_mixin.py:188} INFO - [2024-11-05T13:23:36.582+0000] {dagbag.py:545} INFO - Filling up the DagBag from /home/airflow/.local/lib/python3.12/site-packages/airflow/example_dags/example_xcomargs.py
[2024-11-05T13:23:36.812+0000] {processor.py:840} INFO - DAG(s) 'example_xcom_args_with_operators', 'example_xcom_args' retrieved from /home/airflow/.local/lib/python3.12/site-packages/airflow/example_dags/example_xcomargs.py
[2024-11-05T13:23:37.297+0000] {logging_mixin.py:188} INFO - [2024-11-05T13:23:37.297+0000] {dag.py:3089} INFO - Sync 2 DAGs
[2024-11-05T13:23:37.481+0000] {logging_mixin.py:188} INFO - [2024-11-05T13:23:37.463+0000] {dag.py:3947} INFO - Setting next_dagrun for example_xcom_args to None, run_after=None
[2024-11-05T13:23:37.566+0000] {logging_mixin.py:188} INFO - [2024-11-05T13:23:37.566+0000] {dag.py:3947} INFO - Setting next_dagrun for example_xcom_args_with_operators to None, run_after=None
[2024-11-05T13:23:37.756+0000] {processor.py:183} INFO - Processing /home/airflow/.local/lib/python3.12/site-packages/airflow/example_dags/example_xcomargs.py took 1.281 seconds
[2024-11-05T13:27:11.323+0000] {processor.py:161} INFO - Started process (PID=58) to work on /home/airflow/.local/lib/python3.12/site-packages/airflow/example_dags/example_xcomargs.py
[2024-11-05T13:27:11.333+0000] {processor.py:830} INFO - Processing file /home/airflow/.local/lib/python3.12/site-packages/airflow/example_dags/example_xcomargs.py for tasks to queue
[2024-11-05T13:27:11.354+0000] {logging_mixin.py:188} INFO - [2024-11-05T13:27:11.351+0000] {dagbag.py:545} INFO - Filling up the DagBag from /home/airflow/.local/lib/python3.12/site-packages/airflow/example_dags/example_xcomargs.py
[2024-11-05T13:27:11.414+0000] {processor.py:840} INFO - DAG(s) 'example_xcom_args_with_operators', 'example_xcom_args' retrieved from /home/airflow/.local/lib/python3.12/site-packages/airflow/example_dags/example_xcomargs.py
[2024-11-05T13:27:13.070+0000] {logging_mixin.py:188} INFO - [2024-11-05T13:27:13.069+0000] {dag.py:3089} INFO - Sync 2 DAGs
[2024-11-05T13:27:13.168+0000] {logging_mixin.py:188} INFO - [2024-11-05T13:27:13.167+0000] {dag.py:3947} INFO - Setting next_dagrun for example_xcom_args to None, run_after=None
[2024-11-05T13:27:13.204+0000] {logging_mixin.py:188} INFO - [2024-11-05T13:27:13.204+0000] {dag.py:3947} INFO - Setting next_dagrun for example_xcom_args_with_operators to None, run_after=None
[2024-11-05T13:27:13.345+0000] {processor.py:183} INFO - Processing /home/airflow/.local/lib/python3.12/site-packages/airflow/example_dags/example_xcomargs.py took 2.090 seconds
[2024-11-05T13:28:09.438+0000] {processor.py:161} INFO - Started process (PID=124) to work on /home/airflow/.local/lib/python3.12/site-packages/airflow/example_dags/example_xcomargs.py
[2024-11-05T13:28:09.441+0000] {processor.py:830} INFO - Processing file /home/airflow/.local/lib/python3.12/site-packages/airflow/example_dags/example_xcomargs.py for tasks to queue
[2024-11-05T13:28:09.448+0000] {logging_mixin.py:188} INFO - [2024-11-05T13:28:09.447+0000] {dagbag.py:545} INFO - Filling up the DagBag from /home/airflow/.local/lib/python3.12/site-packages/airflow/example_dags/example_xcomargs.py
[2024-11-05T13:28:09.471+0000] {processor.py:840} INFO - DAG(s) 'example_xcom_args_with_operators', 'example_xcom_args' retrieved from /home/airflow/.local/lib/python3.12/site-packages/airflow/example_dags/example_xcomargs.py
[2024-11-05T13:28:09.559+0000] {logging_mixin.py:188} INFO - [2024-11-05T13:28:09.558+0000] {dag.py:3089} INFO - Sync 2 DAGs
[2024-11-05T13:28:09.603+0000] {logging_mixin.py:188} INFO - [2024-11-05T13:28:09.603+0000] {dag.py:3947} INFO - Setting next_dagrun for example_xcom_args to None, run_after=None
[2024-11-05T13:28:09.615+0000] {logging_mixin.py:188} INFO - [2024-11-05T13:28:09.614+0000] {dag.py:3947} INFO - Setting next_dagrun for example_xcom_args_with_operators to None, run_after=None
[2024-11-05T13:28:09.673+0000] {processor.py:183} INFO - Processing /home/airflow/.local/lib/python3.12/site-packages/airflow/example_dags/example_xcomargs.py took 0.256 seconds
[2024-11-05T13:28:40.684+0000] {processor.py:161} INFO - Started process (PID=184) to work on /home/airflow/.local/lib/python3.12/site-packages/airflow/example_dags/example_xcomargs.py
[2024-11-05T13:28:40.686+0000] {processor.py:830} INFO - Processing file /home/airflow/.local/lib/python3.12/site-packages/airflow/example_dags/example_xcomargs.py for tasks to queue
[2024-11-05T13:28:40.690+0000] {logging_mixin.py:188} INFO - [2024-11-05T13:28:40.689+0000] {dagbag.py:545} INFO - Filling up the DagBag from /home/airflow/.local/lib/python3.12/site-packages/airflow/example_dags/example_xcomargs.py
[2024-11-05T13:28:40.711+0000] {processor.py:840} INFO - DAG(s) 'example_xcom_args_with_operators', 'example_xcom_args' retrieved from /home/airflow/.local/lib/python3.12/site-packages/airflow/example_dags/example_xcomargs.py
[2024-11-05T13:28:40.767+0000] {logging_mixin.py:188} INFO - [2024-11-05T13:28:40.766+0000] {dag.py:3089} INFO - Sync 2 DAGs
[2024-11-05T13:28:40.799+0000] {logging_mixin.py:188} INFO - [2024-11-05T13:28:40.798+0000] {dag.py:3947} INFO - Setting next_dagrun for example_xcom_args to None, run_after=None
[2024-11-05T13:28:40.808+0000] {logging_mixin.py:188} INFO - [2024-11-05T13:28:40.807+0000] {dag.py:3947} INFO - Setting next_dagrun for example_xcom_args_with_operators to None, run_after=None
[2024-11-05T13:28:40.843+0000] {processor.py:183} INFO - Processing /home/airflow/.local/lib/python3.12/site-packages/airflow/example_dags/example_xcomargs.py took 0.175 seconds
[2024-11-05T13:29:15.238+0000] {processor.py:161} INFO - Started process (PID=244) to work on /home/airflow/.local/lib/python3.12/site-packages/airflow/example_dags/example_xcomargs.py
[2024-11-05T13:29:15.244+0000] {processor.py:830} INFO - Processing file /home/airflow/.local/lib/python3.12/site-packages/airflow/example_dags/example_xcomargs.py for tasks to queue
[2024-11-05T13:29:15.269+0000] {logging_mixin.py:188} INFO - [2024-11-05T13:29:15.266+0000] {dagbag.py:545} INFO - Filling up the DagBag from /home/airflow/.local/lib/python3.12/site-packages/airflow/example_dags/example_xcomargs.py
[2024-11-05T13:29:15.373+0000] {processor.py:840} INFO - DAG(s) 'example_xcom_args_with_operators', 'example_xcom_args' retrieved from /home/airflow/.local/lib/python3.12/site-packages/airflow/example_dags/example_xcomargs.py
[2024-11-05T13:29:15.730+0000] {logging_mixin.py:188} INFO - [2024-11-05T13:29:15.718+0000] {dag.py:3089} INFO - Sync 2 DAGs
[2024-11-05T13:29:15.871+0000] {logging_mixin.py:188} INFO - [2024-11-05T13:29:15.870+0000] {dag.py:3947} INFO - Setting next_dagrun for example_xcom_args to None, run_after=None
[2024-11-05T13:29:15.934+0000] {logging_mixin.py:188} INFO - [2024-11-05T13:29:15.913+0000] {dag.py:3947} INFO - Setting next_dagrun for example_xcom_args_with_operators to None, run_after=None
[2024-11-05T13:29:17.174+0000] {processor.py:183} INFO - Processing /home/airflow/.local/lib/python3.12/site-packages/airflow/example_dags/example_xcomargs.py took 1.975 seconds
[2024-11-05T13:29:48.310+0000] {processor.py:161} INFO - Started process (PID=304) to work on /home/airflow/.local/lib/python3.12/site-packages/airflow/example_dags/example_xcomargs.py
[2024-11-05T13:29:48.312+0000] {processor.py:830} INFO - Processing file /home/airflow/.local/lib/python3.12/site-packages/airflow/example_dags/example_xcomargs.py for tasks to queue
[2024-11-05T13:29:48.316+0000] {logging_mixin.py:188} INFO - [2024-11-05T13:29:48.315+0000] {dagbag.py:545} INFO - Filling up the DagBag from /home/airflow/.local/lib/python3.12/site-packages/airflow/example_dags/example_xcomargs.py
[2024-11-05T13:29:48.333+0000] {processor.py:840} INFO - DAG(s) 'example_xcom_args', 'example_xcom_args_with_operators' retrieved from /home/airflow/.local/lib/python3.12/site-packages/airflow/example_dags/example_xcomargs.py
[2024-11-05T13:29:48.377+0000] {logging_mixin.py:188} INFO - [2024-11-05T13:29:48.376+0000] {dag.py:3089} INFO - Sync 2 DAGs
[2024-11-05T13:29:48.401+0000] {logging_mixin.py:188} INFO - [2024-11-05T13:29:48.400+0000] {dag.py:3947} INFO - Setting next_dagrun for example_xcom_args to None, run_after=None
[2024-11-05T13:29:48.406+0000] {logging_mixin.py:188} INFO - [2024-11-05T13:29:48.406+0000] {dag.py:3947} INFO - Setting next_dagrun for example_xcom_args_with_operators to None, run_after=None
[2024-11-05T13:29:48.434+0000] {processor.py:183} INFO - Processing /home/airflow/.local/lib/python3.12/site-packages/airflow/example_dags/example_xcomargs.py took 0.136 seconds
[2024-11-05T13:30:27.781+0000] {processor.py:161} INFO - Started process (PID=364) to work on /home/airflow/.local/lib/python3.12/site-packages/airflow/example_dags/example_xcomargs.py
[2024-11-05T13:30:27.792+0000] {processor.py:830} INFO - Processing file /home/airflow/.local/lib/python3.12/site-packages/airflow/example_dags/example_xcomargs.py for tasks to queue
[2024-11-05T13:30:27.798+0000] {logging_mixin.py:188} INFO - [2024-11-05T13:30:27.797+0000] {dagbag.py:545} INFO - Filling up the DagBag from /home/airflow/.local/lib/python3.12/site-packages/airflow/example_dags/example_xcomargs.py
[2024-11-05T13:30:27.839+0000] {processor.py:840} INFO - DAG(s) 'example_xcom_args', 'example_xcom_args_with_operators' retrieved from /home/airflow/.local/lib/python3.12/site-packages/airflow/example_dags/example_xcomargs.py
[2024-11-05T13:30:27.963+0000] {logging_mixin.py:188} INFO - [2024-11-05T13:30:27.962+0000] {dag.py:3089} INFO - Sync 2 DAGs
[2024-11-05T13:30:28.065+0000] {logging_mixin.py:188} INFO - [2024-11-05T13:30:28.064+0000] {dag.py:3947} INFO - Setting next_dagrun for example_xcom_args to None, run_after=None
[2024-11-05T13:30:28.078+0000] {logging_mixin.py:188} INFO - [2024-11-05T13:30:28.077+0000] {dag.py:3947} INFO - Setting next_dagrun for example_xcom_args_with_operators to None, run_after=None
[2024-11-05T13:30:28.244+0000] {processor.py:183} INFO - Processing /home/airflow/.local/lib/python3.12/site-packages/airflow/example_dags/example_xcomargs.py took 0.483 seconds
[2024-11-05T13:31:05.802+0000] {processor.py:161} INFO - Started process (PID=424) to work on /home/airflow/.local/lib/python3.12/site-packages/airflow/example_dags/example_xcomargs.py
[2024-11-05T13:31:05.804+0000] {processor.py:830} INFO - Processing file /home/airflow/.local/lib/python3.12/site-packages/airflow/example_dags/example_xcomargs.py for tasks to queue
[2024-11-05T13:31:05.819+0000] {logging_mixin.py:188} INFO - [2024-11-05T13:31:05.817+0000] {dagbag.py:545} INFO - Filling up the DagBag from /home/airflow/.local/lib/python3.12/site-packages/airflow/example_dags/example_xcomargs.py
[2024-11-05T13:31:05.859+0000] {processor.py:840} INFO - DAG(s) 'example_xcom_args_with_operators', 'example_xcom_args' retrieved from /home/airflow/.local/lib/python3.12/site-packages/airflow/example_dags/example_xcomargs.py
[2024-11-05T13:31:05.971+0000] {logging_mixin.py:188} INFO - [2024-11-05T13:31:05.970+0000] {dag.py:3089} INFO - Sync 2 DAGs
[2024-11-05T13:31:06.019+0000] {logging_mixin.py:188} INFO - [2024-11-05T13:31:06.018+0000] {dag.py:3947} INFO - Setting next_dagrun for example_xcom_args to None, run_after=None
[2024-11-05T13:31:06.038+0000] {logging_mixin.py:188} INFO - [2024-11-05T13:31:06.037+0000] {dag.py:3947} INFO - Setting next_dagrun for example_xcom_args_with_operators to None, run_after=None
[2024-11-05T13:31:06.119+0000] {processor.py:183} INFO - Processing /home/airflow/.local/lib/python3.12/site-packages/airflow/example_dags/example_xcomargs.py took 0.347 seconds
[2024-11-05T13:32:26.118+0000] {processor.py:161} INFO - Started process (PID=501) to work on /home/airflow/.local/lib/python3.12/site-packages/airflow/example_dags/example_xcomargs.py
[2024-11-05T13:32:26.126+0000] {processor.py:830} INFO - Processing file /home/airflow/.local/lib/python3.12/site-packages/airflow/example_dags/example_xcomargs.py for tasks to queue
[2024-11-05T13:32:26.138+0000] {logging_mixin.py:188} INFO - [2024-11-05T13:32:26.137+0000] {dagbag.py:545} INFO - Filling up the DagBag from /home/airflow/.local/lib/python3.12/site-packages/airflow/example_dags/example_xcomargs.py
[2024-11-05T13:32:26.274+0000] {processor.py:840} INFO - DAG(s) 'example_xcom_args_with_operators', 'example_xcom_args' retrieved from /home/airflow/.local/lib/python3.12/site-packages/airflow/example_dags/example_xcomargs.py
[2024-11-05T13:32:26.593+0000] {logging_mixin.py:188} INFO - [2024-11-05T13:32:26.593+0000] {dag.py:3089} INFO - Sync 2 DAGs
[2024-11-05T13:32:26.644+0000] {logging_mixin.py:188} INFO - [2024-11-05T13:32:26.644+0000] {dag.py:3947} INFO - Setting next_dagrun for example_xcom_args to None, run_after=None
[2024-11-05T13:32:26.664+0000] {logging_mixin.py:188} INFO - [2024-11-05T13:32:26.664+0000] {dag.py:3947} INFO - Setting next_dagrun for example_xcom_args_with_operators to None, run_after=None
[2024-11-05T13:32:26.758+0000] {processor.py:183} INFO - Processing /home/airflow/.local/lib/python3.12/site-packages/airflow/example_dags/example_xcomargs.py took 0.668 seconds
[2024-11-05T13:33:19.456+0000] {processor.py:161} INFO - Started process (PID=566) to work on /home/airflow/.local/lib/python3.12/site-packages/airflow/example_dags/example_xcomargs.py
[2024-11-05T13:33:19.473+0000] {processor.py:830} INFO - Processing file /home/airflow/.local/lib/python3.12/site-packages/airflow/example_dags/example_xcomargs.py for tasks to queue
[2024-11-05T13:33:19.486+0000] {logging_mixin.py:188} INFO - [2024-11-05T13:33:19.486+0000] {dagbag.py:545} INFO - Filling up the DagBag from /home/airflow/.local/lib/python3.12/site-packages/airflow/example_dags/example_xcomargs.py
[2024-11-05T13:33:19.630+0000] {processor.py:840} INFO - DAG(s) 'example_xcom_args', 'example_xcom_args_with_operators' retrieved from /home/airflow/.local/lib/python3.12/site-packages/airflow/example_dags/example_xcomargs.py
[2024-11-05T13:33:19.933+0000] {logging_mixin.py:188} INFO - [2024-11-05T13:33:19.931+0000] {dag.py:3089} INFO - Sync 2 DAGs
[2024-11-05T13:33:19.991+0000] {logging_mixin.py:188} INFO - [2024-11-05T13:33:19.990+0000] {dag.py:3947} INFO - Setting next_dagrun for example_xcom_args to None, run_after=None
[2024-11-05T13:33:20.005+0000] {logging_mixin.py:188} INFO - [2024-11-05T13:33:20.005+0000] {dag.py:3947} INFO - Setting next_dagrun for example_xcom_args_with_operators to None, run_after=None
[2024-11-05T13:33:20.076+0000] {processor.py:183} INFO - Processing /home/airflow/.local/lib/python3.12/site-packages/airflow/example_dags/example_xcomargs.py took 0.651 seconds
[2024-11-05T13:35:09.669+0000] {processor.py:161} INFO - Started process (PID=636) to work on /home/airflow/.local/lib/python3.12/site-packages/airflow/example_dags/example_xcomargs.py
[2024-11-05T13:35:09.675+0000] {processor.py:830} INFO - Processing file /home/airflow/.local/lib/python3.12/site-packages/airflow/example_dags/example_xcomargs.py for tasks to queue
[2024-11-05T13:35:09.723+0000] {logging_mixin.py:188} INFO - [2024-11-05T13:35:09.677+0000] {dagbag.py:545} INFO - Filling up the DagBag from /home/airflow/.local/lib/python3.12/site-packages/airflow/example_dags/example_xcomargs.py
[2024-11-05T13:35:10.732+0000] {processor.py:840} INFO - DAG(s) 'example_xcom_args', 'example_xcom_args_with_operators' retrieved from /home/airflow/.local/lib/python3.12/site-packages/airflow/example_dags/example_xcomargs.py
[2024-11-05T13:35:14.461+0000] {logging_mixin.py:188} INFO - [2024-11-05T13:35:14.051+0000] {dag.py:3089} INFO - Sync 2 DAGs
[2024-11-05T13:35:17.725+0000] {logging_mixin.py:188} INFO - [2024-11-05T13:35:17.724+0000] {dag.py:3947} INFO - Setting next_dagrun for example_xcom_args to None, run_after=None
[2024-11-05T13:35:18.086+0000] {logging_mixin.py:188} INFO - [2024-11-05T13:35:18.085+0000] {dag.py:3947} INFO - Setting next_dagrun for example_xcom_args_with_operators to None, run_after=None
[2024-11-05T13:35:26.797+0000] {processor.py:183} INFO - Processing /home/airflow/.local/lib/python3.12/site-packages/airflow/example_dags/example_xcomargs.py took 17.930 seconds
