[2024-11-05T13:23:53.236+0000] {processor.py:161} INFO - Started process (PID=89) to work on /home/airflow/.local/lib/python3.12/site-packages/airflow/example_dags/example_short_circuit_decorator.py
[2024-11-05T13:23:53.238+0000] {processor.py:830} INFO - Processing file /home/airflow/.local/lib/python3.12/site-packages/airflow/example_dags/example_short_circuit_decorator.py for tasks to queue
[2024-11-05T13:23:53.240+0000] {logging_mixin.py:188} INFO - [2024-11-05T13:23:53.240+0000] {dagbag.py:545} INFO - Filling up the DagBag from /home/airflow/.local/lib/python3.12/site-packages/airflow/example_dags/example_short_circuit_decorator.py
[2024-11-05T13:23:53.549+0000] {processor.py:840} INFO - DAG(s) 'example_short_circuit_decorator' retrieved from /home/airflow/.local/lib/python3.12/site-packages/airflow/example_dags/example_short_circuit_decorator.py
[2024-11-05T13:23:58.093+0000] {logging_mixin.py:188} INFO - [2024-11-05T13:23:58.092+0000] {dag.py:3089} INFO - Sync 1 DAGs
[2024-11-05T13:23:58.227+0000] {logging_mixin.py:188} INFO - [2024-11-05T13:23:58.225+0000] {dag.py:3947} INFO - Setting next_dagrun for example_short_circuit_decorator to 2024-11-04 00:00:00+00:00, run_after=2024-11-05 00:00:00+00:00
[2024-11-05T13:23:58.597+0000] {processor.py:183} INFO - Processing /home/airflow/.local/lib/python3.12/site-packages/airflow/example_dags/example_short_circuit_decorator.py took 5.383 seconds
[2024-11-05T13:27:46.179+0000] {processor.py:161} INFO - Started process (PID=82) to work on /home/airflow/.local/lib/python3.12/site-packages/airflow/example_dags/example_short_circuit_decorator.py
[2024-11-05T13:27:46.182+0000] {processor.py:830} INFO - Processing file /home/airflow/.local/lib/python3.12/site-packages/airflow/example_dags/example_short_circuit_decorator.py for tasks to queue
[2024-11-05T13:27:46.186+0000] {logging_mixin.py:188} INFO - [2024-11-05T13:27:46.185+0000] {dagbag.py:545} INFO - Filling up the DagBag from /home/airflow/.local/lib/python3.12/site-packages/airflow/example_dags/example_short_circuit_decorator.py
[2024-11-05T13:27:46.214+0000] {processor.py:840} INFO - DAG(s) 'example_short_circuit_decorator' retrieved from /home/airflow/.local/lib/python3.12/site-packages/airflow/example_dags/example_short_circuit_decorator.py
[2024-11-05T13:27:46.837+0000] {logging_mixin.py:188} INFO - [2024-11-05T13:27:46.836+0000] {dag.py:3089} INFO - Sync 1 DAGs
[2024-11-05T13:27:47.005+0000] {logging_mixin.py:188} INFO - [2024-11-05T13:27:47.004+0000] {dag.py:3947} INFO - Setting next_dagrun for example_short_circuit_decorator to 2024-11-04 00:00:00+00:00, run_after=2024-11-05 00:00:00+00:00
[2024-11-05T13:27:47.373+0000] {processor.py:183} INFO - Processing /home/airflow/.local/lib/python3.12/site-packages/airflow/example_dags/example_short_circuit_decorator.py took 1.211 seconds
[2024-11-05T13:28:17.601+0000] {processor.py:161} INFO - Started process (PID=142) to work on /home/airflow/.local/lib/python3.12/site-packages/airflow/example_dags/example_short_circuit_decorator.py
[2024-11-05T13:28:17.603+0000] {processor.py:830} INFO - Processing file /home/airflow/.local/lib/python3.12/site-packages/airflow/example_dags/example_short_circuit_decorator.py for tasks to queue
[2024-11-05T13:28:17.608+0000] {logging_mixin.py:188} INFO - [2024-11-05T13:28:17.606+0000] {dagbag.py:545} INFO - Filling up the DagBag from /home/airflow/.local/lib/python3.12/site-packages/airflow/example_dags/example_short_circuit_decorator.py
[2024-11-05T13:28:17.645+0000] {processor.py:840} INFO - DAG(s) 'example_short_circuit_decorator' retrieved from /home/airflow/.local/lib/python3.12/site-packages/airflow/example_dags/example_short_circuit_decorator.py
[2024-11-05T13:28:17.844+0000] {logging_mixin.py:188} INFO - [2024-11-05T13:28:17.843+0000] {dag.py:3089} INFO - Sync 1 DAGs
[2024-11-05T13:28:17.913+0000] {logging_mixin.py:188} INFO - [2024-11-05T13:28:17.912+0000] {dag.py:3947} INFO - Setting next_dagrun for example_short_circuit_decorator to 2024-11-04 00:00:00+00:00, run_after=2024-11-05 00:00:00+00:00
[2024-11-05T13:28:17.972+0000] {processor.py:183} INFO - Processing /home/airflow/.local/lib/python3.12/site-packages/airflow/example_dags/example_short_circuit_decorator.py took 0.386 seconds
[2024-11-05T13:28:48.195+0000] {processor.py:161} INFO - Started process (PID=202) to work on /home/airflow/.local/lib/python3.12/site-packages/airflow/example_dags/example_short_circuit_decorator.py
[2024-11-05T13:28:48.197+0000] {processor.py:830} INFO - Processing file /home/airflow/.local/lib/python3.12/site-packages/airflow/example_dags/example_short_circuit_decorator.py for tasks to queue
[2024-11-05T13:28:48.202+0000] {logging_mixin.py:188} INFO - [2024-11-05T13:28:48.201+0000] {dagbag.py:545} INFO - Filling up the DagBag from /home/airflow/.local/lib/python3.12/site-packages/airflow/example_dags/example_short_circuit_decorator.py
[2024-11-05T13:28:48.226+0000] {processor.py:840} INFO - DAG(s) 'example_short_circuit_decorator' retrieved from /home/airflow/.local/lib/python3.12/site-packages/airflow/example_dags/example_short_circuit_decorator.py
[2024-11-05T13:28:48.277+0000] {logging_mixin.py:188} INFO - [2024-11-05T13:28:48.277+0000] {dag.py:3089} INFO - Sync 1 DAGs
[2024-11-05T13:28:48.319+0000] {logging_mixin.py:188} INFO - [2024-11-05T13:28:48.319+0000] {dag.py:3947} INFO - Setting next_dagrun for example_short_circuit_decorator to 2024-11-04 00:00:00+00:00, run_after=2024-11-05 00:00:00+00:00
[2024-11-05T13:28:48.364+0000] {processor.py:183} INFO - Processing /home/airflow/.local/lib/python3.12/site-packages/airflow/example_dags/example_short_circuit_decorator.py took 0.183 seconds
[2024-11-05T13:29:35.628+0000] {processor.py:161} INFO - Started process (PID=262) to work on /home/airflow/.local/lib/python3.12/site-packages/airflow/example_dags/example_short_circuit_decorator.py
[2024-11-05T13:29:35.642+0000] {processor.py:830} INFO - Processing file /home/airflow/.local/lib/python3.12/site-packages/airflow/example_dags/example_short_circuit_decorator.py for tasks to queue
[2024-11-05T13:29:35.664+0000] {logging_mixin.py:188} INFO - [2024-11-05T13:29:35.662+0000] {dagbag.py:545} INFO - Filling up the DagBag from /home/airflow/.local/lib/python3.12/site-packages/airflow/example_dags/example_short_circuit_decorator.py
[2024-11-05T13:29:35.696+0000] {processor.py:840} INFO - DAG(s) 'example_short_circuit_decorator' retrieved from /home/airflow/.local/lib/python3.12/site-packages/airflow/example_dags/example_short_circuit_decorator.py
[2024-11-05T13:29:35.770+0000] {logging_mixin.py:188} INFO - [2024-11-05T13:29:35.770+0000] {dag.py:3089} INFO - Sync 1 DAGs
[2024-11-05T13:29:35.906+0000] {logging_mixin.py:188} INFO - [2024-11-05T13:29:35.906+0000] {dag.py:3947} INFO - Setting next_dagrun for example_short_circuit_decorator to 2024-11-04 00:00:00+00:00, run_after=2024-11-05 00:00:00+00:00
[2024-11-05T13:29:36.041+0000] {processor.py:183} INFO - Processing /home/airflow/.local/lib/python3.12/site-packages/airflow/example_dags/example_short_circuit_decorator.py took 0.481 seconds
[2024-11-05T13:30:08.650+0000] {processor.py:161} INFO - Started process (PID=322) to work on /home/airflow/.local/lib/python3.12/site-packages/airflow/example_dags/example_short_circuit_decorator.py
[2024-11-05T13:30:08.666+0000] {processor.py:830} INFO - Processing file /home/airflow/.local/lib/python3.12/site-packages/airflow/example_dags/example_short_circuit_decorator.py for tasks to queue
[2024-11-05T13:30:08.681+0000] {logging_mixin.py:188} INFO - [2024-11-05T13:30:08.680+0000] {dagbag.py:545} INFO - Filling up the DagBag from /home/airflow/.local/lib/python3.12/site-packages/airflow/example_dags/example_short_circuit_decorator.py
[2024-11-05T13:30:08.770+0000] {processor.py:840} INFO - DAG(s) 'example_short_circuit_decorator' retrieved from /home/airflow/.local/lib/python3.12/site-packages/airflow/example_dags/example_short_circuit_decorator.py
[2024-11-05T13:30:09.158+0000] {logging_mixin.py:188} INFO - [2024-11-05T13:30:09.157+0000] {dag.py:3089} INFO - Sync 1 DAGs
[2024-11-05T13:30:09.274+0000] {logging_mixin.py:188} INFO - [2024-11-05T13:30:09.273+0000] {dag.py:3947} INFO - Setting next_dagrun for example_short_circuit_decorator to 2024-11-04 00:00:00+00:00, run_after=2024-11-05 00:00:00+00:00
[2024-11-05T13:30:09.418+0000] {processor.py:183} INFO - Processing /home/airflow/.local/lib/python3.12/site-packages/airflow/example_dags/example_short_circuit_decorator.py took 0.799 seconds
[2024-11-05T13:30:41.084+0000] {processor.py:161} INFO - Started process (PID=382) to work on /home/airflow/.local/lib/python3.12/site-packages/airflow/example_dags/example_short_circuit_decorator.py
[2024-11-05T13:30:41.116+0000] {processor.py:830} INFO - Processing file /home/airflow/.local/lib/python3.12/site-packages/airflow/example_dags/example_short_circuit_decorator.py for tasks to queue
[2024-11-05T13:30:41.126+0000] {logging_mixin.py:188} INFO - [2024-11-05T13:30:41.124+0000] {dagbag.py:545} INFO - Filling up the DagBag from /home/airflow/.local/lib/python3.12/site-packages/airflow/example_dags/example_short_circuit_decorator.py
[2024-11-05T13:30:41.187+0000] {processor.py:840} INFO - DAG(s) 'example_short_circuit_decorator' retrieved from /home/airflow/.local/lib/python3.12/site-packages/airflow/example_dags/example_short_circuit_decorator.py
[2024-11-05T13:30:41.473+0000] {logging_mixin.py:188} INFO - [2024-11-05T13:30:41.472+0000] {dag.py:3089} INFO - Sync 1 DAGs
[2024-11-05T13:30:41.662+0000] {logging_mixin.py:188} INFO - [2024-11-05T13:30:41.661+0000] {dag.py:3947} INFO - Setting next_dagrun for example_short_circuit_decorator to 2024-11-04 00:00:00+00:00, run_after=2024-11-05 00:00:00+00:00
[2024-11-05T13:30:41.837+0000] {processor.py:183} INFO - Processing /home/airflow/.local/lib/python3.12/site-packages/airflow/example_dags/example_short_circuit_decorator.py took 0.795 seconds
[2024-11-05T13:31:15.820+0000] {processor.py:161} INFO - Started process (PID=447) to work on /home/airflow/.local/lib/python3.12/site-packages/airflow/example_dags/example_short_circuit_decorator.py
[2024-11-05T13:31:15.827+0000] {processor.py:830} INFO - Processing file /home/airflow/.local/lib/python3.12/site-packages/airflow/example_dags/example_short_circuit_decorator.py for tasks to queue
[2024-11-05T13:31:15.851+0000] {logging_mixin.py:188} INFO - [2024-11-05T13:31:15.850+0000] {dagbag.py:545} INFO - Filling up the DagBag from /home/airflow/.local/lib/python3.12/site-packages/airflow/example_dags/example_short_circuit_decorator.py
[2024-11-05T13:31:15.993+0000] {processor.py:840} INFO - DAG(s) 'example_short_circuit_decorator' retrieved from /home/airflow/.local/lib/python3.12/site-packages/airflow/example_dags/example_short_circuit_decorator.py
[2024-11-05T13:31:16.317+0000] {logging_mixin.py:188} INFO - [2024-11-05T13:31:16.316+0000] {dag.py:3089} INFO - Sync 1 DAGs
[2024-11-05T13:31:16.598+0000] {logging_mixin.py:188} INFO - [2024-11-05T13:31:16.597+0000] {dag.py:3947} INFO - Setting next_dagrun for example_short_circuit_decorator to 2024-11-04 00:00:00+00:00, run_after=2024-11-05 00:00:00+00:00
[2024-11-05T13:31:17.049+0000] {processor.py:183} INFO - Processing /home/airflow/.local/lib/python3.12/site-packages/airflow/example_dags/example_short_circuit_decorator.py took 1.294 seconds
[2024-11-05T13:32:40.476+0000] {processor.py:161} INFO - Started process (PID=519) to work on /home/airflow/.local/lib/python3.12/site-packages/airflow/example_dags/example_short_circuit_decorator.py
[2024-11-05T13:32:40.496+0000] {processor.py:830} INFO - Processing file /home/airflow/.local/lib/python3.12/site-packages/airflow/example_dags/example_short_circuit_decorator.py for tasks to queue
[2024-11-05T13:32:40.515+0000] {logging_mixin.py:188} INFO - [2024-11-05T13:32:40.513+0000] {dagbag.py:545} INFO - Filling up the DagBag from /home/airflow/.local/lib/python3.12/site-packages/airflow/example_dags/example_short_circuit_decorator.py
[2024-11-05T13:32:40.566+0000] {processor.py:840} INFO - DAG(s) 'example_short_circuit_decorator' retrieved from /home/airflow/.local/lib/python3.12/site-packages/airflow/example_dags/example_short_circuit_decorator.py
[2024-11-05T13:32:41.016+0000] {logging_mixin.py:188} INFO - [2024-11-05T13:32:41.014+0000] {dag.py:3089} INFO - Sync 1 DAGs
[2024-11-05T13:32:41.236+0000] {logging_mixin.py:188} INFO - [2024-11-05T13:32:41.236+0000] {dag.py:3947} INFO - Setting next_dagrun for example_short_circuit_decorator to 2024-11-04 00:00:00+00:00, run_after=2024-11-05 00:00:00+00:00
[2024-11-05T13:32:41.927+0000] {processor.py:183} INFO - Processing /home/airflow/.local/lib/python3.12/site-packages/airflow/example_dags/example_short_circuit_decorator.py took 1.540 seconds
[2024-11-05T13:33:33.789+0000] {processor.py:161} INFO - Started process (PID=583) to work on /home/airflow/.local/lib/python3.12/site-packages/airflow/example_dags/example_short_circuit_decorator.py
[2024-11-05T13:33:33.795+0000] {processor.py:830} INFO - Processing file /home/airflow/.local/lib/python3.12/site-packages/airflow/example_dags/example_short_circuit_decorator.py for tasks to queue
[2024-11-05T13:33:33.803+0000] {logging_mixin.py:188} INFO - [2024-11-05T13:33:33.801+0000] {dagbag.py:545} INFO - Filling up the DagBag from /home/airflow/.local/lib/python3.12/site-packages/airflow/example_dags/example_short_circuit_decorator.py
[2024-11-05T13:33:33.838+0000] {processor.py:840} INFO - DAG(s) 'example_short_circuit_decorator' retrieved from /home/airflow/.local/lib/python3.12/site-packages/airflow/example_dags/example_short_circuit_decorator.py
[2024-11-05T13:33:34.029+0000] {logging_mixin.py:188} INFO - [2024-11-05T13:33:34.029+0000] {dag.py:3089} INFO - Sync 1 DAGs
[2024-11-05T13:33:34.564+0000] {logging_mixin.py:188} INFO - [2024-11-05T13:33:34.563+0000] {dag.py:3947} INFO - Setting next_dagrun for example_short_circuit_decorator to 2024-11-04 00:00:00+00:00, run_after=2024-11-05 00:00:00+00:00
[2024-11-05T13:33:35.042+0000] {processor.py:183} INFO - Processing /home/airflow/.local/lib/python3.12/site-packages/airflow/example_dags/example_short_circuit_decorator.py took 1.321 seconds
[2024-11-05T13:40:12.380+0000] {processor.py:161} INFO - Started process (PID=659) to work on /home/airflow/.local/lib/python3.12/site-packages/airflow/example_dags/example_short_circuit_decorator.py
[2024-11-05T13:40:12.399+0000] {processor.py:830} INFO - Processing file /home/airflow/.local/lib/python3.12/site-packages/airflow/example_dags/example_short_circuit_decorator.py for tasks to queue
[2024-11-05T13:40:12.478+0000] {logging_mixin.py:188} INFO - [2024-11-05T13:40:12.414+0000] {dagbag.py:545} INFO - Filling up the DagBag from /home/airflow/.local/lib/python3.12/site-packages/airflow/example_dags/example_short_circuit_decorator.py
[2024-11-05T13:40:14.573+0000] {processor.py:840} INFO - DAG(s) 'example_short_circuit_decorator' retrieved from /home/airflow/.local/lib/python3.12/site-packages/airflow/example_dags/example_short_circuit_decorator.py
[2024-11-05T13:40:53.518+0000] {logging_mixin.py:188} INFO - [2024-11-05T13:40:53.432+0000] {dag.py:3089} INFO - Sync 1 DAGs
