[2025-01-09T14:38:23.241+0000] {processor.py:161} INFO - Started process (PID=52) to work on /home/airflow/.local/lib/python3.12/site-packages/airflow/example_dags/example_branch_labels.py
[2025-01-09T14:38:23.242+0000] {processor.py:830} INFO - Processing file /home/airflow/.local/lib/python3.12/site-packages/airflow/example_dags/example_branch_labels.py for tasks to queue
[2025-01-09T14:38:23.248+0000] {logging_mixin.py:188} INFO - [2025-01-09T14:38:23.247+0000] {dagbag.py:545} INFO - Filling up the DagBag from /home/airflow/.local/lib/python3.12/site-packages/airflow/example_dags/example_branch_labels.py
[2025-01-09T14:38:23.450+0000] {processor.py:840} INFO - DAG(s) 'example_branch_labels' retrieved from /home/airflow/.local/lib/python3.12/site-packages/airflow/example_dags/example_branch_labels.py
[2025-01-09T14:38:23.729+0000] {logging_mixin.py:188} INFO - [2025-01-09T14:38:23.728+0000] {dag.py:3089} INFO - Sync 1 DAGs
[2025-01-09T14:38:24.370+0000] {logging_mixin.py:188} INFO - [2025-01-09T14:38:24.369+0000] {dag.py:3947} INFO - Setting next_dagrun for example_branch_labels to 2025-01-08 00:00:00+00:00, run_after=2025-01-09 00:00:00+00:00
[2025-01-09T14:38:24.558+0000] {processor.py:183} INFO - Processing /home/airflow/.local/lib/python3.12/site-packages/airflow/example_dags/example_branch_labels.py took 1.330 seconds
[2025-01-09T14:39:20.806+0000] {processor.py:161} INFO - Started process (PID=117) to work on /home/airflow/.local/lib/python3.12/site-packages/airflow/example_dags/example_branch_labels.py
[2025-01-09T14:39:20.808+0000] {processor.py:830} INFO - Processing file /home/airflow/.local/lib/python3.12/site-packages/airflow/example_dags/example_branch_labels.py for tasks to queue
[2025-01-09T14:39:20.810+0000] {logging_mixin.py:188} INFO - [2025-01-09T14:39:20.809+0000] {dagbag.py:545} INFO - Filling up the DagBag from /home/airflow/.local/lib/python3.12/site-packages/airflow/example_dags/example_branch_labels.py
[2025-01-09T14:39:20.837+0000] {processor.py:840} INFO - DAG(s) 'example_branch_labels' retrieved from /home/airflow/.local/lib/python3.12/site-packages/airflow/example_dags/example_branch_labels.py
[2025-01-09T14:39:20.915+0000] {logging_mixin.py:188} INFO - [2025-01-09T14:39:20.914+0000] {dag.py:3089} INFO - Sync 1 DAGs
[2025-01-09T14:39:20.963+0000] {logging_mixin.py:188} INFO - [2025-01-09T14:39:20.963+0000] {dag.py:3947} INFO - Setting next_dagrun for example_branch_labels to 2025-01-08 00:00:00+00:00, run_after=2025-01-09 00:00:00+00:00
[2025-01-09T14:39:21.241+0000] {processor.py:183} INFO - Processing /home/airflow/.local/lib/python3.12/site-packages/airflow/example_dags/example_branch_labels.py took 0.461 seconds
[2025-01-09T14:39:51.964+0000] {processor.py:161} INFO - Started process (PID=177) to work on /home/airflow/.local/lib/python3.12/site-packages/airflow/example_dags/example_branch_labels.py
[2025-01-09T14:39:51.967+0000] {processor.py:830} INFO - Processing file /home/airflow/.local/lib/python3.12/site-packages/airflow/example_dags/example_branch_labels.py for tasks to queue
[2025-01-09T14:39:51.969+0000] {logging_mixin.py:188} INFO - [2025-01-09T14:39:51.969+0000] {dagbag.py:545} INFO - Filling up the DagBag from /home/airflow/.local/lib/python3.12/site-packages/airflow/example_dags/example_branch_labels.py
[2025-01-09T14:39:51.997+0000] {processor.py:840} INFO - DAG(s) 'example_branch_labels' retrieved from /home/airflow/.local/lib/python3.12/site-packages/airflow/example_dags/example_branch_labels.py
[2025-01-09T14:39:52.108+0000] {logging_mixin.py:188} INFO - [2025-01-09T14:39:52.107+0000] {dag.py:3089} INFO - Sync 1 DAGs
[2025-01-09T14:39:52.174+0000] {logging_mixin.py:188} INFO - [2025-01-09T14:39:52.174+0000] {dag.py:3947} INFO - Setting next_dagrun for example_branch_labels to 2025-01-08 00:00:00+00:00, run_after=2025-01-09 00:00:00+00:00
[2025-01-09T14:39:52.219+0000] {processor.py:183} INFO - Processing /home/airflow/.local/lib/python3.12/site-packages/airflow/example_dags/example_branch_labels.py took 0.271 seconds
[2025-01-09T14:40:23.394+0000] {processor.py:161} INFO - Started process (PID=237) to work on /home/airflow/.local/lib/python3.12/site-packages/airflow/example_dags/example_branch_labels.py
[2025-01-09T14:40:23.401+0000] {processor.py:830} INFO - Processing file /home/airflow/.local/lib/python3.12/site-packages/airflow/example_dags/example_branch_labels.py for tasks to queue
[2025-01-09T14:40:23.407+0000] {logging_mixin.py:188} INFO - [2025-01-09T14:40:23.405+0000] {dagbag.py:545} INFO - Filling up the DagBag from /home/airflow/.local/lib/python3.12/site-packages/airflow/example_dags/example_branch_labels.py
[2025-01-09T14:40:23.440+0000] {processor.py:840} INFO - DAG(s) 'example_branch_labels' retrieved from /home/airflow/.local/lib/python3.12/site-packages/airflow/example_dags/example_branch_labels.py
[2025-01-09T14:40:23.570+0000] {logging_mixin.py:188} INFO - [2025-01-09T14:40:23.570+0000] {dag.py:3089} INFO - Sync 1 DAGs
[2025-01-09T14:40:23.663+0000] {logging_mixin.py:188} INFO - [2025-01-09T14:40:23.663+0000] {dag.py:3947} INFO - Setting next_dagrun for example_branch_labels to 2025-01-08 00:00:00+00:00, run_after=2025-01-09 00:00:00+00:00
[2025-01-09T14:40:23.714+0000] {processor.py:183} INFO - Processing /home/airflow/.local/lib/python3.12/site-packages/airflow/example_dags/example_branch_labels.py took 0.368 seconds
[2025-01-09T14:40:54.625+0000] {processor.py:161} INFO - Started process (PID=294) to work on /home/airflow/.local/lib/python3.12/site-packages/airflow/example_dags/example_branch_labels.py
[2025-01-09T14:40:54.629+0000] {processor.py:830} INFO - Processing file /home/airflow/.local/lib/python3.12/site-packages/airflow/example_dags/example_branch_labels.py for tasks to queue
[2025-01-09T14:40:54.632+0000] {logging_mixin.py:188} INFO - [2025-01-09T14:40:54.631+0000] {dagbag.py:545} INFO - Filling up the DagBag from /home/airflow/.local/lib/python3.12/site-packages/airflow/example_dags/example_branch_labels.py
[2025-01-09T14:40:54.689+0000] {processor.py:840} INFO - DAG(s) 'example_branch_labels' retrieved from /home/airflow/.local/lib/python3.12/site-packages/airflow/example_dags/example_branch_labels.py
[2025-01-09T14:40:54.759+0000] {logging_mixin.py:188} INFO - [2025-01-09T14:40:54.758+0000] {dag.py:3089} INFO - Sync 1 DAGs
[2025-01-09T14:40:54.886+0000] {logging_mixin.py:188} INFO - [2025-01-09T14:40:54.885+0000] {dag.py:3947} INFO - Setting next_dagrun for example_branch_labels to 2025-01-08 00:00:00+00:00, run_after=2025-01-09 00:00:00+00:00
[2025-01-09T14:40:54.970+0000] {processor.py:183} INFO - Processing /home/airflow/.local/lib/python3.12/site-packages/airflow/example_dags/example_branch_labels.py took 0.363 seconds
[2025-01-09T14:41:25.167+0000] {processor.py:161} INFO - Started process (PID=354) to work on /home/airflow/.local/lib/python3.12/site-packages/airflow/example_dags/example_branch_labels.py
[2025-01-09T14:41:25.171+0000] {processor.py:830} INFO - Processing file /home/airflow/.local/lib/python3.12/site-packages/airflow/example_dags/example_branch_labels.py for tasks to queue
[2025-01-09T14:41:25.174+0000] {logging_mixin.py:188} INFO - [2025-01-09T14:41:25.173+0000] {dagbag.py:545} INFO - Filling up the DagBag from /home/airflow/.local/lib/python3.12/site-packages/airflow/example_dags/example_branch_labels.py
[2025-01-09T14:41:25.198+0000] {processor.py:840} INFO - DAG(s) 'example_branch_labels' retrieved from /home/airflow/.local/lib/python3.12/site-packages/airflow/example_dags/example_branch_labels.py
[2025-01-09T14:41:25.260+0000] {logging_mixin.py:188} INFO - [2025-01-09T14:41:25.260+0000] {dag.py:3089} INFO - Sync 1 DAGs
[2025-01-09T14:41:25.343+0000] {logging_mixin.py:188} INFO - [2025-01-09T14:41:25.342+0000] {dag.py:3947} INFO - Setting next_dagrun for example_branch_labels to 2025-01-08 00:00:00+00:00, run_after=2025-01-09 00:00:00+00:00
[2025-01-09T14:41:25.428+0000] {processor.py:183} INFO - Processing /home/airflow/.local/lib/python3.12/site-packages/airflow/example_dags/example_branch_labels.py took 0.284 seconds
[2025-01-09T14:41:56.334+0000] {processor.py:161} INFO - Started process (PID=414) to work on /home/airflow/.local/lib/python3.12/site-packages/airflow/example_dags/example_branch_labels.py
[2025-01-09T14:41:56.341+0000] {processor.py:830} INFO - Processing file /home/airflow/.local/lib/python3.12/site-packages/airflow/example_dags/example_branch_labels.py for tasks to queue
[2025-01-09T14:41:56.344+0000] {logging_mixin.py:188} INFO - [2025-01-09T14:41:56.343+0000] {dagbag.py:545} INFO - Filling up the DagBag from /home/airflow/.local/lib/python3.12/site-packages/airflow/example_dags/example_branch_labels.py
[2025-01-09T14:41:56.369+0000] {processor.py:840} INFO - DAG(s) 'example_branch_labels' retrieved from /home/airflow/.local/lib/python3.12/site-packages/airflow/example_dags/example_branch_labels.py
[2025-01-09T14:41:56.582+0000] {logging_mixin.py:188} INFO - [2025-01-09T14:41:56.581+0000] {dag.py:3089} INFO - Sync 1 DAGs
[2025-01-09T14:41:56.879+0000] {logging_mixin.py:188} INFO - [2025-01-09T14:41:56.876+0000] {dag.py:3947} INFO - Setting next_dagrun for example_branch_labels to 2025-01-08 00:00:00+00:00, run_after=2025-01-09 00:00:00+00:00
[2025-01-09T14:41:57.075+0000] {processor.py:183} INFO - Processing /home/airflow/.local/lib/python3.12/site-packages/airflow/example_dags/example_branch_labels.py took 0.803 seconds
[2025-01-09T14:42:28.012+0000] {processor.py:161} INFO - Started process (PID=474) to work on /home/airflow/.local/lib/python3.12/site-packages/airflow/example_dags/example_branch_labels.py
[2025-01-09T14:42:28.028+0000] {processor.py:830} INFO - Processing file /home/airflow/.local/lib/python3.12/site-packages/airflow/example_dags/example_branch_labels.py for tasks to queue
[2025-01-09T14:42:28.034+0000] {logging_mixin.py:188} INFO - [2025-01-09T14:42:28.032+0000] {dagbag.py:545} INFO - Filling up the DagBag from /home/airflow/.local/lib/python3.12/site-packages/airflow/example_dags/example_branch_labels.py
[2025-01-09T14:42:28.086+0000] {processor.py:840} INFO - DAG(s) 'example_branch_labels' retrieved from /home/airflow/.local/lib/python3.12/site-packages/airflow/example_dags/example_branch_labels.py
[2025-01-09T14:42:28.170+0000] {logging_mixin.py:188} INFO - [2025-01-09T14:42:28.169+0000] {dag.py:3089} INFO - Sync 1 DAGs
[2025-01-09T14:42:28.308+0000] {logging_mixin.py:188} INFO - [2025-01-09T14:42:28.307+0000] {dag.py:3947} INFO - Setting next_dagrun for example_branch_labels to 2025-01-08 00:00:00+00:00, run_after=2025-01-09 00:00:00+00:00
[2025-01-09T14:42:28.539+0000] {processor.py:183} INFO - Processing /home/airflow/.local/lib/python3.12/site-packages/airflow/example_dags/example_branch_labels.py took 0.575 seconds
[2025-01-09T14:43:35.855+0000] {processor.py:161} INFO - Started process (PID=544) to work on /home/airflow/.local/lib/python3.12/site-packages/airflow/example_dags/example_branch_labels.py
[2025-01-09T14:43:35.858+0000] {processor.py:830} INFO - Processing file /home/airflow/.local/lib/python3.12/site-packages/airflow/example_dags/example_branch_labels.py for tasks to queue
[2025-01-09T14:43:35.870+0000] {logging_mixin.py:188} INFO - [2025-01-09T14:43:35.860+0000] {dagbag.py:545} INFO - Filling up the DagBag from /home/airflow/.local/lib/python3.12/site-packages/airflow/example_dags/example_branch_labels.py
[2025-01-09T14:43:35.916+0000] {processor.py:840} INFO - DAG(s) 'example_branch_labels' retrieved from /home/airflow/.local/lib/python3.12/site-packages/airflow/example_dags/example_branch_labels.py
[2025-01-09T14:43:36.016+0000] {logging_mixin.py:188} INFO - [2025-01-09T14:43:36.015+0000] {dag.py:3089} INFO - Sync 1 DAGs
[2025-01-09T14:43:36.118+0000] {logging_mixin.py:188} INFO - [2025-01-09T14:43:36.117+0000] {dag.py:3947} INFO - Setting next_dagrun for example_branch_labels to 2025-01-08 00:00:00+00:00, run_after=2025-01-09 00:00:00+00:00
[2025-01-09T14:43:36.192+0000] {processor.py:183} INFO - Processing /home/airflow/.local/lib/python3.12/site-packages/airflow/example_dags/example_branch_labels.py took 0.362 seconds
[2025-01-09T14:44:09.374+0000] {processor.py:161} INFO - Started process (PID=594) to work on /home/airflow/.local/lib/python3.12/site-packages/airflow/example_dags/example_branch_labels.py
[2025-01-09T14:44:09.402+0000] {processor.py:830} INFO - Processing file /home/airflow/.local/lib/python3.12/site-packages/airflow/example_dags/example_branch_labels.py for tasks to queue
[2025-01-09T14:44:09.405+0000] {logging_mixin.py:188} INFO - [2025-01-09T14:44:09.404+0000] {dagbag.py:545} INFO - Filling up the DagBag from /home/airflow/.local/lib/python3.12/site-packages/airflow/example_dags/example_branch_labels.py
[2025-01-09T14:44:09.432+0000] {processor.py:840} INFO - DAG(s) 'example_branch_labels' retrieved from /home/airflow/.local/lib/python3.12/site-packages/airflow/example_dags/example_branch_labels.py
[2025-01-09T14:44:09.593+0000] {logging_mixin.py:188} INFO - [2025-01-09T14:44:09.593+0000] {dag.py:3089} INFO - Sync 1 DAGs
[2025-01-09T14:44:09.754+0000] {logging_mixin.py:188} INFO - [2025-01-09T14:44:09.752+0000] {dag.py:3947} INFO - Setting next_dagrun for example_branch_labels to 2025-01-08 00:00:00+00:00, run_after=2025-01-09 00:00:00+00:00
[2025-01-09T14:44:09.805+0000] {processor.py:183} INFO - Processing /home/airflow/.local/lib/python3.12/site-packages/airflow/example_dags/example_branch_labels.py took 0.498 seconds
[2025-01-09T14:44:44.086+0000] {processor.py:161} INFO - Started process (PID=654) to work on /home/airflow/.local/lib/python3.12/site-packages/airflow/example_dags/example_branch_labels.py
[2025-01-09T14:44:44.149+0000] {processor.py:830} INFO - Processing file /home/airflow/.local/lib/python3.12/site-packages/airflow/example_dags/example_branch_labels.py for tasks to queue
[2025-01-09T14:44:44.152+0000] {logging_mixin.py:188} INFO - [2025-01-09T14:44:44.151+0000] {dagbag.py:545} INFO - Filling up the DagBag from /home/airflow/.local/lib/python3.12/site-packages/airflow/example_dags/example_branch_labels.py
[2025-01-09T14:44:44.364+0000] {processor.py:840} INFO - DAG(s) 'example_branch_labels' retrieved from /home/airflow/.local/lib/python3.12/site-packages/airflow/example_dags/example_branch_labels.py
[2025-01-09T14:44:44.737+0000] {logging_mixin.py:188} INFO - [2025-01-09T14:44:44.736+0000] {dag.py:3089} INFO - Sync 1 DAGs
[2025-01-09T14:44:45.081+0000] {logging_mixin.py:188} INFO - [2025-01-09T14:44:45.056+0000] {dag.py:3947} INFO - Setting next_dagrun for example_branch_labels to 2025-01-08 00:00:00+00:00, run_after=2025-01-09 00:00:00+00:00
[2025-01-09T14:44:45.588+0000] {processor.py:183} INFO - Processing /home/airflow/.local/lib/python3.12/site-packages/airflow/example_dags/example_branch_labels.py took 1.652 seconds
[2025-01-09T14:45:16.561+0000] {processor.py:161} INFO - Started process (PID=714) to work on /home/airflow/.local/lib/python3.12/site-packages/airflow/example_dags/example_branch_labels.py
[2025-01-09T14:45:16.563+0000] {processor.py:830} INFO - Processing file /home/airflow/.local/lib/python3.12/site-packages/airflow/example_dags/example_branch_labels.py for tasks to queue
[2025-01-09T14:45:16.565+0000] {logging_mixin.py:188} INFO - [2025-01-09T14:45:16.564+0000] {dagbag.py:545} INFO - Filling up the DagBag from /home/airflow/.local/lib/python3.12/site-packages/airflow/example_dags/example_branch_labels.py
[2025-01-09T14:45:16.583+0000] {processor.py:840} INFO - DAG(s) 'example_branch_labels' retrieved from /home/airflow/.local/lib/python3.12/site-packages/airflow/example_dags/example_branch_labels.py
[2025-01-09T14:45:16.644+0000] {logging_mixin.py:188} INFO - [2025-01-09T14:45:16.643+0000] {dag.py:3089} INFO - Sync 1 DAGs
[2025-01-09T14:45:16.704+0000] {logging_mixin.py:188} INFO - [2025-01-09T14:45:16.703+0000] {dag.py:3947} INFO - Setting next_dagrun for example_branch_labels to 2025-01-08 00:00:00+00:00, run_after=2025-01-09 00:00:00+00:00
[2025-01-09T14:45:16.755+0000] {processor.py:183} INFO - Processing /home/airflow/.local/lib/python3.12/site-packages/airflow/example_dags/example_branch_labels.py took 0.207 seconds
[2025-01-09T14:45:46.959+0000] {processor.py:161} INFO - Started process (PID=774) to work on /home/airflow/.local/lib/python3.12/site-packages/airflow/example_dags/example_branch_labels.py
[2025-01-09T14:45:46.980+0000] {processor.py:830} INFO - Processing file /home/airflow/.local/lib/python3.12/site-packages/airflow/example_dags/example_branch_labels.py for tasks to queue
[2025-01-09T14:45:46.989+0000] {logging_mixin.py:188} INFO - [2025-01-09T14:45:46.988+0000] {dagbag.py:545} INFO - Filling up the DagBag from /home/airflow/.local/lib/python3.12/site-packages/airflow/example_dags/example_branch_labels.py
[2025-01-09T14:45:47.066+0000] {processor.py:840} INFO - DAG(s) 'example_branch_labels' retrieved from /home/airflow/.local/lib/python3.12/site-packages/airflow/example_dags/example_branch_labels.py
[2025-01-09T14:45:47.156+0000] {logging_mixin.py:188} INFO - [2025-01-09T14:45:47.156+0000] {dag.py:3089} INFO - Sync 1 DAGs
[2025-01-09T14:45:47.289+0000] {logging_mixin.py:188} INFO - [2025-01-09T14:45:47.288+0000] {dag.py:3947} INFO - Setting next_dagrun for example_branch_labels to 2025-01-08 00:00:00+00:00, run_after=2025-01-09 00:00:00+00:00
[2025-01-09T14:45:47.356+0000] {processor.py:183} INFO - Processing /home/airflow/.local/lib/python3.12/site-packages/airflow/example_dags/example_branch_labels.py took 0.450 seconds
[2025-01-09T14:46:18.199+0000] {processor.py:161} INFO - Started process (PID=834) to work on /home/airflow/.local/lib/python3.12/site-packages/airflow/example_dags/example_branch_labels.py
[2025-01-09T14:46:18.201+0000] {processor.py:830} INFO - Processing file /home/airflow/.local/lib/python3.12/site-packages/airflow/example_dags/example_branch_labels.py for tasks to queue
[2025-01-09T14:46:18.203+0000] {logging_mixin.py:188} INFO - [2025-01-09T14:46:18.202+0000] {dagbag.py:545} INFO - Filling up the DagBag from /home/airflow/.local/lib/python3.12/site-packages/airflow/example_dags/example_branch_labels.py
[2025-01-09T14:46:18.220+0000] {processor.py:840} INFO - DAG(s) 'example_branch_labels' retrieved from /home/airflow/.local/lib/python3.12/site-packages/airflow/example_dags/example_branch_labels.py
[2025-01-09T14:46:18.267+0000] {logging_mixin.py:188} INFO - [2025-01-09T14:46:18.266+0000] {dag.py:3089} INFO - Sync 1 DAGs
[2025-01-09T14:46:18.309+0000] {logging_mixin.py:188} INFO - [2025-01-09T14:46:18.309+0000] {dag.py:3947} INFO - Setting next_dagrun for example_branch_labels to 2025-01-08 00:00:00+00:00, run_after=2025-01-09 00:00:00+00:00
[2025-01-09T14:46:18.352+0000] {processor.py:183} INFO - Processing /home/airflow/.local/lib/python3.12/site-packages/airflow/example_dags/example_branch_labels.py took 0.183 seconds
[2025-01-09T14:46:49.223+0000] {processor.py:161} INFO - Started process (PID=894) to work on /home/airflow/.local/lib/python3.12/site-packages/airflow/example_dags/example_branch_labels.py
[2025-01-09T14:46:49.235+0000] {processor.py:830} INFO - Processing file /home/airflow/.local/lib/python3.12/site-packages/airflow/example_dags/example_branch_labels.py for tasks to queue
[2025-01-09T14:46:49.251+0000] {logging_mixin.py:188} INFO - [2025-01-09T14:46:49.247+0000] {dagbag.py:545} INFO - Filling up the DagBag from /home/airflow/.local/lib/python3.12/site-packages/airflow/example_dags/example_branch_labels.py
[2025-01-09T14:46:49.316+0000] {processor.py:840} INFO - DAG(s) 'example_branch_labels' retrieved from /home/airflow/.local/lib/python3.12/site-packages/airflow/example_dags/example_branch_labels.py
[2025-01-09T14:46:49.482+0000] {logging_mixin.py:188} INFO - [2025-01-09T14:46:49.481+0000] {dag.py:3089} INFO - Sync 1 DAGs
[2025-01-09T14:46:49.613+0000] {logging_mixin.py:188} INFO - [2025-01-09T14:46:49.612+0000] {dag.py:3947} INFO - Setting next_dagrun for example_branch_labels to 2025-01-08 00:00:00+00:00, run_after=2025-01-09 00:00:00+00:00
[2025-01-09T14:46:49.700+0000] {processor.py:183} INFO - Processing /home/airflow/.local/lib/python3.12/site-packages/airflow/example_dags/example_branch_labels.py took 0.517 seconds
[2025-01-09T14:47:20.456+0000] {processor.py:161} INFO - Started process (PID=954) to work on /home/airflow/.local/lib/python3.12/site-packages/airflow/example_dags/example_branch_labels.py
[2025-01-09T14:47:20.460+0000] {processor.py:830} INFO - Processing file /home/airflow/.local/lib/python3.12/site-packages/airflow/example_dags/example_branch_labels.py for tasks to queue
[2025-01-09T14:47:20.466+0000] {logging_mixin.py:188} INFO - [2025-01-09T14:47:20.465+0000] {dagbag.py:545} INFO - Filling up the DagBag from /home/airflow/.local/lib/python3.12/site-packages/airflow/example_dags/example_branch_labels.py
[2025-01-09T14:47:20.494+0000] {processor.py:840} INFO - DAG(s) 'example_branch_labels' retrieved from /home/airflow/.local/lib/python3.12/site-packages/airflow/example_dags/example_branch_labels.py
[2025-01-09T14:47:20.565+0000] {logging_mixin.py:188} INFO - [2025-01-09T14:47:20.565+0000] {dag.py:3089} INFO - Sync 1 DAGs
[2025-01-09T14:47:20.628+0000] {logging_mixin.py:188} INFO - [2025-01-09T14:47:20.628+0000] {dag.py:3947} INFO - Setting next_dagrun for example_branch_labels to 2025-01-08 00:00:00+00:00, run_after=2025-01-09 00:00:00+00:00
[2025-01-09T14:47:20.705+0000] {processor.py:183} INFO - Processing /home/airflow/.local/lib/python3.12/site-packages/airflow/example_dags/example_branch_labels.py took 0.282 seconds
[2025-01-09T14:47:51.410+0000] {processor.py:161} INFO - Started process (PID=1013) to work on /home/airflow/.local/lib/python3.12/site-packages/airflow/example_dags/example_branch_labels.py
[2025-01-09T14:47:51.413+0000] {processor.py:830} INFO - Processing file /home/airflow/.local/lib/python3.12/site-packages/airflow/example_dags/example_branch_labels.py for tasks to queue
[2025-01-09T14:47:51.416+0000] {logging_mixin.py:188} INFO - [2025-01-09T14:47:51.414+0000] {dagbag.py:545} INFO - Filling up the DagBag from /home/airflow/.local/lib/python3.12/site-packages/airflow/example_dags/example_branch_labels.py
[2025-01-09T14:47:51.449+0000] {processor.py:840} INFO - DAG(s) 'example_branch_labels' retrieved from /home/airflow/.local/lib/python3.12/site-packages/airflow/example_dags/example_branch_labels.py
[2025-01-09T14:47:51.511+0000] {logging_mixin.py:188} INFO - [2025-01-09T14:47:51.511+0000] {dag.py:3089} INFO - Sync 1 DAGs
[2025-01-09T14:47:51.567+0000] {logging_mixin.py:188} INFO - [2025-01-09T14:47:51.566+0000] {dag.py:3947} INFO - Setting next_dagrun for example_branch_labels to 2025-01-08 00:00:00+00:00, run_after=2025-01-09 00:00:00+00:00
[2025-01-09T14:47:51.610+0000] {processor.py:183} INFO - Processing /home/airflow/.local/lib/python3.12/site-packages/airflow/example_dags/example_branch_labels.py took 0.217 seconds
[2025-01-09T14:48:21.904+0000] {processor.py:161} INFO - Started process (PID=1073) to work on /home/airflow/.local/lib/python3.12/site-packages/airflow/example_dags/example_branch_labels.py
[2025-01-09T14:48:21.912+0000] {processor.py:830} INFO - Processing file /home/airflow/.local/lib/python3.12/site-packages/airflow/example_dags/example_branch_labels.py for tasks to queue
[2025-01-09T14:48:21.914+0000] {logging_mixin.py:188} INFO - [2025-01-09T14:48:21.913+0000] {dagbag.py:545} INFO - Filling up the DagBag from /home/airflow/.local/lib/python3.12/site-packages/airflow/example_dags/example_branch_labels.py
[2025-01-09T14:48:21.949+0000] {processor.py:840} INFO - DAG(s) 'example_branch_labels' retrieved from /home/airflow/.local/lib/python3.12/site-packages/airflow/example_dags/example_branch_labels.py
[2025-01-09T14:48:22.103+0000] {logging_mixin.py:188} INFO - [2025-01-09T14:48:22.103+0000] {dag.py:3089} INFO - Sync 1 DAGs
[2025-01-09T14:48:22.340+0000] {logging_mixin.py:188} INFO - [2025-01-09T14:48:22.340+0000] {dag.py:3947} INFO - Setting next_dagrun for example_branch_labels to 2025-01-08 00:00:00+00:00, run_after=2025-01-09 00:00:00+00:00
[2025-01-09T14:48:22.415+0000] {processor.py:183} INFO - Processing /home/airflow/.local/lib/python3.12/site-packages/airflow/example_dags/example_branch_labels.py took 0.532 seconds
[2025-01-09T14:48:52.848+0000] {processor.py:161} INFO - Started process (PID=1133) to work on /home/airflow/.local/lib/python3.12/site-packages/airflow/example_dags/example_branch_labels.py
[2025-01-09T14:48:52.851+0000] {processor.py:830} INFO - Processing file /home/airflow/.local/lib/python3.12/site-packages/airflow/example_dags/example_branch_labels.py for tasks to queue
[2025-01-09T14:48:52.853+0000] {logging_mixin.py:188} INFO - [2025-01-09T14:48:52.852+0000] {dagbag.py:545} INFO - Filling up the DagBag from /home/airflow/.local/lib/python3.12/site-packages/airflow/example_dags/example_branch_labels.py
[2025-01-09T14:48:52.882+0000] {processor.py:840} INFO - DAG(s) 'example_branch_labels' retrieved from /home/airflow/.local/lib/python3.12/site-packages/airflow/example_dags/example_branch_labels.py
[2025-01-09T14:48:52.955+0000] {logging_mixin.py:188} INFO - [2025-01-09T14:48:52.954+0000] {dag.py:3089} INFO - Sync 1 DAGs
[2025-01-09T14:48:53.021+0000] {logging_mixin.py:188} INFO - [2025-01-09T14:48:53.012+0000] {dag.py:3947} INFO - Setting next_dagrun for example_branch_labels to 2025-01-08 00:00:00+00:00, run_after=2025-01-09 00:00:00+00:00
[2025-01-09T14:48:53.164+0000] {processor.py:183} INFO - Processing /home/airflow/.local/lib/python3.12/site-packages/airflow/example_dags/example_branch_labels.py took 0.351 seconds
