[2025-01-09T14:38:40.793+0000] {processor.py:161} INFO - Started process (PID=66) to work on /home/airflow/.local/lib/python3.12/site-packages/airflow/example_dags/example_xcomargs.py
[2025-01-09T14:38:40.795+0000] {processor.py:830} INFO - Processing file /home/airflow/.local/lib/python3.12/site-packages/airflow/example_dags/example_xcomargs.py for tasks to queue
[2025-01-09T14:38:40.800+0000] {logging_mixin.py:188} INFO - [2025-01-09T14:38:40.799+0000] {dagbag.py:545} INFO - Filling up the DagBag from /home/airflow/.local/lib/python3.12/site-packages/airflow/example_dags/example_xcomargs.py
[2025-01-09T14:38:41.476+0000] {processor.py:840} INFO - DAG(s) 'example_xcom_args', 'example_xcom_args_with_operators' retrieved from /home/airflow/.local/lib/python3.12/site-packages/airflow/example_dags/example_xcomargs.py
[2025-01-09T14:38:41.825+0000] {logging_mixin.py:188} INFO - [2025-01-09T14:38:41.825+0000] {dag.py:3089} INFO - Sync 2 DAGs
[2025-01-09T14:38:42.453+0000] {logging_mixin.py:188} INFO - [2025-01-09T14:38:42.450+0000] {dag.py:3947} INFO - Setting next_dagrun for example_xcom_args to None, run_after=None
[2025-01-09T14:38:42.481+0000] {logging_mixin.py:188} INFO - [2025-01-09T14:38:42.480+0000] {dag.py:3947} INFO - Setting next_dagrun for example_xcom_args_with_operators to None, run_after=None
[2025-01-09T14:38:42.537+0000] {processor.py:183} INFO - Processing /home/airflow/.local/lib/python3.12/site-packages/airflow/example_dags/example_xcomargs.py took 1.756 seconds
[2025-01-09T14:39:25.187+0000] {processor.py:161} INFO - Started process (PID=132) to work on /home/airflow/.local/lib/python3.12/site-packages/airflow/example_dags/example_xcomargs.py
[2025-01-09T14:39:25.189+0000] {processor.py:830} INFO - Processing file /home/airflow/.local/lib/python3.12/site-packages/airflow/example_dags/example_xcomargs.py for tasks to queue
[2025-01-09T14:39:25.192+0000] {logging_mixin.py:188} INFO - [2025-01-09T14:39:25.191+0000] {dagbag.py:545} INFO - Filling up the DagBag from /home/airflow/.local/lib/python3.12/site-packages/airflow/example_dags/example_xcomargs.py
[2025-01-09T14:39:25.217+0000] {processor.py:840} INFO - DAG(s) 'example_xcom_args_with_operators', 'example_xcom_args' retrieved from /home/airflow/.local/lib/python3.12/site-packages/airflow/example_dags/example_xcomargs.py
[2025-01-09T14:39:25.363+0000] {logging_mixin.py:188} INFO - [2025-01-09T14:39:25.362+0000] {dag.py:3089} INFO - Sync 2 DAGs
[2025-01-09T14:39:25.417+0000] {logging_mixin.py:188} INFO - [2025-01-09T14:39:25.417+0000] {dag.py:3947} INFO - Setting next_dagrun for example_xcom_args to None, run_after=None
[2025-01-09T14:39:25.437+0000] {logging_mixin.py:188} INFO - [2025-01-09T14:39:25.437+0000] {dag.py:3947} INFO - Setting next_dagrun for example_xcom_args_with_operators to None, run_after=None
[2025-01-09T14:39:25.499+0000] {processor.py:183} INFO - Processing /home/airflow/.local/lib/python3.12/site-packages/airflow/example_dags/example_xcomargs.py took 0.327 seconds
[2025-01-09T14:39:56.351+0000] {processor.py:161} INFO - Started process (PID=192) to work on /home/airflow/.local/lib/python3.12/site-packages/airflow/example_dags/example_xcomargs.py
[2025-01-09T14:39:56.383+0000] {processor.py:830} INFO - Processing file /home/airflow/.local/lib/python3.12/site-packages/airflow/example_dags/example_xcomargs.py for tasks to queue
[2025-01-09T14:39:56.386+0000] {logging_mixin.py:188} INFO - [2025-01-09T14:39:56.384+0000] {dagbag.py:545} INFO - Filling up the DagBag from /home/airflow/.local/lib/python3.12/site-packages/airflow/example_dags/example_xcomargs.py
[2025-01-09T14:39:56.404+0000] {processor.py:840} INFO - DAG(s) 'example_xcom_args_with_operators', 'example_xcom_args' retrieved from /home/airflow/.local/lib/python3.12/site-packages/airflow/example_dags/example_xcomargs.py
[2025-01-09T14:39:56.466+0000] {logging_mixin.py:188} INFO - [2025-01-09T14:39:56.466+0000] {dag.py:3089} INFO - Sync 2 DAGs
[2025-01-09T14:39:56.513+0000] {logging_mixin.py:188} INFO - [2025-01-09T14:39:56.512+0000] {dag.py:3947} INFO - Setting next_dagrun for example_xcom_args to None, run_after=None
[2025-01-09T14:39:56.560+0000] {logging_mixin.py:188} INFO - [2025-01-09T14:39:56.559+0000] {dag.py:3947} INFO - Setting next_dagrun for example_xcom_args_with_operators to None, run_after=None
[2025-01-09T14:39:56.660+0000] {processor.py:183} INFO - Processing /home/airflow/.local/lib/python3.12/site-packages/airflow/example_dags/example_xcomargs.py took 0.331 seconds
[2025-01-09T14:40:27.398+0000] {processor.py:161} INFO - Started process (PID=253) to work on /home/airflow/.local/lib/python3.12/site-packages/airflow/example_dags/example_xcomargs.py
[2025-01-09T14:40:27.400+0000] {processor.py:830} INFO - Processing file /home/airflow/.local/lib/python3.12/site-packages/airflow/example_dags/example_xcomargs.py for tasks to queue
[2025-01-09T14:40:27.401+0000] {logging_mixin.py:188} INFO - [2025-01-09T14:40:27.401+0000] {dagbag.py:545} INFO - Filling up the DagBag from /home/airflow/.local/lib/python3.12/site-packages/airflow/example_dags/example_xcomargs.py
[2025-01-09T14:40:27.419+0000] {processor.py:840} INFO - DAG(s) 'example_xcom_args_with_operators', 'example_xcom_args' retrieved from /home/airflow/.local/lib/python3.12/site-packages/airflow/example_dags/example_xcomargs.py
[2025-01-09T14:40:27.478+0000] {logging_mixin.py:188} INFO - [2025-01-09T14:40:27.477+0000] {dag.py:3089} INFO - Sync 2 DAGs
[2025-01-09T14:40:27.509+0000] {logging_mixin.py:188} INFO - [2025-01-09T14:40:27.509+0000] {dag.py:3947} INFO - Setting next_dagrun for example_xcom_args to None, run_after=None
[2025-01-09T14:40:27.520+0000] {logging_mixin.py:188} INFO - [2025-01-09T14:40:27.520+0000] {dag.py:3947} INFO - Setting next_dagrun for example_xcom_args_with_operators to None, run_after=None
[2025-01-09T14:40:27.567+0000] {processor.py:183} INFO - Processing /home/airflow/.local/lib/python3.12/site-packages/airflow/example_dags/example_xcomargs.py took 0.182 seconds
[2025-01-09T14:40:58.993+0000] {processor.py:161} INFO - Started process (PID=312) to work on /home/airflow/.local/lib/python3.12/site-packages/airflow/example_dags/example_xcomargs.py
[2025-01-09T14:40:58.996+0000] {processor.py:830} INFO - Processing file /home/airflow/.local/lib/python3.12/site-packages/airflow/example_dags/example_xcomargs.py for tasks to queue
[2025-01-09T14:40:58.998+0000] {logging_mixin.py:188} INFO - [2025-01-09T14:40:58.997+0000] {dagbag.py:545} INFO - Filling up the DagBag from /home/airflow/.local/lib/python3.12/site-packages/airflow/example_dags/example_xcomargs.py
[2025-01-09T14:40:59.020+0000] {processor.py:840} INFO - DAG(s) 'example_xcom_args', 'example_xcom_args_with_operators' retrieved from /home/airflow/.local/lib/python3.12/site-packages/airflow/example_dags/example_xcomargs.py
[2025-01-09T14:40:59.088+0000] {logging_mixin.py:188} INFO - [2025-01-09T14:40:59.088+0000] {dag.py:3089} INFO - Sync 2 DAGs
[2025-01-09T14:40:59.140+0000] {logging_mixin.py:188} INFO - [2025-01-09T14:40:59.140+0000] {dag.py:3947} INFO - Setting next_dagrun for example_xcom_args to None, run_after=None
[2025-01-09T14:40:59.172+0000] {logging_mixin.py:188} INFO - [2025-01-09T14:40:59.172+0000] {dag.py:3947} INFO - Setting next_dagrun for example_xcom_args_with_operators to None, run_after=None
[2025-01-09T14:40:59.232+0000] {processor.py:183} INFO - Processing /home/airflow/.local/lib/python3.12/site-packages/airflow/example_dags/example_xcomargs.py took 0.258 seconds
[2025-01-09T14:41:30.449+0000] {processor.py:161} INFO - Started process (PID=372) to work on /home/airflow/.local/lib/python3.12/site-packages/airflow/example_dags/example_xcomargs.py
[2025-01-09T14:41:30.451+0000] {processor.py:830} INFO - Processing file /home/airflow/.local/lib/python3.12/site-packages/airflow/example_dags/example_xcomargs.py for tasks to queue
[2025-01-09T14:41:30.452+0000] {logging_mixin.py:188} INFO - [2025-01-09T14:41:30.451+0000] {dagbag.py:545} INFO - Filling up the DagBag from /home/airflow/.local/lib/python3.12/site-packages/airflow/example_dags/example_xcomargs.py
[2025-01-09T14:41:30.475+0000] {processor.py:840} INFO - DAG(s) 'example_xcom_args_with_operators', 'example_xcom_args' retrieved from /home/airflow/.local/lib/python3.12/site-packages/airflow/example_dags/example_xcomargs.py
[2025-01-09T14:41:30.531+0000] {logging_mixin.py:188} INFO - [2025-01-09T14:41:30.531+0000] {dag.py:3089} INFO - Sync 2 DAGs
[2025-01-09T14:41:30.561+0000] {logging_mixin.py:188} INFO - [2025-01-09T14:41:30.560+0000] {dag.py:3947} INFO - Setting next_dagrun for example_xcom_args to None, run_after=None
[2025-01-09T14:41:30.569+0000] {logging_mixin.py:188} INFO - [2025-01-09T14:41:30.569+0000] {dag.py:3947} INFO - Setting next_dagrun for example_xcom_args_with_operators to None, run_after=None
[2025-01-09T14:41:30.607+0000] {processor.py:183} INFO - Processing /home/airflow/.local/lib/python3.12/site-packages/airflow/example_dags/example_xcomargs.py took 0.174 seconds
[2025-01-09T14:42:14.778+0000] {processor.py:161} INFO - Started process (PID=432) to work on /home/airflow/.local/lib/python3.12/site-packages/airflow/example_dags/example_xcomargs.py
[2025-01-09T14:42:14.781+0000] {processor.py:830} INFO - Processing file /home/airflow/.local/lib/python3.12/site-packages/airflow/example_dags/example_xcomargs.py for tasks to queue
[2025-01-09T14:42:14.783+0000] {logging_mixin.py:188} INFO - [2025-01-09T14:42:14.782+0000] {dagbag.py:545} INFO - Filling up the DagBag from /home/airflow/.local/lib/python3.12/site-packages/airflow/example_dags/example_xcomargs.py
[2025-01-09T14:42:14.808+0000] {processor.py:840} INFO - DAG(s) 'example_xcom_args_with_operators', 'example_xcom_args' retrieved from /home/airflow/.local/lib/python3.12/site-packages/airflow/example_dags/example_xcomargs.py
[2025-01-09T14:42:14.884+0000] {logging_mixin.py:188} INFO - [2025-01-09T14:42:14.883+0000] {dag.py:3089} INFO - Sync 2 DAGs
[2025-01-09T14:42:14.928+0000] {logging_mixin.py:188} INFO - [2025-01-09T14:42:14.928+0000] {dag.py:3947} INFO - Setting next_dagrun for example_xcom_args to None, run_after=None
[2025-01-09T14:42:14.937+0000] {logging_mixin.py:188} INFO - [2025-01-09T14:42:14.936+0000] {dag.py:3947} INFO - Setting next_dagrun for example_xcom_args_with_operators to None, run_after=None
[2025-01-09T14:42:14.975+0000] {processor.py:183} INFO - Processing /home/airflow/.local/lib/python3.12/site-packages/airflow/example_dags/example_xcomargs.py took 0.216 seconds
[2025-01-09T14:43:10.921+0000] {processor.py:161} INFO - Started process (PID=501) to work on /home/airflow/.local/lib/python3.12/site-packages/airflow/example_dags/example_xcomargs.py
[2025-01-09T14:43:10.938+0000] {processor.py:830} INFO - Processing file /home/airflow/.local/lib/python3.12/site-packages/airflow/example_dags/example_xcomargs.py for tasks to queue
[2025-01-09T14:43:10.941+0000] {logging_mixin.py:188} INFO - [2025-01-09T14:43:10.939+0000] {dagbag.py:545} INFO - Filling up the DagBag from /home/airflow/.local/lib/python3.12/site-packages/airflow/example_dags/example_xcomargs.py
[2025-01-09T14:43:11.015+0000] {processor.py:840} INFO - DAG(s) 'example_xcom_args_with_operators', 'example_xcom_args' retrieved from /home/airflow/.local/lib/python3.12/site-packages/airflow/example_dags/example_xcomargs.py
[2025-01-09T14:43:11.198+0000] {logging_mixin.py:188} INFO - [2025-01-09T14:43:11.186+0000] {dag.py:3089} INFO - Sync 2 DAGs
[2025-01-09T14:43:11.477+0000] {logging_mixin.py:188} INFO - [2025-01-09T14:43:11.477+0000] {dag.py:3947} INFO - Setting next_dagrun for example_xcom_args to None, run_after=None
[2025-01-09T14:43:11.616+0000] {logging_mixin.py:188} INFO - [2025-01-09T14:43:11.615+0000] {dag.py:3947} INFO - Setting next_dagrun for example_xcom_args_with_operators to None, run_after=None
[2025-01-09T14:43:11.761+0000] {processor.py:183} INFO - Processing /home/airflow/.local/lib/python3.12/site-packages/airflow/example_dags/example_xcomargs.py took 0.925 seconds
[2025-01-09T14:43:50.218+0000] {processor.py:161} INFO - Started process (PID=560) to work on /home/airflow/.local/lib/python3.12/site-packages/airflow/example_dags/example_xcomargs.py
[2025-01-09T14:43:50.223+0000] {processor.py:830} INFO - Processing file /home/airflow/.local/lib/python3.12/site-packages/airflow/example_dags/example_xcomargs.py for tasks to queue
[2025-01-09T14:43:50.229+0000] {logging_mixin.py:188} INFO - [2025-01-09T14:43:50.226+0000] {dagbag.py:545} INFO - Filling up the DagBag from /home/airflow/.local/lib/python3.12/site-packages/airflow/example_dags/example_xcomargs.py
[2025-01-09T14:43:50.305+0000] {processor.py:840} INFO - DAG(s) 'example_xcom_args', 'example_xcom_args_with_operators' retrieved from /home/airflow/.local/lib/python3.12/site-packages/airflow/example_dags/example_xcomargs.py
[2025-01-09T14:43:50.486+0000] {logging_mixin.py:188} INFO - [2025-01-09T14:43:50.484+0000] {dag.py:3089} INFO - Sync 2 DAGs
[2025-01-09T14:43:50.696+0000] {logging_mixin.py:188} INFO - [2025-01-09T14:43:50.694+0000] {dag.py:3947} INFO - Setting next_dagrun for example_xcom_args to None, run_after=None
[2025-01-09T14:43:50.841+0000] {logging_mixin.py:188} INFO - [2025-01-09T14:43:50.840+0000] {dag.py:3947} INFO - Setting next_dagrun for example_xcom_args_with_operators to None, run_after=None
[2025-01-09T14:43:51.175+0000] {processor.py:183} INFO - Processing /home/airflow/.local/lib/python3.12/site-packages/airflow/example_dags/example_xcomargs.py took 0.997 seconds
[2025-01-09T14:44:22.000+0000] {processor.py:161} INFO - Started process (PID=620) to work on /home/airflow/.local/lib/python3.12/site-packages/airflow/example_dags/example_xcomargs.py
[2025-01-09T14:44:22.006+0000] {processor.py:830} INFO - Processing file /home/airflow/.local/lib/python3.12/site-packages/airflow/example_dags/example_xcomargs.py for tasks to queue
[2025-01-09T14:44:22.009+0000] {logging_mixin.py:188} INFO - [2025-01-09T14:44:22.008+0000] {dagbag.py:545} INFO - Filling up the DagBag from /home/airflow/.local/lib/python3.12/site-packages/airflow/example_dags/example_xcomargs.py
[2025-01-09T14:44:22.040+0000] {processor.py:840} INFO - DAG(s) 'example_xcom_args', 'example_xcom_args_with_operators' retrieved from /home/airflow/.local/lib/python3.12/site-packages/airflow/example_dags/example_xcomargs.py
[2025-01-09T14:44:22.196+0000] {logging_mixin.py:188} INFO - [2025-01-09T14:44:22.192+0000] {dag.py:3089} INFO - Sync 2 DAGs
[2025-01-09T14:44:22.283+0000] {logging_mixin.py:188} INFO - [2025-01-09T14:44:22.282+0000] {dag.py:3947} INFO - Setting next_dagrun for example_xcom_args to None, run_after=None
[2025-01-09T14:44:22.317+0000] {logging_mixin.py:188} INFO - [2025-01-09T14:44:22.317+0000] {dag.py:3947} INFO - Setting next_dagrun for example_xcom_args_with_operators to None, run_after=None
[2025-01-09T14:44:22.399+0000] {processor.py:183} INFO - Processing /home/airflow/.local/lib/python3.12/site-packages/airflow/example_dags/example_xcomargs.py took 0.424 seconds
[2025-01-09T14:44:57.199+0000] {processor.py:161} INFO - Started process (PID=678) to work on /home/airflow/.local/lib/python3.12/site-packages/airflow/example_dags/example_xcomargs.py
[2025-01-09T14:44:57.201+0000] {processor.py:830} INFO - Processing file /home/airflow/.local/lib/python3.12/site-packages/airflow/example_dags/example_xcomargs.py for tasks to queue
[2025-01-09T14:44:57.204+0000] {logging_mixin.py:188} INFO - [2025-01-09T14:44:57.203+0000] {dagbag.py:545} INFO - Filling up the DagBag from /home/airflow/.local/lib/python3.12/site-packages/airflow/example_dags/example_xcomargs.py
[2025-01-09T14:44:57.225+0000] {processor.py:840} INFO - DAG(s) 'example_xcom_args', 'example_xcom_args_with_operators' retrieved from /home/airflow/.local/lib/python3.12/site-packages/airflow/example_dags/example_xcomargs.py
[2025-01-09T14:44:57.289+0000] {logging_mixin.py:188} INFO - [2025-01-09T14:44:57.288+0000] {dag.py:3089} INFO - Sync 2 DAGs
[2025-01-09T14:44:57.323+0000] {logging_mixin.py:188} INFO - [2025-01-09T14:44:57.323+0000] {dag.py:3947} INFO - Setting next_dagrun for example_xcom_args to None, run_after=None
[2025-01-09T14:44:57.332+0000] {logging_mixin.py:188} INFO - [2025-01-09T14:44:57.332+0000] {dag.py:3947} INFO - Setting next_dagrun for example_xcom_args_with_operators to None, run_after=None
[2025-01-09T14:44:57.380+0000] {processor.py:183} INFO - Processing /home/airflow/.local/lib/python3.12/site-packages/airflow/example_dags/example_xcomargs.py took 0.198 seconds
[2025-01-09T14:45:28.264+0000] {processor.py:161} INFO - Started process (PID=738) to work on /home/airflow/.local/lib/python3.12/site-packages/airflow/example_dags/example_xcomargs.py
[2025-01-09T14:45:28.266+0000] {processor.py:830} INFO - Processing file /home/airflow/.local/lib/python3.12/site-packages/airflow/example_dags/example_xcomargs.py for tasks to queue
[2025-01-09T14:45:28.268+0000] {logging_mixin.py:188} INFO - [2025-01-09T14:45:28.268+0000] {dagbag.py:545} INFO - Filling up the DagBag from /home/airflow/.local/lib/python3.12/site-packages/airflow/example_dags/example_xcomargs.py
[2025-01-09T14:45:28.290+0000] {processor.py:840} INFO - DAG(s) 'example_xcom_args_with_operators', 'example_xcom_args' retrieved from /home/airflow/.local/lib/python3.12/site-packages/airflow/example_dags/example_xcomargs.py
[2025-01-09T14:45:28.377+0000] {logging_mixin.py:188} INFO - [2025-01-09T14:45:28.377+0000] {dag.py:3089} INFO - Sync 2 DAGs
[2025-01-09T14:45:28.417+0000] {logging_mixin.py:188} INFO - [2025-01-09T14:45:28.417+0000] {dag.py:3947} INFO - Setting next_dagrun for example_xcom_args to None, run_after=None
[2025-01-09T14:45:28.427+0000] {logging_mixin.py:188} INFO - [2025-01-09T14:45:28.427+0000] {dag.py:3947} INFO - Setting next_dagrun for example_xcom_args_with_operators to None, run_after=None
[2025-01-09T14:45:28.489+0000] {processor.py:183} INFO - Processing /home/airflow/.local/lib/python3.12/site-packages/airflow/example_dags/example_xcomargs.py took 0.238 seconds
[2025-01-09T14:45:58.682+0000] {processor.py:161} INFO - Started process (PID=796) to work on /home/airflow/.local/lib/python3.12/site-packages/airflow/example_dags/example_xcomargs.py
[2025-01-09T14:45:58.685+0000] {processor.py:830} INFO - Processing file /home/airflow/.local/lib/python3.12/site-packages/airflow/example_dags/example_xcomargs.py for tasks to queue
[2025-01-09T14:45:58.687+0000] {logging_mixin.py:188} INFO - [2025-01-09T14:45:58.686+0000] {dagbag.py:545} INFO - Filling up the DagBag from /home/airflow/.local/lib/python3.12/site-packages/airflow/example_dags/example_xcomargs.py
[2025-01-09T14:45:58.707+0000] {processor.py:840} INFO - DAG(s) 'example_xcom_args', 'example_xcom_args_with_operators' retrieved from /home/airflow/.local/lib/python3.12/site-packages/airflow/example_dags/example_xcomargs.py
[2025-01-09T14:45:58.771+0000] {logging_mixin.py:188} INFO - [2025-01-09T14:45:58.771+0000] {dag.py:3089} INFO - Sync 2 DAGs
[2025-01-09T14:45:58.804+0000] {logging_mixin.py:188} INFO - [2025-01-09T14:45:58.803+0000] {dag.py:3947} INFO - Setting next_dagrun for example_xcom_args to None, run_after=None
[2025-01-09T14:45:58.813+0000] {logging_mixin.py:188} INFO - [2025-01-09T14:45:58.813+0000] {dag.py:3947} INFO - Setting next_dagrun for example_xcom_args_with_operators to None, run_after=None
[2025-01-09T14:45:58.862+0000] {processor.py:183} INFO - Processing /home/airflow/.local/lib/python3.12/site-packages/airflow/example_dags/example_xcomargs.py took 0.200 seconds
[2025-01-09T14:46:28.948+0000] {processor.py:161} INFO - Started process (PID=856) to work on /home/airflow/.local/lib/python3.12/site-packages/airflow/example_dags/example_xcomargs.py
[2025-01-09T14:46:28.950+0000] {processor.py:830} INFO - Processing file /home/airflow/.local/lib/python3.12/site-packages/airflow/example_dags/example_xcomargs.py for tasks to queue
[2025-01-09T14:46:28.952+0000] {logging_mixin.py:188} INFO - [2025-01-09T14:46:28.951+0000] {dagbag.py:545} INFO - Filling up the DagBag from /home/airflow/.local/lib/python3.12/site-packages/airflow/example_dags/example_xcomargs.py
[2025-01-09T14:46:28.967+0000] {processor.py:840} INFO - DAG(s) 'example_xcom_args', 'example_xcom_args_with_operators' retrieved from /home/airflow/.local/lib/python3.12/site-packages/airflow/example_dags/example_xcomargs.py
[2025-01-09T14:46:29.016+0000] {logging_mixin.py:188} INFO - [2025-01-09T14:46:29.016+0000] {dag.py:3089} INFO - Sync 2 DAGs
[2025-01-09T14:46:29.041+0000] {logging_mixin.py:188} INFO - [2025-01-09T14:46:29.041+0000] {dag.py:3947} INFO - Setting next_dagrun for example_xcom_args to None, run_after=None
[2025-01-09T14:46:29.050+0000] {logging_mixin.py:188} INFO - [2025-01-09T14:46:29.049+0000] {dag.py:3947} INFO - Setting next_dagrun for example_xcom_args_with_operators to None, run_after=None
[2025-01-09T14:46:29.088+0000] {processor.py:183} INFO - Processing /home/airflow/.local/lib/python3.12/site-packages/airflow/example_dags/example_xcomargs.py took 0.153 seconds
[2025-01-09T14:46:59.354+0000] {processor.py:161} INFO - Started process (PID=916) to work on /home/airflow/.local/lib/python3.12/site-packages/airflow/example_dags/example_xcomargs.py
[2025-01-09T14:46:59.356+0000] {processor.py:830} INFO - Processing file /home/airflow/.local/lib/python3.12/site-packages/airflow/example_dags/example_xcomargs.py for tasks to queue
[2025-01-09T14:46:59.359+0000] {logging_mixin.py:188} INFO - [2025-01-09T14:46:59.358+0000] {dagbag.py:545} INFO - Filling up the DagBag from /home/airflow/.local/lib/python3.12/site-packages/airflow/example_dags/example_xcomargs.py
[2025-01-09T14:46:59.391+0000] {processor.py:840} INFO - DAG(s) 'example_xcom_args_with_operators', 'example_xcom_args' retrieved from /home/airflow/.local/lib/python3.12/site-packages/airflow/example_dags/example_xcomargs.py
[2025-01-09T14:46:59.840+0000] {logging_mixin.py:188} INFO - [2025-01-09T14:46:59.838+0000] {dag.py:3089} INFO - Sync 2 DAGs
[2025-01-09T14:46:59.900+0000] {logging_mixin.py:188} INFO - [2025-01-09T14:46:59.899+0000] {dag.py:3947} INFO - Setting next_dagrun for example_xcom_args to None, run_after=None
[2025-01-09T14:46:59.912+0000] {logging_mixin.py:188} INFO - [2025-01-09T14:46:59.912+0000] {dag.py:3947} INFO - Setting next_dagrun for example_xcom_args_with_operators to None, run_after=None
[2025-01-09T14:46:59.974+0000] {processor.py:183} INFO - Processing /home/airflow/.local/lib/python3.12/site-packages/airflow/example_dags/example_xcomargs.py took 0.660 seconds
[2025-01-09T14:47:30.059+0000] {processor.py:161} INFO - Started process (PID=976) to work on /home/airflow/.local/lib/python3.12/site-packages/airflow/example_dags/example_xcomargs.py
[2025-01-09T14:47:30.060+0000] {processor.py:830} INFO - Processing file /home/airflow/.local/lib/python3.12/site-packages/airflow/example_dags/example_xcomargs.py for tasks to queue
[2025-01-09T14:47:30.061+0000] {logging_mixin.py:188} INFO - [2025-01-09T14:47:30.061+0000] {dagbag.py:545} INFO - Filling up the DagBag from /home/airflow/.local/lib/python3.12/site-packages/airflow/example_dags/example_xcomargs.py
[2025-01-09T14:47:30.078+0000] {processor.py:840} INFO - DAG(s) 'example_xcom_args', 'example_xcom_args_with_operators' retrieved from /home/airflow/.local/lib/python3.12/site-packages/airflow/example_dags/example_xcomargs.py
[2025-01-09T14:47:30.151+0000] {logging_mixin.py:188} INFO - [2025-01-09T14:47:30.151+0000] {dag.py:3089} INFO - Sync 2 DAGs
[2025-01-09T14:47:30.182+0000] {logging_mixin.py:188} INFO - [2025-01-09T14:47:30.182+0000] {dag.py:3947} INFO - Setting next_dagrun for example_xcom_args to None, run_after=None
[2025-01-09T14:47:30.189+0000] {logging_mixin.py:188} INFO - [2025-01-09T14:47:30.189+0000] {dag.py:3947} INFO - Setting next_dagrun for example_xcom_args_with_operators to None, run_after=None
[2025-01-09T14:47:30.216+0000] {processor.py:183} INFO - Processing /home/airflow/.local/lib/python3.12/site-packages/airflow/example_dags/example_xcomargs.py took 0.175 seconds
[2025-01-09T14:48:01.223+0000] {processor.py:161} INFO - Started process (PID=1041) to work on /home/airflow/.local/lib/python3.12/site-packages/airflow/example_dags/example_xcomargs.py
[2025-01-09T14:48:01.225+0000] {processor.py:830} INFO - Processing file /home/airflow/.local/lib/python3.12/site-packages/airflow/example_dags/example_xcomargs.py for tasks to queue
[2025-01-09T14:48:01.227+0000] {logging_mixin.py:188} INFO - [2025-01-09T14:48:01.226+0000] {dagbag.py:545} INFO - Filling up the DagBag from /home/airflow/.local/lib/python3.12/site-packages/airflow/example_dags/example_xcomargs.py
[2025-01-09T14:48:01.247+0000] {processor.py:840} INFO - DAG(s) 'example_xcom_args', 'example_xcom_args_with_operators' retrieved from /home/airflow/.local/lib/python3.12/site-packages/airflow/example_dags/example_xcomargs.py
[2025-01-09T14:48:01.309+0000] {logging_mixin.py:188} INFO - [2025-01-09T14:48:01.308+0000] {dag.py:3089} INFO - Sync 2 DAGs
[2025-01-09T14:48:01.350+0000] {logging_mixin.py:188} INFO - [2025-01-09T14:48:01.349+0000] {dag.py:3947} INFO - Setting next_dagrun for example_xcom_args to None, run_after=None
[2025-01-09T14:48:01.363+0000] {logging_mixin.py:188} INFO - [2025-01-09T14:48:01.362+0000] {dag.py:3947} INFO - Setting next_dagrun for example_xcom_args_with_operators to None, run_after=None
[2025-01-09T14:48:01.409+0000] {processor.py:183} INFO - Processing /home/airflow/.local/lib/python3.12/site-packages/airflow/example_dags/example_xcomargs.py took 0.204 seconds
[2025-01-09T14:48:32.536+0000] {processor.py:161} INFO - Started process (PID=1101) to work on /home/airflow/.local/lib/python3.12/site-packages/airflow/example_dags/example_xcomargs.py
[2025-01-09T14:48:32.540+0000] {processor.py:830} INFO - Processing file /home/airflow/.local/lib/python3.12/site-packages/airflow/example_dags/example_xcomargs.py for tasks to queue
[2025-01-09T14:48:32.542+0000] {logging_mixin.py:188} INFO - [2025-01-09T14:48:32.541+0000] {dagbag.py:545} INFO - Filling up the DagBag from /home/airflow/.local/lib/python3.12/site-packages/airflow/example_dags/example_xcomargs.py
[2025-01-09T14:48:32.584+0000] {processor.py:840} INFO - DAG(s) 'example_xcom_args', 'example_xcom_args_with_operators' retrieved from /home/airflow/.local/lib/python3.12/site-packages/airflow/example_dags/example_xcomargs.py
[2025-01-09T14:48:32.642+0000] {logging_mixin.py:188} INFO - [2025-01-09T14:48:32.641+0000] {dag.py:3089} INFO - Sync 2 DAGs
[2025-01-09T14:48:32.673+0000] {logging_mixin.py:188} INFO - [2025-01-09T14:48:32.673+0000] {dag.py:3947} INFO - Setting next_dagrun for example_xcom_args to None, run_after=None
[2025-01-09T14:48:32.681+0000] {logging_mixin.py:188} INFO - [2025-01-09T14:48:32.680+0000] {dag.py:3947} INFO - Setting next_dagrun for example_xcom_args_with_operators to None, run_after=None
[2025-01-09T14:48:32.716+0000] {processor.py:183} INFO - Processing /home/airflow/.local/lib/python3.12/site-packages/airflow/example_dags/example_xcomargs.py took 0.214 seconds
[2025-01-09T14:49:03.452+0000] {processor.py:161} INFO - Started process (PID=1161) to work on /home/airflow/.local/lib/python3.12/site-packages/airflow/example_dags/example_xcomargs.py
[2025-01-09T14:49:03.455+0000] {processor.py:830} INFO - Processing file /home/airflow/.local/lib/python3.12/site-packages/airflow/example_dags/example_xcomargs.py for tasks to queue
[2025-01-09T14:49:03.457+0000] {logging_mixin.py:188} INFO - [2025-01-09T14:49:03.456+0000] {dagbag.py:545} INFO - Filling up the DagBag from /home/airflow/.local/lib/python3.12/site-packages/airflow/example_dags/example_xcomargs.py
[2025-01-09T14:49:03.491+0000] {processor.py:840} INFO - DAG(s) 'example_xcom_args', 'example_xcom_args_with_operators' retrieved from /home/airflow/.local/lib/python3.12/site-packages/airflow/example_dags/example_xcomargs.py
[2025-01-09T14:49:03.541+0000] {logging_mixin.py:188} INFO - [2025-01-09T14:49:03.540+0000] {dag.py:3089} INFO - Sync 2 DAGs
[2025-01-09T14:49:03.571+0000] {logging_mixin.py:188} INFO - [2025-01-09T14:49:03.571+0000] {dag.py:3947} INFO - Setting next_dagrun for example_xcom_args to None, run_after=None
[2025-01-09T14:49:03.578+0000] {logging_mixin.py:188} INFO - [2025-01-09T14:49:03.577+0000] {dag.py:3947} INFO - Setting next_dagrun for example_xcom_args_with_operators to None, run_after=None
[2025-01-09T14:49:03.609+0000] {processor.py:183} INFO - Processing /home/airflow/.local/lib/python3.12/site-packages/airflow/example_dags/example_xcomargs.py took 0.179 seconds
