[2025-01-09T14:38:35.203+0000] {processor.py:161} INFO - Started process (PID=56) to work on /home/airflow/.local/lib/python3.12/site-packages/airflow/example_dags/example_subdag_operator.py
[2025-01-09T14:38:35.206+0000] {processor.py:830} INFO - Processing file /home/airflow/.local/lib/python3.12/site-packages/airflow/example_dags/example_subdag_operator.py for tasks to queue
[2025-01-09T14:38:35.210+0000] {logging_mixin.py:188} INFO - [2025-01-09T14:38:35.209+0000] {dagbag.py:545} INFO - Filling up the DagBag from /home/airflow/.local/lib/python3.12/site-packages/airflow/example_dags/example_subdag_operator.py
[2025-01-09T14:38:35.509+0000] {processor.py:840} INFO - DAG(s) 'example_subdag_operator.section-1', 'example_subdag_operator.section-2', 'example_subdag_operator' retrieved from /home/airflow/.local/lib/python3.12/site-packages/airflow/example_dags/example_subdag_operator.py
[2025-01-09T14:38:35.548+0000] {logging_mixin.py:188} INFO - [2025-01-09T14:38:35.547+0000] {dag.py:3089} INFO - Sync 3 DAGs
[2025-01-09T14:38:36.037+0000] {logging_mixin.py:188} INFO - [2025-01-09T14:38:36.037+0000] {dag.py:3947} INFO - Setting next_dagrun for example_subdag_operator to 2022-01-01 00:00:00+00:00, run_after=2022-01-01 00:00:00+00:00
[2025-01-09T14:38:36.043+0000] {logging_mixin.py:188} INFO - [2025-01-09T14:38:36.043+0000] {dag.py:3947} INFO - Setting next_dagrun for example_subdag_operator.section-1 to None, run_after=None
[2025-01-09T14:38:36.046+0000] {logging_mixin.py:188} INFO - [2025-01-09T14:38:36.045+0000] {dag.py:3947} INFO - Setting next_dagrun for example_subdag_operator.section-2 to None, run_after=None
[2025-01-09T14:38:36.424+0000] {logging_mixin.py:188} INFO - [2025-01-09T14:38:36.423+0000] {dag.py:3089} INFO - Sync 2 DAGs
[2025-01-09T14:38:36.446+0000] {logging_mixin.py:188} INFO - [2025-01-09T14:38:36.445+0000] {dag.py:3947} INFO - Setting next_dagrun for example_subdag_operator.section-1 to None, run_after=None
[2025-01-09T14:38:36.447+0000] {logging_mixin.py:188} INFO - [2025-01-09T14:38:36.446+0000] {dag.py:3947} INFO - Setting next_dagrun for example_subdag_operator.section-2 to None, run_after=None
[2025-01-09T14:38:36.481+0000] {processor.py:183} INFO - Processing /home/airflow/.local/lib/python3.12/site-packages/airflow/example_dags/example_subdag_operator.py took 1.315 seconds
[2025-01-09T14:39:22.117+0000] {processor.py:161} INFO - Started process (PID=122) to work on /home/airflow/.local/lib/python3.12/site-packages/airflow/example_dags/example_subdag_operator.py
[2025-01-09T14:39:22.155+0000] {processor.py:830} INFO - Processing file /home/airflow/.local/lib/python3.12/site-packages/airflow/example_dags/example_subdag_operator.py for tasks to queue
[2025-01-09T14:39:22.167+0000] {logging_mixin.py:188} INFO - [2025-01-09T14:39:22.157+0000] {dagbag.py:545} INFO - Filling up the DagBag from /home/airflow/.local/lib/python3.12/site-packages/airflow/example_dags/example_subdag_operator.py
[2025-01-09T14:39:22.282+0000] {processor.py:840} INFO - DAG(s) 'example_subdag_operator.section-1', 'example_subdag_operator.section-2', 'example_subdag_operator' retrieved from /home/airflow/.local/lib/python3.12/site-packages/airflow/example_dags/example_subdag_operator.py
[2025-01-09T14:39:22.351+0000] {logging_mixin.py:188} INFO - [2025-01-09T14:39:22.350+0000] {dag.py:3089} INFO - Sync 3 DAGs
[2025-01-09T14:39:22.447+0000] {logging_mixin.py:188} INFO - [2025-01-09T14:39:22.446+0000] {dag.py:3947} INFO - Setting next_dagrun for example_subdag_operator to 2022-01-01 00:00:00+00:00, run_after=2022-01-01 00:00:00+00:00
[2025-01-09T14:39:22.462+0000] {logging_mixin.py:188} INFO - [2025-01-09T14:39:22.461+0000] {dag.py:3947} INFO - Setting next_dagrun for example_subdag_operator.section-1 to None, run_after=None
[2025-01-09T14:39:22.466+0000] {logging_mixin.py:188} INFO - [2025-01-09T14:39:22.465+0000] {dag.py:3947} INFO - Setting next_dagrun for example_subdag_operator.section-2 to None, run_after=None
[2025-01-09T14:39:22.487+0000] {logging_mixin.py:188} INFO - [2025-01-09T14:39:22.486+0000] {dag.py:3089} INFO - Sync 2 DAGs
[2025-01-09T14:39:22.502+0000] {logging_mixin.py:188} INFO - [2025-01-09T14:39:22.501+0000] {dag.py:3947} INFO - Setting next_dagrun for example_subdag_operator.section-1 to None, run_after=None
[2025-01-09T14:39:22.503+0000] {logging_mixin.py:188} INFO - [2025-01-09T14:39:22.503+0000] {dag.py:3947} INFO - Setting next_dagrun for example_subdag_operator.section-2 to None, run_after=None
[2025-01-09T14:39:22.553+0000] {processor.py:183} INFO - Processing /home/airflow/.local/lib/python3.12/site-packages/airflow/example_dags/example_subdag_operator.py took 0.545 seconds
[2025-01-09T14:39:53.161+0000] {processor.py:161} INFO - Started process (PID=182) to work on /home/airflow/.local/lib/python3.12/site-packages/airflow/example_dags/example_subdag_operator.py
[2025-01-09T14:39:53.163+0000] {processor.py:830} INFO - Processing file /home/airflow/.local/lib/python3.12/site-packages/airflow/example_dags/example_subdag_operator.py for tasks to queue
[2025-01-09T14:39:53.166+0000] {logging_mixin.py:188} INFO - [2025-01-09T14:39:53.164+0000] {dagbag.py:545} INFO - Filling up the DagBag from /home/airflow/.local/lib/python3.12/site-packages/airflow/example_dags/example_subdag_operator.py
[2025-01-09T14:39:53.257+0000] {processor.py:840} INFO - DAG(s) 'example_subdag_operator.section-1', 'example_subdag_operator.section-2', 'example_subdag_operator' retrieved from /home/airflow/.local/lib/python3.12/site-packages/airflow/example_dags/example_subdag_operator.py
[2025-01-09T14:39:53.290+0000] {logging_mixin.py:188} INFO - [2025-01-09T14:39:53.289+0000] {dag.py:3089} INFO - Sync 3 DAGs
[2025-01-09T14:39:53.359+0000] {logging_mixin.py:188} INFO - [2025-01-09T14:39:53.359+0000] {dag.py:3947} INFO - Setting next_dagrun for example_subdag_operator to 2022-01-01 00:00:00+00:00, run_after=2022-01-01 00:00:00+00:00
[2025-01-09T14:39:53.368+0000] {logging_mixin.py:188} INFO - [2025-01-09T14:39:53.368+0000] {dag.py:3947} INFO - Setting next_dagrun for example_subdag_operator.section-1 to None, run_after=None
[2025-01-09T14:39:53.371+0000] {logging_mixin.py:188} INFO - [2025-01-09T14:39:53.371+0000] {dag.py:3947} INFO - Setting next_dagrun for example_subdag_operator.section-2 to None, run_after=None
[2025-01-09T14:39:53.398+0000] {logging_mixin.py:188} INFO - [2025-01-09T14:39:53.397+0000] {dag.py:3089} INFO - Sync 2 DAGs
[2025-01-09T14:39:53.410+0000] {logging_mixin.py:188} INFO - [2025-01-09T14:39:53.410+0000] {dag.py:3947} INFO - Setting next_dagrun for example_subdag_operator.section-1 to None, run_after=None
[2025-01-09T14:39:53.411+0000] {logging_mixin.py:188} INFO - [2025-01-09T14:39:53.411+0000] {dag.py:3947} INFO - Setting next_dagrun for example_subdag_operator.section-2 to None, run_after=None
[2025-01-09T14:39:53.436+0000] {processor.py:183} INFO - Processing /home/airflow/.local/lib/python3.12/site-packages/airflow/example_dags/example_subdag_operator.py took 0.287 seconds
[2025-01-09T14:40:24.718+0000] {processor.py:161} INFO - Started process (PID=243) to work on /home/airflow/.local/lib/python3.12/site-packages/airflow/example_dags/example_subdag_operator.py
[2025-01-09T14:40:24.721+0000] {processor.py:830} INFO - Processing file /home/airflow/.local/lib/python3.12/site-packages/airflow/example_dags/example_subdag_operator.py for tasks to queue
[2025-01-09T14:40:24.723+0000] {logging_mixin.py:188} INFO - [2025-01-09T14:40:24.722+0000] {dagbag.py:545} INFO - Filling up the DagBag from /home/airflow/.local/lib/python3.12/site-packages/airflow/example_dags/example_subdag_operator.py
[2025-01-09T14:40:24.812+0000] {processor.py:840} INFO - DAG(s) 'example_subdag_operator.section-1', 'example_subdag_operator.section-2', 'example_subdag_operator' retrieved from /home/airflow/.local/lib/python3.12/site-packages/airflow/example_dags/example_subdag_operator.py
[2025-01-09T14:40:24.862+0000] {logging_mixin.py:188} INFO - [2025-01-09T14:40:24.861+0000] {dag.py:3089} INFO - Sync 3 DAGs
[2025-01-09T14:40:24.931+0000] {logging_mixin.py:188} INFO - [2025-01-09T14:40:24.930+0000] {dag.py:3947} INFO - Setting next_dagrun for example_subdag_operator to 2022-01-01 00:00:00+00:00, run_after=2022-01-01 00:00:00+00:00
[2025-01-09T14:40:24.942+0000] {logging_mixin.py:188} INFO - [2025-01-09T14:40:24.941+0000] {dag.py:3947} INFO - Setting next_dagrun for example_subdag_operator.section-1 to None, run_after=None
[2025-01-09T14:40:24.947+0000] {logging_mixin.py:188} INFO - [2025-01-09T14:40:24.946+0000] {dag.py:3947} INFO - Setting next_dagrun for example_subdag_operator.section-2 to None, run_after=None
[2025-01-09T14:40:24.971+0000] {logging_mixin.py:188} INFO - [2025-01-09T14:40:24.971+0000] {dag.py:3089} INFO - Sync 2 DAGs
[2025-01-09T14:40:24.985+0000] {logging_mixin.py:188} INFO - [2025-01-09T14:40:24.984+0000] {dag.py:3947} INFO - Setting next_dagrun for example_subdag_operator.section-1 to None, run_after=None
[2025-01-09T14:40:24.985+0000] {logging_mixin.py:188} INFO - [2025-01-09T14:40:24.985+0000] {dag.py:3947} INFO - Setting next_dagrun for example_subdag_operator.section-2 to None, run_after=None
[2025-01-09T14:40:25.013+0000] {processor.py:183} INFO - Processing /home/airflow/.local/lib/python3.12/site-packages/airflow/example_dags/example_subdag_operator.py took 0.311 seconds
[2025-01-09T14:40:57.403+0000] {processor.py:161} INFO - Started process (PID=302) to work on /home/airflow/.local/lib/python3.12/site-packages/airflow/example_dags/example_subdag_operator.py
[2025-01-09T14:40:57.405+0000] {processor.py:830} INFO - Processing file /home/airflow/.local/lib/python3.12/site-packages/airflow/example_dags/example_subdag_operator.py for tasks to queue
[2025-01-09T14:40:57.406+0000] {logging_mixin.py:188} INFO - [2025-01-09T14:40:57.406+0000] {dagbag.py:545} INFO - Filling up the DagBag from /home/airflow/.local/lib/python3.12/site-packages/airflow/example_dags/example_subdag_operator.py
[2025-01-09T14:40:57.473+0000] {processor.py:840} INFO - DAG(s) 'example_subdag_operator.section-1', 'example_subdag_operator.section-2', 'example_subdag_operator' retrieved from /home/airflow/.local/lib/python3.12/site-packages/airflow/example_dags/example_subdag_operator.py
[2025-01-09T14:40:57.522+0000] {logging_mixin.py:188} INFO - [2025-01-09T14:40:57.521+0000] {dag.py:3089} INFO - Sync 3 DAGs
[2025-01-09T14:40:57.589+0000] {logging_mixin.py:188} INFO - [2025-01-09T14:40:57.589+0000] {dag.py:3947} INFO - Setting next_dagrun for example_subdag_operator to 2022-01-01 00:00:00+00:00, run_after=2022-01-01 00:00:00+00:00
[2025-01-09T14:40:57.600+0000] {logging_mixin.py:188} INFO - [2025-01-09T14:40:57.599+0000] {dag.py:3947} INFO - Setting next_dagrun for example_subdag_operator.section-1 to None, run_after=None
[2025-01-09T14:40:57.604+0000] {logging_mixin.py:188} INFO - [2025-01-09T14:40:57.603+0000] {dag.py:3947} INFO - Setting next_dagrun for example_subdag_operator.section-2 to None, run_after=None
[2025-01-09T14:40:57.620+0000] {logging_mixin.py:188} INFO - [2025-01-09T14:40:57.619+0000] {dag.py:3089} INFO - Sync 2 DAGs
[2025-01-09T14:40:57.633+0000] {logging_mixin.py:188} INFO - [2025-01-09T14:40:57.633+0000] {dag.py:3947} INFO - Setting next_dagrun for example_subdag_operator.section-1 to None, run_after=None
[2025-01-09T14:40:57.634+0000] {logging_mixin.py:188} INFO - [2025-01-09T14:40:57.634+0000] {dag.py:3947} INFO - Setting next_dagrun for example_subdag_operator.section-2 to None, run_after=None
[2025-01-09T14:40:57.665+0000] {processor.py:183} INFO - Processing /home/airflow/.local/lib/python3.12/site-packages/airflow/example_dags/example_subdag_operator.py took 0.275 seconds
[2025-01-09T14:41:28.679+0000] {processor.py:161} INFO - Started process (PID=362) to work on /home/airflow/.local/lib/python3.12/site-packages/airflow/example_dags/example_subdag_operator.py
[2025-01-09T14:41:28.681+0000] {processor.py:830} INFO - Processing file /home/airflow/.local/lib/python3.12/site-packages/airflow/example_dags/example_subdag_operator.py for tasks to queue
[2025-01-09T14:41:28.683+0000] {logging_mixin.py:188} INFO - [2025-01-09T14:41:28.682+0000] {dagbag.py:545} INFO - Filling up the DagBag from /home/airflow/.local/lib/python3.12/site-packages/airflow/example_dags/example_subdag_operator.py
[2025-01-09T14:41:28.742+0000] {processor.py:840} INFO - DAG(s) 'example_subdag_operator.section-1', 'example_subdag_operator.section-2', 'example_subdag_operator' retrieved from /home/airflow/.local/lib/python3.12/site-packages/airflow/example_dags/example_subdag_operator.py
[2025-01-09T14:41:28.778+0000] {logging_mixin.py:188} INFO - [2025-01-09T14:41:28.777+0000] {dag.py:3089} INFO - Sync 3 DAGs
[2025-01-09T14:41:28.839+0000] {logging_mixin.py:188} INFO - [2025-01-09T14:41:28.838+0000] {dag.py:3947} INFO - Setting next_dagrun for example_subdag_operator to 2022-01-01 00:00:00+00:00, run_after=2022-01-01 00:00:00+00:00
[2025-01-09T14:41:28.848+0000] {logging_mixin.py:188} INFO - [2025-01-09T14:41:28.848+0000] {dag.py:3947} INFO - Setting next_dagrun for example_subdag_operator.section-1 to None, run_after=None
[2025-01-09T14:41:28.852+0000] {logging_mixin.py:188} INFO - [2025-01-09T14:41:28.851+0000] {dag.py:3947} INFO - Setting next_dagrun for example_subdag_operator.section-2 to None, run_after=None
[2025-01-09T14:41:28.867+0000] {logging_mixin.py:188} INFO - [2025-01-09T14:41:28.866+0000] {dag.py:3089} INFO - Sync 2 DAGs
[2025-01-09T14:41:28.879+0000] {logging_mixin.py:188} INFO - [2025-01-09T14:41:28.879+0000] {dag.py:3947} INFO - Setting next_dagrun for example_subdag_operator.section-1 to None, run_after=None
[2025-01-09T14:41:28.880+0000] {logging_mixin.py:188} INFO - [2025-01-09T14:41:28.880+0000] {dag.py:3947} INFO - Setting next_dagrun for example_subdag_operator.section-2 to None, run_after=None
[2025-01-09T14:41:28.908+0000] {processor.py:183} INFO - Processing /home/airflow/.local/lib/python3.12/site-packages/airflow/example_dags/example_subdag_operator.py took 0.245 seconds
[2025-01-09T14:42:12.233+0000] {processor.py:161} INFO - Started process (PID=422) to work on /home/airflow/.local/lib/python3.12/site-packages/airflow/example_dags/example_subdag_operator.py
[2025-01-09T14:42:12.244+0000] {processor.py:830} INFO - Processing file /home/airflow/.local/lib/python3.12/site-packages/airflow/example_dags/example_subdag_operator.py for tasks to queue
[2025-01-09T14:42:12.259+0000] {logging_mixin.py:188} INFO - [2025-01-09T14:42:12.246+0000] {dagbag.py:545} INFO - Filling up the DagBag from /home/airflow/.local/lib/python3.12/site-packages/airflow/example_dags/example_subdag_operator.py
[2025-01-09T14:42:12.347+0000] {processor.py:840} INFO - DAG(s) 'example_subdag_operator.section-1', 'example_subdag_operator.section-2', 'example_subdag_operator' retrieved from /home/airflow/.local/lib/python3.12/site-packages/airflow/example_dags/example_subdag_operator.py
[2025-01-09T14:42:12.398+0000] {logging_mixin.py:188} INFO - [2025-01-09T14:42:12.397+0000] {dag.py:3089} INFO - Sync 3 DAGs
[2025-01-09T14:42:12.510+0000] {logging_mixin.py:188} INFO - [2025-01-09T14:42:12.509+0000] {dag.py:3947} INFO - Setting next_dagrun for example_subdag_operator to 2022-01-01 00:00:00+00:00, run_after=2022-01-01 00:00:00+00:00
[2025-01-09T14:42:12.539+0000] {logging_mixin.py:188} INFO - [2025-01-09T14:42:12.538+0000] {dag.py:3947} INFO - Setting next_dagrun for example_subdag_operator.section-1 to None, run_after=None
[2025-01-09T14:42:12.545+0000] {logging_mixin.py:188} INFO - [2025-01-09T14:42:12.544+0000] {dag.py:3947} INFO - Setting next_dagrun for example_subdag_operator.section-2 to None, run_after=None
[2025-01-09T14:42:12.637+0000] {logging_mixin.py:188} INFO - [2025-01-09T14:42:12.636+0000] {dag.py:3089} INFO - Sync 2 DAGs
[2025-01-09T14:42:12.674+0000] {logging_mixin.py:188} INFO - [2025-01-09T14:42:12.673+0000] {dag.py:3947} INFO - Setting next_dagrun for example_subdag_operator.section-1 to None, run_after=None
[2025-01-09T14:42:12.676+0000] {logging_mixin.py:188} INFO - [2025-01-09T14:42:12.675+0000] {dag.py:3947} INFO - Setting next_dagrun for example_subdag_operator.section-2 to None, run_after=None
[2025-01-09T14:42:12.740+0000] {processor.py:183} INFO - Processing /home/airflow/.local/lib/python3.12/site-packages/airflow/example_dags/example_subdag_operator.py took 0.548 seconds
[2025-01-09T14:42:56.066+0000] {processor.py:161} INFO - Started process (PID=487) to work on /home/airflow/.local/lib/python3.12/site-packages/airflow/example_dags/example_subdag_operator.py
[2025-01-09T14:42:56.088+0000] {processor.py:830} INFO - Processing file /home/airflow/.local/lib/python3.12/site-packages/airflow/example_dags/example_subdag_operator.py for tasks to queue
[2025-01-09T14:42:56.127+0000] {logging_mixin.py:188} INFO - [2025-01-09T14:42:56.105+0000] {dagbag.py:545} INFO - Filling up the DagBag from /home/airflow/.local/lib/python3.12/site-packages/airflow/example_dags/example_subdag_operator.py
[2025-01-09T14:42:56.627+0000] {processor.py:840} INFO - DAG(s) 'example_subdag_operator.section-1', 'example_subdag_operator.section-2', 'example_subdag_operator' retrieved from /home/airflow/.local/lib/python3.12/site-packages/airflow/example_dags/example_subdag_operator.py
[2025-01-09T14:42:56.926+0000] {logging_mixin.py:188} INFO - [2025-01-09T14:42:56.924+0000] {dag.py:3089} INFO - Sync 3 DAGs
[2025-01-09T14:42:57.278+0000] {logging_mixin.py:188} INFO - [2025-01-09T14:42:57.277+0000] {dag.py:3947} INFO - Setting next_dagrun for example_subdag_operator to 2022-01-01 00:00:00+00:00, run_after=2022-01-01 00:00:00+00:00
[2025-01-09T14:42:57.356+0000] {logging_mixin.py:188} INFO - [2025-01-09T14:42:57.355+0000] {dag.py:3947} INFO - Setting next_dagrun for example_subdag_operator.section-1 to None, run_after=None
[2025-01-09T14:42:57.373+0000] {logging_mixin.py:188} INFO - [2025-01-09T14:42:57.372+0000] {dag.py:3947} INFO - Setting next_dagrun for example_subdag_operator.section-2 to None, run_after=None
[2025-01-09T14:42:57.516+0000] {logging_mixin.py:188} INFO - [2025-01-09T14:42:57.515+0000] {dag.py:3089} INFO - Sync 2 DAGs
[2025-01-09T14:42:57.616+0000] {logging_mixin.py:188} INFO - [2025-01-09T14:42:57.616+0000] {dag.py:3947} INFO - Setting next_dagrun for example_subdag_operator.section-1 to None, run_after=None
[2025-01-09T14:42:57.617+0000] {logging_mixin.py:188} INFO - [2025-01-09T14:42:57.617+0000] {dag.py:3947} INFO - Setting next_dagrun for example_subdag_operator.section-2 to None, run_after=None
[2025-01-09T14:42:57.782+0000] {processor.py:183} INFO - Processing /home/airflow/.local/lib/python3.12/site-packages/airflow/example_dags/example_subdag_operator.py took 1.792 seconds
[2025-01-09T14:43:40.836+0000] {processor.py:161} INFO - Started process (PID=548) to work on /home/airflow/.local/lib/python3.12/site-packages/airflow/example_dags/example_subdag_operator.py
[2025-01-09T14:43:40.845+0000] {processor.py:830} INFO - Processing file /home/airflow/.local/lib/python3.12/site-packages/airflow/example_dags/example_subdag_operator.py for tasks to queue
[2025-01-09T14:43:40.852+0000] {logging_mixin.py:188} INFO - [2025-01-09T14:43:40.848+0000] {dagbag.py:545} INFO - Filling up the DagBag from /home/airflow/.local/lib/python3.12/site-packages/airflow/example_dags/example_subdag_operator.py
[2025-01-09T14:43:41.343+0000] {processor.py:840} INFO - DAG(s) 'example_subdag_operator.section-1', 'example_subdag_operator.section-2', 'example_subdag_operator' retrieved from /home/airflow/.local/lib/python3.12/site-packages/airflow/example_dags/example_subdag_operator.py
[2025-01-09T14:43:41.636+0000] {logging_mixin.py:188} INFO - [2025-01-09T14:43:41.635+0000] {dag.py:3089} INFO - Sync 3 DAGs
[2025-01-09T14:43:41.838+0000] {logging_mixin.py:188} INFO - [2025-01-09T14:43:41.837+0000] {dag.py:3947} INFO - Setting next_dagrun for example_subdag_operator to 2022-01-01 00:00:00+00:00, run_after=2022-01-01 00:00:00+00:00
[2025-01-09T14:43:41.876+0000] {logging_mixin.py:188} INFO - [2025-01-09T14:43:41.876+0000] {dag.py:3947} INFO - Setting next_dagrun for example_subdag_operator.section-1 to None, run_after=None
[2025-01-09T14:43:41.890+0000] {logging_mixin.py:188} INFO - [2025-01-09T14:43:41.889+0000] {dag.py:3947} INFO - Setting next_dagrun for example_subdag_operator.section-2 to None, run_after=None
[2025-01-09T14:43:41.983+0000] {logging_mixin.py:188} INFO - [2025-01-09T14:43:41.982+0000] {dag.py:3089} INFO - Sync 2 DAGs
[2025-01-09T14:43:42.051+0000] {logging_mixin.py:188} INFO - [2025-01-09T14:43:42.051+0000] {dag.py:3947} INFO - Setting next_dagrun for example_subdag_operator.section-1 to None, run_after=None
[2025-01-09T14:43:42.054+0000] {logging_mixin.py:188} INFO - [2025-01-09T14:43:42.052+0000] {dag.py:3947} INFO - Setting next_dagrun for example_subdag_operator.section-2 to None, run_after=None
[2025-01-09T14:43:42.139+0000] {processor.py:183} INFO - Processing /home/airflow/.local/lib/python3.12/site-packages/airflow/example_dags/example_subdag_operator.py took 1.483 seconds
[2025-01-09T14:44:13.212+0000] {processor.py:161} INFO - Started process (PID=609) to work on /home/airflow/.local/lib/python3.12/site-packages/airflow/example_dags/example_subdag_operator.py
[2025-01-09T14:44:13.219+0000] {processor.py:830} INFO - Processing file /home/airflow/.local/lib/python3.12/site-packages/airflow/example_dags/example_subdag_operator.py for tasks to queue
[2025-01-09T14:44:13.228+0000] {logging_mixin.py:188} INFO - [2025-01-09T14:44:13.227+0000] {dagbag.py:545} INFO - Filling up the DagBag from /home/airflow/.local/lib/python3.12/site-packages/airflow/example_dags/example_subdag_operator.py
[2025-01-09T14:44:13.331+0000] {processor.py:840} INFO - DAG(s) 'example_subdag_operator.section-1', 'example_subdag_operator.section-2', 'example_subdag_operator' retrieved from /home/airflow/.local/lib/python3.12/site-packages/airflow/example_dags/example_subdag_operator.py
[2025-01-09T14:44:13.396+0000] {logging_mixin.py:188} INFO - [2025-01-09T14:44:13.395+0000] {dag.py:3089} INFO - Sync 3 DAGs
[2025-01-09T14:44:13.481+0000] {logging_mixin.py:188} INFO - [2025-01-09T14:44:13.480+0000] {dag.py:3947} INFO - Setting next_dagrun for example_subdag_operator to 2022-01-01 00:00:00+00:00, run_after=2022-01-01 00:00:00+00:00
[2025-01-09T14:44:13.510+0000] {logging_mixin.py:188} INFO - [2025-01-09T14:44:13.508+0000] {dag.py:3947} INFO - Setting next_dagrun for example_subdag_operator.section-1 to None, run_after=None
[2025-01-09T14:44:13.515+0000] {logging_mixin.py:188} INFO - [2025-01-09T14:44:13.514+0000] {dag.py:3947} INFO - Setting next_dagrun for example_subdag_operator.section-2 to None, run_after=None
[2025-01-09T14:44:13.548+0000] {logging_mixin.py:188} INFO - [2025-01-09T14:44:13.547+0000] {dag.py:3089} INFO - Sync 2 DAGs
[2025-01-09T14:44:13.599+0000] {logging_mixin.py:188} INFO - [2025-01-09T14:44:13.598+0000] {dag.py:3947} INFO - Setting next_dagrun for example_subdag_operator.section-1 to None, run_after=None
[2025-01-09T14:44:13.600+0000] {logging_mixin.py:188} INFO - [2025-01-09T14:44:13.600+0000] {dag.py:3947} INFO - Setting next_dagrun for example_subdag_operator.section-2 to None, run_after=None
[2025-01-09T14:44:13.657+0000] {processor.py:183} INFO - Processing /home/airflow/.local/lib/python3.12/site-packages/airflow/example_dags/example_subdag_operator.py took 0.505 seconds
[2025-01-09T14:44:47.623+0000] {processor.py:161} INFO - Started process (PID=658) to work on /home/airflow/.local/lib/python3.12/site-packages/airflow/example_dags/example_subdag_operator.py
[2025-01-09T14:44:47.636+0000] {processor.py:830} INFO - Processing file /home/airflow/.local/lib/python3.12/site-packages/airflow/example_dags/example_subdag_operator.py for tasks to queue
[2025-01-09T14:44:47.655+0000] {logging_mixin.py:188} INFO - [2025-01-09T14:44:47.638+0000] {dagbag.py:545} INFO - Filling up the DagBag from /home/airflow/.local/lib/python3.12/site-packages/airflow/example_dags/example_subdag_operator.py
[2025-01-09T14:44:47.917+0000] {processor.py:840} INFO - DAG(s) 'example_subdag_operator.section-1', 'example_subdag_operator.section-2', 'example_subdag_operator' retrieved from /home/airflow/.local/lib/python3.12/site-packages/airflow/example_dags/example_subdag_operator.py
[2025-01-09T14:44:48.114+0000] {logging_mixin.py:188} INFO - [2025-01-09T14:44:48.113+0000] {dag.py:3089} INFO - Sync 3 DAGs
[2025-01-09T14:44:48.364+0000] {logging_mixin.py:188} INFO - [2025-01-09T14:44:48.364+0000] {dag.py:3947} INFO - Setting next_dagrun for example_subdag_operator to 2022-01-01 00:00:00+00:00, run_after=2022-01-01 00:00:00+00:00
[2025-01-09T14:44:48.436+0000] {logging_mixin.py:188} INFO - [2025-01-09T14:44:48.428+0000] {dag.py:3947} INFO - Setting next_dagrun for example_subdag_operator.section-1 to None, run_after=None
[2025-01-09T14:44:48.454+0000] {logging_mixin.py:188} INFO - [2025-01-09T14:44:48.452+0000] {dag.py:3947} INFO - Setting next_dagrun for example_subdag_operator.section-2 to None, run_after=None
[2025-01-09T14:44:48.591+0000] {logging_mixin.py:188} INFO - [2025-01-09T14:44:48.590+0000] {dag.py:3089} INFO - Sync 2 DAGs
[2025-01-09T14:44:48.701+0000] {logging_mixin.py:188} INFO - [2025-01-09T14:44:48.701+0000] {dag.py:3947} INFO - Setting next_dagrun for example_subdag_operator.section-1 to None, run_after=None
[2025-01-09T14:44:48.705+0000] {logging_mixin.py:188} INFO - [2025-01-09T14:44:48.704+0000] {dag.py:3947} INFO - Setting next_dagrun for example_subdag_operator.section-2 to None, run_after=None
[2025-01-09T14:44:48.991+0000] {processor.py:183} INFO - Processing /home/airflow/.local/lib/python3.12/site-packages/airflow/example_dags/example_subdag_operator.py took 1.420 seconds
[2025-01-09T14:45:19.210+0000] {processor.py:161} INFO - Started process (PID=718) to work on /home/airflow/.local/lib/python3.12/site-packages/airflow/example_dags/example_subdag_operator.py
[2025-01-09T14:45:19.212+0000] {processor.py:830} INFO - Processing file /home/airflow/.local/lib/python3.12/site-packages/airflow/example_dags/example_subdag_operator.py for tasks to queue
[2025-01-09T14:45:19.215+0000] {logging_mixin.py:188} INFO - [2025-01-09T14:45:19.214+0000] {dagbag.py:545} INFO - Filling up the DagBag from /home/airflow/.local/lib/python3.12/site-packages/airflow/example_dags/example_subdag_operator.py
[2025-01-09T14:45:19.288+0000] {processor.py:840} INFO - DAG(s) 'example_subdag_operator.section-1', 'example_subdag_operator.section-2', 'example_subdag_operator' retrieved from /home/airflow/.local/lib/python3.12/site-packages/airflow/example_dags/example_subdag_operator.py
[2025-01-09T14:45:19.351+0000] {logging_mixin.py:188} INFO - [2025-01-09T14:45:19.350+0000] {dag.py:3089} INFO - Sync 3 DAGs
[2025-01-09T14:45:19.417+0000] {logging_mixin.py:188} INFO - [2025-01-09T14:45:19.417+0000] {dag.py:3947} INFO - Setting next_dagrun for example_subdag_operator to 2022-01-01 00:00:00+00:00, run_after=2022-01-01 00:00:00+00:00
[2025-01-09T14:45:19.431+0000] {logging_mixin.py:188} INFO - [2025-01-09T14:45:19.430+0000] {dag.py:3947} INFO - Setting next_dagrun for example_subdag_operator.section-1 to None, run_after=None
[2025-01-09T14:45:19.435+0000] {logging_mixin.py:188} INFO - [2025-01-09T14:45:19.434+0000] {dag.py:3947} INFO - Setting next_dagrun for example_subdag_operator.section-2 to None, run_after=None
[2025-01-09T14:45:19.450+0000] {logging_mixin.py:188} INFO - [2025-01-09T14:45:19.449+0000] {dag.py:3089} INFO - Sync 2 DAGs
[2025-01-09T14:45:19.465+0000] {logging_mixin.py:188} INFO - [2025-01-09T14:45:19.465+0000] {dag.py:3947} INFO - Setting next_dagrun for example_subdag_operator.section-1 to None, run_after=None
[2025-01-09T14:45:19.467+0000] {logging_mixin.py:188} INFO - [2025-01-09T14:45:19.466+0000] {dag.py:3947} INFO - Setting next_dagrun for example_subdag_operator.section-2 to None, run_after=None
[2025-01-09T14:45:19.501+0000] {processor.py:183} INFO - Processing /home/airflow/.local/lib/python3.12/site-packages/airflow/example_dags/example_subdag_operator.py took 0.305 seconds
[2025-01-09T14:45:49.830+0000] {processor.py:161} INFO - Started process (PID=778) to work on /home/airflow/.local/lib/python3.12/site-packages/airflow/example_dags/example_subdag_operator.py
[2025-01-09T14:45:49.833+0000] {processor.py:830} INFO - Processing file /home/airflow/.local/lib/python3.12/site-packages/airflow/example_dags/example_subdag_operator.py for tasks to queue
[2025-01-09T14:45:49.837+0000] {logging_mixin.py:188} INFO - [2025-01-09T14:45:49.835+0000] {dagbag.py:545} INFO - Filling up the DagBag from /home/airflow/.local/lib/python3.12/site-packages/airflow/example_dags/example_subdag_operator.py
[2025-01-09T14:45:49.907+0000] {processor.py:840} INFO - DAG(s) 'example_subdag_operator.section-1', 'example_subdag_operator.section-2', 'example_subdag_operator' retrieved from /home/airflow/.local/lib/python3.12/site-packages/airflow/example_dags/example_subdag_operator.py
[2025-01-09T14:45:49.956+0000] {logging_mixin.py:188} INFO - [2025-01-09T14:45:49.956+0000] {dag.py:3089} INFO - Sync 3 DAGs
[2025-01-09T14:45:50.069+0000] {logging_mixin.py:188} INFO - [2025-01-09T14:45:50.068+0000] {dag.py:3947} INFO - Setting next_dagrun for example_subdag_operator to 2022-01-01 00:00:00+00:00, run_after=2022-01-01 00:00:00+00:00
[2025-01-09T14:45:50.084+0000] {logging_mixin.py:188} INFO - [2025-01-09T14:45:50.084+0000] {dag.py:3947} INFO - Setting next_dagrun for example_subdag_operator.section-1 to None, run_after=None
[2025-01-09T14:45:50.089+0000] {logging_mixin.py:188} INFO - [2025-01-09T14:45:50.088+0000] {dag.py:3947} INFO - Setting next_dagrun for example_subdag_operator.section-2 to None, run_after=None
[2025-01-09T14:45:50.118+0000] {logging_mixin.py:188} INFO - [2025-01-09T14:45:50.117+0000] {dag.py:3089} INFO - Sync 2 DAGs
[2025-01-09T14:45:50.145+0000] {logging_mixin.py:188} INFO - [2025-01-09T14:45:50.139+0000] {dag.py:3947} INFO - Setting next_dagrun for example_subdag_operator.section-1 to None, run_after=None
[2025-01-09T14:45:50.147+0000] {logging_mixin.py:188} INFO - [2025-01-09T14:45:50.146+0000] {dag.py:3947} INFO - Setting next_dagrun for example_subdag_operator.section-2 to None, run_after=None
[2025-01-09T14:45:50.206+0000] {processor.py:183} INFO - Processing /home/airflow/.local/lib/python3.12/site-packages/airflow/example_dags/example_subdag_operator.py took 0.409 seconds
[2025-01-09T14:46:20.325+0000] {processor.py:161} INFO - Started process (PID=838) to work on /home/airflow/.local/lib/python3.12/site-packages/airflow/example_dags/example_subdag_operator.py
[2025-01-09T14:46:20.327+0000] {processor.py:830} INFO - Processing file /home/airflow/.local/lib/python3.12/site-packages/airflow/example_dags/example_subdag_operator.py for tasks to queue
[2025-01-09T14:46:20.328+0000] {logging_mixin.py:188} INFO - [2025-01-09T14:46:20.328+0000] {dagbag.py:545} INFO - Filling up the DagBag from /home/airflow/.local/lib/python3.12/site-packages/airflow/example_dags/example_subdag_operator.py
[2025-01-09T14:46:20.386+0000] {processor.py:840} INFO - DAG(s) 'example_subdag_operator.section-1', 'example_subdag_operator.section-2', 'example_subdag_operator' retrieved from /home/airflow/.local/lib/python3.12/site-packages/airflow/example_dags/example_subdag_operator.py
[2025-01-09T14:46:20.425+0000] {logging_mixin.py:188} INFO - [2025-01-09T14:46:20.425+0000] {dag.py:3089} INFO - Sync 3 DAGs
[2025-01-09T14:46:20.476+0000] {logging_mixin.py:188} INFO - [2025-01-09T14:46:20.476+0000] {dag.py:3947} INFO - Setting next_dagrun for example_subdag_operator to 2022-01-01 00:00:00+00:00, run_after=2022-01-01 00:00:00+00:00
[2025-01-09T14:46:20.487+0000] {logging_mixin.py:188} INFO - [2025-01-09T14:46:20.487+0000] {dag.py:3947} INFO - Setting next_dagrun for example_subdag_operator.section-1 to None, run_after=None
[2025-01-09T14:46:20.491+0000] {logging_mixin.py:188} INFO - [2025-01-09T14:46:20.491+0000] {dag.py:3947} INFO - Setting next_dagrun for example_subdag_operator.section-2 to None, run_after=None
[2025-01-09T14:46:20.507+0000] {logging_mixin.py:188} INFO - [2025-01-09T14:46:20.506+0000] {dag.py:3089} INFO - Sync 2 DAGs
[2025-01-09T14:46:20.516+0000] {logging_mixin.py:188} INFO - [2025-01-09T14:46:20.516+0000] {dag.py:3947} INFO - Setting next_dagrun for example_subdag_operator.section-1 to None, run_after=None
[2025-01-09T14:46:20.517+0000] {logging_mixin.py:188} INFO - [2025-01-09T14:46:20.516+0000] {dag.py:3947} INFO - Setting next_dagrun for example_subdag_operator.section-2 to None, run_after=None
[2025-01-09T14:46:20.542+0000] {processor.py:183} INFO - Processing /home/airflow/.local/lib/python3.12/site-packages/airflow/example_dags/example_subdag_operator.py took 0.230 seconds
[2025-01-09T14:46:51.260+0000] {processor.py:161} INFO - Started process (PID=898) to work on /home/airflow/.local/lib/python3.12/site-packages/airflow/example_dags/example_subdag_operator.py
[2025-01-09T14:46:51.265+0000] {processor.py:830} INFO - Processing file /home/airflow/.local/lib/python3.12/site-packages/airflow/example_dags/example_subdag_operator.py for tasks to queue
[2025-01-09T14:46:51.273+0000] {logging_mixin.py:188} INFO - [2025-01-09T14:46:51.267+0000] {dagbag.py:545} INFO - Filling up the DagBag from /home/airflow/.local/lib/python3.12/site-packages/airflow/example_dags/example_subdag_operator.py
[2025-01-09T14:46:51.454+0000] {processor.py:840} INFO - DAG(s) 'example_subdag_operator.section-1', 'example_subdag_operator.section-2', 'example_subdag_operator' retrieved from /home/airflow/.local/lib/python3.12/site-packages/airflow/example_dags/example_subdag_operator.py
[2025-01-09T14:46:51.567+0000] {logging_mixin.py:188} INFO - [2025-01-09T14:46:51.566+0000] {dag.py:3089} INFO - Sync 3 DAGs
[2025-01-09T14:46:51.722+0000] {logging_mixin.py:188} INFO - [2025-01-09T14:46:51.721+0000] {dag.py:3947} INFO - Setting next_dagrun for example_subdag_operator to 2022-01-01 00:00:00+00:00, run_after=2022-01-01 00:00:00+00:00
[2025-01-09T14:46:51.751+0000] {logging_mixin.py:188} INFO - [2025-01-09T14:46:51.750+0000] {dag.py:3947} INFO - Setting next_dagrun for example_subdag_operator.section-1 to None, run_after=None
[2025-01-09T14:46:51.758+0000] {logging_mixin.py:188} INFO - [2025-01-09T14:46:51.757+0000] {dag.py:3947} INFO - Setting next_dagrun for example_subdag_operator.section-2 to None, run_after=None
[2025-01-09T14:46:51.800+0000] {logging_mixin.py:188} INFO - [2025-01-09T14:46:51.799+0000] {dag.py:3089} INFO - Sync 2 DAGs
[2025-01-09T14:46:51.841+0000] {logging_mixin.py:188} INFO - [2025-01-09T14:46:51.840+0000] {dag.py:3947} INFO - Setting next_dagrun for example_subdag_operator.section-1 to None, run_after=None
[2025-01-09T14:46:51.845+0000] {logging_mixin.py:188} INFO - [2025-01-09T14:46:51.843+0000] {dag.py:3947} INFO - Setting next_dagrun for example_subdag_operator.section-2 to None, run_after=None
[2025-01-09T14:46:51.943+0000] {processor.py:183} INFO - Processing /home/airflow/.local/lib/python3.12/site-packages/airflow/example_dags/example_subdag_operator.py took 0.715 seconds
[2025-01-09T14:47:22.085+0000] {processor.py:161} INFO - Started process (PID=958) to work on /home/airflow/.local/lib/python3.12/site-packages/airflow/example_dags/example_subdag_operator.py
[2025-01-09T14:47:22.087+0000] {processor.py:830} INFO - Processing file /home/airflow/.local/lib/python3.12/site-packages/airflow/example_dags/example_subdag_operator.py for tasks to queue
[2025-01-09T14:47:22.090+0000] {logging_mixin.py:188} INFO - [2025-01-09T14:47:22.089+0000] {dagbag.py:545} INFO - Filling up the DagBag from /home/airflow/.local/lib/python3.12/site-packages/airflow/example_dags/example_subdag_operator.py
[2025-01-09T14:47:22.166+0000] {processor.py:840} INFO - DAG(s) 'example_subdag_operator.section-1', 'example_subdag_operator.section-2', 'example_subdag_operator' retrieved from /home/airflow/.local/lib/python3.12/site-packages/airflow/example_dags/example_subdag_operator.py
[2025-01-09T14:47:22.214+0000] {logging_mixin.py:188} INFO - [2025-01-09T14:47:22.214+0000] {dag.py:3089} INFO - Sync 3 DAGs
[2025-01-09T14:47:22.269+0000] {logging_mixin.py:188} INFO - [2025-01-09T14:47:22.269+0000] {dag.py:3947} INFO - Setting next_dagrun for example_subdag_operator to 2022-01-01 00:00:00+00:00, run_after=2022-01-01 00:00:00+00:00
[2025-01-09T14:47:22.280+0000] {logging_mixin.py:188} INFO - [2025-01-09T14:47:22.280+0000] {dag.py:3947} INFO - Setting next_dagrun for example_subdag_operator.section-1 to None, run_after=None
[2025-01-09T14:47:22.284+0000] {logging_mixin.py:188} INFO - [2025-01-09T14:47:22.284+0000] {dag.py:3947} INFO - Setting next_dagrun for example_subdag_operator.section-2 to None, run_after=None
[2025-01-09T14:47:22.306+0000] {logging_mixin.py:188} INFO - [2025-01-09T14:47:22.306+0000] {dag.py:3089} INFO - Sync 2 DAGs
[2025-01-09T14:47:22.321+0000] {logging_mixin.py:188} INFO - [2025-01-09T14:47:22.320+0000] {dag.py:3947} INFO - Setting next_dagrun for example_subdag_operator.section-1 to None, run_after=None
[2025-01-09T14:47:22.322+0000] {logging_mixin.py:188} INFO - [2025-01-09T14:47:22.321+0000] {dag.py:3947} INFO - Setting next_dagrun for example_subdag_operator.section-2 to None, run_after=None
[2025-01-09T14:47:22.353+0000] {processor.py:183} INFO - Processing /home/airflow/.local/lib/python3.12/site-packages/airflow/example_dags/example_subdag_operator.py took 0.289 seconds
[2025-01-09T14:47:52.794+0000] {processor.py:161} INFO - Started process (PID=1017) to work on /home/airflow/.local/lib/python3.12/site-packages/airflow/example_dags/example_subdag_operator.py
[2025-01-09T14:47:52.796+0000] {processor.py:830} INFO - Processing file /home/airflow/.local/lib/python3.12/site-packages/airflow/example_dags/example_subdag_operator.py for tasks to queue
[2025-01-09T14:47:52.797+0000] {logging_mixin.py:188} INFO - [2025-01-09T14:47:52.797+0000] {dagbag.py:545} INFO - Filling up the DagBag from /home/airflow/.local/lib/python3.12/site-packages/airflow/example_dags/example_subdag_operator.py
[2025-01-09T14:47:52.847+0000] {processor.py:840} INFO - DAG(s) 'example_subdag_operator.section-1', 'example_subdag_operator.section-2', 'example_subdag_operator' retrieved from /home/airflow/.local/lib/python3.12/site-packages/airflow/example_dags/example_subdag_operator.py
[2025-01-09T14:47:52.877+0000] {logging_mixin.py:188} INFO - [2025-01-09T14:47:52.876+0000] {dag.py:3089} INFO - Sync 3 DAGs
[2025-01-09T14:47:52.920+0000] {logging_mixin.py:188} INFO - [2025-01-09T14:47:52.920+0000] {dag.py:3947} INFO - Setting next_dagrun for example_subdag_operator to 2022-01-01 00:00:00+00:00, run_after=2022-01-01 00:00:00+00:00
[2025-01-09T14:47:52.928+0000] {logging_mixin.py:188} INFO - [2025-01-09T14:47:52.928+0000] {dag.py:3947} INFO - Setting next_dagrun for example_subdag_operator.section-1 to None, run_after=None
[2025-01-09T14:47:52.931+0000] {logging_mixin.py:188} INFO - [2025-01-09T14:47:52.930+0000] {dag.py:3947} INFO - Setting next_dagrun for example_subdag_operator.section-2 to None, run_after=None
[2025-01-09T14:47:52.947+0000] {logging_mixin.py:188} INFO - [2025-01-09T14:47:52.946+0000] {dag.py:3089} INFO - Sync 2 DAGs
[2025-01-09T14:47:52.963+0000] {logging_mixin.py:188} INFO - [2025-01-09T14:47:52.963+0000] {dag.py:3947} INFO - Setting next_dagrun for example_subdag_operator.section-1 to None, run_after=None
[2025-01-09T14:47:52.965+0000] {logging_mixin.py:188} INFO - [2025-01-09T14:47:52.964+0000] {dag.py:3947} INFO - Setting next_dagrun for example_subdag_operator.section-2 to None, run_after=None
[2025-01-09T14:47:52.991+0000] {processor.py:183} INFO - Processing /home/airflow/.local/lib/python3.12/site-packages/airflow/example_dags/example_subdag_operator.py took 0.211 seconds
[2025-01-09T14:48:23.897+0000] {processor.py:161} INFO - Started process (PID=1077) to work on /home/airflow/.local/lib/python3.12/site-packages/airflow/example_dags/example_subdag_operator.py
[2025-01-09T14:48:23.899+0000] {processor.py:830} INFO - Processing file /home/airflow/.local/lib/python3.12/site-packages/airflow/example_dags/example_subdag_operator.py for tasks to queue
[2025-01-09T14:48:23.902+0000] {logging_mixin.py:188} INFO - [2025-01-09T14:48:23.901+0000] {dagbag.py:545} INFO - Filling up the DagBag from /home/airflow/.local/lib/python3.12/site-packages/airflow/example_dags/example_subdag_operator.py
[2025-01-09T14:48:23.964+0000] {processor.py:840} INFO - DAG(s) 'example_subdag_operator.section-1', 'example_subdag_operator.section-2', 'example_subdag_operator' retrieved from /home/airflow/.local/lib/python3.12/site-packages/airflow/example_dags/example_subdag_operator.py
[2025-01-09T14:48:24.016+0000] {logging_mixin.py:188} INFO - [2025-01-09T14:48:24.016+0000] {dag.py:3089} INFO - Sync 3 DAGs
[2025-01-09T14:48:24.097+0000] {logging_mixin.py:188} INFO - [2025-01-09T14:48:24.097+0000] {dag.py:3947} INFO - Setting next_dagrun for example_subdag_operator to 2022-01-01 00:00:00+00:00, run_after=2022-01-01 00:00:00+00:00
[2025-01-09T14:48:24.110+0000] {logging_mixin.py:188} INFO - [2025-01-09T14:48:24.110+0000] {dag.py:3947} INFO - Setting next_dagrun for example_subdag_operator.section-1 to None, run_after=None
[2025-01-09T14:48:24.115+0000] {logging_mixin.py:188} INFO - [2025-01-09T14:48:24.114+0000] {dag.py:3947} INFO - Setting next_dagrun for example_subdag_operator.section-2 to None, run_after=None
[2025-01-09T14:48:24.140+0000] {logging_mixin.py:188} INFO - [2025-01-09T14:48:24.139+0000] {dag.py:3089} INFO - Sync 2 DAGs
[2025-01-09T14:48:24.153+0000] {logging_mixin.py:188} INFO - [2025-01-09T14:48:24.152+0000] {dag.py:3947} INFO - Setting next_dagrun for example_subdag_operator.section-1 to None, run_after=None
[2025-01-09T14:48:24.154+0000] {logging_mixin.py:188} INFO - [2025-01-09T14:48:24.154+0000] {dag.py:3947} INFO - Setting next_dagrun for example_subdag_operator.section-2 to None, run_after=None
[2025-01-09T14:48:24.190+0000] {processor.py:183} INFO - Processing /home/airflow/.local/lib/python3.12/site-packages/airflow/example_dags/example_subdag_operator.py took 0.322 seconds
[2025-01-09T14:48:54.587+0000] {processor.py:161} INFO - Started process (PID=1137) to work on /home/airflow/.local/lib/python3.12/site-packages/airflow/example_dags/example_subdag_operator.py
[2025-01-09T14:48:54.589+0000] {processor.py:830} INFO - Processing file /home/airflow/.local/lib/python3.12/site-packages/airflow/example_dags/example_subdag_operator.py for tasks to queue
[2025-01-09T14:48:54.591+0000] {logging_mixin.py:188} INFO - [2025-01-09T14:48:54.590+0000] {dagbag.py:545} INFO - Filling up the DagBag from /home/airflow/.local/lib/python3.12/site-packages/airflow/example_dags/example_subdag_operator.py
[2025-01-09T14:48:54.644+0000] {processor.py:840} INFO - DAG(s) 'example_subdag_operator.section-1', 'example_subdag_operator.section-2', 'example_subdag_operator' retrieved from /home/airflow/.local/lib/python3.12/site-packages/airflow/example_dags/example_subdag_operator.py
[2025-01-09T14:48:54.685+0000] {logging_mixin.py:188} INFO - [2025-01-09T14:48:54.684+0000] {dag.py:3089} INFO - Sync 3 DAGs
[2025-01-09T14:48:54.750+0000] {logging_mixin.py:188} INFO - [2025-01-09T14:48:54.749+0000] {dag.py:3947} INFO - Setting next_dagrun for example_subdag_operator to 2022-01-01 00:00:00+00:00, run_after=2022-01-01 00:00:00+00:00
[2025-01-09T14:48:54.761+0000] {logging_mixin.py:188} INFO - [2025-01-09T14:48:54.760+0000] {dag.py:3947} INFO - Setting next_dagrun for example_subdag_operator.section-1 to None, run_after=None
[2025-01-09T14:48:54.764+0000] {logging_mixin.py:188} INFO - [2025-01-09T14:48:54.764+0000] {dag.py:3947} INFO - Setting next_dagrun for example_subdag_operator.section-2 to None, run_after=None
[2025-01-09T14:48:54.783+0000] {logging_mixin.py:188} INFO - [2025-01-09T14:48:54.782+0000] {dag.py:3089} INFO - Sync 2 DAGs
[2025-01-09T14:48:54.799+0000] {logging_mixin.py:188} INFO - [2025-01-09T14:48:54.798+0000] {dag.py:3947} INFO - Setting next_dagrun for example_subdag_operator.section-1 to None, run_after=None
[2025-01-09T14:48:54.800+0000] {logging_mixin.py:188} INFO - [2025-01-09T14:48:54.800+0000] {dag.py:3947} INFO - Setting next_dagrun for example_subdag_operator.section-2 to None, run_after=None
[2025-01-09T14:48:54.819+0000] {processor.py:183} INFO - Processing /home/airflow/.local/lib/python3.12/site-packages/airflow/example_dags/example_subdag_operator.py took 0.251 seconds
