[2025-01-09T14:38:38.064+0000] {processor.py:161} INFO - Started process (PID=62) to work on /home/airflow/.local/lib/python3.12/site-packages/airflow/example_dags/tutorial_dag.py
[2025-01-09T14:38:38.067+0000] {processor.py:830} INFO - Processing file /home/airflow/.local/lib/python3.12/site-packages/airflow/example_dags/tutorial_dag.py for tasks to queue
[2025-01-09T14:38:38.074+0000] {logging_mixin.py:188} INFO - [2025-01-09T14:38:38.073+0000] {dagbag.py:545} INFO - Filling up the DagBag from /home/airflow/.local/lib/python3.12/site-packages/airflow/example_dags/tutorial_dag.py
[2025-01-09T14:38:38.346+0000] {processor.py:840} INFO - DAG(s) 'tutorial_dag' retrieved from /home/airflow/.local/lib/python3.12/site-packages/airflow/example_dags/tutorial_dag.py
[2025-01-09T14:38:38.444+0000] {logging_mixin.py:188} INFO - [2025-01-09T14:38:38.443+0000] {dag.py:3089} INFO - Sync 1 DAGs
[2025-01-09T14:38:38.475+0000] {logging_mixin.py:188} INFO - [2025-01-09T14:38:38.474+0000] {dag.py:3947} INFO - Setting next_dagrun for tutorial_dag to None, run_after=None
[2025-01-09T14:38:38.528+0000] {processor.py:183} INFO - Processing /home/airflow/.local/lib/python3.12/site-packages/airflow/example_dags/tutorial_dag.py took 0.488 seconds
[2025-01-09T14:39:23.996+0000] {processor.py:161} INFO - Started process (PID=128) to work on /home/airflow/.local/lib/python3.12/site-packages/airflow/example_dags/tutorial_dag.py
[2025-01-09T14:39:24.007+0000] {processor.py:830} INFO - Processing file /home/airflow/.local/lib/python3.12/site-packages/airflow/example_dags/tutorial_dag.py for tasks to queue
[2025-01-09T14:39:24.010+0000] {logging_mixin.py:188} INFO - [2025-01-09T14:39:24.008+0000] {dagbag.py:545} INFO - Filling up the DagBag from /home/airflow/.local/lib/python3.12/site-packages/airflow/example_dags/tutorial_dag.py
[2025-01-09T14:39:24.039+0000] {processor.py:840} INFO - DAG(s) 'tutorial_dag' retrieved from /home/airflow/.local/lib/python3.12/site-packages/airflow/example_dags/tutorial_dag.py
[2025-01-09T14:39:24.214+0000] {logging_mixin.py:188} INFO - [2025-01-09T14:39:24.214+0000] {dag.py:3089} INFO - Sync 1 DAGs
[2025-01-09T14:39:24.323+0000] {logging_mixin.py:188} INFO - [2025-01-09T14:39:24.323+0000] {dag.py:3947} INFO - Setting next_dagrun for tutorial_dag to None, run_after=None
[2025-01-09T14:39:24.411+0000] {processor.py:183} INFO - Processing /home/airflow/.local/lib/python3.12/site-packages/airflow/example_dags/tutorial_dag.py took 0.454 seconds
[2025-01-09T14:39:54.996+0000] {processor.py:161} INFO - Started process (PID=188) to work on /home/airflow/.local/lib/python3.12/site-packages/airflow/example_dags/tutorial_dag.py
[2025-01-09T14:39:54.999+0000] {processor.py:830} INFO - Processing file /home/airflow/.local/lib/python3.12/site-packages/airflow/example_dags/tutorial_dag.py for tasks to queue
[2025-01-09T14:39:55.001+0000] {logging_mixin.py:188} INFO - [2025-01-09T14:39:55.000+0000] {dagbag.py:545} INFO - Filling up the DagBag from /home/airflow/.local/lib/python3.12/site-packages/airflow/example_dags/tutorial_dag.py
[2025-01-09T14:39:55.016+0000] {processor.py:840} INFO - DAG(s) 'tutorial_dag' retrieved from /home/airflow/.local/lib/python3.12/site-packages/airflow/example_dags/tutorial_dag.py
[2025-01-09T14:39:55.087+0000] {logging_mixin.py:188} INFO - [2025-01-09T14:39:55.086+0000] {dag.py:3089} INFO - Sync 1 DAGs
[2025-01-09T14:39:55.123+0000] {logging_mixin.py:188} INFO - [2025-01-09T14:39:55.122+0000] {dag.py:3947} INFO - Setting next_dagrun for tutorial_dag to None, run_after=None
[2025-01-09T14:39:55.179+0000] {processor.py:183} INFO - Processing /home/airflow/.local/lib/python3.12/site-packages/airflow/example_dags/tutorial_dag.py took 0.202 seconds
[2025-01-09T14:40:25.807+0000] {processor.py:161} INFO - Started process (PID=249) to work on /home/airflow/.local/lib/python3.12/site-packages/airflow/example_dags/tutorial_dag.py
[2025-01-09T14:40:25.812+0000] {processor.py:830} INFO - Processing file /home/airflow/.local/lib/python3.12/site-packages/airflow/example_dags/tutorial_dag.py for tasks to queue
[2025-01-09T14:40:25.814+0000] {logging_mixin.py:188} INFO - [2025-01-09T14:40:25.813+0000] {dagbag.py:545} INFO - Filling up the DagBag from /home/airflow/.local/lib/python3.12/site-packages/airflow/example_dags/tutorial_dag.py
[2025-01-09T14:40:25.836+0000] {processor.py:840} INFO - DAG(s) 'tutorial_dag' retrieved from /home/airflow/.local/lib/python3.12/site-packages/airflow/example_dags/tutorial_dag.py
[2025-01-09T14:40:25.907+0000] {logging_mixin.py:188} INFO - [2025-01-09T14:40:25.906+0000] {dag.py:3089} INFO - Sync 1 DAGs
[2025-01-09T14:40:25.948+0000] {logging_mixin.py:188} INFO - [2025-01-09T14:40:25.948+0000] {dag.py:3947} INFO - Setting next_dagrun for tutorial_dag to None, run_after=None
[2025-01-09T14:40:26.005+0000] {processor.py:183} INFO - Processing /home/airflow/.local/lib/python3.12/site-packages/airflow/example_dags/tutorial_dag.py took 0.219 seconds
[2025-01-09T14:40:58.266+0000] {processor.py:161} INFO - Started process (PID=308) to work on /home/airflow/.local/lib/python3.12/site-packages/airflow/example_dags/tutorial_dag.py
[2025-01-09T14:40:58.269+0000] {processor.py:830} INFO - Processing file /home/airflow/.local/lib/python3.12/site-packages/airflow/example_dags/tutorial_dag.py for tasks to queue
[2025-01-09T14:40:58.271+0000] {logging_mixin.py:188} INFO - [2025-01-09T14:40:58.270+0000] {dagbag.py:545} INFO - Filling up the DagBag from /home/airflow/.local/lib/python3.12/site-packages/airflow/example_dags/tutorial_dag.py
[2025-01-09T14:40:58.288+0000] {processor.py:840} INFO - DAG(s) 'tutorial_dag' retrieved from /home/airflow/.local/lib/python3.12/site-packages/airflow/example_dags/tutorial_dag.py
[2025-01-09T14:40:58.368+0000] {logging_mixin.py:188} INFO - [2025-01-09T14:40:58.368+0000] {dag.py:3089} INFO - Sync 1 DAGs
[2025-01-09T14:40:58.429+0000] {logging_mixin.py:188} INFO - [2025-01-09T14:40:58.429+0000] {dag.py:3947} INFO - Setting next_dagrun for tutorial_dag to None, run_after=None
[2025-01-09T14:40:58.498+0000] {processor.py:183} INFO - Processing /home/airflow/.local/lib/python3.12/site-packages/airflow/example_dags/tutorial_dag.py took 0.247 seconds
[2025-01-09T14:41:29.777+0000] {processor.py:161} INFO - Started process (PID=368) to work on /home/airflow/.local/lib/python3.12/site-packages/airflow/example_dags/tutorial_dag.py
[2025-01-09T14:41:29.779+0000] {processor.py:830} INFO - Processing file /home/airflow/.local/lib/python3.12/site-packages/airflow/example_dags/tutorial_dag.py for tasks to queue
[2025-01-09T14:41:29.781+0000] {logging_mixin.py:188} INFO - [2025-01-09T14:41:29.780+0000] {dagbag.py:545} INFO - Filling up the DagBag from /home/airflow/.local/lib/python3.12/site-packages/airflow/example_dags/tutorial_dag.py
[2025-01-09T14:41:29.797+0000] {processor.py:840} INFO - DAG(s) 'tutorial_dag' retrieved from /home/airflow/.local/lib/python3.12/site-packages/airflow/example_dags/tutorial_dag.py
[2025-01-09T14:41:29.847+0000] {logging_mixin.py:188} INFO - [2025-01-09T14:41:29.847+0000] {dag.py:3089} INFO - Sync 1 DAGs
[2025-01-09T14:41:29.885+0000] {logging_mixin.py:188} INFO - [2025-01-09T14:41:29.884+0000] {dag.py:3947} INFO - Setting next_dagrun for tutorial_dag to None, run_after=None
[2025-01-09T14:41:29.936+0000] {processor.py:183} INFO - Processing /home/airflow/.local/lib/python3.12/site-packages/airflow/example_dags/tutorial_dag.py took 0.174 seconds
[2025-01-09T14:42:14.047+0000] {processor.py:161} INFO - Started process (PID=428) to work on /home/airflow/.local/lib/python3.12/site-packages/airflow/example_dags/tutorial_dag.py
[2025-01-09T14:42:14.050+0000] {processor.py:830} INFO - Processing file /home/airflow/.local/lib/python3.12/site-packages/airflow/example_dags/tutorial_dag.py for tasks to queue
[2025-01-09T14:42:14.055+0000] {logging_mixin.py:188} INFO - [2025-01-09T14:42:14.052+0000] {dagbag.py:545} INFO - Filling up the DagBag from /home/airflow/.local/lib/python3.12/site-packages/airflow/example_dags/tutorial_dag.py
[2025-01-09T14:42:14.074+0000] {processor.py:840} INFO - DAG(s) 'tutorial_dag' retrieved from /home/airflow/.local/lib/python3.12/site-packages/airflow/example_dags/tutorial_dag.py
[2025-01-09T14:42:14.144+0000] {logging_mixin.py:188} INFO - [2025-01-09T14:42:14.143+0000] {dag.py:3089} INFO - Sync 1 DAGs
[2025-01-09T14:42:14.197+0000] {logging_mixin.py:188} INFO - [2025-01-09T14:42:14.195+0000] {dag.py:3947} INFO - Setting next_dagrun for tutorial_dag to None, run_after=None
[2025-01-09T14:42:14.324+0000] {processor.py:183} INFO - Processing /home/airflow/.local/lib/python3.12/site-packages/airflow/example_dags/tutorial_dag.py took 0.302 seconds
[2025-01-09T14:43:07.568+0000] {processor.py:161} INFO - Started process (PID=497) to work on /home/airflow/.local/lib/python3.12/site-packages/airflow/example_dags/tutorial_dag.py
[2025-01-09T14:43:07.571+0000] {processor.py:830} INFO - Processing file /home/airflow/.local/lib/python3.12/site-packages/airflow/example_dags/tutorial_dag.py for tasks to queue
[2025-01-09T14:43:07.572+0000] {logging_mixin.py:188} INFO - [2025-01-09T14:43:07.572+0000] {dagbag.py:545} INFO - Filling up the DagBag from /home/airflow/.local/lib/python3.12/site-packages/airflow/example_dags/tutorial_dag.py
[2025-01-09T14:43:07.701+0000] {processor.py:840} INFO - DAG(s) 'tutorial_dag' retrieved from /home/airflow/.local/lib/python3.12/site-packages/airflow/example_dags/tutorial_dag.py
[2025-01-09T14:43:07.900+0000] {logging_mixin.py:188} INFO - [2025-01-09T14:43:07.900+0000] {dag.py:3089} INFO - Sync 1 DAGs
[2025-01-09T14:43:08.218+0000] {logging_mixin.py:188} INFO - [2025-01-09T14:43:08.201+0000] {dag.py:3947} INFO - Setting next_dagrun for tutorial_dag to None, run_after=None
[2025-01-09T14:43:08.435+0000] {processor.py:183} INFO - Processing /home/airflow/.local/lib/python3.12/site-packages/airflow/example_dags/tutorial_dag.py took 0.910 seconds
[2025-01-09T14:43:46.690+0000] {processor.py:161} INFO - Started process (PID=556) to work on /home/airflow/.local/lib/python3.12/site-packages/airflow/example_dags/tutorial_dag.py
[2025-01-09T14:43:46.694+0000] {processor.py:830} INFO - Processing file /home/airflow/.local/lib/python3.12/site-packages/airflow/example_dags/tutorial_dag.py for tasks to queue
[2025-01-09T14:43:46.696+0000] {logging_mixin.py:188} INFO - [2025-01-09T14:43:46.695+0000] {dagbag.py:545} INFO - Filling up the DagBag from /home/airflow/.local/lib/python3.12/site-packages/airflow/example_dags/tutorial_dag.py
[2025-01-09T14:43:46.734+0000] {processor.py:840} INFO - DAG(s) 'tutorial_dag' retrieved from /home/airflow/.local/lib/python3.12/site-packages/airflow/example_dags/tutorial_dag.py
[2025-01-09T14:43:47.047+0000] {logging_mixin.py:188} INFO - [2025-01-09T14:43:47.046+0000] {dag.py:3089} INFO - Sync 1 DAGs
[2025-01-09T14:43:47.124+0000] {logging_mixin.py:188} INFO - [2025-01-09T14:43:47.121+0000] {dag.py:3947} INFO - Setting next_dagrun for tutorial_dag to None, run_after=None
[2025-01-09T14:43:47.260+0000] {processor.py:183} INFO - Processing /home/airflow/.local/lib/python3.12/site-packages/airflow/example_dags/tutorial_dag.py took 0.616 seconds
[2025-01-09T14:44:17.853+0000] {processor.py:161} INFO - Started process (PID=614) to work on /home/airflow/.local/lib/python3.12/site-packages/airflow/example_dags/tutorial_dag.py
[2025-01-09T14:44:17.855+0000] {processor.py:830} INFO - Processing file /home/airflow/.local/lib/python3.12/site-packages/airflow/example_dags/tutorial_dag.py for tasks to queue
[2025-01-09T14:44:17.858+0000] {logging_mixin.py:188} INFO - [2025-01-09T14:44:17.856+0000] {dagbag.py:545} INFO - Filling up the DagBag from /home/airflow/.local/lib/python3.12/site-packages/airflow/example_dags/tutorial_dag.py
[2025-01-09T14:44:17.872+0000] {processor.py:840} INFO - DAG(s) 'tutorial_dag' retrieved from /home/airflow/.local/lib/python3.12/site-packages/airflow/example_dags/tutorial_dag.py
[2025-01-09T14:44:17.935+0000] {logging_mixin.py:188} INFO - [2025-01-09T14:44:17.935+0000] {dag.py:3089} INFO - Sync 1 DAGs
[2025-01-09T14:44:17.974+0000] {logging_mixin.py:188} INFO - [2025-01-09T14:44:17.973+0000] {dag.py:3947} INFO - Setting next_dagrun for tutorial_dag to None, run_after=None
[2025-01-09T14:44:18.040+0000] {processor.py:183} INFO - Processing /home/airflow/.local/lib/python3.12/site-packages/airflow/example_dags/tutorial_dag.py took 0.218 seconds
[2025-01-09T14:44:54.818+0000] {processor.py:161} INFO - Started process (PID=674) to work on /home/airflow/.local/lib/python3.12/site-packages/airflow/example_dags/tutorial_dag.py
[2025-01-09T14:44:54.821+0000] {processor.py:830} INFO - Processing file /home/airflow/.local/lib/python3.12/site-packages/airflow/example_dags/tutorial_dag.py for tasks to queue
[2025-01-09T14:44:54.824+0000] {logging_mixin.py:188} INFO - [2025-01-09T14:44:54.823+0000] {dagbag.py:545} INFO - Filling up the DagBag from /home/airflow/.local/lib/python3.12/site-packages/airflow/example_dags/tutorial_dag.py
[2025-01-09T14:44:54.843+0000] {processor.py:840} INFO - DAG(s) 'tutorial_dag' retrieved from /home/airflow/.local/lib/python3.12/site-packages/airflow/example_dags/tutorial_dag.py
[2025-01-09T14:44:55.254+0000] {logging_mixin.py:188} INFO - [2025-01-09T14:44:55.250+0000] {dag.py:3089} INFO - Sync 1 DAGs
[2025-01-09T14:44:55.697+0000] {logging_mixin.py:188} INFO - [2025-01-09T14:44:55.696+0000] {dag.py:3947} INFO - Setting next_dagrun for tutorial_dag to None, run_after=None
[2025-01-09T14:44:55.782+0000] {processor.py:183} INFO - Processing /home/airflow/.local/lib/python3.12/site-packages/airflow/example_dags/tutorial_dag.py took 0.985 seconds
[2025-01-09T14:45:26.080+0000] {processor.py:161} INFO - Started process (PID=732) to work on /home/airflow/.local/lib/python3.12/site-packages/airflow/example_dags/tutorial_dag.py
[2025-01-09T14:45:26.082+0000] {processor.py:830} INFO - Processing file /home/airflow/.local/lib/python3.12/site-packages/airflow/example_dags/tutorial_dag.py for tasks to queue
[2025-01-09T14:45:26.084+0000] {logging_mixin.py:188} INFO - [2025-01-09T14:45:26.083+0000] {dagbag.py:545} INFO - Filling up the DagBag from /home/airflow/.local/lib/python3.12/site-packages/airflow/example_dags/tutorial_dag.py
[2025-01-09T14:45:26.095+0000] {processor.py:840} INFO - DAG(s) 'tutorial_dag' retrieved from /home/airflow/.local/lib/python3.12/site-packages/airflow/example_dags/tutorial_dag.py
[2025-01-09T14:45:26.161+0000] {logging_mixin.py:188} INFO - [2025-01-09T14:45:26.161+0000] {dag.py:3089} INFO - Sync 1 DAGs
[2025-01-09T14:45:26.220+0000] {logging_mixin.py:188} INFO - [2025-01-09T14:45:26.216+0000] {dag.py:3947} INFO - Setting next_dagrun for tutorial_dag to None, run_after=None
[2025-01-09T14:45:26.327+0000] {processor.py:183} INFO - Processing /home/airflow/.local/lib/python3.12/site-packages/airflow/example_dags/tutorial_dag.py took 0.260 seconds
[2025-01-09T14:45:56.902+0000] {processor.py:161} INFO - Started process (PID=792) to work on /home/airflow/.local/lib/python3.12/site-packages/airflow/example_dags/tutorial_dag.py
[2025-01-09T14:45:56.905+0000] {processor.py:830} INFO - Processing file /home/airflow/.local/lib/python3.12/site-packages/airflow/example_dags/tutorial_dag.py for tasks to queue
[2025-01-09T14:45:56.909+0000] {logging_mixin.py:188} INFO - [2025-01-09T14:45:56.907+0000] {dagbag.py:545} INFO - Filling up the DagBag from /home/airflow/.local/lib/python3.12/site-packages/airflow/example_dags/tutorial_dag.py
[2025-01-09T14:45:56.922+0000] {processor.py:840} INFO - DAG(s) 'tutorial_dag' retrieved from /home/airflow/.local/lib/python3.12/site-packages/airflow/example_dags/tutorial_dag.py
[2025-01-09T14:45:57.003+0000] {logging_mixin.py:188} INFO - [2025-01-09T14:45:57.002+0000] {dag.py:3089} INFO - Sync 1 DAGs
[2025-01-09T14:45:57.137+0000] {logging_mixin.py:188} INFO - [2025-01-09T14:45:57.136+0000] {dag.py:3947} INFO - Setting next_dagrun for tutorial_dag to None, run_after=None
[2025-01-09T14:45:57.252+0000] {processor.py:183} INFO - Processing /home/airflow/.local/lib/python3.12/site-packages/airflow/example_dags/tutorial_dag.py took 0.381 seconds
[2025-01-09T14:46:28.178+0000] {processor.py:161} INFO - Started process (PID=852) to work on /home/airflow/.local/lib/python3.12/site-packages/airflow/example_dags/tutorial_dag.py
[2025-01-09T14:46:28.191+0000] {processor.py:830} INFO - Processing file /home/airflow/.local/lib/python3.12/site-packages/airflow/example_dags/tutorial_dag.py for tasks to queue
[2025-01-09T14:46:28.198+0000] {logging_mixin.py:188} INFO - [2025-01-09T14:46:28.195+0000] {dagbag.py:545} INFO - Filling up the DagBag from /home/airflow/.local/lib/python3.12/site-packages/airflow/example_dags/tutorial_dag.py
[2025-01-09T14:46:28.265+0000] {processor.py:840} INFO - DAG(s) 'tutorial_dag' retrieved from /home/airflow/.local/lib/python3.12/site-packages/airflow/example_dags/tutorial_dag.py
[2025-01-09T14:46:28.384+0000] {logging_mixin.py:188} INFO - [2025-01-09T14:46:28.383+0000] {dag.py:3089} INFO - Sync 1 DAGs
[2025-01-09T14:46:28.418+0000] {logging_mixin.py:188} INFO - [2025-01-09T14:46:28.418+0000] {dag.py:3947} INFO - Setting next_dagrun for tutorial_dag to None, run_after=None
[2025-01-09T14:46:28.464+0000] {processor.py:183} INFO - Processing /home/airflow/.local/lib/python3.12/site-packages/airflow/example_dags/tutorial_dag.py took 0.331 seconds
[2025-01-09T14:46:58.712+0000] {processor.py:161} INFO - Started process (PID=912) to work on /home/airflow/.local/lib/python3.12/site-packages/airflow/example_dags/tutorial_dag.py
[2025-01-09T14:46:58.716+0000] {processor.py:830} INFO - Processing file /home/airflow/.local/lib/python3.12/site-packages/airflow/example_dags/tutorial_dag.py for tasks to queue
[2025-01-09T14:46:58.719+0000] {logging_mixin.py:188} INFO - [2025-01-09T14:46:58.717+0000] {dagbag.py:545} INFO - Filling up the DagBag from /home/airflow/.local/lib/python3.12/site-packages/airflow/example_dags/tutorial_dag.py
[2025-01-09T14:46:58.739+0000] {processor.py:840} INFO - DAG(s) 'tutorial_dag' retrieved from /home/airflow/.local/lib/python3.12/site-packages/airflow/example_dags/tutorial_dag.py
[2025-01-09T14:46:58.872+0000] {logging_mixin.py:188} INFO - [2025-01-09T14:46:58.872+0000] {dag.py:3089} INFO - Sync 1 DAGs
[2025-01-09T14:46:58.951+0000] {logging_mixin.py:188} INFO - [2025-01-09T14:46:58.951+0000] {dag.py:3947} INFO - Setting next_dagrun for tutorial_dag to None, run_after=None
[2025-01-09T14:46:59.036+0000] {processor.py:183} INFO - Processing /home/airflow/.local/lib/python3.12/site-packages/airflow/example_dags/tutorial_dag.py took 0.365 seconds
[2025-01-09T14:47:29.208+0000] {processor.py:161} INFO - Started process (PID=972) to work on /home/airflow/.local/lib/python3.12/site-packages/airflow/example_dags/tutorial_dag.py
[2025-01-09T14:47:29.214+0000] {processor.py:830} INFO - Processing file /home/airflow/.local/lib/python3.12/site-packages/airflow/example_dags/tutorial_dag.py for tasks to queue
[2025-01-09T14:47:29.220+0000] {logging_mixin.py:188} INFO - [2025-01-09T14:47:29.217+0000] {dagbag.py:545} INFO - Filling up the DagBag from /home/airflow/.local/lib/python3.12/site-packages/airflow/example_dags/tutorial_dag.py
[2025-01-09T14:47:29.254+0000] {processor.py:840} INFO - DAG(s) 'tutorial_dag' retrieved from /home/airflow/.local/lib/python3.12/site-packages/airflow/example_dags/tutorial_dag.py
[2025-01-09T14:47:29.399+0000] {logging_mixin.py:188} INFO - [2025-01-09T14:47:29.397+0000] {dag.py:3089} INFO - Sync 1 DAGs
[2025-01-09T14:47:29.476+0000] {logging_mixin.py:188} INFO - [2025-01-09T14:47:29.475+0000] {dag.py:3947} INFO - Setting next_dagrun for tutorial_dag to None, run_after=None
[2025-01-09T14:47:29.599+0000] {processor.py:183} INFO - Processing /home/airflow/.local/lib/python3.12/site-packages/airflow/example_dags/tutorial_dag.py took 0.434 seconds
[2025-01-09T14:48:00.070+0000] {processor.py:161} INFO - Started process (PID=1031) to work on /home/airflow/.local/lib/python3.12/site-packages/airflow/example_dags/tutorial_dag.py
[2025-01-09T14:48:00.080+0000] {processor.py:830} INFO - Processing file /home/airflow/.local/lib/python3.12/site-packages/airflow/example_dags/tutorial_dag.py for tasks to queue
[2025-01-09T14:48:00.104+0000] {logging_mixin.py:188} INFO - [2025-01-09T14:48:00.103+0000] {dagbag.py:545} INFO - Filling up the DagBag from /home/airflow/.local/lib/python3.12/site-packages/airflow/example_dags/tutorial_dag.py
[2025-01-09T14:48:00.149+0000] {processor.py:840} INFO - DAG(s) 'tutorial_dag' retrieved from /home/airflow/.local/lib/python3.12/site-packages/airflow/example_dags/tutorial_dag.py
[2025-01-09T14:48:00.299+0000] {logging_mixin.py:188} INFO - [2025-01-09T14:48:00.299+0000] {dag.py:3089} INFO - Sync 1 DAGs
[2025-01-09T14:48:00.349+0000] {logging_mixin.py:188} INFO - [2025-01-09T14:48:00.349+0000] {dag.py:3947} INFO - Setting next_dagrun for tutorial_dag to None, run_after=None
[2025-01-09T14:48:00.463+0000] {processor.py:183} INFO - Processing /home/airflow/.local/lib/python3.12/site-packages/airflow/example_dags/tutorial_dag.py took 0.467 seconds
[2025-01-09T14:48:30.761+0000] {processor.py:161} INFO - Started process (PID=1091) to work on /home/airflow/.local/lib/python3.12/site-packages/airflow/example_dags/tutorial_dag.py
[2025-01-09T14:48:30.764+0000] {processor.py:830} INFO - Processing file /home/airflow/.local/lib/python3.12/site-packages/airflow/example_dags/tutorial_dag.py for tasks to queue
[2025-01-09T14:48:30.767+0000] {logging_mixin.py:188} INFO - [2025-01-09T14:48:30.766+0000] {dagbag.py:545} INFO - Filling up the DagBag from /home/airflow/.local/lib/python3.12/site-packages/airflow/example_dags/tutorial_dag.py
[2025-01-09T14:48:30.783+0000] {processor.py:840} INFO - DAG(s) 'tutorial_dag' retrieved from /home/airflow/.local/lib/python3.12/site-packages/airflow/example_dags/tutorial_dag.py
[2025-01-09T14:48:30.838+0000] {logging_mixin.py:188} INFO - [2025-01-09T14:48:30.837+0000] {dag.py:3089} INFO - Sync 1 DAGs
[2025-01-09T14:48:30.872+0000] {logging_mixin.py:188} INFO - [2025-01-09T14:48:30.871+0000] {dag.py:3947} INFO - Setting next_dagrun for tutorial_dag to None, run_after=None
[2025-01-09T14:48:30.917+0000] {processor.py:183} INFO - Processing /home/airflow/.local/lib/python3.12/site-packages/airflow/example_dags/tutorial_dag.py took 0.248 seconds
[2025-01-09T14:49:01.561+0000] {processor.py:161} INFO - Started process (PID=1151) to work on /home/airflow/.local/lib/python3.12/site-packages/airflow/example_dags/tutorial_dag.py
[2025-01-09T14:49:01.564+0000] {processor.py:830} INFO - Processing file /home/airflow/.local/lib/python3.12/site-packages/airflow/example_dags/tutorial_dag.py for tasks to queue
[2025-01-09T14:49:01.568+0000] {logging_mixin.py:188} INFO - [2025-01-09T14:49:01.567+0000] {dagbag.py:545} INFO - Filling up the DagBag from /home/airflow/.local/lib/python3.12/site-packages/airflow/example_dags/tutorial_dag.py
[2025-01-09T14:49:01.585+0000] {processor.py:840} INFO - DAG(s) 'tutorial_dag' retrieved from /home/airflow/.local/lib/python3.12/site-packages/airflow/example_dags/tutorial_dag.py
[2025-01-09T14:49:01.712+0000] {logging_mixin.py:188} INFO - [2025-01-09T14:49:01.711+0000] {dag.py:3089} INFO - Sync 1 DAGs
[2025-01-09T14:49:01.842+0000] {logging_mixin.py:188} INFO - [2025-01-09T14:49:01.842+0000] {dag.py:3947} INFO - Setting next_dagrun for tutorial_dag to None, run_after=None
[2025-01-09T14:49:01.936+0000] {processor.py:183} INFO - Processing /home/airflow/.local/lib/python3.12/site-packages/airflow/example_dags/tutorial_dag.py took 0.413 seconds
