[2024-08-20T14:13:20.004+0000] {processor.py:161} INFO - Started process (PID=87) to work on /home/airflow/.local/lib/python3.12/site-packages/airflow/example_dags/example_subdag_operator.py
[2024-08-20T14:13:20.005+0000] {processor.py:830} INFO - Processing file /home/airflow/.local/lib/python3.12/site-packages/airflow/example_dags/example_subdag_operator.py for tasks to queue
[2024-08-20T14:13:20.020+0000] {logging_mixin.py:188} INFO - [2024-08-20T14:13:20.019+0000] {dagbag.py:545} INFO - Filling up the DagBag from /home/airflow/.local/lib/python3.12/site-packages/airflow/example_dags/example_subdag_operator.py
[2024-08-20T14:13:20.579+0000] {processor.py:840} INFO - DAG(s) 'example_subdag_operator.section-1', 'example_subdag_operator.section-2', 'example_subdag_operator' retrieved from /home/airflow/.local/lib/python3.12/site-packages/airflow/example_dags/example_subdag_operator.py
[2024-08-20T14:13:20.834+0000] {logging_mixin.py:188} INFO - [2024-08-20T14:13:20.822+0000] {dag.py:3089} INFO - Sync 3 DAGs
[2024-08-20T14:13:21.058+0000] {logging_mixin.py:188} INFO - [2024-08-20T14:13:21.057+0000] {dag.py:3947} INFO - Setting next_dagrun for example_subdag_operator to 2022-01-01 00:00:00+00:00, run_after=2022-01-01 00:00:00+00:00
[2024-08-20T14:13:21.091+0000] {logging_mixin.py:188} INFO - [2024-08-20T14:13:21.090+0000] {dag.py:3947} INFO - Setting next_dagrun for example_subdag_operator.section-1 to None, run_after=None
[2024-08-20T14:13:21.105+0000] {logging_mixin.py:188} INFO - [2024-08-20T14:13:21.105+0000] {dag.py:3947} INFO - Setting next_dagrun for example_subdag_operator.section-2 to None, run_after=None
[2024-08-20T14:13:21.167+0000] {logging_mixin.py:188} INFO - [2024-08-20T14:13:21.166+0000] {dag.py:3089} INFO - Sync 2 DAGs
[2024-08-20T14:13:21.200+0000] {logging_mixin.py:188} INFO - [2024-08-20T14:13:21.200+0000] {dag.py:3947} INFO - Setting next_dagrun for example_subdag_operator.section-1 to None, run_after=None
[2024-08-20T14:13:21.202+0000] {logging_mixin.py:188} INFO - [2024-08-20T14:13:21.201+0000] {dag.py:3947} INFO - Setting next_dagrun for example_subdag_operator.section-2 to None, run_after=None
[2024-08-20T14:13:21.358+0000] {processor.py:183} INFO - Processing /home/airflow/.local/lib/python3.12/site-packages/airflow/example_dags/example_subdag_operator.py took 1.386 seconds
[2024-08-20T14:14:43.284+0000] {processor.py:161} INFO - Started process (PID=157) to work on /home/airflow/.local/lib/python3.12/site-packages/airflow/example_dags/example_subdag_operator.py
[2024-08-20T14:14:43.319+0000] {processor.py:830} INFO - Processing file /home/airflow/.local/lib/python3.12/site-packages/airflow/example_dags/example_subdag_operator.py for tasks to queue
[2024-08-20T14:14:43.330+0000] {logging_mixin.py:188} INFO - [2024-08-20T14:14:43.329+0000] {dagbag.py:545} INFO - Filling up the DagBag from /home/airflow/.local/lib/python3.12/site-packages/airflow/example_dags/example_subdag_operator.py
[2024-08-20T14:14:43.568+0000] {processor.py:840} INFO - DAG(s) 'example_subdag_operator.section-1', 'example_subdag_operator.section-2', 'example_subdag_operator' retrieved from /home/airflow/.local/lib/python3.12/site-packages/airflow/example_dags/example_subdag_operator.py
[2024-08-20T14:14:43.860+0000] {logging_mixin.py:188} INFO - [2024-08-20T14:14:43.859+0000] {dag.py:3089} INFO - Sync 3 DAGs
[2024-08-20T14:14:44.072+0000] {logging_mixin.py:188} INFO - [2024-08-20T14:14:44.072+0000] {dag.py:3947} INFO - Setting next_dagrun for example_subdag_operator to 2022-01-01 00:00:00+00:00, run_after=2022-01-01 00:00:00+00:00
[2024-08-20T14:14:44.140+0000] {logging_mixin.py:188} INFO - [2024-08-20T14:14:44.140+0000] {dag.py:3947} INFO - Setting next_dagrun for example_subdag_operator.section-1 to None, run_after=None
[2024-08-20T14:14:44.144+0000] {logging_mixin.py:188} INFO - [2024-08-20T14:14:44.143+0000] {dag.py:3947} INFO - Setting next_dagrun for example_subdag_operator.section-2 to None, run_after=None
[2024-08-20T14:14:44.165+0000] {logging_mixin.py:188} INFO - [2024-08-20T14:14:44.165+0000] {dag.py:3089} INFO - Sync 2 DAGs
[2024-08-20T14:14:44.191+0000] {logging_mixin.py:188} INFO - [2024-08-20T14:14:44.190+0000] {dag.py:3947} INFO - Setting next_dagrun for example_subdag_operator.section-1 to None, run_after=None
[2024-08-20T14:14:44.192+0000] {logging_mixin.py:188} INFO - [2024-08-20T14:14:44.192+0000] {dag.py:3947} INFO - Setting next_dagrun for example_subdag_operator.section-2 to None, run_after=None
[2024-08-20T14:14:44.317+0000] {processor.py:183} INFO - Processing /home/airflow/.local/lib/python3.12/site-packages/airflow/example_dags/example_subdag_operator.py took 1.051 seconds
[2024-08-20T14:15:27.418+0000] {processor.py:161} INFO - Started process (PID=215) to work on /home/airflow/.local/lib/python3.12/site-packages/airflow/example_dags/example_subdag_operator.py
[2024-08-20T14:15:27.424+0000] {processor.py:830} INFO - Processing file /home/airflow/.local/lib/python3.12/site-packages/airflow/example_dags/example_subdag_operator.py for tasks to queue
[2024-08-20T14:15:27.429+0000] {logging_mixin.py:188} INFO - [2024-08-20T14:15:27.427+0000] {dagbag.py:545} INFO - Filling up the DagBag from /home/airflow/.local/lib/python3.12/site-packages/airflow/example_dags/example_subdag_operator.py
[2024-08-20T14:15:27.540+0000] {processor.py:840} INFO - DAG(s) 'example_subdag_operator.section-1', 'example_subdag_operator.section-2', 'example_subdag_operator' retrieved from /home/airflow/.local/lib/python3.12/site-packages/airflow/example_dags/example_subdag_operator.py
[2024-08-20T14:15:27.622+0000] {logging_mixin.py:188} INFO - [2024-08-20T14:15:27.621+0000] {dag.py:3089} INFO - Sync 3 DAGs
[2024-08-20T14:15:27.712+0000] {logging_mixin.py:188} INFO - [2024-08-20T14:15:27.711+0000] {dag.py:3947} INFO - Setting next_dagrun for example_subdag_operator to 2022-01-01 00:00:00+00:00, run_after=2022-01-01 00:00:00+00:00
[2024-08-20T14:15:27.731+0000] {logging_mixin.py:188} INFO - [2024-08-20T14:15:27.730+0000] {dag.py:3947} INFO - Setting next_dagrun for example_subdag_operator.section-1 to None, run_after=None
[2024-08-20T14:15:27.733+0000] {logging_mixin.py:188} INFO - [2024-08-20T14:15:27.733+0000] {dag.py:3947} INFO - Setting next_dagrun for example_subdag_operator.section-2 to None, run_after=None
[2024-08-20T14:15:27.769+0000] {logging_mixin.py:188} INFO - [2024-08-20T14:15:27.763+0000] {dag.py:3089} INFO - Sync 2 DAGs
[2024-08-20T14:15:27.791+0000] {logging_mixin.py:188} INFO - [2024-08-20T14:15:27.791+0000] {dag.py:3947} INFO - Setting next_dagrun for example_subdag_operator.section-1 to None, run_after=None
[2024-08-20T14:15:27.792+0000] {logging_mixin.py:188} INFO - [2024-08-20T14:15:27.792+0000] {dag.py:3947} INFO - Setting next_dagrun for example_subdag_operator.section-2 to None, run_after=None
[2024-08-20T14:15:27.856+0000] {processor.py:183} INFO - Processing /home/airflow/.local/lib/python3.12/site-packages/airflow/example_dags/example_subdag_operator.py took 0.469 seconds
[2024-08-20T14:15:58.328+0000] {processor.py:161} INFO - Started process (PID=271) to work on /home/airflow/.local/lib/python3.12/site-packages/airflow/example_dags/example_subdag_operator.py
[2024-08-20T14:15:58.331+0000] {processor.py:830} INFO - Processing file /home/airflow/.local/lib/python3.12/site-packages/airflow/example_dags/example_subdag_operator.py for tasks to queue
[2024-08-20T14:15:58.343+0000] {logging_mixin.py:188} INFO - [2024-08-20T14:15:58.334+0000] {dagbag.py:545} INFO - Filling up the DagBag from /home/airflow/.local/lib/python3.12/site-packages/airflow/example_dags/example_subdag_operator.py
[2024-08-20T14:15:58.473+0000] {processor.py:840} INFO - DAG(s) 'example_subdag_operator.section-1', 'example_subdag_operator.section-2', 'example_subdag_operator' retrieved from /home/airflow/.local/lib/python3.12/site-packages/airflow/example_dags/example_subdag_operator.py
[2024-08-20T14:15:58.553+0000] {logging_mixin.py:188} INFO - [2024-08-20T14:15:58.553+0000] {dag.py:3089} INFO - Sync 3 DAGs
[2024-08-20T14:15:58.674+0000] {logging_mixin.py:188} INFO - [2024-08-20T14:15:58.673+0000] {dag.py:3947} INFO - Setting next_dagrun for example_subdag_operator to 2022-01-01 00:00:00+00:00, run_after=2022-01-01 00:00:00+00:00
[2024-08-20T14:15:58.694+0000] {logging_mixin.py:188} INFO - [2024-08-20T14:15:58.694+0000] {dag.py:3947} INFO - Setting next_dagrun for example_subdag_operator.section-1 to None, run_after=None
[2024-08-20T14:15:58.698+0000] {logging_mixin.py:188} INFO - [2024-08-20T14:15:58.697+0000] {dag.py:3947} INFO - Setting next_dagrun for example_subdag_operator.section-2 to None, run_after=None
[2024-08-20T14:15:58.749+0000] {logging_mixin.py:188} INFO - [2024-08-20T14:15:58.749+0000] {dag.py:3089} INFO - Sync 2 DAGs
[2024-08-20T14:15:58.763+0000] {logging_mixin.py:188} INFO - [2024-08-20T14:15:58.763+0000] {dag.py:3947} INFO - Setting next_dagrun for example_subdag_operator.section-1 to None, run_after=None
[2024-08-20T14:15:58.764+0000] {logging_mixin.py:188} INFO - [2024-08-20T14:15:58.764+0000] {dag.py:3947} INFO - Setting next_dagrun for example_subdag_operator.section-2 to None, run_after=None
[2024-08-20T14:15:58.825+0000] {processor.py:183} INFO - Processing /home/airflow/.local/lib/python3.12/site-packages/airflow/example_dags/example_subdag_operator.py took 0.545 seconds
[2024-08-20T14:16:30.766+0000] {processor.py:161} INFO - Started process (PID=329) to work on /home/airflow/.local/lib/python3.12/site-packages/airflow/example_dags/example_subdag_operator.py
[2024-08-20T14:16:30.832+0000] {processor.py:830} INFO - Processing file /home/airflow/.local/lib/python3.12/site-packages/airflow/example_dags/example_subdag_operator.py for tasks to queue
[2024-08-20T14:16:30.835+0000] {logging_mixin.py:188} INFO - [2024-08-20T14:16:30.834+0000] {dagbag.py:545} INFO - Filling up the DagBag from /home/airflow/.local/lib/python3.12/site-packages/airflow/example_dags/example_subdag_operator.py
[2024-08-20T14:16:30.911+0000] {processor.py:840} INFO - DAG(s) 'example_subdag_operator.section-1', 'example_subdag_operator.section-2', 'example_subdag_operator' retrieved from /home/airflow/.local/lib/python3.12/site-packages/airflow/example_dags/example_subdag_operator.py
[2024-08-20T14:16:30.946+0000] {logging_mixin.py:188} INFO - [2024-08-20T14:16:30.946+0000] {dag.py:3089} INFO - Sync 3 DAGs
[2024-08-20T14:16:30.982+0000] {logging_mixin.py:188} INFO - [2024-08-20T14:16:30.981+0000] {dag.py:3947} INFO - Setting next_dagrun for example_subdag_operator to 2022-01-01 00:00:00+00:00, run_after=2022-01-01 00:00:00+00:00
[2024-08-20T14:16:30.994+0000] {logging_mixin.py:188} INFO - [2024-08-20T14:16:30.994+0000] {dag.py:3947} INFO - Setting next_dagrun for example_subdag_operator.section-1 to None, run_after=None
[2024-08-20T14:16:30.996+0000] {logging_mixin.py:188} INFO - [2024-08-20T14:16:30.996+0000] {dag.py:3947} INFO - Setting next_dagrun for example_subdag_operator.section-2 to None, run_after=None
[2024-08-20T14:16:31.012+0000] {logging_mixin.py:188} INFO - [2024-08-20T14:16:31.011+0000] {dag.py:3089} INFO - Sync 2 DAGs
[2024-08-20T14:16:31.024+0000] {logging_mixin.py:188} INFO - [2024-08-20T14:16:31.024+0000] {dag.py:3947} INFO - Setting next_dagrun for example_subdag_operator.section-1 to None, run_after=None
[2024-08-20T14:16:31.026+0000] {logging_mixin.py:188} INFO - [2024-08-20T14:16:31.025+0000] {dag.py:3947} INFO - Setting next_dagrun for example_subdag_operator.section-2 to None, run_after=None
[2024-08-20T14:16:31.103+0000] {processor.py:183} INFO - Processing /home/airflow/.local/lib/python3.12/site-packages/airflow/example_dags/example_subdag_operator.py took 0.345 seconds
[2024-08-20T14:17:04.317+0000] {processor.py:161} INFO - Started process (PID=390) to work on /home/airflow/.local/lib/python3.12/site-packages/airflow/example_dags/example_subdag_operator.py
[2024-08-20T14:17:04.320+0000] {processor.py:830} INFO - Processing file /home/airflow/.local/lib/python3.12/site-packages/airflow/example_dags/example_subdag_operator.py for tasks to queue
[2024-08-20T14:17:04.326+0000] {logging_mixin.py:188} INFO - [2024-08-20T14:17:04.323+0000] {dagbag.py:545} INFO - Filling up the DagBag from /home/airflow/.local/lib/python3.12/site-packages/airflow/example_dags/example_subdag_operator.py
[2024-08-20T14:17:04.390+0000] {processor.py:840} INFO - DAG(s) 'example_subdag_operator.section-1', 'example_subdag_operator.section-2', 'example_subdag_operator' retrieved from /home/airflow/.local/lib/python3.12/site-packages/airflow/example_dags/example_subdag_operator.py
[2024-08-20T14:17:04.440+0000] {logging_mixin.py:188} INFO - [2024-08-20T14:17:04.439+0000] {dag.py:3089} INFO - Sync 3 DAGs
[2024-08-20T14:17:04.513+0000] {logging_mixin.py:188} INFO - [2024-08-20T14:17:04.512+0000] {dag.py:3947} INFO - Setting next_dagrun for example_subdag_operator to 2022-01-01 00:00:00+00:00, run_after=2022-01-01 00:00:00+00:00
[2024-08-20T14:17:04.523+0000] {logging_mixin.py:188} INFO - [2024-08-20T14:17:04.523+0000] {dag.py:3947} INFO - Setting next_dagrun for example_subdag_operator.section-1 to None, run_after=None
[2024-08-20T14:17:04.526+0000] {logging_mixin.py:188} INFO - [2024-08-20T14:17:04.526+0000] {dag.py:3947} INFO - Setting next_dagrun for example_subdag_operator.section-2 to None, run_after=None
[2024-08-20T14:17:04.543+0000] {logging_mixin.py:188} INFO - [2024-08-20T14:17:04.543+0000] {dag.py:3089} INFO - Sync 2 DAGs
[2024-08-20T14:17:04.558+0000] {logging_mixin.py:188} INFO - [2024-08-20T14:17:04.558+0000] {dag.py:3947} INFO - Setting next_dagrun for example_subdag_operator.section-1 to None, run_after=None
[2024-08-20T14:17:04.561+0000] {logging_mixin.py:188} INFO - [2024-08-20T14:17:04.561+0000] {dag.py:3947} INFO - Setting next_dagrun for example_subdag_operator.section-2 to None, run_after=None
[2024-08-20T14:17:04.603+0000] {processor.py:183} INFO - Processing /home/airflow/.local/lib/python3.12/site-packages/airflow/example_dags/example_subdag_operator.py took 0.303 seconds
[2024-08-20T14:17:35.370+0000] {processor.py:161} INFO - Started process (PID=447) to work on /home/airflow/.local/lib/python3.12/site-packages/airflow/example_dags/example_subdag_operator.py
[2024-08-20T14:17:35.371+0000] {processor.py:830} INFO - Processing file /home/airflow/.local/lib/python3.12/site-packages/airflow/example_dags/example_subdag_operator.py for tasks to queue
[2024-08-20T14:17:35.377+0000] {logging_mixin.py:188} INFO - [2024-08-20T14:17:35.377+0000] {dagbag.py:545} INFO - Filling up the DagBag from /home/airflow/.local/lib/python3.12/site-packages/airflow/example_dags/example_subdag_operator.py
[2024-08-20T14:17:35.452+0000] {processor.py:840} INFO - DAG(s) 'example_subdag_operator.section-1', 'example_subdag_operator.section-2', 'example_subdag_operator' retrieved from /home/airflow/.local/lib/python3.12/site-packages/airflow/example_dags/example_subdag_operator.py
[2024-08-20T14:17:35.496+0000] {logging_mixin.py:188} INFO - [2024-08-20T14:17:35.495+0000] {dag.py:3089} INFO - Sync 3 DAGs
[2024-08-20T14:17:35.553+0000] {logging_mixin.py:188} INFO - [2024-08-20T14:17:35.552+0000] {dag.py:3947} INFO - Setting next_dagrun for example_subdag_operator to 2022-01-01 00:00:00+00:00, run_after=2022-01-01 00:00:00+00:00
[2024-08-20T14:17:35.563+0000] {logging_mixin.py:188} INFO - [2024-08-20T14:17:35.562+0000] {dag.py:3947} INFO - Setting next_dagrun for example_subdag_operator.section-1 to None, run_after=None
[2024-08-20T14:17:35.566+0000] {logging_mixin.py:188} INFO - [2024-08-20T14:17:35.565+0000] {dag.py:3947} INFO - Setting next_dagrun for example_subdag_operator.section-2 to None, run_after=None
[2024-08-20T14:17:35.586+0000] {logging_mixin.py:188} INFO - [2024-08-20T14:17:35.585+0000] {dag.py:3089} INFO - Sync 2 DAGs
[2024-08-20T14:17:35.598+0000] {logging_mixin.py:188} INFO - [2024-08-20T14:17:35.598+0000] {dag.py:3947} INFO - Setting next_dagrun for example_subdag_operator.section-1 to None, run_after=None
[2024-08-20T14:17:35.599+0000] {logging_mixin.py:188} INFO - [2024-08-20T14:17:35.599+0000] {dag.py:3947} INFO - Setting next_dagrun for example_subdag_operator.section-2 to None, run_after=None
[2024-08-20T14:17:35.630+0000] {processor.py:183} INFO - Processing /home/airflow/.local/lib/python3.12/site-packages/airflow/example_dags/example_subdag_operator.py took 0.272 seconds
[2024-08-20T18:43:33.864+0000] {processor.py:161} INFO - Started process (PID=70) to work on /home/airflow/.local/lib/python3.12/site-packages/airflow/example_dags/example_subdag_operator.py
[2024-08-20T18:43:33.869+0000] {processor.py:830} INFO - Processing file /home/airflow/.local/lib/python3.12/site-packages/airflow/example_dags/example_subdag_operator.py for tasks to queue
[2024-08-20T18:43:33.873+0000] {logging_mixin.py:188} INFO - [2024-08-20T18:43:33.872+0000] {dagbag.py:545} INFO - Filling up the DagBag from /home/airflow/.local/lib/python3.12/site-packages/airflow/example_dags/example_subdag_operator.py
[2024-08-20T18:43:33.956+0000] {processor.py:840} INFO - DAG(s) 'example_subdag_operator.section-1', 'example_subdag_operator.section-2', 'example_subdag_operator' retrieved from /home/airflow/.local/lib/python3.12/site-packages/airflow/example_dags/example_subdag_operator.py
[2024-08-20T18:43:34.315+0000] {logging_mixin.py:188} INFO - [2024-08-20T18:43:34.314+0000] {dag.py:3089} INFO - Sync 3 DAGs
[2024-08-20T18:43:34.421+0000] {logging_mixin.py:188} INFO - [2024-08-20T18:43:34.420+0000] {dag.py:3947} INFO - Setting next_dagrun for example_subdag_operator to 2022-01-01 00:00:00+00:00, run_after=2022-01-01 00:00:00+00:00
[2024-08-20T18:43:34.434+0000] {logging_mixin.py:188} INFO - [2024-08-20T18:43:34.433+0000] {dag.py:3947} INFO - Setting next_dagrun for example_subdag_operator.section-1 to None, run_after=None
[2024-08-20T18:43:34.437+0000] {logging_mixin.py:188} INFO - [2024-08-20T18:43:34.436+0000] {dag.py:3947} INFO - Setting next_dagrun for example_subdag_operator.section-2 to None, run_after=None
[2024-08-20T18:43:34.484+0000] {logging_mixin.py:188} INFO - [2024-08-20T18:43:34.484+0000] {dag.py:3089} INFO - Sync 2 DAGs
[2024-08-20T18:43:34.495+0000] {logging_mixin.py:188} INFO - [2024-08-20T18:43:34.494+0000] {dag.py:3947} INFO - Setting next_dagrun for example_subdag_operator.section-1 to None, run_after=None
[2024-08-20T18:43:34.495+0000] {logging_mixin.py:188} INFO - [2024-08-20T18:43:34.495+0000] {dag.py:3947} INFO - Setting next_dagrun for example_subdag_operator.section-2 to None, run_after=None
[2024-08-20T18:43:34.536+0000] {processor.py:183} INFO - Processing /home/airflow/.local/lib/python3.12/site-packages/airflow/example_dags/example_subdag_operator.py took 0.684 seconds
[2024-08-20T18:44:05.294+0000] {processor.py:161} INFO - Started process (PID=128) to work on /home/airflow/.local/lib/python3.12/site-packages/airflow/example_dags/example_subdag_operator.py
[2024-08-20T18:44:05.310+0000] {processor.py:830} INFO - Processing file /home/airflow/.local/lib/python3.12/site-packages/airflow/example_dags/example_subdag_operator.py for tasks to queue
[2024-08-20T18:44:05.375+0000] {logging_mixin.py:188} INFO - [2024-08-20T18:44:05.374+0000] {dagbag.py:545} INFO - Filling up the DagBag from /home/airflow/.local/lib/python3.12/site-packages/airflow/example_dags/example_subdag_operator.py
[2024-08-20T18:44:05.524+0000] {processor.py:840} INFO - DAG(s) 'example_subdag_operator.section-1', 'example_subdag_operator.section-2', 'example_subdag_operator' retrieved from /home/airflow/.local/lib/python3.12/site-packages/airflow/example_dags/example_subdag_operator.py
[2024-08-20T18:44:05.750+0000] {logging_mixin.py:188} INFO - [2024-08-20T18:44:05.750+0000] {dag.py:3089} INFO - Sync 3 DAGs
[2024-08-20T18:44:05.858+0000] {logging_mixin.py:188} INFO - [2024-08-20T18:44:05.857+0000] {dag.py:3947} INFO - Setting next_dagrun for example_subdag_operator to 2022-01-01 00:00:00+00:00, run_after=2022-01-01 00:00:00+00:00
[2024-08-20T18:44:05.875+0000] {logging_mixin.py:188} INFO - [2024-08-20T18:44:05.874+0000] {dag.py:3947} INFO - Setting next_dagrun for example_subdag_operator.section-1 to None, run_after=None
[2024-08-20T18:44:05.886+0000] {logging_mixin.py:188} INFO - [2024-08-20T18:44:05.885+0000] {dag.py:3947} INFO - Setting next_dagrun for example_subdag_operator.section-2 to None, run_after=None
[2024-08-20T18:44:05.907+0000] {logging_mixin.py:188} INFO - [2024-08-20T18:44:05.907+0000] {dag.py:3089} INFO - Sync 2 DAGs
[2024-08-20T18:44:05.921+0000] {logging_mixin.py:188} INFO - [2024-08-20T18:44:05.920+0000] {dag.py:3947} INFO - Setting next_dagrun for example_subdag_operator.section-1 to None, run_after=None
[2024-08-20T18:44:05.922+0000] {logging_mixin.py:188} INFO - [2024-08-20T18:44:05.921+0000] {dag.py:3947} INFO - Setting next_dagrun for example_subdag_operator.section-2 to None, run_after=None
[2024-08-20T18:44:05.960+0000] {processor.py:183} INFO - Processing /home/airflow/.local/lib/python3.12/site-packages/airflow/example_dags/example_subdag_operator.py took 0.699 seconds
[2024-08-20T18:44:37.700+0000] {processor.py:161} INFO - Started process (PID=186) to work on /home/airflow/.local/lib/python3.12/site-packages/airflow/example_dags/example_subdag_operator.py
[2024-08-20T18:44:37.710+0000] {processor.py:830} INFO - Processing file /home/airflow/.local/lib/python3.12/site-packages/airflow/example_dags/example_subdag_operator.py for tasks to queue
[2024-08-20T18:44:37.713+0000] {logging_mixin.py:188} INFO - [2024-08-20T18:44:37.713+0000] {dagbag.py:545} INFO - Filling up the DagBag from /home/airflow/.local/lib/python3.12/site-packages/airflow/example_dags/example_subdag_operator.py
[2024-08-20T18:44:37.768+0000] {processor.py:840} INFO - DAG(s) 'example_subdag_operator.section-1', 'example_subdag_operator.section-2', 'example_subdag_operator' retrieved from /home/airflow/.local/lib/python3.12/site-packages/airflow/example_dags/example_subdag_operator.py
[2024-08-20T18:44:37.810+0000] {logging_mixin.py:188} INFO - [2024-08-20T18:44:37.810+0000] {dag.py:3089} INFO - Sync 3 DAGs
[2024-08-20T18:44:37.869+0000] {logging_mixin.py:188} INFO - [2024-08-20T18:44:37.868+0000] {dag.py:3947} INFO - Setting next_dagrun for example_subdag_operator to 2022-01-01 00:00:00+00:00, run_after=2022-01-01 00:00:00+00:00
[2024-08-20T18:44:37.885+0000] {logging_mixin.py:188} INFO - [2024-08-20T18:44:37.884+0000] {dag.py:3947} INFO - Setting next_dagrun for example_subdag_operator.section-1 to None, run_after=None
[2024-08-20T18:44:37.888+0000] {logging_mixin.py:188} INFO - [2024-08-20T18:44:37.887+0000] {dag.py:3947} INFO - Setting next_dagrun for example_subdag_operator.section-2 to None, run_after=None
[2024-08-20T18:44:37.926+0000] {logging_mixin.py:188} INFO - [2024-08-20T18:44:37.926+0000] {dag.py:3089} INFO - Sync 2 DAGs
[2024-08-20T18:44:37.956+0000] {logging_mixin.py:188} INFO - [2024-08-20T18:44:37.955+0000] {dag.py:3947} INFO - Setting next_dagrun for example_subdag_operator.section-1 to None, run_after=None
[2024-08-20T18:44:37.957+0000] {logging_mixin.py:188} INFO - [2024-08-20T18:44:37.956+0000] {dag.py:3947} INFO - Setting next_dagrun for example_subdag_operator.section-2 to None, run_after=None
[2024-08-20T18:44:38.019+0000] {processor.py:183} INFO - Processing /home/airflow/.local/lib/python3.12/site-packages/airflow/example_dags/example_subdag_operator.py took 0.330 seconds
[2024-08-20T18:45:47.621+0000] {processor.py:161} INFO - Started process (PID=251) to work on /home/airflow/.local/lib/python3.12/site-packages/airflow/example_dags/example_subdag_operator.py
[2024-08-20T18:45:47.623+0000] {processor.py:830} INFO - Processing file /home/airflow/.local/lib/python3.12/site-packages/airflow/example_dags/example_subdag_operator.py for tasks to queue
[2024-08-20T18:45:47.625+0000] {logging_mixin.py:188} INFO - [2024-08-20T18:45:47.624+0000] {dagbag.py:545} INFO - Filling up the DagBag from /home/airflow/.local/lib/python3.12/site-packages/airflow/example_dags/example_subdag_operator.py
[2024-08-20T18:45:47.681+0000] {processor.py:840} INFO - DAG(s) 'example_subdag_operator.section-1', 'example_subdag_operator.section-2', 'example_subdag_operator' retrieved from /home/airflow/.local/lib/python3.12/site-packages/airflow/example_dags/example_subdag_operator.py
[2024-08-20T18:45:47.722+0000] {logging_mixin.py:188} INFO - [2024-08-20T18:45:47.721+0000] {dag.py:3089} INFO - Sync 3 DAGs
[2024-08-20T18:45:47.776+0000] {logging_mixin.py:188} INFO - [2024-08-20T18:45:47.776+0000] {dag.py:3947} INFO - Setting next_dagrun for example_subdag_operator to 2022-01-01 00:00:00+00:00, run_after=2022-01-01 00:00:00+00:00
[2024-08-20T18:45:47.785+0000] {logging_mixin.py:188} INFO - [2024-08-20T18:45:47.785+0000] {dag.py:3947} INFO - Setting next_dagrun for example_subdag_operator.section-1 to None, run_after=None
[2024-08-20T18:45:47.788+0000] {logging_mixin.py:188} INFO - [2024-08-20T18:45:47.787+0000] {dag.py:3947} INFO - Setting next_dagrun for example_subdag_operator.section-2 to None, run_after=None
[2024-08-20T18:45:47.801+0000] {logging_mixin.py:188} INFO - [2024-08-20T18:45:47.801+0000] {dag.py:3089} INFO - Sync 2 DAGs
[2024-08-20T18:45:47.814+0000] {logging_mixin.py:188} INFO - [2024-08-20T18:45:47.813+0000] {dag.py:3947} INFO - Setting next_dagrun for example_subdag_operator.section-1 to None, run_after=None
[2024-08-20T18:45:47.815+0000] {logging_mixin.py:188} INFO - [2024-08-20T18:45:47.814+0000] {dag.py:3947} INFO - Setting next_dagrun for example_subdag_operator.section-2 to None, run_after=None
[2024-08-20T18:45:47.842+0000] {processor.py:183} INFO - Processing /home/airflow/.local/lib/python3.12/site-packages/airflow/example_dags/example_subdag_operator.py took 0.233 seconds
[2024-08-20T18:46:19.330+0000] {processor.py:161} INFO - Started process (PID=308) to work on /home/airflow/.local/lib/python3.12/site-packages/airflow/example_dags/example_subdag_operator.py
[2024-08-20T18:46:19.333+0000] {processor.py:830} INFO - Processing file /home/airflow/.local/lib/python3.12/site-packages/airflow/example_dags/example_subdag_operator.py for tasks to queue
[2024-08-20T18:46:19.334+0000] {logging_mixin.py:188} INFO - [2024-08-20T18:46:19.334+0000] {dagbag.py:545} INFO - Filling up the DagBag from /home/airflow/.local/lib/python3.12/site-packages/airflow/example_dags/example_subdag_operator.py
[2024-08-20T18:46:19.429+0000] {processor.py:840} INFO - DAG(s) 'example_subdag_operator.section-1', 'example_subdag_operator.section-2', 'example_subdag_operator' retrieved from /home/airflow/.local/lib/python3.12/site-packages/airflow/example_dags/example_subdag_operator.py
[2024-08-20T18:46:19.474+0000] {logging_mixin.py:188} INFO - [2024-08-20T18:46:19.474+0000] {dag.py:3089} INFO - Sync 3 DAGs
[2024-08-20T18:46:19.528+0000] {logging_mixin.py:188} INFO - [2024-08-20T18:46:19.527+0000] {dag.py:3947} INFO - Setting next_dagrun for example_subdag_operator to 2022-01-01 00:00:00+00:00, run_after=2022-01-01 00:00:00+00:00
[2024-08-20T18:46:19.542+0000] {logging_mixin.py:188} INFO - [2024-08-20T18:46:19.541+0000] {dag.py:3947} INFO - Setting next_dagrun for example_subdag_operator.section-1 to None, run_after=None
[2024-08-20T18:46:19.545+0000] {logging_mixin.py:188} INFO - [2024-08-20T18:46:19.544+0000] {dag.py:3947} INFO - Setting next_dagrun for example_subdag_operator.section-2 to None, run_after=None
[2024-08-20T18:46:19.563+0000] {logging_mixin.py:188} INFO - [2024-08-20T18:46:19.563+0000] {dag.py:3089} INFO - Sync 2 DAGs
[2024-08-20T18:46:19.579+0000] {logging_mixin.py:188} INFO - [2024-08-20T18:46:19.578+0000] {dag.py:3947} INFO - Setting next_dagrun for example_subdag_operator.section-1 to None, run_after=None
[2024-08-20T18:46:19.580+0000] {logging_mixin.py:188} INFO - [2024-08-20T18:46:19.579+0000] {dag.py:3947} INFO - Setting next_dagrun for example_subdag_operator.section-2 to None, run_after=None
[2024-08-20T18:46:19.634+0000] {processor.py:183} INFO - Processing /home/airflow/.local/lib/python3.12/site-packages/airflow/example_dags/example_subdag_operator.py took 0.317 seconds
[2024-08-20T18:46:53.703+0000] {processor.py:161} INFO - Started process (PID=365) to work on /home/airflow/.local/lib/python3.12/site-packages/airflow/example_dags/example_subdag_operator.py
[2024-08-20T18:46:53.707+0000] {processor.py:830} INFO - Processing file /home/airflow/.local/lib/python3.12/site-packages/airflow/example_dags/example_subdag_operator.py for tasks to queue
[2024-08-20T18:46:53.709+0000] {logging_mixin.py:188} INFO - [2024-08-20T18:46:53.708+0000] {dagbag.py:545} INFO - Filling up the DagBag from /home/airflow/.local/lib/python3.12/site-packages/airflow/example_dags/example_subdag_operator.py
[2024-08-20T18:46:53.784+0000] {processor.py:840} INFO - DAG(s) 'example_subdag_operator.section-1', 'example_subdag_operator.section-2', 'example_subdag_operator' retrieved from /home/airflow/.local/lib/python3.12/site-packages/airflow/example_dags/example_subdag_operator.py
[2024-08-20T18:46:53.848+0000] {logging_mixin.py:188} INFO - [2024-08-20T18:46:53.847+0000] {dag.py:3089} INFO - Sync 3 DAGs
[2024-08-20T18:46:53.920+0000] {logging_mixin.py:188} INFO - [2024-08-20T18:46:53.920+0000] {dag.py:3947} INFO - Setting next_dagrun for example_subdag_operator to 2022-01-01 00:00:00+00:00, run_after=2022-01-01 00:00:00+00:00
[2024-08-20T18:46:53.928+0000] {logging_mixin.py:188} INFO - [2024-08-20T18:46:53.927+0000] {dag.py:3947} INFO - Setting next_dagrun for example_subdag_operator.section-1 to None, run_after=None
[2024-08-20T18:46:53.930+0000] {logging_mixin.py:188} INFO - [2024-08-20T18:46:53.930+0000] {dag.py:3947} INFO - Setting next_dagrun for example_subdag_operator.section-2 to None, run_after=None
[2024-08-20T18:46:53.951+0000] {logging_mixin.py:188} INFO - [2024-08-20T18:46:53.950+0000] {dag.py:3089} INFO - Sync 2 DAGs
[2024-08-20T18:46:53.969+0000] {logging_mixin.py:188} INFO - [2024-08-20T18:46:53.969+0000] {dag.py:3947} INFO - Setting next_dagrun for example_subdag_operator.section-1 to None, run_after=None
[2024-08-20T18:46:53.970+0000] {logging_mixin.py:188} INFO - [2024-08-20T18:46:53.970+0000] {dag.py:3947} INFO - Setting next_dagrun for example_subdag_operator.section-2 to None, run_after=None
[2024-08-20T18:46:54.018+0000] {processor.py:183} INFO - Processing /home/airflow/.local/lib/python3.12/site-packages/airflow/example_dags/example_subdag_operator.py took 0.332 seconds
[2024-08-20T18:47:32.812+0000] {processor.py:161} INFO - Started process (PID=423) to work on /home/airflow/.local/lib/python3.12/site-packages/airflow/example_dags/example_subdag_operator.py
[2024-08-20T18:47:32.819+0000] {processor.py:830} INFO - Processing file /home/airflow/.local/lib/python3.12/site-packages/airflow/example_dags/example_subdag_operator.py for tasks to queue
[2024-08-20T18:47:32.820+0000] {logging_mixin.py:188} INFO - [2024-08-20T18:47:32.820+0000] {dagbag.py:545} INFO - Filling up the DagBag from /home/airflow/.local/lib/python3.12/site-packages/airflow/example_dags/example_subdag_operator.py
[2024-08-20T18:47:32.891+0000] {processor.py:840} INFO - DAG(s) 'example_subdag_operator.section-1', 'example_subdag_operator.section-2', 'example_subdag_operator' retrieved from /home/airflow/.local/lib/python3.12/site-packages/airflow/example_dags/example_subdag_operator.py
[2024-08-20T18:47:32.937+0000] {logging_mixin.py:188} INFO - [2024-08-20T18:47:32.937+0000] {dag.py:3089} INFO - Sync 3 DAGs
[2024-08-20T18:47:32.993+0000] {logging_mixin.py:188} INFO - [2024-08-20T18:47:32.992+0000] {dag.py:3947} INFO - Setting next_dagrun for example_subdag_operator to 2022-01-01 00:00:00+00:00, run_after=2022-01-01 00:00:00+00:00
[2024-08-20T18:47:33.003+0000] {logging_mixin.py:188} INFO - [2024-08-20T18:47:33.003+0000] {dag.py:3947} INFO - Setting next_dagrun for example_subdag_operator.section-1 to None, run_after=None
[2024-08-20T18:47:33.007+0000] {logging_mixin.py:188} INFO - [2024-08-20T18:47:33.006+0000] {dag.py:3947} INFO - Setting next_dagrun for example_subdag_operator.section-2 to None, run_after=None
[2024-08-20T18:47:33.024+0000] {logging_mixin.py:188} INFO - [2024-08-20T18:47:33.024+0000] {dag.py:3089} INFO - Sync 2 DAGs
[2024-08-20T18:47:33.054+0000] {logging_mixin.py:188} INFO - [2024-08-20T18:47:33.053+0000] {dag.py:3947} INFO - Setting next_dagrun for example_subdag_operator.section-1 to None, run_after=None
[2024-08-20T18:47:33.057+0000] {logging_mixin.py:188} INFO - [2024-08-20T18:47:33.056+0000] {dag.py:3947} INFO - Setting next_dagrun for example_subdag_operator.section-2 to None, run_after=None
[2024-08-20T18:47:33.099+0000] {processor.py:183} INFO - Processing /home/airflow/.local/lib/python3.12/site-packages/airflow/example_dags/example_subdag_operator.py took 0.301 seconds
[2024-08-20T18:48:03.443+0000] {processor.py:161} INFO - Started process (PID=481) to work on /home/airflow/.local/lib/python3.12/site-packages/airflow/example_dags/example_subdag_operator.py
[2024-08-20T18:48:03.445+0000] {processor.py:830} INFO - Processing file /home/airflow/.local/lib/python3.12/site-packages/airflow/example_dags/example_subdag_operator.py for tasks to queue
[2024-08-20T18:48:03.447+0000] {logging_mixin.py:188} INFO - [2024-08-20T18:48:03.446+0000] {dagbag.py:545} INFO - Filling up the DagBag from /home/airflow/.local/lib/python3.12/site-packages/airflow/example_dags/example_subdag_operator.py
[2024-08-20T18:48:03.492+0000] {processor.py:840} INFO - DAG(s) 'example_subdag_operator.section-1', 'example_subdag_operator.section-2', 'example_subdag_operator' retrieved from /home/airflow/.local/lib/python3.12/site-packages/airflow/example_dags/example_subdag_operator.py
[2024-08-20T18:48:03.519+0000] {logging_mixin.py:188} INFO - [2024-08-20T18:48:03.518+0000] {dag.py:3089} INFO - Sync 3 DAGs
[2024-08-20T18:48:03.566+0000] {logging_mixin.py:188} INFO - [2024-08-20T18:48:03.565+0000] {dag.py:3947} INFO - Setting next_dagrun for example_subdag_operator to 2022-01-01 00:00:00+00:00, run_after=2022-01-01 00:00:00+00:00
[2024-08-20T18:48:03.572+0000] {logging_mixin.py:188} INFO - [2024-08-20T18:48:03.571+0000] {dag.py:3947} INFO - Setting next_dagrun for example_subdag_operator.section-1 to None, run_after=None
[2024-08-20T18:48:03.574+0000] {logging_mixin.py:188} INFO - [2024-08-20T18:48:03.574+0000] {dag.py:3947} INFO - Setting next_dagrun for example_subdag_operator.section-2 to None, run_after=None
[2024-08-20T18:48:03.585+0000] {logging_mixin.py:188} INFO - [2024-08-20T18:48:03.585+0000] {dag.py:3089} INFO - Sync 2 DAGs
[2024-08-20T18:48:03.598+0000] {logging_mixin.py:188} INFO - [2024-08-20T18:48:03.598+0000] {dag.py:3947} INFO - Setting next_dagrun for example_subdag_operator.section-1 to None, run_after=None
[2024-08-20T18:48:03.599+0000] {logging_mixin.py:188} INFO - [2024-08-20T18:48:03.598+0000] {dag.py:3947} INFO - Setting next_dagrun for example_subdag_operator.section-2 to None, run_after=None
[2024-08-20T18:48:03.623+0000] {processor.py:183} INFO - Processing /home/airflow/.local/lib/python3.12/site-packages/airflow/example_dags/example_subdag_operator.py took 0.191 seconds
[2024-08-20T18:48:46.365+0000] {processor.py:161} INFO - Started process (PID=536) to work on /home/airflow/.local/lib/python3.12/site-packages/airflow/example_dags/example_subdag_operator.py
[2024-08-20T18:48:46.369+0000] {processor.py:830} INFO - Processing file /home/airflow/.local/lib/python3.12/site-packages/airflow/example_dags/example_subdag_operator.py for tasks to queue
[2024-08-20T18:48:46.370+0000] {logging_mixin.py:188} INFO - [2024-08-20T18:48:46.370+0000] {dagbag.py:545} INFO - Filling up the DagBag from /home/airflow/.local/lib/python3.12/site-packages/airflow/example_dags/example_subdag_operator.py
[2024-08-20T18:48:46.420+0000] {processor.py:840} INFO - DAG(s) 'example_subdag_operator.section-1', 'example_subdag_operator.section-2', 'example_subdag_operator' retrieved from /home/airflow/.local/lib/python3.12/site-packages/airflow/example_dags/example_subdag_operator.py
[2024-08-20T18:48:46.463+0000] {logging_mixin.py:188} INFO - [2024-08-20T18:48:46.462+0000] {dag.py:3089} INFO - Sync 3 DAGs
[2024-08-20T18:48:46.510+0000] {logging_mixin.py:188} INFO - [2024-08-20T18:48:46.509+0000] {dag.py:3947} INFO - Setting next_dagrun for example_subdag_operator to 2022-01-01 00:00:00+00:00, run_after=2022-01-01 00:00:00+00:00
[2024-08-20T18:48:46.517+0000] {logging_mixin.py:188} INFO - [2024-08-20T18:48:46.517+0000] {dag.py:3947} INFO - Setting next_dagrun for example_subdag_operator.section-1 to None, run_after=None
[2024-08-20T18:48:46.519+0000] {logging_mixin.py:188} INFO - [2024-08-20T18:48:46.519+0000] {dag.py:3947} INFO - Setting next_dagrun for example_subdag_operator.section-2 to None, run_after=None
[2024-08-20T18:48:46.532+0000] {logging_mixin.py:188} INFO - [2024-08-20T18:48:46.531+0000] {dag.py:3089} INFO - Sync 2 DAGs
[2024-08-20T18:48:46.540+0000] {logging_mixin.py:188} INFO - [2024-08-20T18:48:46.540+0000] {dag.py:3947} INFO - Setting next_dagrun for example_subdag_operator.section-1 to None, run_after=None
[2024-08-20T18:48:46.541+0000] {logging_mixin.py:188} INFO - [2024-08-20T18:48:46.541+0000] {dag.py:3947} INFO - Setting next_dagrun for example_subdag_operator.section-2 to None, run_after=None
[2024-08-20T18:48:46.572+0000] {processor.py:183} INFO - Processing /home/airflow/.local/lib/python3.12/site-packages/airflow/example_dags/example_subdag_operator.py took 0.218 seconds
[2024-08-20T18:49:17.359+0000] {processor.py:161} INFO - Started process (PID=593) to work on /home/airflow/.local/lib/python3.12/site-packages/airflow/example_dags/example_subdag_operator.py
[2024-08-20T18:49:17.377+0000] {processor.py:830} INFO - Processing file /home/airflow/.local/lib/python3.12/site-packages/airflow/example_dags/example_subdag_operator.py for tasks to queue
[2024-08-20T18:49:17.379+0000] {logging_mixin.py:188} INFO - [2024-08-20T18:49:17.378+0000] {dagbag.py:545} INFO - Filling up the DagBag from /home/airflow/.local/lib/python3.12/site-packages/airflow/example_dags/example_subdag_operator.py
[2024-08-20T18:49:17.495+0000] {processor.py:840} INFO - DAG(s) 'example_subdag_operator.section-1', 'example_subdag_operator.section-2', 'example_subdag_operator' retrieved from /home/airflow/.local/lib/python3.12/site-packages/airflow/example_dags/example_subdag_operator.py
[2024-08-20T18:49:17.574+0000] {logging_mixin.py:188} INFO - [2024-08-20T18:49:17.572+0000] {dag.py:3089} INFO - Sync 3 DAGs
[2024-08-20T18:49:17.654+0000] {logging_mixin.py:188} INFO - [2024-08-20T18:49:17.653+0000] {dag.py:3947} INFO - Setting next_dagrun for example_subdag_operator to 2022-01-01 00:00:00+00:00, run_after=2022-01-01 00:00:00+00:00
[2024-08-20T18:49:17.663+0000] {logging_mixin.py:188} INFO - [2024-08-20T18:49:17.663+0000] {dag.py:3947} INFO - Setting next_dagrun for example_subdag_operator.section-1 to None, run_after=None
[2024-08-20T18:49:17.667+0000] {logging_mixin.py:188} INFO - [2024-08-20T18:49:17.666+0000] {dag.py:3947} INFO - Setting next_dagrun for example_subdag_operator.section-2 to None, run_after=None
[2024-08-20T18:49:17.704+0000] {logging_mixin.py:188} INFO - [2024-08-20T18:49:17.704+0000] {dag.py:3089} INFO - Sync 2 DAGs
[2024-08-20T18:49:17.746+0000] {logging_mixin.py:188} INFO - [2024-08-20T18:49:17.745+0000] {dag.py:3947} INFO - Setting next_dagrun for example_subdag_operator.section-1 to None, run_after=None
[2024-08-20T18:49:17.747+0000] {logging_mixin.py:188} INFO - [2024-08-20T18:49:17.746+0000] {dag.py:3947} INFO - Setting next_dagrun for example_subdag_operator.section-2 to None, run_after=None
[2024-08-20T18:49:17.778+0000] {processor.py:183} INFO - Processing /home/airflow/.local/lib/python3.12/site-packages/airflow/example_dags/example_subdag_operator.py took 0.449 seconds
[2024-08-20T18:49:47.897+0000] {processor.py:161} INFO - Started process (PID=651) to work on /home/airflow/.local/lib/python3.12/site-packages/airflow/example_dags/example_subdag_operator.py
[2024-08-20T18:49:47.900+0000] {processor.py:830} INFO - Processing file /home/airflow/.local/lib/python3.12/site-packages/airflow/example_dags/example_subdag_operator.py for tasks to queue
[2024-08-20T18:49:47.902+0000] {logging_mixin.py:188} INFO - [2024-08-20T18:49:47.901+0000] {dagbag.py:545} INFO - Filling up the DagBag from /home/airflow/.local/lib/python3.12/site-packages/airflow/example_dags/example_subdag_operator.py
[2024-08-20T18:49:47.958+0000] {processor.py:840} INFO - DAG(s) 'example_subdag_operator.section-1', 'example_subdag_operator.section-2', 'example_subdag_operator' retrieved from /home/airflow/.local/lib/python3.12/site-packages/airflow/example_dags/example_subdag_operator.py
[2024-08-20T18:49:48.000+0000] {logging_mixin.py:188} INFO - [2024-08-20T18:49:47.999+0000] {dag.py:3089} INFO - Sync 3 DAGs
[2024-08-20T18:49:48.051+0000] {logging_mixin.py:188} INFO - [2024-08-20T18:49:48.051+0000] {dag.py:3947} INFO - Setting next_dagrun for example_subdag_operator to 2022-01-01 00:00:00+00:00, run_after=2022-01-01 00:00:00+00:00
[2024-08-20T18:49:48.062+0000] {logging_mixin.py:188} INFO - [2024-08-20T18:49:48.061+0000] {dag.py:3947} INFO - Setting next_dagrun for example_subdag_operator.section-1 to None, run_after=None
[2024-08-20T18:49:48.065+0000] {logging_mixin.py:188} INFO - [2024-08-20T18:49:48.064+0000] {dag.py:3947} INFO - Setting next_dagrun for example_subdag_operator.section-2 to None, run_after=None
[2024-08-20T18:49:48.081+0000] {logging_mixin.py:188} INFO - [2024-08-20T18:49:48.080+0000] {dag.py:3089} INFO - Sync 2 DAGs
[2024-08-20T18:49:48.101+0000] {logging_mixin.py:188} INFO - [2024-08-20T18:49:48.100+0000] {dag.py:3947} INFO - Setting next_dagrun for example_subdag_operator.section-1 to None, run_after=None
[2024-08-20T18:49:48.102+0000] {logging_mixin.py:188} INFO - [2024-08-20T18:49:48.101+0000] {dag.py:3947} INFO - Setting next_dagrun for example_subdag_operator.section-2 to None, run_after=None
[2024-08-20T18:49:48.155+0000] {processor.py:183} INFO - Processing /home/airflow/.local/lib/python3.12/site-packages/airflow/example_dags/example_subdag_operator.py took 0.268 seconds
[2024-08-20T19:03:20.119+0000] {processor.py:161} INFO - Started process (PID=77) to work on /home/airflow/.local/lib/python3.12/site-packages/airflow/example_dags/example_subdag_operator.py
[2024-08-20T19:03:20.126+0000] {processor.py:830} INFO - Processing file /home/airflow/.local/lib/python3.12/site-packages/airflow/example_dags/example_subdag_operator.py for tasks to queue
[2024-08-20T19:03:20.128+0000] {logging_mixin.py:188} INFO - [2024-08-20T19:03:20.127+0000] {dagbag.py:545} INFO - Filling up the DagBag from /home/airflow/.local/lib/python3.12/site-packages/airflow/example_dags/example_subdag_operator.py
[2024-08-20T19:03:20.240+0000] {processor.py:840} INFO - DAG(s) 'example_subdag_operator.section-1', 'example_subdag_operator.section-2', 'example_subdag_operator' retrieved from /home/airflow/.local/lib/python3.12/site-packages/airflow/example_dags/example_subdag_operator.py
[2024-08-20T19:03:20.586+0000] {logging_mixin.py:188} INFO - [2024-08-20T19:03:20.586+0000] {dag.py:3089} INFO - Sync 3 DAGs
[2024-08-20T19:03:20.675+0000] {logging_mixin.py:188} INFO - [2024-08-20T19:03:20.674+0000] {dag.py:3947} INFO - Setting next_dagrun for example_subdag_operator to 2022-01-01 00:00:00+00:00, run_after=2022-01-01 00:00:00+00:00
[2024-08-20T19:03:20.691+0000] {logging_mixin.py:188} INFO - [2024-08-20T19:03:20.691+0000] {dag.py:3947} INFO - Setting next_dagrun for example_subdag_operator.section-1 to None, run_after=None
[2024-08-20T19:03:20.702+0000] {logging_mixin.py:188} INFO - [2024-08-20T19:03:20.701+0000] {dag.py:3947} INFO - Setting next_dagrun for example_subdag_operator.section-2 to None, run_after=None
[2024-08-20T19:03:20.731+0000] {logging_mixin.py:188} INFO - [2024-08-20T19:03:20.730+0000] {dag.py:3089} INFO - Sync 2 DAGs
[2024-08-20T19:03:20.744+0000] {logging_mixin.py:188} INFO - [2024-08-20T19:03:20.744+0000] {dag.py:3947} INFO - Setting next_dagrun for example_subdag_operator.section-1 to None, run_after=None
[2024-08-20T19:03:20.745+0000] {logging_mixin.py:188} INFO - [2024-08-20T19:03:20.745+0000] {dag.py:3947} INFO - Setting next_dagrun for example_subdag_operator.section-2 to None, run_after=None
[2024-08-20T19:03:20.785+0000] {processor.py:183} INFO - Processing /home/airflow/.local/lib/python3.12/site-packages/airflow/example_dags/example_subdag_operator.py took 0.683 seconds
[2024-08-20T19:03:53.244+0000] {processor.py:161} INFO - Started process (PID=134) to work on /home/airflow/.local/lib/python3.12/site-packages/airflow/example_dags/example_subdag_operator.py
[2024-08-20T19:03:53.250+0000] {processor.py:830} INFO - Processing file /home/airflow/.local/lib/python3.12/site-packages/airflow/example_dags/example_subdag_operator.py for tasks to queue
[2024-08-20T19:03:53.255+0000] {logging_mixin.py:188} INFO - [2024-08-20T19:03:53.252+0000] {dagbag.py:545} INFO - Filling up the DagBag from /home/airflow/.local/lib/python3.12/site-packages/airflow/example_dags/example_subdag_operator.py
[2024-08-20T19:03:53.353+0000] {processor.py:840} INFO - DAG(s) 'example_subdag_operator.section-1', 'example_subdag_operator.section-2', 'example_subdag_operator' retrieved from /home/airflow/.local/lib/python3.12/site-packages/airflow/example_dags/example_subdag_operator.py
[2024-08-20T19:03:53.407+0000] {logging_mixin.py:188} INFO - [2024-08-20T19:03:53.406+0000] {dag.py:3089} INFO - Sync 3 DAGs
[2024-08-20T19:03:53.467+0000] {logging_mixin.py:188} INFO - [2024-08-20T19:03:53.467+0000] {dag.py:3947} INFO - Setting next_dagrun for example_subdag_operator to 2022-01-01 00:00:00+00:00, run_after=2022-01-01 00:00:00+00:00
[2024-08-20T19:03:53.476+0000] {logging_mixin.py:188} INFO - [2024-08-20T19:03:53.476+0000] {dag.py:3947} INFO - Setting next_dagrun for example_subdag_operator.section-1 to None, run_after=None
[2024-08-20T19:03:53.481+0000] {logging_mixin.py:188} INFO - [2024-08-20T19:03:53.480+0000] {dag.py:3947} INFO - Setting next_dagrun for example_subdag_operator.section-2 to None, run_after=None
[2024-08-20T19:03:53.496+0000] {logging_mixin.py:188} INFO - [2024-08-20T19:03:53.496+0000] {dag.py:3089} INFO - Sync 2 DAGs
[2024-08-20T19:03:53.506+0000] {logging_mixin.py:188} INFO - [2024-08-20T19:03:53.506+0000] {dag.py:3947} INFO - Setting next_dagrun for example_subdag_operator.section-1 to None, run_after=None
[2024-08-20T19:03:53.508+0000] {logging_mixin.py:188} INFO - [2024-08-20T19:03:53.507+0000] {dag.py:3947} INFO - Setting next_dagrun for example_subdag_operator.section-2 to None, run_after=None
[2024-08-20T19:03:53.556+0000] {processor.py:183} INFO - Processing /home/airflow/.local/lib/python3.12/site-packages/airflow/example_dags/example_subdag_operator.py took 0.333 seconds
[2024-08-20T19:06:25.160+0000] {processor.py:161} INFO - Started process (PID=220) to work on /home/airflow/.local/lib/python3.12/site-packages/airflow/example_dags/example_subdag_operator.py
[2024-08-20T19:06:25.163+0000] {processor.py:830} INFO - Processing file /home/airflow/.local/lib/python3.12/site-packages/airflow/example_dags/example_subdag_operator.py for tasks to queue
[2024-08-20T19:06:25.165+0000] {logging_mixin.py:188} INFO - [2024-08-20T19:06:25.164+0000] {dagbag.py:545} INFO - Filling up the DagBag from /home/airflow/.local/lib/python3.12/site-packages/airflow/example_dags/example_subdag_operator.py
[2024-08-20T19:06:25.238+0000] {processor.py:840} INFO - DAG(s) 'example_subdag_operator.section-1', 'example_subdag_operator.section-2', 'example_subdag_operator' retrieved from /home/airflow/.local/lib/python3.12/site-packages/airflow/example_dags/example_subdag_operator.py
[2024-08-20T19:06:25.278+0000] {logging_mixin.py:188} INFO - [2024-08-20T19:06:25.277+0000] {dag.py:3089} INFO - Sync 3 DAGs
[2024-08-20T19:06:25.325+0000] {logging_mixin.py:188} INFO - [2024-08-20T19:06:25.325+0000] {dag.py:3947} INFO - Setting next_dagrun for example_subdag_operator to 2022-01-01 00:00:00+00:00, run_after=2022-01-01 00:00:00+00:00
[2024-08-20T19:06:25.333+0000] {logging_mixin.py:188} INFO - [2024-08-20T19:06:25.332+0000] {dag.py:3947} INFO - Setting next_dagrun for example_subdag_operator.section-1 to None, run_after=None
[2024-08-20T19:06:25.336+0000] {logging_mixin.py:188} INFO - [2024-08-20T19:06:25.335+0000] {dag.py:3947} INFO - Setting next_dagrun for example_subdag_operator.section-2 to None, run_after=None
[2024-08-20T19:06:25.353+0000] {logging_mixin.py:188} INFO - [2024-08-20T19:06:25.352+0000] {dag.py:3089} INFO - Sync 2 DAGs
[2024-08-20T19:06:25.366+0000] {logging_mixin.py:188} INFO - [2024-08-20T19:06:25.365+0000] {dag.py:3947} INFO - Setting next_dagrun for example_subdag_operator.section-1 to None, run_after=None
[2024-08-20T19:06:25.368+0000] {logging_mixin.py:188} INFO - [2024-08-20T19:06:25.368+0000] {dag.py:3947} INFO - Setting next_dagrun for example_subdag_operator.section-2 to None, run_after=None
[2024-08-20T19:06:25.396+0000] {processor.py:183} INFO - Processing /home/airflow/.local/lib/python3.12/site-packages/airflow/example_dags/example_subdag_operator.py took 0.253 seconds
[2024-08-20T19:07:20.918+0000] {processor.py:161} INFO - Started process (PID=282) to work on /home/airflow/.local/lib/python3.12/site-packages/airflow/example_dags/example_subdag_operator.py
[2024-08-20T19:07:20.923+0000] {processor.py:830} INFO - Processing file /home/airflow/.local/lib/python3.12/site-packages/airflow/example_dags/example_subdag_operator.py for tasks to queue
[2024-08-20T19:07:20.925+0000] {logging_mixin.py:188} INFO - [2024-08-20T19:07:20.924+0000] {dagbag.py:545} INFO - Filling up the DagBag from /home/airflow/.local/lib/python3.12/site-packages/airflow/example_dags/example_subdag_operator.py
[2024-08-20T19:07:20.996+0000] {processor.py:840} INFO - DAG(s) 'example_subdag_operator.section-1', 'example_subdag_operator.section-2', 'example_subdag_operator' retrieved from /home/airflow/.local/lib/python3.12/site-packages/airflow/example_dags/example_subdag_operator.py
[2024-08-20T19:07:21.056+0000] {logging_mixin.py:188} INFO - [2024-08-20T19:07:21.055+0000] {dag.py:3089} INFO - Sync 3 DAGs
[2024-08-20T19:07:21.130+0000] {logging_mixin.py:188} INFO - [2024-08-20T19:07:21.130+0000] {dag.py:3947} INFO - Setting next_dagrun for example_subdag_operator to 2022-01-01 00:00:00+00:00, run_after=2022-01-01 00:00:00+00:00
[2024-08-20T19:07:21.149+0000] {logging_mixin.py:188} INFO - [2024-08-20T19:07:21.148+0000] {dag.py:3947} INFO - Setting next_dagrun for example_subdag_operator.section-1 to None, run_after=None
[2024-08-20T19:07:21.158+0000] {logging_mixin.py:188} INFO - [2024-08-20T19:07:21.158+0000] {dag.py:3947} INFO - Setting next_dagrun for example_subdag_operator.section-2 to None, run_after=None
[2024-08-20T19:07:21.181+0000] {logging_mixin.py:188} INFO - [2024-08-20T19:07:21.181+0000] {dag.py:3089} INFO - Sync 2 DAGs
[2024-08-20T19:07:21.205+0000] {logging_mixin.py:188} INFO - [2024-08-20T19:07:21.205+0000] {dag.py:3947} INFO - Setting next_dagrun for example_subdag_operator.section-1 to None, run_after=None
[2024-08-20T19:07:21.206+0000] {logging_mixin.py:188} INFO - [2024-08-20T19:07:21.206+0000] {dag.py:3947} INFO - Setting next_dagrun for example_subdag_operator.section-2 to None, run_after=None
[2024-08-20T19:07:21.250+0000] {processor.py:183} INFO - Processing /home/airflow/.local/lib/python3.12/site-packages/airflow/example_dags/example_subdag_operator.py took 0.352 seconds
[2024-08-20T19:09:01.587+0000] {processor.py:161} INFO - Started process (PID=354) to work on /home/airflow/.local/lib/python3.12/site-packages/airflow/example_dags/example_subdag_operator.py
[2024-08-20T19:09:01.594+0000] {processor.py:830} INFO - Processing file /home/airflow/.local/lib/python3.12/site-packages/airflow/example_dags/example_subdag_operator.py for tasks to queue
[2024-08-20T19:09:01.599+0000] {logging_mixin.py:188} INFO - [2024-08-20T19:09:01.598+0000] {dagbag.py:545} INFO - Filling up the DagBag from /home/airflow/.local/lib/python3.12/site-packages/airflow/example_dags/example_subdag_operator.py
[2024-08-20T19:09:01.694+0000] {processor.py:840} INFO - DAG(s) 'example_subdag_operator.section-1', 'example_subdag_operator.section-2', 'example_subdag_operator' retrieved from /home/airflow/.local/lib/python3.12/site-packages/airflow/example_dags/example_subdag_operator.py
[2024-08-20T19:09:01.745+0000] {logging_mixin.py:188} INFO - [2024-08-20T19:09:01.744+0000] {dag.py:3089} INFO - Sync 3 DAGs
[2024-08-20T19:09:01.804+0000] {logging_mixin.py:188} INFO - [2024-08-20T19:09:01.804+0000] {dag.py:3947} INFO - Setting next_dagrun for example_subdag_operator to 2022-01-01 00:00:00+00:00, run_after=2022-01-01 00:00:00+00:00
[2024-08-20T19:09:01.816+0000] {logging_mixin.py:188} INFO - [2024-08-20T19:09:01.815+0000] {dag.py:3947} INFO - Setting next_dagrun for example_subdag_operator.section-1 to None, run_after=None
[2024-08-20T19:09:01.820+0000] {logging_mixin.py:188} INFO - [2024-08-20T19:09:01.819+0000] {dag.py:3947} INFO - Setting next_dagrun for example_subdag_operator.section-2 to None, run_after=None
[2024-08-20T19:09:01.840+0000] {logging_mixin.py:188} INFO - [2024-08-20T19:09:01.839+0000] {dag.py:3089} INFO - Sync 2 DAGs
[2024-08-20T19:09:01.858+0000] {logging_mixin.py:188} INFO - [2024-08-20T19:09:01.857+0000] {dag.py:3947} INFO - Setting next_dagrun for example_subdag_operator.section-1 to None, run_after=None
[2024-08-20T19:09:01.859+0000] {logging_mixin.py:188} INFO - [2024-08-20T19:09:01.858+0000] {dag.py:3947} INFO - Setting next_dagrun for example_subdag_operator.section-2 to None, run_after=None
[2024-08-20T19:09:01.892+0000] {processor.py:183} INFO - Processing /home/airflow/.local/lib/python3.12/site-packages/airflow/example_dags/example_subdag_operator.py took 0.340 seconds
[2024-08-20T19:09:32.044+0000] {processor.py:161} INFO - Started process (PID=411) to work on /home/airflow/.local/lib/python3.12/site-packages/airflow/example_dags/example_subdag_operator.py
[2024-08-20T19:09:32.056+0000] {processor.py:830} INFO - Processing file /home/airflow/.local/lib/python3.12/site-packages/airflow/example_dags/example_subdag_operator.py for tasks to queue
[2024-08-20T19:09:32.059+0000] {logging_mixin.py:188} INFO - [2024-08-20T19:09:32.058+0000] {dagbag.py:545} INFO - Filling up the DagBag from /home/airflow/.local/lib/python3.12/site-packages/airflow/example_dags/example_subdag_operator.py
[2024-08-20T19:09:32.127+0000] {processor.py:840} INFO - DAG(s) 'example_subdag_operator.section-1', 'example_subdag_operator.section-2', 'example_subdag_operator' retrieved from /home/airflow/.local/lib/python3.12/site-packages/airflow/example_dags/example_subdag_operator.py
[2024-08-20T19:09:32.205+0000] {logging_mixin.py:188} INFO - [2024-08-20T19:09:32.204+0000] {dag.py:3089} INFO - Sync 3 DAGs
[2024-08-20T19:09:32.365+0000] {logging_mixin.py:188} INFO - [2024-08-20T19:09:32.364+0000] {dag.py:3947} INFO - Setting next_dagrun for example_subdag_operator to 2022-01-01 00:00:00+00:00, run_after=2022-01-01 00:00:00+00:00
[2024-08-20T19:09:32.455+0000] {logging_mixin.py:188} INFO - [2024-08-20T19:09:32.455+0000] {dag.py:3947} INFO - Setting next_dagrun for example_subdag_operator.section-1 to None, run_after=None
[2024-08-20T19:09:32.468+0000] {logging_mixin.py:188} INFO - [2024-08-20T19:09:32.468+0000] {dag.py:3947} INFO - Setting next_dagrun for example_subdag_operator.section-2 to None, run_after=None
[2024-08-20T19:09:32.517+0000] {logging_mixin.py:188} INFO - [2024-08-20T19:09:32.516+0000] {dag.py:3089} INFO - Sync 2 DAGs
[2024-08-20T19:09:32.578+0000] {logging_mixin.py:188} INFO - [2024-08-20T19:09:32.577+0000] {dag.py:3947} INFO - Setting next_dagrun for example_subdag_operator.section-1 to None, run_after=None
[2024-08-20T19:09:32.584+0000] {logging_mixin.py:188} INFO - [2024-08-20T19:09:32.579+0000] {dag.py:3947} INFO - Setting next_dagrun for example_subdag_operator.section-2 to None, run_after=None
[2024-08-20T19:09:32.705+0000] {processor.py:183} INFO - Processing /home/airflow/.local/lib/python3.12/site-packages/airflow/example_dags/example_subdag_operator.py took 0.676 seconds
[2024-08-20T19:12:59.975+0000] {processor.py:161} INFO - Started process (PID=469) to work on /home/airflow/.local/lib/python3.12/site-packages/airflow/example_dags/example_subdag_operator.py
[2024-08-20T19:12:59.993+0000] {processor.py:830} INFO - Processing file /home/airflow/.local/lib/python3.12/site-packages/airflow/example_dags/example_subdag_operator.py for tasks to queue
[2024-08-20T19:12:59.995+0000] {logging_mixin.py:188} INFO - [2024-08-20T19:12:59.994+0000] {dagbag.py:545} INFO - Filling up the DagBag from /home/airflow/.local/lib/python3.12/site-packages/airflow/example_dags/example_subdag_operator.py
[2024-08-20T19:13:00.062+0000] {processor.py:840} INFO - DAG(s) 'example_subdag_operator.section-1', 'example_subdag_operator.section-2', 'example_subdag_operator' retrieved from /home/airflow/.local/lib/python3.12/site-packages/airflow/example_dags/example_subdag_operator.py
[2024-08-20T19:13:00.121+0000] {logging_mixin.py:188} INFO - [2024-08-20T19:13:00.121+0000] {dag.py:3089} INFO - Sync 3 DAGs
[2024-08-20T19:13:00.174+0000] {logging_mixin.py:188} INFO - [2024-08-20T19:13:00.174+0000] {dag.py:3947} INFO - Setting next_dagrun for example_subdag_operator to 2022-01-01 00:00:00+00:00, run_after=2022-01-01 00:00:00+00:00
[2024-08-20T19:13:00.184+0000] {logging_mixin.py:188} INFO - [2024-08-20T19:13:00.183+0000] {dag.py:3947} INFO - Setting next_dagrun for example_subdag_operator.section-1 to None, run_after=None
[2024-08-20T19:13:00.186+0000] {logging_mixin.py:188} INFO - [2024-08-20T19:13:00.186+0000] {dag.py:3947} INFO - Setting next_dagrun for example_subdag_operator.section-2 to None, run_after=None
[2024-08-20T19:13:00.204+0000] {logging_mixin.py:188} INFO - [2024-08-20T19:13:00.203+0000] {dag.py:3089} INFO - Sync 2 DAGs
[2024-08-20T19:13:00.217+0000] {logging_mixin.py:188} INFO - [2024-08-20T19:13:00.217+0000] {dag.py:3947} INFO - Setting next_dagrun for example_subdag_operator.section-1 to None, run_after=None
[2024-08-20T19:13:00.218+0000] {logging_mixin.py:188} INFO - [2024-08-20T19:13:00.218+0000] {dag.py:3947} INFO - Setting next_dagrun for example_subdag_operator.section-2 to None, run_after=None
[2024-08-20T19:13:00.257+0000] {processor.py:183} INFO - Processing /home/airflow/.local/lib/python3.12/site-packages/airflow/example_dags/example_subdag_operator.py took 0.295 seconds
[2024-08-20T19:21:30.626+0000] {processor.py:161} INFO - Started process (PID=75) to work on /home/airflow/.local/lib/python3.12/site-packages/airflow/example_dags/example_subdag_operator.py
[2024-08-20T19:21:30.631+0000] {processor.py:830} INFO - Processing file /home/airflow/.local/lib/python3.12/site-packages/airflow/example_dags/example_subdag_operator.py for tasks to queue
[2024-08-20T19:21:30.632+0000] {logging_mixin.py:188} INFO - [2024-08-20T19:21:30.632+0000] {dagbag.py:545} INFO - Filling up the DagBag from /home/airflow/.local/lib/python3.12/site-packages/airflow/example_dags/example_subdag_operator.py
[2024-08-20T19:21:30.687+0000] {processor.py:840} INFO - DAG(s) 'example_subdag_operator.section-1', 'example_subdag_operator.section-2', 'example_subdag_operator' retrieved from /home/airflow/.local/lib/python3.12/site-packages/airflow/example_dags/example_subdag_operator.py
[2024-08-20T19:21:30.919+0000] {logging_mixin.py:188} INFO - [2024-08-20T19:21:30.918+0000] {dag.py:3089} INFO - Sync 3 DAGs
[2024-08-20T19:21:30.969+0000] {logging_mixin.py:188} INFO - [2024-08-20T19:21:30.968+0000] {dag.py:3947} INFO - Setting next_dagrun for example_subdag_operator to 2022-01-01 00:00:00+00:00, run_after=2022-01-01 00:00:00+00:00
[2024-08-20T19:21:30.976+0000] {logging_mixin.py:188} INFO - [2024-08-20T19:21:30.975+0000] {dag.py:3947} INFO - Setting next_dagrun for example_subdag_operator.section-1 to None, run_after=None
[2024-08-20T19:21:30.979+0000] {logging_mixin.py:188} INFO - [2024-08-20T19:21:30.978+0000] {dag.py:3947} INFO - Setting next_dagrun for example_subdag_operator.section-2 to None, run_after=None
[2024-08-20T19:21:30.999+0000] {logging_mixin.py:188} INFO - [2024-08-20T19:21:30.999+0000] {dag.py:3089} INFO - Sync 2 DAGs
[2024-08-20T19:21:31.012+0000] {logging_mixin.py:188} INFO - [2024-08-20T19:21:31.011+0000] {dag.py:3947} INFO - Setting next_dagrun for example_subdag_operator.section-1 to None, run_after=None
[2024-08-20T19:21:31.014+0000] {logging_mixin.py:188} INFO - [2024-08-20T19:21:31.013+0000] {dag.py:3947} INFO - Setting next_dagrun for example_subdag_operator.section-2 to None, run_after=None
[2024-08-20T19:21:31.045+0000] {processor.py:183} INFO - Processing /home/airflow/.local/lib/python3.12/site-packages/airflow/example_dags/example_subdag_operator.py took 0.428 seconds
[2024-08-20T19:22:21.205+0000] {processor.py:161} INFO - Started process (PID=143) to work on /home/airflow/.local/lib/python3.12/site-packages/airflow/example_dags/example_subdag_operator.py
[2024-08-20T19:22:21.208+0000] {processor.py:830} INFO - Processing file /home/airflow/.local/lib/python3.12/site-packages/airflow/example_dags/example_subdag_operator.py for tasks to queue
[2024-08-20T19:22:21.209+0000] {logging_mixin.py:188} INFO - [2024-08-20T19:22:21.209+0000] {dagbag.py:545} INFO - Filling up the DagBag from /home/airflow/.local/lib/python3.12/site-packages/airflow/example_dags/example_subdag_operator.py
[2024-08-20T19:22:21.266+0000] {processor.py:840} INFO - DAG(s) 'example_subdag_operator.section-1', 'example_subdag_operator.section-2', 'example_subdag_operator' retrieved from /home/airflow/.local/lib/python3.12/site-packages/airflow/example_dags/example_subdag_operator.py
[2024-08-20T19:22:21.310+0000] {logging_mixin.py:188} INFO - [2024-08-20T19:22:21.310+0000] {dag.py:3089} INFO - Sync 3 DAGs
[2024-08-20T19:22:21.360+0000] {logging_mixin.py:188} INFO - [2024-08-20T19:22:21.359+0000] {dag.py:3947} INFO - Setting next_dagrun for example_subdag_operator to 2022-01-01 00:00:00+00:00, run_after=2022-01-01 00:00:00+00:00
[2024-08-20T19:22:21.370+0000] {logging_mixin.py:188} INFO - [2024-08-20T19:22:21.369+0000] {dag.py:3947} INFO - Setting next_dagrun for example_subdag_operator.section-1 to None, run_after=None
[2024-08-20T19:22:21.373+0000] {logging_mixin.py:188} INFO - [2024-08-20T19:22:21.372+0000] {dag.py:3947} INFO - Setting next_dagrun for example_subdag_operator.section-2 to None, run_after=None
[2024-08-20T19:22:21.390+0000] {logging_mixin.py:188} INFO - [2024-08-20T19:22:21.390+0000] {dag.py:3089} INFO - Sync 2 DAGs
[2024-08-20T19:22:21.404+0000] {logging_mixin.py:188} INFO - [2024-08-20T19:22:21.403+0000] {dag.py:3947} INFO - Setting next_dagrun for example_subdag_operator.section-1 to None, run_after=None
[2024-08-20T19:22:21.405+0000] {logging_mixin.py:188} INFO - [2024-08-20T19:22:21.405+0000] {dag.py:3947} INFO - Setting next_dagrun for example_subdag_operator.section-2 to None, run_after=None
[2024-08-20T19:22:21.434+0000] {processor.py:183} INFO - Processing /home/airflow/.local/lib/python3.12/site-packages/airflow/example_dags/example_subdag_operator.py took 0.241 seconds
[2024-08-20T19:24:48.816+0000] {processor.py:161} INFO - Started process (PID=207) to work on /home/airflow/.local/lib/python3.12/site-packages/airflow/example_dags/example_subdag_operator.py
[2024-08-20T19:24:48.821+0000] {processor.py:830} INFO - Processing file /home/airflow/.local/lib/python3.12/site-packages/airflow/example_dags/example_subdag_operator.py for tasks to queue
[2024-08-20T19:24:48.823+0000] {logging_mixin.py:188} INFO - [2024-08-20T19:24:48.822+0000] {dagbag.py:545} INFO - Filling up the DagBag from /home/airflow/.local/lib/python3.12/site-packages/airflow/example_dags/example_subdag_operator.py
[2024-08-20T19:24:48.871+0000] {processor.py:840} INFO - DAG(s) 'example_subdag_operator.section-1', 'example_subdag_operator.section-2', 'example_subdag_operator' retrieved from /home/airflow/.local/lib/python3.12/site-packages/airflow/example_dags/example_subdag_operator.py
[2024-08-20T19:24:48.910+0000] {logging_mixin.py:188} INFO - [2024-08-20T19:24:48.910+0000] {dag.py:3089} INFO - Sync 3 DAGs
[2024-08-20T19:24:48.971+0000] {logging_mixin.py:188} INFO - [2024-08-20T19:24:48.970+0000] {dag.py:3947} INFO - Setting next_dagrun for example_subdag_operator to 2022-01-01 00:00:00+00:00, run_after=2022-01-01 00:00:00+00:00
[2024-08-20T19:24:48.979+0000] {logging_mixin.py:188} INFO - [2024-08-20T19:24:48.978+0000] {dag.py:3947} INFO - Setting next_dagrun for example_subdag_operator.section-1 to None, run_after=None
[2024-08-20T19:24:48.981+0000] {logging_mixin.py:188} INFO - [2024-08-20T19:24:48.981+0000] {dag.py:3947} INFO - Setting next_dagrun for example_subdag_operator.section-2 to None, run_after=None
[2024-08-20T19:24:48.995+0000] {logging_mixin.py:188} INFO - [2024-08-20T19:24:48.995+0000] {dag.py:3089} INFO - Sync 2 DAGs
[2024-08-20T19:24:49.009+0000] {logging_mixin.py:188} INFO - [2024-08-20T19:24:49.008+0000] {dag.py:3947} INFO - Setting next_dagrun for example_subdag_operator.section-1 to None, run_after=None
[2024-08-20T19:24:49.010+0000] {logging_mixin.py:188} INFO - [2024-08-20T19:24:49.010+0000] {dag.py:3947} INFO - Setting next_dagrun for example_subdag_operator.section-2 to None, run_after=None
[2024-08-20T19:24:49.037+0000] {processor.py:183} INFO - Processing /home/airflow/.local/lib/python3.12/site-packages/airflow/example_dags/example_subdag_operator.py took 0.232 seconds
[2024-08-20T19:27:31.015+0000] {processor.py:161} INFO - Started process (PID=265) to work on /home/airflow/.local/lib/python3.12/site-packages/airflow/example_dags/example_subdag_operator.py
[2024-08-20T19:27:31.062+0000] {processor.py:830} INFO - Processing file /home/airflow/.local/lib/python3.12/site-packages/airflow/example_dags/example_subdag_operator.py for tasks to queue
[2024-08-20T19:27:31.064+0000] {logging_mixin.py:188} INFO - [2024-08-20T19:27:31.063+0000] {dagbag.py:545} INFO - Filling up the DagBag from /home/airflow/.local/lib/python3.12/site-packages/airflow/example_dags/example_subdag_operator.py
[2024-08-20T19:27:34.301+0000] {processor.py:840} INFO - DAG(s) 'example_subdag_operator.section-1', 'example_subdag_operator.section-2', 'example_subdag_operator' retrieved from /home/airflow/.local/lib/python3.12/site-packages/airflow/example_dags/example_subdag_operator.py
[2024-08-20T19:27:34.375+0000] {logging_mixin.py:188} INFO - [2024-08-20T19:27:34.375+0000] {dag.py:3089} INFO - Sync 3 DAGs
[2024-08-20T19:27:34.457+0000] {logging_mixin.py:188} INFO - [2024-08-20T19:27:34.456+0000] {dag.py:3947} INFO - Setting next_dagrun for example_subdag_operator to 2022-01-01 00:00:00+00:00, run_after=2022-01-01 00:00:00+00:00
[2024-08-20T19:27:34.464+0000] {logging_mixin.py:188} INFO - [2024-08-20T19:27:34.464+0000] {dag.py:3947} INFO - Setting next_dagrun for example_subdag_operator.section-1 to None, run_after=None
[2024-08-20T19:27:34.467+0000] {logging_mixin.py:188} INFO - [2024-08-20T19:27:34.467+0000] {dag.py:3947} INFO - Setting next_dagrun for example_subdag_operator.section-2 to None, run_after=None
[2024-08-20T19:27:34.502+0000] {logging_mixin.py:188} INFO - [2024-08-20T19:27:34.501+0000] {dag.py:3089} INFO - Sync 2 DAGs
[2024-08-20T19:27:34.516+0000] {logging_mixin.py:188} INFO - [2024-08-20T19:27:34.515+0000] {dag.py:3947} INFO - Setting next_dagrun for example_subdag_operator.section-1 to None, run_after=None
[2024-08-20T19:27:34.517+0000] {logging_mixin.py:188} INFO - [2024-08-20T19:27:34.516+0000] {dag.py:3947} INFO - Setting next_dagrun for example_subdag_operator.section-2 to None, run_after=None
[2024-08-20T19:27:34.560+0000] {processor.py:183} INFO - Processing /home/airflow/.local/lib/python3.12/site-packages/airflow/example_dags/example_subdag_operator.py took 3.200 seconds
[2024-08-20T19:28:04.719+0000] {processor.py:161} INFO - Started process (PID=323) to work on /home/airflow/.local/lib/python3.12/site-packages/airflow/example_dags/example_subdag_operator.py
[2024-08-20T19:28:04.728+0000] {processor.py:830} INFO - Processing file /home/airflow/.local/lib/python3.12/site-packages/airflow/example_dags/example_subdag_operator.py for tasks to queue
[2024-08-20T19:28:04.730+0000] {logging_mixin.py:188} INFO - [2024-08-20T19:28:04.729+0000] {dagbag.py:545} INFO - Filling up the DagBag from /home/airflow/.local/lib/python3.12/site-packages/airflow/example_dags/example_subdag_operator.py
[2024-08-20T19:28:04.974+0000] {processor.py:840} INFO - DAG(s) 'example_subdag_operator.section-1', 'example_subdag_operator.section-2', 'example_subdag_operator' retrieved from /home/airflow/.local/lib/python3.12/site-packages/airflow/example_dags/example_subdag_operator.py
[2024-08-20T19:28:05.019+0000] {logging_mixin.py:188} INFO - [2024-08-20T19:28:05.016+0000] {dag.py:3089} INFO - Sync 3 DAGs
[2024-08-20T19:28:05.073+0000] {logging_mixin.py:188} INFO - [2024-08-20T19:28:05.072+0000] {dag.py:3947} INFO - Setting next_dagrun for example_subdag_operator to 2022-01-01 00:00:00+00:00, run_after=2022-01-01 00:00:00+00:00
[2024-08-20T19:28:05.081+0000] {logging_mixin.py:188} INFO - [2024-08-20T19:28:05.081+0000] {dag.py:3947} INFO - Setting next_dagrun for example_subdag_operator.section-1 to None, run_after=None
[2024-08-20T19:28:05.084+0000] {logging_mixin.py:188} INFO - [2024-08-20T19:28:05.084+0000] {dag.py:3947} INFO - Setting next_dagrun for example_subdag_operator.section-2 to None, run_after=None
[2024-08-20T19:28:05.105+0000] {logging_mixin.py:188} INFO - [2024-08-20T19:28:05.105+0000] {dag.py:3089} INFO - Sync 2 DAGs
[2024-08-20T19:28:05.117+0000] {logging_mixin.py:188} INFO - [2024-08-20T19:28:05.117+0000] {dag.py:3947} INFO - Setting next_dagrun for example_subdag_operator.section-1 to None, run_after=None
[2024-08-20T19:28:05.118+0000] {logging_mixin.py:188} INFO - [2024-08-20T19:28:05.118+0000] {dag.py:3947} INFO - Setting next_dagrun for example_subdag_operator.section-2 to None, run_after=None
[2024-08-20T19:28:05.162+0000] {processor.py:183} INFO - Processing /home/airflow/.local/lib/python3.12/site-packages/airflow/example_dags/example_subdag_operator.py took 0.456 seconds
[2024-08-20T19:30:30.783+0000] {processor.py:161} INFO - Started process (PID=414) to work on /home/airflow/.local/lib/python3.12/site-packages/airflow/example_dags/example_subdag_operator.py
[2024-08-20T19:30:30.788+0000] {processor.py:830} INFO - Processing file /home/airflow/.local/lib/python3.12/site-packages/airflow/example_dags/example_subdag_operator.py for tasks to queue
[2024-08-20T19:30:30.790+0000] {logging_mixin.py:188} INFO - [2024-08-20T19:30:30.790+0000] {dagbag.py:545} INFO - Filling up the DagBag from /home/airflow/.local/lib/python3.12/site-packages/airflow/example_dags/example_subdag_operator.py
[2024-08-20T19:30:30.839+0000] {processor.py:840} INFO - DAG(s) 'example_subdag_operator.section-1', 'example_subdag_operator.section-2', 'example_subdag_operator' retrieved from /home/airflow/.local/lib/python3.12/site-packages/airflow/example_dags/example_subdag_operator.py
[2024-08-20T19:30:30.874+0000] {logging_mixin.py:188} INFO - [2024-08-20T19:30:30.874+0000] {dag.py:3089} INFO - Sync 3 DAGs
[2024-08-20T19:30:30.916+0000] {logging_mixin.py:188} INFO - [2024-08-20T19:30:30.916+0000] {dag.py:3947} INFO - Setting next_dagrun for example_subdag_operator to 2022-01-01 00:00:00+00:00, run_after=2022-01-01 00:00:00+00:00
[2024-08-20T19:30:30.928+0000] {logging_mixin.py:188} INFO - [2024-08-20T19:30:30.927+0000] {dag.py:3947} INFO - Setting next_dagrun for example_subdag_operator.section-1 to None, run_after=None
[2024-08-20T19:30:30.931+0000] {logging_mixin.py:188} INFO - [2024-08-20T19:30:30.930+0000] {dag.py:3947} INFO - Setting next_dagrun for example_subdag_operator.section-2 to None, run_after=None
[2024-08-20T19:30:30.945+0000] {logging_mixin.py:188} INFO - [2024-08-20T19:30:30.945+0000] {dag.py:3089} INFO - Sync 2 DAGs
[2024-08-20T19:30:30.955+0000] {logging_mixin.py:188} INFO - [2024-08-20T19:30:30.955+0000] {dag.py:3947} INFO - Setting next_dagrun for example_subdag_operator.section-1 to None, run_after=None
[2024-08-20T19:30:30.956+0000] {logging_mixin.py:188} INFO - [2024-08-20T19:30:30.956+0000] {dag.py:3947} INFO - Setting next_dagrun for example_subdag_operator.section-2 to None, run_after=None
[2024-08-20T19:30:30.987+0000] {processor.py:183} INFO - Processing /home/airflow/.local/lib/python3.12/site-packages/airflow/example_dags/example_subdag_operator.py took 0.215 seconds
[2024-08-20T19:33:15.585+0000] {processor.py:161} INFO - Started process (PID=479) to work on /home/airflow/.local/lib/python3.12/site-packages/airflow/example_dags/example_subdag_operator.py
[2024-08-20T19:33:15.587+0000] {processor.py:830} INFO - Processing file /home/airflow/.local/lib/python3.12/site-packages/airflow/example_dags/example_subdag_operator.py for tasks to queue
[2024-08-20T19:33:15.589+0000] {logging_mixin.py:188} INFO - [2024-08-20T19:33:15.588+0000] {dagbag.py:545} INFO - Filling up the DagBag from /home/airflow/.local/lib/python3.12/site-packages/airflow/example_dags/example_subdag_operator.py
[2024-08-20T19:33:15.649+0000] {processor.py:840} INFO - DAG(s) 'example_subdag_operator.section-1', 'example_subdag_operator.section-2', 'example_subdag_operator' retrieved from /home/airflow/.local/lib/python3.12/site-packages/airflow/example_dags/example_subdag_operator.py
[2024-08-20T19:33:15.693+0000] {logging_mixin.py:188} INFO - [2024-08-20T19:33:15.693+0000] {dag.py:3089} INFO - Sync 3 DAGs
[2024-08-20T19:33:15.740+0000] {logging_mixin.py:188} INFO - [2024-08-20T19:33:15.739+0000] {dag.py:3947} INFO - Setting next_dagrun for example_subdag_operator to 2022-01-01 00:00:00+00:00, run_after=2022-01-01 00:00:00+00:00
[2024-08-20T19:33:15.748+0000] {logging_mixin.py:188} INFO - [2024-08-20T19:33:15.747+0000] {dag.py:3947} INFO - Setting next_dagrun for example_subdag_operator.section-1 to None, run_after=None
[2024-08-20T19:33:15.751+0000] {logging_mixin.py:188} INFO - [2024-08-20T19:33:15.751+0000] {dag.py:3947} INFO - Setting next_dagrun for example_subdag_operator.section-2 to None, run_after=None
[2024-08-20T19:33:15.767+0000] {logging_mixin.py:188} INFO - [2024-08-20T19:33:15.766+0000] {dag.py:3089} INFO - Sync 2 DAGs
[2024-08-20T19:33:15.788+0000] {logging_mixin.py:188} INFO - [2024-08-20T19:33:15.788+0000] {dag.py:3947} INFO - Setting next_dagrun for example_subdag_operator.section-1 to None, run_after=None
[2024-08-20T19:33:15.789+0000] {logging_mixin.py:188} INFO - [2024-08-20T19:33:15.789+0000] {dag.py:3947} INFO - Setting next_dagrun for example_subdag_operator.section-2 to None, run_after=None
[2024-08-20T19:33:15.818+0000] {processor.py:183} INFO - Processing /home/airflow/.local/lib/python3.12/site-packages/airflow/example_dags/example_subdag_operator.py took 0.245 seconds
[2024-08-20T19:36:21.345+0000] {processor.py:161} INFO - Started process (PID=537) to work on /home/airflow/.local/lib/python3.12/site-packages/airflow/example_dags/example_subdag_operator.py
[2024-08-20T19:36:21.354+0000] {processor.py:830} INFO - Processing file /home/airflow/.local/lib/python3.12/site-packages/airflow/example_dags/example_subdag_operator.py for tasks to queue
[2024-08-20T19:36:21.411+0000] {logging_mixin.py:188} INFO - [2024-08-20T19:36:21.360+0000] {dagbag.py:545} INFO - Filling up the DagBag from /home/airflow/.local/lib/python3.12/site-packages/airflow/example_dags/example_subdag_operator.py
[2024-08-20T19:36:24.093+0000] {processor.py:840} INFO - DAG(s) 'example_subdag_operator.section-1', 'example_subdag_operator.section-2', 'example_subdag_operator' retrieved from /home/airflow/.local/lib/python3.12/site-packages/airflow/example_dags/example_subdag_operator.py
[2024-08-20T19:36:24.153+0000] {logging_mixin.py:188} INFO - [2024-08-20T19:36:24.152+0000] {dag.py:3089} INFO - Sync 3 DAGs
[2024-08-20T19:36:24.282+0000] {logging_mixin.py:188} INFO - [2024-08-20T19:36:24.282+0000] {dag.py:3947} INFO - Setting next_dagrun for example_subdag_operator to 2022-01-01 00:00:00+00:00, run_after=2022-01-01 00:00:00+00:00
[2024-08-20T19:36:24.290+0000] {logging_mixin.py:188} INFO - [2024-08-20T19:36:24.290+0000] {dag.py:3947} INFO - Setting next_dagrun for example_subdag_operator.section-1 to None, run_after=None
[2024-08-20T19:36:24.294+0000] {logging_mixin.py:188} INFO - [2024-08-20T19:36:24.293+0000] {dag.py:3947} INFO - Setting next_dagrun for example_subdag_operator.section-2 to None, run_after=None
[2024-08-20T19:36:24.317+0000] {logging_mixin.py:188} INFO - [2024-08-20T19:36:24.317+0000] {dag.py:3089} INFO - Sync 2 DAGs
[2024-08-20T19:36:24.330+0000] {logging_mixin.py:188} INFO - [2024-08-20T19:36:24.329+0000] {dag.py:3947} INFO - Setting next_dagrun for example_subdag_operator.section-1 to None, run_after=None
[2024-08-20T19:36:24.331+0000] {logging_mixin.py:188} INFO - [2024-08-20T19:36:24.330+0000] {dag.py:3947} INFO - Setting next_dagrun for example_subdag_operator.section-2 to None, run_after=None
[2024-08-20T19:36:24.387+0000] {processor.py:183} INFO - Processing /home/airflow/.local/lib/python3.12/site-packages/airflow/example_dags/example_subdag_operator.py took 3.193 seconds
