[2024-08-20T14:12:40.356+0000] {processor.py:161} INFO - Started process (PID=67) to work on /home/airflow/.local/lib/python3.12/site-packages/airflow/example_dags/example_task_group.py
[2024-08-20T14:12:40.366+0000] {processor.py:830} INFO - Processing file /home/airflow/.local/lib/python3.12/site-packages/airflow/example_dags/example_task_group.py for tasks to queue
[2024-08-20T14:12:40.373+0000] {logging_mixin.py:188} INFO - [2024-08-20T14:12:40.372+0000] {dagbag.py:545} INFO - Filling up the DagBag from /home/airflow/.local/lib/python3.12/site-packages/airflow/example_dags/example_task_group.py
[2024-08-20T14:12:40.500+0000] {processor.py:840} INFO - DAG(s) 'example_task_group' retrieved from /home/airflow/.local/lib/python3.12/site-packages/airflow/example_dags/example_task_group.py
[2024-08-20T14:12:40.837+0000] {logging_mixin.py:188} INFO - [2024-08-20T14:12:40.836+0000] {dag.py:3089} INFO - Sync 1 DAGs
[2024-08-20T14:12:40.994+0000] {logging_mixin.py:188} INFO - [2024-08-20T14:12:40.993+0000] {dag.py:3947} INFO - Setting next_dagrun for example_task_group to 2024-08-19 00:00:00+00:00, run_after=2024-08-20 00:00:00+00:00
[2024-08-20T14:12:41.365+0000] {processor.py:183} INFO - Processing /home/airflow/.local/lib/python3.12/site-packages/airflow/example_dags/example_task_group.py took 1.046 seconds
[2024-08-20T14:14:32.312+0000] {processor.py:161} INFO - Started process (PID=137) to work on /home/airflow/.local/lib/python3.12/site-packages/airflow/example_dags/example_task_group.py
[2024-08-20T14:14:32.328+0000] {processor.py:830} INFO - Processing file /home/airflow/.local/lib/python3.12/site-packages/airflow/example_dags/example_task_group.py for tasks to queue
[2024-08-20T14:14:32.331+0000] {logging_mixin.py:188} INFO - [2024-08-20T14:14:32.330+0000] {dagbag.py:545} INFO - Filling up the DagBag from /home/airflow/.local/lib/python3.12/site-packages/airflow/example_dags/example_task_group.py
[2024-08-20T14:14:32.408+0000] {processor.py:840} INFO - DAG(s) 'example_task_group' retrieved from /home/airflow/.local/lib/python3.12/site-packages/airflow/example_dags/example_task_group.py
[2024-08-20T14:14:32.560+0000] {logging_mixin.py:188} INFO - [2024-08-20T14:14:32.560+0000] {dag.py:3089} INFO - Sync 1 DAGs
[2024-08-20T14:14:32.647+0000] {logging_mixin.py:188} INFO - [2024-08-20T14:14:32.646+0000] {dag.py:3947} INFO - Setting next_dagrun for example_task_group to 2024-08-19 00:00:00+00:00, run_after=2024-08-20 00:00:00+00:00
[2024-08-20T14:14:32.740+0000] {processor.py:183} INFO - Processing /home/airflow/.local/lib/python3.12/site-packages/airflow/example_dags/example_task_group.py took 0.451 seconds
[2024-08-20T14:15:07.022+0000] {processor.py:161} INFO - Started process (PID=195) to work on /home/airflow/.local/lib/python3.12/site-packages/airflow/example_dags/example_task_group.py
[2024-08-20T14:15:07.036+0000] {processor.py:830} INFO - Processing file /home/airflow/.local/lib/python3.12/site-packages/airflow/example_dags/example_task_group.py for tasks to queue
[2024-08-20T14:15:07.041+0000] {logging_mixin.py:188} INFO - [2024-08-20T14:15:07.040+0000] {dagbag.py:545} INFO - Filling up the DagBag from /home/airflow/.local/lib/python3.12/site-packages/airflow/example_dags/example_task_group.py
[2024-08-20T14:15:07.131+0000] {processor.py:840} INFO - DAG(s) 'example_task_group' retrieved from /home/airflow/.local/lib/python3.12/site-packages/airflow/example_dags/example_task_group.py
[2024-08-20T14:15:07.309+0000] {logging_mixin.py:188} INFO - [2024-08-20T14:15:07.308+0000] {dag.py:3089} INFO - Sync 1 DAGs
[2024-08-20T14:15:07.534+0000] {logging_mixin.py:188} INFO - [2024-08-20T14:15:07.534+0000] {dag.py:3947} INFO - Setting next_dagrun for example_task_group to 2024-08-19 00:00:00+00:00, run_after=2024-08-20 00:00:00+00:00
[2024-08-20T14:15:07.770+0000] {processor.py:183} INFO - Processing /home/airflow/.local/lib/python3.12/site-packages/airflow/example_dags/example_task_group.py took 0.772 seconds
[2024-08-20T14:15:43.876+0000] {processor.py:161} INFO - Started process (PID=251) to work on /home/airflow/.local/lib/python3.12/site-packages/airflow/example_dags/example_task_group.py
[2024-08-20T14:15:43.907+0000] {processor.py:830} INFO - Processing file /home/airflow/.local/lib/python3.12/site-packages/airflow/example_dags/example_task_group.py for tasks to queue
[2024-08-20T14:15:43.909+0000] {logging_mixin.py:188} INFO - [2024-08-20T14:15:43.909+0000] {dagbag.py:545} INFO - Filling up the DagBag from /home/airflow/.local/lib/python3.12/site-packages/airflow/example_dags/example_task_group.py
[2024-08-20T14:15:43.954+0000] {processor.py:840} INFO - DAG(s) 'example_task_group' retrieved from /home/airflow/.local/lib/python3.12/site-packages/airflow/example_dags/example_task_group.py
[2024-08-20T14:15:43.988+0000] {logging_mixin.py:188} INFO - [2024-08-20T14:15:43.988+0000] {dag.py:3089} INFO - Sync 1 DAGs
[2024-08-20T14:15:44.020+0000] {logging_mixin.py:188} INFO - [2024-08-20T14:15:44.019+0000] {dag.py:3947} INFO - Setting next_dagrun for example_task_group to 2024-08-19 00:00:00+00:00, run_after=2024-08-20 00:00:00+00:00
[2024-08-20T14:15:44.203+0000] {processor.py:183} INFO - Processing /home/airflow/.local/lib/python3.12/site-packages/airflow/example_dags/example_task_group.py took 0.337 seconds
[2024-08-20T14:16:16.639+0000] {processor.py:161} INFO - Started process (PID=309) to work on /home/airflow/.local/lib/python3.12/site-packages/airflow/example_dags/example_task_group.py
[2024-08-20T14:16:16.669+0000] {processor.py:830} INFO - Processing file /home/airflow/.local/lib/python3.12/site-packages/airflow/example_dags/example_task_group.py for tasks to queue
[2024-08-20T14:16:16.672+0000] {logging_mixin.py:188} INFO - [2024-08-20T14:16:16.671+0000] {dagbag.py:545} INFO - Filling up the DagBag from /home/airflow/.local/lib/python3.12/site-packages/airflow/example_dags/example_task_group.py
[2024-08-20T14:16:16.800+0000] {processor.py:840} INFO - DAG(s) 'example_task_group' retrieved from /home/airflow/.local/lib/python3.12/site-packages/airflow/example_dags/example_task_group.py
[2024-08-20T14:16:16.901+0000] {logging_mixin.py:188} INFO - [2024-08-20T14:16:16.900+0000] {dag.py:3089} INFO - Sync 1 DAGs
[2024-08-20T14:16:17.026+0000] {logging_mixin.py:188} INFO - [2024-08-20T14:16:17.025+0000] {dag.py:3947} INFO - Setting next_dagrun for example_task_group to 2024-08-19 00:00:00+00:00, run_after=2024-08-20 00:00:00+00:00
[2024-08-20T14:16:17.260+0000] {processor.py:183} INFO - Processing /home/airflow/.local/lib/python3.12/site-packages/airflow/example_dags/example_task_group.py took 0.656 seconds
[2024-08-20T14:16:48.451+0000] {processor.py:161} INFO - Started process (PID=367) to work on /home/airflow/.local/lib/python3.12/site-packages/airflow/example_dags/example_task_group.py
[2024-08-20T14:16:48.474+0000] {processor.py:830} INFO - Processing file /home/airflow/.local/lib/python3.12/site-packages/airflow/example_dags/example_task_group.py for tasks to queue
[2024-08-20T14:16:48.492+0000] {logging_mixin.py:188} INFO - [2024-08-20T14:16:48.491+0000] {dagbag.py:545} INFO - Filling up the DagBag from /home/airflow/.local/lib/python3.12/site-packages/airflow/example_dags/example_task_group.py
[2024-08-20T14:16:48.551+0000] {processor.py:840} INFO - DAG(s) 'example_task_group' retrieved from /home/airflow/.local/lib/python3.12/site-packages/airflow/example_dags/example_task_group.py
[2024-08-20T14:16:48.742+0000] {logging_mixin.py:188} INFO - [2024-08-20T14:16:48.741+0000] {dag.py:3089} INFO - Sync 1 DAGs
[2024-08-20T14:16:48.956+0000] {logging_mixin.py:188} INFO - [2024-08-20T14:16:48.956+0000] {dag.py:3947} INFO - Setting next_dagrun for example_task_group to 2024-08-19 00:00:00+00:00, run_after=2024-08-20 00:00:00+00:00
[2024-08-20T14:16:49.133+0000] {processor.py:183} INFO - Processing /home/airflow/.local/lib/python3.12/site-packages/airflow/example_dags/example_task_group.py took 0.830 seconds
[2024-08-20T14:17:19.489+0000] {processor.py:161} INFO - Started process (PID=425) to work on /home/airflow/.local/lib/python3.12/site-packages/airflow/example_dags/example_task_group.py
[2024-08-20T14:17:19.516+0000] {processor.py:830} INFO - Processing file /home/airflow/.local/lib/python3.12/site-packages/airflow/example_dags/example_task_group.py for tasks to queue
[2024-08-20T14:17:19.520+0000] {logging_mixin.py:188} INFO - [2024-08-20T14:17:19.519+0000] {dagbag.py:545} INFO - Filling up the DagBag from /home/airflow/.local/lib/python3.12/site-packages/airflow/example_dags/example_task_group.py
[2024-08-20T14:17:19.555+0000] {processor.py:840} INFO - DAG(s) 'example_task_group' retrieved from /home/airflow/.local/lib/python3.12/site-packages/airflow/example_dags/example_task_group.py
[2024-08-20T14:17:19.666+0000] {logging_mixin.py:188} INFO - [2024-08-20T14:17:19.665+0000] {dag.py:3089} INFO - Sync 1 DAGs
[2024-08-20T14:17:19.760+0000] {logging_mixin.py:188} INFO - [2024-08-20T14:17:19.760+0000] {dag.py:3947} INFO - Setting next_dagrun for example_task_group to 2024-08-19 00:00:00+00:00, run_after=2024-08-20 00:00:00+00:00
[2024-08-20T14:17:19.850+0000] {processor.py:183} INFO - Processing /home/airflow/.local/lib/python3.12/site-packages/airflow/example_dags/example_task_group.py took 0.372 seconds
[2024-08-20T18:43:27.775+0000] {processor.py:161} INFO - Started process (PID=57) to work on /home/airflow/.local/lib/python3.12/site-packages/airflow/example_dags/example_task_group.py
[2024-08-20T18:43:27.778+0000] {processor.py:830} INFO - Processing file /home/airflow/.local/lib/python3.12/site-packages/airflow/example_dags/example_task_group.py for tasks to queue
[2024-08-20T18:43:27.782+0000] {logging_mixin.py:188} INFO - [2024-08-20T18:43:27.781+0000] {dagbag.py:545} INFO - Filling up the DagBag from /home/airflow/.local/lib/python3.12/site-packages/airflow/example_dags/example_task_group.py
[2024-08-20T18:43:27.803+0000] {processor.py:840} INFO - DAG(s) 'example_task_group' retrieved from /home/airflow/.local/lib/python3.12/site-packages/airflow/example_dags/example_task_group.py
[2024-08-20T18:43:28.253+0000] {logging_mixin.py:188} INFO - [2024-08-20T18:43:28.252+0000] {dag.py:3089} INFO - Sync 1 DAGs
[2024-08-20T18:43:28.327+0000] {logging_mixin.py:188} INFO - [2024-08-20T18:43:28.327+0000] {dag.py:3947} INFO - Setting next_dagrun for example_task_group to 2024-08-19 00:00:00+00:00, run_after=2024-08-20 00:00:00+00:00
[2024-08-20T18:43:28.435+0000] {processor.py:183} INFO - Processing /home/airflow/.local/lib/python3.12/site-packages/airflow/example_dags/example_task_group.py took 0.676 seconds
[2024-08-20T18:43:59.000+0000] {processor.py:161} INFO - Started process (PID=115) to work on /home/airflow/.local/lib/python3.12/site-packages/airflow/example_dags/example_task_group.py
[2024-08-20T18:43:59.012+0000] {processor.py:830} INFO - Processing file /home/airflow/.local/lib/python3.12/site-packages/airflow/example_dags/example_task_group.py for tasks to queue
[2024-08-20T18:43:59.015+0000] {logging_mixin.py:188} INFO - [2024-08-20T18:43:59.015+0000] {dagbag.py:545} INFO - Filling up the DagBag from /home/airflow/.local/lib/python3.12/site-packages/airflow/example_dags/example_task_group.py
[2024-08-20T18:43:59.028+0000] {processor.py:840} INFO - DAG(s) 'example_task_group' retrieved from /home/airflow/.local/lib/python3.12/site-packages/airflow/example_dags/example_task_group.py
[2024-08-20T18:43:59.088+0000] {logging_mixin.py:188} INFO - [2024-08-20T18:43:59.088+0000] {dag.py:3089} INFO - Sync 1 DAGs
[2024-08-20T18:43:59.131+0000] {logging_mixin.py:188} INFO - [2024-08-20T18:43:59.130+0000] {dag.py:3947} INFO - Setting next_dagrun for example_task_group to 2024-08-19 00:00:00+00:00, run_after=2024-08-20 00:00:00+00:00
[2024-08-20T18:43:59.182+0000] {processor.py:183} INFO - Processing /home/airflow/.local/lib/python3.12/site-packages/airflow/example_dags/example_task_group.py took 0.193 seconds
[2024-08-20T18:44:29.761+0000] {processor.py:161} INFO - Started process (PID=171) to work on /home/airflow/.local/lib/python3.12/site-packages/airflow/example_dags/example_task_group.py
[2024-08-20T18:44:29.765+0000] {processor.py:830} INFO - Processing file /home/airflow/.local/lib/python3.12/site-packages/airflow/example_dags/example_task_group.py for tasks to queue
[2024-08-20T18:44:29.768+0000] {logging_mixin.py:188} INFO - [2024-08-20T18:44:29.767+0000] {dagbag.py:545} INFO - Filling up the DagBag from /home/airflow/.local/lib/python3.12/site-packages/airflow/example_dags/example_task_group.py
[2024-08-20T18:44:29.788+0000] {processor.py:840} INFO - DAG(s) 'example_task_group' retrieved from /home/airflow/.local/lib/python3.12/site-packages/airflow/example_dags/example_task_group.py
[2024-08-20T18:44:29.840+0000] {logging_mixin.py:188} INFO - [2024-08-20T18:44:29.839+0000] {dag.py:3089} INFO - Sync 1 DAGs
[2024-08-20T18:44:29.896+0000] {logging_mixin.py:188} INFO - [2024-08-20T18:44:29.895+0000] {dag.py:3947} INFO - Setting next_dagrun for example_task_group to 2024-08-19 00:00:00+00:00, run_after=2024-08-20 00:00:00+00:00
[2024-08-20T18:44:29.948+0000] {processor.py:183} INFO - Processing /home/airflow/.local/lib/python3.12/site-packages/airflow/example_dags/example_task_group.py took 0.205 seconds
[2024-08-20T18:45:45.145+0000] {processor.py:161} INFO - Started process (PID=238) to work on /home/airflow/.local/lib/python3.12/site-packages/airflow/example_dags/example_task_group.py
[2024-08-20T18:45:45.152+0000] {processor.py:830} INFO - Processing file /home/airflow/.local/lib/python3.12/site-packages/airflow/example_dags/example_task_group.py for tasks to queue
[2024-08-20T18:45:45.154+0000] {logging_mixin.py:188} INFO - [2024-08-20T18:45:45.153+0000] {dagbag.py:545} INFO - Filling up the DagBag from /home/airflow/.local/lib/python3.12/site-packages/airflow/example_dags/example_task_group.py
[2024-08-20T18:45:45.175+0000] {processor.py:840} INFO - DAG(s) 'example_task_group' retrieved from /home/airflow/.local/lib/python3.12/site-packages/airflow/example_dags/example_task_group.py
[2024-08-20T18:45:45.230+0000] {logging_mixin.py:188} INFO - [2024-08-20T18:45:45.230+0000] {dag.py:3089} INFO - Sync 1 DAGs
[2024-08-20T18:45:45.283+0000] {logging_mixin.py:188} INFO - [2024-08-20T18:45:45.283+0000] {dag.py:3947} INFO - Setting next_dagrun for example_task_group to 2024-08-19 00:00:00+00:00, run_after=2024-08-20 00:00:00+00:00
[2024-08-20T18:45:45.326+0000] {processor.py:183} INFO - Processing /home/airflow/.local/lib/python3.12/site-packages/airflow/example_dags/example_task_group.py took 0.194 seconds
[2024-08-20T18:46:16.717+0000] {processor.py:161} INFO - Started process (PID=295) to work on /home/airflow/.local/lib/python3.12/site-packages/airflow/example_dags/example_task_group.py
[2024-08-20T18:46:16.720+0000] {processor.py:830} INFO - Processing file /home/airflow/.local/lib/python3.12/site-packages/airflow/example_dags/example_task_group.py for tasks to queue
[2024-08-20T18:46:16.722+0000] {logging_mixin.py:188} INFO - [2024-08-20T18:46:16.721+0000] {dagbag.py:545} INFO - Filling up the DagBag from /home/airflow/.local/lib/python3.12/site-packages/airflow/example_dags/example_task_group.py
[2024-08-20T18:46:16.743+0000] {processor.py:840} INFO - DAG(s) 'example_task_group' retrieved from /home/airflow/.local/lib/python3.12/site-packages/airflow/example_dags/example_task_group.py
[2024-08-20T18:46:16.817+0000] {logging_mixin.py:188} INFO - [2024-08-20T18:46:16.816+0000] {dag.py:3089} INFO - Sync 1 DAGs
[2024-08-20T18:46:16.874+0000] {logging_mixin.py:188} INFO - [2024-08-20T18:46:16.873+0000] {dag.py:3947} INFO - Setting next_dagrun for example_task_group to 2024-08-19 00:00:00+00:00, run_after=2024-08-20 00:00:00+00:00
[2024-08-20T18:46:16.934+0000] {processor.py:183} INFO - Processing /home/airflow/.local/lib/python3.12/site-packages/airflow/example_dags/example_task_group.py took 0.231 seconds
[2024-08-20T18:46:51.252+0000] {processor.py:161} INFO - Started process (PID=352) to work on /home/airflow/.local/lib/python3.12/site-packages/airflow/example_dags/example_task_group.py
[2024-08-20T18:46:51.255+0000] {processor.py:830} INFO - Processing file /home/airflow/.local/lib/python3.12/site-packages/airflow/example_dags/example_task_group.py for tasks to queue
[2024-08-20T18:46:51.256+0000] {logging_mixin.py:188} INFO - [2024-08-20T18:46:51.256+0000] {dagbag.py:545} INFO - Filling up the DagBag from /home/airflow/.local/lib/python3.12/site-packages/airflow/example_dags/example_task_group.py
[2024-08-20T18:46:51.273+0000] {processor.py:840} INFO - DAG(s) 'example_task_group' retrieved from /home/airflow/.local/lib/python3.12/site-packages/airflow/example_dags/example_task_group.py
[2024-08-20T18:46:51.324+0000] {logging_mixin.py:188} INFO - [2024-08-20T18:46:51.323+0000] {dag.py:3089} INFO - Sync 1 DAGs
[2024-08-20T18:46:51.368+0000] {logging_mixin.py:188} INFO - [2024-08-20T18:46:51.368+0000] {dag.py:3947} INFO - Setting next_dagrun for example_task_group to 2024-08-19 00:00:00+00:00, run_after=2024-08-20 00:00:00+00:00
[2024-08-20T18:46:51.414+0000] {processor.py:183} INFO - Processing /home/airflow/.local/lib/python3.12/site-packages/airflow/example_dags/example_task_group.py took 0.173 seconds
[2024-08-20T18:47:24.119+0000] {processor.py:161} INFO - Started process (PID=410) to work on /home/airflow/.local/lib/python3.12/site-packages/airflow/example_dags/example_task_group.py
[2024-08-20T18:47:24.122+0000] {processor.py:830} INFO - Processing file /home/airflow/.local/lib/python3.12/site-packages/airflow/example_dags/example_task_group.py for tasks to queue
[2024-08-20T18:47:24.123+0000] {logging_mixin.py:188} INFO - [2024-08-20T18:47:24.123+0000] {dagbag.py:545} INFO - Filling up the DagBag from /home/airflow/.local/lib/python3.12/site-packages/airflow/example_dags/example_task_group.py
[2024-08-20T18:47:24.143+0000] {processor.py:840} INFO - DAG(s) 'example_task_group' retrieved from /home/airflow/.local/lib/python3.12/site-packages/airflow/example_dags/example_task_group.py
[2024-08-20T18:47:24.194+0000] {logging_mixin.py:188} INFO - [2024-08-20T18:47:24.194+0000] {dag.py:3089} INFO - Sync 1 DAGs
[2024-08-20T18:47:24.244+0000] {logging_mixin.py:188} INFO - [2024-08-20T18:47:24.244+0000] {dag.py:3947} INFO - Setting next_dagrun for example_task_group to 2024-08-19 00:00:00+00:00, run_after=2024-08-20 00:00:00+00:00
[2024-08-20T18:47:24.283+0000] {processor.py:183} INFO - Processing /home/airflow/.local/lib/python3.12/site-packages/airflow/example_dags/example_task_group.py took 0.177 seconds
[2024-08-20T18:47:54.418+0000] {processor.py:161} INFO - Started process (PID=466) to work on /home/airflow/.local/lib/python3.12/site-packages/airflow/example_dags/example_task_group.py
[2024-08-20T18:47:54.429+0000] {processor.py:830} INFO - Processing file /home/airflow/.local/lib/python3.12/site-packages/airflow/example_dags/example_task_group.py for tasks to queue
[2024-08-20T18:47:54.430+0000] {logging_mixin.py:188} INFO - [2024-08-20T18:47:54.429+0000] {dagbag.py:545} INFO - Filling up the DagBag from /home/airflow/.local/lib/python3.12/site-packages/airflow/example_dags/example_task_group.py
[2024-08-20T18:47:54.448+0000] {processor.py:840} INFO - DAG(s) 'example_task_group' retrieved from /home/airflow/.local/lib/python3.12/site-packages/airflow/example_dags/example_task_group.py
[2024-08-20T18:47:54.490+0000] {logging_mixin.py:188} INFO - [2024-08-20T18:47:54.490+0000] {dag.py:3089} INFO - Sync 1 DAGs
[2024-08-20T18:47:54.535+0000] {logging_mixin.py:188} INFO - [2024-08-20T18:47:54.534+0000] {dag.py:3947} INFO - Setting next_dagrun for example_task_group to 2024-08-19 00:00:00+00:00, run_after=2024-08-20 00:00:00+00:00
[2024-08-20T18:47:54.585+0000] {processor.py:183} INFO - Processing /home/airflow/.local/lib/python3.12/site-packages/airflow/example_dags/example_task_group.py took 0.175 seconds
[2024-08-20T18:48:25.458+0000] {processor.py:161} INFO - Started process (PID=523) to work on /home/airflow/.local/lib/python3.12/site-packages/airflow/example_dags/example_task_group.py
[2024-08-20T18:48:25.462+0000] {processor.py:830} INFO - Processing file /home/airflow/.local/lib/python3.12/site-packages/airflow/example_dags/example_task_group.py for tasks to queue
[2024-08-20T18:48:25.464+0000] {logging_mixin.py:188} INFO - [2024-08-20T18:48:25.463+0000] {dagbag.py:545} INFO - Filling up the DagBag from /home/airflow/.local/lib/python3.12/site-packages/airflow/example_dags/example_task_group.py
[2024-08-20T18:48:25.482+0000] {processor.py:840} INFO - DAG(s) 'example_task_group' retrieved from /home/airflow/.local/lib/python3.12/site-packages/airflow/example_dags/example_task_group.py
[2024-08-20T18:48:25.534+0000] {logging_mixin.py:188} INFO - [2024-08-20T18:48:25.534+0000] {dag.py:3089} INFO - Sync 1 DAGs
[2024-08-20T18:48:25.598+0000] {logging_mixin.py:188} INFO - [2024-08-20T18:48:25.597+0000] {dag.py:3947} INFO - Setting next_dagrun for example_task_group to 2024-08-19 00:00:00+00:00, run_after=2024-08-20 00:00:00+00:00
[2024-08-20T18:48:25.651+0000] {processor.py:183} INFO - Processing /home/airflow/.local/lib/python3.12/site-packages/airflow/example_dags/example_task_group.py took 0.205 seconds
[2024-08-20T18:48:55.906+0000] {processor.py:161} INFO - Started process (PID=581) to work on /home/airflow/.local/lib/python3.12/site-packages/airflow/example_dags/example_task_group.py
[2024-08-20T18:48:55.909+0000] {processor.py:830} INFO - Processing file /home/airflow/.local/lib/python3.12/site-packages/airflow/example_dags/example_task_group.py for tasks to queue
[2024-08-20T18:48:55.910+0000] {logging_mixin.py:188} INFO - [2024-08-20T18:48:55.910+0000] {dagbag.py:545} INFO - Filling up the DagBag from /home/airflow/.local/lib/python3.12/site-packages/airflow/example_dags/example_task_group.py
[2024-08-20T18:48:55.927+0000] {processor.py:840} INFO - DAG(s) 'example_task_group' retrieved from /home/airflow/.local/lib/python3.12/site-packages/airflow/example_dags/example_task_group.py
[2024-08-20T18:48:55.974+0000] {logging_mixin.py:188} INFO - [2024-08-20T18:48:55.974+0000] {dag.py:3089} INFO - Sync 1 DAGs
[2024-08-20T18:48:56.022+0000] {logging_mixin.py:188} INFO - [2024-08-20T18:48:56.021+0000] {dag.py:3947} INFO - Setting next_dagrun for example_task_group to 2024-08-19 00:00:00+00:00, run_after=2024-08-20 00:00:00+00:00
[2024-08-20T18:48:56.071+0000] {processor.py:183} INFO - Processing /home/airflow/.local/lib/python3.12/site-packages/airflow/example_dags/example_task_group.py took 0.180 seconds
[2024-08-20T18:49:26.656+0000] {processor.py:161} INFO - Started process (PID=639) to work on /home/airflow/.local/lib/python3.12/site-packages/airflow/example_dags/example_task_group.py
[2024-08-20T18:49:26.684+0000] {processor.py:830} INFO - Processing file /home/airflow/.local/lib/python3.12/site-packages/airflow/example_dags/example_task_group.py for tasks to queue
[2024-08-20T18:49:26.685+0000] {logging_mixin.py:188} INFO - [2024-08-20T18:49:26.685+0000] {dagbag.py:545} INFO - Filling up the DagBag from /home/airflow/.local/lib/python3.12/site-packages/airflow/example_dags/example_task_group.py
[2024-08-20T18:49:26.728+0000] {processor.py:840} INFO - DAG(s) 'example_task_group' retrieved from /home/airflow/.local/lib/python3.12/site-packages/airflow/example_dags/example_task_group.py
[2024-08-20T18:49:26.799+0000] {logging_mixin.py:188} INFO - [2024-08-20T18:49:26.798+0000] {dag.py:3089} INFO - Sync 1 DAGs
[2024-08-20T18:49:26.875+0000] {logging_mixin.py:188} INFO - [2024-08-20T18:49:26.875+0000] {dag.py:3947} INFO - Setting next_dagrun for example_task_group to 2024-08-19 00:00:00+00:00, run_after=2024-08-20 00:00:00+00:00
[2024-08-20T18:49:26.947+0000] {processor.py:183} INFO - Processing /home/airflow/.local/lib/python3.12/site-packages/airflow/example_dags/example_task_group.py took 0.308 seconds
[2024-08-20T18:50:14.046+0000] {processor.py:161} INFO - Started process (PID=697) to work on /home/airflow/.local/lib/python3.12/site-packages/airflow/example_dags/example_task_group.py
[2024-08-20T18:50:14.049+0000] {processor.py:830} INFO - Processing file /home/airflow/.local/lib/python3.12/site-packages/airflow/example_dags/example_task_group.py for tasks to queue
[2024-08-20T18:50:14.052+0000] {logging_mixin.py:188} INFO - [2024-08-20T18:50:14.051+0000] {dagbag.py:545} INFO - Filling up the DagBag from /home/airflow/.local/lib/python3.12/site-packages/airflow/example_dags/example_task_group.py
[2024-08-20T18:50:14.071+0000] {processor.py:840} INFO - DAG(s) 'example_task_group' retrieved from /home/airflow/.local/lib/python3.12/site-packages/airflow/example_dags/example_task_group.py
[2024-08-20T18:50:14.172+0000] {logging_mixin.py:188} INFO - [2024-08-20T18:50:14.171+0000] {dag.py:3089} INFO - Sync 1 DAGs
[2024-08-20T18:50:14.232+0000] {logging_mixin.py:188} INFO - [2024-08-20T18:50:14.231+0000] {dag.py:3947} INFO - Setting next_dagrun for example_task_group to 2024-08-19 00:00:00+00:00, run_after=2024-08-20 00:00:00+00:00
[2024-08-20T18:50:14.297+0000] {processor.py:183} INFO - Processing /home/airflow/.local/lib/python3.12/site-packages/airflow/example_dags/example_task_group.py took 0.261 seconds
[2024-08-20T19:03:13.351+0000] {processor.py:161} INFO - Started process (PID=64) to work on /home/airflow/.local/lib/python3.12/site-packages/airflow/example_dags/example_task_group.py
[2024-08-20T19:03:13.356+0000] {processor.py:830} INFO - Processing file /home/airflow/.local/lib/python3.12/site-packages/airflow/example_dags/example_task_group.py for tasks to queue
[2024-08-20T19:03:13.360+0000] {logging_mixin.py:188} INFO - [2024-08-20T19:03:13.358+0000] {dagbag.py:545} INFO - Filling up the DagBag from /home/airflow/.local/lib/python3.12/site-packages/airflow/example_dags/example_task_group.py
[2024-08-20T19:03:13.391+0000] {processor.py:840} INFO - DAG(s) 'example_task_group' retrieved from /home/airflow/.local/lib/python3.12/site-packages/airflow/example_dags/example_task_group.py
[2024-08-20T19:03:13.704+0000] {logging_mixin.py:188} INFO - [2024-08-20T19:03:13.704+0000] {dag.py:3089} INFO - Sync 1 DAGs
[2024-08-20T19:03:13.817+0000] {logging_mixin.py:188} INFO - [2024-08-20T19:03:13.817+0000] {dag.py:3947} INFO - Setting next_dagrun for example_task_group to 2024-08-19 00:00:00+00:00, run_after=2024-08-20 00:00:00+00:00
[2024-08-20T19:03:13.895+0000] {processor.py:183} INFO - Processing /home/airflow/.local/lib/python3.12/site-packages/airflow/example_dags/example_task_group.py took 0.560 seconds
[2024-08-20T19:03:46.081+0000] {processor.py:161} INFO - Started process (PID=121) to work on /home/airflow/.local/lib/python3.12/site-packages/airflow/example_dags/example_task_group.py
[2024-08-20T19:03:46.087+0000] {processor.py:830} INFO - Processing file /home/airflow/.local/lib/python3.12/site-packages/airflow/example_dags/example_task_group.py for tasks to queue
[2024-08-20T19:03:46.089+0000] {logging_mixin.py:188} INFO - [2024-08-20T19:03:46.088+0000] {dagbag.py:545} INFO - Filling up the DagBag from /home/airflow/.local/lib/python3.12/site-packages/airflow/example_dags/example_task_group.py
[2024-08-20T19:03:46.107+0000] {processor.py:840} INFO - DAG(s) 'example_task_group' retrieved from /home/airflow/.local/lib/python3.12/site-packages/airflow/example_dags/example_task_group.py
[2024-08-20T19:03:46.170+0000] {logging_mixin.py:188} INFO - [2024-08-20T19:03:46.169+0000] {dag.py:3089} INFO - Sync 1 DAGs
[2024-08-20T19:03:46.256+0000] {logging_mixin.py:188} INFO - [2024-08-20T19:03:46.255+0000] {dag.py:3947} INFO - Setting next_dagrun for example_task_group to 2024-08-19 00:00:00+00:00, run_after=2024-08-20 00:00:00+00:00
[2024-08-20T19:03:46.318+0000] {processor.py:183} INFO - Processing /home/airflow/.local/lib/python3.12/site-packages/airflow/example_dags/example_task_group.py took 0.257 seconds
[2024-08-20T19:04:16.448+0000] {processor.py:161} INFO - Started process (PID=177) to work on /home/airflow/.local/lib/python3.12/site-packages/airflow/example_dags/example_task_group.py
[2024-08-20T19:04:16.454+0000] {processor.py:830} INFO - Processing file /home/airflow/.local/lib/python3.12/site-packages/airflow/example_dags/example_task_group.py for tasks to queue
[2024-08-20T19:04:16.456+0000] {logging_mixin.py:188} INFO - [2024-08-20T19:04:16.455+0000] {dagbag.py:545} INFO - Filling up the DagBag from /home/airflow/.local/lib/python3.12/site-packages/airflow/example_dags/example_task_group.py
[2024-08-20T19:04:16.485+0000] {processor.py:840} INFO - DAG(s) 'example_task_group' retrieved from /home/airflow/.local/lib/python3.12/site-packages/airflow/example_dags/example_task_group.py
[2024-08-20T19:04:16.567+0000] {logging_mixin.py:188} INFO - [2024-08-20T19:04:16.566+0000] {dag.py:3089} INFO - Sync 1 DAGs
[2024-08-20T19:04:16.658+0000] {logging_mixin.py:188} INFO - [2024-08-20T19:04:16.658+0000] {dag.py:3947} INFO - Setting next_dagrun for example_task_group to 2024-08-19 00:00:00+00:00, run_after=2024-08-20 00:00:00+00:00
[2024-08-20T19:04:16.725+0000] {processor.py:183} INFO - Processing /home/airflow/.local/lib/python3.12/site-packages/airflow/example_dags/example_task_group.py took 0.287 seconds
[2024-08-20T19:06:22.884+0000] {processor.py:161} INFO - Started process (PID=210) to work on /home/airflow/.local/lib/python3.12/site-packages/airflow/example_dags/example_task_group.py
[2024-08-20T19:06:22.901+0000] {processor.py:830} INFO - Processing file /home/airflow/.local/lib/python3.12/site-packages/airflow/example_dags/example_task_group.py for tasks to queue
[2024-08-20T19:06:22.903+0000] {logging_mixin.py:188} INFO - [2024-08-20T19:06:22.902+0000] {dagbag.py:545} INFO - Filling up the DagBag from /home/airflow/.local/lib/python3.12/site-packages/airflow/example_dags/example_task_group.py
[2024-08-20T19:06:22.929+0000] {processor.py:840} INFO - DAG(s) 'example_task_group' retrieved from /home/airflow/.local/lib/python3.12/site-packages/airflow/example_dags/example_task_group.py
[2024-08-20T19:06:23.003+0000] {logging_mixin.py:188} INFO - [2024-08-20T19:06:23.002+0000] {dag.py:3089} INFO - Sync 1 DAGs
[2024-08-20T19:06:23.056+0000] {logging_mixin.py:188} INFO - [2024-08-20T19:06:23.056+0000] {dag.py:3947} INFO - Setting next_dagrun for example_task_group to 2024-08-19 00:00:00+00:00, run_after=2024-08-20 00:00:00+00:00
[2024-08-20T19:06:23.109+0000] {processor.py:183} INFO - Processing /home/airflow/.local/lib/python3.12/site-packages/airflow/example_dags/example_task_group.py took 0.248 seconds
[2024-08-20T19:07:17.360+0000] {processor.py:161} INFO - Started process (PID=269) to work on /home/airflow/.local/lib/python3.12/site-packages/airflow/example_dags/example_task_group.py
[2024-08-20T19:07:17.366+0000] {processor.py:830} INFO - Processing file /home/airflow/.local/lib/python3.12/site-packages/airflow/example_dags/example_task_group.py for tasks to queue
[2024-08-20T19:07:17.368+0000] {logging_mixin.py:188} INFO - [2024-08-20T19:07:17.367+0000] {dagbag.py:545} INFO - Filling up the DagBag from /home/airflow/.local/lib/python3.12/site-packages/airflow/example_dags/example_task_group.py
[2024-08-20T19:07:17.418+0000] {processor.py:840} INFO - DAG(s) 'example_task_group' retrieved from /home/airflow/.local/lib/python3.12/site-packages/airflow/example_dags/example_task_group.py
[2024-08-20T19:07:17.563+0000] {logging_mixin.py:188} INFO - [2024-08-20T19:07:17.563+0000] {dag.py:3089} INFO - Sync 1 DAGs
[2024-08-20T19:07:17.638+0000] {logging_mixin.py:188} INFO - [2024-08-20T19:07:17.637+0000] {dag.py:3947} INFO - Setting next_dagrun for example_task_group to 2024-08-19 00:00:00+00:00, run_after=2024-08-20 00:00:00+00:00
[2024-08-20T19:07:17.688+0000] {processor.py:183} INFO - Processing /home/airflow/.local/lib/python3.12/site-packages/airflow/example_dags/example_task_group.py took 0.350 seconds
[2024-08-20T19:08:55.926+0000] {processor.py:161} INFO - Started process (PID=341) to work on /home/airflow/.local/lib/python3.12/site-packages/airflow/example_dags/example_task_group.py
[2024-08-20T19:08:55.930+0000] {processor.py:830} INFO - Processing file /home/airflow/.local/lib/python3.12/site-packages/airflow/example_dags/example_task_group.py for tasks to queue
[2024-08-20T19:08:55.931+0000] {logging_mixin.py:188} INFO - [2024-08-20T19:08:55.931+0000] {dagbag.py:545} INFO - Filling up the DagBag from /home/airflow/.local/lib/python3.12/site-packages/airflow/example_dags/example_task_group.py
[2024-08-20T19:08:55.955+0000] {processor.py:840} INFO - DAG(s) 'example_task_group' retrieved from /home/airflow/.local/lib/python3.12/site-packages/airflow/example_dags/example_task_group.py
[2024-08-20T19:08:56.024+0000] {logging_mixin.py:188} INFO - [2024-08-20T19:08:56.023+0000] {dag.py:3089} INFO - Sync 1 DAGs
[2024-08-20T19:08:56.088+0000] {logging_mixin.py:188} INFO - [2024-08-20T19:08:56.087+0000] {dag.py:3947} INFO - Setting next_dagrun for example_task_group to 2024-08-19 00:00:00+00:00, run_after=2024-08-20 00:00:00+00:00
[2024-08-20T19:08:56.140+0000] {processor.py:183} INFO - Processing /home/airflow/.local/lib/python3.12/site-packages/airflow/example_dags/example_task_group.py took 0.228 seconds
[2024-08-20T19:09:26.545+0000] {processor.py:161} INFO - Started process (PID=399) to work on /home/airflow/.local/lib/python3.12/site-packages/airflow/example_dags/example_task_group.py
[2024-08-20T19:09:26.552+0000] {processor.py:830} INFO - Processing file /home/airflow/.local/lib/python3.12/site-packages/airflow/example_dags/example_task_group.py for tasks to queue
[2024-08-20T19:09:26.554+0000] {logging_mixin.py:188} INFO - [2024-08-20T19:09:26.553+0000] {dagbag.py:545} INFO - Filling up the DagBag from /home/airflow/.local/lib/python3.12/site-packages/airflow/example_dags/example_task_group.py
[2024-08-20T19:09:26.593+0000] {processor.py:840} INFO - DAG(s) 'example_task_group' retrieved from /home/airflow/.local/lib/python3.12/site-packages/airflow/example_dags/example_task_group.py
[2024-08-20T19:09:26.714+0000] {logging_mixin.py:188} INFO - [2024-08-20T19:09:26.713+0000] {dag.py:3089} INFO - Sync 1 DAGs
[2024-08-20T19:09:26.850+0000] {logging_mixin.py:188} INFO - [2024-08-20T19:09:26.849+0000] {dag.py:3947} INFO - Setting next_dagrun for example_task_group to 2024-08-19 00:00:00+00:00, run_after=2024-08-20 00:00:00+00:00
[2024-08-20T19:09:26.968+0000] {processor.py:183} INFO - Processing /home/airflow/.local/lib/python3.12/site-packages/airflow/example_dags/example_task_group.py took 0.436 seconds
[2024-08-20T19:12:56.337+0000] {processor.py:161} INFO - Started process (PID=456) to work on /home/airflow/.local/lib/python3.12/site-packages/airflow/example_dags/example_task_group.py
[2024-08-20T19:12:56.344+0000] {processor.py:830} INFO - Processing file /home/airflow/.local/lib/python3.12/site-packages/airflow/example_dags/example_task_group.py for tasks to queue
[2024-08-20T19:12:56.346+0000] {logging_mixin.py:188} INFO - [2024-08-20T19:12:56.345+0000] {dagbag.py:545} INFO - Filling up the DagBag from /home/airflow/.local/lib/python3.12/site-packages/airflow/example_dags/example_task_group.py
[2024-08-20T19:12:56.374+0000] {processor.py:840} INFO - DAG(s) 'example_task_group' retrieved from /home/airflow/.local/lib/python3.12/site-packages/airflow/example_dags/example_task_group.py
[2024-08-20T19:12:56.475+0000] {logging_mixin.py:188} INFO - [2024-08-20T19:12:56.475+0000] {dag.py:3089} INFO - Sync 1 DAGs
[2024-08-20T19:12:56.546+0000] {logging_mixin.py:188} INFO - [2024-08-20T19:12:56.545+0000] {dag.py:3947} INFO - Setting next_dagrun for example_task_group to 2024-08-19 00:00:00+00:00, run_after=2024-08-20 00:00:00+00:00
[2024-08-20T19:12:56.605+0000] {processor.py:183} INFO - Processing /home/airflow/.local/lib/python3.12/site-packages/airflow/example_dags/example_task_group.py took 0.281 seconds
[2024-08-20T19:21:26.240+0000] {processor.py:161} INFO - Started process (PID=62) to work on /home/airflow/.local/lib/python3.12/site-packages/airflow/example_dags/example_task_group.py
[2024-08-20T19:21:26.246+0000] {processor.py:830} INFO - Processing file /home/airflow/.local/lib/python3.12/site-packages/airflow/example_dags/example_task_group.py for tasks to queue
[2024-08-20T19:21:26.248+0000] {logging_mixin.py:188} INFO - [2024-08-20T19:21:26.247+0000] {dagbag.py:545} INFO - Filling up the DagBag from /home/airflow/.local/lib/python3.12/site-packages/airflow/example_dags/example_task_group.py
[2024-08-20T19:21:26.275+0000] {processor.py:840} INFO - DAG(s) 'example_task_group' retrieved from /home/airflow/.local/lib/python3.12/site-packages/airflow/example_dags/example_task_group.py
[2024-08-20T19:21:26.507+0000] {logging_mixin.py:188} INFO - [2024-08-20T19:21:26.507+0000] {dag.py:3089} INFO - Sync 1 DAGs
[2024-08-20T19:21:26.556+0000] {logging_mixin.py:188} INFO - [2024-08-20T19:21:26.556+0000] {dag.py:3947} INFO - Setting next_dagrun for example_task_group to 2024-08-19 00:00:00+00:00, run_after=2024-08-20 00:00:00+00:00
[2024-08-20T19:21:26.622+0000] {processor.py:183} INFO - Processing /home/airflow/.local/lib/python3.12/site-packages/airflow/example_dags/example_task_group.py took 0.393 seconds
[2024-08-20T19:22:17.302+0000] {processor.py:161} INFO - Started process (PID=114) to work on /home/airflow/.local/lib/python3.12/site-packages/airflow/example_dags/example_task_group.py
[2024-08-20T19:22:17.312+0000] {processor.py:830} INFO - Processing file /home/airflow/.local/lib/python3.12/site-packages/airflow/example_dags/example_task_group.py for tasks to queue
[2024-08-20T19:22:17.314+0000] {logging_mixin.py:188} INFO - [2024-08-20T19:22:17.313+0000] {dagbag.py:545} INFO - Filling up the DagBag from /home/airflow/.local/lib/python3.12/site-packages/airflow/example_dags/example_task_group.py
[2024-08-20T19:22:17.349+0000] {processor.py:840} INFO - DAG(s) 'example_task_group' retrieved from /home/airflow/.local/lib/python3.12/site-packages/airflow/example_dags/example_task_group.py
[2024-08-20T19:22:17.443+0000] {logging_mixin.py:188} INFO - [2024-08-20T19:22:17.442+0000] {dag.py:3089} INFO - Sync 1 DAGs
[2024-08-20T19:22:17.516+0000] {logging_mixin.py:188} INFO - [2024-08-20T19:22:17.515+0000] {dag.py:3947} INFO - Setting next_dagrun for example_task_group to 2024-08-19 00:00:00+00:00, run_after=2024-08-20 00:00:00+00:00
[2024-08-20T19:22:17.576+0000] {processor.py:183} INFO - Processing /home/airflow/.local/lib/python3.12/site-packages/airflow/example_dags/example_task_group.py took 0.292 seconds
[2024-08-20T19:24:45.728+0000] {processor.py:161} INFO - Started process (PID=194) to work on /home/airflow/.local/lib/python3.12/site-packages/airflow/example_dags/example_task_group.py
[2024-08-20T19:24:45.734+0000] {processor.py:830} INFO - Processing file /home/airflow/.local/lib/python3.12/site-packages/airflow/example_dags/example_task_group.py for tasks to queue
[2024-08-20T19:24:45.737+0000] {logging_mixin.py:188} INFO - [2024-08-20T19:24:45.737+0000] {dagbag.py:545} INFO - Filling up the DagBag from /home/airflow/.local/lib/python3.12/site-packages/airflow/example_dags/example_task_group.py
[2024-08-20T19:24:45.760+0000] {processor.py:840} INFO - DAG(s) 'example_task_group' retrieved from /home/airflow/.local/lib/python3.12/site-packages/airflow/example_dags/example_task_group.py
[2024-08-20T19:24:45.816+0000] {logging_mixin.py:188} INFO - [2024-08-20T19:24:45.816+0000] {dag.py:3089} INFO - Sync 1 DAGs
[2024-08-20T19:24:45.876+0000] {logging_mixin.py:188} INFO - [2024-08-20T19:24:45.875+0000] {dag.py:3947} INFO - Setting next_dagrun for example_task_group to 2024-08-19 00:00:00+00:00, run_after=2024-08-20 00:00:00+00:00
[2024-08-20T19:24:45.924+0000] {processor.py:183} INFO - Processing /home/airflow/.local/lib/python3.12/site-packages/airflow/example_dags/example_task_group.py took 0.206 seconds
[2024-08-20T19:25:17.513+0000] {processor.py:161} INFO - Started process (PID=252) to work on /home/airflow/.local/lib/python3.12/site-packages/airflow/example_dags/example_task_group.py
[2024-08-20T19:25:17.527+0000] {processor.py:830} INFO - Processing file /home/airflow/.local/lib/python3.12/site-packages/airflow/example_dags/example_task_group.py for tasks to queue
[2024-08-20T19:25:17.529+0000] {logging_mixin.py:188} INFO - [2024-08-20T19:25:17.529+0000] {dagbag.py:545} INFO - Filling up the DagBag from /home/airflow/.local/lib/python3.12/site-packages/airflow/example_dags/example_task_group.py
[2024-08-20T19:25:17.551+0000] {processor.py:840} INFO - DAG(s) 'example_task_group' retrieved from /home/airflow/.local/lib/python3.12/site-packages/airflow/example_dags/example_task_group.py
[2024-08-20T19:25:17.648+0000] {logging_mixin.py:188} INFO - [2024-08-20T19:25:17.648+0000] {dag.py:3089} INFO - Sync 1 DAGs
[2024-08-20T19:25:17.715+0000] {logging_mixin.py:188} INFO - [2024-08-20T19:25:17.714+0000] {dag.py:3947} INFO - Setting next_dagrun for example_task_group to 2024-08-19 00:00:00+00:00, run_after=2024-08-20 00:00:00+00:00
[2024-08-20T19:25:17.768+0000] {processor.py:183} INFO - Processing /home/airflow/.local/lib/python3.12/site-packages/airflow/example_dags/example_task_group.py took 0.269 seconds
[2024-08-20T19:27:40.073+0000] {processor.py:161} INFO - Started process (PID=308) to work on /home/airflow/.local/lib/python3.12/site-packages/airflow/example_dags/example_task_group.py
[2024-08-20T19:27:40.079+0000] {processor.py:830} INFO - Processing file /home/airflow/.local/lib/python3.12/site-packages/airflow/example_dags/example_task_group.py for tasks to queue
[2024-08-20T19:27:40.080+0000] {logging_mixin.py:188} INFO - [2024-08-20T19:27:40.080+0000] {dagbag.py:545} INFO - Filling up the DagBag from /home/airflow/.local/lib/python3.12/site-packages/airflow/example_dags/example_task_group.py
[2024-08-20T19:27:40.099+0000] {processor.py:840} INFO - DAG(s) 'example_task_group' retrieved from /home/airflow/.local/lib/python3.12/site-packages/airflow/example_dags/example_task_group.py
[2024-08-20T19:27:40.147+0000] {logging_mixin.py:188} INFO - [2024-08-20T19:27:40.146+0000] {dag.py:3089} INFO - Sync 1 DAGs
[2024-08-20T19:27:40.198+0000] {logging_mixin.py:188} INFO - [2024-08-20T19:27:40.198+0000] {dag.py:3947} INFO - Setting next_dagrun for example_task_group to 2024-08-19 00:00:00+00:00, run_after=2024-08-20 00:00:00+00:00
[2024-08-20T19:27:40.247+0000] {processor.py:183} INFO - Processing /home/airflow/.local/lib/python3.12/site-packages/airflow/example_dags/example_task_group.py took 0.189 seconds
[2024-08-20T19:28:11.228+0000] {processor.py:161} INFO - Started process (PID=366) to work on /home/airflow/.local/lib/python3.12/site-packages/airflow/example_dags/example_task_group.py
[2024-08-20T19:28:11.234+0000] {processor.py:830} INFO - Processing file /home/airflow/.local/lib/python3.12/site-packages/airflow/example_dags/example_task_group.py for tasks to queue
[2024-08-20T19:28:11.236+0000] {logging_mixin.py:188} INFO - [2024-08-20T19:28:11.235+0000] {dagbag.py:545} INFO - Filling up the DagBag from /home/airflow/.local/lib/python3.12/site-packages/airflow/example_dags/example_task_group.py
[2024-08-20T19:28:11.255+0000] {processor.py:840} INFO - DAG(s) 'example_task_group' retrieved from /home/airflow/.local/lib/python3.12/site-packages/airflow/example_dags/example_task_group.py
[2024-08-20T19:28:11.332+0000] {logging_mixin.py:188} INFO - [2024-08-20T19:28:11.331+0000] {dag.py:3089} INFO - Sync 1 DAGs
[2024-08-20T19:28:11.433+0000] {logging_mixin.py:188} INFO - [2024-08-20T19:28:11.432+0000] {dag.py:3947} INFO - Setting next_dagrun for example_task_group to 2024-08-19 00:00:00+00:00, run_after=2024-08-20 00:00:00+00:00
[2024-08-20T19:28:11.494+0000] {processor.py:183} INFO - Processing /home/airflow/.local/lib/python3.12/site-packages/airflow/example_dags/example_task_group.py took 0.283 seconds
[2024-08-20T19:30:27.380+0000] {processor.py:161} INFO - Started process (PID=401) to work on /home/airflow/.local/lib/python3.12/site-packages/airflow/example_dags/example_task_group.py
[2024-08-20T19:30:27.392+0000] {processor.py:830} INFO - Processing file /home/airflow/.local/lib/python3.12/site-packages/airflow/example_dags/example_task_group.py for tasks to queue
[2024-08-20T19:30:27.395+0000] {logging_mixin.py:188} INFO - [2024-08-20T19:30:27.394+0000] {dagbag.py:545} INFO - Filling up the DagBag from /home/airflow/.local/lib/python3.12/site-packages/airflow/example_dags/example_task_group.py
[2024-08-20T19:30:27.439+0000] {processor.py:840} INFO - DAG(s) 'example_task_group' retrieved from /home/airflow/.local/lib/python3.12/site-packages/airflow/example_dags/example_task_group.py
[2024-08-20T19:30:27.498+0000] {logging_mixin.py:188} INFO - [2024-08-20T19:30:27.497+0000] {dag.py:3089} INFO - Sync 1 DAGs
[2024-08-20T19:30:27.555+0000] {logging_mixin.py:188} INFO - [2024-08-20T19:30:27.555+0000] {dag.py:3947} INFO - Setting next_dagrun for example_task_group to 2024-08-19 00:00:00+00:00, run_after=2024-08-20 00:00:00+00:00
[2024-08-20T19:30:27.654+0000] {processor.py:183} INFO - Processing /home/airflow/.local/lib/python3.12/site-packages/airflow/example_dags/example_task_group.py took 0.287 seconds
[2024-08-20T19:33:13.052+0000] {processor.py:161} INFO - Started process (PID=466) to work on /home/airflow/.local/lib/python3.12/site-packages/airflow/example_dags/example_task_group.py
[2024-08-20T19:33:13.072+0000] {processor.py:830} INFO - Processing file /home/airflow/.local/lib/python3.12/site-packages/airflow/example_dags/example_task_group.py for tasks to queue
[2024-08-20T19:33:13.074+0000] {logging_mixin.py:188} INFO - [2024-08-20T19:33:13.073+0000] {dagbag.py:545} INFO - Filling up the DagBag from /home/airflow/.local/lib/python3.12/site-packages/airflow/example_dags/example_task_group.py
[2024-08-20T19:33:13.108+0000] {processor.py:840} INFO - DAG(s) 'example_task_group' retrieved from /home/airflow/.local/lib/python3.12/site-packages/airflow/example_dags/example_task_group.py
[2024-08-20T19:33:13.159+0000] {logging_mixin.py:188} INFO - [2024-08-20T19:33:13.158+0000] {dag.py:3089} INFO - Sync 1 DAGs
[2024-08-20T19:33:13.197+0000] {logging_mixin.py:188} INFO - [2024-08-20T19:33:13.197+0000] {dag.py:3947} INFO - Setting next_dagrun for example_task_group to 2024-08-19 00:00:00+00:00, run_after=2024-08-20 00:00:00+00:00
[2024-08-20T19:33:13.252+0000] {processor.py:183} INFO - Processing /home/airflow/.local/lib/python3.12/site-packages/airflow/example_dags/example_task_group.py took 0.212 seconds
[2024-08-20T19:33:44.589+0000] {processor.py:161} INFO - Started process (PID=524) to work on /home/airflow/.local/lib/python3.12/site-packages/airflow/example_dags/example_task_group.py
[2024-08-20T19:33:44.606+0000] {processor.py:830} INFO - Processing file /home/airflow/.local/lib/python3.12/site-packages/airflow/example_dags/example_task_group.py for tasks to queue
[2024-08-20T19:33:44.608+0000] {logging_mixin.py:188} INFO - [2024-08-20T19:33:44.607+0000] {dagbag.py:545} INFO - Filling up the DagBag from /home/airflow/.local/lib/python3.12/site-packages/airflow/example_dags/example_task_group.py
[2024-08-20T19:33:44.630+0000] {processor.py:840} INFO - DAG(s) 'example_task_group' retrieved from /home/airflow/.local/lib/python3.12/site-packages/airflow/example_dags/example_task_group.py
[2024-08-20T19:33:44.710+0000] {logging_mixin.py:188} INFO - [2024-08-20T19:33:44.709+0000] {dag.py:3089} INFO - Sync 1 DAGs
[2024-08-20T19:33:44.772+0000] {logging_mixin.py:188} INFO - [2024-08-20T19:33:44.771+0000] {dag.py:3947} INFO - Setting next_dagrun for example_task_group to 2024-08-19 00:00:00+00:00, run_after=2024-08-20 00:00:00+00:00
[2024-08-20T19:33:44.851+0000] {processor.py:183} INFO - Processing /home/airflow/.local/lib/python3.12/site-packages/airflow/example_dags/example_task_group.py took 0.273 seconds
[2024-08-20T19:36:28.606+0000] {processor.py:161} INFO - Started process (PID=564) to work on /home/airflow/.local/lib/python3.12/site-packages/airflow/example_dags/example_task_group.py
[2024-08-20T19:36:28.624+0000] {processor.py:830} INFO - Processing file /home/airflow/.local/lib/python3.12/site-packages/airflow/example_dags/example_task_group.py for tasks to queue
[2024-08-20T19:36:28.625+0000] {logging_mixin.py:188} INFO - [2024-08-20T19:36:28.625+0000] {dagbag.py:545} INFO - Filling up the DagBag from /home/airflow/.local/lib/python3.12/site-packages/airflow/example_dags/example_task_group.py
[2024-08-20T19:36:28.665+0000] {processor.py:840} INFO - DAG(s) 'example_task_group' retrieved from /home/airflow/.local/lib/python3.12/site-packages/airflow/example_dags/example_task_group.py
[2024-08-20T19:36:28.743+0000] {logging_mixin.py:188} INFO - [2024-08-20T19:36:28.743+0000] {dag.py:3089} INFO - Sync 1 DAGs
[2024-08-20T19:36:28.781+0000] {logging_mixin.py:188} INFO - [2024-08-20T19:36:28.781+0000] {dag.py:3947} INFO - Setting next_dagrun for example_task_group to 2024-08-19 00:00:00+00:00, run_after=2024-08-20 00:00:00+00:00
[2024-08-20T19:36:28.861+0000] {processor.py:183} INFO - Processing /home/airflow/.local/lib/python3.12/site-packages/airflow/example_dags/example_task_group.py took 0.263 seconds
