[2024-08-20T14:13:30.840+0000] {processor.py:161} INFO - Started process (PID=98) to work on /home/airflow/.local/lib/python3.12/site-packages/airflow/example_dags/tutorial.py
[2024-08-20T14:13:30.851+0000] {processor.py:830} INFO - Processing file /home/airflow/.local/lib/python3.12/site-packages/airflow/example_dags/tutorial.py for tasks to queue
[2024-08-20T14:13:30.854+0000] {logging_mixin.py:188} INFO - [2024-08-20T14:13:30.854+0000] {dagbag.py:545} INFO - Filling up the DagBag from /home/airflow/.local/lib/python3.12/site-packages/airflow/example_dags/tutorial.py
[2024-08-20T14:13:31.016+0000] {processor.py:840} INFO - DAG(s) 'tutorial' retrieved from /home/airflow/.local/lib/python3.12/site-packages/airflow/example_dags/tutorial.py
[2024-08-20T14:13:31.206+0000] {logging_mixin.py:188} INFO - [2024-08-20T14:13:31.205+0000] {dag.py:3089} INFO - Sync 1 DAGs
[2024-08-20T14:13:31.370+0000] {logging_mixin.py:188} INFO - [2024-08-20T14:13:31.369+0000] {dag.py:3947} INFO - Setting next_dagrun for tutorial to 2024-08-19 00:00:00+00:00, run_after=2024-08-20 00:00:00+00:00
[2024-08-20T14:13:31.463+0000] {processor.py:183} INFO - Processing /home/airflow/.local/lib/python3.12/site-packages/airflow/example_dags/tutorial.py took 0.654 seconds
[2024-08-20T14:14:50.807+0000] {processor.py:161} INFO - Started process (PID=168) to work on /home/airflow/.local/lib/python3.12/site-packages/airflow/example_dags/tutorial.py
[2024-08-20T14:14:50.813+0000] {processor.py:830} INFO - Processing file /home/airflow/.local/lib/python3.12/site-packages/airflow/example_dags/tutorial.py for tasks to queue
[2024-08-20T14:14:50.828+0000] {logging_mixin.py:188} INFO - [2024-08-20T14:14:50.827+0000] {dagbag.py:545} INFO - Filling up the DagBag from /home/airflow/.local/lib/python3.12/site-packages/airflow/example_dags/tutorial.py
[2024-08-20T14:14:50.856+0000] {processor.py:840} INFO - DAG(s) 'tutorial' retrieved from /home/airflow/.local/lib/python3.12/site-packages/airflow/example_dags/tutorial.py
[2024-08-20T14:14:50.968+0000] {logging_mixin.py:188} INFO - [2024-08-20T14:14:50.966+0000] {dag.py:3089} INFO - Sync 1 DAGs
[2024-08-20T14:14:51.212+0000] {logging_mixin.py:188} INFO - [2024-08-20T14:14:51.212+0000] {dag.py:3947} INFO - Setting next_dagrun for tutorial to 2024-08-19 00:00:00+00:00, run_after=2024-08-20 00:00:00+00:00
[2024-08-20T14:14:51.463+0000] {processor.py:183} INFO - Processing /home/airflow/.local/lib/python3.12/site-packages/airflow/example_dags/tutorial.py took 0.672 seconds
[2024-08-20T14:15:35.863+0000] {processor.py:161} INFO - Started process (PID=236) to work on /home/airflow/.local/lib/python3.12/site-packages/airflow/example_dags/tutorial.py
[2024-08-20T14:15:35.877+0000] {processor.py:830} INFO - Processing file /home/airflow/.local/lib/python3.12/site-packages/airflow/example_dags/tutorial.py for tasks to queue
[2024-08-20T14:15:35.890+0000] {logging_mixin.py:188} INFO - [2024-08-20T14:15:35.879+0000] {dagbag.py:545} INFO - Filling up the DagBag from /home/airflow/.local/lib/python3.12/site-packages/airflow/example_dags/tutorial.py
[2024-08-20T14:15:35.925+0000] {processor.py:840} INFO - DAG(s) 'tutorial' retrieved from /home/airflow/.local/lib/python3.12/site-packages/airflow/example_dags/tutorial.py
[2024-08-20T14:15:36.128+0000] {logging_mixin.py:188} INFO - [2024-08-20T14:15:36.127+0000] {dag.py:3089} INFO - Sync 1 DAGs
[2024-08-20T14:15:36.309+0000] {logging_mixin.py:188} INFO - [2024-08-20T14:15:36.308+0000] {dag.py:3947} INFO - Setting next_dagrun for tutorial to 2024-08-19 00:00:00+00:00, run_after=2024-08-20 00:00:00+00:00
[2024-08-20T14:15:36.631+0000] {processor.py:183} INFO - Processing /home/airflow/.local/lib/python3.12/site-packages/airflow/example_dags/tutorial.py took 0.793 seconds
[2024-08-20T14:16:07.083+0000] {processor.py:161} INFO - Started process (PID=292) to work on /home/airflow/.local/lib/python3.12/site-packages/airflow/example_dags/tutorial.py
[2024-08-20T14:16:07.095+0000] {processor.py:830} INFO - Processing file /home/airflow/.local/lib/python3.12/site-packages/airflow/example_dags/tutorial.py for tasks to queue
[2024-08-20T14:16:07.099+0000] {logging_mixin.py:188} INFO - [2024-08-20T14:16:07.098+0000] {dagbag.py:545} INFO - Filling up the DagBag from /home/airflow/.local/lib/python3.12/site-packages/airflow/example_dags/tutorial.py
[2024-08-20T14:16:07.135+0000] {processor.py:840} INFO - DAG(s) 'tutorial' retrieved from /home/airflow/.local/lib/python3.12/site-packages/airflow/example_dags/tutorial.py
[2024-08-20T14:16:07.203+0000] {logging_mixin.py:188} INFO - [2024-08-20T14:16:07.203+0000] {dag.py:3089} INFO - Sync 1 DAGs
[2024-08-20T14:16:07.301+0000] {logging_mixin.py:188} INFO - [2024-08-20T14:16:07.300+0000] {dag.py:3947} INFO - Setting next_dagrun for tutorial to 2024-08-19 00:00:00+00:00, run_after=2024-08-20 00:00:00+00:00
[2024-08-20T14:16:07.379+0000] {processor.py:183} INFO - Processing /home/airflow/.local/lib/python3.12/site-packages/airflow/example_dags/tutorial.py took 0.331 seconds
[2024-08-20T14:16:37.812+0000] {processor.py:161} INFO - Started process (PID=350) to work on /home/airflow/.local/lib/python3.12/site-packages/airflow/example_dags/tutorial.py
[2024-08-20T14:16:37.827+0000] {processor.py:830} INFO - Processing file /home/airflow/.local/lib/python3.12/site-packages/airflow/example_dags/tutorial.py for tasks to queue
[2024-08-20T14:16:37.852+0000] {logging_mixin.py:188} INFO - [2024-08-20T14:16:37.852+0000] {dagbag.py:545} INFO - Filling up the DagBag from /home/airflow/.local/lib/python3.12/site-packages/airflow/example_dags/tutorial.py
[2024-08-20T14:16:37.919+0000] {processor.py:840} INFO - DAG(s) 'tutorial' retrieved from /home/airflow/.local/lib/python3.12/site-packages/airflow/example_dags/tutorial.py
[2024-08-20T14:16:37.996+0000] {logging_mixin.py:188} INFO - [2024-08-20T14:16:37.995+0000] {dag.py:3089} INFO - Sync 1 DAGs
[2024-08-20T14:16:38.222+0000] {logging_mixin.py:188} INFO - [2024-08-20T14:16:38.221+0000] {dag.py:3947} INFO - Setting next_dagrun for tutorial to 2024-08-19 00:00:00+00:00, run_after=2024-08-20 00:00:00+00:00
[2024-08-20T14:16:38.408+0000] {processor.py:183} INFO - Processing /home/airflow/.local/lib/python3.12/site-packages/airflow/example_dags/tutorial.py took 0.733 seconds
[2024-08-20T14:17:08.601+0000] {processor.py:161} INFO - Started process (PID=408) to work on /home/airflow/.local/lib/python3.12/site-packages/airflow/example_dags/tutorial.py
[2024-08-20T14:17:08.605+0000] {processor.py:830} INFO - Processing file /home/airflow/.local/lib/python3.12/site-packages/airflow/example_dags/tutorial.py for tasks to queue
[2024-08-20T14:17:08.609+0000] {logging_mixin.py:188} INFO - [2024-08-20T14:17:08.608+0000] {dagbag.py:545} INFO - Filling up the DagBag from /home/airflow/.local/lib/python3.12/site-packages/airflow/example_dags/tutorial.py
[2024-08-20T14:17:08.628+0000] {processor.py:840} INFO - DAG(s) 'tutorial' retrieved from /home/airflow/.local/lib/python3.12/site-packages/airflow/example_dags/tutorial.py
[2024-08-20T14:17:08.694+0000] {logging_mixin.py:188} INFO - [2024-08-20T14:17:08.694+0000] {dag.py:3089} INFO - Sync 1 DAGs
[2024-08-20T14:17:08.756+0000] {logging_mixin.py:188} INFO - [2024-08-20T14:17:08.755+0000] {dag.py:3947} INFO - Setting next_dagrun for tutorial to 2024-08-19 00:00:00+00:00, run_after=2024-08-20 00:00:00+00:00
[2024-08-20T14:17:08.802+0000] {processor.py:183} INFO - Processing /home/airflow/.local/lib/python3.12/site-packages/airflow/example_dags/tutorial.py took 0.217 seconds
[2024-08-20T14:17:39.198+0000] {processor.py:161} INFO - Started process (PID=465) to work on /home/airflow/.local/lib/python3.12/site-packages/airflow/example_dags/tutorial.py
[2024-08-20T14:17:39.199+0000] {processor.py:830} INFO - Processing file /home/airflow/.local/lib/python3.12/site-packages/airflow/example_dags/tutorial.py for tasks to queue
[2024-08-20T14:17:39.205+0000] {logging_mixin.py:188} INFO - [2024-08-20T14:17:39.204+0000] {dagbag.py:545} INFO - Filling up the DagBag from /home/airflow/.local/lib/python3.12/site-packages/airflow/example_dags/tutorial.py
[2024-08-20T14:17:39.217+0000] {processor.py:840} INFO - DAG(s) 'tutorial' retrieved from /home/airflow/.local/lib/python3.12/site-packages/airflow/example_dags/tutorial.py
[2024-08-20T14:17:39.259+0000] {logging_mixin.py:188} INFO - [2024-08-20T14:17:39.258+0000] {dag.py:3089} INFO - Sync 1 DAGs
[2024-08-20T14:17:39.305+0000] {logging_mixin.py:188} INFO - [2024-08-20T14:17:39.304+0000] {dag.py:3947} INFO - Setting next_dagrun for tutorial to 2024-08-19 00:00:00+00:00, run_after=2024-08-20 00:00:00+00:00
[2024-08-20T14:17:39.349+0000] {processor.py:183} INFO - Processing /home/airflow/.local/lib/python3.12/site-packages/airflow/example_dags/tutorial.py took 0.163 seconds
[2024-08-20T18:43:38.662+0000] {processor.py:161} INFO - Started process (PID=81) to work on /home/airflow/.local/lib/python3.12/site-packages/airflow/example_dags/tutorial.py
[2024-08-20T18:43:38.665+0000] {processor.py:830} INFO - Processing file /home/airflow/.local/lib/python3.12/site-packages/airflow/example_dags/tutorial.py for tasks to queue
[2024-08-20T18:43:38.668+0000] {logging_mixin.py:188} INFO - [2024-08-20T18:43:38.668+0000] {dagbag.py:545} INFO - Filling up the DagBag from /home/airflow/.local/lib/python3.12/site-packages/airflow/example_dags/tutorial.py
[2024-08-20T18:43:38.681+0000] {processor.py:840} INFO - DAG(s) 'tutorial' retrieved from /home/airflow/.local/lib/python3.12/site-packages/airflow/example_dags/tutorial.py
[2024-08-20T18:43:39.149+0000] {logging_mixin.py:188} INFO - [2024-08-20T18:43:39.148+0000] {dag.py:3089} INFO - Sync 1 DAGs
[2024-08-20T18:43:39.425+0000] {logging_mixin.py:188} INFO - [2024-08-20T18:43:39.425+0000] {dag.py:3947} INFO - Setting next_dagrun for tutorial to 2024-08-19 00:00:00+00:00, run_after=2024-08-20 00:00:00+00:00
[2024-08-20T18:43:39.527+0000] {processor.py:183} INFO - Processing /home/airflow/.local/lib/python3.12/site-packages/airflow/example_dags/tutorial.py took 0.877 seconds
[2024-08-20T18:44:09.943+0000] {processor.py:161} INFO - Started process (PID=139) to work on /home/airflow/.local/lib/python3.12/site-packages/airflow/example_dags/tutorial.py
[2024-08-20T18:44:09.945+0000] {processor.py:830} INFO - Processing file /home/airflow/.local/lib/python3.12/site-packages/airflow/example_dags/tutorial.py for tasks to queue
[2024-08-20T18:44:09.948+0000] {logging_mixin.py:188} INFO - [2024-08-20T18:44:09.948+0000] {dagbag.py:545} INFO - Filling up the DagBag from /home/airflow/.local/lib/python3.12/site-packages/airflow/example_dags/tutorial.py
[2024-08-20T18:44:09.969+0000] {processor.py:840} INFO - DAG(s) 'tutorial' retrieved from /home/airflow/.local/lib/python3.12/site-packages/airflow/example_dags/tutorial.py
[2024-08-20T18:44:10.021+0000] {logging_mixin.py:188} INFO - [2024-08-20T18:44:10.021+0000] {dag.py:3089} INFO - Sync 1 DAGs
[2024-08-20T18:44:10.086+0000] {logging_mixin.py:188} INFO - [2024-08-20T18:44:10.086+0000] {dag.py:3947} INFO - Setting next_dagrun for tutorial to 2024-08-19 00:00:00+00:00, run_after=2024-08-20 00:00:00+00:00
[2024-08-20T18:44:10.190+0000] {processor.py:183} INFO - Processing /home/airflow/.local/lib/python3.12/site-packages/airflow/example_dags/tutorial.py took 0.260 seconds
[2024-08-20T18:44:40.607+0000] {processor.py:161} INFO - Started process (PID=197) to work on /home/airflow/.local/lib/python3.12/site-packages/airflow/example_dags/tutorial.py
[2024-08-20T18:44:40.611+0000] {processor.py:830} INFO - Processing file /home/airflow/.local/lib/python3.12/site-packages/airflow/example_dags/tutorial.py for tasks to queue
[2024-08-20T18:44:40.616+0000] {logging_mixin.py:188} INFO - [2024-08-20T18:44:40.615+0000] {dagbag.py:545} INFO - Filling up the DagBag from /home/airflow/.local/lib/python3.12/site-packages/airflow/example_dags/tutorial.py
[2024-08-20T18:44:40.649+0000] {processor.py:840} INFO - DAG(s) 'tutorial' retrieved from /home/airflow/.local/lib/python3.12/site-packages/airflow/example_dags/tutorial.py
[2024-08-20T18:44:40.751+0000] {logging_mixin.py:188} INFO - [2024-08-20T18:44:40.750+0000] {dag.py:3089} INFO - Sync 1 DAGs
[2024-08-20T18:44:40.872+0000] {logging_mixin.py:188} INFO - [2024-08-20T18:44:40.872+0000] {dag.py:3947} INFO - Setting next_dagrun for tutorial to 2024-08-19 00:00:00+00:00, run_after=2024-08-20 00:00:00+00:00
[2024-08-20T18:44:40.944+0000] {processor.py:183} INFO - Processing /home/airflow/.local/lib/python3.12/site-packages/airflow/example_dags/tutorial.py took 0.359 seconds
[2024-08-20T18:45:49.082+0000] {processor.py:161} INFO - Started process (PID=262) to work on /home/airflow/.local/lib/python3.12/site-packages/airflow/example_dags/tutorial.py
[2024-08-20T18:45:49.084+0000] {processor.py:830} INFO - Processing file /home/airflow/.local/lib/python3.12/site-packages/airflow/example_dags/tutorial.py for tasks to queue
[2024-08-20T18:45:49.086+0000] {logging_mixin.py:188} INFO - [2024-08-20T18:45:49.085+0000] {dagbag.py:545} INFO - Filling up the DagBag from /home/airflow/.local/lib/python3.12/site-packages/airflow/example_dags/tutorial.py
[2024-08-20T18:45:49.103+0000] {processor.py:840} INFO - DAG(s) 'tutorial' retrieved from /home/airflow/.local/lib/python3.12/site-packages/airflow/example_dags/tutorial.py
[2024-08-20T18:45:49.141+0000] {logging_mixin.py:188} INFO - [2024-08-20T18:45:49.141+0000] {dag.py:3089} INFO - Sync 1 DAGs
[2024-08-20T18:45:49.202+0000] {logging_mixin.py:188} INFO - [2024-08-20T18:45:49.202+0000] {dag.py:3947} INFO - Setting next_dagrun for tutorial to 2024-08-19 00:00:00+00:00, run_after=2024-08-20 00:00:00+00:00
[2024-08-20T18:45:49.257+0000] {processor.py:183} INFO - Processing /home/airflow/.local/lib/python3.12/site-packages/airflow/example_dags/tutorial.py took 0.194 seconds
[2024-08-20T18:46:20.820+0000] {processor.py:161} INFO - Started process (PID=319) to work on /home/airflow/.local/lib/python3.12/site-packages/airflow/example_dags/tutorial.py
[2024-08-20T18:46:20.823+0000] {processor.py:830} INFO - Processing file /home/airflow/.local/lib/python3.12/site-packages/airflow/example_dags/tutorial.py for tasks to queue
[2024-08-20T18:46:20.824+0000] {logging_mixin.py:188} INFO - [2024-08-20T18:46:20.824+0000] {dagbag.py:545} INFO - Filling up the DagBag from /home/airflow/.local/lib/python3.12/site-packages/airflow/example_dags/tutorial.py
[2024-08-20T18:46:20.838+0000] {processor.py:840} INFO - DAG(s) 'tutorial' retrieved from /home/airflow/.local/lib/python3.12/site-packages/airflow/example_dags/tutorial.py
[2024-08-20T18:46:20.898+0000] {logging_mixin.py:188} INFO - [2024-08-20T18:46:20.897+0000] {dag.py:3089} INFO - Sync 1 DAGs
[2024-08-20T18:46:20.962+0000] {logging_mixin.py:188} INFO - [2024-08-20T18:46:20.961+0000] {dag.py:3947} INFO - Setting next_dagrun for tutorial to 2024-08-19 00:00:00+00:00, run_after=2024-08-20 00:00:00+00:00
[2024-08-20T18:46:21.030+0000] {processor.py:183} INFO - Processing /home/airflow/.local/lib/python3.12/site-packages/airflow/example_dags/tutorial.py took 0.223 seconds
[2024-08-20T18:46:55.929+0000] {processor.py:161} INFO - Started process (PID=376) to work on /home/airflow/.local/lib/python3.12/site-packages/airflow/example_dags/tutorial.py
[2024-08-20T18:46:55.932+0000] {processor.py:830} INFO - Processing file /home/airflow/.local/lib/python3.12/site-packages/airflow/example_dags/tutorial.py for tasks to queue
[2024-08-20T18:46:55.934+0000] {logging_mixin.py:188} INFO - [2024-08-20T18:46:55.933+0000] {dagbag.py:545} INFO - Filling up the DagBag from /home/airflow/.local/lib/python3.12/site-packages/airflow/example_dags/tutorial.py
[2024-08-20T18:46:55.963+0000] {processor.py:840} INFO - DAG(s) 'tutorial' retrieved from /home/airflow/.local/lib/python3.12/site-packages/airflow/example_dags/tutorial.py
[2024-08-20T18:46:56.033+0000] {logging_mixin.py:188} INFO - [2024-08-20T18:46:56.031+0000] {dag.py:3089} INFO - Sync 1 DAGs
[2024-08-20T18:46:56.087+0000] {logging_mixin.py:188} INFO - [2024-08-20T18:46:56.086+0000] {dag.py:3947} INFO - Setting next_dagrun for tutorial to 2024-08-19 00:00:00+00:00, run_after=2024-08-20 00:00:00+00:00
[2024-08-20T18:46:56.151+0000] {processor.py:183} INFO - Processing /home/airflow/.local/lib/python3.12/site-packages/airflow/example_dags/tutorial.py took 0.236 seconds
[2024-08-20T18:47:34.509+0000] {processor.py:161} INFO - Started process (PID=434) to work on /home/airflow/.local/lib/python3.12/site-packages/airflow/example_dags/tutorial.py
[2024-08-20T18:47:34.514+0000] {processor.py:830} INFO - Processing file /home/airflow/.local/lib/python3.12/site-packages/airflow/example_dags/tutorial.py for tasks to queue
[2024-08-20T18:47:34.516+0000] {logging_mixin.py:188} INFO - [2024-08-20T18:47:34.515+0000] {dagbag.py:545} INFO - Filling up the DagBag from /home/airflow/.local/lib/python3.12/site-packages/airflow/example_dags/tutorial.py
[2024-08-20T18:47:34.530+0000] {processor.py:840} INFO - DAG(s) 'tutorial' retrieved from /home/airflow/.local/lib/python3.12/site-packages/airflow/example_dags/tutorial.py
[2024-08-20T18:47:34.581+0000] {logging_mixin.py:188} INFO - [2024-08-20T18:47:34.581+0000] {dag.py:3089} INFO - Sync 1 DAGs
[2024-08-20T18:47:34.637+0000] {logging_mixin.py:188} INFO - [2024-08-20T18:47:34.637+0000] {dag.py:3947} INFO - Setting next_dagrun for tutorial to 2024-08-19 00:00:00+00:00, run_after=2024-08-20 00:00:00+00:00
[2024-08-20T18:47:34.708+0000] {processor.py:183} INFO - Processing /home/airflow/.local/lib/python3.12/site-packages/airflow/example_dags/tutorial.py took 0.214 seconds
[2024-08-20T18:48:04.905+0000] {processor.py:161} INFO - Started process (PID=492) to work on /home/airflow/.local/lib/python3.12/site-packages/airflow/example_dags/tutorial.py
[2024-08-20T18:48:04.922+0000] {processor.py:830} INFO - Processing file /home/airflow/.local/lib/python3.12/site-packages/airflow/example_dags/tutorial.py for tasks to queue
[2024-08-20T18:48:04.924+0000] {logging_mixin.py:188} INFO - [2024-08-20T18:48:04.923+0000] {dagbag.py:545} INFO - Filling up the DagBag from /home/airflow/.local/lib/python3.12/site-packages/airflow/example_dags/tutorial.py
[2024-08-20T18:48:04.941+0000] {processor.py:840} INFO - DAG(s) 'tutorial' retrieved from /home/airflow/.local/lib/python3.12/site-packages/airflow/example_dags/tutorial.py
[2024-08-20T18:48:04.977+0000] {logging_mixin.py:188} INFO - [2024-08-20T18:48:04.977+0000] {dag.py:3089} INFO - Sync 1 DAGs
[2024-08-20T18:48:05.014+0000] {logging_mixin.py:188} INFO - [2024-08-20T18:48:05.014+0000] {dag.py:3947} INFO - Setting next_dagrun for tutorial to 2024-08-19 00:00:00+00:00, run_after=2024-08-20 00:00:00+00:00
[2024-08-20T18:48:05.062+0000] {processor.py:183} INFO - Processing /home/airflow/.local/lib/python3.12/site-packages/airflow/example_dags/tutorial.py took 0.167 seconds
[2024-08-20T18:48:48.332+0000] {processor.py:161} INFO - Started process (PID=547) to work on /home/airflow/.local/lib/python3.12/site-packages/airflow/example_dags/tutorial.py
[2024-08-20T18:48:48.339+0000] {processor.py:830} INFO - Processing file /home/airflow/.local/lib/python3.12/site-packages/airflow/example_dags/tutorial.py for tasks to queue
[2024-08-20T18:48:48.340+0000] {logging_mixin.py:188} INFO - [2024-08-20T18:48:48.340+0000] {dagbag.py:545} INFO - Filling up the DagBag from /home/airflow/.local/lib/python3.12/site-packages/airflow/example_dags/tutorial.py
[2024-08-20T18:48:48.351+0000] {processor.py:840} INFO - DAG(s) 'tutorial' retrieved from /home/airflow/.local/lib/python3.12/site-packages/airflow/example_dags/tutorial.py
[2024-08-20T18:48:48.387+0000] {logging_mixin.py:188} INFO - [2024-08-20T18:48:48.387+0000] {dag.py:3089} INFO - Sync 1 DAGs
[2024-08-20T18:48:48.433+0000] {logging_mixin.py:188} INFO - [2024-08-20T18:48:48.433+0000] {dag.py:3947} INFO - Setting next_dagrun for tutorial to 2024-08-19 00:00:00+00:00, run_after=2024-08-20 00:00:00+00:00
[2024-08-20T18:48:48.484+0000] {processor.py:183} INFO - Processing /home/airflow/.local/lib/python3.12/site-packages/airflow/example_dags/tutorial.py took 0.162 seconds
[2024-08-20T18:49:20.399+0000] {processor.py:161} INFO - Started process (PID=605) to work on /home/airflow/.local/lib/python3.12/site-packages/airflow/example_dags/tutorial.py
[2024-08-20T18:49:20.403+0000] {processor.py:830} INFO - Processing file /home/airflow/.local/lib/python3.12/site-packages/airflow/example_dags/tutorial.py for tasks to queue
[2024-08-20T18:49:20.406+0000] {logging_mixin.py:188} INFO - [2024-08-20T18:49:20.406+0000] {dagbag.py:545} INFO - Filling up the DagBag from /home/airflow/.local/lib/python3.12/site-packages/airflow/example_dags/tutorial.py
[2024-08-20T18:49:20.423+0000] {processor.py:840} INFO - DAG(s) 'tutorial' retrieved from /home/airflow/.local/lib/python3.12/site-packages/airflow/example_dags/tutorial.py
[2024-08-20T18:49:20.482+0000] {logging_mixin.py:188} INFO - [2024-08-20T18:49:20.482+0000] {dag.py:3089} INFO - Sync 1 DAGs
[2024-08-20T18:49:20.540+0000] {logging_mixin.py:188} INFO - [2024-08-20T18:49:20.540+0000] {dag.py:3947} INFO - Setting next_dagrun for tutorial to 2024-08-19 00:00:00+00:00, run_after=2024-08-20 00:00:00+00:00
[2024-08-20T18:49:20.613+0000] {processor.py:183} INFO - Processing /home/airflow/.local/lib/python3.12/site-packages/airflow/example_dags/tutorial.py took 0.227 seconds
[2024-08-20T18:49:50.921+0000] {processor.py:161} INFO - Started process (PID=662) to work on /home/airflow/.local/lib/python3.12/site-packages/airflow/example_dags/tutorial.py
[2024-08-20T18:49:50.940+0000] {processor.py:830} INFO - Processing file /home/airflow/.local/lib/python3.12/site-packages/airflow/example_dags/tutorial.py for tasks to queue
[2024-08-20T18:49:50.942+0000] {logging_mixin.py:188} INFO - [2024-08-20T18:49:50.941+0000] {dagbag.py:545} INFO - Filling up the DagBag from /home/airflow/.local/lib/python3.12/site-packages/airflow/example_dags/tutorial.py
[2024-08-20T18:49:50.954+0000] {processor.py:840} INFO - DAG(s) 'tutorial' retrieved from /home/airflow/.local/lib/python3.12/site-packages/airflow/example_dags/tutorial.py
[2024-08-20T18:49:50.998+0000] {logging_mixin.py:188} INFO - [2024-08-20T18:49:50.997+0000] {dag.py:3089} INFO - Sync 1 DAGs
[2024-08-20T18:49:51.056+0000] {logging_mixin.py:188} INFO - [2024-08-20T18:49:51.056+0000] {dag.py:3947} INFO - Setting next_dagrun for tutorial to 2024-08-19 00:00:00+00:00, run_after=2024-08-20 00:00:00+00:00
[2024-08-20T18:49:51.122+0000] {processor.py:183} INFO - Processing /home/airflow/.local/lib/python3.12/site-packages/airflow/example_dags/tutorial.py took 0.210 seconds
[2024-08-20T19:03:24.588+0000] {processor.py:161} INFO - Started process (PID=88) to work on /home/airflow/.local/lib/python3.12/site-packages/airflow/example_dags/tutorial.py
[2024-08-20T19:03:24.613+0000] {processor.py:830} INFO - Processing file /home/airflow/.local/lib/python3.12/site-packages/airflow/example_dags/tutorial.py for tasks to queue
[2024-08-20T19:03:24.615+0000] {logging_mixin.py:188} INFO - [2024-08-20T19:03:24.614+0000] {dagbag.py:545} INFO - Filling up the DagBag from /home/airflow/.local/lib/python3.12/site-packages/airflow/example_dags/tutorial.py
[2024-08-20T19:03:24.635+0000] {processor.py:840} INFO - DAG(s) 'tutorial' retrieved from /home/airflow/.local/lib/python3.12/site-packages/airflow/example_dags/tutorial.py
[2024-08-20T19:03:25.168+0000] {logging_mixin.py:188} INFO - [2024-08-20T19:03:25.167+0000] {dag.py:3089} INFO - Sync 1 DAGs
[2024-08-20T19:03:25.311+0000] {logging_mixin.py:188} INFO - [2024-08-20T19:03:25.310+0000] {dag.py:3947} INFO - Setting next_dagrun for tutorial to 2024-08-19 00:00:00+00:00, run_after=2024-08-20 00:00:00+00:00
[2024-08-20T19:03:25.409+0000] {processor.py:183} INFO - Processing /home/airflow/.local/lib/python3.12/site-packages/airflow/example_dags/tutorial.py took 0.858 seconds
[2024-08-20T19:03:56.147+0000] {processor.py:161} INFO - Started process (PID=145) to work on /home/airflow/.local/lib/python3.12/site-packages/airflow/example_dags/tutorial.py
[2024-08-20T19:03:56.166+0000] {processor.py:830} INFO - Processing file /home/airflow/.local/lib/python3.12/site-packages/airflow/example_dags/tutorial.py for tasks to queue
[2024-08-20T19:03:56.168+0000] {logging_mixin.py:188} INFO - [2024-08-20T19:03:56.167+0000] {dagbag.py:545} INFO - Filling up the DagBag from /home/airflow/.local/lib/python3.12/site-packages/airflow/example_dags/tutorial.py
[2024-08-20T19:03:56.188+0000] {processor.py:840} INFO - DAG(s) 'tutorial' retrieved from /home/airflow/.local/lib/python3.12/site-packages/airflow/example_dags/tutorial.py
[2024-08-20T19:03:56.408+0000] {logging_mixin.py:188} INFO - [2024-08-20T19:03:56.407+0000] {dag.py:3089} INFO - Sync 1 DAGs
[2024-08-20T19:03:56.521+0000] {logging_mixin.py:188} INFO - [2024-08-20T19:03:56.521+0000] {dag.py:3947} INFO - Setting next_dagrun for tutorial to 2024-08-19 00:00:00+00:00, run_after=2024-08-20 00:00:00+00:00
[2024-08-20T19:03:56.628+0000] {processor.py:183} INFO - Processing /home/airflow/.local/lib/python3.12/site-packages/airflow/example_dags/tutorial.py took 0.501 seconds
[2024-08-20T19:06:27.333+0000] {processor.py:161} INFO - Started process (PID=231) to work on /home/airflow/.local/lib/python3.12/site-packages/airflow/example_dags/tutorial.py
[2024-08-20T19:06:27.343+0000] {processor.py:830} INFO - Processing file /home/airflow/.local/lib/python3.12/site-packages/airflow/example_dags/tutorial.py for tasks to queue
[2024-08-20T19:06:27.352+0000] {logging_mixin.py:188} INFO - [2024-08-20T19:06:27.351+0000] {dagbag.py:545} INFO - Filling up the DagBag from /home/airflow/.local/lib/python3.12/site-packages/airflow/example_dags/tutorial.py
[2024-08-20T19:06:27.368+0000] {processor.py:840} INFO - DAG(s) 'tutorial' retrieved from /home/airflow/.local/lib/python3.12/site-packages/airflow/example_dags/tutorial.py
[2024-08-20T19:06:27.404+0000] {logging_mixin.py:188} INFO - [2024-08-20T19:06:27.404+0000] {dag.py:3089} INFO - Sync 1 DAGs
[2024-08-20T19:06:27.448+0000] {logging_mixin.py:188} INFO - [2024-08-20T19:06:27.447+0000] {dag.py:3947} INFO - Setting next_dagrun for tutorial to 2024-08-19 00:00:00+00:00, run_after=2024-08-20 00:00:00+00:00
[2024-08-20T19:06:27.505+0000] {processor.py:183} INFO - Processing /home/airflow/.local/lib/python3.12/site-packages/airflow/example_dags/tutorial.py took 0.191 seconds
[2024-08-20T19:07:23.234+0000] {processor.py:161} INFO - Started process (PID=298) to work on /home/airflow/.local/lib/python3.12/site-packages/airflow/example_dags/tutorial.py
[2024-08-20T19:07:23.247+0000] {processor.py:830} INFO - Processing file /home/airflow/.local/lib/python3.12/site-packages/airflow/example_dags/tutorial.py for tasks to queue
[2024-08-20T19:07:23.249+0000] {logging_mixin.py:188} INFO - [2024-08-20T19:07:23.248+0000] {dagbag.py:545} INFO - Filling up the DagBag from /home/airflow/.local/lib/python3.12/site-packages/airflow/example_dags/tutorial.py
[2024-08-20T19:07:23.275+0000] {processor.py:840} INFO - DAG(s) 'tutorial' retrieved from /home/airflow/.local/lib/python3.12/site-packages/airflow/example_dags/tutorial.py
[2024-08-20T19:07:23.354+0000] {logging_mixin.py:188} INFO - [2024-08-20T19:07:23.353+0000] {dag.py:3089} INFO - Sync 1 DAGs
[2024-08-20T19:07:23.418+0000] {logging_mixin.py:188} INFO - [2024-08-20T19:07:23.415+0000] {dag.py:3947} INFO - Setting next_dagrun for tutorial to 2024-08-19 00:00:00+00:00, run_after=2024-08-20 00:00:00+00:00
[2024-08-20T19:07:23.507+0000] {processor.py:183} INFO - Processing /home/airflow/.local/lib/python3.12/site-packages/airflow/example_dags/tutorial.py took 0.285 seconds
[2024-08-20T19:09:03.531+0000] {processor.py:161} INFO - Started process (PID=365) to work on /home/airflow/.local/lib/python3.12/site-packages/airflow/example_dags/tutorial.py
[2024-08-20T19:09:03.548+0000] {processor.py:830} INFO - Processing file /home/airflow/.local/lib/python3.12/site-packages/airflow/example_dags/tutorial.py for tasks to queue
[2024-08-20T19:09:03.549+0000] {logging_mixin.py:188} INFO - [2024-08-20T19:09:03.549+0000] {dagbag.py:545} INFO - Filling up the DagBag from /home/airflow/.local/lib/python3.12/site-packages/airflow/example_dags/tutorial.py
[2024-08-20T19:09:03.567+0000] {processor.py:840} INFO - DAG(s) 'tutorial' retrieved from /home/airflow/.local/lib/python3.12/site-packages/airflow/example_dags/tutorial.py
[2024-08-20T19:09:03.627+0000] {logging_mixin.py:188} INFO - [2024-08-20T19:09:03.626+0000] {dag.py:3089} INFO - Sync 1 DAGs
[2024-08-20T19:09:03.704+0000] {logging_mixin.py:188} INFO - [2024-08-20T19:09:03.703+0000] {dag.py:3947} INFO - Setting next_dagrun for tutorial to 2024-08-19 00:00:00+00:00, run_after=2024-08-20 00:00:00+00:00
[2024-08-20T19:09:03.780+0000] {processor.py:183} INFO - Processing /home/airflow/.local/lib/python3.12/site-packages/airflow/example_dags/tutorial.py took 0.271 seconds
[2024-08-20T19:09:35.727+0000] {processor.py:161} INFO - Started process (PID=423) to work on /home/airflow/.local/lib/python3.12/site-packages/airflow/example_dags/tutorial.py
[2024-08-20T19:09:35.730+0000] {processor.py:830} INFO - Processing file /home/airflow/.local/lib/python3.12/site-packages/airflow/example_dags/tutorial.py for tasks to queue
[2024-08-20T19:09:35.732+0000] {logging_mixin.py:188} INFO - [2024-08-20T19:09:35.731+0000] {dagbag.py:545} INFO - Filling up the DagBag from /home/airflow/.local/lib/python3.12/site-packages/airflow/example_dags/tutorial.py
[2024-08-20T19:09:35.748+0000] {processor.py:840} INFO - DAG(s) 'tutorial' retrieved from /home/airflow/.local/lib/python3.12/site-packages/airflow/example_dags/tutorial.py
[2024-08-20T19:09:35.798+0000] {logging_mixin.py:188} INFO - [2024-08-20T19:09:35.797+0000] {dag.py:3089} INFO - Sync 1 DAGs
[2024-08-20T19:09:35.858+0000] {logging_mixin.py:188} INFO - [2024-08-20T19:09:35.855+0000] {dag.py:3947} INFO - Setting next_dagrun for tutorial to 2024-08-19 00:00:00+00:00, run_after=2024-08-20 00:00:00+00:00
[2024-08-20T19:09:35.913+0000] {processor.py:183} INFO - Processing /home/airflow/.local/lib/python3.12/site-packages/airflow/example_dags/tutorial.py took 0.200 seconds
[2024-08-20T19:13:01.321+0000] {processor.py:161} INFO - Started process (PID=480) to work on /home/airflow/.local/lib/python3.12/site-packages/airflow/example_dags/tutorial.py
[2024-08-20T19:13:01.324+0000] {processor.py:830} INFO - Processing file /home/airflow/.local/lib/python3.12/site-packages/airflow/example_dags/tutorial.py for tasks to queue
[2024-08-20T19:13:01.326+0000] {logging_mixin.py:188} INFO - [2024-08-20T19:13:01.325+0000] {dagbag.py:545} INFO - Filling up the DagBag from /home/airflow/.local/lib/python3.12/site-packages/airflow/example_dags/tutorial.py
[2024-08-20T19:13:01.339+0000] {processor.py:840} INFO - DAG(s) 'tutorial' retrieved from /home/airflow/.local/lib/python3.12/site-packages/airflow/example_dags/tutorial.py
[2024-08-20T19:13:01.382+0000] {logging_mixin.py:188} INFO - [2024-08-20T19:13:01.382+0000] {dag.py:3089} INFO - Sync 1 DAGs
[2024-08-20T19:13:01.437+0000] {logging_mixin.py:188} INFO - [2024-08-20T19:13:01.437+0000] {dag.py:3947} INFO - Setting next_dagrun for tutorial to 2024-08-19 00:00:00+00:00, run_after=2024-08-20 00:00:00+00:00
[2024-08-20T19:13:01.487+0000] {processor.py:183} INFO - Processing /home/airflow/.local/lib/python3.12/site-packages/airflow/example_dags/tutorial.py took 0.179 seconds
[2024-08-20T19:21:32.818+0000] {processor.py:161} INFO - Started process (PID=86) to work on /home/airflow/.local/lib/python3.12/site-packages/airflow/example_dags/tutorial.py
[2024-08-20T19:21:32.820+0000] {processor.py:830} INFO - Processing file /home/airflow/.local/lib/python3.12/site-packages/airflow/example_dags/tutorial.py for tasks to queue
[2024-08-20T19:21:32.822+0000] {logging_mixin.py:188} INFO - [2024-08-20T19:21:32.821+0000] {dagbag.py:545} INFO - Filling up the DagBag from /home/airflow/.local/lib/python3.12/site-packages/airflow/example_dags/tutorial.py
[2024-08-20T19:21:32.833+0000] {processor.py:840} INFO - DAG(s) 'tutorial' retrieved from /home/airflow/.local/lib/python3.12/site-packages/airflow/example_dags/tutorial.py
[2024-08-20T19:21:33.063+0000] {logging_mixin.py:188} INFO - [2024-08-20T19:21:33.062+0000] {dag.py:3089} INFO - Sync 1 DAGs
[2024-08-20T19:21:33.103+0000] {logging_mixin.py:188} INFO - [2024-08-20T19:21:33.103+0000] {dag.py:3947} INFO - Setting next_dagrun for tutorial to 2024-08-19 00:00:00+00:00, run_after=2024-08-20 00:00:00+00:00
[2024-08-20T19:21:33.163+0000] {processor.py:183} INFO - Processing /home/airflow/.local/lib/python3.12/site-packages/airflow/example_dags/tutorial.py took 0.357 seconds
[2024-08-20T19:22:22.491+0000] {processor.py:161} INFO - Started process (PID=154) to work on /home/airflow/.local/lib/python3.12/site-packages/airflow/example_dags/tutorial.py
[2024-08-20T19:22:22.498+0000] {processor.py:830} INFO - Processing file /home/airflow/.local/lib/python3.12/site-packages/airflow/example_dags/tutorial.py for tasks to queue
[2024-08-20T19:22:22.500+0000] {logging_mixin.py:188} INFO - [2024-08-20T19:22:22.500+0000] {dagbag.py:545} INFO - Filling up the DagBag from /home/airflow/.local/lib/python3.12/site-packages/airflow/example_dags/tutorial.py
[2024-08-20T19:22:22.521+0000] {processor.py:840} INFO - DAG(s) 'tutorial' retrieved from /home/airflow/.local/lib/python3.12/site-packages/airflow/example_dags/tutorial.py
[2024-08-20T19:22:22.580+0000] {logging_mixin.py:188} INFO - [2024-08-20T19:22:22.580+0000] {dag.py:3089} INFO - Sync 1 DAGs
[2024-08-20T19:22:22.631+0000] {logging_mixin.py:188} INFO - [2024-08-20T19:22:22.630+0000] {dag.py:3947} INFO - Setting next_dagrun for tutorial to 2024-08-19 00:00:00+00:00, run_after=2024-08-20 00:00:00+00:00
[2024-08-20T19:22:22.681+0000] {processor.py:183} INFO - Processing /home/airflow/.local/lib/python3.12/site-packages/airflow/example_dags/tutorial.py took 0.200 seconds
[2024-08-20T19:24:50.221+0000] {processor.py:161} INFO - Started process (PID=218) to work on /home/airflow/.local/lib/python3.12/site-packages/airflow/example_dags/tutorial.py
[2024-08-20T19:24:50.229+0000] {processor.py:830} INFO - Processing file /home/airflow/.local/lib/python3.12/site-packages/airflow/example_dags/tutorial.py for tasks to queue
[2024-08-20T19:24:50.231+0000] {logging_mixin.py:188} INFO - [2024-08-20T19:24:50.230+0000] {dagbag.py:545} INFO - Filling up the DagBag from /home/airflow/.local/lib/python3.12/site-packages/airflow/example_dags/tutorial.py
[2024-08-20T19:24:50.243+0000] {processor.py:840} INFO - DAG(s) 'tutorial' retrieved from /home/airflow/.local/lib/python3.12/site-packages/airflow/example_dags/tutorial.py
[2024-08-20T19:24:50.282+0000] {logging_mixin.py:188} INFO - [2024-08-20T19:24:50.281+0000] {dag.py:3089} INFO - Sync 1 DAGs
[2024-08-20T19:24:50.340+0000] {logging_mixin.py:188} INFO - [2024-08-20T19:24:50.339+0000] {dag.py:3947} INFO - Setting next_dagrun for tutorial to 2024-08-19 00:00:00+00:00, run_after=2024-08-20 00:00:00+00:00
[2024-08-20T19:24:50.386+0000] {processor.py:183} INFO - Processing /home/airflow/.local/lib/python3.12/site-packages/airflow/example_dags/tutorial.py took 0.176 seconds
[2024-08-20T19:27:36.285+0000] {processor.py:161} INFO - Started process (PID=282) to work on /home/airflow/.local/lib/python3.12/site-packages/airflow/example_dags/tutorial.py
[2024-08-20T19:27:36.289+0000] {processor.py:830} INFO - Processing file /home/airflow/.local/lib/python3.12/site-packages/airflow/example_dags/tutorial.py for tasks to queue
[2024-08-20T19:27:36.291+0000] {logging_mixin.py:188} INFO - [2024-08-20T19:27:36.290+0000] {dagbag.py:545} INFO - Filling up the DagBag from /home/airflow/.local/lib/python3.12/site-packages/airflow/example_dags/tutorial.py
[2024-08-20T19:27:36.306+0000] {processor.py:840} INFO - DAG(s) 'tutorial' retrieved from /home/airflow/.local/lib/python3.12/site-packages/airflow/example_dags/tutorial.py
[2024-08-20T19:27:36.377+0000] {logging_mixin.py:188} INFO - [2024-08-20T19:27:36.377+0000] {dag.py:3089} INFO - Sync 1 DAGs
[2024-08-20T19:27:36.433+0000] {logging_mixin.py:188} INFO - [2024-08-20T19:27:36.432+0000] {dag.py:3947} INFO - Setting next_dagrun for tutorial to 2024-08-19 00:00:00+00:00, run_after=2024-08-20 00:00:00+00:00
[2024-08-20T19:27:36.489+0000] {processor.py:183} INFO - Processing /home/airflow/.local/lib/python3.12/site-packages/airflow/example_dags/tutorial.py took 0.221 seconds
[2024-08-20T19:28:07.275+0000] {processor.py:161} INFO - Started process (PID=340) to work on /home/airflow/.local/lib/python3.12/site-packages/airflow/example_dags/tutorial.py
[2024-08-20T19:28:07.281+0000] {processor.py:830} INFO - Processing file /home/airflow/.local/lib/python3.12/site-packages/airflow/example_dags/tutorial.py for tasks to queue
[2024-08-20T19:28:07.283+0000] {logging_mixin.py:188} INFO - [2024-08-20T19:28:07.282+0000] {dagbag.py:545} INFO - Filling up the DagBag from /home/airflow/.local/lib/python3.12/site-packages/airflow/example_dags/tutorial.py
[2024-08-20T19:28:07.318+0000] {processor.py:840} INFO - DAG(s) 'tutorial' retrieved from /home/airflow/.local/lib/python3.12/site-packages/airflow/example_dags/tutorial.py
[2024-08-20T19:28:07.389+0000] {logging_mixin.py:188} INFO - [2024-08-20T19:28:07.389+0000] {dag.py:3089} INFO - Sync 1 DAGs
[2024-08-20T19:28:07.478+0000] {logging_mixin.py:188} INFO - [2024-08-20T19:28:07.478+0000] {dag.py:3947} INFO - Setting next_dagrun for tutorial to 2024-08-19 00:00:00+00:00, run_after=2024-08-20 00:00:00+00:00
[2024-08-20T19:28:07.553+0000] {processor.py:183} INFO - Processing /home/airflow/.local/lib/python3.12/site-packages/airflow/example_dags/tutorial.py took 0.319 seconds
[2024-08-20T19:30:34.728+0000] {processor.py:161} INFO - Started process (PID=425) to work on /home/airflow/.local/lib/python3.12/site-packages/airflow/example_dags/tutorial.py
[2024-08-20T19:30:34.741+0000] {processor.py:830} INFO - Processing file /home/airflow/.local/lib/python3.12/site-packages/airflow/example_dags/tutorial.py for tasks to queue
[2024-08-20T19:30:34.745+0000] {logging_mixin.py:188} INFO - [2024-08-20T19:30:34.744+0000] {dagbag.py:545} INFO - Filling up the DagBag from /home/airflow/.local/lib/python3.12/site-packages/airflow/example_dags/tutorial.py
[2024-08-20T19:30:34.759+0000] {processor.py:840} INFO - DAG(s) 'tutorial' retrieved from /home/airflow/.local/lib/python3.12/site-packages/airflow/example_dags/tutorial.py
[2024-08-20T19:30:34.802+0000] {logging_mixin.py:188} INFO - [2024-08-20T19:30:34.801+0000] {dag.py:3089} INFO - Sync 1 DAGs
[2024-08-20T19:30:34.849+0000] {logging_mixin.py:188} INFO - [2024-08-20T19:30:34.849+0000] {dag.py:3947} INFO - Setting next_dagrun for tutorial to 2024-08-19 00:00:00+00:00, run_after=2024-08-20 00:00:00+00:00
[2024-08-20T19:30:34.897+0000] {processor.py:183} INFO - Processing /home/airflow/.local/lib/python3.12/site-packages/airflow/example_dags/tutorial.py took 0.183 seconds
[2024-08-20T19:33:17.098+0000] {processor.py:161} INFO - Started process (PID=490) to work on /home/airflow/.local/lib/python3.12/site-packages/airflow/example_dags/tutorial.py
[2024-08-20T19:33:17.101+0000] {processor.py:830} INFO - Processing file /home/airflow/.local/lib/python3.12/site-packages/airflow/example_dags/tutorial.py for tasks to queue
[2024-08-20T19:33:17.102+0000] {logging_mixin.py:188} INFO - [2024-08-20T19:33:17.102+0000] {dagbag.py:545} INFO - Filling up the DagBag from /home/airflow/.local/lib/python3.12/site-packages/airflow/example_dags/tutorial.py
[2024-08-20T19:33:17.116+0000] {processor.py:840} INFO - DAG(s) 'tutorial' retrieved from /home/airflow/.local/lib/python3.12/site-packages/airflow/example_dags/tutorial.py
[2024-08-20T19:33:17.157+0000] {logging_mixin.py:188} INFO - [2024-08-20T19:33:17.156+0000] {dag.py:3089} INFO - Sync 1 DAGs
[2024-08-20T19:33:17.194+0000] {logging_mixin.py:188} INFO - [2024-08-20T19:33:17.193+0000] {dag.py:3947} INFO - Setting next_dagrun for tutorial to 2024-08-19 00:00:00+00:00, run_after=2024-08-20 00:00:00+00:00
[2024-08-20T19:33:17.244+0000] {processor.py:183} INFO - Processing /home/airflow/.local/lib/python3.12/site-packages/airflow/example_dags/tutorial.py took 0.157 seconds
[2024-08-20T19:36:33.294+0000] {processor.py:161} INFO - Started process (PID=583) to work on /home/airflow/.local/lib/python3.12/site-packages/airflow/example_dags/tutorial.py
[2024-08-20T19:36:33.311+0000] {processor.py:830} INFO - Processing file /home/airflow/.local/lib/python3.12/site-packages/airflow/example_dags/tutorial.py for tasks to queue
[2024-08-20T19:36:33.313+0000] {logging_mixin.py:188} INFO - [2024-08-20T19:36:33.312+0000] {dagbag.py:545} INFO - Filling up the DagBag from /home/airflow/.local/lib/python3.12/site-packages/airflow/example_dags/tutorial.py
[2024-08-20T19:36:33.328+0000] {processor.py:840} INFO - DAG(s) 'tutorial' retrieved from /home/airflow/.local/lib/python3.12/site-packages/airflow/example_dags/tutorial.py
[2024-08-20T19:36:33.384+0000] {logging_mixin.py:188} INFO - [2024-08-20T19:36:33.383+0000] {dag.py:3089} INFO - Sync 1 DAGs
[2024-08-20T19:36:33.414+0000] {logging_mixin.py:188} INFO - [2024-08-20T19:36:33.414+0000] {dag.py:3947} INFO - Setting next_dagrun for tutorial to 2024-08-19 00:00:00+00:00, run_after=2024-08-20 00:00:00+00:00
[2024-08-20T19:36:33.475+0000] {processor.py:183} INFO - Processing /home/airflow/.local/lib/python3.12/site-packages/airflow/example_dags/tutorial.py took 0.193 seconds
