[2024-11-12T11:21:56.560+0000] {processor.py:161} INFO - Started process (PID=87) to work on /home/airflow/.local/lib/python3.12/site-packages/airflow/example_dags/example_branch_operator.py
[2024-11-12T11:21:56.561+0000] {processor.py:830} INFO - Processing file /home/airflow/.local/lib/python3.12/site-packages/airflow/example_dags/example_branch_operator.py for tasks to queue
[2024-11-12T11:21:56.565+0000] {logging_mixin.py:188} INFO - [2024-11-12T11:21:56.564+0000] {dagbag.py:545} INFO - Filling up the DagBag from /home/airflow/.local/lib/python3.12/site-packages/airflow/example_dags/example_branch_operator.py
[2024-11-12T11:21:56.646+0000] {processor.py:840} INFO - DAG(s) 'example_branch_operator' retrieved from /home/airflow/.local/lib/python3.12/site-packages/airflow/example_dags/example_branch_operator.py
[2024-11-12T11:21:56.890+0000] {logging_mixin.py:188} INFO - [2024-11-12T11:21:56.890+0000] {dag.py:3089} INFO - Sync 1 DAGs
[2024-11-12T11:21:56.954+0000] {logging_mixin.py:188} INFO - [2024-11-12T11:21:56.954+0000] {dag.py:3947} INFO - Setting next_dagrun for example_branch_operator to 2024-11-11 00:00:00+00:00, run_after=2024-11-12 00:00:00+00:00
[2024-11-12T11:21:57.009+0000] {processor.py:183} INFO - Processing /home/airflow/.local/lib/python3.12/site-packages/airflow/example_dags/example_branch_operator.py took 0.460 seconds
[2024-11-12T11:22:29.450+0000] {processor.py:161} INFO - Started process (PID=147) to work on /home/airflow/.local/lib/python3.12/site-packages/airflow/example_dags/example_branch_operator.py
[2024-11-12T11:22:29.455+0000] {processor.py:830} INFO - Processing file /home/airflow/.local/lib/python3.12/site-packages/airflow/example_dags/example_branch_operator.py for tasks to queue
[2024-11-12T11:22:29.466+0000] {logging_mixin.py:188} INFO - [2024-11-12T11:22:29.465+0000] {dagbag.py:545} INFO - Filling up the DagBag from /home/airflow/.local/lib/python3.12/site-packages/airflow/example_dags/example_branch_operator.py
[2024-11-12T11:22:29.625+0000] {processor.py:840} INFO - DAG(s) 'example_branch_operator' retrieved from /home/airflow/.local/lib/python3.12/site-packages/airflow/example_dags/example_branch_operator.py
[2024-11-12T11:22:29.825+0000] {logging_mixin.py:188} INFO - [2024-11-12T11:22:29.824+0000] {dag.py:3089} INFO - Sync 1 DAGs
[2024-11-12T11:22:29.920+0000] {logging_mixin.py:188} INFO - [2024-11-12T11:22:29.920+0000] {dag.py:3947} INFO - Setting next_dagrun for example_branch_operator to 2024-11-11 00:00:00+00:00, run_after=2024-11-12 00:00:00+00:00
[2024-11-12T11:22:30.052+0000] {processor.py:183} INFO - Processing /home/airflow/.local/lib/python3.12/site-packages/airflow/example_dags/example_branch_operator.py took 0.643 seconds
[2024-11-12T11:23:00.259+0000] {processor.py:161} INFO - Started process (PID=205) to work on /home/airflow/.local/lib/python3.12/site-packages/airflow/example_dags/example_branch_operator.py
[2024-11-12T11:23:00.262+0000] {processor.py:830} INFO - Processing file /home/airflow/.local/lib/python3.12/site-packages/airflow/example_dags/example_branch_operator.py for tasks to queue
[2024-11-12T11:23:00.267+0000] {logging_mixin.py:188} INFO - [2024-11-12T11:23:00.266+0000] {dagbag.py:545} INFO - Filling up the DagBag from /home/airflow/.local/lib/python3.12/site-packages/airflow/example_dags/example_branch_operator.py
[2024-11-12T11:23:00.307+0000] {processor.py:840} INFO - DAG(s) 'example_branch_operator' retrieved from /home/airflow/.local/lib/python3.12/site-packages/airflow/example_dags/example_branch_operator.py
[2024-11-12T11:23:00.385+0000] {logging_mixin.py:188} INFO - [2024-11-12T11:23:00.384+0000] {dag.py:3089} INFO - Sync 1 DAGs
[2024-11-12T11:23:00.449+0000] {logging_mixin.py:188} INFO - [2024-11-12T11:23:00.448+0000] {dag.py:3947} INFO - Setting next_dagrun for example_branch_operator to 2024-11-11 00:00:00+00:00, run_after=2024-11-12 00:00:00+00:00
[2024-11-12T11:23:00.512+0000] {processor.py:183} INFO - Processing /home/airflow/.local/lib/python3.12/site-packages/airflow/example_dags/example_branch_operator.py took 0.269 seconds
[2024-11-12T11:23:30.768+0000] {processor.py:161} INFO - Started process (PID=265) to work on /home/airflow/.local/lib/python3.12/site-packages/airflow/example_dags/example_branch_operator.py
[2024-11-12T11:23:30.770+0000] {processor.py:830} INFO - Processing file /home/airflow/.local/lib/python3.12/site-packages/airflow/example_dags/example_branch_operator.py for tasks to queue
[2024-11-12T11:23:30.774+0000] {logging_mixin.py:188} INFO - [2024-11-12T11:23:30.773+0000] {dagbag.py:545} INFO - Filling up the DagBag from /home/airflow/.local/lib/python3.12/site-packages/airflow/example_dags/example_branch_operator.py
[2024-11-12T11:23:30.818+0000] {processor.py:840} INFO - DAG(s) 'example_branch_operator' retrieved from /home/airflow/.local/lib/python3.12/site-packages/airflow/example_dags/example_branch_operator.py
[2024-11-12T11:23:30.899+0000] {logging_mixin.py:188} INFO - [2024-11-12T11:23:30.899+0000] {dag.py:3089} INFO - Sync 1 DAGs
[2024-11-12T11:23:30.963+0000] {logging_mixin.py:188} INFO - [2024-11-12T11:23:30.962+0000] {dag.py:3947} INFO - Setting next_dagrun for example_branch_operator to 2024-11-11 00:00:00+00:00, run_after=2024-11-12 00:00:00+00:00
[2024-11-12T11:23:31.041+0000] {processor.py:183} INFO - Processing /home/airflow/.local/lib/python3.12/site-packages/airflow/example_dags/example_branch_operator.py took 0.286 seconds
[2024-11-12T11:27:51.422+0000] {processor.py:161} INFO - Started process (PID=85) to work on /home/airflow/.local/lib/python3.12/site-packages/airflow/example_dags/example_branch_operator.py
[2024-11-12T11:27:51.445+0000] {processor.py:830} INFO - Processing file /home/airflow/.local/lib/python3.12/site-packages/airflow/example_dags/example_branch_operator.py for tasks to queue
[2024-11-12T11:27:51.450+0000] {logging_mixin.py:188} INFO - [2024-11-12T11:27:51.450+0000] {dagbag.py:545} INFO - Filling up the DagBag from /home/airflow/.local/lib/python3.12/site-packages/airflow/example_dags/example_branch_operator.py
[2024-11-12T11:27:51.529+0000] {processor.py:840} INFO - DAG(s) 'example_branch_operator' retrieved from /home/airflow/.local/lib/python3.12/site-packages/airflow/example_dags/example_branch_operator.py
[2024-11-12T11:27:51.759+0000] {logging_mixin.py:188} INFO - [2024-11-12T11:27:51.758+0000] {dag.py:3089} INFO - Sync 1 DAGs
[2024-11-12T11:27:51.804+0000] {logging_mixin.py:188} INFO - [2024-11-12T11:27:51.804+0000] {dag.py:3947} INFO - Setting next_dagrun for example_branch_operator to 2024-11-11 00:00:00+00:00, run_after=2024-11-12 00:00:00+00:00
[2024-11-12T11:27:51.876+0000] {processor.py:183} INFO - Processing /home/airflow/.local/lib/python3.12/site-packages/airflow/example_dags/example_branch_operator.py took 0.472 seconds
[2024-11-12T11:28:22.654+0000] {processor.py:161} INFO - Started process (PID=145) to work on /home/airflow/.local/lib/python3.12/site-packages/airflow/example_dags/example_branch_operator.py
[2024-11-12T11:28:22.657+0000] {processor.py:830} INFO - Processing file /home/airflow/.local/lib/python3.12/site-packages/airflow/example_dags/example_branch_operator.py for tasks to queue
[2024-11-12T11:28:22.661+0000] {logging_mixin.py:188} INFO - [2024-11-12T11:28:22.660+0000] {dagbag.py:545} INFO - Filling up the DagBag from /home/airflow/.local/lib/python3.12/site-packages/airflow/example_dags/example_branch_operator.py
[2024-11-12T11:28:22.716+0000] {processor.py:840} INFO - DAG(s) 'example_branch_operator' retrieved from /home/airflow/.local/lib/python3.12/site-packages/airflow/example_dags/example_branch_operator.py
[2024-11-12T11:28:22.793+0000] {logging_mixin.py:188} INFO - [2024-11-12T11:28:22.792+0000] {dag.py:3089} INFO - Sync 1 DAGs
[2024-11-12T11:28:22.856+0000] {logging_mixin.py:188} INFO - [2024-11-12T11:28:22.855+0000] {dag.py:3947} INFO - Setting next_dagrun for example_branch_operator to 2024-11-11 00:00:00+00:00, run_after=2024-11-12 00:00:00+00:00
[2024-11-12T11:28:22.905+0000] {processor.py:183} INFO - Processing /home/airflow/.local/lib/python3.12/site-packages/airflow/example_dags/example_branch_operator.py took 0.266 seconds
[2024-11-12T11:28:53.178+0000] {processor.py:161} INFO - Started process (PID=206) to work on /home/airflow/.local/lib/python3.12/site-packages/airflow/example_dags/example_branch_operator.py
[2024-11-12T11:28:53.181+0000] {processor.py:830} INFO - Processing file /home/airflow/.local/lib/python3.12/site-packages/airflow/example_dags/example_branch_operator.py for tasks to queue
[2024-11-12T11:28:53.185+0000] {logging_mixin.py:188} INFO - [2024-11-12T11:28:53.184+0000] {dagbag.py:545} INFO - Filling up the DagBag from /home/airflow/.local/lib/python3.12/site-packages/airflow/example_dags/example_branch_operator.py
[2024-11-12T11:28:53.228+0000] {processor.py:840} INFO - DAG(s) 'example_branch_operator' retrieved from /home/airflow/.local/lib/python3.12/site-packages/airflow/example_dags/example_branch_operator.py
[2024-11-12T11:28:53.301+0000] {logging_mixin.py:188} INFO - [2024-11-12T11:28:53.301+0000] {dag.py:3089} INFO - Sync 1 DAGs
[2024-11-12T11:28:53.361+0000] {logging_mixin.py:188} INFO - [2024-11-12T11:28:53.360+0000] {dag.py:3947} INFO - Setting next_dagrun for example_branch_operator to 2024-11-11 00:00:00+00:00, run_after=2024-11-12 00:00:00+00:00
[2024-11-12T11:28:53.414+0000] {processor.py:183} INFO - Processing /home/airflow/.local/lib/python3.12/site-packages/airflow/example_dags/example_branch_operator.py took 0.253 seconds
[2024-11-12T11:29:26.622+0000] {processor.py:161} INFO - Started process (PID=264) to work on /home/airflow/.local/lib/python3.12/site-packages/airflow/example_dags/example_branch_operator.py
[2024-11-12T11:29:26.634+0000] {processor.py:830} INFO - Processing file /home/airflow/.local/lib/python3.12/site-packages/airflow/example_dags/example_branch_operator.py for tasks to queue
[2024-11-12T11:29:26.647+0000] {logging_mixin.py:188} INFO - [2024-11-12T11:29:26.646+0000] {dagbag.py:545} INFO - Filling up the DagBag from /home/airflow/.local/lib/python3.12/site-packages/airflow/example_dags/example_branch_operator.py
[2024-11-12T11:29:26.739+0000] {processor.py:840} INFO - DAG(s) 'example_branch_operator' retrieved from /home/airflow/.local/lib/python3.12/site-packages/airflow/example_dags/example_branch_operator.py
[2024-11-12T11:29:27.084+0000] {logging_mixin.py:188} INFO - [2024-11-12T11:29:27.083+0000] {dag.py:3089} INFO - Sync 1 DAGs
[2024-11-12T11:29:27.180+0000] {logging_mixin.py:188} INFO - [2024-11-12T11:29:27.179+0000] {dag.py:3947} INFO - Setting next_dagrun for example_branch_operator to 2024-11-11 00:00:00+00:00, run_after=2024-11-12 00:00:00+00:00
[2024-11-12T11:29:27.516+0000] {processor.py:183} INFO - Processing /home/airflow/.local/lib/python3.12/site-packages/airflow/example_dags/example_branch_operator.py took 1.010 seconds
[2024-11-12T11:30:36.283+0000] {processor.py:161} INFO - Started process (PID=345) to work on /home/airflow/.local/lib/python3.12/site-packages/airflow/example_dags/example_branch_operator.py
[2024-11-12T11:30:36.286+0000] {processor.py:830} INFO - Processing file /home/airflow/.local/lib/python3.12/site-packages/airflow/example_dags/example_branch_operator.py for tasks to queue
[2024-11-12T11:30:36.294+0000] {logging_mixin.py:188} INFO - [2024-11-12T11:30:36.292+0000] {dagbag.py:545} INFO - Filling up the DagBag from /home/airflow/.local/lib/python3.12/site-packages/airflow/example_dags/example_branch_operator.py
[2024-11-12T11:30:36.391+0000] {processor.py:840} INFO - DAG(s) 'example_branch_operator' retrieved from /home/airflow/.local/lib/python3.12/site-packages/airflow/example_dags/example_branch_operator.py
[2024-11-12T11:30:36.496+0000] {logging_mixin.py:188} INFO - [2024-11-12T11:30:36.496+0000] {dag.py:3089} INFO - Sync 1 DAGs
[2024-11-12T11:30:36.681+0000] {logging_mixin.py:188} INFO - [2024-11-12T11:30:36.680+0000] {dag.py:3947} INFO - Setting next_dagrun for example_branch_operator to 2024-11-11 00:00:00+00:00, run_after=2024-11-12 00:00:00+00:00
[2024-11-12T11:30:36.801+0000] {processor.py:183} INFO - Processing /home/airflow/.local/lib/python3.12/site-packages/airflow/example_dags/example_branch_operator.py took 0.558 seconds
[2024-11-12T11:31:07.429+0000] {processor.py:161} INFO - Started process (PID=404) to work on /home/airflow/.local/lib/python3.12/site-packages/airflow/example_dags/example_branch_operator.py
[2024-11-12T11:31:07.432+0000] {processor.py:830} INFO - Processing file /home/airflow/.local/lib/python3.12/site-packages/airflow/example_dags/example_branch_operator.py for tasks to queue
[2024-11-12T11:31:07.441+0000] {logging_mixin.py:188} INFO - [2024-11-12T11:31:07.438+0000] {dagbag.py:545} INFO - Filling up the DagBag from /home/airflow/.local/lib/python3.12/site-packages/airflow/example_dags/example_branch_operator.py
[2024-11-12T11:31:07.502+0000] {processor.py:840} INFO - DAG(s) 'example_branch_operator' retrieved from /home/airflow/.local/lib/python3.12/site-packages/airflow/example_dags/example_branch_operator.py
[2024-11-12T11:31:07.631+0000] {logging_mixin.py:188} INFO - [2024-11-12T11:31:07.630+0000] {dag.py:3089} INFO - Sync 1 DAGs
[2024-11-12T11:31:07.744+0000] {logging_mixin.py:188} INFO - [2024-11-12T11:31:07.743+0000] {dag.py:3947} INFO - Setting next_dagrun for example_branch_operator to 2024-11-11 00:00:00+00:00, run_after=2024-11-12 00:00:00+00:00
[2024-11-12T11:31:07.842+0000] {processor.py:183} INFO - Processing /home/airflow/.local/lib/python3.12/site-packages/airflow/example_dags/example_branch_operator.py took 0.436 seconds
[2024-11-12T11:31:38.683+0000] {processor.py:161} INFO - Started process (PID=464) to work on /home/airflow/.local/lib/python3.12/site-packages/airflow/example_dags/example_branch_operator.py
[2024-11-12T11:31:38.686+0000] {processor.py:830} INFO - Processing file /home/airflow/.local/lib/python3.12/site-packages/airflow/example_dags/example_branch_operator.py for tasks to queue
[2024-11-12T11:31:38.692+0000] {logging_mixin.py:188} INFO - [2024-11-12T11:31:38.691+0000] {dagbag.py:545} INFO - Filling up the DagBag from /home/airflow/.local/lib/python3.12/site-packages/airflow/example_dags/example_branch_operator.py
[2024-11-12T11:31:38.835+0000] {processor.py:840} INFO - DAG(s) 'example_branch_operator' retrieved from /home/airflow/.local/lib/python3.12/site-packages/airflow/example_dags/example_branch_operator.py
[2024-11-12T11:31:38.984+0000] {logging_mixin.py:188} INFO - [2024-11-12T11:31:38.983+0000] {dag.py:3089} INFO - Sync 1 DAGs
[2024-11-12T11:31:39.079+0000] {logging_mixin.py:188} INFO - [2024-11-12T11:31:39.078+0000] {dag.py:3947} INFO - Setting next_dagrun for example_branch_operator to 2024-11-11 00:00:00+00:00, run_after=2024-11-12 00:00:00+00:00
[2024-11-12T11:31:39.172+0000] {processor.py:183} INFO - Processing /home/airflow/.local/lib/python3.12/site-packages/airflow/example_dags/example_branch_operator.py took 0.526 seconds
[2024-11-12T11:32:09.414+0000] {processor.py:161} INFO - Started process (PID=523) to work on /home/airflow/.local/lib/python3.12/site-packages/airflow/example_dags/example_branch_operator.py
[2024-11-12T11:32:09.416+0000] {processor.py:830} INFO - Processing file /home/airflow/.local/lib/python3.12/site-packages/airflow/example_dags/example_branch_operator.py for tasks to queue
[2024-11-12T11:32:09.420+0000] {logging_mixin.py:188} INFO - [2024-11-12T11:32:09.420+0000] {dagbag.py:545} INFO - Filling up the DagBag from /home/airflow/.local/lib/python3.12/site-packages/airflow/example_dags/example_branch_operator.py
[2024-11-12T11:32:09.467+0000] {processor.py:840} INFO - DAG(s) 'example_branch_operator' retrieved from /home/airflow/.local/lib/python3.12/site-packages/airflow/example_dags/example_branch_operator.py
[2024-11-12T11:32:09.585+0000] {logging_mixin.py:188} INFO - [2024-11-12T11:32:09.584+0000] {dag.py:3089} INFO - Sync 1 DAGs
[2024-11-12T11:32:09.662+0000] {logging_mixin.py:188} INFO - [2024-11-12T11:32:09.661+0000] {dag.py:3947} INFO - Setting next_dagrun for example_branch_operator to 2024-11-11 00:00:00+00:00, run_after=2024-11-12 00:00:00+00:00
[2024-11-12T11:32:09.709+0000] {processor.py:183} INFO - Processing /home/airflow/.local/lib/python3.12/site-packages/airflow/example_dags/example_branch_operator.py took 0.312 seconds
[2024-11-12T11:32:39.894+0000] {processor.py:161} INFO - Started process (PID=585) to work on /home/airflow/.local/lib/python3.12/site-packages/airflow/example_dags/example_branch_operator.py
[2024-11-12T11:32:39.897+0000] {processor.py:830} INFO - Processing file /home/airflow/.local/lib/python3.12/site-packages/airflow/example_dags/example_branch_operator.py for tasks to queue
[2024-11-12T11:32:39.903+0000] {logging_mixin.py:188} INFO - [2024-11-12T11:32:39.902+0000] {dagbag.py:545} INFO - Filling up the DagBag from /home/airflow/.local/lib/python3.12/site-packages/airflow/example_dags/example_branch_operator.py
[2024-11-12T11:32:39.978+0000] {processor.py:840} INFO - DAG(s) 'example_branch_operator' retrieved from /home/airflow/.local/lib/python3.12/site-packages/airflow/example_dags/example_branch_operator.py
[2024-11-12T11:32:40.061+0000] {logging_mixin.py:188} INFO - [2024-11-12T11:32:40.060+0000] {dag.py:3089} INFO - Sync 1 DAGs
[2024-11-12T11:32:40.142+0000] {logging_mixin.py:188} INFO - [2024-11-12T11:32:40.141+0000] {dag.py:3947} INFO - Setting next_dagrun for example_branch_operator to 2024-11-11 00:00:00+00:00, run_after=2024-11-12 00:00:00+00:00
[2024-11-12T11:32:40.185+0000] {processor.py:183} INFO - Processing /home/airflow/.local/lib/python3.12/site-packages/airflow/example_dags/example_branch_operator.py took 0.307 seconds
[2024-11-12T11:33:10.922+0000] {processor.py:161} INFO - Started process (PID=643) to work on /home/airflow/.local/lib/python3.12/site-packages/airflow/example_dags/example_branch_operator.py
[2024-11-12T11:33:10.925+0000] {processor.py:830} INFO - Processing file /home/airflow/.local/lib/python3.12/site-packages/airflow/example_dags/example_branch_operator.py for tasks to queue
[2024-11-12T11:33:10.930+0000] {logging_mixin.py:188} INFO - [2024-11-12T11:33:10.929+0000] {dagbag.py:545} INFO - Filling up the DagBag from /home/airflow/.local/lib/python3.12/site-packages/airflow/example_dags/example_branch_operator.py
[2024-11-12T11:33:10.987+0000] {processor.py:840} INFO - DAG(s) 'example_branch_operator' retrieved from /home/airflow/.local/lib/python3.12/site-packages/airflow/example_dags/example_branch_operator.py
[2024-11-12T11:33:11.086+0000] {logging_mixin.py:188} INFO - [2024-11-12T11:33:11.082+0000] {dag.py:3089} INFO - Sync 1 DAGs
[2024-11-12T11:33:11.159+0000] {logging_mixin.py:188} INFO - [2024-11-12T11:33:11.158+0000] {dag.py:3947} INFO - Setting next_dagrun for example_branch_operator to 2024-11-11 00:00:00+00:00, run_after=2024-11-12 00:00:00+00:00
[2024-11-12T11:33:11.208+0000] {processor.py:183} INFO - Processing /home/airflow/.local/lib/python3.12/site-packages/airflow/example_dags/example_branch_operator.py took 0.307 seconds
[2024-11-12T11:33:41.797+0000] {processor.py:161} INFO - Started process (PID=705) to work on /home/airflow/.local/lib/python3.12/site-packages/airflow/example_dags/example_branch_operator.py
[2024-11-12T11:33:41.800+0000] {processor.py:830} INFO - Processing file /home/airflow/.local/lib/python3.12/site-packages/airflow/example_dags/example_branch_operator.py for tasks to queue
[2024-11-12T11:33:41.805+0000] {logging_mixin.py:188} INFO - [2024-11-12T11:33:41.804+0000] {dagbag.py:545} INFO - Filling up the DagBag from /home/airflow/.local/lib/python3.12/site-packages/airflow/example_dags/example_branch_operator.py
[2024-11-12T11:33:41.837+0000] {processor.py:840} INFO - DAG(s) 'example_branch_operator' retrieved from /home/airflow/.local/lib/python3.12/site-packages/airflow/example_dags/example_branch_operator.py
[2024-11-12T11:33:41.914+0000] {logging_mixin.py:188} INFO - [2024-11-12T11:33:41.913+0000] {dag.py:3089} INFO - Sync 1 DAGs
[2024-11-12T11:33:41.955+0000] {logging_mixin.py:188} INFO - [2024-11-12T11:33:41.954+0000] {dag.py:3947} INFO - Setting next_dagrun for example_branch_operator to 2024-11-11 00:00:00+00:00, run_after=2024-11-12 00:00:00+00:00
[2024-11-12T11:33:41.989+0000] {processor.py:183} INFO - Processing /home/airflow/.local/lib/python3.12/site-packages/airflow/example_dags/example_branch_operator.py took 0.203 seconds
[2024-11-12T11:34:12.573+0000] {processor.py:161} INFO - Started process (PID=765) to work on /home/airflow/.local/lib/python3.12/site-packages/airflow/example_dags/example_branch_operator.py
[2024-11-12T11:34:12.575+0000] {processor.py:830} INFO - Processing file /home/airflow/.local/lib/python3.12/site-packages/airflow/example_dags/example_branch_operator.py for tasks to queue
[2024-11-12T11:34:12.580+0000] {logging_mixin.py:188} INFO - [2024-11-12T11:34:12.579+0000] {dagbag.py:545} INFO - Filling up the DagBag from /home/airflow/.local/lib/python3.12/site-packages/airflow/example_dags/example_branch_operator.py
[2024-11-12T11:34:12.685+0000] {processor.py:840} INFO - DAG(s) 'example_branch_operator' retrieved from /home/airflow/.local/lib/python3.12/site-packages/airflow/example_dags/example_branch_operator.py
[2024-11-12T11:34:12.821+0000] {logging_mixin.py:188} INFO - [2024-11-12T11:34:12.820+0000] {dag.py:3089} INFO - Sync 1 DAGs
[2024-11-12T11:34:12.936+0000] {logging_mixin.py:188} INFO - [2024-11-12T11:34:12.931+0000] {dag.py:3947} INFO - Setting next_dagrun for example_branch_operator to 2024-11-11 00:00:00+00:00, run_after=2024-11-12 00:00:00+00:00
[2024-11-12T11:34:13.004+0000] {processor.py:183} INFO - Processing /home/airflow/.local/lib/python3.12/site-packages/airflow/example_dags/example_branch_operator.py took 0.451 seconds
[2024-11-12T11:34:44.323+0000] {processor.py:161} INFO - Started process (PID=825) to work on /home/airflow/.local/lib/python3.12/site-packages/airflow/example_dags/example_branch_operator.py
[2024-11-12T11:34:44.330+0000] {processor.py:830} INFO - Processing file /home/airflow/.local/lib/python3.12/site-packages/airflow/example_dags/example_branch_operator.py for tasks to queue
[2024-11-12T11:34:44.378+0000] {logging_mixin.py:188} INFO - [2024-11-12T11:34:44.377+0000] {dagbag.py:545} INFO - Filling up the DagBag from /home/airflow/.local/lib/python3.12/site-packages/airflow/example_dags/example_branch_operator.py
[2024-11-12T11:34:44.507+0000] {processor.py:840} INFO - DAG(s) 'example_branch_operator' retrieved from /home/airflow/.local/lib/python3.12/site-packages/airflow/example_dags/example_branch_operator.py
[2024-11-12T11:34:44.630+0000] {logging_mixin.py:188} INFO - [2024-11-12T11:34:44.629+0000] {dag.py:3089} INFO - Sync 1 DAGs
[2024-11-12T11:34:44.733+0000] {logging_mixin.py:188} INFO - [2024-11-12T11:34:44.732+0000] {dag.py:3947} INFO - Setting next_dagrun for example_branch_operator to 2024-11-11 00:00:00+00:00, run_after=2024-11-12 00:00:00+00:00
[2024-11-12T11:34:44.876+0000] {processor.py:183} INFO - Processing /home/airflow/.local/lib/python3.12/site-packages/airflow/example_dags/example_branch_operator.py took 0.574 seconds
[2024-11-12T11:35:15.388+0000] {processor.py:161} INFO - Started process (PID=885) to work on /home/airflow/.local/lib/python3.12/site-packages/airflow/example_dags/example_branch_operator.py
[2024-11-12T11:35:15.391+0000] {processor.py:830} INFO - Processing file /home/airflow/.local/lib/python3.12/site-packages/airflow/example_dags/example_branch_operator.py for tasks to queue
[2024-11-12T11:35:15.396+0000] {logging_mixin.py:188} INFO - [2024-11-12T11:35:15.395+0000] {dagbag.py:545} INFO - Filling up the DagBag from /home/airflow/.local/lib/python3.12/site-packages/airflow/example_dags/example_branch_operator.py
[2024-11-12T11:35:15.434+0000] {processor.py:840} INFO - DAG(s) 'example_branch_operator' retrieved from /home/airflow/.local/lib/python3.12/site-packages/airflow/example_dags/example_branch_operator.py
[2024-11-12T11:35:15.503+0000] {logging_mixin.py:188} INFO - [2024-11-12T11:35:15.503+0000] {dag.py:3089} INFO - Sync 1 DAGs
[2024-11-12T11:35:15.565+0000] {logging_mixin.py:188} INFO - [2024-11-12T11:35:15.564+0000] {dag.py:3947} INFO - Setting next_dagrun for example_branch_operator to 2024-11-11 00:00:00+00:00, run_after=2024-11-12 00:00:00+00:00
[2024-11-12T11:35:15.621+0000] {processor.py:183} INFO - Processing /home/airflow/.local/lib/python3.12/site-packages/airflow/example_dags/example_branch_operator.py took 0.266 seconds
[2024-11-12T11:35:46.250+0000] {processor.py:161} INFO - Started process (PID=945) to work on /home/airflow/.local/lib/python3.12/site-packages/airflow/example_dags/example_branch_operator.py
[2024-11-12T11:35:46.252+0000] {processor.py:830} INFO - Processing file /home/airflow/.local/lib/python3.12/site-packages/airflow/example_dags/example_branch_operator.py for tasks to queue
[2024-11-12T11:35:46.257+0000] {logging_mixin.py:188} INFO - [2024-11-12T11:35:46.256+0000] {dagbag.py:545} INFO - Filling up the DagBag from /home/airflow/.local/lib/python3.12/site-packages/airflow/example_dags/example_branch_operator.py
[2024-11-12T11:35:46.291+0000] {processor.py:840} INFO - DAG(s) 'example_branch_operator' retrieved from /home/airflow/.local/lib/python3.12/site-packages/airflow/example_dags/example_branch_operator.py
[2024-11-12T11:35:46.362+0000] {logging_mixin.py:188} INFO - [2024-11-12T11:35:46.362+0000] {dag.py:3089} INFO - Sync 1 DAGs
[2024-11-12T11:35:46.421+0000] {logging_mixin.py:188} INFO - [2024-11-12T11:35:46.420+0000] {dag.py:3947} INFO - Setting next_dagrun for example_branch_operator to 2024-11-11 00:00:00+00:00, run_after=2024-11-12 00:00:00+00:00
[2024-11-12T11:35:46.472+0000] {processor.py:183} INFO - Processing /home/airflow/.local/lib/python3.12/site-packages/airflow/example_dags/example_branch_operator.py took 0.234 seconds
[2024-11-12T11:36:17.089+0000] {processor.py:161} INFO - Started process (PID=1005) to work on /home/airflow/.local/lib/python3.12/site-packages/airflow/example_dags/example_branch_operator.py
[2024-11-12T11:36:17.090+0000] {processor.py:830} INFO - Processing file /home/airflow/.local/lib/python3.12/site-packages/airflow/example_dags/example_branch_operator.py for tasks to queue
[2024-11-12T11:36:17.094+0000] {logging_mixin.py:188} INFO - [2024-11-12T11:36:17.093+0000] {dagbag.py:545} INFO - Filling up the DagBag from /home/airflow/.local/lib/python3.12/site-packages/airflow/example_dags/example_branch_operator.py
[2024-11-12T11:36:17.121+0000] {processor.py:840} INFO - DAG(s) 'example_branch_operator' retrieved from /home/airflow/.local/lib/python3.12/site-packages/airflow/example_dags/example_branch_operator.py
[2024-11-12T11:36:17.166+0000] {logging_mixin.py:188} INFO - [2024-11-12T11:36:17.166+0000] {dag.py:3089} INFO - Sync 1 DAGs
[2024-11-12T11:36:17.201+0000] {logging_mixin.py:188} INFO - [2024-11-12T11:36:17.200+0000] {dag.py:3947} INFO - Setting next_dagrun for example_branch_operator to 2024-11-11 00:00:00+00:00, run_after=2024-11-12 00:00:00+00:00
[2024-11-12T11:36:17.232+0000] {processor.py:183} INFO - Processing /home/airflow/.local/lib/python3.12/site-packages/airflow/example_dags/example_branch_operator.py took 0.152 seconds
[2024-11-12T11:36:48.122+0000] {processor.py:161} INFO - Started process (PID=1064) to work on /home/airflow/.local/lib/python3.12/site-packages/airflow/example_dags/example_branch_operator.py
[2024-11-12T11:36:48.124+0000] {processor.py:830} INFO - Processing file /home/airflow/.local/lib/python3.12/site-packages/airflow/example_dags/example_branch_operator.py for tasks to queue
[2024-11-12T11:36:48.129+0000] {logging_mixin.py:188} INFO - [2024-11-12T11:36:48.129+0000] {dagbag.py:545} INFO - Filling up the DagBag from /home/airflow/.local/lib/python3.12/site-packages/airflow/example_dags/example_branch_operator.py
[2024-11-12T11:36:48.179+0000] {processor.py:840} INFO - DAG(s) 'example_branch_operator' retrieved from /home/airflow/.local/lib/python3.12/site-packages/airflow/example_dags/example_branch_operator.py
[2024-11-12T11:36:48.268+0000] {logging_mixin.py:188} INFO - [2024-11-12T11:36:48.267+0000] {dag.py:3089} INFO - Sync 1 DAGs
[2024-11-12T11:36:48.321+0000] {logging_mixin.py:188} INFO - [2024-11-12T11:36:48.321+0000] {dag.py:3947} INFO - Setting next_dagrun for example_branch_operator to 2024-11-11 00:00:00+00:00, run_after=2024-11-12 00:00:00+00:00
[2024-11-12T11:36:48.361+0000] {processor.py:183} INFO - Processing /home/airflow/.local/lib/python3.12/site-packages/airflow/example_dags/example_branch_operator.py took 0.281 seconds
[2024-11-12T11:37:18.801+0000] {processor.py:161} INFO - Started process (PID=1124) to work on /home/airflow/.local/lib/python3.12/site-packages/airflow/example_dags/example_branch_operator.py
[2024-11-12T11:37:18.805+0000] {processor.py:830} INFO - Processing file /home/airflow/.local/lib/python3.12/site-packages/airflow/example_dags/example_branch_operator.py for tasks to queue
[2024-11-12T11:37:18.813+0000] {logging_mixin.py:188} INFO - [2024-11-12T11:37:18.810+0000] {dagbag.py:545} INFO - Filling up the DagBag from /home/airflow/.local/lib/python3.12/site-packages/airflow/example_dags/example_branch_operator.py
[2024-11-12T11:37:18.868+0000] {processor.py:840} INFO - DAG(s) 'example_branch_operator' retrieved from /home/airflow/.local/lib/python3.12/site-packages/airflow/example_dags/example_branch_operator.py
[2024-11-12T11:37:19.040+0000] {logging_mixin.py:188} INFO - [2024-11-12T11:37:19.040+0000] {dag.py:3089} INFO - Sync 1 DAGs
[2024-11-12T11:37:19.118+0000] {logging_mixin.py:188} INFO - [2024-11-12T11:37:19.117+0000] {dag.py:3947} INFO - Setting next_dagrun for example_branch_operator to 2024-11-11 00:00:00+00:00, run_after=2024-11-12 00:00:00+00:00
[2024-11-12T11:37:19.174+0000] {processor.py:183} INFO - Processing /home/airflow/.local/lib/python3.12/site-packages/airflow/example_dags/example_branch_operator.py took 0.429 seconds
[2024-11-12T11:37:49.746+0000] {processor.py:161} INFO - Started process (PID=1184) to work on /home/airflow/.local/lib/python3.12/site-packages/airflow/example_dags/example_branch_operator.py
[2024-11-12T11:37:49.761+0000] {processor.py:830} INFO - Processing file /home/airflow/.local/lib/python3.12/site-packages/airflow/example_dags/example_branch_operator.py for tasks to queue
[2024-11-12T11:37:49.782+0000] {logging_mixin.py:188} INFO - [2024-11-12T11:37:49.781+0000] {dagbag.py:545} INFO - Filling up the DagBag from /home/airflow/.local/lib/python3.12/site-packages/airflow/example_dags/example_branch_operator.py
[2024-11-12T11:37:49.982+0000] {processor.py:840} INFO - DAG(s) 'example_branch_operator' retrieved from /home/airflow/.local/lib/python3.12/site-packages/airflow/example_dags/example_branch_operator.py
[2024-11-12T11:37:50.235+0000] {logging_mixin.py:188} INFO - [2024-11-12T11:37:50.226+0000] {dag.py:3089} INFO - Sync 1 DAGs
[2024-11-12T11:37:50.530+0000] {logging_mixin.py:188} INFO - [2024-11-12T11:37:50.523+0000] {dag.py:3947} INFO - Setting next_dagrun for example_branch_operator to 2024-11-11 00:00:00+00:00, run_after=2024-11-12 00:00:00+00:00
[2024-11-12T11:37:50.651+0000] {processor.py:183} INFO - Processing /home/airflow/.local/lib/python3.12/site-packages/airflow/example_dags/example_branch_operator.py took 0.953 seconds
[2024-11-12T11:38:20.916+0000] {processor.py:161} INFO - Started process (PID=1245) to work on /home/airflow/.local/lib/python3.12/site-packages/airflow/example_dags/example_branch_operator.py
[2024-11-12T11:38:20.920+0000] {processor.py:830} INFO - Processing file /home/airflow/.local/lib/python3.12/site-packages/airflow/example_dags/example_branch_operator.py for tasks to queue
[2024-11-12T11:38:20.930+0000] {logging_mixin.py:188} INFO - [2024-11-12T11:38:20.929+0000] {dagbag.py:545} INFO - Filling up the DagBag from /home/airflow/.local/lib/python3.12/site-packages/airflow/example_dags/example_branch_operator.py
[2024-11-12T11:38:21.000+0000] {processor.py:840} INFO - DAG(s) 'example_branch_operator' retrieved from /home/airflow/.local/lib/python3.12/site-packages/airflow/example_dags/example_branch_operator.py
[2024-11-12T11:38:21.093+0000] {logging_mixin.py:188} INFO - [2024-11-12T11:38:21.093+0000] {dag.py:3089} INFO - Sync 1 DAGs
[2024-11-12T11:38:21.144+0000] {logging_mixin.py:188} INFO - [2024-11-12T11:38:21.144+0000] {dag.py:3947} INFO - Setting next_dagrun for example_branch_operator to 2024-11-11 00:00:00+00:00, run_after=2024-11-12 00:00:00+00:00
[2024-11-12T11:38:21.184+0000] {processor.py:183} INFO - Processing /home/airflow/.local/lib/python3.12/site-packages/airflow/example_dags/example_branch_operator.py took 0.296 seconds
[2024-11-12T11:38:51.578+0000] {processor.py:161} INFO - Started process (PID=1303) to work on /home/airflow/.local/lib/python3.12/site-packages/airflow/example_dags/example_branch_operator.py
[2024-11-12T11:38:51.581+0000] {processor.py:830} INFO - Processing file /home/airflow/.local/lib/python3.12/site-packages/airflow/example_dags/example_branch_operator.py for tasks to queue
[2024-11-12T11:38:51.587+0000] {logging_mixin.py:188} INFO - [2024-11-12T11:38:51.586+0000] {dagbag.py:545} INFO - Filling up the DagBag from /home/airflow/.local/lib/python3.12/site-packages/airflow/example_dags/example_branch_operator.py
[2024-11-12T11:38:51.657+0000] {processor.py:840} INFO - DAG(s) 'example_branch_operator' retrieved from /home/airflow/.local/lib/python3.12/site-packages/airflow/example_dags/example_branch_operator.py
[2024-11-12T11:38:51.857+0000] {logging_mixin.py:188} INFO - [2024-11-12T11:38:51.856+0000] {dag.py:3089} INFO - Sync 1 DAGs
[2024-11-12T11:38:51.980+0000] {logging_mixin.py:188} INFO - [2024-11-12T11:38:51.978+0000] {dag.py:3947} INFO - Setting next_dagrun for example_branch_operator to 2024-11-11 00:00:00+00:00, run_after=2024-11-12 00:00:00+00:00
[2024-11-12T11:38:52.051+0000] {processor.py:183} INFO - Processing /home/airflow/.local/lib/python3.12/site-packages/airflow/example_dags/example_branch_operator.py took 0.500 seconds
[2024-11-12T11:39:22.529+0000] {processor.py:161} INFO - Started process (PID=1363) to work on /home/airflow/.local/lib/python3.12/site-packages/airflow/example_dags/example_branch_operator.py
[2024-11-12T11:39:22.531+0000] {processor.py:830} INFO - Processing file /home/airflow/.local/lib/python3.12/site-packages/airflow/example_dags/example_branch_operator.py for tasks to queue
[2024-11-12T11:39:22.536+0000] {logging_mixin.py:188} INFO - [2024-11-12T11:39:22.535+0000] {dagbag.py:545} INFO - Filling up the DagBag from /home/airflow/.local/lib/python3.12/site-packages/airflow/example_dags/example_branch_operator.py
[2024-11-12T11:39:22.572+0000] {processor.py:840} INFO - DAG(s) 'example_branch_operator' retrieved from /home/airflow/.local/lib/python3.12/site-packages/airflow/example_dags/example_branch_operator.py
[2024-11-12T11:39:22.639+0000] {logging_mixin.py:188} INFO - [2024-11-12T11:39:22.639+0000] {dag.py:3089} INFO - Sync 1 DAGs
[2024-11-12T11:39:22.688+0000] {logging_mixin.py:188} INFO - [2024-11-12T11:39:22.687+0000] {dag.py:3947} INFO - Setting next_dagrun for example_branch_operator to 2024-11-11 00:00:00+00:00, run_after=2024-11-12 00:00:00+00:00
[2024-11-12T11:39:22.724+0000] {processor.py:183} INFO - Processing /home/airflow/.local/lib/python3.12/site-packages/airflow/example_dags/example_branch_operator.py took 0.209 seconds
[2024-11-12T11:39:54.984+0000] {processor.py:161} INFO - Started process (PID=1418) to work on /home/airflow/.local/lib/python3.12/site-packages/airflow/example_dags/example_branch_operator.py
[2024-11-12T11:39:54.988+0000] {processor.py:830} INFO - Processing file /home/airflow/.local/lib/python3.12/site-packages/airflow/example_dags/example_branch_operator.py for tasks to queue
[2024-11-12T11:39:54.997+0000] {logging_mixin.py:188} INFO - [2024-11-12T11:39:54.996+0000] {dagbag.py:545} INFO - Filling up the DagBag from /home/airflow/.local/lib/python3.12/site-packages/airflow/example_dags/example_branch_operator.py
[2024-11-12T11:39:55.080+0000] {processor.py:840} INFO - DAG(s) 'example_branch_operator' retrieved from /home/airflow/.local/lib/python3.12/site-packages/airflow/example_dags/example_branch_operator.py
[2024-11-12T11:39:55.195+0000] {logging_mixin.py:188} INFO - [2024-11-12T11:39:55.195+0000] {dag.py:3089} INFO - Sync 1 DAGs
[2024-11-12T11:39:55.289+0000] {logging_mixin.py:188} INFO - [2024-11-12T11:39:55.288+0000] {dag.py:3947} INFO - Setting next_dagrun for example_branch_operator to 2024-11-11 00:00:00+00:00, run_after=2024-11-12 00:00:00+00:00
[2024-11-12T11:39:55.377+0000] {processor.py:183} INFO - Processing /home/airflow/.local/lib/python3.12/site-packages/airflow/example_dags/example_branch_operator.py took 0.427 seconds
[2024-11-12T11:40:25.491+0000] {processor.py:161} INFO - Started process (PID=1478) to work on /home/airflow/.local/lib/python3.12/site-packages/airflow/example_dags/example_branch_operator.py
[2024-11-12T11:40:25.495+0000] {processor.py:830} INFO - Processing file /home/airflow/.local/lib/python3.12/site-packages/airflow/example_dags/example_branch_operator.py for tasks to queue
[2024-11-12T11:40:25.501+0000] {logging_mixin.py:188} INFO - [2024-11-12T11:40:25.500+0000] {dagbag.py:545} INFO - Filling up the DagBag from /home/airflow/.local/lib/python3.12/site-packages/airflow/example_dags/example_branch_operator.py
[2024-11-12T11:40:25.568+0000] {processor.py:840} INFO - DAG(s) 'example_branch_operator' retrieved from /home/airflow/.local/lib/python3.12/site-packages/airflow/example_dags/example_branch_operator.py
[2024-11-12T11:40:25.671+0000] {logging_mixin.py:188} INFO - [2024-11-12T11:40:25.671+0000] {dag.py:3089} INFO - Sync 1 DAGs
[2024-11-12T11:40:25.818+0000] {logging_mixin.py:188} INFO - [2024-11-12T11:40:25.818+0000] {dag.py:3947} INFO - Setting next_dagrun for example_branch_operator to 2024-11-11 00:00:00+00:00, run_after=2024-11-12 00:00:00+00:00
[2024-11-12T11:40:25.885+0000] {processor.py:183} INFO - Processing /home/airflow/.local/lib/python3.12/site-packages/airflow/example_dags/example_branch_operator.py took 0.419 seconds
[2024-11-12T11:41:21.557+0000] {processor.py:161} INFO - Started process (PID=72) to work on /home/airflow/.local/lib/python3.12/site-packages/airflow/example_dags/example_branch_operator.py
[2024-11-12T11:41:21.561+0000] {processor.py:830} INFO - Processing file /home/airflow/.local/lib/python3.12/site-packages/airflow/example_dags/example_branch_operator.py for tasks to queue
[2024-11-12T11:41:21.566+0000] {logging_mixin.py:188} INFO - [2024-11-12T11:41:21.565+0000] {dagbag.py:545} INFO - Filling up the DagBag from /home/airflow/.local/lib/python3.12/site-packages/airflow/example_dags/example_branch_operator.py
[2024-11-12T11:41:21.640+0000] {processor.py:840} INFO - DAG(s) 'example_branch_operator' retrieved from /home/airflow/.local/lib/python3.12/site-packages/airflow/example_dags/example_branch_operator.py
[2024-11-12T11:41:22.340+0000] {logging_mixin.py:188} INFO - [2024-11-12T11:41:22.338+0000] {dag.py:3089} INFO - Sync 1 DAGs
[2024-11-12T11:41:22.566+0000] {logging_mixin.py:188} INFO - [2024-11-12T11:41:22.566+0000] {dag.py:3947} INFO - Setting next_dagrun for example_branch_operator to 2024-11-11 00:00:00+00:00, run_after=2024-11-12 00:00:00+00:00
[2024-11-12T11:41:22.695+0000] {processor.py:183} INFO - Processing /home/airflow/.local/lib/python3.12/site-packages/airflow/example_dags/example_branch_operator.py took 1.153 seconds
[2024-11-12T11:42:13.450+0000] {processor.py:161} INFO - Started process (PID=132) to work on /home/airflow/.local/lib/python3.12/site-packages/airflow/example_dags/example_branch_operator.py
[2024-11-12T11:42:13.460+0000] {processor.py:830} INFO - Processing file /home/airflow/.local/lib/python3.12/site-packages/airflow/example_dags/example_branch_operator.py for tasks to queue
[2024-11-12T11:42:13.466+0000] {logging_mixin.py:188} INFO - [2024-11-12T11:42:13.464+0000] {dagbag.py:545} INFO - Filling up the DagBag from /home/airflow/.local/lib/python3.12/site-packages/airflow/example_dags/example_branch_operator.py
[2024-11-12T11:42:13.565+0000] {processor.py:840} INFO - DAG(s) 'example_branch_operator' retrieved from /home/airflow/.local/lib/python3.12/site-packages/airflow/example_dags/example_branch_operator.py
[2024-11-12T11:42:13.729+0000] {logging_mixin.py:188} INFO - [2024-11-12T11:42:13.728+0000] {dag.py:3089} INFO - Sync 1 DAGs
[2024-11-12T11:42:13.915+0000] {logging_mixin.py:188} INFO - [2024-11-12T11:42:13.914+0000] {dag.py:3947} INFO - Setting next_dagrun for example_branch_operator to 2024-11-11 00:00:00+00:00, run_after=2024-11-12 00:00:00+00:00
[2024-11-12T11:42:14.114+0000] {processor.py:183} INFO - Processing /home/airflow/.local/lib/python3.12/site-packages/airflow/example_dags/example_branch_operator.py took 0.726 seconds
[2024-11-12T11:46:33.380+0000] {processor.py:161} INFO - Started process (PID=203) to work on /home/airflow/.local/lib/python3.12/site-packages/airflow/example_dags/example_branch_operator.py
[2024-11-12T11:46:33.388+0000] {processor.py:830} INFO - Processing file /home/airflow/.local/lib/python3.12/site-packages/airflow/example_dags/example_branch_operator.py for tasks to queue
[2024-11-12T11:46:33.394+0000] {logging_mixin.py:188} INFO - [2024-11-12T11:46:33.392+0000] {dagbag.py:545} INFO - Filling up the DagBag from /home/airflow/.local/lib/python3.12/site-packages/airflow/example_dags/example_branch_operator.py
[2024-11-12T11:46:33.574+0000] {processor.py:840} INFO - DAG(s) 'example_branch_operator' retrieved from /home/airflow/.local/lib/python3.12/site-packages/airflow/example_dags/example_branch_operator.py
[2024-11-12T11:46:33.890+0000] {logging_mixin.py:188} INFO - [2024-11-12T11:46:33.887+0000] {dag.py:3089} INFO - Sync 1 DAGs
[2024-11-12T11:46:34.110+0000] {logging_mixin.py:188} INFO - [2024-11-12T11:46:34.103+0000] {dag.py:3947} INFO - Setting next_dagrun for example_branch_operator to 2024-11-11 00:00:00+00:00, run_after=2024-11-12 00:00:00+00:00
[2024-11-12T11:46:34.257+0000] {processor.py:183} INFO - Processing /home/airflow/.local/lib/python3.12/site-packages/airflow/example_dags/example_branch_operator.py took 0.915 seconds
[2024-11-12T11:47:04.536+0000] {processor.py:161} INFO - Started process (PID=263) to work on /home/airflow/.local/lib/python3.12/site-packages/airflow/example_dags/example_branch_operator.py
[2024-11-12T11:47:04.539+0000] {processor.py:830} INFO - Processing file /home/airflow/.local/lib/python3.12/site-packages/airflow/example_dags/example_branch_operator.py for tasks to queue
[2024-11-12T11:47:04.544+0000] {logging_mixin.py:188} INFO - [2024-11-12T11:47:04.542+0000] {dagbag.py:545} INFO - Filling up the DagBag from /home/airflow/.local/lib/python3.12/site-packages/airflow/example_dags/example_branch_operator.py
[2024-11-12T11:47:04.603+0000] {processor.py:840} INFO - DAG(s) 'example_branch_operator' retrieved from /home/airflow/.local/lib/python3.12/site-packages/airflow/example_dags/example_branch_operator.py
[2024-11-12T11:47:04.766+0000] {logging_mixin.py:188} INFO - [2024-11-12T11:47:04.765+0000] {dag.py:3089} INFO - Sync 1 DAGs
[2024-11-12T11:47:04.871+0000] {logging_mixin.py:188} INFO - [2024-11-12T11:47:04.870+0000] {dag.py:3947} INFO - Setting next_dagrun for example_branch_operator to 2024-11-11 00:00:00+00:00, run_after=2024-11-12 00:00:00+00:00
[2024-11-12T11:47:04.940+0000] {processor.py:183} INFO - Processing /home/airflow/.local/lib/python3.12/site-packages/airflow/example_dags/example_branch_operator.py took 0.422 seconds
[2024-11-12T14:04:01.657+0000] {processor.py:161} INFO - Started process (PID=91) to work on /home/airflow/.local/lib/python3.12/site-packages/airflow/example_dags/example_branch_operator.py
[2024-11-12T14:04:01.661+0000] {processor.py:830} INFO - Processing file /home/airflow/.local/lib/python3.12/site-packages/airflow/example_dags/example_branch_operator.py for tasks to queue
[2024-11-12T14:04:01.668+0000] {logging_mixin.py:188} INFO - [2024-11-12T14:04:01.667+0000] {dagbag.py:545} INFO - Filling up the DagBag from /home/airflow/.local/lib/python3.12/site-packages/airflow/example_dags/example_branch_operator.py
[2024-11-12T14:04:01.734+0000] {processor.py:840} INFO - DAG(s) 'example_branch_operator' retrieved from /home/airflow/.local/lib/python3.12/site-packages/airflow/example_dags/example_branch_operator.py
[2024-11-12T14:04:02.173+0000] {logging_mixin.py:188} INFO - [2024-11-12T14:04:02.173+0000] {dag.py:3089} INFO - Sync 1 DAGs
[2024-11-12T14:04:02.251+0000] {logging_mixin.py:188} INFO - [2024-11-12T14:04:02.249+0000] {dag.py:3947} INFO - Setting next_dagrun for example_branch_operator to 2024-11-11 00:00:00+00:00, run_after=2024-11-12 00:00:00+00:00
[2024-11-12T14:04:02.318+0000] {processor.py:183} INFO - Processing /home/airflow/.local/lib/python3.12/site-packages/airflow/example_dags/example_branch_operator.py took 0.682 seconds
[2024-11-12T14:04:32.872+0000] {processor.py:161} INFO - Started process (PID=151) to work on /home/airflow/.local/lib/python3.12/site-packages/airflow/example_dags/example_branch_operator.py
[2024-11-12T14:04:32.878+0000] {processor.py:830} INFO - Processing file /home/airflow/.local/lib/python3.12/site-packages/airflow/example_dags/example_branch_operator.py for tasks to queue
[2024-11-12T14:04:32.888+0000] {logging_mixin.py:188} INFO - [2024-11-12T14:04:32.886+0000] {dagbag.py:545} INFO - Filling up the DagBag from /home/airflow/.local/lib/python3.12/site-packages/airflow/example_dags/example_branch_operator.py
[2024-11-12T14:04:32.998+0000] {processor.py:840} INFO - DAG(s) 'example_branch_operator' retrieved from /home/airflow/.local/lib/python3.12/site-packages/airflow/example_dags/example_branch_operator.py
[2024-11-12T14:04:33.118+0000] {logging_mixin.py:188} INFO - [2024-11-12T14:04:33.118+0000] {dag.py:3089} INFO - Sync 1 DAGs
[2024-11-12T14:04:33.194+0000] {logging_mixin.py:188} INFO - [2024-11-12T14:04:33.193+0000] {dag.py:3947} INFO - Setting next_dagrun for example_branch_operator to 2024-11-11 00:00:00+00:00, run_after=2024-11-12 00:00:00+00:00
[2024-11-12T14:04:33.239+0000] {processor.py:183} INFO - Processing /home/airflow/.local/lib/python3.12/site-packages/airflow/example_dags/example_branch_operator.py took 0.402 seconds
[2024-11-12T14:05:03.394+0000] {processor.py:161} INFO - Started process (PID=212) to work on /home/airflow/.local/lib/python3.12/site-packages/airflow/example_dags/example_branch_operator.py
[2024-11-12T14:05:03.398+0000] {processor.py:830} INFO - Processing file /home/airflow/.local/lib/python3.12/site-packages/airflow/example_dags/example_branch_operator.py for tasks to queue
[2024-11-12T14:05:03.405+0000] {logging_mixin.py:188} INFO - [2024-11-12T14:05:03.403+0000] {dagbag.py:545} INFO - Filling up the DagBag from /home/airflow/.local/lib/python3.12/site-packages/airflow/example_dags/example_branch_operator.py
[2024-11-12T14:05:03.474+0000] {processor.py:840} INFO - DAG(s) 'example_branch_operator' retrieved from /home/airflow/.local/lib/python3.12/site-packages/airflow/example_dags/example_branch_operator.py
[2024-11-12T14:05:03.590+0000] {logging_mixin.py:188} INFO - [2024-11-12T14:05:03.589+0000] {dag.py:3089} INFO - Sync 1 DAGs
[2024-11-12T14:05:03.703+0000] {logging_mixin.py:188} INFO - [2024-11-12T14:05:03.702+0000] {dag.py:3947} INFO - Setting next_dagrun for example_branch_operator to 2024-11-11 00:00:00+00:00, run_after=2024-11-12 00:00:00+00:00
[2024-11-12T14:05:03.781+0000] {processor.py:183} INFO - Processing /home/airflow/.local/lib/python3.12/site-packages/airflow/example_dags/example_branch_operator.py took 0.412 seconds
[2024-11-12T14:05:42.918+0000] {processor.py:161} INFO - Started process (PID=272) to work on /home/airflow/.local/lib/python3.12/site-packages/airflow/example_dags/example_branch_operator.py
[2024-11-12T14:05:42.925+0000] {processor.py:830} INFO - Processing file /home/airflow/.local/lib/python3.12/site-packages/airflow/example_dags/example_branch_operator.py for tasks to queue
[2024-11-12T14:05:42.942+0000] {logging_mixin.py:188} INFO - [2024-11-12T14:05:42.942+0000] {dagbag.py:545} INFO - Filling up the DagBag from /home/airflow/.local/lib/python3.12/site-packages/airflow/example_dags/example_branch_operator.py
[2024-11-12T14:05:43.134+0000] {processor.py:840} INFO - DAG(s) 'example_branch_operator' retrieved from /home/airflow/.local/lib/python3.12/site-packages/airflow/example_dags/example_branch_operator.py
[2024-11-12T14:05:43.540+0000] {logging_mixin.py:188} INFO - [2024-11-12T14:05:43.539+0000] {dag.py:3089} INFO - Sync 1 DAGs
[2024-11-12T14:05:43.669+0000] {logging_mixin.py:188} INFO - [2024-11-12T14:05:43.668+0000] {dag.py:3947} INFO - Setting next_dagrun for example_branch_operator to 2024-11-11 00:00:00+00:00, run_after=2024-11-12 00:00:00+00:00
[2024-11-12T14:05:43.732+0000] {processor.py:183} INFO - Processing /home/airflow/.local/lib/python3.12/site-packages/airflow/example_dags/example_branch_operator.py took 0.881 seconds
[2024-11-12T14:06:30.591+0000] {processor.py:161} INFO - Started process (PID=341) to work on /home/airflow/.local/lib/python3.12/site-packages/airflow/example_dags/example_branch_operator.py
[2024-11-12T14:06:30.615+0000] {processor.py:830} INFO - Processing file /home/airflow/.local/lib/python3.12/site-packages/airflow/example_dags/example_branch_operator.py for tasks to queue
[2024-11-12T14:06:30.636+0000] {logging_mixin.py:188} INFO - [2024-11-12T14:06:30.631+0000] {dagbag.py:545} INFO - Filling up the DagBag from /home/airflow/.local/lib/python3.12/site-packages/airflow/example_dags/example_branch_operator.py
[2024-11-12T14:06:30.924+0000] {processor.py:840} INFO - DAG(s) 'example_branch_operator' retrieved from /home/airflow/.local/lib/python3.12/site-packages/airflow/example_dags/example_branch_operator.py
[2024-11-12T14:06:31.945+0000] {logging_mixin.py:188} INFO - [2024-11-12T14:06:31.932+0000] {dag.py:3089} INFO - Sync 1 DAGs
[2024-11-12T14:06:32.829+0000] {logging_mixin.py:188} INFO - [2024-11-12T14:06:32.828+0000] {dag.py:3947} INFO - Setting next_dagrun for example_branch_operator to 2024-11-11 00:00:00+00:00, run_after=2024-11-12 00:00:00+00:00
[2024-11-12T14:06:33.304+0000] {processor.py:183} INFO - Processing /home/airflow/.local/lib/python3.12/site-packages/airflow/example_dags/example_branch_operator.py took 2.765 seconds
[2024-11-12T14:07:50.297+0000] {processor.py:161} INFO - Started process (PID=406) to work on /home/airflow/.local/lib/python3.12/site-packages/airflow/example_dags/example_branch_operator.py
[2024-11-12T14:07:50.303+0000] {processor.py:830} INFO - Processing file /home/airflow/.local/lib/python3.12/site-packages/airflow/example_dags/example_branch_operator.py for tasks to queue
[2024-11-12T14:07:50.327+0000] {logging_mixin.py:188} INFO - [2024-11-12T14:07:50.320+0000] {dagbag.py:545} INFO - Filling up the DagBag from /home/airflow/.local/lib/python3.12/site-packages/airflow/example_dags/example_branch_operator.py
[2024-11-12T14:07:50.533+0000] {processor.py:840} INFO - DAG(s) 'example_branch_operator' retrieved from /home/airflow/.local/lib/python3.12/site-packages/airflow/example_dags/example_branch_operator.py
[2024-11-12T14:07:51.149+0000] {logging_mixin.py:188} INFO - [2024-11-12T14:07:51.141+0000] {dag.py:3089} INFO - Sync 1 DAGs
[2024-11-12T14:07:51.375+0000] {logging_mixin.py:188} INFO - [2024-11-12T14:07:51.374+0000] {dag.py:3947} INFO - Setting next_dagrun for example_branch_operator to 2024-11-11 00:00:00+00:00, run_after=2024-11-12 00:00:00+00:00
[2024-11-12T14:07:51.468+0000] {processor.py:183} INFO - Processing /home/airflow/.local/lib/python3.12/site-packages/airflow/example_dags/example_branch_operator.py took 1.241 seconds
[2024-11-12T14:10:23.416+0000] {processor.py:161} INFO - Started process (PID=478) to work on /home/airflow/.local/lib/python3.12/site-packages/airflow/example_dags/example_branch_operator.py
[2024-11-12T14:10:23.486+0000] {processor.py:830} INFO - Processing file /home/airflow/.local/lib/python3.12/site-packages/airflow/example_dags/example_branch_operator.py for tasks to queue
[2024-11-12T14:10:23.566+0000] {logging_mixin.py:188} INFO - [2024-11-12T14:10:23.563+0000] {dagbag.py:545} INFO - Filling up the DagBag from /home/airflow/.local/lib/python3.12/site-packages/airflow/example_dags/example_branch_operator.py
[2024-11-12T14:10:24.531+0000] {processor.py:840} INFO - DAG(s) 'example_branch_operator' retrieved from /home/airflow/.local/lib/python3.12/site-packages/airflow/example_dags/example_branch_operator.py
[2024-11-12T14:10:24.975+0000] {logging_mixin.py:188} INFO - [2024-11-12T14:10:24.972+0000] {dag.py:3089} INFO - Sync 1 DAGs
[2024-11-12T14:10:25.440+0000] {logging_mixin.py:188} INFO - [2024-11-12T14:10:25.437+0000] {dag.py:3947} INFO - Setting next_dagrun for example_branch_operator to 2024-11-11 00:00:00+00:00, run_after=2024-11-12 00:00:00+00:00
[2024-11-12T14:10:25.727+0000] {processor.py:183} INFO - Processing /home/airflow/.local/lib/python3.12/site-packages/airflow/example_dags/example_branch_operator.py took 2.450 seconds
