[2024-11-12T11:21:55.691+0000] {processor.py:161} INFO - Started process (PID=84) to work on /home/airflow/.local/lib/python3.12/site-packages/airflow/example_dags/example_short_circuit_decorator.py
[2024-11-12T11:21:55.692+0000] {processor.py:830} INFO - Processing file /home/airflow/.local/lib/python3.12/site-packages/airflow/example_dags/example_short_circuit_decorator.py for tasks to queue
[2024-11-12T11:21:55.694+0000] {logging_mixin.py:188} INFO - [2024-11-12T11:21:55.694+0000] {dagbag.py:545} INFO - Filling up the DagBag from /home/airflow/.local/lib/python3.12/site-packages/airflow/example_dags/example_short_circuit_decorator.py
[2024-11-12T11:21:55.720+0000] {processor.py:840} INFO - DAG(s) 'example_short_circuit_decorator' retrieved from /home/airflow/.local/lib/python3.12/site-packages/airflow/example_dags/example_short_circuit_decorator.py
[2024-11-12T11:21:55.759+0000] {logging_mixin.py:188} INFO - [2024-11-12T11:21:55.759+0000] {dag.py:3089} INFO - Sync 1 DAGs
[2024-11-12T11:21:55.843+0000] {logging_mixin.py:188} INFO - [2024-11-12T11:21:55.842+0000] {dag.py:3947} INFO - Setting next_dagrun for example_short_circuit_decorator to 2024-11-11 00:00:00+00:00, run_after=2024-11-12 00:00:00+00:00
[2024-11-12T11:21:55.912+0000] {processor.py:183} INFO - Processing /home/airflow/.local/lib/python3.12/site-packages/airflow/example_dags/example_short_circuit_decorator.py took 0.232 seconds
[2024-11-12T11:22:27.736+0000] {processor.py:161} INFO - Started process (PID=143) to work on /home/airflow/.local/lib/python3.12/site-packages/airflow/example_dags/example_short_circuit_decorator.py
[2024-11-12T11:22:27.738+0000] {processor.py:830} INFO - Processing file /home/airflow/.local/lib/python3.12/site-packages/airflow/example_dags/example_short_circuit_decorator.py for tasks to queue
[2024-11-12T11:22:27.741+0000] {logging_mixin.py:188} INFO - [2024-11-12T11:22:27.741+0000] {dagbag.py:545} INFO - Filling up the DagBag from /home/airflow/.local/lib/python3.12/site-packages/airflow/example_dags/example_short_circuit_decorator.py
[2024-11-12T11:22:27.755+0000] {processor.py:840} INFO - DAG(s) 'example_short_circuit_decorator' retrieved from /home/airflow/.local/lib/python3.12/site-packages/airflow/example_dags/example_short_circuit_decorator.py
[2024-11-12T11:22:27.806+0000] {logging_mixin.py:188} INFO - [2024-11-12T11:22:27.805+0000] {dag.py:3089} INFO - Sync 1 DAGs
[2024-11-12T11:22:27.853+0000] {logging_mixin.py:188} INFO - [2024-11-12T11:22:27.853+0000] {dag.py:3947} INFO - Setting next_dagrun for example_short_circuit_decorator to 2024-11-11 00:00:00+00:00, run_after=2024-11-12 00:00:00+00:00
[2024-11-12T11:22:27.902+0000] {processor.py:183} INFO - Processing /home/airflow/.local/lib/python3.12/site-packages/airflow/example_dags/example_short_circuit_decorator.py took 0.189 seconds
[2024-11-12T11:22:58.079+0000] {processor.py:161} INFO - Started process (PID=201) to work on /home/airflow/.local/lib/python3.12/site-packages/airflow/example_dags/example_short_circuit_decorator.py
[2024-11-12T11:22:58.081+0000] {processor.py:830} INFO - Processing file /home/airflow/.local/lib/python3.12/site-packages/airflow/example_dags/example_short_circuit_decorator.py for tasks to queue
[2024-11-12T11:22:58.085+0000] {logging_mixin.py:188} INFO - [2024-11-12T11:22:58.084+0000] {dagbag.py:545} INFO - Filling up the DagBag from /home/airflow/.local/lib/python3.12/site-packages/airflow/example_dags/example_short_circuit_decorator.py
[2024-11-12T11:22:58.105+0000] {processor.py:840} INFO - DAG(s) 'example_short_circuit_decorator' retrieved from /home/airflow/.local/lib/python3.12/site-packages/airflow/example_dags/example_short_circuit_decorator.py
[2024-11-12T11:22:58.154+0000] {logging_mixin.py:188} INFO - [2024-11-12T11:22:58.153+0000] {dag.py:3089} INFO - Sync 1 DAGs
[2024-11-12T11:22:58.196+0000] {logging_mixin.py:188} INFO - [2024-11-12T11:22:58.195+0000] {dag.py:3947} INFO - Setting next_dagrun for example_short_circuit_decorator to 2024-11-11 00:00:00+00:00, run_after=2024-11-12 00:00:00+00:00
[2024-11-12T11:22:58.236+0000] {processor.py:183} INFO - Processing /home/airflow/.local/lib/python3.12/site-packages/airflow/example_dags/example_short_circuit_decorator.py took 0.173 seconds
[2024-11-12T11:23:28.490+0000] {processor.py:161} INFO - Started process (PID=261) to work on /home/airflow/.local/lib/python3.12/site-packages/airflow/example_dags/example_short_circuit_decorator.py
[2024-11-12T11:23:28.493+0000] {processor.py:830} INFO - Processing file /home/airflow/.local/lib/python3.12/site-packages/airflow/example_dags/example_short_circuit_decorator.py for tasks to queue
[2024-11-12T11:23:28.496+0000] {logging_mixin.py:188} INFO - [2024-11-12T11:23:28.495+0000] {dagbag.py:545} INFO - Filling up the DagBag from /home/airflow/.local/lib/python3.12/site-packages/airflow/example_dags/example_short_circuit_decorator.py
[2024-11-12T11:23:28.518+0000] {processor.py:840} INFO - DAG(s) 'example_short_circuit_decorator' retrieved from /home/airflow/.local/lib/python3.12/site-packages/airflow/example_dags/example_short_circuit_decorator.py
[2024-11-12T11:23:28.561+0000] {logging_mixin.py:188} INFO - [2024-11-12T11:23:28.561+0000] {dag.py:3089} INFO - Sync 1 DAGs
[2024-11-12T11:23:28.606+0000] {logging_mixin.py:188} INFO - [2024-11-12T11:23:28.605+0000] {dag.py:3947} INFO - Setting next_dagrun for example_short_circuit_decorator to 2024-11-11 00:00:00+00:00, run_after=2024-11-12 00:00:00+00:00
[2024-11-12T11:23:28.649+0000] {processor.py:183} INFO - Processing /home/airflow/.local/lib/python3.12/site-packages/airflow/example_dags/example_short_circuit_decorator.py took 0.170 seconds
[2024-11-12T11:27:49.386+0000] {processor.py:161} INFO - Started process (PID=76) to work on /home/airflow/.local/lib/python3.12/site-packages/airflow/example_dags/example_short_circuit_decorator.py
[2024-11-12T11:27:49.412+0000] {processor.py:830} INFO - Processing file /home/airflow/.local/lib/python3.12/site-packages/airflow/example_dags/example_short_circuit_decorator.py for tasks to queue
[2024-11-12T11:27:49.416+0000] {logging_mixin.py:188} INFO - [2024-11-12T11:27:49.415+0000] {dagbag.py:545} INFO - Filling up the DagBag from /home/airflow/.local/lib/python3.12/site-packages/airflow/example_dags/example_short_circuit_decorator.py
[2024-11-12T11:27:49.449+0000] {processor.py:840} INFO - DAG(s) 'example_short_circuit_decorator' retrieved from /home/airflow/.local/lib/python3.12/site-packages/airflow/example_dags/example_short_circuit_decorator.py
[2024-11-12T11:27:49.821+0000] {logging_mixin.py:188} INFO - [2024-11-12T11:27:49.821+0000] {dag.py:3089} INFO - Sync 1 DAGs
[2024-11-12T11:27:49.942+0000] {logging_mixin.py:188} INFO - [2024-11-12T11:27:49.930+0000] {dag.py:3947} INFO - Setting next_dagrun for example_short_circuit_decorator to 2024-11-11 00:00:00+00:00, run_after=2024-11-12 00:00:00+00:00
[2024-11-12T11:27:50.138+0000] {processor.py:183} INFO - Processing /home/airflow/.local/lib/python3.12/site-packages/airflow/example_dags/example_short_circuit_decorator.py took 0.767 seconds
[2024-11-12T11:28:20.328+0000] {processor.py:161} INFO - Started process (PID=135) to work on /home/airflow/.local/lib/python3.12/site-packages/airflow/example_dags/example_short_circuit_decorator.py
[2024-11-12T11:28:20.329+0000] {processor.py:830} INFO - Processing file /home/airflow/.local/lib/python3.12/site-packages/airflow/example_dags/example_short_circuit_decorator.py for tasks to queue
[2024-11-12T11:28:20.333+0000] {logging_mixin.py:188} INFO - [2024-11-12T11:28:20.332+0000] {dagbag.py:545} INFO - Filling up the DagBag from /home/airflow/.local/lib/python3.12/site-packages/airflow/example_dags/example_short_circuit_decorator.py
[2024-11-12T11:28:20.348+0000] {processor.py:840} INFO - DAG(s) 'example_short_circuit_decorator' retrieved from /home/airflow/.local/lib/python3.12/site-packages/airflow/example_dags/example_short_circuit_decorator.py
[2024-11-12T11:28:20.400+0000] {logging_mixin.py:188} INFO - [2024-11-12T11:28:20.400+0000] {dag.py:3089} INFO - Sync 1 DAGs
[2024-11-12T11:28:20.448+0000] {logging_mixin.py:188} INFO - [2024-11-12T11:28:20.448+0000] {dag.py:3947} INFO - Setting next_dagrun for example_short_circuit_decorator to 2024-11-11 00:00:00+00:00, run_after=2024-11-12 00:00:00+00:00
[2024-11-12T11:28:20.493+0000] {processor.py:183} INFO - Processing /home/airflow/.local/lib/python3.12/site-packages/airflow/example_dags/example_short_circuit_decorator.py took 0.178 seconds
[2024-11-12T11:28:50.965+0000] {processor.py:161} INFO - Started process (PID=195) to work on /home/airflow/.local/lib/python3.12/site-packages/airflow/example_dags/example_short_circuit_decorator.py
[2024-11-12T11:28:50.968+0000] {processor.py:830} INFO - Processing file /home/airflow/.local/lib/python3.12/site-packages/airflow/example_dags/example_short_circuit_decorator.py for tasks to queue
[2024-11-12T11:28:50.972+0000] {logging_mixin.py:188} INFO - [2024-11-12T11:28:50.971+0000] {dagbag.py:545} INFO - Filling up the DagBag from /home/airflow/.local/lib/python3.12/site-packages/airflow/example_dags/example_short_circuit_decorator.py
[2024-11-12T11:28:51.017+0000] {processor.py:840} INFO - DAG(s) 'example_short_circuit_decorator' retrieved from /home/airflow/.local/lib/python3.12/site-packages/airflow/example_dags/example_short_circuit_decorator.py
[2024-11-12T11:28:51.078+0000] {logging_mixin.py:188} INFO - [2024-11-12T11:28:51.078+0000] {dag.py:3089} INFO - Sync 1 DAGs
[2024-11-12T11:28:51.142+0000] {logging_mixin.py:188} INFO - [2024-11-12T11:28:51.141+0000] {dag.py:3947} INFO - Setting next_dagrun for example_short_circuit_decorator to 2024-11-11 00:00:00+00:00, run_after=2024-11-12 00:00:00+00:00
[2024-11-12T11:28:51.215+0000] {processor.py:183} INFO - Processing /home/airflow/.local/lib/python3.12/site-packages/airflow/example_dags/example_short_circuit_decorator.py took 0.266 seconds
[2024-11-12T11:29:24.592+0000] {processor.py:161} INFO - Started process (PID=261) to work on /home/airflow/.local/lib/python3.12/site-packages/airflow/example_dags/example_short_circuit_decorator.py
[2024-11-12T11:29:24.596+0000] {processor.py:830} INFO - Processing file /home/airflow/.local/lib/python3.12/site-packages/airflow/example_dags/example_short_circuit_decorator.py for tasks to queue
[2024-11-12T11:29:24.611+0000] {logging_mixin.py:188} INFO - [2024-11-12T11:29:24.610+0000] {dagbag.py:545} INFO - Filling up the DagBag from /home/airflow/.local/lib/python3.12/site-packages/airflow/example_dags/example_short_circuit_decorator.py
[2024-11-12T11:29:24.677+0000] {processor.py:840} INFO - DAG(s) 'example_short_circuit_decorator' retrieved from /home/airflow/.local/lib/python3.12/site-packages/airflow/example_dags/example_short_circuit_decorator.py
[2024-11-12T11:29:24.851+0000] {logging_mixin.py:188} INFO - [2024-11-12T11:29:24.845+0000] {dag.py:3089} INFO - Sync 1 DAGs
[2024-11-12T11:29:25.283+0000] {logging_mixin.py:188} INFO - [2024-11-12T11:29:25.283+0000] {dag.py:3947} INFO - Setting next_dagrun for example_short_circuit_decorator to 2024-11-11 00:00:00+00:00, run_after=2024-11-12 00:00:00+00:00
[2024-11-12T11:29:25.636+0000] {processor.py:183} INFO - Processing /home/airflow/.local/lib/python3.12/site-packages/airflow/example_dags/example_short_circuit_decorator.py took 1.211 seconds
[2024-11-12T11:30:26.823+0000] {processor.py:161} INFO - Started process (PID=327) to work on /home/airflow/.local/lib/python3.12/site-packages/airflow/example_dags/example_short_circuit_decorator.py
[2024-11-12T11:30:26.826+0000] {processor.py:830} INFO - Processing file /home/airflow/.local/lib/python3.12/site-packages/airflow/example_dags/example_short_circuit_decorator.py for tasks to queue
[2024-11-12T11:30:26.833+0000] {logging_mixin.py:188} INFO - [2024-11-12T11:30:26.833+0000] {dagbag.py:545} INFO - Filling up the DagBag from /home/airflow/.local/lib/python3.12/site-packages/airflow/example_dags/example_short_circuit_decorator.py
[2024-11-12T11:30:26.901+0000] {processor.py:840} INFO - DAG(s) 'example_short_circuit_decorator' retrieved from /home/airflow/.local/lib/python3.12/site-packages/airflow/example_dags/example_short_circuit_decorator.py
[2024-11-12T11:30:27.102+0000] {logging_mixin.py:188} INFO - [2024-11-12T11:30:27.100+0000] {dag.py:3089} INFO - Sync 1 DAGs
[2024-11-12T11:30:27.273+0000] {logging_mixin.py:188} INFO - [2024-11-12T11:30:27.272+0000] {dag.py:3947} INFO - Setting next_dagrun for example_short_circuit_decorator to 2024-11-11 00:00:00+00:00, run_after=2024-11-12 00:00:00+00:00
[2024-11-12T11:30:27.352+0000] {processor.py:183} INFO - Processing /home/airflow/.local/lib/python3.12/site-packages/airflow/example_dags/example_short_circuit_decorator.py took 0.581 seconds
[2024-11-12T11:30:59.014+0000] {processor.py:161} INFO - Started process (PID=388) to work on /home/airflow/.local/lib/python3.12/site-packages/airflow/example_dags/example_short_circuit_decorator.py
[2024-11-12T11:30:59.017+0000] {processor.py:830} INFO - Processing file /home/airflow/.local/lib/python3.12/site-packages/airflow/example_dags/example_short_circuit_decorator.py for tasks to queue
[2024-11-12T11:30:59.023+0000] {logging_mixin.py:188} INFO - [2024-11-12T11:30:59.022+0000] {dagbag.py:545} INFO - Filling up the DagBag from /home/airflow/.local/lib/python3.12/site-packages/airflow/example_dags/example_short_circuit_decorator.py
[2024-11-12T11:30:59.094+0000] {processor.py:840} INFO - DAG(s) 'example_short_circuit_decorator' retrieved from /home/airflow/.local/lib/python3.12/site-packages/airflow/example_dags/example_short_circuit_decorator.py
[2024-11-12T11:30:59.220+0000] {logging_mixin.py:188} INFO - [2024-11-12T11:30:59.219+0000] {dag.py:3089} INFO - Sync 1 DAGs
[2024-11-12T11:30:59.399+0000] {logging_mixin.py:188} INFO - [2024-11-12T11:30:59.398+0000] {dag.py:3947} INFO - Setting next_dagrun for example_short_circuit_decorator to 2024-11-11 00:00:00+00:00, run_after=2024-11-12 00:00:00+00:00
[2024-11-12T11:30:59.474+0000] {processor.py:183} INFO - Processing /home/airflow/.local/lib/python3.12/site-packages/airflow/example_dags/example_short_circuit_decorator.py took 0.477 seconds
[2024-11-12T11:31:29.859+0000] {processor.py:161} INFO - Started process (PID=448) to work on /home/airflow/.local/lib/python3.12/site-packages/airflow/example_dags/example_short_circuit_decorator.py
[2024-11-12T11:31:29.864+0000] {processor.py:830} INFO - Processing file /home/airflow/.local/lib/python3.12/site-packages/airflow/example_dags/example_short_circuit_decorator.py for tasks to queue
[2024-11-12T11:31:29.871+0000] {logging_mixin.py:188} INFO - [2024-11-12T11:31:29.870+0000] {dagbag.py:545} INFO - Filling up the DagBag from /home/airflow/.local/lib/python3.12/site-packages/airflow/example_dags/example_short_circuit_decorator.py
[2024-11-12T11:31:29.896+0000] {processor.py:840} INFO - DAG(s) 'example_short_circuit_decorator' retrieved from /home/airflow/.local/lib/python3.12/site-packages/airflow/example_dags/example_short_circuit_decorator.py
[2024-11-12T11:31:30.047+0000] {logging_mixin.py:188} INFO - [2024-11-12T11:31:30.046+0000] {dag.py:3089} INFO - Sync 1 DAGs
[2024-11-12T11:31:30.122+0000] {logging_mixin.py:188} INFO - [2024-11-12T11:31:30.121+0000] {dag.py:3947} INFO - Setting next_dagrun for example_short_circuit_decorator to 2024-11-11 00:00:00+00:00, run_after=2024-11-12 00:00:00+00:00
[2024-11-12T11:31:30.180+0000] {processor.py:183} INFO - Processing /home/airflow/.local/lib/python3.12/site-packages/airflow/example_dags/example_short_circuit_decorator.py took 0.364 seconds
[2024-11-12T11:32:00.505+0000] {processor.py:161} INFO - Started process (PID=508) to work on /home/airflow/.local/lib/python3.12/site-packages/airflow/example_dags/example_short_circuit_decorator.py
[2024-11-12T11:32:00.508+0000] {processor.py:830} INFO - Processing file /home/airflow/.local/lib/python3.12/site-packages/airflow/example_dags/example_short_circuit_decorator.py for tasks to queue
[2024-11-12T11:32:00.512+0000] {logging_mixin.py:188} INFO - [2024-11-12T11:32:00.512+0000] {dagbag.py:545} INFO - Filling up the DagBag from /home/airflow/.local/lib/python3.12/site-packages/airflow/example_dags/example_short_circuit_decorator.py
[2024-11-12T11:32:00.540+0000] {processor.py:840} INFO - DAG(s) 'example_short_circuit_decorator' retrieved from /home/airflow/.local/lib/python3.12/site-packages/airflow/example_dags/example_short_circuit_decorator.py
[2024-11-12T11:32:00.605+0000] {logging_mixin.py:188} INFO - [2024-11-12T11:32:00.605+0000] {dag.py:3089} INFO - Sync 1 DAGs
[2024-11-12T11:32:00.713+0000] {logging_mixin.py:188} INFO - [2024-11-12T11:32:00.713+0000] {dag.py:3947} INFO - Setting next_dagrun for example_short_circuit_decorator to 2024-11-11 00:00:00+00:00, run_after=2024-11-12 00:00:00+00:00
[2024-11-12T11:32:00.786+0000] {processor.py:183} INFO - Processing /home/airflow/.local/lib/python3.12/site-packages/airflow/example_dags/example_short_circuit_decorator.py took 0.296 seconds
[2024-11-12T11:32:31.012+0000] {processor.py:161} INFO - Started process (PID=569) to work on /home/airflow/.local/lib/python3.12/site-packages/airflow/example_dags/example_short_circuit_decorator.py
[2024-11-12T11:32:31.014+0000] {processor.py:830} INFO - Processing file /home/airflow/.local/lib/python3.12/site-packages/airflow/example_dags/example_short_circuit_decorator.py for tasks to queue
[2024-11-12T11:32:31.019+0000] {logging_mixin.py:188} INFO - [2024-11-12T11:32:31.018+0000] {dagbag.py:545} INFO - Filling up the DagBag from /home/airflow/.local/lib/python3.12/site-packages/airflow/example_dags/example_short_circuit_decorator.py
[2024-11-12T11:32:31.043+0000] {processor.py:840} INFO - DAG(s) 'example_short_circuit_decorator' retrieved from /home/airflow/.local/lib/python3.12/site-packages/airflow/example_dags/example_short_circuit_decorator.py
[2024-11-12T11:32:31.102+0000] {logging_mixin.py:188} INFO - [2024-11-12T11:32:31.102+0000] {dag.py:3089} INFO - Sync 1 DAGs
[2024-11-12T11:32:31.155+0000] {logging_mixin.py:188} INFO - [2024-11-12T11:32:31.155+0000] {dag.py:3947} INFO - Setting next_dagrun for example_short_circuit_decorator to 2024-11-11 00:00:00+00:00, run_after=2024-11-12 00:00:00+00:00
[2024-11-12T11:32:31.199+0000] {processor.py:183} INFO - Processing /home/airflow/.local/lib/python3.12/site-packages/airflow/example_dags/example_short_circuit_decorator.py took 0.202 seconds
[2024-11-12T11:33:02.185+0000] {processor.py:161} INFO - Started process (PID=628) to work on /home/airflow/.local/lib/python3.12/site-packages/airflow/example_dags/example_short_circuit_decorator.py
[2024-11-12T11:33:02.187+0000] {processor.py:830} INFO - Processing file /home/airflow/.local/lib/python3.12/site-packages/airflow/example_dags/example_short_circuit_decorator.py for tasks to queue
[2024-11-12T11:33:02.195+0000] {logging_mixin.py:188} INFO - [2024-11-12T11:33:02.194+0000] {dagbag.py:545} INFO - Filling up the DagBag from /home/airflow/.local/lib/python3.12/site-packages/airflow/example_dags/example_short_circuit_decorator.py
[2024-11-12T11:33:02.232+0000] {processor.py:840} INFO - DAG(s) 'example_short_circuit_decorator' retrieved from /home/airflow/.local/lib/python3.12/site-packages/airflow/example_dags/example_short_circuit_decorator.py
[2024-11-12T11:33:02.298+0000] {logging_mixin.py:188} INFO - [2024-11-12T11:33:02.298+0000] {dag.py:3089} INFO - Sync 1 DAGs
[2024-11-12T11:33:02.362+0000] {logging_mixin.py:188} INFO - [2024-11-12T11:33:02.361+0000] {dag.py:3947} INFO - Setting next_dagrun for example_short_circuit_decorator to 2024-11-11 00:00:00+00:00, run_after=2024-11-12 00:00:00+00:00
[2024-11-12T11:33:02.413+0000] {processor.py:183} INFO - Processing /home/airflow/.local/lib/python3.12/site-packages/airflow/example_dags/example_short_circuit_decorator.py took 0.240 seconds
[2024-11-12T11:33:33.374+0000] {processor.py:161} INFO - Started process (PID=691) to work on /home/airflow/.local/lib/python3.12/site-packages/airflow/example_dags/example_short_circuit_decorator.py
[2024-11-12T11:33:33.376+0000] {processor.py:830} INFO - Processing file /home/airflow/.local/lib/python3.12/site-packages/airflow/example_dags/example_short_circuit_decorator.py for tasks to queue
[2024-11-12T11:33:33.381+0000] {logging_mixin.py:188} INFO - [2024-11-12T11:33:33.380+0000] {dagbag.py:545} INFO - Filling up the DagBag from /home/airflow/.local/lib/python3.12/site-packages/airflow/example_dags/example_short_circuit_decorator.py
[2024-11-12T11:33:33.408+0000] {processor.py:840} INFO - DAG(s) 'example_short_circuit_decorator' retrieved from /home/airflow/.local/lib/python3.12/site-packages/airflow/example_dags/example_short_circuit_decorator.py
[2024-11-12T11:33:33.475+0000] {logging_mixin.py:188} INFO - [2024-11-12T11:33:33.475+0000] {dag.py:3089} INFO - Sync 1 DAGs
[2024-11-12T11:33:33.542+0000] {logging_mixin.py:188} INFO - [2024-11-12T11:33:33.541+0000] {dag.py:3947} INFO - Setting next_dagrun for example_short_circuit_decorator to 2024-11-11 00:00:00+00:00, run_after=2024-11-12 00:00:00+00:00
[2024-11-12T11:33:33.588+0000] {processor.py:183} INFO - Processing /home/airflow/.local/lib/python3.12/site-packages/airflow/example_dags/example_short_circuit_decorator.py took 0.232 seconds
[2024-11-12T11:34:05.408+0000] {processor.py:161} INFO - Started process (PID=751) to work on /home/airflow/.local/lib/python3.12/site-packages/airflow/example_dags/example_short_circuit_decorator.py
[2024-11-12T11:34:05.411+0000] {processor.py:830} INFO - Processing file /home/airflow/.local/lib/python3.12/site-packages/airflow/example_dags/example_short_circuit_decorator.py for tasks to queue
[2024-11-12T11:34:05.415+0000] {logging_mixin.py:188} INFO - [2024-11-12T11:34:05.414+0000] {dagbag.py:545} INFO - Filling up the DagBag from /home/airflow/.local/lib/python3.12/site-packages/airflow/example_dags/example_short_circuit_decorator.py
[2024-11-12T11:34:05.439+0000] {processor.py:840} INFO - DAG(s) 'example_short_circuit_decorator' retrieved from /home/airflow/.local/lib/python3.12/site-packages/airflow/example_dags/example_short_circuit_decorator.py
[2024-11-12T11:34:05.527+0000] {logging_mixin.py:188} INFO - [2024-11-12T11:34:05.526+0000] {dag.py:3089} INFO - Sync 1 DAGs
[2024-11-12T11:34:05.638+0000] {logging_mixin.py:188} INFO - [2024-11-12T11:34:05.637+0000] {dag.py:3947} INFO - Setting next_dagrun for example_short_circuit_decorator to 2024-11-11 00:00:00+00:00, run_after=2024-11-12 00:00:00+00:00
[2024-11-12T11:34:05.709+0000] {processor.py:183} INFO - Processing /home/airflow/.local/lib/python3.12/site-packages/airflow/example_dags/example_short_circuit_decorator.py took 0.318 seconds
[2024-11-12T11:34:36.326+0000] {processor.py:161} INFO - Started process (PID=812) to work on /home/airflow/.local/lib/python3.12/site-packages/airflow/example_dags/example_short_circuit_decorator.py
[2024-11-12T11:34:36.328+0000] {processor.py:830} INFO - Processing file /home/airflow/.local/lib/python3.12/site-packages/airflow/example_dags/example_short_circuit_decorator.py for tasks to queue
[2024-11-12T11:34:36.332+0000] {logging_mixin.py:188} INFO - [2024-11-12T11:34:36.331+0000] {dagbag.py:545} INFO - Filling up the DagBag from /home/airflow/.local/lib/python3.12/site-packages/airflow/example_dags/example_short_circuit_decorator.py
[2024-11-12T11:34:36.349+0000] {processor.py:840} INFO - DAG(s) 'example_short_circuit_decorator' retrieved from /home/airflow/.local/lib/python3.12/site-packages/airflow/example_dags/example_short_circuit_decorator.py
[2024-11-12T11:34:36.392+0000] {logging_mixin.py:188} INFO - [2024-11-12T11:34:36.391+0000] {dag.py:3089} INFO - Sync 1 DAGs
[2024-11-12T11:34:36.453+0000] {logging_mixin.py:188} INFO - [2024-11-12T11:34:36.452+0000] {dag.py:3947} INFO - Setting next_dagrun for example_short_circuit_decorator to 2024-11-11 00:00:00+00:00, run_after=2024-11-12 00:00:00+00:00
[2024-11-12T11:34:36.496+0000] {processor.py:183} INFO - Processing /home/airflow/.local/lib/python3.12/site-packages/airflow/example_dags/example_short_circuit_decorator.py took 0.180 seconds
[2024-11-12T11:35:06.902+0000] {processor.py:161} INFO - Started process (PID=870) to work on /home/airflow/.local/lib/python3.12/site-packages/airflow/example_dags/example_short_circuit_decorator.py
[2024-11-12T11:35:06.905+0000] {processor.py:830} INFO - Processing file /home/airflow/.local/lib/python3.12/site-packages/airflow/example_dags/example_short_circuit_decorator.py for tasks to queue
[2024-11-12T11:35:06.909+0000] {logging_mixin.py:188} INFO - [2024-11-12T11:35:06.908+0000] {dagbag.py:545} INFO - Filling up the DagBag from /home/airflow/.local/lib/python3.12/site-packages/airflow/example_dags/example_short_circuit_decorator.py
[2024-11-12T11:35:06.934+0000] {processor.py:840} INFO - DAG(s) 'example_short_circuit_decorator' retrieved from /home/airflow/.local/lib/python3.12/site-packages/airflow/example_dags/example_short_circuit_decorator.py
[2024-11-12T11:35:06.994+0000] {logging_mixin.py:188} INFO - [2024-11-12T11:35:06.994+0000] {dag.py:3089} INFO - Sync 1 DAGs
[2024-11-12T11:35:07.033+0000] {logging_mixin.py:188} INFO - [2024-11-12T11:35:07.033+0000] {dag.py:3947} INFO - Setting next_dagrun for example_short_circuit_decorator to 2024-11-11 00:00:00+00:00, run_after=2024-11-12 00:00:00+00:00
[2024-11-12T11:35:07.072+0000] {processor.py:183} INFO - Processing /home/airflow/.local/lib/python3.12/site-packages/airflow/example_dags/example_short_circuit_decorator.py took 0.182 seconds
[2024-11-12T11:35:37.404+0000] {processor.py:161} INFO - Started process (PID=929) to work on /home/airflow/.local/lib/python3.12/site-packages/airflow/example_dags/example_short_circuit_decorator.py
[2024-11-12T11:35:37.406+0000] {processor.py:830} INFO - Processing file /home/airflow/.local/lib/python3.12/site-packages/airflow/example_dags/example_short_circuit_decorator.py for tasks to queue
[2024-11-12T11:35:37.411+0000] {logging_mixin.py:188} INFO - [2024-11-12T11:35:37.410+0000] {dagbag.py:545} INFO - Filling up the DagBag from /home/airflow/.local/lib/python3.12/site-packages/airflow/example_dags/example_short_circuit_decorator.py
[2024-11-12T11:35:37.435+0000] {processor.py:840} INFO - DAG(s) 'example_short_circuit_decorator' retrieved from /home/airflow/.local/lib/python3.12/site-packages/airflow/example_dags/example_short_circuit_decorator.py
[2024-11-12T11:35:37.493+0000] {logging_mixin.py:188} INFO - [2024-11-12T11:35:37.493+0000] {dag.py:3089} INFO - Sync 1 DAGs
[2024-11-12T11:35:37.537+0000] {logging_mixin.py:188} INFO - [2024-11-12T11:35:37.536+0000] {dag.py:3947} INFO - Setting next_dagrun for example_short_circuit_decorator to 2024-11-11 00:00:00+00:00, run_after=2024-11-12 00:00:00+00:00
[2024-11-12T11:35:37.576+0000] {processor.py:183} INFO - Processing /home/airflow/.local/lib/python3.12/site-packages/airflow/example_dags/example_short_circuit_decorator.py took 0.187 seconds
[2024-11-12T11:36:09.437+0000] {processor.py:161} INFO - Started process (PID=991) to work on /home/airflow/.local/lib/python3.12/site-packages/airflow/example_dags/example_short_circuit_decorator.py
[2024-11-12T11:36:09.439+0000] {processor.py:830} INFO - Processing file /home/airflow/.local/lib/python3.12/site-packages/airflow/example_dags/example_short_circuit_decorator.py for tasks to queue
[2024-11-12T11:36:09.442+0000] {logging_mixin.py:188} INFO - [2024-11-12T11:36:09.441+0000] {dagbag.py:545} INFO - Filling up the DagBag from /home/airflow/.local/lib/python3.12/site-packages/airflow/example_dags/example_short_circuit_decorator.py
[2024-11-12T11:36:09.457+0000] {processor.py:840} INFO - DAG(s) 'example_short_circuit_decorator' retrieved from /home/airflow/.local/lib/python3.12/site-packages/airflow/example_dags/example_short_circuit_decorator.py
[2024-11-12T11:36:09.496+0000] {logging_mixin.py:188} INFO - [2024-11-12T11:36:09.495+0000] {dag.py:3089} INFO - Sync 1 DAGs
[2024-11-12T11:36:09.532+0000] {logging_mixin.py:188} INFO - [2024-11-12T11:36:09.531+0000] {dag.py:3947} INFO - Setting next_dagrun for example_short_circuit_decorator to 2024-11-11 00:00:00+00:00, run_after=2024-11-12 00:00:00+00:00
[2024-11-12T11:36:09.566+0000] {processor.py:183} INFO - Processing /home/airflow/.local/lib/python3.12/site-packages/airflow/example_dags/example_short_circuit_decorator.py took 0.140 seconds
[2024-11-12T11:36:41.740+0000] {processor.py:161} INFO - Started process (PID=1053) to work on /home/airflow/.local/lib/python3.12/site-packages/airflow/example_dags/example_short_circuit_decorator.py
[2024-11-12T11:36:41.744+0000] {processor.py:830} INFO - Processing file /home/airflow/.local/lib/python3.12/site-packages/airflow/example_dags/example_short_circuit_decorator.py for tasks to queue
[2024-11-12T11:36:41.749+0000] {logging_mixin.py:188} INFO - [2024-11-12T11:36:41.748+0000] {dagbag.py:545} INFO - Filling up the DagBag from /home/airflow/.local/lib/python3.12/site-packages/airflow/example_dags/example_short_circuit_decorator.py
[2024-11-12T11:36:41.780+0000] {processor.py:840} INFO - DAG(s) 'example_short_circuit_decorator' retrieved from /home/airflow/.local/lib/python3.12/site-packages/airflow/example_dags/example_short_circuit_decorator.py
[2024-11-12T11:36:41.853+0000] {logging_mixin.py:188} INFO - [2024-11-12T11:36:41.852+0000] {dag.py:3089} INFO - Sync 1 DAGs
[2024-11-12T11:36:41.906+0000] {logging_mixin.py:188} INFO - [2024-11-12T11:36:41.905+0000] {dag.py:3947} INFO - Setting next_dagrun for example_short_circuit_decorator to 2024-11-11 00:00:00+00:00, run_after=2024-11-12 00:00:00+00:00
[2024-11-12T11:36:41.952+0000] {processor.py:183} INFO - Processing /home/airflow/.local/lib/python3.12/site-packages/airflow/example_dags/example_short_circuit_decorator.py took 0.236 seconds
[2024-11-12T11:37:13.529+0000] {processor.py:161} INFO - Started process (PID=1113) to work on /home/airflow/.local/lib/python3.12/site-packages/airflow/example_dags/example_short_circuit_decorator.py
[2024-11-12T11:37:13.532+0000] {processor.py:830} INFO - Processing file /home/airflow/.local/lib/python3.12/site-packages/airflow/example_dags/example_short_circuit_decorator.py for tasks to queue
[2024-11-12T11:37:13.538+0000] {logging_mixin.py:188} INFO - [2024-11-12T11:37:13.536+0000] {dagbag.py:545} INFO - Filling up the DagBag from /home/airflow/.local/lib/python3.12/site-packages/airflow/example_dags/example_short_circuit_decorator.py
[2024-11-12T11:37:13.568+0000] {processor.py:840} INFO - DAG(s) 'example_short_circuit_decorator' retrieved from /home/airflow/.local/lib/python3.12/site-packages/airflow/example_dags/example_short_circuit_decorator.py
[2024-11-12T11:37:13.656+0000] {logging_mixin.py:188} INFO - [2024-11-12T11:37:13.656+0000] {dag.py:3089} INFO - Sync 1 DAGs
[2024-11-12T11:37:13.779+0000] {logging_mixin.py:188} INFO - [2024-11-12T11:37:13.778+0000] {dag.py:3947} INFO - Setting next_dagrun for example_short_circuit_decorator to 2024-11-11 00:00:00+00:00, run_after=2024-11-12 00:00:00+00:00
[2024-11-12T11:37:13.838+0000] {processor.py:183} INFO - Processing /home/airflow/.local/lib/python3.12/site-packages/airflow/example_dags/example_short_circuit_decorator.py took 0.332 seconds
[2024-11-12T11:37:44.084+0000] {processor.py:161} INFO - Started process (PID=1170) to work on /home/airflow/.local/lib/python3.12/site-packages/airflow/example_dags/example_short_circuit_decorator.py
[2024-11-12T11:37:44.086+0000] {processor.py:830} INFO - Processing file /home/airflow/.local/lib/python3.12/site-packages/airflow/example_dags/example_short_circuit_decorator.py for tasks to queue
[2024-11-12T11:37:44.089+0000] {logging_mixin.py:188} INFO - [2024-11-12T11:37:44.088+0000] {dagbag.py:545} INFO - Filling up the DagBag from /home/airflow/.local/lib/python3.12/site-packages/airflow/example_dags/example_short_circuit_decorator.py
[2024-11-12T11:37:44.107+0000] {processor.py:840} INFO - DAG(s) 'example_short_circuit_decorator' retrieved from /home/airflow/.local/lib/python3.12/site-packages/airflow/example_dags/example_short_circuit_decorator.py
[2024-11-12T11:37:44.158+0000] {logging_mixin.py:188} INFO - [2024-11-12T11:37:44.157+0000] {dag.py:3089} INFO - Sync 1 DAGs
[2024-11-12T11:37:44.198+0000] {logging_mixin.py:188} INFO - [2024-11-12T11:37:44.198+0000] {dag.py:3947} INFO - Setting next_dagrun for example_short_circuit_decorator to 2024-11-11 00:00:00+00:00, run_after=2024-11-12 00:00:00+00:00
[2024-11-12T11:37:44.236+0000] {processor.py:183} INFO - Processing /home/airflow/.local/lib/python3.12/site-packages/airflow/example_dags/example_short_circuit_decorator.py took 0.166 seconds
[2024-11-12T11:38:14.297+0000] {processor.py:161} INFO - Started process (PID=1229) to work on /home/airflow/.local/lib/python3.12/site-packages/airflow/example_dags/example_short_circuit_decorator.py
[2024-11-12T11:38:14.299+0000] {processor.py:830} INFO - Processing file /home/airflow/.local/lib/python3.12/site-packages/airflow/example_dags/example_short_circuit_decorator.py for tasks to queue
[2024-11-12T11:38:14.302+0000] {logging_mixin.py:188} INFO - [2024-11-12T11:38:14.302+0000] {dagbag.py:545} INFO - Filling up the DagBag from /home/airflow/.local/lib/python3.12/site-packages/airflow/example_dags/example_short_circuit_decorator.py
[2024-11-12T11:38:14.321+0000] {processor.py:840} INFO - DAG(s) 'example_short_circuit_decorator' retrieved from /home/airflow/.local/lib/python3.12/site-packages/airflow/example_dags/example_short_circuit_decorator.py
[2024-11-12T11:38:14.362+0000] {logging_mixin.py:188} INFO - [2024-11-12T11:38:14.362+0000] {dag.py:3089} INFO - Sync 1 DAGs
[2024-11-12T11:38:14.399+0000] {logging_mixin.py:188} INFO - [2024-11-12T11:38:14.398+0000] {dag.py:3947} INFO - Setting next_dagrun for example_short_circuit_decorator to 2024-11-11 00:00:00+00:00, run_after=2024-11-12 00:00:00+00:00
[2024-11-12T11:38:14.429+0000] {processor.py:183} INFO - Processing /home/airflow/.local/lib/python3.12/site-packages/airflow/example_dags/example_short_circuit_decorator.py took 0.142 seconds
[2024-11-12T11:38:44.493+0000] {processor.py:161} INFO - Started process (PID=1288) to work on /home/airflow/.local/lib/python3.12/site-packages/airflow/example_dags/example_short_circuit_decorator.py
[2024-11-12T11:38:44.495+0000] {processor.py:830} INFO - Processing file /home/airflow/.local/lib/python3.12/site-packages/airflow/example_dags/example_short_circuit_decorator.py for tasks to queue
[2024-11-12T11:38:44.499+0000] {logging_mixin.py:188} INFO - [2024-11-12T11:38:44.499+0000] {dagbag.py:545} INFO - Filling up the DagBag from /home/airflow/.local/lib/python3.12/site-packages/airflow/example_dags/example_short_circuit_decorator.py
[2024-11-12T11:38:44.519+0000] {processor.py:840} INFO - DAG(s) 'example_short_circuit_decorator' retrieved from /home/airflow/.local/lib/python3.12/site-packages/airflow/example_dags/example_short_circuit_decorator.py
[2024-11-12T11:38:44.566+0000] {logging_mixin.py:188} INFO - [2024-11-12T11:38:44.566+0000] {dag.py:3089} INFO - Sync 1 DAGs
[2024-11-12T11:38:44.614+0000] {logging_mixin.py:188} INFO - [2024-11-12T11:38:44.613+0000] {dag.py:3947} INFO - Setting next_dagrun for example_short_circuit_decorator to 2024-11-11 00:00:00+00:00, run_after=2024-11-12 00:00:00+00:00
[2024-11-12T11:38:44.641+0000] {processor.py:183} INFO - Processing /home/airflow/.local/lib/python3.12/site-packages/airflow/example_dags/example_short_circuit_decorator.py took 0.160 seconds
[2024-11-12T11:39:15.187+0000] {processor.py:161} INFO - Started process (PID=1348) to work on /home/airflow/.local/lib/python3.12/site-packages/airflow/example_dags/example_short_circuit_decorator.py
[2024-11-12T11:39:15.189+0000] {processor.py:830} INFO - Processing file /home/airflow/.local/lib/python3.12/site-packages/airflow/example_dags/example_short_circuit_decorator.py for tasks to queue
[2024-11-12T11:39:15.193+0000] {logging_mixin.py:188} INFO - [2024-11-12T11:39:15.192+0000] {dagbag.py:545} INFO - Filling up the DagBag from /home/airflow/.local/lib/python3.12/site-packages/airflow/example_dags/example_short_circuit_decorator.py
[2024-11-12T11:39:15.216+0000] {processor.py:840} INFO - DAG(s) 'example_short_circuit_decorator' retrieved from /home/airflow/.local/lib/python3.12/site-packages/airflow/example_dags/example_short_circuit_decorator.py
[2024-11-12T11:39:15.260+0000] {logging_mixin.py:188} INFO - [2024-11-12T11:39:15.260+0000] {dag.py:3089} INFO - Sync 1 DAGs
[2024-11-12T11:39:15.309+0000] {logging_mixin.py:188} INFO - [2024-11-12T11:39:15.308+0000] {dag.py:3947} INFO - Setting next_dagrun for example_short_circuit_decorator to 2024-11-11 00:00:00+00:00, run_after=2024-11-12 00:00:00+00:00
[2024-11-12T11:39:15.345+0000] {processor.py:183} INFO - Processing /home/airflow/.local/lib/python3.12/site-packages/airflow/example_dags/example_short_circuit_decorator.py took 0.170 seconds
[2024-11-12T11:39:45.689+0000] {processor.py:161} INFO - Started process (PID=1408) to work on /home/airflow/.local/lib/python3.12/site-packages/airflow/example_dags/example_short_circuit_decorator.py
[2024-11-12T11:39:45.691+0000] {processor.py:830} INFO - Processing file /home/airflow/.local/lib/python3.12/site-packages/airflow/example_dags/example_short_circuit_decorator.py for tasks to queue
[2024-11-12T11:39:45.697+0000] {logging_mixin.py:188} INFO - [2024-11-12T11:39:45.696+0000] {dagbag.py:545} INFO - Filling up the DagBag from /home/airflow/.local/lib/python3.12/site-packages/airflow/example_dags/example_short_circuit_decorator.py
[2024-11-12T11:39:45.731+0000] {processor.py:840} INFO - DAG(s) 'example_short_circuit_decorator' retrieved from /home/airflow/.local/lib/python3.12/site-packages/airflow/example_dags/example_short_circuit_decorator.py
[2024-11-12T11:39:46.021+0000] {logging_mixin.py:188} INFO - [2024-11-12T11:39:46.020+0000] {dag.py:3089} INFO - Sync 1 DAGs
[2024-11-12T11:39:46.211+0000] {logging_mixin.py:188} INFO - [2024-11-12T11:39:46.210+0000] {dag.py:3947} INFO - Setting next_dagrun for example_short_circuit_decorator to 2024-11-11 00:00:00+00:00, run_after=2024-11-12 00:00:00+00:00
[2024-11-12T11:39:46.284+0000] {processor.py:183} INFO - Processing /home/airflow/.local/lib/python3.12/site-packages/airflow/example_dags/example_short_circuit_decorator.py took 0.616 seconds
[2024-11-12T11:40:16.516+0000] {processor.py:161} INFO - Started process (PID=1468) to work on /home/airflow/.local/lib/python3.12/site-packages/airflow/example_dags/example_short_circuit_decorator.py
[2024-11-12T11:40:16.518+0000] {processor.py:830} INFO - Processing file /home/airflow/.local/lib/python3.12/site-packages/airflow/example_dags/example_short_circuit_decorator.py for tasks to queue
[2024-11-12T11:40:16.522+0000] {logging_mixin.py:188} INFO - [2024-11-12T11:40:16.521+0000] {dagbag.py:545} INFO - Filling up the DagBag from /home/airflow/.local/lib/python3.12/site-packages/airflow/example_dags/example_short_circuit_decorator.py
[2024-11-12T11:40:16.540+0000] {processor.py:840} INFO - DAG(s) 'example_short_circuit_decorator' retrieved from /home/airflow/.local/lib/python3.12/site-packages/airflow/example_dags/example_short_circuit_decorator.py
[2024-11-12T11:40:16.584+0000] {logging_mixin.py:188} INFO - [2024-11-12T11:40:16.584+0000] {dag.py:3089} INFO - Sync 1 DAGs
[2024-11-12T11:40:16.628+0000] {logging_mixin.py:188} INFO - [2024-11-12T11:40:16.627+0000] {dag.py:3947} INFO - Setting next_dagrun for example_short_circuit_decorator to 2024-11-11 00:00:00+00:00, run_after=2024-11-12 00:00:00+00:00
[2024-11-12T11:40:16.657+0000] {processor.py:183} INFO - Processing /home/airflow/.local/lib/python3.12/site-packages/airflow/example_dags/example_short_circuit_decorator.py took 0.154 seconds
[2024-11-12T11:41:21.172+0000] {processor.py:161} INFO - Started process (PID=69) to work on /home/airflow/.local/lib/python3.12/site-packages/airflow/example_dags/example_short_circuit_decorator.py
[2024-11-12T11:41:21.177+0000] {processor.py:830} INFO - Processing file /home/airflow/.local/lib/python3.12/site-packages/airflow/example_dags/example_short_circuit_decorator.py for tasks to queue
[2024-11-12T11:41:21.181+0000] {logging_mixin.py:188} INFO - [2024-11-12T11:41:21.180+0000] {dagbag.py:545} INFO - Filling up the DagBag from /home/airflow/.local/lib/python3.12/site-packages/airflow/example_dags/example_short_circuit_decorator.py
[2024-11-12T11:41:21.208+0000] {processor.py:840} INFO - DAG(s) 'example_short_circuit_decorator' retrieved from /home/airflow/.local/lib/python3.12/site-packages/airflow/example_dags/example_short_circuit_decorator.py
[2024-11-12T11:41:21.287+0000] {logging_mixin.py:188} INFO - [2024-11-12T11:41:21.285+0000] {dag.py:3089} INFO - Sync 1 DAGs
[2024-11-12T11:41:21.347+0000] {logging_mixin.py:188} INFO - [2024-11-12T11:41:21.346+0000] {dag.py:3947} INFO - Setting next_dagrun for example_short_circuit_decorator to 2024-11-11 00:00:00+00:00, run_after=2024-11-12 00:00:00+00:00
[2024-11-12T11:41:21.392+0000] {processor.py:183} INFO - Processing /home/airflow/.local/lib/python3.12/site-packages/airflow/example_dags/example_short_circuit_decorator.py took 0.233 seconds
[2024-11-12T11:42:11.288+0000] {processor.py:161} INFO - Started process (PID=129) to work on /home/airflow/.local/lib/python3.12/site-packages/airflow/example_dags/example_short_circuit_decorator.py
[2024-11-12T11:42:11.325+0000] {processor.py:830} INFO - Processing file /home/airflow/.local/lib/python3.12/site-packages/airflow/example_dags/example_short_circuit_decorator.py for tasks to queue
[2024-11-12T11:42:11.330+0000] {logging_mixin.py:188} INFO - [2024-11-12T11:42:11.329+0000] {dagbag.py:545} INFO - Filling up the DagBag from /home/airflow/.local/lib/python3.12/site-packages/airflow/example_dags/example_short_circuit_decorator.py
[2024-11-12T11:42:11.374+0000] {processor.py:840} INFO - DAG(s) 'example_short_circuit_decorator' retrieved from /home/airflow/.local/lib/python3.12/site-packages/airflow/example_dags/example_short_circuit_decorator.py
[2024-11-12T11:42:11.559+0000] {logging_mixin.py:188} INFO - [2024-11-12T11:42:11.559+0000] {dag.py:3089} INFO - Sync 1 DAGs
[2024-11-12T11:42:11.881+0000] {logging_mixin.py:188} INFO - [2024-11-12T11:42:11.880+0000] {dag.py:3947} INFO - Setting next_dagrun for example_short_circuit_decorator to 2024-11-11 00:00:00+00:00, run_after=2024-11-12 00:00:00+00:00
[2024-11-12T11:42:12.252+0000] {processor.py:183} INFO - Processing /home/airflow/.local/lib/python3.12/site-packages/airflow/example_dags/example_short_circuit_decorator.py took 1.086 seconds
[2024-11-12T11:46:31.678+0000] {processor.py:161} INFO - Started process (PID=200) to work on /home/airflow/.local/lib/python3.12/site-packages/airflow/example_dags/example_short_circuit_decorator.py
[2024-11-12T11:46:31.693+0000] {processor.py:830} INFO - Processing file /home/airflow/.local/lib/python3.12/site-packages/airflow/example_dags/example_short_circuit_decorator.py for tasks to queue
[2024-11-12T11:46:31.708+0000] {logging_mixin.py:188} INFO - [2024-11-12T11:46:31.707+0000] {dagbag.py:545} INFO - Filling up the DagBag from /home/airflow/.local/lib/python3.12/site-packages/airflow/example_dags/example_short_circuit_decorator.py
[2024-11-12T11:46:31.940+0000] {processor.py:840} INFO - DAG(s) 'example_short_circuit_decorator' retrieved from /home/airflow/.local/lib/python3.12/site-packages/airflow/example_dags/example_short_circuit_decorator.py
[2024-11-12T11:46:32.364+0000] {logging_mixin.py:188} INFO - [2024-11-12T11:46:32.364+0000] {dag.py:3089} INFO - Sync 1 DAGs
[2024-11-12T11:46:32.794+0000] {logging_mixin.py:188} INFO - [2024-11-12T11:46:32.792+0000] {dag.py:3947} INFO - Setting next_dagrun for example_short_circuit_decorator to 2024-11-11 00:00:00+00:00, run_after=2024-11-12 00:00:00+00:00
[2024-11-12T11:46:33.131+0000] {processor.py:183} INFO - Processing /home/airflow/.local/lib/python3.12/site-packages/airflow/example_dags/example_short_circuit_decorator.py took 1.569 seconds
[2024-11-12T11:47:03.450+0000] {processor.py:161} INFO - Started process (PID=260) to work on /home/airflow/.local/lib/python3.12/site-packages/airflow/example_dags/example_short_circuit_decorator.py
[2024-11-12T11:47:03.466+0000] {processor.py:830} INFO - Processing file /home/airflow/.local/lib/python3.12/site-packages/airflow/example_dags/example_short_circuit_decorator.py for tasks to queue
[2024-11-12T11:47:03.470+0000] {logging_mixin.py:188} INFO - [2024-11-12T11:47:03.469+0000] {dagbag.py:545} INFO - Filling up the DagBag from /home/airflow/.local/lib/python3.12/site-packages/airflow/example_dags/example_short_circuit_decorator.py
[2024-11-12T11:47:03.520+0000] {processor.py:840} INFO - DAG(s) 'example_short_circuit_decorator' retrieved from /home/airflow/.local/lib/python3.12/site-packages/airflow/example_dags/example_short_circuit_decorator.py
[2024-11-12T11:47:03.704+0000] {logging_mixin.py:188} INFO - [2024-11-12T11:47:03.703+0000] {dag.py:3089} INFO - Sync 1 DAGs
[2024-11-12T11:47:03.940+0000] {logging_mixin.py:188} INFO - [2024-11-12T11:47:03.940+0000] {dag.py:3947} INFO - Setting next_dagrun for example_short_circuit_decorator to 2024-11-11 00:00:00+00:00, run_after=2024-11-12 00:00:00+00:00
[2024-11-12T11:47:04.058+0000] {processor.py:183} INFO - Processing /home/airflow/.local/lib/python3.12/site-packages/airflow/example_dags/example_short_circuit_decorator.py took 0.670 seconds
[2024-11-12T14:04:00.710+0000] {processor.py:161} INFO - Started process (PID=88) to work on /home/airflow/.local/lib/python3.12/site-packages/airflow/example_dags/example_short_circuit_decorator.py
[2024-11-12T14:04:00.714+0000] {processor.py:830} INFO - Processing file /home/airflow/.local/lib/python3.12/site-packages/airflow/example_dags/example_short_circuit_decorator.py for tasks to queue
[2024-11-12T14:04:00.722+0000] {logging_mixin.py:188} INFO - [2024-11-12T14:04:00.721+0000] {dagbag.py:545} INFO - Filling up the DagBag from /home/airflow/.local/lib/python3.12/site-packages/airflow/example_dags/example_short_circuit_decorator.py
[2024-11-12T14:04:00.826+0000] {processor.py:840} INFO - DAG(s) 'example_short_circuit_decorator' retrieved from /home/airflow/.local/lib/python3.12/site-packages/airflow/example_dags/example_short_circuit_decorator.py
[2024-11-12T14:04:01.232+0000] {logging_mixin.py:188} INFO - [2024-11-12T14:04:01.231+0000] {dag.py:3089} INFO - Sync 1 DAGs
[2024-11-12T14:04:01.325+0000] {logging_mixin.py:188} INFO - [2024-11-12T14:04:01.324+0000] {dag.py:3947} INFO - Setting next_dagrun for example_short_circuit_decorator to 2024-11-11 00:00:00+00:00, run_after=2024-11-12 00:00:00+00:00
[2024-11-12T14:04:01.406+0000] {processor.py:183} INFO - Processing /home/airflow/.local/lib/python3.12/site-packages/airflow/example_dags/example_short_circuit_decorator.py took 0.715 seconds
[2024-11-12T14:04:31.795+0000] {processor.py:161} INFO - Started process (PID=148) to work on /home/airflow/.local/lib/python3.12/site-packages/airflow/example_dags/example_short_circuit_decorator.py
[2024-11-12T14:04:31.800+0000] {processor.py:830} INFO - Processing file /home/airflow/.local/lib/python3.12/site-packages/airflow/example_dags/example_short_circuit_decorator.py for tasks to queue
[2024-11-12T14:04:31.818+0000] {logging_mixin.py:188} INFO - [2024-11-12T14:04:31.807+0000] {dagbag.py:545} INFO - Filling up the DagBag from /home/airflow/.local/lib/python3.12/site-packages/airflow/example_dags/example_short_circuit_decorator.py
[2024-11-12T14:04:31.858+0000] {processor.py:840} INFO - DAG(s) 'example_short_circuit_decorator' retrieved from /home/airflow/.local/lib/python3.12/site-packages/airflow/example_dags/example_short_circuit_decorator.py
[2024-11-12T14:04:31.942+0000] {logging_mixin.py:188} INFO - [2024-11-12T14:04:31.942+0000] {dag.py:3089} INFO - Sync 1 DAGs
[2024-11-12T14:04:31.991+0000] {logging_mixin.py:188} INFO - [2024-11-12T14:04:31.991+0000] {dag.py:3947} INFO - Setting next_dagrun for example_short_circuit_decorator to 2024-11-11 00:00:00+00:00, run_after=2024-11-12 00:00:00+00:00
[2024-11-12T14:04:32.047+0000] {processor.py:183} INFO - Processing /home/airflow/.local/lib/python3.12/site-packages/airflow/example_dags/example_short_circuit_decorator.py took 0.304 seconds
[2024-11-12T14:05:02.493+0000] {processor.py:161} INFO - Started process (PID=209) to work on /home/airflow/.local/lib/python3.12/site-packages/airflow/example_dags/example_short_circuit_decorator.py
[2024-11-12T14:05:02.496+0000] {processor.py:830} INFO - Processing file /home/airflow/.local/lib/python3.12/site-packages/airflow/example_dags/example_short_circuit_decorator.py for tasks to queue
[2024-11-12T14:05:02.500+0000] {logging_mixin.py:188} INFO - [2024-11-12T14:05:02.499+0000] {dagbag.py:545} INFO - Filling up the DagBag from /home/airflow/.local/lib/python3.12/site-packages/airflow/example_dags/example_short_circuit_decorator.py
[2024-11-12T14:05:02.522+0000] {processor.py:840} INFO - DAG(s) 'example_short_circuit_decorator' retrieved from /home/airflow/.local/lib/python3.12/site-packages/airflow/example_dags/example_short_circuit_decorator.py
[2024-11-12T14:05:02.591+0000] {logging_mixin.py:188} INFO - [2024-11-12T14:05:02.591+0000] {dag.py:3089} INFO - Sync 1 DAGs
[2024-11-12T14:05:02.641+0000] {logging_mixin.py:188} INFO - [2024-11-12T14:05:02.640+0000] {dag.py:3947} INFO - Setting next_dagrun for example_short_circuit_decorator to 2024-11-11 00:00:00+00:00, run_after=2024-11-12 00:00:00+00:00
[2024-11-12T14:05:02.684+0000] {processor.py:183} INFO - Processing /home/airflow/.local/lib/python3.12/site-packages/airflow/example_dags/example_short_circuit_decorator.py took 0.212 seconds
[2024-11-12T14:05:41.472+0000] {processor.py:161} INFO - Started process (PID=269) to work on /home/airflow/.local/lib/python3.12/site-packages/airflow/example_dags/example_short_circuit_decorator.py
[2024-11-12T14:05:41.477+0000] {processor.py:830} INFO - Processing file /home/airflow/.local/lib/python3.12/site-packages/airflow/example_dags/example_short_circuit_decorator.py for tasks to queue
[2024-11-12T14:05:41.483+0000] {logging_mixin.py:188} INFO - [2024-11-12T14:05:41.482+0000] {dagbag.py:545} INFO - Filling up the DagBag from /home/airflow/.local/lib/python3.12/site-packages/airflow/example_dags/example_short_circuit_decorator.py
[2024-11-12T14:05:41.549+0000] {processor.py:840} INFO - DAG(s) 'example_short_circuit_decorator' retrieved from /home/airflow/.local/lib/python3.12/site-packages/airflow/example_dags/example_short_circuit_decorator.py
[2024-11-12T14:05:41.678+0000] {logging_mixin.py:188} INFO - [2024-11-12T14:05:41.678+0000] {dag.py:3089} INFO - Sync 1 DAGs
[2024-11-12T14:05:41.842+0000] {logging_mixin.py:188} INFO - [2024-11-12T14:05:41.842+0000] {dag.py:3947} INFO - Setting next_dagrun for example_short_circuit_decorator to 2024-11-11 00:00:00+00:00, run_after=2024-11-12 00:00:00+00:00
[2024-11-12T14:05:41.960+0000] {processor.py:183} INFO - Processing /home/airflow/.local/lib/python3.12/site-packages/airflow/example_dags/example_short_circuit_decorator.py took 0.516 seconds
[2024-11-12T14:06:27.558+0000] {processor.py:161} INFO - Started process (PID=338) to work on /home/airflow/.local/lib/python3.12/site-packages/airflow/example_dags/example_short_circuit_decorator.py
[2024-11-12T14:06:27.570+0000] {processor.py:830} INFO - Processing file /home/airflow/.local/lib/python3.12/site-packages/airflow/example_dags/example_short_circuit_decorator.py for tasks to queue
[2024-11-12T14:06:27.595+0000] {logging_mixin.py:188} INFO - [2024-11-12T14:06:27.593+0000] {dagbag.py:545} INFO - Filling up the DagBag from /home/airflow/.local/lib/python3.12/site-packages/airflow/example_dags/example_short_circuit_decorator.py
[2024-11-12T14:06:27.734+0000] {processor.py:840} INFO - DAG(s) 'example_short_circuit_decorator' retrieved from /home/airflow/.local/lib/python3.12/site-packages/airflow/example_dags/example_short_circuit_decorator.py
[2024-11-12T14:06:28.253+0000] {logging_mixin.py:188} INFO - [2024-11-12T14:06:28.251+0000] {dag.py:3089} INFO - Sync 1 DAGs
[2024-11-12T14:06:28.863+0000] {logging_mixin.py:188} INFO - [2024-11-12T14:06:28.862+0000] {dag.py:3947} INFO - Setting next_dagrun for example_short_circuit_decorator to 2024-11-11 00:00:00+00:00, run_after=2024-11-12 00:00:00+00:00
[2024-11-12T14:06:29.172+0000] {processor.py:183} INFO - Processing /home/airflow/.local/lib/python3.12/site-packages/airflow/example_dags/example_short_circuit_decorator.py took 1.698 seconds
[2024-11-12T14:07:47.516+0000] {processor.py:161} INFO - Started process (PID=403) to work on /home/airflow/.local/lib/python3.12/site-packages/airflow/example_dags/example_short_circuit_decorator.py
[2024-11-12T14:07:47.524+0000] {processor.py:830} INFO - Processing file /home/airflow/.local/lib/python3.12/site-packages/airflow/example_dags/example_short_circuit_decorator.py for tasks to queue
[2024-11-12T14:07:47.551+0000] {logging_mixin.py:188} INFO - [2024-11-12T14:07:47.534+0000] {dagbag.py:545} INFO - Filling up the DagBag from /home/airflow/.local/lib/python3.12/site-packages/airflow/example_dags/example_short_circuit_decorator.py
[2024-11-12T14:07:47.871+0000] {processor.py:840} INFO - DAG(s) 'example_short_circuit_decorator' retrieved from /home/airflow/.local/lib/python3.12/site-packages/airflow/example_dags/example_short_circuit_decorator.py
[2024-11-12T14:07:48.365+0000] {logging_mixin.py:188} INFO - [2024-11-12T14:07:48.364+0000] {dag.py:3089} INFO - Sync 1 DAGs
[2024-11-12T14:07:48.776+0000] {logging_mixin.py:188} INFO - [2024-11-12T14:07:48.775+0000] {dag.py:3947} INFO - Setting next_dagrun for example_short_circuit_decorator to 2024-11-11 00:00:00+00:00, run_after=2024-11-12 00:00:00+00:00
[2024-11-12T14:07:49.127+0000] {processor.py:183} INFO - Processing /home/airflow/.local/lib/python3.12/site-packages/airflow/example_dags/example_short_circuit_decorator.py took 1.992 seconds
[2024-11-12T14:09:05.790+0000] {processor.py:161} INFO - Started process (PID=475) to work on /home/airflow/.local/lib/python3.12/site-packages/airflow/example_dags/example_short_circuit_decorator.py
[2024-11-12T14:09:05.812+0000] {processor.py:830} INFO - Processing file /home/airflow/.local/lib/python3.12/site-packages/airflow/example_dags/example_short_circuit_decorator.py for tasks to queue
[2024-11-12T14:09:05.834+0000] {logging_mixin.py:188} INFO - [2024-11-12T14:09:05.827+0000] {dagbag.py:545} INFO - Filling up the DagBag from /home/airflow/.local/lib/python3.12/site-packages/airflow/example_dags/example_short_circuit_decorator.py
[2024-11-12T14:09:06.085+0000] {processor.py:840} INFO - DAG(s) 'example_short_circuit_decorator' retrieved from /home/airflow/.local/lib/python3.12/site-packages/airflow/example_dags/example_short_circuit_decorator.py
[2024-11-12T14:09:09.912+0000] {logging_mixin.py:188} INFO - [2024-11-12T14:09:09.908+0000] {dag.py:3089} INFO - Sync 1 DAGs
[2024-11-12T14:09:11.060+0000] {logging_mixin.py:188} INFO - [2024-11-12T14:09:11.029+0000] {dag.py:3947} INFO - Setting next_dagrun for example_short_circuit_decorator to 2024-11-11 00:00:00+00:00, run_after=2024-11-12 00:00:00+00:00
[2024-11-12T14:09:18.915+0000] {processor.py:183} INFO - Processing /home/airflow/.local/lib/python3.12/site-packages/airflow/example_dags/example_short_circuit_decorator.py took 13.207 seconds
