[2024-11-12T11:21:03.632+0000] {processor.py:161} INFO - Started process (PID=38) to work on /home/airflow/.local/lib/python3.12/site-packages/airflow/example_dags/example_branch_labels.py
[2024-11-12T11:21:03.655+0000] {processor.py:830} INFO - Processing file /home/airflow/.local/lib/python3.12/site-packages/airflow/example_dags/example_branch_labels.py for tasks to queue
[2024-11-12T11:21:03.712+0000] {logging_mixin.py:188} INFO - [2024-11-12T11:21:03.709+0000] {dagbag.py:545} INFO - Filling up the DagBag from /home/airflow/.local/lib/python3.12/site-packages/airflow/example_dags/example_branch_labels.py
[2024-11-12T11:21:04.155+0000] {processor.py:840} INFO - DAG(s) 'example_branch_labels' retrieved from /home/airflow/.local/lib/python3.12/site-packages/airflow/example_dags/example_branch_labels.py
[2024-11-12T11:21:04.530+0000] {logging_mixin.py:188} INFO - [2024-11-12T11:21:04.529+0000] {dag.py:3089} INFO - Sync 1 DAGs
[2024-11-12T11:21:04.961+0000] {logging_mixin.py:188} INFO - [2024-11-12T11:21:04.960+0000] {dag.py:3947} INFO - Setting next_dagrun for example_branch_labels to 2024-11-11 00:00:00+00:00, run_after=2024-11-12 00:00:00+00:00
[2024-11-12T11:21:08.902+0000] {processor.py:183} INFO - Processing /home/airflow/.local/lib/python3.12/site-packages/airflow/example_dags/example_branch_labels.py took 5.334 seconds
[2024-11-12T11:21:59.405+0000] {processor.py:161} INFO - Started process (PID=104) to work on /home/airflow/.local/lib/python3.12/site-packages/airflow/example_dags/example_branch_labels.py
[2024-11-12T11:21:59.406+0000] {processor.py:830} INFO - Processing file /home/airflow/.local/lib/python3.12/site-packages/airflow/example_dags/example_branch_labels.py for tasks to queue
[2024-11-12T11:21:59.409+0000] {logging_mixin.py:188} INFO - [2024-11-12T11:21:59.408+0000] {dagbag.py:545} INFO - Filling up the DagBag from /home/airflow/.local/lib/python3.12/site-packages/airflow/example_dags/example_branch_labels.py
[2024-11-12T11:21:59.425+0000] {processor.py:840} INFO - DAG(s) 'example_branch_labels' retrieved from /home/airflow/.local/lib/python3.12/site-packages/airflow/example_dags/example_branch_labels.py
[2024-11-12T11:21:59.460+0000] {logging_mixin.py:188} INFO - [2024-11-12T11:21:59.460+0000] {dag.py:3089} INFO - Sync 1 DAGs
[2024-11-12T11:21:59.502+0000] {logging_mixin.py:188} INFO - [2024-11-12T11:21:59.502+0000] {dag.py:3947} INFO - Setting next_dagrun for example_branch_labels to 2024-11-11 00:00:00+00:00, run_after=2024-11-12 00:00:00+00:00
[2024-11-12T11:21:59.534+0000] {processor.py:183} INFO - Processing /home/airflow/.local/lib/python3.12/site-packages/airflow/example_dags/example_branch_labels.py took 0.140 seconds
[2024-11-12T11:22:32.835+0000] {processor.py:161} INFO - Started process (PID=162) to work on /home/airflow/.local/lib/python3.12/site-packages/airflow/example_dags/example_branch_labels.py
[2024-11-12T11:22:32.837+0000] {processor.py:830} INFO - Processing file /home/airflow/.local/lib/python3.12/site-packages/airflow/example_dags/example_branch_labels.py for tasks to queue
[2024-11-12T11:22:32.843+0000] {logging_mixin.py:188} INFO - [2024-11-12T11:22:32.842+0000] {dagbag.py:545} INFO - Filling up the DagBag from /home/airflow/.local/lib/python3.12/site-packages/airflow/example_dags/example_branch_labels.py
[2024-11-12T11:22:32.874+0000] {processor.py:840} INFO - DAG(s) 'example_branch_labels' retrieved from /home/airflow/.local/lib/python3.12/site-packages/airflow/example_dags/example_branch_labels.py
[2024-11-12T11:22:32.930+0000] {logging_mixin.py:188} INFO - [2024-11-12T11:22:32.930+0000] {dag.py:3089} INFO - Sync 1 DAGs
[2024-11-12T11:22:32.982+0000] {logging_mixin.py:188} INFO - [2024-11-12T11:22:32.981+0000] {dag.py:3947} INFO - Setting next_dagrun for example_branch_labels to 2024-11-11 00:00:00+00:00, run_after=2024-11-12 00:00:00+00:00
[2024-11-12T11:22:33.033+0000] {processor.py:183} INFO - Processing /home/airflow/.local/lib/python3.12/site-packages/airflow/example_dags/example_branch_labels.py took 0.210 seconds
[2024-11-12T11:23:03.961+0000] {processor.py:161} INFO - Started process (PID=222) to work on /home/airflow/.local/lib/python3.12/site-packages/airflow/example_dags/example_branch_labels.py
[2024-11-12T11:23:03.963+0000] {processor.py:830} INFO - Processing file /home/airflow/.local/lib/python3.12/site-packages/airflow/example_dags/example_branch_labels.py for tasks to queue
[2024-11-12T11:23:03.967+0000] {logging_mixin.py:188} INFO - [2024-11-12T11:23:03.966+0000] {dagbag.py:545} INFO - Filling up the DagBag from /home/airflow/.local/lib/python3.12/site-packages/airflow/example_dags/example_branch_labels.py
[2024-11-12T11:23:03.990+0000] {processor.py:840} INFO - DAG(s) 'example_branch_labels' retrieved from /home/airflow/.local/lib/python3.12/site-packages/airflow/example_dags/example_branch_labels.py
[2024-11-12T11:23:04.090+0000] {logging_mixin.py:188} INFO - [2024-11-12T11:23:04.089+0000] {dag.py:3089} INFO - Sync 1 DAGs
[2024-11-12T11:23:04.193+0000] {logging_mixin.py:188} INFO - [2024-11-12T11:23:04.192+0000] {dag.py:3947} INFO - Setting next_dagrun for example_branch_labels to 2024-11-11 00:00:00+00:00, run_after=2024-11-12 00:00:00+00:00
[2024-11-12T11:23:04.270+0000] {processor.py:183} INFO - Processing /home/airflow/.local/lib/python3.12/site-packages/airflow/example_dags/example_branch_labels.py took 0.325 seconds
[2024-11-12T11:23:35.392+0000] {processor.py:161} INFO - Started process (PID=281) to work on /home/airflow/.local/lib/python3.12/site-packages/airflow/example_dags/example_branch_labels.py
[2024-11-12T11:23:35.395+0000] {processor.py:830} INFO - Processing file /home/airflow/.local/lib/python3.12/site-packages/airflow/example_dags/example_branch_labels.py for tasks to queue
[2024-11-12T11:23:35.400+0000] {logging_mixin.py:188} INFO - [2024-11-12T11:23:35.398+0000] {dagbag.py:545} INFO - Filling up the DagBag from /home/airflow/.local/lib/python3.12/site-packages/airflow/example_dags/example_branch_labels.py
[2024-11-12T11:23:35.425+0000] {processor.py:840} INFO - DAG(s) 'example_branch_labels' retrieved from /home/airflow/.local/lib/python3.12/site-packages/airflow/example_dags/example_branch_labels.py
[2024-11-12T11:23:35.509+0000] {logging_mixin.py:188} INFO - [2024-11-12T11:23:35.509+0000] {dag.py:3089} INFO - Sync 1 DAGs
[2024-11-12T11:23:35.573+0000] {logging_mixin.py:188} INFO - [2024-11-12T11:23:35.573+0000] {dag.py:3947} INFO - Setting next_dagrun for example_branch_labels to 2024-11-11 00:00:00+00:00, run_after=2024-11-12 00:00:00+00:00
[2024-11-12T11:23:35.654+0000] {processor.py:183} INFO - Processing /home/airflow/.local/lib/python3.12/site-packages/airflow/example_dags/example_branch_labels.py took 0.276 seconds
[2024-11-12T11:27:11.458+0000] {processor.py:161} INFO - Started process (PID=38) to work on /home/airflow/.local/lib/python3.12/site-packages/airflow/example_dags/example_branch_labels.py
[2024-11-12T11:27:11.513+0000] {processor.py:830} INFO - Processing file /home/airflow/.local/lib/python3.12/site-packages/airflow/example_dags/example_branch_labels.py for tasks to queue
[2024-11-12T11:27:11.527+0000] {logging_mixin.py:188} INFO - [2024-11-12T11:27:11.527+0000] {dagbag.py:545} INFO - Filling up the DagBag from /home/airflow/.local/lib/python3.12/site-packages/airflow/example_dags/example_branch_labels.py
[2024-11-12T11:27:11.611+0000] {processor.py:840} INFO - DAG(s) 'example_branch_labels' retrieved from /home/airflow/.local/lib/python3.12/site-packages/airflow/example_dags/example_branch_labels.py
[2024-11-12T11:27:12.279+0000] {logging_mixin.py:188} INFO - [2024-11-12T11:27:12.279+0000] {dag.py:3089} INFO - Sync 1 DAGs
[2024-11-12T11:27:12.649+0000] {logging_mixin.py:188} INFO - [2024-11-12T11:27:12.648+0000] {dag.py:3947} INFO - Setting next_dagrun for example_branch_labels to 2024-11-11 00:00:00+00:00, run_after=2024-11-12 00:00:00+00:00
[2024-11-12T11:27:13.130+0000] {processor.py:183} INFO - Processing /home/airflow/.local/lib/python3.12/site-packages/airflow/example_dags/example_branch_labels.py took 1.759 seconds
[2024-11-12T11:28:03.746+0000] {processor.py:161} INFO - Started process (PID=104) to work on /home/airflow/.local/lib/python3.12/site-packages/airflow/example_dags/example_branch_labels.py
[2024-11-12T11:28:03.748+0000] {processor.py:830} INFO - Processing file /home/airflow/.local/lib/python3.12/site-packages/airflow/example_dags/example_branch_labels.py for tasks to queue
[2024-11-12T11:28:03.754+0000] {logging_mixin.py:188} INFO - [2024-11-12T11:28:03.753+0000] {dagbag.py:545} INFO - Filling up the DagBag from /home/airflow/.local/lib/python3.12/site-packages/airflow/example_dags/example_branch_labels.py
[2024-11-12T11:28:03.777+0000] {processor.py:840} INFO - DAG(s) 'example_branch_labels' retrieved from /home/airflow/.local/lib/python3.12/site-packages/airflow/example_dags/example_branch_labels.py
[2024-11-12T11:28:03.836+0000] {logging_mixin.py:188} INFO - [2024-11-12T11:28:03.836+0000] {dag.py:3089} INFO - Sync 1 DAGs
[2024-11-12T11:28:03.895+0000] {logging_mixin.py:188} INFO - [2024-11-12T11:28:03.895+0000] {dag.py:3947} INFO - Setting next_dagrun for example_branch_labels to 2024-11-11 00:00:00+00:00, run_after=2024-11-12 00:00:00+00:00
[2024-11-12T11:28:03.940+0000] {processor.py:183} INFO - Processing /home/airflow/.local/lib/python3.12/site-packages/airflow/example_dags/example_branch_labels.py took 0.212 seconds
[2024-11-12T11:28:35.439+0000] {processor.py:161} INFO - Started process (PID=164) to work on /home/airflow/.local/lib/python3.12/site-packages/airflow/example_dags/example_branch_labels.py
[2024-11-12T11:28:35.441+0000] {processor.py:830} INFO - Processing file /home/airflow/.local/lib/python3.12/site-packages/airflow/example_dags/example_branch_labels.py for tasks to queue
[2024-11-12T11:28:35.444+0000] {logging_mixin.py:188} INFO - [2024-11-12T11:28:35.444+0000] {dagbag.py:545} INFO - Filling up the DagBag from /home/airflow/.local/lib/python3.12/site-packages/airflow/example_dags/example_branch_labels.py
[2024-11-12T11:28:35.460+0000] {processor.py:840} INFO - DAG(s) 'example_branch_labels' retrieved from /home/airflow/.local/lib/python3.12/site-packages/airflow/example_dags/example_branch_labels.py
[2024-11-12T11:28:35.510+0000] {logging_mixin.py:188} INFO - [2024-11-12T11:28:35.510+0000] {dag.py:3089} INFO - Sync 1 DAGs
[2024-11-12T11:28:35.574+0000] {logging_mixin.py:188} INFO - [2024-11-12T11:28:35.573+0000] {dag.py:3947} INFO - Setting next_dagrun for example_branch_labels to 2024-11-11 00:00:00+00:00, run_after=2024-11-12 00:00:00+00:00
[2024-11-12T11:28:35.636+0000] {processor.py:183} INFO - Processing /home/airflow/.local/lib/python3.12/site-packages/airflow/example_dags/example_branch_labels.py took 0.210 seconds
[2024-11-12T11:29:05.954+0000] {processor.py:161} INFO - Started process (PID=222) to work on /home/airflow/.local/lib/python3.12/site-packages/airflow/example_dags/example_branch_labels.py
[2024-11-12T11:29:05.956+0000] {processor.py:830} INFO - Processing file /home/airflow/.local/lib/python3.12/site-packages/airflow/example_dags/example_branch_labels.py for tasks to queue
[2024-11-12T11:29:05.959+0000] {logging_mixin.py:188} INFO - [2024-11-12T11:29:05.958+0000] {dagbag.py:545} INFO - Filling up the DagBag from /home/airflow/.local/lib/python3.12/site-packages/airflow/example_dags/example_branch_labels.py
[2024-11-12T11:29:05.983+0000] {processor.py:840} INFO - DAG(s) 'example_branch_labels' retrieved from /home/airflow/.local/lib/python3.12/site-packages/airflow/example_dags/example_branch_labels.py
[2024-11-12T11:29:06.076+0000] {logging_mixin.py:188} INFO - [2024-11-12T11:29:06.076+0000] {dag.py:3089} INFO - Sync 1 DAGs
[2024-11-12T11:29:06.149+0000] {logging_mixin.py:188} INFO - [2024-11-12T11:29:06.149+0000] {dag.py:3947} INFO - Setting next_dagrun for example_branch_labels to 2024-11-11 00:00:00+00:00, run_after=2024-11-12 00:00:00+00:00
[2024-11-12T11:29:06.194+0000] {processor.py:183} INFO - Processing /home/airflow/.local/lib/python3.12/site-packages/airflow/example_dags/example_branch_labels.py took 0.251 seconds
[2024-11-12T11:29:39.400+0000] {processor.py:161} INFO - Started process (PID=280) to work on /home/airflow/.local/lib/python3.12/site-packages/airflow/example_dags/example_branch_labels.py
[2024-11-12T11:29:39.471+0000] {processor.py:830} INFO - Processing file /home/airflow/.local/lib/python3.12/site-packages/airflow/example_dags/example_branch_labels.py for tasks to queue
[2024-11-12T11:29:40.062+0000] {logging_mixin.py:188} INFO - [2024-11-12T11:29:40.061+0000] {dagbag.py:545} INFO - Filling up the DagBag from /home/airflow/.local/lib/python3.12/site-packages/airflow/example_dags/example_branch_labels.py
[2024-11-12T11:29:40.147+0000] {processor.py:840} INFO - DAG(s) 'example_branch_labels' retrieved from /home/airflow/.local/lib/python3.12/site-packages/airflow/example_dags/example_branch_labels.py
[2024-11-12T11:29:40.189+0000] {logging_mixin.py:188} INFO - [2024-11-12T11:29:40.188+0000] {dag.py:3089} INFO - Sync 1 DAGs
[2024-11-12T11:29:40.267+0000] {logging_mixin.py:188} INFO - [2024-11-12T11:29:40.267+0000] {dag.py:3947} INFO - Setting next_dagrun for example_branch_labels to 2024-11-11 00:00:00+00:00, run_after=2024-11-12 00:00:00+00:00
[2024-11-12T11:29:40.376+0000] {processor.py:183} INFO - Processing /home/airflow/.local/lib/python3.12/site-packages/airflow/example_dags/example_branch_labels.py took 1.009 seconds
[2024-11-12T11:30:28.575+0000] {processor.py:161} INFO - Started process (PID=332) to work on /home/airflow/.local/lib/python3.12/site-packages/airflow/example_dags/example_branch_labels.py
[2024-11-12T11:30:28.578+0000] {processor.py:830} INFO - Processing file /home/airflow/.local/lib/python3.12/site-packages/airflow/example_dags/example_branch_labels.py for tasks to queue
[2024-11-12T11:30:28.583+0000] {logging_mixin.py:188} INFO - [2024-11-12T11:30:28.582+0000] {dagbag.py:545} INFO - Filling up the DagBag from /home/airflow/.local/lib/python3.12/site-packages/airflow/example_dags/example_branch_labels.py
[2024-11-12T11:30:28.641+0000] {processor.py:840} INFO - DAG(s) 'example_branch_labels' retrieved from /home/airflow/.local/lib/python3.12/site-packages/airflow/example_dags/example_branch_labels.py
[2024-11-12T11:30:29.052+0000] {logging_mixin.py:188} INFO - [2024-11-12T11:30:29.051+0000] {dag.py:3089} INFO - Sync 1 DAGs
[2024-11-12T11:30:29.643+0000] {logging_mixin.py:188} INFO - [2024-11-12T11:30:29.643+0000] {dag.py:3947} INFO - Setting next_dagrun for example_branch_labels to 2024-11-11 00:00:00+00:00, run_after=2024-11-12 00:00:00+00:00
[2024-11-12T11:30:29.883+0000] {processor.py:183} INFO - Processing /home/airflow/.local/lib/python3.12/site-packages/airflow/example_dags/example_branch_labels.py took 1.363 seconds
[2024-11-12T11:31:00.696+0000] {processor.py:161} INFO - Started process (PID=391) to work on /home/airflow/.local/lib/python3.12/site-packages/airflow/example_dags/example_branch_labels.py
[2024-11-12T11:31:00.701+0000] {processor.py:830} INFO - Processing file /home/airflow/.local/lib/python3.12/site-packages/airflow/example_dags/example_branch_labels.py for tasks to queue
[2024-11-12T11:31:00.706+0000] {logging_mixin.py:188} INFO - [2024-11-12T11:31:00.705+0000] {dagbag.py:545} INFO - Filling up the DagBag from /home/airflow/.local/lib/python3.12/site-packages/airflow/example_dags/example_branch_labels.py
[2024-11-12T11:31:00.778+0000] {processor.py:840} INFO - DAG(s) 'example_branch_labels' retrieved from /home/airflow/.local/lib/python3.12/site-packages/airflow/example_dags/example_branch_labels.py
[2024-11-12T11:31:00.868+0000] {logging_mixin.py:188} INFO - [2024-11-12T11:31:00.866+0000] {dag.py:3089} INFO - Sync 1 DAGs
[2024-11-12T11:31:01.045+0000] {logging_mixin.py:188} INFO - [2024-11-12T11:31:01.044+0000] {dag.py:3947} INFO - Setting next_dagrun for example_branch_labels to 2024-11-11 00:00:00+00:00, run_after=2024-11-12 00:00:00+00:00
[2024-11-12T11:31:01.222+0000] {processor.py:183} INFO - Processing /home/airflow/.local/lib/python3.12/site-packages/airflow/example_dags/example_branch_labels.py took 0.551 seconds
[2024-11-12T11:31:31.313+0000] {processor.py:161} INFO - Started process (PID=451) to work on /home/airflow/.local/lib/python3.12/site-packages/airflow/example_dags/example_branch_labels.py
[2024-11-12T11:31:31.315+0000] {processor.py:830} INFO - Processing file /home/airflow/.local/lib/python3.12/site-packages/airflow/example_dags/example_branch_labels.py for tasks to queue
[2024-11-12T11:31:31.321+0000] {logging_mixin.py:188} INFO - [2024-11-12T11:31:31.320+0000] {dagbag.py:545} INFO - Filling up the DagBag from /home/airflow/.local/lib/python3.12/site-packages/airflow/example_dags/example_branch_labels.py
[2024-11-12T11:31:31.346+0000] {processor.py:840} INFO - DAG(s) 'example_branch_labels' retrieved from /home/airflow/.local/lib/python3.12/site-packages/airflow/example_dags/example_branch_labels.py
[2024-11-12T11:31:31.513+0000] {logging_mixin.py:188} INFO - [2024-11-12T11:31:31.513+0000] {dag.py:3089} INFO - Sync 1 DAGs
[2024-11-12T11:31:31.649+0000] {logging_mixin.py:188} INFO - [2024-11-12T11:31:31.648+0000] {dag.py:3947} INFO - Setting next_dagrun for example_branch_labels to 2024-11-11 00:00:00+00:00, run_after=2024-11-12 00:00:00+00:00
[2024-11-12T11:31:31.710+0000] {processor.py:183} INFO - Processing /home/airflow/.local/lib/python3.12/site-packages/airflow/example_dags/example_branch_labels.py took 0.416 seconds
[2024-11-12T11:32:01.964+0000] {processor.py:161} INFO - Started process (PID=510) to work on /home/airflow/.local/lib/python3.12/site-packages/airflow/example_dags/example_branch_labels.py
[2024-11-12T11:32:01.968+0000] {processor.py:830} INFO - Processing file /home/airflow/.local/lib/python3.12/site-packages/airflow/example_dags/example_branch_labels.py for tasks to queue
[2024-11-12T11:32:01.974+0000] {logging_mixin.py:188} INFO - [2024-11-12T11:32:01.973+0000] {dagbag.py:545} INFO - Filling up the DagBag from /home/airflow/.local/lib/python3.12/site-packages/airflow/example_dags/example_branch_labels.py
[2024-11-12T11:32:02.013+0000] {processor.py:840} INFO - DAG(s) 'example_branch_labels' retrieved from /home/airflow/.local/lib/python3.12/site-packages/airflow/example_dags/example_branch_labels.py
[2024-11-12T11:32:02.134+0000] {logging_mixin.py:188} INFO - [2024-11-12T11:32:02.134+0000] {dag.py:3089} INFO - Sync 1 DAGs
[2024-11-12T11:32:02.248+0000] {logging_mixin.py:188} INFO - [2024-11-12T11:32:02.245+0000] {dag.py:3947} INFO - Setting next_dagrun for example_branch_labels to 2024-11-11 00:00:00+00:00, run_after=2024-11-12 00:00:00+00:00
[2024-11-12T11:32:02.396+0000] {processor.py:183} INFO - Processing /home/airflow/.local/lib/python3.12/site-packages/airflow/example_dags/example_branch_labels.py took 0.450 seconds
[2024-11-12T11:32:33.274+0000] {processor.py:161} INFO - Started process (PID=571) to work on /home/airflow/.local/lib/python3.12/site-packages/airflow/example_dags/example_branch_labels.py
[2024-11-12T11:32:33.277+0000] {processor.py:830} INFO - Processing file /home/airflow/.local/lib/python3.12/site-packages/airflow/example_dags/example_branch_labels.py for tasks to queue
[2024-11-12T11:32:33.282+0000] {logging_mixin.py:188} INFO - [2024-11-12T11:32:33.281+0000] {dagbag.py:545} INFO - Filling up the DagBag from /home/airflow/.local/lib/python3.12/site-packages/airflow/example_dags/example_branch_labels.py
[2024-11-12T11:32:33.303+0000] {processor.py:840} INFO - DAG(s) 'example_branch_labels' retrieved from /home/airflow/.local/lib/python3.12/site-packages/airflow/example_dags/example_branch_labels.py
[2024-11-12T11:32:33.366+0000] {logging_mixin.py:188} INFO - [2024-11-12T11:32:33.366+0000] {dag.py:3089} INFO - Sync 1 DAGs
[2024-11-12T11:32:33.436+0000] {logging_mixin.py:188} INFO - [2024-11-12T11:32:33.436+0000] {dag.py:3947} INFO - Setting next_dagrun for example_branch_labels to 2024-11-11 00:00:00+00:00, run_after=2024-11-12 00:00:00+00:00
[2024-11-12T11:32:33.482+0000] {processor.py:183} INFO - Processing /home/airflow/.local/lib/python3.12/site-packages/airflow/example_dags/example_branch_labels.py took 0.222 seconds
[2024-11-12T11:33:03.616+0000] {processor.py:161} INFO - Started process (PID=630) to work on /home/airflow/.local/lib/python3.12/site-packages/airflow/example_dags/example_branch_labels.py
[2024-11-12T11:33:03.618+0000] {processor.py:830} INFO - Processing file /home/airflow/.local/lib/python3.12/site-packages/airflow/example_dags/example_branch_labels.py for tasks to queue
[2024-11-12T11:33:03.622+0000] {logging_mixin.py:188} INFO - [2024-11-12T11:33:03.621+0000] {dagbag.py:545} INFO - Filling up the DagBag from /home/airflow/.local/lib/python3.12/site-packages/airflow/example_dags/example_branch_labels.py
[2024-11-12T11:33:03.643+0000] {processor.py:840} INFO - DAG(s) 'example_branch_labels' retrieved from /home/airflow/.local/lib/python3.12/site-packages/airflow/example_dags/example_branch_labels.py
[2024-11-12T11:33:03.701+0000] {logging_mixin.py:188} INFO - [2024-11-12T11:33:03.701+0000] {dag.py:3089} INFO - Sync 1 DAGs
[2024-11-12T11:33:03.772+0000] {logging_mixin.py:188} INFO - [2024-11-12T11:33:03.771+0000] {dag.py:3947} INFO - Setting next_dagrun for example_branch_labels to 2024-11-11 00:00:00+00:00, run_after=2024-11-12 00:00:00+00:00
[2024-11-12T11:33:03.898+0000] {processor.py:183} INFO - Processing /home/airflow/.local/lib/python3.12/site-packages/airflow/example_dags/example_branch_labels.py took 0.293 seconds
[2024-11-12T11:33:34.640+0000] {processor.py:161} INFO - Started process (PID=692) to work on /home/airflow/.local/lib/python3.12/site-packages/airflow/example_dags/example_branch_labels.py
[2024-11-12T11:33:34.642+0000] {processor.py:830} INFO - Processing file /home/airflow/.local/lib/python3.12/site-packages/airflow/example_dags/example_branch_labels.py for tasks to queue
[2024-11-12T11:33:34.645+0000] {logging_mixin.py:188} INFO - [2024-11-12T11:33:34.645+0000] {dagbag.py:545} INFO - Filling up the DagBag from /home/airflow/.local/lib/python3.12/site-packages/airflow/example_dags/example_branch_labels.py
[2024-11-12T11:33:34.660+0000] {processor.py:840} INFO - DAG(s) 'example_branch_labels' retrieved from /home/airflow/.local/lib/python3.12/site-packages/airflow/example_dags/example_branch_labels.py
[2024-11-12T11:33:34.707+0000] {logging_mixin.py:188} INFO - [2024-11-12T11:33:34.706+0000] {dag.py:3089} INFO - Sync 1 DAGs
[2024-11-12T11:33:34.748+0000] {logging_mixin.py:188} INFO - [2024-11-12T11:33:34.748+0000] {dag.py:3947} INFO - Setting next_dagrun for example_branch_labels to 2024-11-11 00:00:00+00:00, run_after=2024-11-12 00:00:00+00:00
[2024-11-12T11:33:34.784+0000] {processor.py:183} INFO - Processing /home/airflow/.local/lib/python3.12/site-packages/airflow/example_dags/example_branch_labels.py took 0.156 seconds
[2024-11-12T11:34:05.757+0000] {processor.py:161} INFO - Started process (PID=752) to work on /home/airflow/.local/lib/python3.12/site-packages/airflow/example_dags/example_branch_labels.py
[2024-11-12T11:34:05.759+0000] {processor.py:830} INFO - Processing file /home/airflow/.local/lib/python3.12/site-packages/airflow/example_dags/example_branch_labels.py for tasks to queue
[2024-11-12T11:34:05.763+0000] {logging_mixin.py:188} INFO - [2024-11-12T11:34:05.762+0000] {dagbag.py:545} INFO - Filling up the DagBag from /home/airflow/.local/lib/python3.12/site-packages/airflow/example_dags/example_branch_labels.py
[2024-11-12T11:34:05.778+0000] {processor.py:840} INFO - DAG(s) 'example_branch_labels' retrieved from /home/airflow/.local/lib/python3.12/site-packages/airflow/example_dags/example_branch_labels.py
[2024-11-12T11:34:05.825+0000] {logging_mixin.py:188} INFO - [2024-11-12T11:34:05.825+0000] {dag.py:3089} INFO - Sync 1 DAGs
[2024-11-12T11:34:05.880+0000] {logging_mixin.py:188} INFO - [2024-11-12T11:34:05.879+0000] {dag.py:3947} INFO - Setting next_dagrun for example_branch_labels to 2024-11-11 00:00:00+00:00, run_after=2024-11-12 00:00:00+00:00
[2024-11-12T11:34:05.920+0000] {processor.py:183} INFO - Processing /home/airflow/.local/lib/python3.12/site-packages/airflow/example_dags/example_branch_labels.py took 0.177 seconds
[2024-11-12T11:34:36.144+0000] {processor.py:161} INFO - Started process (PID=810) to work on /home/airflow/.local/lib/python3.12/site-packages/airflow/example_dags/example_branch_labels.py
[2024-11-12T11:34:36.146+0000] {processor.py:830} INFO - Processing file /home/airflow/.local/lib/python3.12/site-packages/airflow/example_dags/example_branch_labels.py for tasks to queue
[2024-11-12T11:34:36.149+0000] {logging_mixin.py:188} INFO - [2024-11-12T11:34:36.148+0000] {dagbag.py:545} INFO - Filling up the DagBag from /home/airflow/.local/lib/python3.12/site-packages/airflow/example_dags/example_branch_labels.py
[2024-11-12T11:34:36.164+0000] {processor.py:840} INFO - DAG(s) 'example_branch_labels' retrieved from /home/airflow/.local/lib/python3.12/site-packages/airflow/example_dags/example_branch_labels.py
[2024-11-12T11:34:36.202+0000] {logging_mixin.py:188} INFO - [2024-11-12T11:34:36.202+0000] {dag.py:3089} INFO - Sync 1 DAGs
[2024-11-12T11:34:36.249+0000] {logging_mixin.py:188} INFO - [2024-11-12T11:34:36.249+0000] {dag.py:3947} INFO - Setting next_dagrun for example_branch_labels to 2024-11-11 00:00:00+00:00, run_after=2024-11-12 00:00:00+00:00
[2024-11-12T11:34:36.285+0000] {processor.py:183} INFO - Processing /home/airflow/.local/lib/python3.12/site-packages/airflow/example_dags/example_branch_labels.py took 0.155 seconds
[2024-11-12T11:35:06.675+0000] {processor.py:161} INFO - Started process (PID=868) to work on /home/airflow/.local/lib/python3.12/site-packages/airflow/example_dags/example_branch_labels.py
[2024-11-12T11:35:06.678+0000] {processor.py:830} INFO - Processing file /home/airflow/.local/lib/python3.12/site-packages/airflow/example_dags/example_branch_labels.py for tasks to queue
[2024-11-12T11:35:06.682+0000] {logging_mixin.py:188} INFO - [2024-11-12T11:35:06.681+0000] {dagbag.py:545} INFO - Filling up the DagBag from /home/airflow/.local/lib/python3.12/site-packages/airflow/example_dags/example_branch_labels.py
[2024-11-12T11:35:06.701+0000] {processor.py:840} INFO - DAG(s) 'example_branch_labels' retrieved from /home/airflow/.local/lib/python3.12/site-packages/airflow/example_dags/example_branch_labels.py
[2024-11-12T11:35:06.767+0000] {logging_mixin.py:188} INFO - [2024-11-12T11:35:06.767+0000] {dag.py:3089} INFO - Sync 1 DAGs
[2024-11-12T11:35:06.823+0000] {logging_mixin.py:188} INFO - [2024-11-12T11:35:06.823+0000] {dag.py:3947} INFO - Setting next_dagrun for example_branch_labels to 2024-11-11 00:00:00+00:00, run_after=2024-11-12 00:00:00+00:00
[2024-11-12T11:35:06.862+0000] {processor.py:183} INFO - Processing /home/airflow/.local/lib/python3.12/site-packages/airflow/example_dags/example_branch_labels.py took 0.200 seconds
[2024-11-12T11:35:37.389+0000] {processor.py:161} INFO - Started process (PID=928) to work on /home/airflow/.local/lib/python3.12/site-packages/airflow/example_dags/example_branch_labels.py
[2024-11-12T11:35:37.391+0000] {processor.py:830} INFO - Processing file /home/airflow/.local/lib/python3.12/site-packages/airflow/example_dags/example_branch_labels.py for tasks to queue
[2024-11-12T11:35:37.396+0000] {logging_mixin.py:188} INFO - [2024-11-12T11:35:37.395+0000] {dagbag.py:545} INFO - Filling up the DagBag from /home/airflow/.local/lib/python3.12/site-packages/airflow/example_dags/example_branch_labels.py
[2024-11-12T11:35:37.412+0000] {processor.py:840} INFO - DAG(s) 'example_branch_labels' retrieved from /home/airflow/.local/lib/python3.12/site-packages/airflow/example_dags/example_branch_labels.py
[2024-11-12T11:35:37.469+0000] {logging_mixin.py:188} INFO - [2024-11-12T11:35:37.468+0000] {dag.py:3089} INFO - Sync 1 DAGs
[2024-11-12T11:35:37.514+0000] {logging_mixin.py:188} INFO - [2024-11-12T11:35:37.513+0000] {dag.py:3947} INFO - Setting next_dagrun for example_branch_labels to 2024-11-11 00:00:00+00:00, run_after=2024-11-12 00:00:00+00:00
[2024-11-12T11:35:37.551+0000] {processor.py:183} INFO - Processing /home/airflow/.local/lib/python3.12/site-packages/airflow/example_dags/example_branch_labels.py took 0.177 seconds
[2024-11-12T11:36:08.424+0000] {processor.py:161} INFO - Started process (PID=988) to work on /home/airflow/.local/lib/python3.12/site-packages/airflow/example_dags/example_branch_labels.py
[2024-11-12T11:36:08.426+0000] {processor.py:830} INFO - Processing file /home/airflow/.local/lib/python3.12/site-packages/airflow/example_dags/example_branch_labels.py for tasks to queue
[2024-11-12T11:36:08.431+0000] {logging_mixin.py:188} INFO - [2024-11-12T11:36:08.430+0000] {dagbag.py:545} INFO - Filling up the DagBag from /home/airflow/.local/lib/python3.12/site-packages/airflow/example_dags/example_branch_labels.py
[2024-11-12T11:36:08.449+0000] {processor.py:840} INFO - DAG(s) 'example_branch_labels' retrieved from /home/airflow/.local/lib/python3.12/site-packages/airflow/example_dags/example_branch_labels.py
[2024-11-12T11:36:08.499+0000] {logging_mixin.py:188} INFO - [2024-11-12T11:36:08.498+0000] {dag.py:3089} INFO - Sync 1 DAGs
[2024-11-12T11:36:08.567+0000] {logging_mixin.py:188} INFO - [2024-11-12T11:36:08.566+0000] {dag.py:3947} INFO - Setting next_dagrun for example_branch_labels to 2024-11-11 00:00:00+00:00, run_after=2024-11-12 00:00:00+00:00
[2024-11-12T11:36:08.604+0000] {processor.py:183} INFO - Processing /home/airflow/.local/lib/python3.12/site-packages/airflow/example_dags/example_branch_labels.py took 0.191 seconds
[2024-11-12T11:36:39.171+0000] {processor.py:161} INFO - Started process (PID=1047) to work on /home/airflow/.local/lib/python3.12/site-packages/airflow/example_dags/example_branch_labels.py
[2024-11-12T11:36:39.175+0000] {processor.py:830} INFO - Processing file /home/airflow/.local/lib/python3.12/site-packages/airflow/example_dags/example_branch_labels.py for tasks to queue
[2024-11-12T11:36:39.181+0000] {logging_mixin.py:188} INFO - [2024-11-12T11:36:39.180+0000] {dagbag.py:545} INFO - Filling up the DagBag from /home/airflow/.local/lib/python3.12/site-packages/airflow/example_dags/example_branch_labels.py
[2024-11-12T11:36:39.208+0000] {processor.py:840} INFO - DAG(s) 'example_branch_labels' retrieved from /home/airflow/.local/lib/python3.12/site-packages/airflow/example_dags/example_branch_labels.py
[2024-11-12T11:36:39.284+0000] {logging_mixin.py:188} INFO - [2024-11-12T11:36:39.283+0000] {dag.py:3089} INFO - Sync 1 DAGs
[2024-11-12T11:36:39.369+0000] {logging_mixin.py:188} INFO - [2024-11-12T11:36:39.368+0000] {dag.py:3947} INFO - Setting next_dagrun for example_branch_labels to 2024-11-11 00:00:00+00:00, run_after=2024-11-12 00:00:00+00:00
[2024-11-12T11:36:39.478+0000] {processor.py:183} INFO - Processing /home/airflow/.local/lib/python3.12/site-packages/airflow/example_dags/example_branch_labels.py took 0.327 seconds
[2024-11-12T11:37:10.132+0000] {processor.py:161} INFO - Started process (PID=1105) to work on /home/airflow/.local/lib/python3.12/site-packages/airflow/example_dags/example_branch_labels.py
[2024-11-12T11:37:10.152+0000] {processor.py:830} INFO - Processing file /home/airflow/.local/lib/python3.12/site-packages/airflow/example_dags/example_branch_labels.py for tasks to queue
[2024-11-12T11:37:10.167+0000] {logging_mixin.py:188} INFO - [2024-11-12T11:37:10.166+0000] {dagbag.py:545} INFO - Filling up the DagBag from /home/airflow/.local/lib/python3.12/site-packages/airflow/example_dags/example_branch_labels.py
[2024-11-12T11:37:10.219+0000] {processor.py:840} INFO - DAG(s) 'example_branch_labels' retrieved from /home/airflow/.local/lib/python3.12/site-packages/airflow/example_dags/example_branch_labels.py
[2024-11-12T11:37:10.341+0000] {logging_mixin.py:188} INFO - [2024-11-12T11:37:10.340+0000] {dag.py:3089} INFO - Sync 1 DAGs
[2024-11-12T11:37:10.464+0000] {logging_mixin.py:188} INFO - [2024-11-12T11:37:10.463+0000] {dag.py:3947} INFO - Setting next_dagrun for example_branch_labels to 2024-11-11 00:00:00+00:00, run_after=2024-11-12 00:00:00+00:00
[2024-11-12T11:37:10.520+0000] {processor.py:183} INFO - Processing /home/airflow/.local/lib/python3.12/site-packages/airflow/example_dags/example_branch_labels.py took 0.422 seconds
[2024-11-12T11:37:41.373+0000] {processor.py:161} INFO - Started process (PID=1164) to work on /home/airflow/.local/lib/python3.12/site-packages/airflow/example_dags/example_branch_labels.py
[2024-11-12T11:37:41.376+0000] {processor.py:830} INFO - Processing file /home/airflow/.local/lib/python3.12/site-packages/airflow/example_dags/example_branch_labels.py for tasks to queue
[2024-11-12T11:37:41.380+0000] {logging_mixin.py:188} INFO - [2024-11-12T11:37:41.379+0000] {dagbag.py:545} INFO - Filling up the DagBag from /home/airflow/.local/lib/python3.12/site-packages/airflow/example_dags/example_branch_labels.py
[2024-11-12T11:37:41.394+0000] {processor.py:840} INFO - DAG(s) 'example_branch_labels' retrieved from /home/airflow/.local/lib/python3.12/site-packages/airflow/example_dags/example_branch_labels.py
[2024-11-12T11:37:41.435+0000] {logging_mixin.py:188} INFO - [2024-11-12T11:37:41.435+0000] {dag.py:3089} INFO - Sync 1 DAGs
[2024-11-12T11:37:41.484+0000] {logging_mixin.py:188} INFO - [2024-11-12T11:37:41.484+0000] {dag.py:3947} INFO - Setting next_dagrun for example_branch_labels to 2024-11-11 00:00:00+00:00, run_after=2024-11-12 00:00:00+00:00
[2024-11-12T11:37:41.527+0000] {processor.py:183} INFO - Processing /home/airflow/.local/lib/python3.12/site-packages/airflow/example_dags/example_branch_labels.py took 0.167 seconds
[2024-11-12T11:38:11.740+0000] {processor.py:161} INFO - Started process (PID=1224) to work on /home/airflow/.local/lib/python3.12/site-packages/airflow/example_dags/example_branch_labels.py
[2024-11-12T11:38:11.742+0000] {processor.py:830} INFO - Processing file /home/airflow/.local/lib/python3.12/site-packages/airflow/example_dags/example_branch_labels.py for tasks to queue
[2024-11-12T11:38:11.747+0000] {logging_mixin.py:188} INFO - [2024-11-12T11:38:11.746+0000] {dagbag.py:545} INFO - Filling up the DagBag from /home/airflow/.local/lib/python3.12/site-packages/airflow/example_dags/example_branch_labels.py
[2024-11-12T11:38:11.773+0000] {processor.py:840} INFO - DAG(s) 'example_branch_labels' retrieved from /home/airflow/.local/lib/python3.12/site-packages/airflow/example_dags/example_branch_labels.py
[2024-11-12T11:38:11.826+0000] {logging_mixin.py:188} INFO - [2024-11-12T11:38:11.826+0000] {dag.py:3089} INFO - Sync 1 DAGs
[2024-11-12T11:38:11.870+0000] {logging_mixin.py:188} INFO - [2024-11-12T11:38:11.870+0000] {dag.py:3947} INFO - Setting next_dagrun for example_branch_labels to 2024-11-11 00:00:00+00:00, run_after=2024-11-12 00:00:00+00:00
[2024-11-12T11:38:11.908+0000] {processor.py:183} INFO - Processing /home/airflow/.local/lib/python3.12/site-packages/airflow/example_dags/example_branch_labels.py took 0.181 seconds
[2024-11-12T11:38:42.829+0000] {processor.py:161} INFO - Started process (PID=1283) to work on /home/airflow/.local/lib/python3.12/site-packages/airflow/example_dags/example_branch_labels.py
[2024-11-12T11:38:42.832+0000] {processor.py:830} INFO - Processing file /home/airflow/.local/lib/python3.12/site-packages/airflow/example_dags/example_branch_labels.py for tasks to queue
[2024-11-12T11:38:42.837+0000] {logging_mixin.py:188} INFO - [2024-11-12T11:38:42.836+0000] {dagbag.py:545} INFO - Filling up the DagBag from /home/airflow/.local/lib/python3.12/site-packages/airflow/example_dags/example_branch_labels.py
[2024-11-12T11:38:42.871+0000] {processor.py:840} INFO - DAG(s) 'example_branch_labels' retrieved from /home/airflow/.local/lib/python3.12/site-packages/airflow/example_dags/example_branch_labels.py
[2024-11-12T11:38:43.035+0000] {logging_mixin.py:188} INFO - [2024-11-12T11:38:43.032+0000] {dag.py:3089} INFO - Sync 1 DAGs
[2024-11-12T11:38:43.123+0000] {logging_mixin.py:188} INFO - [2024-11-12T11:38:43.123+0000] {dag.py:3947} INFO - Setting next_dagrun for example_branch_labels to 2024-11-11 00:00:00+00:00, run_after=2024-11-12 00:00:00+00:00
[2024-11-12T11:38:43.202+0000] {processor.py:183} INFO - Processing /home/airflow/.local/lib/python3.12/site-packages/airflow/example_dags/example_branch_labels.py took 0.392 seconds
[2024-11-12T11:39:13.714+0000] {processor.py:161} INFO - Started process (PID=1343) to work on /home/airflow/.local/lib/python3.12/site-packages/airflow/example_dags/example_branch_labels.py
[2024-11-12T11:39:13.716+0000] {processor.py:830} INFO - Processing file /home/airflow/.local/lib/python3.12/site-packages/airflow/example_dags/example_branch_labels.py for tasks to queue
[2024-11-12T11:39:13.721+0000] {logging_mixin.py:188} INFO - [2024-11-12T11:39:13.720+0000] {dagbag.py:545} INFO - Filling up the DagBag from /home/airflow/.local/lib/python3.12/site-packages/airflow/example_dags/example_branch_labels.py
[2024-11-12T11:39:13.747+0000] {processor.py:840} INFO - DAG(s) 'example_branch_labels' retrieved from /home/airflow/.local/lib/python3.12/site-packages/airflow/example_dags/example_branch_labels.py
[2024-11-12T11:39:13.796+0000] {logging_mixin.py:188} INFO - [2024-11-12T11:39:13.795+0000] {dag.py:3089} INFO - Sync 1 DAGs
[2024-11-12T11:39:13.842+0000] {logging_mixin.py:188} INFO - [2024-11-12T11:39:13.842+0000] {dag.py:3947} INFO - Setting next_dagrun for example_branch_labels to 2024-11-11 00:00:00+00:00, run_after=2024-11-12 00:00:00+00:00
[2024-11-12T11:39:13.910+0000] {processor.py:183} INFO - Processing /home/airflow/.local/lib/python3.12/site-packages/airflow/example_dags/example_branch_labels.py took 0.212 seconds
[2024-11-12T11:39:44.322+0000] {processor.py:161} INFO - Started process (PID=1403) to work on /home/airflow/.local/lib/python3.12/site-packages/airflow/example_dags/example_branch_labels.py
[2024-11-12T11:39:44.328+0000] {processor.py:830} INFO - Processing file /home/airflow/.local/lib/python3.12/site-packages/airflow/example_dags/example_branch_labels.py for tasks to queue
[2024-11-12T11:39:44.334+0000] {logging_mixin.py:188} INFO - [2024-11-12T11:39:44.333+0000] {dagbag.py:545} INFO - Filling up the DagBag from /home/airflow/.local/lib/python3.12/site-packages/airflow/example_dags/example_branch_labels.py
[2024-11-12T11:39:44.358+0000] {processor.py:840} INFO - DAG(s) 'example_branch_labels' retrieved from /home/airflow/.local/lib/python3.12/site-packages/airflow/example_dags/example_branch_labels.py
[2024-11-12T11:39:44.428+0000] {logging_mixin.py:188} INFO - [2024-11-12T11:39:44.426+0000] {dag.py:3089} INFO - Sync 1 DAGs
[2024-11-12T11:39:44.496+0000] {logging_mixin.py:188} INFO - [2024-11-12T11:39:44.495+0000] {dag.py:3947} INFO - Setting next_dagrun for example_branch_labels to 2024-11-11 00:00:00+00:00, run_after=2024-11-12 00:00:00+00:00
[2024-11-12T11:39:44.666+0000] {processor.py:183} INFO - Processing /home/airflow/.local/lib/python3.12/site-packages/airflow/example_dags/example_branch_labels.py took 0.370 seconds
[2024-11-12T11:40:14.967+0000] {processor.py:161} INFO - Started process (PID=1463) to work on /home/airflow/.local/lib/python3.12/site-packages/airflow/example_dags/example_branch_labels.py
[2024-11-12T11:40:14.969+0000] {processor.py:830} INFO - Processing file /home/airflow/.local/lib/python3.12/site-packages/airflow/example_dags/example_branch_labels.py for tasks to queue
[2024-11-12T11:40:14.972+0000] {logging_mixin.py:188} INFO - [2024-11-12T11:40:14.972+0000] {dagbag.py:545} INFO - Filling up the DagBag from /home/airflow/.local/lib/python3.12/site-packages/airflow/example_dags/example_branch_labels.py
[2024-11-12T11:40:14.986+0000] {processor.py:840} INFO - DAG(s) 'example_branch_labels' retrieved from /home/airflow/.local/lib/python3.12/site-packages/airflow/example_dags/example_branch_labels.py
[2024-11-12T11:40:15.022+0000] {logging_mixin.py:188} INFO - [2024-11-12T11:40:15.022+0000] {dag.py:3089} INFO - Sync 1 DAGs
[2024-11-12T11:40:15.057+0000] {logging_mixin.py:188} INFO - [2024-11-12T11:40:15.057+0000] {dag.py:3947} INFO - Setting next_dagrun for example_branch_labels to 2024-11-11 00:00:00+00:00, run_after=2024-11-12 00:00:00+00:00
[2024-11-12T11:40:15.088+0000] {processor.py:183} INFO - Processing /home/airflow/.local/lib/python3.12/site-packages/airflow/example_dags/example_branch_labels.py took 0.134 seconds
[2024-11-12T11:41:14.737+0000] {processor.py:161} INFO - Started process (PID=37) to work on /home/airflow/.local/lib/python3.12/site-packages/airflow/example_dags/example_branch_labels.py
[2024-11-12T11:41:14.740+0000] {processor.py:830} INFO - Processing file /home/airflow/.local/lib/python3.12/site-packages/airflow/example_dags/example_branch_labels.py for tasks to queue
[2024-11-12T11:41:14.744+0000] {logging_mixin.py:188} INFO - [2024-11-12T11:41:14.743+0000] {dagbag.py:545} INFO - Filling up the DagBag from /home/airflow/.local/lib/python3.12/site-packages/airflow/example_dags/example_branch_labels.py
[2024-11-12T11:41:14.787+0000] {processor.py:840} INFO - DAG(s) 'example_branch_labels' retrieved from /home/airflow/.local/lib/python3.12/site-packages/airflow/example_dags/example_branch_labels.py
[2024-11-12T11:41:14.885+0000] {logging_mixin.py:188} INFO - [2024-11-12T11:41:14.884+0000] {dag.py:3089} INFO - Sync 1 DAGs
[2024-11-12T11:41:14.952+0000] {logging_mixin.py:188} INFO - [2024-11-12T11:41:14.951+0000] {dag.py:3947} INFO - Setting next_dagrun for example_branch_labels to 2024-11-11 00:00:00+00:00, run_after=2024-11-12 00:00:00+00:00
[2024-11-12T11:41:15.013+0000] {processor.py:183} INFO - Processing /home/airflow/.local/lib/python3.12/site-packages/airflow/example_dags/example_branch_labels.py took 0.294 seconds
[2024-11-12T11:41:45.877+0000] {processor.py:161} INFO - Started process (PID=97) to work on /home/airflow/.local/lib/python3.12/site-packages/airflow/example_dags/example_branch_labels.py
[2024-11-12T11:41:45.894+0000] {processor.py:830} INFO - Processing file /home/airflow/.local/lib/python3.12/site-packages/airflow/example_dags/example_branch_labels.py for tasks to queue
[2024-11-12T11:41:45.897+0000] {logging_mixin.py:188} INFO - [2024-11-12T11:41:45.897+0000] {dagbag.py:545} INFO - Filling up the DagBag from /home/airflow/.local/lib/python3.12/site-packages/airflow/example_dags/example_branch_labels.py
[2024-11-12T11:41:46.101+0000] {processor.py:840} INFO - DAG(s) 'example_branch_labels' retrieved from /home/airflow/.local/lib/python3.12/site-packages/airflow/example_dags/example_branch_labels.py
[2024-11-12T11:41:46.292+0000] {logging_mixin.py:188} INFO - [2024-11-12T11:41:46.291+0000] {dag.py:3089} INFO - Sync 1 DAGs
[2024-11-12T11:41:46.465+0000] {logging_mixin.py:188} INFO - [2024-11-12T11:41:46.461+0000] {dag.py:3947} INFO - Setting next_dagrun for example_branch_labels to 2024-11-11 00:00:00+00:00, run_after=2024-11-12 00:00:00+00:00
[2024-11-12T11:41:46.597+0000] {processor.py:183} INFO - Processing /home/airflow/.local/lib/python3.12/site-packages/airflow/example_dags/example_branch_labels.py took 0.729 seconds
[2024-11-12T11:42:23.562+0000] {processor.py:161} INFO - Started process (PID=154) to work on /home/airflow/.local/lib/python3.12/site-packages/airflow/example_dags/example_branch_labels.py
[2024-11-12T11:42:23.565+0000] {processor.py:830} INFO - Processing file /home/airflow/.local/lib/python3.12/site-packages/airflow/example_dags/example_branch_labels.py for tasks to queue
[2024-11-12T11:42:23.579+0000] {logging_mixin.py:188} INFO - [2024-11-12T11:42:23.578+0000] {dagbag.py:545} INFO - Filling up the DagBag from /home/airflow/.local/lib/python3.12/site-packages/airflow/example_dags/example_branch_labels.py
[2024-11-12T11:42:23.806+0000] {processor.py:840} INFO - DAG(s) 'example_branch_labels' retrieved from /home/airflow/.local/lib/python3.12/site-packages/airflow/example_dags/example_branch_labels.py
[2024-11-12T11:42:24.182+0000] {logging_mixin.py:188} INFO - [2024-11-12T11:42:24.181+0000] {dag.py:3089} INFO - Sync 1 DAGs
[2024-11-12T11:42:24.725+0000] {logging_mixin.py:188} INFO - [2024-11-12T11:42:24.722+0000] {dag.py:3947} INFO - Setting next_dagrun for example_branch_labels to 2024-11-11 00:00:00+00:00, run_after=2024-11-12 00:00:00+00:00
[2024-11-12T11:42:24.836+0000] {processor.py:183} INFO - Processing /home/airflow/.local/lib/python3.12/site-packages/airflow/example_dags/example_branch_labels.py took 1.344 seconds
[2024-11-12T11:46:37.947+0000] {processor.py:161} INFO - Started process (PID=210) to work on /home/airflow/.local/lib/python3.12/site-packages/airflow/example_dags/example_branch_labels.py
[2024-11-12T11:46:37.953+0000] {processor.py:830} INFO - Processing file /home/airflow/.local/lib/python3.12/site-packages/airflow/example_dags/example_branch_labels.py for tasks to queue
[2024-11-12T11:46:37.995+0000] {logging_mixin.py:188} INFO - [2024-11-12T11:46:37.990+0000] {dagbag.py:545} INFO - Filling up the DagBag from /home/airflow/.local/lib/python3.12/site-packages/airflow/example_dags/example_branch_labels.py
[2024-11-12T11:46:38.148+0000] {processor.py:840} INFO - DAG(s) 'example_branch_labels' retrieved from /home/airflow/.local/lib/python3.12/site-packages/airflow/example_dags/example_branch_labels.py
[2024-11-12T11:46:38.438+0000] {logging_mixin.py:188} INFO - [2024-11-12T11:46:38.437+0000] {dag.py:3089} INFO - Sync 1 DAGs
[2024-11-12T11:46:38.555+0000] {logging_mixin.py:188} INFO - [2024-11-12T11:46:38.554+0000] {dag.py:3947} INFO - Setting next_dagrun for example_branch_labels to 2024-11-11 00:00:00+00:00, run_after=2024-11-12 00:00:00+00:00
[2024-11-12T11:46:38.643+0000] {processor.py:183} INFO - Processing /home/airflow/.local/lib/python3.12/site-packages/airflow/example_dags/example_branch_labels.py took 0.722 seconds
[2024-11-12T11:47:09.198+0000] {processor.py:161} INFO - Started process (PID=268) to work on /home/airflow/.local/lib/python3.12/site-packages/airflow/example_dags/example_branch_labels.py
[2024-11-12T11:47:09.205+0000] {processor.py:830} INFO - Processing file /home/airflow/.local/lib/python3.12/site-packages/airflow/example_dags/example_branch_labels.py for tasks to queue
[2024-11-12T11:47:09.217+0000] {logging_mixin.py:188} INFO - [2024-11-12T11:47:09.210+0000] {dagbag.py:545} INFO - Filling up the DagBag from /home/airflow/.local/lib/python3.12/site-packages/airflow/example_dags/example_branch_labels.py
[2024-11-12T11:47:09.333+0000] {processor.py:840} INFO - DAG(s) 'example_branch_labels' retrieved from /home/airflow/.local/lib/python3.12/site-packages/airflow/example_dags/example_branch_labels.py
[2024-11-12T11:47:10.919+0000] {logging_mixin.py:188} INFO - [2024-11-12T11:47:10.835+0000] {dag.py:3089} INFO - Sync 1 DAGs
[2024-11-12T11:47:16.113+0000] {logging_mixin.py:188} INFO - [2024-11-12T11:47:15.804+0000] {dag.py:3947} INFO - Setting next_dagrun for example_branch_labels to 2024-11-11 00:00:00+00:00, run_after=2024-11-12 00:00:00+00:00
[2024-11-12T13:59:35.183+0000] {processor.py:161} INFO - Started process (PID=44) to work on /home/airflow/.local/lib/python3.12/site-packages/airflow/example_dags/example_branch_labels.py
[2024-11-12T13:59:35.218+0000] {processor.py:830} INFO - Processing file /home/airflow/.local/lib/python3.12/site-packages/airflow/example_dags/example_branch_labels.py for tasks to queue
[2024-11-12T13:59:35.237+0000] {logging_mixin.py:188} INFO - [2024-11-12T13:59:35.226+0000] {dagbag.py:545} INFO - Filling up the DagBag from /home/airflow/.local/lib/python3.12/site-packages/airflow/example_dags/example_branch_labels.py
[2024-11-12T13:59:39.302+0000] {processor.py:840} INFO - DAG(s) 'example_branch_labels' retrieved from /home/airflow/.local/lib/python3.12/site-packages/airflow/example_dags/example_branch_labels.py
[2024-11-12T13:59:42.115+0000] {logging_mixin.py:188} INFO - [2024-11-12T13:59:42.115+0000] {dag.py:3089} INFO - Sync 1 DAGs
[2024-11-12T13:59:42.228+0000] {logging_mixin.py:188} INFO - [2024-11-12T13:59:42.227+0000] {dag.py:3947} INFO - Setting next_dagrun for example_branch_labels to 2024-11-11 00:00:00+00:00, run_after=2024-11-12 00:00:00+00:00
[2024-11-12T13:59:42.314+0000] {processor.py:183} INFO - Processing /home/airflow/.local/lib/python3.12/site-packages/airflow/example_dags/example_branch_labels.py took 7.144 seconds
[2024-11-12T14:02:45.867+0000] {processor.py:161} INFO - Started process (PID=44) to work on /home/airflow/.local/lib/python3.12/site-packages/airflow/example_dags/example_branch_labels.py
[2024-11-12T14:02:45.878+0000] {processor.py:830} INFO - Processing file /home/airflow/.local/lib/python3.12/site-packages/airflow/example_dags/example_branch_labels.py for tasks to queue
[2024-11-12T14:02:45.886+0000] {logging_mixin.py:188} INFO - [2024-11-12T14:02:45.883+0000] {dagbag.py:545} INFO - Filling up the DagBag from /home/airflow/.local/lib/python3.12/site-packages/airflow/example_dags/example_branch_labels.py
[2024-11-12T14:02:46.015+0000] {processor.py:840} INFO - DAG(s) 'example_branch_labels' retrieved from /home/airflow/.local/lib/python3.12/site-packages/airflow/example_dags/example_branch_labels.py
[2024-11-12T14:02:51.878+0000] {logging_mixin.py:188} INFO - [2024-11-12T14:02:51.877+0000] {dag.py:3089} INFO - Sync 1 DAGs
[2024-11-12T14:02:52.410+0000] {logging_mixin.py:188} INFO - [2024-11-12T14:02:52.408+0000] {dag.py:3947} INFO - Setting next_dagrun for example_branch_labels to 2024-11-11 00:00:00+00:00, run_after=2024-11-12 00:00:00+00:00
[2024-11-12T14:02:52.858+0000] {processor.py:183} INFO - Processing /home/airflow/.local/lib/python3.12/site-packages/airflow/example_dags/example_branch_labels.py took 7.097 seconds
[2024-11-12T14:04:13.628+0000] {processor.py:161} INFO - Started process (PID=110) to work on /home/airflow/.local/lib/python3.12/site-packages/airflow/example_dags/example_branch_labels.py
[2024-11-12T14:04:13.632+0000] {processor.py:830} INFO - Processing file /home/airflow/.local/lib/python3.12/site-packages/airflow/example_dags/example_branch_labels.py for tasks to queue
[2024-11-12T14:04:13.640+0000] {logging_mixin.py:188} INFO - [2024-11-12T14:04:13.638+0000] {dagbag.py:545} INFO - Filling up the DagBag from /home/airflow/.local/lib/python3.12/site-packages/airflow/example_dags/example_branch_labels.py
[2024-11-12T14:04:13.666+0000] {processor.py:840} INFO - DAG(s) 'example_branch_labels' retrieved from /home/airflow/.local/lib/python3.12/site-packages/airflow/example_dags/example_branch_labels.py
[2024-11-12T14:04:13.739+0000] {logging_mixin.py:188} INFO - [2024-11-12T14:04:13.738+0000] {dag.py:3089} INFO - Sync 1 DAGs
[2024-11-12T14:04:13.828+0000] {logging_mixin.py:188} INFO - [2024-11-12T14:04:13.827+0000] {dag.py:3947} INFO - Setting next_dagrun for example_branch_labels to 2024-11-11 00:00:00+00:00, run_after=2024-11-12 00:00:00+00:00
[2024-11-12T14:04:13.930+0000] {processor.py:183} INFO - Processing /home/airflow/.local/lib/python3.12/site-packages/airflow/example_dags/example_branch_labels.py took 0.330 seconds
[2024-11-12T14:04:45.683+0000] {processor.py:161} INFO - Started process (PID=177) to work on /home/airflow/.local/lib/python3.12/site-packages/airflow/example_dags/example_branch_labels.py
[2024-11-12T14:04:45.687+0000] {processor.py:830} INFO - Processing file /home/airflow/.local/lib/python3.12/site-packages/airflow/example_dags/example_branch_labels.py for tasks to queue
[2024-11-12T14:04:45.703+0000] {logging_mixin.py:188} INFO - [2024-11-12T14:04:45.695+0000] {dagbag.py:545} INFO - Filling up the DagBag from /home/airflow/.local/lib/python3.12/site-packages/airflow/example_dags/example_branch_labels.py
[2024-11-12T14:04:45.729+0000] {processor.py:840} INFO - DAG(s) 'example_branch_labels' retrieved from /home/airflow/.local/lib/python3.12/site-packages/airflow/example_dags/example_branch_labels.py
[2024-11-12T14:04:45.804+0000] {logging_mixin.py:188} INFO - [2024-11-12T14:04:45.803+0000] {dag.py:3089} INFO - Sync 1 DAGs
[2024-11-12T14:04:45.892+0000] {logging_mixin.py:188} INFO - [2024-11-12T14:04:45.891+0000] {dag.py:3947} INFO - Setting next_dagrun for example_branch_labels to 2024-11-11 00:00:00+00:00, run_after=2024-11-12 00:00:00+00:00
[2024-11-12T14:04:45.953+0000] {processor.py:183} INFO - Processing /home/airflow/.local/lib/python3.12/site-packages/airflow/example_dags/example_branch_labels.py took 0.307 seconds
[2024-11-12T14:05:17.439+0000] {processor.py:161} INFO - Started process (PID=237) to work on /home/airflow/.local/lib/python3.12/site-packages/airflow/example_dags/example_branch_labels.py
[2024-11-12T14:05:17.442+0000] {processor.py:830} INFO - Processing file /home/airflow/.local/lib/python3.12/site-packages/airflow/example_dags/example_branch_labels.py for tasks to queue
[2024-11-12T14:05:17.450+0000] {logging_mixin.py:188} INFO - [2024-11-12T14:05:17.449+0000] {dagbag.py:545} INFO - Filling up the DagBag from /home/airflow/.local/lib/python3.12/site-packages/airflow/example_dags/example_branch_labels.py
[2024-11-12T14:05:17.490+0000] {processor.py:840} INFO - DAG(s) 'example_branch_labels' retrieved from /home/airflow/.local/lib/python3.12/site-packages/airflow/example_dags/example_branch_labels.py
[2024-11-12T14:05:17.559+0000] {logging_mixin.py:188} INFO - [2024-11-12T14:05:17.559+0000] {dag.py:3089} INFO - Sync 1 DAGs
[2024-11-12T14:05:17.632+0000] {logging_mixin.py:188} INFO - [2024-11-12T14:05:17.631+0000] {dag.py:3947} INFO - Setting next_dagrun for example_branch_labels to 2024-11-11 00:00:00+00:00, run_after=2024-11-12 00:00:00+00:00
[2024-11-12T14:05:17.695+0000] {processor.py:183} INFO - Processing /home/airflow/.local/lib/python3.12/site-packages/airflow/example_dags/example_branch_labels.py took 0.275 seconds
[2024-11-12T14:05:49.657+0000] {processor.py:161} INFO - Started process (PID=293) to work on /home/airflow/.local/lib/python3.12/site-packages/airflow/example_dags/example_branch_labels.py
[2024-11-12T14:05:49.661+0000] {processor.py:830} INFO - Processing file /home/airflow/.local/lib/python3.12/site-packages/airflow/example_dags/example_branch_labels.py for tasks to queue
[2024-11-12T14:05:49.673+0000] {logging_mixin.py:188} INFO - [2024-11-12T14:05:49.670+0000] {dagbag.py:545} INFO - Filling up the DagBag from /home/airflow/.local/lib/python3.12/site-packages/airflow/example_dags/example_branch_labels.py
[2024-11-12T14:05:49.732+0000] {processor.py:840} INFO - DAG(s) 'example_branch_labels' retrieved from /home/airflow/.local/lib/python3.12/site-packages/airflow/example_dags/example_branch_labels.py
[2024-11-12T14:05:50.179+0000] {logging_mixin.py:188} INFO - [2024-11-12T14:05:50.170+0000] {dag.py:3089} INFO - Sync 1 DAGs
[2024-11-12T14:05:50.342+0000] {logging_mixin.py:188} INFO - [2024-11-12T14:05:50.341+0000] {dag.py:3947} INFO - Setting next_dagrun for example_branch_labels to 2024-11-11 00:00:00+00:00, run_after=2024-11-12 00:00:00+00:00
[2024-11-12T14:05:50.491+0000] {processor.py:183} INFO - Processing /home/airflow/.local/lib/python3.12/site-packages/airflow/example_dags/example_branch_labels.py took 0.893 seconds
[2024-11-12T14:06:42.791+0000] {processor.py:161} INFO - Started process (PID=355) to work on /home/airflow/.local/lib/python3.12/site-packages/airflow/example_dags/example_branch_labels.py
[2024-11-12T14:06:42.867+0000] {processor.py:830} INFO - Processing file /home/airflow/.local/lib/python3.12/site-packages/airflow/example_dags/example_branch_labels.py for tasks to queue
[2024-11-12T14:06:42.906+0000] {logging_mixin.py:188} INFO - [2024-11-12T14:06:42.898+0000] {dagbag.py:545} INFO - Filling up the DagBag from /home/airflow/.local/lib/python3.12/site-packages/airflow/example_dags/example_branch_labels.py
[2024-11-12T14:06:43.086+0000] {processor.py:840} INFO - DAG(s) 'example_branch_labels' retrieved from /home/airflow/.local/lib/python3.12/site-packages/airflow/example_dags/example_branch_labels.py
[2024-11-12T14:06:44.062+0000] {logging_mixin.py:188} INFO - [2024-11-12T14:06:44.056+0000] {dag.py:3089} INFO - Sync 1 DAGs
[2024-11-12T14:06:44.643+0000] {logging_mixin.py:188} INFO - [2024-11-12T14:06:44.641+0000] {dag.py:3947} INFO - Setting next_dagrun for example_branch_labels to 2024-11-11 00:00:00+00:00, run_after=2024-11-12 00:00:00+00:00
[2024-11-12T14:06:45.338+0000] {processor.py:183} INFO - Processing /home/airflow/.local/lib/python3.12/site-packages/airflow/example_dags/example_branch_labels.py took 2.765 seconds
[2024-11-12T14:07:57.986+0000] {processor.py:161} INFO - Started process (PID=420) to work on /home/airflow/.local/lib/python3.12/site-packages/airflow/example_dags/example_branch_labels.py
[2024-11-12T14:07:57.996+0000] {processor.py:830} INFO - Processing file /home/airflow/.local/lib/python3.12/site-packages/airflow/example_dags/example_branch_labels.py for tasks to queue
[2024-11-12T14:07:58.015+0000] {logging_mixin.py:188} INFO - [2024-11-12T14:07:58.014+0000] {dagbag.py:545} INFO - Filling up the DagBag from /home/airflow/.local/lib/python3.12/site-packages/airflow/example_dags/example_branch_labels.py
[2024-11-12T14:07:58.355+0000] {processor.py:840} INFO - DAG(s) 'example_branch_labels' retrieved from /home/airflow/.local/lib/python3.12/site-packages/airflow/example_dags/example_branch_labels.py
[2024-11-12T14:07:59.236+0000] {logging_mixin.py:188} INFO - [2024-11-12T14:07:59.235+0000] {dag.py:3089} INFO - Sync 1 DAGs
[2024-11-12T14:07:59.749+0000] {logging_mixin.py:188} INFO - [2024-11-12T14:07:59.748+0000] {dag.py:3947} INFO - Setting next_dagrun for example_branch_labels to 2024-11-11 00:00:00+00:00, run_after=2024-11-12 00:00:00+00:00
[2024-11-12T14:08:00.807+0000] {processor.py:183} INFO - Processing /home/airflow/.local/lib/python3.12/site-packages/airflow/example_dags/example_branch_labels.py took 2.868 seconds
[2024-11-12T14:10:33.747+0000] {processor.py:161} INFO - Started process (PID=492) to work on /home/airflow/.local/lib/python3.12/site-packages/airflow/example_dags/example_branch_labels.py
[2024-11-12T14:10:33.761+0000] {processor.py:830} INFO - Processing file /home/airflow/.local/lib/python3.12/site-packages/airflow/example_dags/example_branch_labels.py for tasks to queue
[2024-11-12T14:10:33.799+0000] {logging_mixin.py:188} INFO - [2024-11-12T14:10:33.793+0000] {dagbag.py:545} INFO - Filling up the DagBag from /home/airflow/.local/lib/python3.12/site-packages/airflow/example_dags/example_branch_labels.py
[2024-11-12T14:10:34.138+0000] {processor.py:840} INFO - DAG(s) 'example_branch_labels' retrieved from /home/airflow/.local/lib/python3.12/site-packages/airflow/example_dags/example_branch_labels.py
[2024-11-12T14:10:34.953+0000] {logging_mixin.py:188} INFO - [2024-11-12T14:10:34.952+0000] {dag.py:3089} INFO - Sync 1 DAGs
[2024-11-12T14:10:35.393+0000] {logging_mixin.py:188} INFO - [2024-11-12T14:10:35.392+0000] {dag.py:3947} INFO - Setting next_dagrun for example_branch_labels to 2024-11-11 00:00:00+00:00, run_after=2024-11-12 00:00:00+00:00
[2024-11-12T14:10:36.344+0000] {processor.py:183} INFO - Processing /home/airflow/.local/lib/python3.12/site-packages/airflow/example_dags/example_branch_labels.py took 2.832 seconds
