[2024-11-12T11:21:00.796+0000] {processor.py:161} INFO - Started process (PID=36) to work on /home/airflow/.local/lib/python3.12/site-packages/airflow/example_dags/example_sla_dag.py
[2024-11-12T11:21:00.808+0000] {processor.py:830} INFO - Processing file /home/airflow/.local/lib/python3.12/site-packages/airflow/example_dags/example_sla_dag.py for tasks to queue
[2024-11-12T11:21:00.845+0000] {logging_mixin.py:188} INFO - [2024-11-12T11:21:00.839+0000] {dagbag.py:545} INFO - Filling up the DagBag from /home/airflow/.local/lib/python3.12/site-packages/airflow/example_dags/example_sla_dag.py
[2024-11-12T11:21:01.040+0000] {processor.py:840} INFO - DAG(s) 'example_sla_dag' retrieved from /home/airflow/.local/lib/python3.12/site-packages/airflow/example_dags/example_sla_dag.py
[2024-11-12T11:21:01.354+0000] {logging_mixin.py:188} INFO - [2024-11-12T11:21:01.353+0000] {dag.py:3089} INFO - Sync 1 DAGs
[2024-11-12T11:21:01.580+0000] {logging_mixin.py:188} INFO - [2024-11-12T11:21:01.580+0000] {dag.py:3947} INFO - Setting next_dagrun for example_sla_dag to 2024-11-12 11:18:00+00:00, run_after=2024-11-12 11:20:00+00:00
[2024-11-12T11:21:01.682+0000] {processor.py:183} INFO - Processing /home/airflow/.local/lib/python3.12/site-packages/airflow/example_dags/example_sla_dag.py took 1.000 seconds
[2024-11-12T11:21:59.057+0000] {processor.py:161} INFO - Started process (PID=102) to work on /home/airflow/.local/lib/python3.12/site-packages/airflow/example_dags/example_sla_dag.py
[2024-11-12T11:21:59.058+0000] {processor.py:830} INFO - Processing file /home/airflow/.local/lib/python3.12/site-packages/airflow/example_dags/example_sla_dag.py for tasks to queue
[2024-11-12T11:21:59.061+0000] {logging_mixin.py:188} INFO - [2024-11-12T11:21:59.060+0000] {dagbag.py:545} INFO - Filling up the DagBag from /home/airflow/.local/lib/python3.12/site-packages/airflow/example_dags/example_sla_dag.py
[2024-11-12T11:21:59.073+0000] {processor.py:840} INFO - DAG(s) 'example_sla_dag' retrieved from /home/airflow/.local/lib/python3.12/site-packages/airflow/example_dags/example_sla_dag.py
[2024-11-12T11:21:59.112+0000] {logging_mixin.py:188} INFO - [2024-11-12T11:21:59.112+0000] {dag.py:3089} INFO - Sync 1 DAGs
[2024-11-12T11:21:59.146+0000] {logging_mixin.py:188} INFO - [2024-11-12T11:21:59.146+0000] {dag.py:3947} INFO - Setting next_dagrun for example_sla_dag to 2024-11-12 11:18:00+00:00, run_after=2024-11-12 11:20:00+00:00
[2024-11-12T11:21:59.174+0000] {processor.py:183} INFO - Processing /home/airflow/.local/lib/python3.12/site-packages/airflow/example_dags/example_sla_dag.py took 0.126 seconds
[2024-11-12T11:22:32.543+0000] {processor.py:161} INFO - Started process (PID=160) to work on /home/airflow/.local/lib/python3.12/site-packages/airflow/example_dags/example_sla_dag.py
[2024-11-12T11:22:32.545+0000] {processor.py:830} INFO - Processing file /home/airflow/.local/lib/python3.12/site-packages/airflow/example_dags/example_sla_dag.py for tasks to queue
[2024-11-12T11:22:32.548+0000] {logging_mixin.py:188} INFO - [2024-11-12T11:22:32.547+0000] {dagbag.py:545} INFO - Filling up the DagBag from /home/airflow/.local/lib/python3.12/site-packages/airflow/example_dags/example_sla_dag.py
[2024-11-12T11:22:32.647+0000] {processor.py:840} INFO - DAG(s) 'example_sla_dag' retrieved from /home/airflow/.local/lib/python3.12/site-packages/airflow/example_dags/example_sla_dag.py
[2024-11-12T11:22:32.694+0000] {logging_mixin.py:188} INFO - [2024-11-12T11:22:32.693+0000] {dag.py:3089} INFO - Sync 1 DAGs
[2024-11-12T11:22:32.749+0000] {logging_mixin.py:188} INFO - [2024-11-12T11:22:32.749+0000] {dag.py:3947} INFO - Setting next_dagrun for example_sla_dag to 2024-11-12 11:20:00+00:00, run_after=2024-11-12 11:22:00+00:00
[2024-11-12T11:22:32.779+0000] {processor.py:183} INFO - Processing /home/airflow/.local/lib/python3.12/site-packages/airflow/example_dags/example_sla_dag.py took 0.244 seconds
[2024-11-12T11:23:03.708+0000] {processor.py:161} INFO - Started process (PID=220) to work on /home/airflow/.local/lib/python3.12/site-packages/airflow/example_dags/example_sla_dag.py
[2024-11-12T11:23:03.710+0000] {processor.py:830} INFO - Processing file /home/airflow/.local/lib/python3.12/site-packages/airflow/example_dags/example_sla_dag.py for tasks to queue
[2024-11-12T11:23:03.713+0000] {logging_mixin.py:188} INFO - [2024-11-12T11:23:03.713+0000] {dagbag.py:545} INFO - Filling up the DagBag from /home/airflow/.local/lib/python3.12/site-packages/airflow/example_dags/example_sla_dag.py
[2024-11-12T11:23:03.741+0000] {processor.py:840} INFO - DAG(s) 'example_sla_dag' retrieved from /home/airflow/.local/lib/python3.12/site-packages/airflow/example_dags/example_sla_dag.py
[2024-11-12T11:23:03.792+0000] {logging_mixin.py:188} INFO - [2024-11-12T11:23:03.792+0000] {dag.py:3089} INFO - Sync 1 DAGs
[2024-11-12T11:23:03.860+0000] {logging_mixin.py:188} INFO - [2024-11-12T11:23:03.860+0000] {dag.py:3947} INFO - Setting next_dagrun for example_sla_dag to 2024-11-12 11:20:00+00:00, run_after=2024-11-12 11:22:00+00:00
[2024-11-12T11:23:03.917+0000] {processor.py:183} INFO - Processing /home/airflow/.local/lib/python3.12/site-packages/airflow/example_dags/example_sla_dag.py took 0.224 seconds
[2024-11-12T11:23:35.021+0000] {processor.py:161} INFO - Started process (PID=279) to work on /home/airflow/.local/lib/python3.12/site-packages/airflow/example_dags/example_sla_dag.py
[2024-11-12T11:23:35.023+0000] {processor.py:830} INFO - Processing file /home/airflow/.local/lib/python3.12/site-packages/airflow/example_dags/example_sla_dag.py for tasks to queue
[2024-11-12T11:23:35.028+0000] {logging_mixin.py:188} INFO - [2024-11-12T11:23:35.027+0000] {dagbag.py:545} INFO - Filling up the DagBag from /home/airflow/.local/lib/python3.12/site-packages/airflow/example_dags/example_sla_dag.py
[2024-11-12T11:23:35.135+0000] {processor.py:840} INFO - DAG(s) 'example_sla_dag' retrieved from /home/airflow/.local/lib/python3.12/site-packages/airflow/example_dags/example_sla_dag.py
[2024-11-12T11:23:35.225+0000] {logging_mixin.py:188} INFO - [2024-11-12T11:23:35.224+0000] {dag.py:3089} INFO - Sync 1 DAGs
[2024-11-12T11:23:35.290+0000] {logging_mixin.py:188} INFO - [2024-11-12T11:23:35.289+0000] {dag.py:3947} INFO - Setting next_dagrun for example_sla_dag to 2024-11-12 11:20:00+00:00, run_after=2024-11-12 11:22:00+00:00
[2024-11-12T11:23:35.339+0000] {processor.py:183} INFO - Processing /home/airflow/.local/lib/python3.12/site-packages/airflow/example_dags/example_sla_dag.py took 0.336 seconds
[2024-11-12T11:27:06.452+0000] {processor.py:161} INFO - Started process (PID=36) to work on /home/airflow/.local/lib/python3.12/site-packages/airflow/example_dags/example_sla_dag.py
[2024-11-12T11:27:06.460+0000] {processor.py:830} INFO - Processing file /home/airflow/.local/lib/python3.12/site-packages/airflow/example_dags/example_sla_dag.py for tasks to queue
[2024-11-12T11:27:06.465+0000] {logging_mixin.py:188} INFO - [2024-11-12T11:27:06.464+0000] {dagbag.py:545} INFO - Filling up the DagBag from /home/airflow/.local/lib/python3.12/site-packages/airflow/example_dags/example_sla_dag.py
[2024-11-12T11:27:06.526+0000] {processor.py:840} INFO - DAG(s) 'example_sla_dag' retrieved from /home/airflow/.local/lib/python3.12/site-packages/airflow/example_dags/example_sla_dag.py
[2024-11-12T11:27:08.464+0000] {logging_mixin.py:188} INFO - [2024-11-12T11:27:08.464+0000] {dag.py:3089} INFO - Sync 1 DAGs
[2024-11-12T11:27:09.084+0000] {logging_mixin.py:188} INFO - [2024-11-12T11:27:09.083+0000] {dag.py:3947} INFO - Setting next_dagrun for example_sla_dag to 2024-11-12 11:24:00+00:00, run_after=2024-11-12 11:26:00+00:00
[2024-11-12T11:27:09.374+0000] {processor.py:183} INFO - Processing /home/airflow/.local/lib/python3.12/site-packages/airflow/example_dags/example_sla_dag.py took 3.056 seconds
[2024-11-12T11:28:03.487+0000] {processor.py:161} INFO - Started process (PID=102) to work on /home/airflow/.local/lib/python3.12/site-packages/airflow/example_dags/example_sla_dag.py
[2024-11-12T11:28:03.489+0000] {processor.py:830} INFO - Processing file /home/airflow/.local/lib/python3.12/site-packages/airflow/example_dags/example_sla_dag.py for tasks to queue
[2024-11-12T11:28:03.494+0000] {logging_mixin.py:188} INFO - [2024-11-12T11:28:03.493+0000] {dagbag.py:545} INFO - Filling up the DagBag from /home/airflow/.local/lib/python3.12/site-packages/airflow/example_dags/example_sla_dag.py
[2024-11-12T11:28:03.521+0000] {processor.py:840} INFO - DAG(s) 'example_sla_dag' retrieved from /home/airflow/.local/lib/python3.12/site-packages/airflow/example_dags/example_sla_dag.py
[2024-11-12T11:28:03.574+0000] {logging_mixin.py:188} INFO - [2024-11-12T11:28:03.573+0000] {dag.py:3089} INFO - Sync 1 DAGs
[2024-11-12T11:28:03.641+0000] {logging_mixin.py:188} INFO - [2024-11-12T11:28:03.641+0000] {dag.py:3947} INFO - Setting next_dagrun for example_sla_dag to 2024-11-12 11:26:00+00:00, run_after=2024-11-12 11:28:00+00:00
[2024-11-12T11:28:03.687+0000] {processor.py:183} INFO - Processing /home/airflow/.local/lib/python3.12/site-packages/airflow/example_dags/example_sla_dag.py took 0.214 seconds
[2024-11-12T11:28:34.271+0000] {processor.py:161} INFO - Started process (PID=160) to work on /home/airflow/.local/lib/python3.12/site-packages/airflow/example_dags/example_sla_dag.py
[2024-11-12T11:28:34.273+0000] {processor.py:830} INFO - Processing file /home/airflow/.local/lib/python3.12/site-packages/airflow/example_dags/example_sla_dag.py for tasks to queue
[2024-11-12T11:28:34.277+0000] {logging_mixin.py:188} INFO - [2024-11-12T11:28:34.277+0000] {dagbag.py:545} INFO - Filling up the DagBag from /home/airflow/.local/lib/python3.12/site-packages/airflow/example_dags/example_sla_dag.py
[2024-11-12T11:28:34.298+0000] {processor.py:840} INFO - DAG(s) 'example_sla_dag' retrieved from /home/airflow/.local/lib/python3.12/site-packages/airflow/example_dags/example_sla_dag.py
[2024-11-12T11:28:34.341+0000] {logging_mixin.py:188} INFO - [2024-11-12T11:28:34.340+0000] {dag.py:3089} INFO - Sync 1 DAGs
[2024-11-12T11:28:34.401+0000] {logging_mixin.py:188} INFO - [2024-11-12T11:28:34.401+0000] {dag.py:3947} INFO - Setting next_dagrun for example_sla_dag to 2024-11-12 11:26:00+00:00, run_after=2024-11-12 11:28:00+00:00
[2024-11-12T11:28:34.450+0000] {processor.py:183} INFO - Processing /home/airflow/.local/lib/python3.12/site-packages/airflow/example_dags/example_sla_dag.py took 0.193 seconds
[2024-11-12T11:29:04.652+0000] {processor.py:161} INFO - Started process (PID=218) to work on /home/airflow/.local/lib/python3.12/site-packages/airflow/example_dags/example_sla_dag.py
[2024-11-12T11:29:04.654+0000] {processor.py:830} INFO - Processing file /home/airflow/.local/lib/python3.12/site-packages/airflow/example_dags/example_sla_dag.py for tasks to queue
[2024-11-12T11:29:04.658+0000] {logging_mixin.py:188} INFO - [2024-11-12T11:29:04.657+0000] {dagbag.py:545} INFO - Filling up the DagBag from /home/airflow/.local/lib/python3.12/site-packages/airflow/example_dags/example_sla_dag.py
[2024-11-12T11:29:04.674+0000] {processor.py:840} INFO - DAG(s) 'example_sla_dag' retrieved from /home/airflow/.local/lib/python3.12/site-packages/airflow/example_dags/example_sla_dag.py
[2024-11-12T11:29:04.710+0000] {logging_mixin.py:188} INFO - [2024-11-12T11:29:04.709+0000] {dag.py:3089} INFO - Sync 1 DAGs
[2024-11-12T11:29:04.763+0000] {logging_mixin.py:188} INFO - [2024-11-12T11:29:04.763+0000] {dag.py:3947} INFO - Setting next_dagrun for example_sla_dag to 2024-11-12 11:26:00+00:00, run_after=2024-11-12 11:28:00+00:00
[2024-11-12T11:29:04.799+0000] {processor.py:183} INFO - Processing /home/airflow/.local/lib/python3.12/site-packages/airflow/example_dags/example_sla_dag.py took 0.162 seconds
[2024-11-12T11:29:37.369+0000] {processor.py:161} INFO - Started process (PID=277) to work on /home/airflow/.local/lib/python3.12/site-packages/airflow/example_dags/example_sla_dag.py
[2024-11-12T11:29:37.396+0000] {processor.py:830} INFO - Processing file /home/airflow/.local/lib/python3.12/site-packages/airflow/example_dags/example_sla_dag.py for tasks to queue
[2024-11-12T11:29:37.415+0000] {logging_mixin.py:188} INFO - [2024-11-12T11:29:37.401+0000] {dagbag.py:545} INFO - Filling up the DagBag from /home/airflow/.local/lib/python3.12/site-packages/airflow/example_dags/example_sla_dag.py
[2024-11-12T11:29:37.721+0000] {processor.py:840} INFO - DAG(s) 'example_sla_dag' retrieved from /home/airflow/.local/lib/python3.12/site-packages/airflow/example_dags/example_sla_dag.py
[2024-11-12T11:29:37.839+0000] {logging_mixin.py:188} INFO - [2024-11-12T11:29:37.839+0000] {dag.py:3089} INFO - Sync 1 DAGs
[2024-11-12T11:29:37.977+0000] {logging_mixin.py:188} INFO - [2024-11-12T11:29:37.976+0000] {dag.py:3947} INFO - Setting next_dagrun for example_sla_dag to 2024-11-12 11:26:00+00:00, run_after=2024-11-12 11:28:00+00:00
[2024-11-12T11:29:38.198+0000] {processor.py:183} INFO - Processing /home/airflow/.local/lib/python3.12/site-packages/airflow/example_dags/example_sla_dag.py took 1.853 seconds
[2024-11-12T11:30:28.030+0000] {processor.py:161} INFO - Started process (PID=330) to work on /home/airflow/.local/lib/python3.12/site-packages/airflow/example_dags/example_sla_dag.py
[2024-11-12T11:30:28.032+0000] {processor.py:830} INFO - Processing file /home/airflow/.local/lib/python3.12/site-packages/airflow/example_dags/example_sla_dag.py for tasks to queue
[2024-11-12T11:30:28.048+0000] {logging_mixin.py:188} INFO - [2024-11-12T11:30:28.044+0000] {dagbag.py:545} INFO - Filling up the DagBag from /home/airflow/.local/lib/python3.12/site-packages/airflow/example_dags/example_sla_dag.py
[2024-11-12T11:30:28.198+0000] {processor.py:840} INFO - DAG(s) 'example_sla_dag' retrieved from /home/airflow/.local/lib/python3.12/site-packages/airflow/example_dags/example_sla_dag.py
[2024-11-12T11:30:28.296+0000] {logging_mixin.py:188} INFO - [2024-11-12T11:30:28.296+0000] {dag.py:3089} INFO - Sync 1 DAGs
[2024-11-12T11:30:28.373+0000] {logging_mixin.py:188} INFO - [2024-11-12T11:30:28.372+0000] {dag.py:3947} INFO - Setting next_dagrun for example_sla_dag to 2024-11-12 11:28:00+00:00, run_after=2024-11-12 11:30:00+00:00
[2024-11-12T11:30:28.436+0000] {processor.py:183} INFO - Processing /home/airflow/.local/lib/python3.12/site-packages/airflow/example_dags/example_sla_dag.py took 0.429 seconds
[2024-11-12T11:30:59.124+0000] {processor.py:161} INFO - Started process (PID=389) to work on /home/airflow/.local/lib/python3.12/site-packages/airflow/example_dags/example_sla_dag.py
[2024-11-12T11:30:59.131+0000] {processor.py:830} INFO - Processing file /home/airflow/.local/lib/python3.12/site-packages/airflow/example_dags/example_sla_dag.py for tasks to queue
[2024-11-12T11:30:59.175+0000] {logging_mixin.py:188} INFO - [2024-11-12T11:30:59.174+0000] {dagbag.py:545} INFO - Filling up the DagBag from /home/airflow/.local/lib/python3.12/site-packages/airflow/example_dags/example_sla_dag.py
[2024-11-12T11:30:59.214+0000] {processor.py:840} INFO - DAG(s) 'example_sla_dag' retrieved from /home/airflow/.local/lib/python3.12/site-packages/airflow/example_dags/example_sla_dag.py
[2024-11-12T11:30:59.377+0000] {logging_mixin.py:188} INFO - [2024-11-12T11:30:59.376+0000] {dag.py:3089} INFO - Sync 1 DAGs
[2024-11-12T11:30:59.594+0000] {logging_mixin.py:188} INFO - [2024-11-12T11:30:59.593+0000] {dag.py:3947} INFO - Setting next_dagrun for example_sla_dag to 2024-11-12 11:28:00+00:00, run_after=2024-11-12 11:30:00+00:00
[2024-11-12T11:30:59.777+0000] {processor.py:183} INFO - Processing /home/airflow/.local/lib/python3.12/site-packages/airflow/example_dags/example_sla_dag.py took 0.671 seconds
[2024-11-12T11:31:29.889+0000] {processor.py:161} INFO - Started process (PID=449) to work on /home/airflow/.local/lib/python3.12/site-packages/airflow/example_dags/example_sla_dag.py
[2024-11-12T11:31:29.891+0000] {processor.py:830} INFO - Processing file /home/airflow/.local/lib/python3.12/site-packages/airflow/example_dags/example_sla_dag.py for tasks to queue
[2024-11-12T11:31:29.897+0000] {logging_mixin.py:188} INFO - [2024-11-12T11:31:29.895+0000] {dagbag.py:545} INFO - Filling up the DagBag from /home/airflow/.local/lib/python3.12/site-packages/airflow/example_dags/example_sla_dag.py
[2024-11-12T11:31:30.003+0000] {processor.py:840} INFO - DAG(s) 'example_sla_dag' retrieved from /home/airflow/.local/lib/python3.12/site-packages/airflow/example_dags/example_sla_dag.py
[2024-11-12T11:31:30.087+0000] {logging_mixin.py:188} INFO - [2024-11-12T11:31:30.085+0000] {dag.py:3089} INFO - Sync 1 DAGs
[2024-11-12T11:31:30.168+0000] {logging_mixin.py:188} INFO - [2024-11-12T11:31:30.168+0000] {dag.py:3947} INFO - Setting next_dagrun for example_sla_dag to 2024-11-12 11:28:00+00:00, run_after=2024-11-12 11:30:00+00:00
[2024-11-12T11:31:30.234+0000] {processor.py:183} INFO - Processing /home/airflow/.local/lib/python3.12/site-packages/airflow/example_dags/example_sla_dag.py took 0.362 seconds
[2024-11-12T11:32:00.329+0000] {processor.py:161} INFO - Started process (PID=507) to work on /home/airflow/.local/lib/python3.12/site-packages/airflow/example_dags/example_sla_dag.py
[2024-11-12T11:32:00.332+0000] {processor.py:830} INFO - Processing file /home/airflow/.local/lib/python3.12/site-packages/airflow/example_dags/example_sla_dag.py for tasks to queue
[2024-11-12T11:32:00.337+0000] {logging_mixin.py:188} INFO - [2024-11-12T11:32:00.336+0000] {dagbag.py:545} INFO - Filling up the DagBag from /home/airflow/.local/lib/python3.12/site-packages/airflow/example_dags/example_sla_dag.py
[2024-11-12T11:32:00.359+0000] {processor.py:840} INFO - DAG(s) 'example_sla_dag' retrieved from /home/airflow/.local/lib/python3.12/site-packages/airflow/example_dags/example_sla_dag.py
[2024-11-12T11:32:00.412+0000] {logging_mixin.py:188} INFO - [2024-11-12T11:32:00.411+0000] {dag.py:3089} INFO - Sync 1 DAGs
[2024-11-12T11:32:00.489+0000] {logging_mixin.py:188} INFO - [2024-11-12T11:32:00.488+0000] {dag.py:3947} INFO - Setting next_dagrun for example_sla_dag to 2024-11-12 11:30:00+00:00, run_after=2024-11-12 11:32:00+00:00
[2024-11-12T11:32:00.540+0000] {processor.py:183} INFO - Processing /home/airflow/.local/lib/python3.12/site-packages/airflow/example_dags/example_sla_dag.py took 0.226 seconds
[2024-11-12T11:32:30.641+0000] {processor.py:161} INFO - Started process (PID=567) to work on /home/airflow/.local/lib/python3.12/site-packages/airflow/example_dags/example_sla_dag.py
[2024-11-12T11:32:30.644+0000] {processor.py:830} INFO - Processing file /home/airflow/.local/lib/python3.12/site-packages/airflow/example_dags/example_sla_dag.py for tasks to queue
[2024-11-12T11:32:30.649+0000] {logging_mixin.py:188} INFO - [2024-11-12T11:32:30.648+0000] {dagbag.py:545} INFO - Filling up the DagBag from /home/airflow/.local/lib/python3.12/site-packages/airflow/example_dags/example_sla_dag.py
[2024-11-12T11:32:30.671+0000] {processor.py:840} INFO - DAG(s) 'example_sla_dag' retrieved from /home/airflow/.local/lib/python3.12/site-packages/airflow/example_dags/example_sla_dag.py
[2024-11-12T11:32:30.738+0000] {logging_mixin.py:188} INFO - [2024-11-12T11:32:30.738+0000] {dag.py:3089} INFO - Sync 1 DAGs
[2024-11-12T11:32:30.796+0000] {logging_mixin.py:188} INFO - [2024-11-12T11:32:30.796+0000] {dag.py:3947} INFO - Setting next_dagrun for example_sla_dag to 2024-11-12 11:30:00+00:00, run_after=2024-11-12 11:32:00+00:00
[2024-11-12T11:32:30.841+0000] {processor.py:183} INFO - Processing /home/airflow/.local/lib/python3.12/site-packages/airflow/example_dags/example_sla_dag.py took 0.215 seconds
[2024-11-12T11:33:01.669+0000] {processor.py:161} INFO - Started process (PID=625) to work on /home/airflow/.local/lib/python3.12/site-packages/airflow/example_dags/example_sla_dag.py
[2024-11-12T11:33:01.671+0000] {processor.py:830} INFO - Processing file /home/airflow/.local/lib/python3.12/site-packages/airflow/example_dags/example_sla_dag.py for tasks to queue
[2024-11-12T11:33:01.674+0000] {logging_mixin.py:188} INFO - [2024-11-12T11:33:01.673+0000] {dagbag.py:545} INFO - Filling up the DagBag from /home/airflow/.local/lib/python3.12/site-packages/airflow/example_dags/example_sla_dag.py
[2024-11-12T11:33:01.691+0000] {processor.py:840} INFO - DAG(s) 'example_sla_dag' retrieved from /home/airflow/.local/lib/python3.12/site-packages/airflow/example_dags/example_sla_dag.py
[2024-11-12T11:33:01.734+0000] {logging_mixin.py:188} INFO - [2024-11-12T11:33:01.734+0000] {dag.py:3089} INFO - Sync 1 DAGs
[2024-11-12T11:33:01.795+0000] {logging_mixin.py:188} INFO - [2024-11-12T11:33:01.794+0000] {dag.py:3947} INFO - Setting next_dagrun for example_sla_dag to 2024-11-12 11:30:00+00:00, run_after=2024-11-12 11:32:00+00:00
[2024-11-12T11:33:01.854+0000] {processor.py:183} INFO - Processing /home/airflow/.local/lib/python3.12/site-packages/airflow/example_dags/example_sla_dag.py took 0.196 seconds
[2024-11-12T11:33:32.261+0000] {processor.py:161} INFO - Started process (PID=686) to work on /home/airflow/.local/lib/python3.12/site-packages/airflow/example_dags/example_sla_dag.py
[2024-11-12T11:33:32.263+0000] {processor.py:830} INFO - Processing file /home/airflow/.local/lib/python3.12/site-packages/airflow/example_dags/example_sla_dag.py for tasks to queue
[2024-11-12T11:33:32.268+0000] {logging_mixin.py:188} INFO - [2024-11-12T11:33:32.267+0000] {dagbag.py:545} INFO - Filling up the DagBag from /home/airflow/.local/lib/python3.12/site-packages/airflow/example_dags/example_sla_dag.py
[2024-11-12T11:33:32.285+0000] {processor.py:840} INFO - DAG(s) 'example_sla_dag' retrieved from /home/airflow/.local/lib/python3.12/site-packages/airflow/example_dags/example_sla_dag.py
[2024-11-12T11:33:32.333+0000] {logging_mixin.py:188} INFO - [2024-11-12T11:33:32.333+0000] {dag.py:3089} INFO - Sync 1 DAGs
[2024-11-12T11:33:32.400+0000] {logging_mixin.py:188} INFO - [2024-11-12T11:33:32.400+0000] {dag.py:3947} INFO - Setting next_dagrun for example_sla_dag to 2024-11-12 11:30:00+00:00, run_after=2024-11-12 11:32:00+00:00
[2024-11-12T11:33:32.444+0000] {processor.py:183} INFO - Processing /home/airflow/.local/lib/python3.12/site-packages/airflow/example_dags/example_sla_dag.py took 0.197 seconds
[2024-11-12T11:34:02.717+0000] {processor.py:161} INFO - Started process (PID=745) to work on /home/airflow/.local/lib/python3.12/site-packages/airflow/example_dags/example_sla_dag.py
[2024-11-12T11:34:02.720+0000] {processor.py:830} INFO - Processing file /home/airflow/.local/lib/python3.12/site-packages/airflow/example_dags/example_sla_dag.py for tasks to queue
[2024-11-12T11:34:02.731+0000] {logging_mixin.py:188} INFO - [2024-11-12T11:34:02.730+0000] {dagbag.py:545} INFO - Filling up the DagBag from /home/airflow/.local/lib/python3.12/site-packages/airflow/example_dags/example_sla_dag.py
[2024-11-12T11:34:02.771+0000] {processor.py:840} INFO - DAG(s) 'example_sla_dag' retrieved from /home/airflow/.local/lib/python3.12/site-packages/airflow/example_dags/example_sla_dag.py
[2024-11-12T11:34:02.829+0000] {logging_mixin.py:188} INFO - [2024-11-12T11:34:02.828+0000] {dag.py:3089} INFO - Sync 1 DAGs
[2024-11-12T11:34:02.901+0000] {logging_mixin.py:188} INFO - [2024-11-12T11:34:02.900+0000] {dag.py:3947} INFO - Setting next_dagrun for example_sla_dag to 2024-11-12 11:32:00+00:00, run_after=2024-11-12 11:34:00+00:00
[2024-11-12T11:34:02.953+0000] {processor.py:183} INFO - Processing /home/airflow/.local/lib/python3.12/site-packages/airflow/example_dags/example_sla_dag.py took 0.254 seconds
[2024-11-12T11:34:33.052+0000] {processor.py:161} INFO - Started process (PID=805) to work on /home/airflow/.local/lib/python3.12/site-packages/airflow/example_dags/example_sla_dag.py
[2024-11-12T11:34:33.054+0000] {processor.py:830} INFO - Processing file /home/airflow/.local/lib/python3.12/site-packages/airflow/example_dags/example_sla_dag.py for tasks to queue
[2024-11-12T11:34:33.059+0000] {logging_mixin.py:188} INFO - [2024-11-12T11:34:33.058+0000] {dagbag.py:545} INFO - Filling up the DagBag from /home/airflow/.local/lib/python3.12/site-packages/airflow/example_dags/example_sla_dag.py
[2024-11-12T11:34:33.078+0000] {processor.py:840} INFO - DAG(s) 'example_sla_dag' retrieved from /home/airflow/.local/lib/python3.12/site-packages/airflow/example_dags/example_sla_dag.py
[2024-11-12T11:34:33.136+0000] {logging_mixin.py:188} INFO - [2024-11-12T11:34:33.136+0000] {dag.py:3089} INFO - Sync 1 DAGs
[2024-11-12T11:34:33.206+0000] {logging_mixin.py:188} INFO - [2024-11-12T11:34:33.206+0000] {dag.py:3947} INFO - Setting next_dagrun for example_sla_dag to 2024-11-12 11:32:00+00:00, run_after=2024-11-12 11:34:00+00:00
[2024-11-12T11:34:33.255+0000] {processor.py:183} INFO - Processing /home/airflow/.local/lib/python3.12/site-packages/airflow/example_dags/example_sla_dag.py took 0.216 seconds
[2024-11-12T11:35:03.373+0000] {processor.py:161} INFO - Started process (PID=865) to work on /home/airflow/.local/lib/python3.12/site-packages/airflow/example_dags/example_sla_dag.py
[2024-11-12T11:35:03.375+0000] {processor.py:830} INFO - Processing file /home/airflow/.local/lib/python3.12/site-packages/airflow/example_dags/example_sla_dag.py for tasks to queue
[2024-11-12T11:35:03.378+0000] {logging_mixin.py:188} INFO - [2024-11-12T11:35:03.378+0000] {dagbag.py:545} INFO - Filling up the DagBag from /home/airflow/.local/lib/python3.12/site-packages/airflow/example_dags/example_sla_dag.py
[2024-11-12T11:35:03.393+0000] {processor.py:840} INFO - DAG(s) 'example_sla_dag' retrieved from /home/airflow/.local/lib/python3.12/site-packages/airflow/example_dags/example_sla_dag.py
[2024-11-12T11:35:03.460+0000] {logging_mixin.py:188} INFO - [2024-11-12T11:35:03.460+0000] {dag.py:3089} INFO - Sync 1 DAGs
[2024-11-12T11:35:03.517+0000] {logging_mixin.py:188} INFO - [2024-11-12T11:35:03.516+0000] {dag.py:3947} INFO - Setting next_dagrun for example_sla_dag to 2024-11-12 11:32:00+00:00, run_after=2024-11-12 11:34:00+00:00
[2024-11-12T11:35:03.561+0000] {processor.py:183} INFO - Processing /home/airflow/.local/lib/python3.12/site-packages/airflow/example_dags/example_sla_dag.py took 0.201 seconds
[2024-11-12T11:35:33.923+0000] {processor.py:161} INFO - Started process (PID=924) to work on /home/airflow/.local/lib/python3.12/site-packages/airflow/example_dags/example_sla_dag.py
[2024-11-12T11:35:33.924+0000] {processor.py:830} INFO - Processing file /home/airflow/.local/lib/python3.12/site-packages/airflow/example_dags/example_sla_dag.py for tasks to queue
[2024-11-12T11:35:33.928+0000] {logging_mixin.py:188} INFO - [2024-11-12T11:35:33.927+0000] {dagbag.py:545} INFO - Filling up the DagBag from /home/airflow/.local/lib/python3.12/site-packages/airflow/example_dags/example_sla_dag.py
[2024-11-12T11:35:33.941+0000] {processor.py:840} INFO - DAG(s) 'example_sla_dag' retrieved from /home/airflow/.local/lib/python3.12/site-packages/airflow/example_dags/example_sla_dag.py
[2024-11-12T11:35:33.979+0000] {logging_mixin.py:188} INFO - [2024-11-12T11:35:33.978+0000] {dag.py:3089} INFO - Sync 1 DAGs
[2024-11-12T11:35:34.028+0000] {logging_mixin.py:188} INFO - [2024-11-12T11:35:34.028+0000] {dag.py:3947} INFO - Setting next_dagrun for example_sla_dag to 2024-11-12 11:32:00+00:00, run_after=2024-11-12 11:34:00+00:00
[2024-11-12T11:35:34.061+0000] {processor.py:183} INFO - Processing /home/airflow/.local/lib/python3.12/site-packages/airflow/example_dags/example_sla_dag.py took 0.148 seconds
[2024-11-12T11:36:04.880+0000] {processor.py:161} INFO - Started process (PID=982) to work on /home/airflow/.local/lib/python3.12/site-packages/airflow/example_dags/example_sla_dag.py
[2024-11-12T11:36:04.883+0000] {processor.py:830} INFO - Processing file /home/airflow/.local/lib/python3.12/site-packages/airflow/example_dags/example_sla_dag.py for tasks to queue
[2024-11-12T11:36:04.889+0000] {logging_mixin.py:188} INFO - [2024-11-12T11:36:04.887+0000] {dagbag.py:545} INFO - Filling up the DagBag from /home/airflow/.local/lib/python3.12/site-packages/airflow/example_dags/example_sla_dag.py
[2024-11-12T11:36:04.913+0000] {processor.py:840} INFO - DAG(s) 'example_sla_dag' retrieved from /home/airflow/.local/lib/python3.12/site-packages/airflow/example_dags/example_sla_dag.py
[2024-11-12T11:36:04.962+0000] {logging_mixin.py:188} INFO - [2024-11-12T11:36:04.962+0000] {dag.py:3089} INFO - Sync 1 DAGs
[2024-11-12T11:36:05.007+0000] {logging_mixin.py:188} INFO - [2024-11-12T11:36:05.007+0000] {dag.py:3947} INFO - Setting next_dagrun for example_sla_dag to 2024-11-12 11:34:00+00:00, run_after=2024-11-12 11:36:00+00:00
[2024-11-12T11:36:05.051+0000] {processor.py:183} INFO - Processing /home/airflow/.local/lib/python3.12/site-packages/airflow/example_dags/example_sla_dag.py took 0.182 seconds
[2024-11-12T11:36:37.489+0000] {processor.py:161} INFO - Started process (PID=1041) to work on /home/airflow/.local/lib/python3.12/site-packages/airflow/example_dags/example_sla_dag.py
[2024-11-12T11:36:37.499+0000] {processor.py:830} INFO - Processing file /home/airflow/.local/lib/python3.12/site-packages/airflow/example_dags/example_sla_dag.py for tasks to queue
[2024-11-12T11:36:37.506+0000] {logging_mixin.py:188} INFO - [2024-11-12T11:36:37.505+0000] {dagbag.py:545} INFO - Filling up the DagBag from /home/airflow/.local/lib/python3.12/site-packages/airflow/example_dags/example_sla_dag.py
[2024-11-12T11:36:37.560+0000] {processor.py:840} INFO - DAG(s) 'example_sla_dag' retrieved from /home/airflow/.local/lib/python3.12/site-packages/airflow/example_dags/example_sla_dag.py
[2024-11-12T11:36:37.720+0000] {logging_mixin.py:188} INFO - [2024-11-12T11:36:37.719+0000] {dag.py:3089} INFO - Sync 1 DAGs
[2024-11-12T11:36:37.943+0000] {logging_mixin.py:188} INFO - [2024-11-12T11:36:37.942+0000] {dag.py:3947} INFO - Setting next_dagrun for example_sla_dag to 2024-11-12 11:34:00+00:00, run_after=2024-11-12 11:36:00+00:00
[2024-11-12T11:36:38.059+0000] {processor.py:183} INFO - Processing /home/airflow/.local/lib/python3.12/site-packages/airflow/example_dags/example_sla_dag.py took 0.671 seconds
[2024-11-12T11:37:08.650+0000] {processor.py:161} INFO - Started process (PID=1101) to work on /home/airflow/.local/lib/python3.12/site-packages/airflow/example_dags/example_sla_dag.py
[2024-11-12T11:37:08.652+0000] {processor.py:830} INFO - Processing file /home/airflow/.local/lib/python3.12/site-packages/airflow/example_dags/example_sla_dag.py for tasks to queue
[2024-11-12T11:37:08.656+0000] {logging_mixin.py:188} INFO - [2024-11-12T11:37:08.655+0000] {dagbag.py:545} INFO - Filling up the DagBag from /home/airflow/.local/lib/python3.12/site-packages/airflow/example_dags/example_sla_dag.py
[2024-11-12T11:37:08.682+0000] {processor.py:840} INFO - DAG(s) 'example_sla_dag' retrieved from /home/airflow/.local/lib/python3.12/site-packages/airflow/example_dags/example_sla_dag.py
[2024-11-12T11:37:08.749+0000] {logging_mixin.py:188} INFO - [2024-11-12T11:37:08.749+0000] {dag.py:3089} INFO - Sync 1 DAGs
[2024-11-12T11:37:08.814+0000] {logging_mixin.py:188} INFO - [2024-11-12T11:37:08.813+0000] {dag.py:3947} INFO - Setting next_dagrun for example_sla_dag to 2024-11-12 11:34:00+00:00, run_after=2024-11-12 11:36:00+00:00
[2024-11-12T11:37:08.855+0000] {processor.py:183} INFO - Processing /home/airflow/.local/lib/python3.12/site-packages/airflow/example_dags/example_sla_dag.py took 0.221 seconds
[2024-11-12T11:37:38.921+0000] {processor.py:161} INFO - Started process (PID=1160) to work on /home/airflow/.local/lib/python3.12/site-packages/airflow/example_dags/example_sla_dag.py
[2024-11-12T11:37:38.924+0000] {processor.py:830} INFO - Processing file /home/airflow/.local/lib/python3.12/site-packages/airflow/example_dags/example_sla_dag.py for tasks to queue
[2024-11-12T11:37:38.929+0000] {logging_mixin.py:188} INFO - [2024-11-12T11:37:38.928+0000] {dagbag.py:545} INFO - Filling up the DagBag from /home/airflow/.local/lib/python3.12/site-packages/airflow/example_dags/example_sla_dag.py
[2024-11-12T11:37:38.952+0000] {processor.py:840} INFO - DAG(s) 'example_sla_dag' retrieved from /home/airflow/.local/lib/python3.12/site-packages/airflow/example_dags/example_sla_dag.py
[2024-11-12T11:37:39.010+0000] {logging_mixin.py:188} INFO - [2024-11-12T11:37:39.010+0000] {dag.py:3089} INFO - Sync 1 DAGs
[2024-11-12T11:37:39.059+0000] {logging_mixin.py:188} INFO - [2024-11-12T11:37:39.058+0000] {dag.py:3947} INFO - Setting next_dagrun for example_sla_dag to 2024-11-12 11:34:00+00:00, run_after=2024-11-12 11:36:00+00:00
[2024-11-12T11:37:39.095+0000] {processor.py:183} INFO - Processing /home/airflow/.local/lib/python3.12/site-packages/airflow/example_dags/example_sla_dag.py took 0.185 seconds
[2024-11-12T11:38:09.342+0000] {processor.py:161} INFO - Started process (PID=1220) to work on /home/airflow/.local/lib/python3.12/site-packages/airflow/example_dags/example_sla_dag.py
[2024-11-12T11:38:09.344+0000] {processor.py:830} INFO - Processing file /home/airflow/.local/lib/python3.12/site-packages/airflow/example_dags/example_sla_dag.py for tasks to queue
[2024-11-12T11:38:09.347+0000] {logging_mixin.py:188} INFO - [2024-11-12T11:38:09.346+0000] {dagbag.py:545} INFO - Filling up the DagBag from /home/airflow/.local/lib/python3.12/site-packages/airflow/example_dags/example_sla_dag.py
[2024-11-12T11:38:09.365+0000] {processor.py:840} INFO - DAG(s) 'example_sla_dag' retrieved from /home/airflow/.local/lib/python3.12/site-packages/airflow/example_dags/example_sla_dag.py
[2024-11-12T11:38:09.405+0000] {logging_mixin.py:188} INFO - [2024-11-12T11:38:09.405+0000] {dag.py:3089} INFO - Sync 1 DAGs
[2024-11-12T11:38:09.451+0000] {logging_mixin.py:188} INFO - [2024-11-12T11:38:09.451+0000] {dag.py:3947} INFO - Setting next_dagrun for example_sla_dag to 2024-11-12 11:36:00+00:00, run_after=2024-11-12 11:38:00+00:00
[2024-11-12T11:38:09.491+0000] {processor.py:183} INFO - Processing /home/airflow/.local/lib/python3.12/site-packages/airflow/example_dags/example_sla_dag.py took 0.161 seconds
[2024-11-12T11:38:40.257+0000] {processor.py:161} INFO - Started process (PID=1279) to work on /home/airflow/.local/lib/python3.12/site-packages/airflow/example_dags/example_sla_dag.py
[2024-11-12T11:38:40.259+0000] {processor.py:830} INFO - Processing file /home/airflow/.local/lib/python3.12/site-packages/airflow/example_dags/example_sla_dag.py for tasks to queue
[2024-11-12T11:38:40.265+0000] {logging_mixin.py:188} INFO - [2024-11-12T11:38:40.264+0000] {dagbag.py:545} INFO - Filling up the DagBag from /home/airflow/.local/lib/python3.12/site-packages/airflow/example_dags/example_sla_dag.py
[2024-11-12T11:38:40.291+0000] {processor.py:840} INFO - DAG(s) 'example_sla_dag' retrieved from /home/airflow/.local/lib/python3.12/site-packages/airflow/example_dags/example_sla_dag.py
[2024-11-12T11:38:40.426+0000] {logging_mixin.py:188} INFO - [2024-11-12T11:38:40.426+0000] {dag.py:3089} INFO - Sync 1 DAGs
[2024-11-12T11:38:40.488+0000] {logging_mixin.py:188} INFO - [2024-11-12T11:38:40.488+0000] {dag.py:3947} INFO - Setting next_dagrun for example_sla_dag to 2024-11-12 11:36:00+00:00, run_after=2024-11-12 11:38:00+00:00
[2024-11-12T11:38:40.527+0000] {processor.py:183} INFO - Processing /home/airflow/.local/lib/python3.12/site-packages/airflow/example_dags/example_sla_dag.py took 0.291 seconds
[2024-11-12T11:39:10.851+0000] {processor.py:161} INFO - Started process (PID=1339) to work on /home/airflow/.local/lib/python3.12/site-packages/airflow/example_dags/example_sla_dag.py
[2024-11-12T11:39:10.854+0000] {processor.py:830} INFO - Processing file /home/airflow/.local/lib/python3.12/site-packages/airflow/example_dags/example_sla_dag.py for tasks to queue
[2024-11-12T11:39:10.863+0000] {logging_mixin.py:188} INFO - [2024-11-12T11:39:10.858+0000] {dagbag.py:545} INFO - Filling up the DagBag from /home/airflow/.local/lib/python3.12/site-packages/airflow/example_dags/example_sla_dag.py
[2024-11-12T11:39:10.906+0000] {processor.py:840} INFO - DAG(s) 'example_sla_dag' retrieved from /home/airflow/.local/lib/python3.12/site-packages/airflow/example_dags/example_sla_dag.py
[2024-11-12T11:39:10.995+0000] {logging_mixin.py:188} INFO - [2024-11-12T11:39:10.995+0000] {dag.py:3089} INFO - Sync 1 DAGs
[2024-11-12T11:39:11.247+0000] {logging_mixin.py:188} INFO - [2024-11-12T11:39:11.247+0000] {dag.py:3947} INFO - Setting next_dagrun for example_sla_dag to 2024-11-12 11:36:00+00:00, run_after=2024-11-12 11:38:00+00:00
[2024-11-12T11:39:11.453+0000] {processor.py:183} INFO - Processing /home/airflow/.local/lib/python3.12/site-packages/airflow/example_dags/example_sla_dag.py took 0.625 seconds
[2024-11-12T11:39:41.766+0000] {processor.py:161} INFO - Started process (PID=1399) to work on /home/airflow/.local/lib/python3.12/site-packages/airflow/example_dags/example_sla_dag.py
[2024-11-12T11:39:41.781+0000] {processor.py:830} INFO - Processing file /home/airflow/.local/lib/python3.12/site-packages/airflow/example_dags/example_sla_dag.py for tasks to queue
[2024-11-12T11:39:41.801+0000] {logging_mixin.py:188} INFO - [2024-11-12T11:39:41.800+0000] {dagbag.py:545} INFO - Filling up the DagBag from /home/airflow/.local/lib/python3.12/site-packages/airflow/example_dags/example_sla_dag.py
[2024-11-12T11:39:41.948+0000] {processor.py:840} INFO - DAG(s) 'example_sla_dag' retrieved from /home/airflow/.local/lib/python3.12/site-packages/airflow/example_dags/example_sla_dag.py
[2024-11-12T11:39:42.151+0000] {logging_mixin.py:188} INFO - [2024-11-12T11:39:42.150+0000] {dag.py:3089} INFO - Sync 1 DAGs
[2024-11-12T11:39:42.630+0000] {logging_mixin.py:188} INFO - [2024-11-12T11:39:42.629+0000] {dag.py:3947} INFO - Setting next_dagrun for example_sla_dag to 2024-11-12 11:36:00+00:00, run_after=2024-11-12 11:38:00+00:00
[2024-11-12T11:39:42.750+0000] {processor.py:183} INFO - Processing /home/airflow/.local/lib/python3.12/site-packages/airflow/example_dags/example_sla_dag.py took 1.012 seconds
[2024-11-12T11:40:12.932+0000] {processor.py:161} INFO - Started process (PID=1460) to work on /home/airflow/.local/lib/python3.12/site-packages/airflow/example_dags/example_sla_dag.py
[2024-11-12T11:40:12.934+0000] {processor.py:830} INFO - Processing file /home/airflow/.local/lib/python3.12/site-packages/airflow/example_dags/example_sla_dag.py for tasks to queue
[2024-11-12T11:40:12.937+0000] {logging_mixin.py:188} INFO - [2024-11-12T11:40:12.937+0000] {dagbag.py:545} INFO - Filling up the DagBag from /home/airflow/.local/lib/python3.12/site-packages/airflow/example_dags/example_sla_dag.py
[2024-11-12T11:40:12.955+0000] {processor.py:840} INFO - DAG(s) 'example_sla_dag' retrieved from /home/airflow/.local/lib/python3.12/site-packages/airflow/example_dags/example_sla_dag.py
[2024-11-12T11:40:13.060+0000] {logging_mixin.py:188} INFO - [2024-11-12T11:40:13.060+0000] {dag.py:3089} INFO - Sync 1 DAGs
[2024-11-12T11:40:13.118+0000] {logging_mixin.py:188} INFO - [2024-11-12T11:40:13.117+0000] {dag.py:3947} INFO - Setting next_dagrun for example_sla_dag to 2024-11-12 11:38:00+00:00, run_after=2024-11-12 11:40:00+00:00
[2024-11-12T11:40:13.166+0000] {processor.py:183} INFO - Processing /home/airflow/.local/lib/python3.12/site-packages/airflow/example_dags/example_sla_dag.py took 0.251 seconds
[2024-11-12T11:41:12.724+0000] {processor.py:161} INFO - Started process (PID=35) to work on /home/airflow/.local/lib/python3.12/site-packages/airflow/example_dags/example_sla_dag.py
[2024-11-12T11:41:12.727+0000] {processor.py:830} INFO - Processing file /home/airflow/.local/lib/python3.12/site-packages/airflow/example_dags/example_sla_dag.py for tasks to queue
[2024-11-12T11:41:12.732+0000] {logging_mixin.py:188} INFO - [2024-11-12T11:41:12.731+0000] {dagbag.py:545} INFO - Filling up the DagBag from /home/airflow/.local/lib/python3.12/site-packages/airflow/example_dags/example_sla_dag.py
[2024-11-12T11:41:12.768+0000] {processor.py:840} INFO - DAG(s) 'example_sla_dag' retrieved from /home/airflow/.local/lib/python3.12/site-packages/airflow/example_dags/example_sla_dag.py
[2024-11-12T11:41:12.956+0000] {logging_mixin.py:188} INFO - [2024-11-12T11:41:12.955+0000] {dag.py:3089} INFO - Sync 1 DAGs
[2024-11-12T11:41:13.063+0000] {logging_mixin.py:188} INFO - [2024-11-12T11:41:13.060+0000] {dag.py:3947} INFO - Setting next_dagrun for example_sla_dag to 2024-11-12 11:38:00+00:00, run_after=2024-11-12 11:40:00+00:00
[2024-11-12T11:41:13.203+0000] {processor.py:183} INFO - Processing /home/airflow/.local/lib/python3.12/site-packages/airflow/example_dags/example_sla_dag.py took 0.569 seconds
[2024-11-12T11:41:43.635+0000] {processor.py:161} INFO - Started process (PID=93) to work on /home/airflow/.local/lib/python3.12/site-packages/airflow/example_dags/example_sla_dag.py
[2024-11-12T11:41:43.677+0000] {processor.py:830} INFO - Processing file /home/airflow/.local/lib/python3.12/site-packages/airflow/example_dags/example_sla_dag.py for tasks to queue
[2024-11-12T11:41:43.680+0000] {logging_mixin.py:188} INFO - [2024-11-12T11:41:43.680+0000] {dagbag.py:545} INFO - Filling up the DagBag from /home/airflow/.local/lib/python3.12/site-packages/airflow/example_dags/example_sla_dag.py
[2024-11-12T11:41:43.869+0000] {processor.py:840} INFO - DAG(s) 'example_sla_dag' retrieved from /home/airflow/.local/lib/python3.12/site-packages/airflow/example_dags/example_sla_dag.py
[2024-11-12T11:41:44.108+0000] {logging_mixin.py:188} INFO - [2024-11-12T11:41:44.059+0000] {dag.py:3089} INFO - Sync 1 DAGs
[2024-11-12T11:41:44.317+0000] {logging_mixin.py:188} INFO - [2024-11-12T11:41:44.317+0000] {dag.py:3947} INFO - Setting next_dagrun for example_sla_dag to 2024-11-12 11:38:00+00:00, run_after=2024-11-12 11:40:00+00:00
[2024-11-12T11:41:44.387+0000] {processor.py:183} INFO - Processing /home/airflow/.local/lib/python3.12/site-packages/airflow/example_dags/example_sla_dag.py took 0.763 seconds
[2024-11-12T11:42:20.951+0000] {processor.py:161} INFO - Started process (PID=152) to work on /home/airflow/.local/lib/python3.12/site-packages/airflow/example_dags/example_sla_dag.py
[2024-11-12T11:42:20.961+0000] {processor.py:830} INFO - Processing file /home/airflow/.local/lib/python3.12/site-packages/airflow/example_dags/example_sla_dag.py for tasks to queue
[2024-11-12T11:42:20.966+0000] {logging_mixin.py:188} INFO - [2024-11-12T11:42:20.965+0000] {dagbag.py:545} INFO - Filling up the DagBag from /home/airflow/.local/lib/python3.12/site-packages/airflow/example_dags/example_sla_dag.py
[2024-11-12T11:42:21.062+0000] {processor.py:840} INFO - DAG(s) 'example_sla_dag' retrieved from /home/airflow/.local/lib/python3.12/site-packages/airflow/example_dags/example_sla_dag.py
[2024-11-12T11:42:21.273+0000] {logging_mixin.py:188} INFO - [2024-11-12T11:42:21.270+0000] {dag.py:3089} INFO - Sync 1 DAGs
[2024-11-12T11:42:21.665+0000] {logging_mixin.py:188} INFO - [2024-11-12T11:42:21.659+0000] {dag.py:3947} INFO - Setting next_dagrun for example_sla_dag to 2024-11-12 11:40:00+00:00, run_after=2024-11-12 11:42:00+00:00
[2024-11-12T11:42:22.008+0000] {processor.py:183} INFO - Processing /home/airflow/.local/lib/python3.12/site-packages/airflow/example_dags/example_sla_dag.py took 1.091 seconds
[2024-11-12T11:46:35.739+0000] {processor.py:161} INFO - Started process (PID=208) to work on /home/airflow/.local/lib/python3.12/site-packages/airflow/example_dags/example_sla_dag.py
[2024-11-12T11:46:35.742+0000] {processor.py:830} INFO - Processing file /home/airflow/.local/lib/python3.12/site-packages/airflow/example_dags/example_sla_dag.py for tasks to queue
[2024-11-12T11:46:35.747+0000] {logging_mixin.py:188} INFO - [2024-11-12T11:46:35.746+0000] {dagbag.py:545} INFO - Filling up the DagBag from /home/airflow/.local/lib/python3.12/site-packages/airflow/example_dags/example_sla_dag.py
[2024-11-12T11:46:35.790+0000] {processor.py:840} INFO - DAG(s) 'example_sla_dag' retrieved from /home/airflow/.local/lib/python3.12/site-packages/airflow/example_dags/example_sla_dag.py
[2024-11-12T11:46:35.966+0000] {logging_mixin.py:188} INFO - [2024-11-12T11:46:35.965+0000] {dag.py:3089} INFO - Sync 1 DAGs
[2024-11-12T11:46:36.432+0000] {logging_mixin.py:188} INFO - [2024-11-12T11:46:36.431+0000] {dag.py:3947} INFO - Setting next_dagrun for example_sla_dag to 2024-11-12 11:44:00+00:00, run_after=2024-11-12 11:46:00+00:00
[2024-11-12T11:46:36.595+0000] {processor.py:183} INFO - Processing /home/airflow/.local/lib/python3.12/site-packages/airflow/example_dags/example_sla_dag.py took 0.886 seconds
[2024-11-12T11:47:07.148+0000] {processor.py:161} INFO - Started process (PID=266) to work on /home/airflow/.local/lib/python3.12/site-packages/airflow/example_dags/example_sla_dag.py
[2024-11-12T11:47:07.153+0000] {processor.py:830} INFO - Processing file /home/airflow/.local/lib/python3.12/site-packages/airflow/example_dags/example_sla_dag.py for tasks to queue
[2024-11-12T11:47:07.166+0000] {logging_mixin.py:188} INFO - [2024-11-12T11:47:07.162+0000] {dagbag.py:545} INFO - Filling up the DagBag from /home/airflow/.local/lib/python3.12/site-packages/airflow/example_dags/example_sla_dag.py
[2024-11-12T11:47:07.209+0000] {processor.py:840} INFO - DAG(s) 'example_sla_dag' retrieved from /home/airflow/.local/lib/python3.12/site-packages/airflow/example_dags/example_sla_dag.py
[2024-11-12T11:47:07.448+0000] {logging_mixin.py:188} INFO - [2024-11-12T11:47:07.447+0000] {dag.py:3089} INFO - Sync 1 DAGs
[2024-11-12T11:47:07.546+0000] {logging_mixin.py:188} INFO - [2024-11-12T11:47:07.545+0000] {dag.py:3947} INFO - Setting next_dagrun for example_sla_dag to 2024-11-12 11:44:00+00:00, run_after=2024-11-12 11:46:00+00:00
[2024-11-12T11:47:07.768+0000] {processor.py:183} INFO - Processing /home/airflow/.local/lib/python3.12/site-packages/airflow/example_dags/example_sla_dag.py took 0.648 seconds
[2024-11-12T13:59:14.254+0000] {processor.py:161} INFO - Started process (PID=42) to work on /home/airflow/.local/lib/python3.12/site-packages/airflow/example_dags/example_sla_dag.py
[2024-11-12T13:59:14.263+0000] {processor.py:830} INFO - Processing file /home/airflow/.local/lib/python3.12/site-packages/airflow/example_dags/example_sla_dag.py for tasks to queue
[2024-11-12T13:59:14.268+0000] {logging_mixin.py:188} INFO - [2024-11-12T13:59:14.267+0000] {dagbag.py:545} INFO - Filling up the DagBag from /home/airflow/.local/lib/python3.12/site-packages/airflow/example_dags/example_sla_dag.py
[2024-11-12T13:59:14.350+0000] {processor.py:840} INFO - DAG(s) 'example_sla_dag' retrieved from /home/airflow/.local/lib/python3.12/site-packages/airflow/example_dags/example_sla_dag.py
[2024-11-12T13:59:15.308+0000] {logging_mixin.py:188} INFO - [2024-11-12T13:59:15.307+0000] {dag.py:3089} INFO - Sync 1 DAGs
[2024-11-12T13:59:15.666+0000] {logging_mixin.py:188} INFO - [2024-11-12T13:59:15.665+0000] {dag.py:3947} INFO - Setting next_dagrun for example_sla_dag to 2024-11-12 13:56:00+00:00, run_after=2024-11-12 13:58:00+00:00
[2024-11-12T13:59:16.103+0000] {processor.py:183} INFO - Processing /home/airflow/.local/lib/python3.12/site-packages/airflow/example_dags/example_sla_dag.py took 1.884 seconds
[2024-11-12T14:02:39.125+0000] {processor.py:161} INFO - Started process (PID=42) to work on /home/airflow/.local/lib/python3.12/site-packages/airflow/example_dags/example_sla_dag.py
[2024-11-12T14:02:39.132+0000] {processor.py:830} INFO - Processing file /home/airflow/.local/lib/python3.12/site-packages/airflow/example_dags/example_sla_dag.py for tasks to queue
[2024-11-12T14:02:39.141+0000] {logging_mixin.py:188} INFO - [2024-11-12T14:02:39.140+0000] {dagbag.py:545} INFO - Filling up the DagBag from /home/airflow/.local/lib/python3.12/site-packages/airflow/example_dags/example_sla_dag.py
[2024-11-12T14:02:39.201+0000] {processor.py:840} INFO - DAG(s) 'example_sla_dag' retrieved from /home/airflow/.local/lib/python3.12/site-packages/airflow/example_dags/example_sla_dag.py
[2024-11-12T14:02:41.722+0000] {logging_mixin.py:188} INFO - [2024-11-12T14:02:41.715+0000] {dag.py:3089} INFO - Sync 1 DAGs
[2024-11-12T14:02:42.396+0000] {logging_mixin.py:188} INFO - [2024-11-12T14:02:42.396+0000] {dag.py:3947} INFO - Setting next_dagrun for example_sla_dag to 2024-11-12 14:00:00+00:00, run_after=2024-11-12 14:02:00+00:00
[2024-11-12T14:02:42.673+0000] {processor.py:183} INFO - Processing /home/airflow/.local/lib/python3.12/site-packages/airflow/example_dags/example_sla_dag.py took 3.595 seconds
[2024-11-12T14:04:13.113+0000] {processor.py:161} INFO - Started process (PID=108) to work on /home/airflow/.local/lib/python3.12/site-packages/airflow/example_dags/example_sla_dag.py
[2024-11-12T14:04:13.118+0000] {processor.py:830} INFO - Processing file /home/airflow/.local/lib/python3.12/site-packages/airflow/example_dags/example_sla_dag.py for tasks to queue
[2024-11-12T14:04:13.130+0000] {logging_mixin.py:188} INFO - [2024-11-12T14:04:13.129+0000] {dagbag.py:545} INFO - Filling up the DagBag from /home/airflow/.local/lib/python3.12/site-packages/airflow/example_dags/example_sla_dag.py
[2024-11-12T14:04:13.184+0000] {processor.py:840} INFO - DAG(s) 'example_sla_dag' retrieved from /home/airflow/.local/lib/python3.12/site-packages/airflow/example_dags/example_sla_dag.py
[2024-11-12T14:04:13.266+0000] {logging_mixin.py:188} INFO - [2024-11-12T14:04:13.265+0000] {dag.py:3089} INFO - Sync 1 DAGs
[2024-11-12T14:04:13.400+0000] {logging_mixin.py:188} INFO - [2024-11-12T14:04:13.399+0000] {dag.py:3947} INFO - Setting next_dagrun for example_sla_dag to 2024-11-12 14:02:00+00:00, run_after=2024-11-12 14:04:00+00:00
[2024-11-12T14:04:13.512+0000] {processor.py:183} INFO - Processing /home/airflow/.local/lib/python3.12/site-packages/airflow/example_dags/example_sla_dag.py took 0.420 seconds
[2024-11-12T14:04:45.080+0000] {processor.py:161} INFO - Started process (PID=168) to work on /home/airflow/.local/lib/python3.12/site-packages/airflow/example_dags/example_sla_dag.py
[2024-11-12T14:04:45.083+0000] {processor.py:830} INFO - Processing file /home/airflow/.local/lib/python3.12/site-packages/airflow/example_dags/example_sla_dag.py for tasks to queue
[2024-11-12T14:04:45.089+0000] {logging_mixin.py:188} INFO - [2024-11-12T14:04:45.088+0000] {dagbag.py:545} INFO - Filling up the DagBag from /home/airflow/.local/lib/python3.12/site-packages/airflow/example_dags/example_sla_dag.py
[2024-11-12T14:04:45.159+0000] {processor.py:840} INFO - DAG(s) 'example_sla_dag' retrieved from /home/airflow/.local/lib/python3.12/site-packages/airflow/example_dags/example_sla_dag.py
[2024-11-12T14:04:45.247+0000] {logging_mixin.py:188} INFO - [2024-11-12T14:04:45.246+0000] {dag.py:3089} INFO - Sync 1 DAGs
[2024-11-12T14:04:45.331+0000] {logging_mixin.py:188} INFO - [2024-11-12T14:04:45.330+0000] {dag.py:3947} INFO - Setting next_dagrun for example_sla_dag to 2024-11-12 14:02:00+00:00, run_after=2024-11-12 14:04:00+00:00
[2024-11-12T14:04:45.388+0000] {processor.py:183} INFO - Processing /home/airflow/.local/lib/python3.12/site-packages/airflow/example_dags/example_sla_dag.py took 0.401 seconds
[2024-11-12T14:05:16.905+0000] {processor.py:161} INFO - Started process (PID=235) to work on /home/airflow/.local/lib/python3.12/site-packages/airflow/example_dags/example_sla_dag.py
[2024-11-12T14:05:16.910+0000] {processor.py:830} INFO - Processing file /home/airflow/.local/lib/python3.12/site-packages/airflow/example_dags/example_sla_dag.py for tasks to queue
[2024-11-12T14:05:16.917+0000] {logging_mixin.py:188} INFO - [2024-11-12T14:05:16.916+0000] {dagbag.py:545} INFO - Filling up the DagBag from /home/airflow/.local/lib/python3.12/site-packages/airflow/example_dags/example_sla_dag.py
[2024-11-12T14:05:16.946+0000] {processor.py:840} INFO - DAG(s) 'example_sla_dag' retrieved from /home/airflow/.local/lib/python3.12/site-packages/airflow/example_dags/example_sla_dag.py
[2024-11-12T14:05:17.002+0000] {logging_mixin.py:188} INFO - [2024-11-12T14:05:17.002+0000] {dag.py:3089} INFO - Sync 1 DAGs
[2024-11-12T14:05:17.100+0000] {logging_mixin.py:188} INFO - [2024-11-12T14:05:17.100+0000] {dag.py:3947} INFO - Setting next_dagrun for example_sla_dag to 2024-11-12 14:02:00+00:00, run_after=2024-11-12 14:04:00+00:00
[2024-11-12T14:05:17.150+0000] {processor.py:183} INFO - Processing /home/airflow/.local/lib/python3.12/site-packages/airflow/example_dags/example_sla_dag.py took 0.284 seconds
[2024-11-12T14:05:48.861+0000] {processor.py:161} INFO - Started process (PID=291) to work on /home/airflow/.local/lib/python3.12/site-packages/airflow/example_dags/example_sla_dag.py
[2024-11-12T14:05:48.866+0000] {processor.py:830} INFO - Processing file /home/airflow/.local/lib/python3.12/site-packages/airflow/example_dags/example_sla_dag.py for tasks to queue
[2024-11-12T14:05:48.882+0000] {logging_mixin.py:188} INFO - [2024-11-12T14:05:48.881+0000] {dagbag.py:545} INFO - Filling up the DagBag from /home/airflow/.local/lib/python3.12/site-packages/airflow/example_dags/example_sla_dag.py
[2024-11-12T14:05:48.919+0000] {processor.py:840} INFO - DAG(s) 'example_sla_dag' retrieved from /home/airflow/.local/lib/python3.12/site-packages/airflow/example_dags/example_sla_dag.py
[2024-11-12T14:05:49.002+0000] {logging_mixin.py:188} INFO - [2024-11-12T14:05:49.001+0000] {dag.py:3089} INFO - Sync 1 DAGs
[2024-11-12T14:05:49.128+0000] {logging_mixin.py:188} INFO - [2024-11-12T14:05:49.125+0000] {dag.py:3947} INFO - Setting next_dagrun for example_sla_dag to 2024-11-12 14:02:00+00:00, run_after=2024-11-12 14:04:00+00:00
[2024-11-12T14:05:49.382+0000] {processor.py:183} INFO - Processing /home/airflow/.local/lib/python3.12/site-packages/airflow/example_dags/example_sla_dag.py took 0.545 seconds
[2024-11-12T14:06:21.886+0000] {processor.py:161} INFO - Started process (PID=334) to work on /home/airflow/.local/lib/python3.12/site-packages/airflow/example_dags/example_sla_dag.py
[2024-11-12T14:06:21.890+0000] {processor.py:830} INFO - Processing file /home/airflow/.local/lib/python3.12/site-packages/airflow/example_dags/example_sla_dag.py for tasks to queue
[2024-11-12T14:06:21.901+0000] {logging_mixin.py:188} INFO - [2024-11-12T14:06:21.898+0000] {dagbag.py:545} INFO - Filling up the DagBag from /home/airflow/.local/lib/python3.12/site-packages/airflow/example_dags/example_sla_dag.py
[2024-11-12T14:06:21.946+0000] {processor.py:840} INFO - DAG(s) 'example_sla_dag' retrieved from /home/airflow/.local/lib/python3.12/site-packages/airflow/example_dags/example_sla_dag.py
[2024-11-12T14:06:22.075+0000] {logging_mixin.py:188} INFO - [2024-11-12T14:06:22.075+0000] {dag.py:3089} INFO - Sync 1 DAGs
[2024-11-12T14:06:22.373+0000] {logging_mixin.py:188} INFO - [2024-11-12T14:06:22.372+0000] {dag.py:3947} INFO - Setting next_dagrun for example_sla_dag to 2024-11-12 14:04:00+00:00, run_after=2024-11-12 14:06:00+00:00
[2024-11-12T14:06:22.684+0000] {processor.py:183} INFO - Processing /home/airflow/.local/lib/python3.12/site-packages/airflow/example_dags/example_sla_dag.py took 0.865 seconds
[2024-11-12T14:07:10.418+0000] {processor.py:161} INFO - Started process (PID=378) to work on /home/airflow/.local/lib/python3.12/site-packages/airflow/example_dags/example_sla_dag.py
[2024-11-12T14:07:10.431+0000] {processor.py:830} INFO - Processing file /home/airflow/.local/lib/python3.12/site-packages/airflow/example_dags/example_sla_dag.py for tasks to queue
[2024-11-12T14:07:10.552+0000] {logging_mixin.py:188} INFO - [2024-11-12T14:07:10.542+0000] {dagbag.py:545} INFO - Filling up the DagBag from /home/airflow/.local/lib/python3.12/site-packages/airflow/example_dags/example_sla_dag.py
[2024-11-12T14:07:10.801+0000] {processor.py:840} INFO - DAG(s) 'example_sla_dag' retrieved from /home/airflow/.local/lib/python3.12/site-packages/airflow/example_dags/example_sla_dag.py
[2024-11-12T14:07:11.686+0000] {logging_mixin.py:188} INFO - [2024-11-12T14:07:11.684+0000] {dag.py:3089} INFO - Sync 1 DAGs
[2024-11-12T14:07:12.130+0000] {logging_mixin.py:188} INFO - [2024-11-12T14:07:12.130+0000] {dag.py:3947} INFO - Setting next_dagrun for example_sla_dag to 2024-11-12 14:04:00+00:00, run_after=2024-11-12 14:06:00+00:00
[2024-11-12T14:07:12.552+0000] {processor.py:183} INFO - Processing /home/airflow/.local/lib/python3.12/site-packages/airflow/example_dags/example_sla_dag.py took 2.268 seconds
[2024-11-12T14:07:54.205+0000] {processor.py:161} INFO - Started process (PID=418) to work on /home/airflow/.local/lib/python3.12/site-packages/airflow/example_dags/example_sla_dag.py
[2024-11-12T14:07:54.218+0000] {processor.py:830} INFO - Processing file /home/airflow/.local/lib/python3.12/site-packages/airflow/example_dags/example_sla_dag.py for tasks to queue
[2024-11-12T14:07:54.255+0000] {logging_mixin.py:188} INFO - [2024-11-12T14:07:54.254+0000] {dagbag.py:545} INFO - Filling up the DagBag from /home/airflow/.local/lib/python3.12/site-packages/airflow/example_dags/example_sla_dag.py
[2024-11-12T14:07:54.530+0000] {processor.py:840} INFO - DAG(s) 'example_sla_dag' retrieved from /home/airflow/.local/lib/python3.12/site-packages/airflow/example_dags/example_sla_dag.py
[2024-11-12T14:07:54.773+0000] {logging_mixin.py:188} INFO - [2024-11-12T14:07:54.772+0000] {dag.py:3089} INFO - Sync 1 DAGs
[2024-11-12T14:07:55.264+0000] {logging_mixin.py:188} INFO - [2024-11-12T14:07:55.263+0000] {dag.py:3947} INFO - Setting next_dagrun for example_sla_dag to 2024-11-12 14:04:00+00:00, run_after=2024-11-12 14:06:00+00:00
[2024-11-12T14:07:55.603+0000] {processor.py:183} INFO - Processing /home/airflow/.local/lib/python3.12/site-packages/airflow/example_dags/example_sla_dag.py took 1.474 seconds
[2024-11-12T14:10:30.042+0000] {processor.py:161} INFO - Started process (PID=490) to work on /home/airflow/.local/lib/python3.12/site-packages/airflow/example_dags/example_sla_dag.py
[2024-11-12T14:10:30.048+0000] {processor.py:830} INFO - Processing file /home/airflow/.local/lib/python3.12/site-packages/airflow/example_dags/example_sla_dag.py for tasks to queue
[2024-11-12T14:10:30.053+0000] {logging_mixin.py:188} INFO - [2024-11-12T14:10:30.051+0000] {dagbag.py:545} INFO - Filling up the DagBag from /home/airflow/.local/lib/python3.12/site-packages/airflow/example_dags/example_sla_dag.py
[2024-11-12T14:10:30.147+0000] {processor.py:840} INFO - DAG(s) 'example_sla_dag' retrieved from /home/airflow/.local/lib/python3.12/site-packages/airflow/example_dags/example_sla_dag.py
[2024-11-12T14:10:30.414+0000] {logging_mixin.py:188} INFO - [2024-11-12T14:10:30.412+0000] {dag.py:3089} INFO - Sync 1 DAGs
[2024-11-12T14:10:31.059+0000] {logging_mixin.py:188} INFO - [2024-11-12T14:10:31.057+0000] {dag.py:3947} INFO - Setting next_dagrun for example_sla_dag to 2024-11-12 14:08:00+00:00, run_after=2024-11-12 14:10:00+00:00
[2024-11-12T14:10:31.232+0000] {processor.py:183} INFO - Processing /home/airflow/.local/lib/python3.12/site-packages/airflow/example_dags/example_sla_dag.py took 1.232 seconds
