[2024-11-12T11:21:32.412+0000] {processor.py:161} INFO - Started process (PID=57) to work on /home/airflow/.local/lib/python3.12/site-packages/airflow/example_dags/example_task_group.py
[2024-11-12T11:21:32.415+0000] {processor.py:830} INFO - Processing file /home/airflow/.local/lib/python3.12/site-packages/airflow/example_dags/example_task_group.py for tasks to queue
[2024-11-12T11:21:32.421+0000] {logging_mixin.py:188} INFO - [2024-11-12T11:21:32.420+0000] {dagbag.py:545} INFO - Filling up the DagBag from /home/airflow/.local/lib/python3.12/site-packages/airflow/example_dags/example_task_group.py
[2024-11-12T11:21:32.476+0000] {processor.py:840} INFO - DAG(s) 'example_task_group' retrieved from /home/airflow/.local/lib/python3.12/site-packages/airflow/example_dags/example_task_group.py
[2024-11-12T11:21:33.160+0000] {logging_mixin.py:188} INFO - [2024-11-12T11:21:33.160+0000] {dag.py:3089} INFO - Sync 1 DAGs
[2024-11-12T11:21:33.614+0000] {logging_mixin.py:188} INFO - [2024-11-12T11:21:33.614+0000] {dag.py:3947} INFO - Setting next_dagrun for example_task_group to 2024-11-11 00:00:00+00:00, run_after=2024-11-12 00:00:00+00:00
[2024-11-12T11:21:33.815+0000] {processor.py:183} INFO - Processing /home/airflow/.local/lib/python3.12/site-packages/airflow/example_dags/example_task_group.py took 1.433 seconds
[2024-11-12T11:22:03.900+0000] {processor.py:161} INFO - Started process (PID=115) to work on /home/airflow/.local/lib/python3.12/site-packages/airflow/example_dags/example_task_group.py
[2024-11-12T11:22:03.902+0000] {processor.py:830} INFO - Processing file /home/airflow/.local/lib/python3.12/site-packages/airflow/example_dags/example_task_group.py for tasks to queue
[2024-11-12T11:22:03.905+0000] {logging_mixin.py:188} INFO - [2024-11-12T11:22:03.904+0000] {dagbag.py:545} INFO - Filling up the DagBag from /home/airflow/.local/lib/python3.12/site-packages/airflow/example_dags/example_task_group.py
[2024-11-12T11:22:03.917+0000] {processor.py:840} INFO - DAG(s) 'example_task_group' retrieved from /home/airflow/.local/lib/python3.12/site-packages/airflow/example_dags/example_task_group.py
[2024-11-12T11:22:03.955+0000] {logging_mixin.py:188} INFO - [2024-11-12T11:22:03.955+0000] {dag.py:3089} INFO - Sync 1 DAGs
[2024-11-12T11:22:03.993+0000] {logging_mixin.py:188} INFO - [2024-11-12T11:22:03.992+0000] {dag.py:3947} INFO - Setting next_dagrun for example_task_group to 2024-11-11 00:00:00+00:00, run_after=2024-11-12 00:00:00+00:00
[2024-11-12T11:22:04.033+0000] {processor.py:183} INFO - Processing /home/airflow/.local/lib/python3.12/site-packages/airflow/example_dags/example_task_group.py took 0.144 seconds
[2024-11-12T11:22:34.984+0000] {processor.py:161} INFO - Started process (PID=175) to work on /home/airflow/.local/lib/python3.12/site-packages/airflow/example_dags/example_task_group.py
[2024-11-12T11:22:34.990+0000] {processor.py:830} INFO - Processing file /home/airflow/.local/lib/python3.12/site-packages/airflow/example_dags/example_task_group.py for tasks to queue
[2024-11-12T11:22:34.994+0000] {logging_mixin.py:188} INFO - [2024-11-12T11:22:34.993+0000] {dagbag.py:545} INFO - Filling up the DagBag from /home/airflow/.local/lib/python3.12/site-packages/airflow/example_dags/example_task_group.py
[2024-11-12T11:22:35.030+0000] {processor.py:840} INFO - DAG(s) 'example_task_group' retrieved from /home/airflow/.local/lib/python3.12/site-packages/airflow/example_dags/example_task_group.py
[2024-11-12T11:22:35.079+0000] {logging_mixin.py:188} INFO - [2024-11-12T11:22:35.079+0000] {dag.py:3089} INFO - Sync 1 DAGs
[2024-11-12T11:22:35.131+0000] {logging_mixin.py:188} INFO - [2024-11-12T11:22:35.130+0000] {dag.py:3947} INFO - Setting next_dagrun for example_task_group to 2024-11-11 00:00:00+00:00, run_after=2024-11-12 00:00:00+00:00
[2024-11-12T11:22:35.224+0000] {processor.py:183} INFO - Processing /home/airflow/.local/lib/python3.12/site-packages/airflow/example_dags/example_task_group.py took 0.250 seconds
[2024-11-12T11:23:06.154+0000] {processor.py:161} INFO - Started process (PID=233) to work on /home/airflow/.local/lib/python3.12/site-packages/airflow/example_dags/example_task_group.py
[2024-11-12T11:23:06.156+0000] {processor.py:830} INFO - Processing file /home/airflow/.local/lib/python3.12/site-packages/airflow/example_dags/example_task_group.py for tasks to queue
[2024-11-12T11:23:06.160+0000] {logging_mixin.py:188} INFO - [2024-11-12T11:23:06.160+0000] {dagbag.py:545} INFO - Filling up the DagBag from /home/airflow/.local/lib/python3.12/site-packages/airflow/example_dags/example_task_group.py
[2024-11-12T11:23:06.177+0000] {processor.py:840} INFO - DAG(s) 'example_task_group' retrieved from /home/airflow/.local/lib/python3.12/site-packages/airflow/example_dags/example_task_group.py
[2024-11-12T11:23:06.290+0000] {logging_mixin.py:188} INFO - [2024-11-12T11:23:06.289+0000] {dag.py:3089} INFO - Sync 1 DAGs
[2024-11-12T11:23:06.404+0000] {logging_mixin.py:188} INFO - [2024-11-12T11:23:06.403+0000] {dag.py:3947} INFO - Setting next_dagrun for example_task_group to 2024-11-11 00:00:00+00:00, run_after=2024-11-12 00:00:00+00:00
[2024-11-12T11:23:06.464+0000] {processor.py:183} INFO - Processing /home/airflow/.local/lib/python3.12/site-packages/airflow/example_dags/example_task_group.py took 0.327 seconds
[2024-11-12T11:23:36.958+0000] {processor.py:161} INFO - Started process (PID=293) to work on /home/airflow/.local/lib/python3.12/site-packages/airflow/example_dags/example_task_group.py
[2024-11-12T11:23:36.960+0000] {processor.py:830} INFO - Processing file /home/airflow/.local/lib/python3.12/site-packages/airflow/example_dags/example_task_group.py for tasks to queue
[2024-11-12T11:23:36.964+0000] {logging_mixin.py:188} INFO - [2024-11-12T11:23:36.963+0000] {dagbag.py:545} INFO - Filling up the DagBag from /home/airflow/.local/lib/python3.12/site-packages/airflow/example_dags/example_task_group.py
[2024-11-12T11:23:36.977+0000] {processor.py:840} INFO - DAG(s) 'example_task_group' retrieved from /home/airflow/.local/lib/python3.12/site-packages/airflow/example_dags/example_task_group.py
[2024-11-12T11:23:37.015+0000] {logging_mixin.py:188} INFO - [2024-11-12T11:23:37.015+0000] {dag.py:3089} INFO - Sync 1 DAGs
[2024-11-12T11:23:37.057+0000] {logging_mixin.py:188} INFO - [2024-11-12T11:23:37.057+0000] {dag.py:3947} INFO - Setting next_dagrun for example_task_group to 2024-11-11 00:00:00+00:00, run_after=2024-11-12 00:00:00+00:00
[2024-11-12T11:23:37.091+0000] {processor.py:183} INFO - Processing /home/airflow/.local/lib/python3.12/site-packages/airflow/example_dags/example_task_group.py took 0.147 seconds
[2024-11-12T11:27:36.677+0000] {processor.py:161} INFO - Started process (PID=56) to work on /home/airflow/.local/lib/python3.12/site-packages/airflow/example_dags/example_task_group.py
[2024-11-12T11:27:36.680+0000] {processor.py:830} INFO - Processing file /home/airflow/.local/lib/python3.12/site-packages/airflow/example_dags/example_task_group.py for tasks to queue
[2024-11-12T11:27:36.693+0000] {logging_mixin.py:188} INFO - [2024-11-12T11:27:36.692+0000] {dagbag.py:545} INFO - Filling up the DagBag from /home/airflow/.local/lib/python3.12/site-packages/airflow/example_dags/example_task_group.py
[2024-11-12T11:27:36.736+0000] {processor.py:840} INFO - DAG(s) 'example_task_group' retrieved from /home/airflow/.local/lib/python3.12/site-packages/airflow/example_dags/example_task_group.py
[2024-11-12T11:27:37.343+0000] {logging_mixin.py:188} INFO - [2024-11-12T11:27:37.342+0000] {dag.py:3089} INFO - Sync 1 DAGs
[2024-11-12T11:27:37.390+0000] {logging_mixin.py:188} INFO - [2024-11-12T11:27:37.389+0000] {dag.py:3947} INFO - Setting next_dagrun for example_task_group to 2024-11-11 00:00:00+00:00, run_after=2024-11-12 00:00:00+00:00
[2024-11-12T11:27:37.449+0000] {processor.py:183} INFO - Processing /home/airflow/.local/lib/python3.12/site-packages/airflow/example_dags/example_task_group.py took 0.859 seconds
[2024-11-12T11:28:08.152+0000] {processor.py:161} INFO - Started process (PID=116) to work on /home/airflow/.local/lib/python3.12/site-packages/airflow/example_dags/example_task_group.py
[2024-11-12T11:28:08.156+0000] {processor.py:830} INFO - Processing file /home/airflow/.local/lib/python3.12/site-packages/airflow/example_dags/example_task_group.py for tasks to queue
[2024-11-12T11:28:08.164+0000] {logging_mixin.py:188} INFO - [2024-11-12T11:28:08.163+0000] {dagbag.py:545} INFO - Filling up the DagBag from /home/airflow/.local/lib/python3.12/site-packages/airflow/example_dags/example_task_group.py
[2024-11-12T11:28:08.185+0000] {processor.py:840} INFO - DAG(s) 'example_task_group' retrieved from /home/airflow/.local/lib/python3.12/site-packages/airflow/example_dags/example_task_group.py
[2024-11-12T11:28:08.268+0000] {logging_mixin.py:188} INFO - [2024-11-12T11:28:08.268+0000] {dag.py:3089} INFO - Sync 1 DAGs
[2024-11-12T11:28:08.425+0000] {logging_mixin.py:188} INFO - [2024-11-12T11:28:08.424+0000] {dag.py:3947} INFO - Setting next_dagrun for example_task_group to 2024-11-11 00:00:00+00:00, run_after=2024-11-12 00:00:00+00:00
[2024-11-12T11:28:08.510+0000] {processor.py:183} INFO - Processing /home/airflow/.local/lib/python3.12/site-packages/airflow/example_dags/example_task_group.py took 0.376 seconds
[2024-11-12T11:28:38.824+0000] {processor.py:161} INFO - Started process (PID=176) to work on /home/airflow/.local/lib/python3.12/site-packages/airflow/example_dags/example_task_group.py
[2024-11-12T11:28:38.826+0000] {processor.py:830} INFO - Processing file /home/airflow/.local/lib/python3.12/site-packages/airflow/example_dags/example_task_group.py for tasks to queue
[2024-11-12T11:28:38.832+0000] {logging_mixin.py:188} INFO - [2024-11-12T11:28:38.832+0000] {dagbag.py:545} INFO - Filling up the DagBag from /home/airflow/.local/lib/python3.12/site-packages/airflow/example_dags/example_task_group.py
[2024-11-12T11:28:38.852+0000] {processor.py:840} INFO - DAG(s) 'example_task_group' retrieved from /home/airflow/.local/lib/python3.12/site-packages/airflow/example_dags/example_task_group.py
[2024-11-12T11:28:38.918+0000] {logging_mixin.py:188} INFO - [2024-11-12T11:28:38.917+0000] {dag.py:3089} INFO - Sync 1 DAGs
[2024-11-12T11:28:38.986+0000] {logging_mixin.py:188} INFO - [2024-11-12T11:28:38.985+0000] {dag.py:3947} INFO - Setting next_dagrun for example_task_group to 2024-11-11 00:00:00+00:00, run_after=2024-11-12 00:00:00+00:00
[2024-11-12T11:28:39.093+0000] {processor.py:183} INFO - Processing /home/airflow/.local/lib/python3.12/site-packages/airflow/example_dags/example_task_group.py took 0.283 seconds
[2024-11-12T11:29:09.747+0000] {processor.py:161} INFO - Started process (PID=236) to work on /home/airflow/.local/lib/python3.12/site-packages/airflow/example_dags/example_task_group.py
[2024-11-12T11:29:09.749+0000] {processor.py:830} INFO - Processing file /home/airflow/.local/lib/python3.12/site-packages/airflow/example_dags/example_task_group.py for tasks to queue
[2024-11-12T11:29:09.754+0000] {logging_mixin.py:188} INFO - [2024-11-12T11:29:09.753+0000] {dagbag.py:545} INFO - Filling up the DagBag from /home/airflow/.local/lib/python3.12/site-packages/airflow/example_dags/example_task_group.py
[2024-11-12T11:29:09.775+0000] {processor.py:840} INFO - DAG(s) 'example_task_group' retrieved from /home/airflow/.local/lib/python3.12/site-packages/airflow/example_dags/example_task_group.py
[2024-11-12T11:29:09.877+0000] {logging_mixin.py:188} INFO - [2024-11-12T11:29:09.876+0000] {dag.py:3089} INFO - Sync 1 DAGs
[2024-11-12T11:29:09.969+0000] {logging_mixin.py:188} INFO - [2024-11-12T11:29:09.968+0000] {dag.py:3947} INFO - Setting next_dagrun for example_task_group to 2024-11-11 00:00:00+00:00, run_after=2024-11-12 00:00:00+00:00
[2024-11-12T11:29:10.020+0000] {processor.py:183} INFO - Processing /home/airflow/.local/lib/python3.12/site-packages/airflow/example_dags/example_task_group.py took 0.297 seconds
[2024-11-12T11:30:10.174+0000] {processor.py:161} INFO - Started process (PID=301) to work on /home/airflow/.local/lib/python3.12/site-packages/airflow/example_dags/example_task_group.py
[2024-11-12T11:30:10.198+0000] {processor.py:830} INFO - Processing file /home/airflow/.local/lib/python3.12/site-packages/airflow/example_dags/example_task_group.py for tasks to queue
[2024-11-12T11:30:10.205+0000] {logging_mixin.py:188} INFO - [2024-11-12T11:30:10.204+0000] {dagbag.py:545} INFO - Filling up the DagBag from /home/airflow/.local/lib/python3.12/site-packages/airflow/example_dags/example_task_group.py
[2024-11-12T11:30:10.458+0000] {processor.py:840} INFO - DAG(s) 'example_task_group' retrieved from /home/airflow/.local/lib/python3.12/site-packages/airflow/example_dags/example_task_group.py
[2024-11-12T11:30:11.440+0000] {logging_mixin.py:188} INFO - [2024-11-12T11:30:11.439+0000] {dag.py:3089} INFO - Sync 1 DAGs
[2024-11-12T11:30:11.791+0000] {logging_mixin.py:188} INFO - [2024-11-12T11:30:11.790+0000] {dag.py:3947} INFO - Setting next_dagrun for example_task_group to 2024-11-11 00:00:00+00:00, run_after=2024-11-12 00:00:00+00:00
[2024-11-12T11:30:12.255+0000] {processor.py:183} INFO - Processing /home/airflow/.local/lib/python3.12/site-packages/airflow/example_dags/example_task_group.py took 2.166 seconds
[2024-11-12T11:30:46.873+0000] {processor.py:161} INFO - Started process (PID=361) to work on /home/airflow/.local/lib/python3.12/site-packages/airflow/example_dags/example_task_group.py
[2024-11-12T11:30:46.877+0000] {processor.py:830} INFO - Processing file /home/airflow/.local/lib/python3.12/site-packages/airflow/example_dags/example_task_group.py for tasks to queue
[2024-11-12T11:30:46.884+0000] {logging_mixin.py:188} INFO - [2024-11-12T11:30:46.882+0000] {dagbag.py:545} INFO - Filling up the DagBag from /home/airflow/.local/lib/python3.12/site-packages/airflow/example_dags/example_task_group.py
[2024-11-12T11:30:46.904+0000] {processor.py:840} INFO - DAG(s) 'example_task_group' retrieved from /home/airflow/.local/lib/python3.12/site-packages/airflow/example_dags/example_task_group.py
[2024-11-12T11:30:47.053+0000] {logging_mixin.py:188} INFO - [2024-11-12T11:30:47.053+0000] {dag.py:3089} INFO - Sync 1 DAGs
[2024-11-12T11:30:47.204+0000] {logging_mixin.py:188} INFO - [2024-11-12T11:30:47.203+0000] {dag.py:3947} INFO - Setting next_dagrun for example_task_group to 2024-11-11 00:00:00+00:00, run_after=2024-11-12 00:00:00+00:00
[2024-11-12T11:30:47.289+0000] {processor.py:183} INFO - Processing /home/airflow/.local/lib/python3.12/site-packages/airflow/example_dags/example_task_group.py took 0.447 seconds
[2024-11-12T11:31:19.647+0000] {processor.py:161} INFO - Started process (PID=420) to work on /home/airflow/.local/lib/python3.12/site-packages/airflow/example_dags/example_task_group.py
[2024-11-12T11:31:19.650+0000] {processor.py:830} INFO - Processing file /home/airflow/.local/lib/python3.12/site-packages/airflow/example_dags/example_task_group.py for tasks to queue
[2024-11-12T11:31:19.659+0000] {logging_mixin.py:188} INFO - [2024-11-12T11:31:19.658+0000] {dagbag.py:545} INFO - Filling up the DagBag from /home/airflow/.local/lib/python3.12/site-packages/airflow/example_dags/example_task_group.py
[2024-11-12T11:31:19.695+0000] {processor.py:840} INFO - DAG(s) 'example_task_group' retrieved from /home/airflow/.local/lib/python3.12/site-packages/airflow/example_dags/example_task_group.py
[2024-11-12T11:31:19.804+0000] {logging_mixin.py:188} INFO - [2024-11-12T11:31:19.804+0000] {dag.py:3089} INFO - Sync 1 DAGs
[2024-11-12T11:31:19.929+0000] {logging_mixin.py:188} INFO - [2024-11-12T11:31:19.928+0000] {dag.py:3947} INFO - Setting next_dagrun for example_task_group to 2024-11-11 00:00:00+00:00, run_after=2024-11-12 00:00:00+00:00
[2024-11-12T11:31:19.996+0000] {processor.py:183} INFO - Processing /home/airflow/.local/lib/python3.12/site-packages/airflow/example_dags/example_task_group.py took 0.377 seconds
[2024-11-12T11:31:51.381+0000] {processor.py:161} INFO - Started process (PID=480) to work on /home/airflow/.local/lib/python3.12/site-packages/airflow/example_dags/example_task_group.py
[2024-11-12T11:31:51.384+0000] {processor.py:830} INFO - Processing file /home/airflow/.local/lib/python3.12/site-packages/airflow/example_dags/example_task_group.py for tasks to queue
[2024-11-12T11:31:51.390+0000] {logging_mixin.py:188} INFO - [2024-11-12T11:31:51.389+0000] {dagbag.py:545} INFO - Filling up the DagBag from /home/airflow/.local/lib/python3.12/site-packages/airflow/example_dags/example_task_group.py
[2024-11-12T11:31:51.406+0000] {processor.py:840} INFO - DAG(s) 'example_task_group' retrieved from /home/airflow/.local/lib/python3.12/site-packages/airflow/example_dags/example_task_group.py
[2024-11-12T11:31:51.450+0000] {logging_mixin.py:188} INFO - [2024-11-12T11:31:51.449+0000] {dag.py:3089} INFO - Sync 1 DAGs
[2024-11-12T11:31:51.502+0000] {logging_mixin.py:188} INFO - [2024-11-12T11:31:51.501+0000] {dag.py:3947} INFO - Setting next_dagrun for example_task_group to 2024-11-11 00:00:00+00:00, run_after=2024-11-12 00:00:00+00:00
[2024-11-12T11:31:51.617+0000] {processor.py:183} INFO - Processing /home/airflow/.local/lib/python3.12/site-packages/airflow/example_dags/example_task_group.py took 0.253 seconds
[2024-11-12T11:32:22.117+0000] {processor.py:161} INFO - Started process (PID=536) to work on /home/airflow/.local/lib/python3.12/site-packages/airflow/example_dags/example_task_group.py
[2024-11-12T11:32:22.119+0000] {processor.py:830} INFO - Processing file /home/airflow/.local/lib/python3.12/site-packages/airflow/example_dags/example_task_group.py for tasks to queue
[2024-11-12T11:32:22.125+0000] {logging_mixin.py:188} INFO - [2024-11-12T11:32:22.124+0000] {dagbag.py:545} INFO - Filling up the DagBag from /home/airflow/.local/lib/python3.12/site-packages/airflow/example_dags/example_task_group.py
[2024-11-12T11:32:22.145+0000] {processor.py:840} INFO - DAG(s) 'example_task_group' retrieved from /home/airflow/.local/lib/python3.12/site-packages/airflow/example_dags/example_task_group.py
[2024-11-12T11:32:22.207+0000] {logging_mixin.py:188} INFO - [2024-11-12T11:32:22.207+0000] {dag.py:3089} INFO - Sync 1 DAGs
[2024-11-12T11:32:22.266+0000] {logging_mixin.py:188} INFO - [2024-11-12T11:32:22.265+0000] {dag.py:3947} INFO - Setting next_dagrun for example_task_group to 2024-11-11 00:00:00+00:00, run_after=2024-11-12 00:00:00+00:00
[2024-11-12T11:32:22.331+0000] {processor.py:183} INFO - Processing /home/airflow/.local/lib/python3.12/site-packages/airflow/example_dags/example_task_group.py took 0.232 seconds
[2024-11-12T11:32:52.589+0000] {processor.py:161} INFO - Started process (PID=596) to work on /home/airflow/.local/lib/python3.12/site-packages/airflow/example_dags/example_task_group.py
[2024-11-12T11:32:52.593+0000] {processor.py:830} INFO - Processing file /home/airflow/.local/lib/python3.12/site-packages/airflow/example_dags/example_task_group.py for tasks to queue
[2024-11-12T11:32:52.598+0000] {logging_mixin.py:188} INFO - [2024-11-12T11:32:52.597+0000] {dagbag.py:545} INFO - Filling up the DagBag from /home/airflow/.local/lib/python3.12/site-packages/airflow/example_dags/example_task_group.py
[2024-11-12T11:32:52.626+0000] {processor.py:840} INFO - DAG(s) 'example_task_group' retrieved from /home/airflow/.local/lib/python3.12/site-packages/airflow/example_dags/example_task_group.py
[2024-11-12T11:32:52.685+0000] {logging_mixin.py:188} INFO - [2024-11-12T11:32:52.685+0000] {dag.py:3089} INFO - Sync 1 DAGs
[2024-11-12T11:32:52.741+0000] {logging_mixin.py:188} INFO - [2024-11-12T11:32:52.741+0000] {dag.py:3947} INFO - Setting next_dagrun for example_task_group to 2024-11-11 00:00:00+00:00, run_after=2024-11-12 00:00:00+00:00
[2024-11-12T11:32:52.787+0000] {processor.py:183} INFO - Processing /home/airflow/.local/lib/python3.12/site-packages/airflow/example_dags/example_task_group.py took 0.215 seconds
[2024-11-12T11:33:23.449+0000] {processor.py:161} INFO - Started process (PID=655) to work on /home/airflow/.local/lib/python3.12/site-packages/airflow/example_dags/example_task_group.py
[2024-11-12T11:33:23.451+0000] {processor.py:830} INFO - Processing file /home/airflow/.local/lib/python3.12/site-packages/airflow/example_dags/example_task_group.py for tasks to queue
[2024-11-12T11:33:23.455+0000] {logging_mixin.py:188} INFO - [2024-11-12T11:33:23.454+0000] {dagbag.py:545} INFO - Filling up the DagBag from /home/airflow/.local/lib/python3.12/site-packages/airflow/example_dags/example_task_group.py
[2024-11-12T11:33:23.468+0000] {processor.py:840} INFO - DAG(s) 'example_task_group' retrieved from /home/airflow/.local/lib/python3.12/site-packages/airflow/example_dags/example_task_group.py
[2024-11-12T11:33:23.523+0000] {logging_mixin.py:188} INFO - [2024-11-12T11:33:23.523+0000] {dag.py:3089} INFO - Sync 1 DAGs
[2024-11-12T11:33:23.573+0000] {logging_mixin.py:188} INFO - [2024-11-12T11:33:23.572+0000] {dag.py:3947} INFO - Setting next_dagrun for example_task_group to 2024-11-11 00:00:00+00:00, run_after=2024-11-12 00:00:00+00:00
[2024-11-12T11:33:23.613+0000] {processor.py:183} INFO - Processing /home/airflow/.local/lib/python3.12/site-packages/airflow/example_dags/example_task_group.py took 0.177 seconds
[2024-11-12T11:33:54.324+0000] {processor.py:161} INFO - Started process (PID=717) to work on /home/airflow/.local/lib/python3.12/site-packages/airflow/example_dags/example_task_group.py
[2024-11-12T11:33:54.331+0000] {processor.py:830} INFO - Processing file /home/airflow/.local/lib/python3.12/site-packages/airflow/example_dags/example_task_group.py for tasks to queue
[2024-11-12T11:33:54.337+0000] {logging_mixin.py:188} INFO - [2024-11-12T11:33:54.336+0000] {dagbag.py:545} INFO - Filling up the DagBag from /home/airflow/.local/lib/python3.12/site-packages/airflow/example_dags/example_task_group.py
[2024-11-12T11:33:54.373+0000] {processor.py:840} INFO - DAG(s) 'example_task_group' retrieved from /home/airflow/.local/lib/python3.12/site-packages/airflow/example_dags/example_task_group.py
[2024-11-12T11:33:54.449+0000] {logging_mixin.py:188} INFO - [2024-11-12T11:33:54.448+0000] {dag.py:3089} INFO - Sync 1 DAGs
[2024-11-12T11:33:54.495+0000] {logging_mixin.py:188} INFO - [2024-11-12T11:33:54.495+0000] {dag.py:3947} INFO - Setting next_dagrun for example_task_group to 2024-11-11 00:00:00+00:00, run_after=2024-11-12 00:00:00+00:00
[2024-11-12T11:33:54.532+0000] {processor.py:183} INFO - Processing /home/airflow/.local/lib/python3.12/site-packages/airflow/example_dags/example_task_group.py took 0.226 seconds
[2024-11-12T11:34:25.003+0000] {processor.py:161} INFO - Started process (PID=777) to work on /home/airflow/.local/lib/python3.12/site-packages/airflow/example_dags/example_task_group.py
[2024-11-12T11:34:25.005+0000] {processor.py:830} INFO - Processing file /home/airflow/.local/lib/python3.12/site-packages/airflow/example_dags/example_task_group.py for tasks to queue
[2024-11-12T11:34:25.009+0000] {logging_mixin.py:188} INFO - [2024-11-12T11:34:25.008+0000] {dagbag.py:545} INFO - Filling up the DagBag from /home/airflow/.local/lib/python3.12/site-packages/airflow/example_dags/example_task_group.py
[2024-11-12T11:34:25.022+0000] {processor.py:840} INFO - DAG(s) 'example_task_group' retrieved from /home/airflow/.local/lib/python3.12/site-packages/airflow/example_dags/example_task_group.py
[2024-11-12T11:34:25.104+0000] {logging_mixin.py:188} INFO - [2024-11-12T11:34:25.104+0000] {dag.py:3089} INFO - Sync 1 DAGs
[2024-11-12T11:34:25.225+0000] {logging_mixin.py:188} INFO - [2024-11-12T11:34:25.224+0000] {dag.py:3947} INFO - Setting next_dagrun for example_task_group to 2024-11-11 00:00:00+00:00, run_after=2024-11-12 00:00:00+00:00
[2024-11-12T11:34:25.276+0000] {processor.py:183} INFO - Processing /home/airflow/.local/lib/python3.12/site-packages/airflow/example_dags/example_task_group.py took 0.285 seconds
[2024-11-12T11:34:55.615+0000] {processor.py:161} INFO - Started process (PID=837) to work on /home/airflow/.local/lib/python3.12/site-packages/airflow/example_dags/example_task_group.py
[2024-11-12T11:34:55.617+0000] {processor.py:830} INFO - Processing file /home/airflow/.local/lib/python3.12/site-packages/airflow/example_dags/example_task_group.py for tasks to queue
[2024-11-12T11:34:55.620+0000] {logging_mixin.py:188} INFO - [2024-11-12T11:34:55.620+0000] {dagbag.py:545} INFO - Filling up the DagBag from /home/airflow/.local/lib/python3.12/site-packages/airflow/example_dags/example_task_group.py
[2024-11-12T11:34:55.633+0000] {processor.py:840} INFO - DAG(s) 'example_task_group' retrieved from /home/airflow/.local/lib/python3.12/site-packages/airflow/example_dags/example_task_group.py
[2024-11-12T11:34:55.672+0000] {logging_mixin.py:188} INFO - [2024-11-12T11:34:55.672+0000] {dag.py:3089} INFO - Sync 1 DAGs
[2024-11-12T11:34:55.709+0000] {logging_mixin.py:188} INFO - [2024-11-12T11:34:55.708+0000] {dag.py:3947} INFO - Setting next_dagrun for example_task_group to 2024-11-11 00:00:00+00:00, run_after=2024-11-12 00:00:00+00:00
[2024-11-12T11:34:55.744+0000] {processor.py:183} INFO - Processing /home/airflow/.local/lib/python3.12/site-packages/airflow/example_dags/example_task_group.py took 0.141 seconds
[2024-11-12T11:35:25.809+0000] {processor.py:161} INFO - Started process (PID=897) to work on /home/airflow/.local/lib/python3.12/site-packages/airflow/example_dags/example_task_group.py
[2024-11-12T11:35:25.813+0000] {processor.py:830} INFO - Processing file /home/airflow/.local/lib/python3.12/site-packages/airflow/example_dags/example_task_group.py for tasks to queue
[2024-11-12T11:35:25.820+0000] {logging_mixin.py:188} INFO - [2024-11-12T11:35:25.819+0000] {dagbag.py:545} INFO - Filling up the DagBag from /home/airflow/.local/lib/python3.12/site-packages/airflow/example_dags/example_task_group.py
[2024-11-12T11:35:25.846+0000] {processor.py:840} INFO - DAG(s) 'example_task_group' retrieved from /home/airflow/.local/lib/python3.12/site-packages/airflow/example_dags/example_task_group.py
[2024-11-12T11:35:25.896+0000] {logging_mixin.py:188} INFO - [2024-11-12T11:35:25.895+0000] {dag.py:3089} INFO - Sync 1 DAGs
[2024-11-12T11:35:25.950+0000] {logging_mixin.py:188} INFO - [2024-11-12T11:35:25.950+0000] {dag.py:3947} INFO - Setting next_dagrun for example_task_group to 2024-11-11 00:00:00+00:00, run_after=2024-11-12 00:00:00+00:00
[2024-11-12T11:35:26.000+0000] {processor.py:183} INFO - Processing /home/airflow/.local/lib/python3.12/site-packages/airflow/example_dags/example_task_group.py took 0.209 seconds
[2024-11-12T11:35:56.503+0000] {processor.py:161} INFO - Started process (PID=957) to work on /home/airflow/.local/lib/python3.12/site-packages/airflow/example_dags/example_task_group.py
[2024-11-12T11:35:56.505+0000] {processor.py:830} INFO - Processing file /home/airflow/.local/lib/python3.12/site-packages/airflow/example_dags/example_task_group.py for tasks to queue
[2024-11-12T11:35:56.511+0000] {logging_mixin.py:188} INFO - [2024-11-12T11:35:56.510+0000] {dagbag.py:545} INFO - Filling up the DagBag from /home/airflow/.local/lib/python3.12/site-packages/airflow/example_dags/example_task_group.py
[2024-11-12T11:35:56.532+0000] {processor.py:840} INFO - DAG(s) 'example_task_group' retrieved from /home/airflow/.local/lib/python3.12/site-packages/airflow/example_dags/example_task_group.py
[2024-11-12T11:35:56.587+0000] {logging_mixin.py:188} INFO - [2024-11-12T11:35:56.586+0000] {dag.py:3089} INFO - Sync 1 DAGs
[2024-11-12T11:35:56.695+0000] {logging_mixin.py:188} INFO - [2024-11-12T11:35:56.688+0000] {dag.py:3947} INFO - Setting next_dagrun for example_task_group to 2024-11-11 00:00:00+00:00, run_after=2024-11-12 00:00:00+00:00
[2024-11-12T11:35:56.746+0000] {processor.py:183} INFO - Processing /home/airflow/.local/lib/python3.12/site-packages/airflow/example_dags/example_task_group.py took 0.261 seconds
[2024-11-12T11:36:26.841+0000] {processor.py:161} INFO - Started process (PID=1017) to work on /home/airflow/.local/lib/python3.12/site-packages/airflow/example_dags/example_task_group.py
[2024-11-12T11:36:26.846+0000] {processor.py:830} INFO - Processing file /home/airflow/.local/lib/python3.12/site-packages/airflow/example_dags/example_task_group.py for tasks to queue
[2024-11-12T11:36:26.852+0000] {logging_mixin.py:188} INFO - [2024-11-12T11:36:26.851+0000] {dagbag.py:545} INFO - Filling up the DagBag from /home/airflow/.local/lib/python3.12/site-packages/airflow/example_dags/example_task_group.py
[2024-11-12T11:36:26.871+0000] {processor.py:840} INFO - DAG(s) 'example_task_group' retrieved from /home/airflow/.local/lib/python3.12/site-packages/airflow/example_dags/example_task_group.py
[2024-11-12T11:36:26.941+0000] {logging_mixin.py:188} INFO - [2024-11-12T11:36:26.940+0000] {dag.py:3089} INFO - Sync 1 DAGs
[2024-11-12T11:36:27.011+0000] {logging_mixin.py:188} INFO - [2024-11-12T11:36:27.011+0000] {dag.py:3947} INFO - Setting next_dagrun for example_task_group to 2024-11-11 00:00:00+00:00, run_after=2024-11-12 00:00:00+00:00
[2024-11-12T11:36:27.062+0000] {processor.py:183} INFO - Processing /home/airflow/.local/lib/python3.12/site-packages/airflow/example_dags/example_task_group.py took 0.235 seconds
[2024-11-12T11:36:57.596+0000] {processor.py:161} INFO - Started process (PID=1076) to work on /home/airflow/.local/lib/python3.12/site-packages/airflow/example_dags/example_task_group.py
[2024-11-12T11:36:57.598+0000] {processor.py:830} INFO - Processing file /home/airflow/.local/lib/python3.12/site-packages/airflow/example_dags/example_task_group.py for tasks to queue
[2024-11-12T11:36:57.602+0000] {logging_mixin.py:188} INFO - [2024-11-12T11:36:57.601+0000] {dagbag.py:545} INFO - Filling up the DagBag from /home/airflow/.local/lib/python3.12/site-packages/airflow/example_dags/example_task_group.py
[2024-11-12T11:36:57.618+0000] {processor.py:840} INFO - DAG(s) 'example_task_group' retrieved from /home/airflow/.local/lib/python3.12/site-packages/airflow/example_dags/example_task_group.py
[2024-11-12T11:36:57.663+0000] {logging_mixin.py:188} INFO - [2024-11-12T11:36:57.662+0000] {dag.py:3089} INFO - Sync 1 DAGs
[2024-11-12T11:36:57.707+0000] {logging_mixin.py:188} INFO - [2024-11-12T11:36:57.706+0000] {dag.py:3947} INFO - Setting next_dagrun for example_task_group to 2024-11-11 00:00:00+00:00, run_after=2024-11-12 00:00:00+00:00
[2024-11-12T11:36:57.746+0000] {processor.py:183} INFO - Processing /home/airflow/.local/lib/python3.12/site-packages/airflow/example_dags/example_task_group.py took 0.164 seconds
[2024-11-12T11:37:28.186+0000] {processor.py:161} INFO - Started process (PID=1136) to work on /home/airflow/.local/lib/python3.12/site-packages/airflow/example_dags/example_task_group.py
[2024-11-12T11:37:28.189+0000] {processor.py:830} INFO - Processing file /home/airflow/.local/lib/python3.12/site-packages/airflow/example_dags/example_task_group.py for tasks to queue
[2024-11-12T11:37:28.195+0000] {logging_mixin.py:188} INFO - [2024-11-12T11:37:28.194+0000] {dagbag.py:545} INFO - Filling up the DagBag from /home/airflow/.local/lib/python3.12/site-packages/airflow/example_dags/example_task_group.py
[2024-11-12T11:37:28.237+0000] {processor.py:840} INFO - DAG(s) 'example_task_group' retrieved from /home/airflow/.local/lib/python3.12/site-packages/airflow/example_dags/example_task_group.py
[2024-11-12T11:37:28.308+0000] {logging_mixin.py:188} INFO - [2024-11-12T11:37:28.307+0000] {dag.py:3089} INFO - Sync 1 DAGs
[2024-11-12T11:37:28.372+0000] {logging_mixin.py:188} INFO - [2024-11-12T11:37:28.371+0000] {dag.py:3947} INFO - Setting next_dagrun for example_task_group to 2024-11-11 00:00:00+00:00, run_after=2024-11-12 00:00:00+00:00
[2024-11-12T11:37:28.411+0000] {processor.py:183} INFO - Processing /home/airflow/.local/lib/python3.12/site-packages/airflow/example_dags/example_task_group.py took 0.241 seconds
[2024-11-12T11:37:58.578+0000] {processor.py:161} INFO - Started process (PID=1195) to work on /home/airflow/.local/lib/python3.12/site-packages/airflow/example_dags/example_task_group.py
[2024-11-12T11:37:58.580+0000] {processor.py:830} INFO - Processing file /home/airflow/.local/lib/python3.12/site-packages/airflow/example_dags/example_task_group.py for tasks to queue
[2024-11-12T11:37:58.587+0000] {logging_mixin.py:188} INFO - [2024-11-12T11:37:58.585+0000] {dagbag.py:545} INFO - Filling up the DagBag from /home/airflow/.local/lib/python3.12/site-packages/airflow/example_dags/example_task_group.py
[2024-11-12T11:37:58.606+0000] {processor.py:840} INFO - DAG(s) 'example_task_group' retrieved from /home/airflow/.local/lib/python3.12/site-packages/airflow/example_dags/example_task_group.py
[2024-11-12T11:37:58.671+0000] {logging_mixin.py:188} INFO - [2024-11-12T11:37:58.671+0000] {dag.py:3089} INFO - Sync 1 DAGs
[2024-11-12T11:37:58.712+0000] {logging_mixin.py:188} INFO - [2024-11-12T11:37:58.712+0000] {dag.py:3947} INFO - Setting next_dagrun for example_task_group to 2024-11-11 00:00:00+00:00, run_after=2024-11-12 00:00:00+00:00
[2024-11-12T11:37:58.755+0000] {processor.py:183} INFO - Processing /home/airflow/.local/lib/python3.12/site-packages/airflow/example_dags/example_task_group.py took 0.187 seconds
[2024-11-12T11:38:28.981+0000] {processor.py:161} INFO - Started process (PID=1255) to work on /home/airflow/.local/lib/python3.12/site-packages/airflow/example_dags/example_task_group.py
[2024-11-12T11:38:28.995+0000] {processor.py:830} INFO - Processing file /home/airflow/.local/lib/python3.12/site-packages/airflow/example_dags/example_task_group.py for tasks to queue
[2024-11-12T11:38:29.032+0000] {logging_mixin.py:188} INFO - [2024-11-12T11:38:29.001+0000] {dagbag.py:545} INFO - Filling up the DagBag from /home/airflow/.local/lib/python3.12/site-packages/airflow/example_dags/example_task_group.py
[2024-11-12T11:38:29.117+0000] {processor.py:840} INFO - DAG(s) 'example_task_group' retrieved from /home/airflow/.local/lib/python3.12/site-packages/airflow/example_dags/example_task_group.py
[2024-11-12T11:38:29.415+0000] {logging_mixin.py:188} INFO - [2024-11-12T11:38:29.398+0000] {dag.py:3089} INFO - Sync 1 DAGs
[2024-11-12T11:38:29.593+0000] {logging_mixin.py:188} INFO - [2024-11-12T11:38:29.593+0000] {dag.py:3947} INFO - Setting next_dagrun for example_task_group to 2024-11-11 00:00:00+00:00, run_after=2024-11-12 00:00:00+00:00
[2024-11-12T11:38:29.711+0000] {processor.py:183} INFO - Processing /home/airflow/.local/lib/python3.12/site-packages/airflow/example_dags/example_task_group.py took 0.835 seconds
[2024-11-12T11:39:00.071+0000] {processor.py:161} INFO - Started process (PID=1320) to work on /home/airflow/.local/lib/python3.12/site-packages/airflow/example_dags/example_task_group.py
[2024-11-12T11:39:00.074+0000] {processor.py:830} INFO - Processing file /home/airflow/.local/lib/python3.12/site-packages/airflow/example_dags/example_task_group.py for tasks to queue
[2024-11-12T11:39:00.079+0000] {logging_mixin.py:188} INFO - [2024-11-12T11:39:00.079+0000] {dagbag.py:545} INFO - Filling up the DagBag from /home/airflow/.local/lib/python3.12/site-packages/airflow/example_dags/example_task_group.py
[2024-11-12T11:39:00.113+0000] {processor.py:840} INFO - DAG(s) 'example_task_group' retrieved from /home/airflow/.local/lib/python3.12/site-packages/airflow/example_dags/example_task_group.py
[2024-11-12T11:39:00.180+0000] {logging_mixin.py:188} INFO - [2024-11-12T11:39:00.179+0000] {dag.py:3089} INFO - Sync 1 DAGs
[2024-11-12T11:39:00.250+0000] {logging_mixin.py:188} INFO - [2024-11-12T11:39:00.249+0000] {dag.py:3947} INFO - Setting next_dagrun for example_task_group to 2024-11-11 00:00:00+00:00, run_after=2024-11-12 00:00:00+00:00
[2024-11-12T11:39:00.292+0000] {processor.py:183} INFO - Processing /home/airflow/.local/lib/python3.12/site-packages/airflow/example_dags/example_task_group.py took 0.239 seconds
[2024-11-12T11:39:30.633+0000] {processor.py:161} INFO - Started process (PID=1380) to work on /home/airflow/.local/lib/python3.12/site-packages/airflow/example_dags/example_task_group.py
[2024-11-12T11:39:30.635+0000] {processor.py:830} INFO - Processing file /home/airflow/.local/lib/python3.12/site-packages/airflow/example_dags/example_task_group.py for tasks to queue
[2024-11-12T11:39:30.640+0000] {logging_mixin.py:188} INFO - [2024-11-12T11:39:30.640+0000] {dagbag.py:545} INFO - Filling up the DagBag from /home/airflow/.local/lib/python3.12/site-packages/airflow/example_dags/example_task_group.py
[2024-11-12T11:39:30.663+0000] {processor.py:840} INFO - DAG(s) 'example_task_group' retrieved from /home/airflow/.local/lib/python3.12/site-packages/airflow/example_dags/example_task_group.py
[2024-11-12T11:39:30.722+0000] {logging_mixin.py:188} INFO - [2024-11-12T11:39:30.722+0000] {dag.py:3089} INFO - Sync 1 DAGs
[2024-11-12T11:39:30.765+0000] {logging_mixin.py:188} INFO - [2024-11-12T11:39:30.765+0000] {dag.py:3947} INFO - Setting next_dagrun for example_task_group to 2024-11-11 00:00:00+00:00, run_after=2024-11-12 00:00:00+00:00
[2024-11-12T11:39:30.799+0000] {processor.py:183} INFO - Processing /home/airflow/.local/lib/python3.12/site-packages/airflow/example_dags/example_task_group.py took 0.189 seconds
[2024-11-12T11:40:01.502+0000] {processor.py:161} INFO - Started process (PID=1440) to work on /home/airflow/.local/lib/python3.12/site-packages/airflow/example_dags/example_task_group.py
[2024-11-12T11:40:01.505+0000] {processor.py:830} INFO - Processing file /home/airflow/.local/lib/python3.12/site-packages/airflow/example_dags/example_task_group.py for tasks to queue
[2024-11-12T11:40:01.510+0000] {logging_mixin.py:188} INFO - [2024-11-12T11:40:01.509+0000] {dagbag.py:545} INFO - Filling up the DagBag from /home/airflow/.local/lib/python3.12/site-packages/airflow/example_dags/example_task_group.py
[2024-11-12T11:40:01.546+0000] {processor.py:840} INFO - DAG(s) 'example_task_group' retrieved from /home/airflow/.local/lib/python3.12/site-packages/airflow/example_dags/example_task_group.py
[2024-11-12T11:40:01.627+0000] {logging_mixin.py:188} INFO - [2024-11-12T11:40:01.626+0000] {dag.py:3089} INFO - Sync 1 DAGs
[2024-11-12T11:40:01.759+0000] {logging_mixin.py:188} INFO - [2024-11-12T11:40:01.759+0000] {dag.py:3947} INFO - Setting next_dagrun for example_task_group to 2024-11-11 00:00:00+00:00, run_after=2024-11-12 00:00:00+00:00
[2024-11-12T11:40:01.807+0000] {processor.py:183} INFO - Processing /home/airflow/.local/lib/python3.12/site-packages/airflow/example_dags/example_task_group.py took 0.321 seconds
[2024-11-12T11:40:33.254+0000] {processor.py:161} INFO - Started process (PID=1495) to work on /home/airflow/.local/lib/python3.12/site-packages/airflow/example_dags/example_task_group.py
[2024-11-12T11:40:33.263+0000] {processor.py:830} INFO - Processing file /home/airflow/.local/lib/python3.12/site-packages/airflow/example_dags/example_task_group.py for tasks to queue
[2024-11-12T11:40:33.268+0000] {logging_mixin.py:188} INFO - [2024-11-12T11:40:33.267+0000] {dagbag.py:545} INFO - Filling up the DagBag from /home/airflow/.local/lib/python3.12/site-packages/airflow/example_dags/example_task_group.py
[2024-11-12T11:40:33.325+0000] {processor.py:840} INFO - DAG(s) 'example_task_group' retrieved from /home/airflow/.local/lib/python3.12/site-packages/airflow/example_dags/example_task_group.py
[2024-11-12T11:40:33.441+0000] {logging_mixin.py:188} INFO - [2024-11-12T11:40:33.441+0000] {dag.py:3089} INFO - Sync 1 DAGs
[2024-11-12T11:40:33.662+0000] {logging_mixin.py:188} INFO - [2024-11-12T11:40:33.661+0000] {dag.py:3947} INFO - Setting next_dagrun for example_task_group to 2024-11-11 00:00:00+00:00, run_after=2024-11-12 00:00:00+00:00
[2024-11-12T11:40:33.721+0000] {processor.py:183} INFO - Processing /home/airflow/.local/lib/python3.12/site-packages/airflow/example_dags/example_task_group.py took 0.507 seconds
[2024-11-12T11:41:17.019+0000] {processor.py:161} INFO - Started process (PID=49) to work on /home/airflow/.local/lib/python3.12/site-packages/airflow/example_dags/example_task_group.py
[2024-11-12T11:41:17.022+0000] {processor.py:830} INFO - Processing file /home/airflow/.local/lib/python3.12/site-packages/airflow/example_dags/example_task_group.py for tasks to queue
[2024-11-12T11:41:17.027+0000] {logging_mixin.py:188} INFO - [2024-11-12T11:41:17.025+0000] {dagbag.py:545} INFO - Filling up the DagBag from /home/airflow/.local/lib/python3.12/site-packages/airflow/example_dags/example_task_group.py
[2024-11-12T11:41:17.046+0000] {processor.py:840} INFO - DAG(s) 'example_task_group' retrieved from /home/airflow/.local/lib/python3.12/site-packages/airflow/example_dags/example_task_group.py
[2024-11-12T11:41:17.104+0000] {logging_mixin.py:188} INFO - [2024-11-12T11:41:17.104+0000] {dag.py:3089} INFO - Sync 1 DAGs
[2024-11-12T11:41:17.158+0000] {logging_mixin.py:188} INFO - [2024-11-12T11:41:17.158+0000] {dag.py:3947} INFO - Setting next_dagrun for example_task_group to 2024-11-11 00:00:00+00:00, run_after=2024-11-12 00:00:00+00:00
[2024-11-12T11:41:17.204+0000] {processor.py:183} INFO - Processing /home/airflow/.local/lib/python3.12/site-packages/airflow/example_dags/example_task_group.py took 0.198 seconds
[2024-11-12T11:41:53.285+0000] {processor.py:161} INFO - Started process (PID=109) to work on /home/airflow/.local/lib/python3.12/site-packages/airflow/example_dags/example_task_group.py
[2024-11-12T11:41:53.290+0000] {processor.py:830} INFO - Processing file /home/airflow/.local/lib/python3.12/site-packages/airflow/example_dags/example_task_group.py for tasks to queue
[2024-11-12T11:41:53.303+0000] {logging_mixin.py:188} INFO - [2024-11-12T11:41:53.296+0000] {dagbag.py:545} INFO - Filling up the DagBag from /home/airflow/.local/lib/python3.12/site-packages/airflow/example_dags/example_task_group.py
[2024-11-12T11:41:53.390+0000] {processor.py:840} INFO - DAG(s) 'example_task_group' retrieved from /home/airflow/.local/lib/python3.12/site-packages/airflow/example_dags/example_task_group.py
[2024-11-12T11:41:53.722+0000] {logging_mixin.py:188} INFO - [2024-11-12T11:41:53.721+0000] {dag.py:3089} INFO - Sync 1 DAGs
[2024-11-12T11:41:53.990+0000] {logging_mixin.py:188} INFO - [2024-11-12T11:41:53.989+0000] {dag.py:3947} INFO - Setting next_dagrun for example_task_group to 2024-11-11 00:00:00+00:00, run_after=2024-11-12 00:00:00+00:00
[2024-11-12T11:41:54.080+0000] {processor.py:183} INFO - Processing /home/airflow/.local/lib/python3.12/site-packages/airflow/example_dags/example_task_group.py took 0.850 seconds
[2024-11-12T11:42:35.042+0000] {processor.py:161} INFO - Started process (PID=168) to work on /home/airflow/.local/lib/python3.12/site-packages/airflow/example_dags/example_task_group.py
[2024-11-12T11:42:35.079+0000] {processor.py:830} INFO - Processing file /home/airflow/.local/lib/python3.12/site-packages/airflow/example_dags/example_task_group.py for tasks to queue
[2024-11-12T11:42:35.127+0000] {logging_mixin.py:188} INFO - [2024-11-12T11:42:35.122+0000] {dagbag.py:545} INFO - Filling up the DagBag from /home/airflow/.local/lib/python3.12/site-packages/airflow/example_dags/example_task_group.py
[2024-11-12T11:42:35.202+0000] {processor.py:840} INFO - DAG(s) 'example_task_group' retrieved from /home/airflow/.local/lib/python3.12/site-packages/airflow/example_dags/example_task_group.py
[2024-11-12T11:42:35.445+0000] {logging_mixin.py:188} INFO - [2024-11-12T11:42:35.445+0000] {dag.py:3089} INFO - Sync 1 DAGs
[2024-11-12T11:42:35.539+0000] {logging_mixin.py:188} INFO - [2024-11-12T11:42:35.539+0000] {dag.py:3947} INFO - Setting next_dagrun for example_task_group to 2024-11-11 00:00:00+00:00, run_after=2024-11-12 00:00:00+00:00
[2024-11-12T11:42:35.651+0000] {processor.py:183} INFO - Processing /home/airflow/.local/lib/python3.12/site-packages/airflow/example_dags/example_task_group.py took 0.704 seconds
[2024-11-12T11:46:41.668+0000] {processor.py:161} INFO - Started process (PID=222) to work on /home/airflow/.local/lib/python3.12/site-packages/airflow/example_dags/example_task_group.py
[2024-11-12T11:46:41.673+0000] {processor.py:830} INFO - Processing file /home/airflow/.local/lib/python3.12/site-packages/airflow/example_dags/example_task_group.py for tasks to queue
[2024-11-12T11:46:41.685+0000] {logging_mixin.py:188} INFO - [2024-11-12T11:46:41.682+0000] {dagbag.py:545} INFO - Filling up the DagBag from /home/airflow/.local/lib/python3.12/site-packages/airflow/example_dags/example_task_group.py
[2024-11-12T11:46:41.722+0000] {processor.py:840} INFO - DAG(s) 'example_task_group' retrieved from /home/airflow/.local/lib/python3.12/site-packages/airflow/example_dags/example_task_group.py
[2024-11-12T11:46:41.808+0000] {logging_mixin.py:188} INFO - [2024-11-12T11:46:41.808+0000] {dag.py:3089} INFO - Sync 1 DAGs
[2024-11-12T11:46:41.912+0000] {logging_mixin.py:188} INFO - [2024-11-12T11:46:41.912+0000] {dag.py:3947} INFO - Setting next_dagrun for example_task_group to 2024-11-11 00:00:00+00:00, run_after=2024-11-12 00:00:00+00:00
[2024-11-12T11:46:42.007+0000] {processor.py:183} INFO - Processing /home/airflow/.local/lib/python3.12/site-packages/airflow/example_dags/example_task_group.py took 0.360 seconds
[2024-11-12T14:03:34.223+0000] {processor.py:161} INFO - Started process (PID=63) to work on /home/airflow/.local/lib/python3.12/site-packages/airflow/example_dags/example_task_group.py
[2024-11-12T14:03:34.271+0000] {processor.py:830} INFO - Processing file /home/airflow/.local/lib/python3.12/site-packages/airflow/example_dags/example_task_group.py for tasks to queue
[2024-11-12T14:03:34.341+0000] {logging_mixin.py:188} INFO - [2024-11-12T14:03:34.334+0000] {dagbag.py:545} INFO - Filling up the DagBag from /home/airflow/.local/lib/python3.12/site-packages/airflow/example_dags/example_task_group.py
[2024-11-12T14:03:34.489+0000] {processor.py:840} INFO - DAG(s) 'example_task_group' retrieved from /home/airflow/.local/lib/python3.12/site-packages/airflow/example_dags/example_task_group.py
[2024-11-12T14:03:35.785+0000] {logging_mixin.py:188} INFO - [2024-11-12T14:03:35.784+0000] {dag.py:3089} INFO - Sync 1 DAGs
[2024-11-12T14:03:36.367+0000] {logging_mixin.py:188} INFO - [2024-11-12T14:03:36.365+0000] {dag.py:3947} INFO - Setting next_dagrun for example_task_group to 2024-11-11 00:00:00+00:00, run_after=2024-11-12 00:00:00+00:00
[2024-11-12T14:03:37.864+0000] {processor.py:183} INFO - Processing /home/airflow/.local/lib/python3.12/site-packages/airflow/example_dags/example_task_group.py took 3.694 seconds
[2024-11-12T14:04:16.656+0000] {processor.py:161} INFO - Started process (PID=128) to work on /home/airflow/.local/lib/python3.12/site-packages/airflow/example_dags/example_task_group.py
[2024-11-12T14:04:16.659+0000] {processor.py:830} INFO - Processing file /home/airflow/.local/lib/python3.12/site-packages/airflow/example_dags/example_task_group.py for tasks to queue
[2024-11-12T14:04:16.665+0000] {logging_mixin.py:188} INFO - [2024-11-12T14:04:16.664+0000] {dagbag.py:545} INFO - Filling up the DagBag from /home/airflow/.local/lib/python3.12/site-packages/airflow/example_dags/example_task_group.py
[2024-11-12T14:04:16.696+0000] {processor.py:840} INFO - DAG(s) 'example_task_group' retrieved from /home/airflow/.local/lib/python3.12/site-packages/airflow/example_dags/example_task_group.py
[2024-11-12T14:04:16.947+0000] {logging_mixin.py:188} INFO - [2024-11-12T14:04:16.946+0000] {dag.py:3089} INFO - Sync 1 DAGs
[2024-11-12T14:04:17.066+0000] {logging_mixin.py:188} INFO - [2024-11-12T14:04:17.065+0000] {dag.py:3947} INFO - Setting next_dagrun for example_task_group to 2024-11-11 00:00:00+00:00, run_after=2024-11-12 00:00:00+00:00
[2024-11-12T14:04:17.116+0000] {processor.py:183} INFO - Processing /home/airflow/.local/lib/python3.12/site-packages/airflow/example_dags/example_task_group.py took 0.480 seconds
[2024-11-12T14:04:48.235+0000] {processor.py:161} INFO - Started process (PID=189) to work on /home/airflow/.local/lib/python3.12/site-packages/airflow/example_dags/example_task_group.py
[2024-11-12T14:04:48.238+0000] {processor.py:830} INFO - Processing file /home/airflow/.local/lib/python3.12/site-packages/airflow/example_dags/example_task_group.py for tasks to queue
[2024-11-12T14:04:48.245+0000] {logging_mixin.py:188} INFO - [2024-11-12T14:04:48.243+0000] {dagbag.py:545} INFO - Filling up the DagBag from /home/airflow/.local/lib/python3.12/site-packages/airflow/example_dags/example_task_group.py
[2024-11-12T14:04:48.269+0000] {processor.py:840} INFO - DAG(s) 'example_task_group' retrieved from /home/airflow/.local/lib/python3.12/site-packages/airflow/example_dags/example_task_group.py
[2024-11-12T14:04:48.338+0000] {logging_mixin.py:188} INFO - [2024-11-12T14:04:48.337+0000] {dag.py:3089} INFO - Sync 1 DAGs
[2024-11-12T14:04:48.399+0000] {logging_mixin.py:188} INFO - [2024-11-12T14:04:48.398+0000] {dag.py:3947} INFO - Setting next_dagrun for example_task_group to 2024-11-11 00:00:00+00:00, run_after=2024-11-12 00:00:00+00:00
[2024-11-12T14:04:48.451+0000] {processor.py:183} INFO - Processing /home/airflow/.local/lib/python3.12/site-packages/airflow/example_dags/example_task_group.py took 0.234 seconds
[2024-11-12T14:05:24.412+0000] {processor.py:161} INFO - Started process (PID=249) to work on /home/airflow/.local/lib/python3.12/site-packages/airflow/example_dags/example_task_group.py
[2024-11-12T14:05:24.420+0000] {processor.py:830} INFO - Processing file /home/airflow/.local/lib/python3.12/site-packages/airflow/example_dags/example_task_group.py for tasks to queue
[2024-11-12T14:05:24.434+0000] {logging_mixin.py:188} INFO - [2024-11-12T14:05:24.432+0000] {dagbag.py:545} INFO - Filling up the DagBag from /home/airflow/.local/lib/python3.12/site-packages/airflow/example_dags/example_task_group.py
[2024-11-12T14:05:24.511+0000] {processor.py:840} INFO - DAG(s) 'example_task_group' retrieved from /home/airflow/.local/lib/python3.12/site-packages/airflow/example_dags/example_task_group.py
[2024-11-12T14:05:24.691+0000] {logging_mixin.py:188} INFO - [2024-11-12T14:05:24.690+0000] {dag.py:3089} INFO - Sync 1 DAGs
[2024-11-12T14:05:24.927+0000] {logging_mixin.py:188} INFO - [2024-11-12T14:05:24.926+0000] {dag.py:3947} INFO - Setting next_dagrun for example_task_group to 2024-11-11 00:00:00+00:00, run_after=2024-11-12 00:00:00+00:00
[2024-11-12T14:05:25.029+0000] {processor.py:183} INFO - Processing /home/airflow/.local/lib/python3.12/site-packages/airflow/example_dags/example_task_group.py took 0.655 seconds
[2024-11-12T14:06:06.950+0000] {processor.py:161} INFO - Started process (PID=309) to work on /home/airflow/.local/lib/python3.12/site-packages/airflow/example_dags/example_task_group.py
[2024-11-12T14:06:06.966+0000] {processor.py:830} INFO - Processing file /home/airflow/.local/lib/python3.12/site-packages/airflow/example_dags/example_task_group.py for tasks to queue
[2024-11-12T14:06:07.000+0000] {logging_mixin.py:188} INFO - [2024-11-12T14:06:06.989+0000] {dagbag.py:545} INFO - Filling up the DagBag from /home/airflow/.local/lib/python3.12/site-packages/airflow/example_dags/example_task_group.py
[2024-11-12T14:06:07.095+0000] {processor.py:840} INFO - DAG(s) 'example_task_group' retrieved from /home/airflow/.local/lib/python3.12/site-packages/airflow/example_dags/example_task_group.py
[2024-11-12T14:06:07.542+0000] {logging_mixin.py:188} INFO - [2024-11-12T14:06:07.541+0000] {dag.py:3089} INFO - Sync 1 DAGs
[2024-11-12T14:06:08.087+0000] {logging_mixin.py:188} INFO - [2024-11-12T14:06:08.083+0000] {dag.py:3947} INFO - Setting next_dagrun for example_task_group to 2024-11-11 00:00:00+00:00, run_after=2024-11-12 00:00:00+00:00
[2024-11-12T14:06:08.427+0000] {processor.py:183} INFO - Processing /home/airflow/.local/lib/python3.12/site-packages/airflow/example_dags/example_task_group.py took 1.560 seconds
[2024-11-12T14:07:01.603+0000] {processor.py:161} INFO - Started process (PID=372) to work on /home/airflow/.local/lib/python3.12/site-packages/airflow/example_dags/example_task_group.py
[2024-11-12T14:07:01.626+0000] {processor.py:830} INFO - Processing file /home/airflow/.local/lib/python3.12/site-packages/airflow/example_dags/example_task_group.py for tasks to queue
[2024-11-12T14:07:01.649+0000] {logging_mixin.py:188} INFO - [2024-11-12T14:07:01.645+0000] {dagbag.py:545} INFO - Filling up the DagBag from /home/airflow/.local/lib/python3.12/site-packages/airflow/example_dags/example_task_group.py
[2024-11-12T14:07:01.780+0000] {processor.py:840} INFO - DAG(s) 'example_task_group' retrieved from /home/airflow/.local/lib/python3.12/site-packages/airflow/example_dags/example_task_group.py
[2024-11-12T14:07:02.170+0000] {logging_mixin.py:188} INFO - [2024-11-12T14:07:02.169+0000] {dag.py:3089} INFO - Sync 1 DAGs
[2024-11-12T14:07:03.433+0000] {logging_mixin.py:188} INFO - [2024-11-12T14:07:03.426+0000] {dag.py:3947} INFO - Setting next_dagrun for example_task_group to 2024-11-11 00:00:00+00:00, run_after=2024-11-12 00:00:00+00:00
[2024-11-12T14:07:03.909+0000] {processor.py:183} INFO - Processing /home/airflow/.local/lib/python3.12/site-packages/airflow/example_dags/example_task_group.py took 2.371 seconds
[2024-11-12T14:08:13.298+0000] {processor.py:161} INFO - Started process (PID=432) to work on /home/airflow/.local/lib/python3.12/site-packages/airflow/example_dags/example_task_group.py
[2024-11-12T14:08:13.308+0000] {processor.py:830} INFO - Processing file /home/airflow/.local/lib/python3.12/site-packages/airflow/example_dags/example_task_group.py for tasks to queue
[2024-11-12T14:08:13.327+0000] {logging_mixin.py:188} INFO - [2024-11-12T14:08:13.323+0000] {dagbag.py:545} INFO - Filling up the DagBag from /home/airflow/.local/lib/python3.12/site-packages/airflow/example_dags/example_task_group.py
[2024-11-12T14:08:13.404+0000] {processor.py:840} INFO - DAG(s) 'example_task_group' retrieved from /home/airflow/.local/lib/python3.12/site-packages/airflow/example_dags/example_task_group.py
[2024-11-12T14:08:13.584+0000] {logging_mixin.py:188} INFO - [2024-11-12T14:08:13.583+0000] {dag.py:3089} INFO - Sync 1 DAGs
[2024-11-12T14:08:13.835+0000] {logging_mixin.py:188} INFO - [2024-11-12T14:08:13.834+0000] {dag.py:3947} INFO - Setting next_dagrun for example_task_group to 2024-11-11 00:00:00+00:00, run_after=2024-11-12 00:00:00+00:00
[2024-11-12T14:08:13.968+0000] {processor.py:183} INFO - Processing /home/airflow/.local/lib/python3.12/site-packages/airflow/example_dags/example_task_group.py took 0.705 seconds
[2024-11-12T14:10:55.478+0000] {processor.py:161} INFO - Started process (PID=504) to work on /home/airflow/.local/lib/python3.12/site-packages/airflow/example_dags/example_task_group.py
[2024-11-12T14:10:55.500+0000] {processor.py:830} INFO - Processing file /home/airflow/.local/lib/python3.12/site-packages/airflow/example_dags/example_task_group.py for tasks to queue
[2024-11-12T14:10:55.521+0000] {logging_mixin.py:188} INFO - [2024-11-12T14:10:55.511+0000] {dagbag.py:545} INFO - Filling up the DagBag from /home/airflow/.local/lib/python3.12/site-packages/airflow/example_dags/example_task_group.py
[2024-11-12T14:10:55.749+0000] {processor.py:840} INFO - DAG(s) 'example_task_group' retrieved from /home/airflow/.local/lib/python3.12/site-packages/airflow/example_dags/example_task_group.py
[2024-11-12T14:10:56.340+0000] {logging_mixin.py:188} INFO - [2024-11-12T14:10:56.339+0000] {dag.py:3089} INFO - Sync 1 DAGs
[2024-11-12T14:10:56.584+0000] {logging_mixin.py:188} INFO - [2024-11-12T14:10:56.579+0000] {dag.py:3947} INFO - Setting next_dagrun for example_task_group to 2024-11-11 00:00:00+00:00, run_after=2024-11-12 00:00:00+00:00
[2024-11-12T14:10:57.166+0000] {processor.py:183} INFO - Processing /home/airflow/.local/lib/python3.12/site-packages/airflow/example_dags/example_task_group.py took 2.031 seconds
