[2024-11-12T11:21:19.105+0000] {processor.py:161} INFO - Started process (PID=49) to work on /home/airflow/.local/lib/python3.12/site-packages/airflow/example_dags/example_subdag_operator.py
[2024-11-12T11:21:19.146+0000] {processor.py:830} INFO - Processing file /home/airflow/.local/lib/python3.12/site-packages/airflow/example_dags/example_subdag_operator.py for tasks to queue
[2024-11-12T11:21:19.297+0000] {logging_mixin.py:188} INFO - [2024-11-12T11:21:19.293+0000] {dagbag.py:545} INFO - Filling up the DagBag from /home/airflow/.local/lib/python3.12/site-packages/airflow/example_dags/example_subdag_operator.py
[2024-11-12T11:21:19.843+0000] {processor.py:840} INFO - DAG(s) 'example_subdag_operator.section-1', 'example_subdag_operator.section-2', 'example_subdag_operator' retrieved from /home/airflow/.local/lib/python3.12/site-packages/airflow/example_dags/example_subdag_operator.py
[2024-11-12T11:21:20.395+0000] {logging_mixin.py:188} INFO - [2024-11-12T11:21:20.381+0000] {dag.py:3089} INFO - Sync 3 DAGs
[2024-11-12T11:21:21.703+0000] {logging_mixin.py:188} INFO - [2024-11-12T11:21:21.618+0000] {dag.py:3947} INFO - Setting next_dagrun for example_subdag_operator to 2022-01-01 00:00:00+00:00, run_after=2022-01-01 00:00:00+00:00
[2024-11-12T11:21:21.797+0000] {logging_mixin.py:188} INFO - [2024-11-12T11:21:21.797+0000] {dag.py:3947} INFO - Setting next_dagrun for example_subdag_operator.section-1 to None, run_after=None
[2024-11-12T11:21:21.829+0000] {logging_mixin.py:188} INFO - [2024-11-12T11:21:21.829+0000] {dag.py:3947} INFO - Setting next_dagrun for example_subdag_operator.section-2 to None, run_after=None
[2024-11-12T11:21:22.232+0000] {logging_mixin.py:188} INFO - [2024-11-12T11:21:22.231+0000] {dag.py:3089} INFO - Sync 2 DAGs
[2024-11-12T11:21:22.281+0000] {logging_mixin.py:188} INFO - [2024-11-12T11:21:22.280+0000] {dag.py:3947} INFO - Setting next_dagrun for example_subdag_operator.section-1 to None, run_after=None
[2024-11-12T11:21:22.282+0000] {logging_mixin.py:188} INFO - [2024-11-12T11:21:22.281+0000] {dag.py:3947} INFO - Setting next_dagrun for example_subdag_operator.section-2 to None, run_after=None
[2024-11-12T11:21:22.523+0000] {processor.py:183} INFO - Processing /home/airflow/.local/lib/python3.12/site-packages/airflow/example_dags/example_subdag_operator.py took 3.578 seconds
[2024-11-12T11:22:00.709+0000] {processor.py:161} INFO - Started process (PID=108) to work on /home/airflow/.local/lib/python3.12/site-packages/airflow/example_dags/example_subdag_operator.py
[2024-11-12T11:22:00.711+0000] {processor.py:830} INFO - Processing file /home/airflow/.local/lib/python3.12/site-packages/airflow/example_dags/example_subdag_operator.py for tasks to queue
[2024-11-12T11:22:00.719+0000] {logging_mixin.py:188} INFO - [2024-11-12T11:22:00.718+0000] {dagbag.py:545} INFO - Filling up the DagBag from /home/airflow/.local/lib/python3.12/site-packages/airflow/example_dags/example_subdag_operator.py
[2024-11-12T11:22:00.931+0000] {processor.py:840} INFO - DAG(s) 'example_subdag_operator.section-1', 'example_subdag_operator.section-2', 'example_subdag_operator' retrieved from /home/airflow/.local/lib/python3.12/site-packages/airflow/example_dags/example_subdag_operator.py
[2024-11-12T11:22:01.000+0000] {logging_mixin.py:188} INFO - [2024-11-12T11:22:01.000+0000] {dag.py:3089} INFO - Sync 3 DAGs
[2024-11-12T11:22:01.088+0000] {logging_mixin.py:188} INFO - [2024-11-12T11:22:01.087+0000] {dag.py:3947} INFO - Setting next_dagrun for example_subdag_operator to 2022-01-01 00:00:00+00:00, run_after=2022-01-01 00:00:00+00:00
[2024-11-12T11:22:01.096+0000] {logging_mixin.py:188} INFO - [2024-11-12T11:22:01.096+0000] {dag.py:3947} INFO - Setting next_dagrun for example_subdag_operator.section-1 to None, run_after=None
[2024-11-12T11:22:01.099+0000] {logging_mixin.py:188} INFO - [2024-11-12T11:22:01.098+0000] {dag.py:3947} INFO - Setting next_dagrun for example_subdag_operator.section-2 to None, run_after=None
[2024-11-12T11:22:01.118+0000] {logging_mixin.py:188} INFO - [2024-11-12T11:22:01.118+0000] {dag.py:3089} INFO - Sync 2 DAGs
[2024-11-12T11:22:01.134+0000] {logging_mixin.py:188} INFO - [2024-11-12T11:22:01.133+0000] {dag.py:3947} INFO - Setting next_dagrun for example_subdag_operator.section-1 to None, run_after=None
[2024-11-12T11:22:01.135+0000] {logging_mixin.py:188} INFO - [2024-11-12T11:22:01.135+0000] {dag.py:3947} INFO - Setting next_dagrun for example_subdag_operator.section-2 to None, run_after=None
[2024-11-12T11:22:01.163+0000] {processor.py:183} INFO - Processing /home/airflow/.local/lib/python3.12/site-packages/airflow/example_dags/example_subdag_operator.py took 0.478 seconds
[2024-11-12T11:22:33.764+0000] {processor.py:161} INFO - Started process (PID=166) to work on /home/airflow/.local/lib/python3.12/site-packages/airflow/example_dags/example_subdag_operator.py
[2024-11-12T11:22:33.766+0000] {processor.py:830} INFO - Processing file /home/airflow/.local/lib/python3.12/site-packages/airflow/example_dags/example_subdag_operator.py for tasks to queue
[2024-11-12T11:22:33.771+0000] {logging_mixin.py:188} INFO - [2024-11-12T11:22:33.770+0000] {dagbag.py:545} INFO - Filling up the DagBag from /home/airflow/.local/lib/python3.12/site-packages/airflow/example_dags/example_subdag_operator.py
[2024-11-12T11:22:33.839+0000] {processor.py:840} INFO - DAG(s) 'example_subdag_operator.section-1', 'example_subdag_operator.section-2', 'example_subdag_operator' retrieved from /home/airflow/.local/lib/python3.12/site-packages/airflow/example_dags/example_subdag_operator.py
[2024-11-12T11:22:33.872+0000] {logging_mixin.py:188} INFO - [2024-11-12T11:22:33.872+0000] {dag.py:3089} INFO - Sync 3 DAGs
[2024-11-12T11:22:33.917+0000] {logging_mixin.py:188} INFO - [2024-11-12T11:22:33.917+0000] {dag.py:3947} INFO - Setting next_dagrun for example_subdag_operator to 2022-01-01 00:00:00+00:00, run_after=2022-01-01 00:00:00+00:00
[2024-11-12T11:22:33.926+0000] {logging_mixin.py:188} INFO - [2024-11-12T11:22:33.925+0000] {dag.py:3947} INFO - Setting next_dagrun for example_subdag_operator.section-1 to None, run_after=None
[2024-11-12T11:22:33.928+0000] {logging_mixin.py:188} INFO - [2024-11-12T11:22:33.928+0000] {dag.py:3947} INFO - Setting next_dagrun for example_subdag_operator.section-2 to None, run_after=None
[2024-11-12T11:22:33.941+0000] {logging_mixin.py:188} INFO - [2024-11-12T11:22:33.941+0000] {dag.py:3089} INFO - Sync 2 DAGs
[2024-11-12T11:22:33.955+0000] {logging_mixin.py:188} INFO - [2024-11-12T11:22:33.954+0000] {dag.py:3947} INFO - Setting next_dagrun for example_subdag_operator.section-1 to None, run_after=None
[2024-11-12T11:22:33.956+0000] {logging_mixin.py:188} INFO - [2024-11-12T11:22:33.956+0000] {dag.py:3947} INFO - Setting next_dagrun for example_subdag_operator.section-2 to None, run_after=None
[2024-11-12T11:22:33.976+0000] {processor.py:183} INFO - Processing /home/airflow/.local/lib/python3.12/site-packages/airflow/example_dags/example_subdag_operator.py took 0.233 seconds
[2024-11-12T11:23:04.862+0000] {processor.py:161} INFO - Started process (PID=226) to work on /home/airflow/.local/lib/python3.12/site-packages/airflow/example_dags/example_subdag_operator.py
[2024-11-12T11:23:04.864+0000] {processor.py:830} INFO - Processing file /home/airflow/.local/lib/python3.12/site-packages/airflow/example_dags/example_subdag_operator.py for tasks to queue
[2024-11-12T11:23:04.872+0000] {logging_mixin.py:188} INFO - [2024-11-12T11:23:04.871+0000] {dagbag.py:545} INFO - Filling up the DagBag from /home/airflow/.local/lib/python3.12/site-packages/airflow/example_dags/example_subdag_operator.py
[2024-11-12T11:23:04.965+0000] {processor.py:840} INFO - DAG(s) 'example_subdag_operator.section-1', 'example_subdag_operator.section-2', 'example_subdag_operator' retrieved from /home/airflow/.local/lib/python3.12/site-packages/airflow/example_dags/example_subdag_operator.py
[2024-11-12T11:23:05.013+0000] {logging_mixin.py:188} INFO - [2024-11-12T11:23:05.012+0000] {dag.py:3089} INFO - Sync 3 DAGs
[2024-11-12T11:23:05.077+0000] {logging_mixin.py:188} INFO - [2024-11-12T11:23:05.076+0000] {dag.py:3947} INFO - Setting next_dagrun for example_subdag_operator to 2022-01-01 00:00:00+00:00, run_after=2022-01-01 00:00:00+00:00
[2024-11-12T11:23:05.088+0000] {logging_mixin.py:188} INFO - [2024-11-12T11:23:05.087+0000] {dag.py:3947} INFO - Setting next_dagrun for example_subdag_operator.section-1 to None, run_after=None
[2024-11-12T11:23:05.091+0000] {logging_mixin.py:188} INFO - [2024-11-12T11:23:05.091+0000] {dag.py:3947} INFO - Setting next_dagrun for example_subdag_operator.section-2 to None, run_after=None
[2024-11-12T11:23:05.115+0000] {logging_mixin.py:188} INFO - [2024-11-12T11:23:05.115+0000] {dag.py:3089} INFO - Sync 2 DAGs
[2024-11-12T11:23:05.129+0000] {logging_mixin.py:188} INFO - [2024-11-12T11:23:05.129+0000] {dag.py:3947} INFO - Setting next_dagrun for example_subdag_operator.section-1 to None, run_after=None
[2024-11-12T11:23:05.130+0000] {logging_mixin.py:188} INFO - [2024-11-12T11:23:05.130+0000] {dag.py:3947} INFO - Setting next_dagrun for example_subdag_operator.section-2 to None, run_after=None
[2024-11-12T11:23:05.161+0000] {processor.py:183} INFO - Processing /home/airflow/.local/lib/python3.12/site-packages/airflow/example_dags/example_subdag_operator.py took 0.318 seconds
[2024-11-12T11:23:36.059+0000] {processor.py:161} INFO - Started process (PID=286) to work on /home/airflow/.local/lib/python3.12/site-packages/airflow/example_dags/example_subdag_operator.py
[2024-11-12T11:23:36.061+0000] {processor.py:830} INFO - Processing file /home/airflow/.local/lib/python3.12/site-packages/airflow/example_dags/example_subdag_operator.py for tasks to queue
[2024-11-12T11:23:36.065+0000] {logging_mixin.py:188} INFO - [2024-11-12T11:23:36.064+0000] {dagbag.py:545} INFO - Filling up the DagBag from /home/airflow/.local/lib/python3.12/site-packages/airflow/example_dags/example_subdag_operator.py
[2024-11-12T11:23:36.121+0000] {processor.py:840} INFO - DAG(s) 'example_subdag_operator.section-1', 'example_subdag_operator.section-2', 'example_subdag_operator' retrieved from /home/airflow/.local/lib/python3.12/site-packages/airflow/example_dags/example_subdag_operator.py
[2024-11-12T11:23:36.154+0000] {logging_mixin.py:188} INFO - [2024-11-12T11:23:36.154+0000] {dag.py:3089} INFO - Sync 3 DAGs
[2024-11-12T11:23:36.213+0000] {logging_mixin.py:188} INFO - [2024-11-12T11:23:36.212+0000] {dag.py:3947} INFO - Setting next_dagrun for example_subdag_operator to 2022-01-01 00:00:00+00:00, run_after=2022-01-01 00:00:00+00:00
[2024-11-12T11:23:36.224+0000] {logging_mixin.py:188} INFO - [2024-11-12T11:23:36.222+0000] {dag.py:3947} INFO - Setting next_dagrun for example_subdag_operator.section-1 to None, run_after=None
[2024-11-12T11:23:36.228+0000] {logging_mixin.py:188} INFO - [2024-11-12T11:23:36.227+0000] {dag.py:3947} INFO - Setting next_dagrun for example_subdag_operator.section-2 to None, run_after=None
[2024-11-12T11:23:36.244+0000] {logging_mixin.py:188} INFO - [2024-11-12T11:23:36.244+0000] {dag.py:3089} INFO - Sync 2 DAGs
[2024-11-12T11:23:36.256+0000] {logging_mixin.py:188} INFO - [2024-11-12T11:23:36.255+0000] {dag.py:3947} INFO - Setting next_dagrun for example_subdag_operator.section-1 to None, run_after=None
[2024-11-12T11:23:36.256+0000] {logging_mixin.py:188} INFO - [2024-11-12T11:23:36.256+0000] {dag.py:3947} INFO - Setting next_dagrun for example_subdag_operator.section-2 to None, run_after=None
[2024-11-12T11:23:36.283+0000] {processor.py:183} INFO - Processing /home/airflow/.local/lib/python3.12/site-packages/airflow/example_dags/example_subdag_operator.py took 0.236 seconds
[2024-11-12T11:27:18.341+0000] {processor.py:161} INFO - Started process (PID=48) to work on /home/airflow/.local/lib/python3.12/site-packages/airflow/example_dags/example_subdag_operator.py
[2024-11-12T11:27:18.345+0000] {processor.py:830} INFO - Processing file /home/airflow/.local/lib/python3.12/site-packages/airflow/example_dags/example_subdag_operator.py for tasks to queue
[2024-11-12T11:27:18.353+0000] {logging_mixin.py:188} INFO - [2024-11-12T11:27:18.351+0000] {dagbag.py:545} INFO - Filling up the DagBag from /home/airflow/.local/lib/python3.12/site-packages/airflow/example_dags/example_subdag_operator.py
[2024-11-12T11:27:18.570+0000] {processor.py:840} INFO - DAG(s) 'example_subdag_operator.section-1', 'example_subdag_operator.section-2', 'example_subdag_operator' retrieved from /home/airflow/.local/lib/python3.12/site-packages/airflow/example_dags/example_subdag_operator.py
[2024-11-12T11:27:20.905+0000] {logging_mixin.py:188} INFO - [2024-11-12T11:27:20.905+0000] {dag.py:3089} INFO - Sync 3 DAGs
[2024-11-12T11:27:21.003+0000] {logging_mixin.py:188} INFO - [2024-11-12T11:27:21.003+0000] {dag.py:3947} INFO - Setting next_dagrun for example_subdag_operator to 2022-01-01 00:00:00+00:00, run_after=2022-01-01 00:00:00+00:00
[2024-11-12T11:27:21.011+0000] {logging_mixin.py:188} INFO - [2024-11-12T11:27:21.010+0000] {dag.py:3947} INFO - Setting next_dagrun for example_subdag_operator.section-1 to None, run_after=None
[2024-11-12T11:27:21.021+0000] {logging_mixin.py:188} INFO - [2024-11-12T11:27:21.021+0000] {dag.py:3947} INFO - Setting next_dagrun for example_subdag_operator.section-2 to None, run_after=None
[2024-11-12T11:27:23.200+0000] {logging_mixin.py:188} INFO - [2024-11-12T11:27:23.198+0000] {dag.py:3089} INFO - Sync 2 DAGs
[2024-11-12T11:27:23.218+0000] {logging_mixin.py:188} INFO - [2024-11-12T11:27:23.217+0000] {dag.py:3947} INFO - Setting next_dagrun for example_subdag_operator.section-1 to None, run_after=None
[2024-11-12T11:27:23.219+0000] {logging_mixin.py:188} INFO - [2024-11-12T11:27:23.218+0000] {dag.py:3947} INFO - Setting next_dagrun for example_subdag_operator.section-2 to None, run_after=None
[2024-11-12T11:27:23.256+0000] {processor.py:183} INFO - Processing /home/airflow/.local/lib/python3.12/site-packages/airflow/example_dags/example_subdag_operator.py took 4.950 seconds
[2024-11-12T11:28:04.293+0000] {processor.py:161} INFO - Started process (PID=108) to work on /home/airflow/.local/lib/python3.12/site-packages/airflow/example_dags/example_subdag_operator.py
[2024-11-12T11:28:04.296+0000] {processor.py:830} INFO - Processing file /home/airflow/.local/lib/python3.12/site-packages/airflow/example_dags/example_subdag_operator.py for tasks to queue
[2024-11-12T11:28:04.300+0000] {logging_mixin.py:188} INFO - [2024-11-12T11:28:04.299+0000] {dagbag.py:545} INFO - Filling up the DagBag from /home/airflow/.local/lib/python3.12/site-packages/airflow/example_dags/example_subdag_operator.py
[2024-11-12T11:28:04.372+0000] {processor.py:840} INFO - DAG(s) 'example_subdag_operator.section-1', 'example_subdag_operator.section-2', 'example_subdag_operator' retrieved from /home/airflow/.local/lib/python3.12/site-packages/airflow/example_dags/example_subdag_operator.py
[2024-11-12T11:28:04.418+0000] {logging_mixin.py:188} INFO - [2024-11-12T11:28:04.417+0000] {dag.py:3089} INFO - Sync 3 DAGs
[2024-11-12T11:28:04.475+0000] {logging_mixin.py:188} INFO - [2024-11-12T11:28:04.474+0000] {dag.py:3947} INFO - Setting next_dagrun for example_subdag_operator to 2022-01-01 00:00:00+00:00, run_after=2022-01-01 00:00:00+00:00
[2024-11-12T11:28:04.485+0000] {logging_mixin.py:188} INFO - [2024-11-12T11:28:04.484+0000] {dag.py:3947} INFO - Setting next_dagrun for example_subdag_operator.section-1 to None, run_after=None
[2024-11-12T11:28:04.488+0000] {logging_mixin.py:188} INFO - [2024-11-12T11:28:04.487+0000] {dag.py:3947} INFO - Setting next_dagrun for example_subdag_operator.section-2 to None, run_after=None
[2024-11-12T11:28:04.505+0000] {logging_mixin.py:188} INFO - [2024-11-12T11:28:04.504+0000] {dag.py:3089} INFO - Sync 2 DAGs
[2024-11-12T11:28:04.518+0000] {logging_mixin.py:188} INFO - [2024-11-12T11:28:04.517+0000] {dag.py:3947} INFO - Setting next_dagrun for example_subdag_operator.section-1 to None, run_after=None
[2024-11-12T11:28:04.519+0000] {logging_mixin.py:188} INFO - [2024-11-12T11:28:04.518+0000] {dag.py:3947} INFO - Setting next_dagrun for example_subdag_operator.section-2 to None, run_after=None
[2024-11-12T11:28:04.547+0000] {processor.py:183} INFO - Processing /home/airflow/.local/lib/python3.12/site-packages/airflow/example_dags/example_subdag_operator.py took 0.268 seconds
[2024-11-12T11:28:35.959+0000] {processor.py:161} INFO - Started process (PID=168) to work on /home/airflow/.local/lib/python3.12/site-packages/airflow/example_dags/example_subdag_operator.py
[2024-11-12T11:28:35.961+0000] {processor.py:830} INFO - Processing file /home/airflow/.local/lib/python3.12/site-packages/airflow/example_dags/example_subdag_operator.py for tasks to queue
[2024-11-12T11:28:35.964+0000] {logging_mixin.py:188} INFO - [2024-11-12T11:28:35.963+0000] {dagbag.py:545} INFO - Filling up the DagBag from /home/airflow/.local/lib/python3.12/site-packages/airflow/example_dags/example_subdag_operator.py
[2024-11-12T11:28:36.022+0000] {processor.py:840} INFO - DAG(s) 'example_subdag_operator.section-1', 'example_subdag_operator.section-2', 'example_subdag_operator' retrieved from /home/airflow/.local/lib/python3.12/site-packages/airflow/example_dags/example_subdag_operator.py
[2024-11-12T11:28:36.065+0000] {logging_mixin.py:188} INFO - [2024-11-12T11:28:36.064+0000] {dag.py:3089} INFO - Sync 3 DAGs
[2024-11-12T11:28:36.116+0000] {logging_mixin.py:188} INFO - [2024-11-12T11:28:36.115+0000] {dag.py:3947} INFO - Setting next_dagrun for example_subdag_operator to 2022-01-01 00:00:00+00:00, run_after=2022-01-01 00:00:00+00:00
[2024-11-12T11:28:36.123+0000] {logging_mixin.py:188} INFO - [2024-11-12T11:28:36.123+0000] {dag.py:3947} INFO - Setting next_dagrun for example_subdag_operator.section-1 to None, run_after=None
[2024-11-12T11:28:36.126+0000] {logging_mixin.py:188} INFO - [2024-11-12T11:28:36.126+0000] {dag.py:3947} INFO - Setting next_dagrun for example_subdag_operator.section-2 to None, run_after=None
[2024-11-12T11:28:36.143+0000] {logging_mixin.py:188} INFO - [2024-11-12T11:28:36.143+0000] {dag.py:3089} INFO - Sync 2 DAGs
[2024-11-12T11:28:36.156+0000] {logging_mixin.py:188} INFO - [2024-11-12T11:28:36.155+0000] {dag.py:3947} INFO - Setting next_dagrun for example_subdag_operator.section-1 to None, run_after=None
[2024-11-12T11:28:36.156+0000] {logging_mixin.py:188} INFO - [2024-11-12T11:28:36.156+0000] {dag.py:3947} INFO - Setting next_dagrun for example_subdag_operator.section-2 to None, run_after=None
[2024-11-12T11:28:36.183+0000] {processor.py:183} INFO - Processing /home/airflow/.local/lib/python3.12/site-packages/airflow/example_dags/example_subdag_operator.py took 0.236 seconds
[2024-11-12T11:29:07.865+0000] {processor.py:161} INFO - Started process (PID=228) to work on /home/airflow/.local/lib/python3.12/site-packages/airflow/example_dags/example_subdag_operator.py
[2024-11-12T11:29:07.866+0000] {processor.py:830} INFO - Processing file /home/airflow/.local/lib/python3.12/site-packages/airflow/example_dags/example_subdag_operator.py for tasks to queue
[2024-11-12T11:29:07.871+0000] {logging_mixin.py:188} INFO - [2024-11-12T11:29:07.870+0000] {dagbag.py:545} INFO - Filling up the DagBag from /home/airflow/.local/lib/python3.12/site-packages/airflow/example_dags/example_subdag_operator.py
[2024-11-12T11:29:07.931+0000] {processor.py:840} INFO - DAG(s) 'example_subdag_operator.section-1', 'example_subdag_operator.section-2', 'example_subdag_operator' retrieved from /home/airflow/.local/lib/python3.12/site-packages/airflow/example_dags/example_subdag_operator.py
[2024-11-12T11:29:07.968+0000] {logging_mixin.py:188} INFO - [2024-11-12T11:29:07.968+0000] {dag.py:3089} INFO - Sync 3 DAGs
[2024-11-12T11:29:08.028+0000] {logging_mixin.py:188} INFO - [2024-11-12T11:29:08.027+0000] {dag.py:3947} INFO - Setting next_dagrun for example_subdag_operator to 2022-01-01 00:00:00+00:00, run_after=2022-01-01 00:00:00+00:00
[2024-11-12T11:29:08.043+0000] {logging_mixin.py:188} INFO - [2024-11-12T11:29:08.042+0000] {dag.py:3947} INFO - Setting next_dagrun for example_subdag_operator.section-1 to None, run_after=None
[2024-11-12T11:29:08.047+0000] {logging_mixin.py:188} INFO - [2024-11-12T11:29:08.046+0000] {dag.py:3947} INFO - Setting next_dagrun for example_subdag_operator.section-2 to None, run_after=None
[2024-11-12T11:29:08.066+0000] {logging_mixin.py:188} INFO - [2024-11-12T11:29:08.066+0000] {dag.py:3089} INFO - Sync 2 DAGs
[2024-11-12T11:29:08.079+0000] {logging_mixin.py:188} INFO - [2024-11-12T11:29:08.078+0000] {dag.py:3947} INFO - Setting next_dagrun for example_subdag_operator.section-1 to None, run_after=None
[2024-11-12T11:29:08.080+0000] {logging_mixin.py:188} INFO - [2024-11-12T11:29:08.080+0000] {dag.py:3947} INFO - Setting next_dagrun for example_subdag_operator.section-2 to None, run_after=None
[2024-11-12T11:29:08.109+0000] {processor.py:183} INFO - Processing /home/airflow/.local/lib/python3.12/site-packages/airflow/example_dags/example_subdag_operator.py took 0.263 seconds
[2024-11-12T11:29:43.340+0000] {processor.py:161} INFO - Started process (PID=285) to work on /home/airflow/.local/lib/python3.12/site-packages/airflow/example_dags/example_subdag_operator.py
[2024-11-12T11:29:43.353+0000] {processor.py:830} INFO - Processing file /home/airflow/.local/lib/python3.12/site-packages/airflow/example_dags/example_subdag_operator.py for tasks to queue
[2024-11-12T11:29:43.362+0000] {logging_mixin.py:188} INFO - [2024-11-12T11:29:43.358+0000] {dagbag.py:545} INFO - Filling up the DagBag from /home/airflow/.local/lib/python3.12/site-packages/airflow/example_dags/example_subdag_operator.py
[2024-11-12T11:29:43.653+0000] {processor.py:840} INFO - DAG(s) 'example_subdag_operator.section-1', 'example_subdag_operator.section-2', 'example_subdag_operator' retrieved from /home/airflow/.local/lib/python3.12/site-packages/airflow/example_dags/example_subdag_operator.py
[2024-11-12T11:29:43.927+0000] {logging_mixin.py:188} INFO - [2024-11-12T11:29:43.926+0000] {dag.py:3089} INFO - Sync 3 DAGs
[2024-11-12T11:29:44.107+0000] {logging_mixin.py:188} INFO - [2024-11-12T11:29:44.107+0000] {dag.py:3947} INFO - Setting next_dagrun for example_subdag_operator to 2022-01-01 00:00:00+00:00, run_after=2022-01-01 00:00:00+00:00
[2024-11-12T11:29:44.160+0000] {logging_mixin.py:188} INFO - [2024-11-12T11:29:44.154+0000] {dag.py:3947} INFO - Setting next_dagrun for example_subdag_operator.section-1 to None, run_after=None
[2024-11-12T11:29:44.173+0000] {logging_mixin.py:188} INFO - [2024-11-12T11:29:44.172+0000] {dag.py:3947} INFO - Setting next_dagrun for example_subdag_operator.section-2 to None, run_after=None
[2024-11-12T11:29:44.293+0000] {logging_mixin.py:188} INFO - [2024-11-12T11:29:44.288+0000] {dag.py:3089} INFO - Sync 2 DAGs
[2024-11-12T11:29:44.313+0000] {logging_mixin.py:188} INFO - [2024-11-12T11:29:44.311+0000] {dag.py:3947} INFO - Setting next_dagrun for example_subdag_operator.section-1 to None, run_after=None
[2024-11-12T11:29:44.315+0000] {logging_mixin.py:188} INFO - [2024-11-12T11:29:44.314+0000] {dag.py:3947} INFO - Setting next_dagrun for example_subdag_operator.section-2 to None, run_after=None
[2024-11-12T11:29:44.598+0000] {processor.py:183} INFO - Processing /home/airflow/.local/lib/python3.12/site-packages/airflow/example_dags/example_subdag_operator.py took 1.302 seconds
[2024-11-12T11:30:32.075+0000] {processor.py:161} INFO - Started process (PID=336) to work on /home/airflow/.local/lib/python3.12/site-packages/airflow/example_dags/example_subdag_operator.py
[2024-11-12T11:30:32.088+0000] {processor.py:830} INFO - Processing file /home/airflow/.local/lib/python3.12/site-packages/airflow/example_dags/example_subdag_operator.py for tasks to queue
[2024-11-12T11:30:32.096+0000] {logging_mixin.py:188} INFO - [2024-11-12T11:30:32.095+0000] {dagbag.py:545} INFO - Filling up the DagBag from /home/airflow/.local/lib/python3.12/site-packages/airflow/example_dags/example_subdag_operator.py
[2024-11-12T11:30:32.294+0000] {processor.py:840} INFO - DAG(s) 'example_subdag_operator.section-1', 'example_subdag_operator.section-2', 'example_subdag_operator' retrieved from /home/airflow/.local/lib/python3.12/site-packages/airflow/example_dags/example_subdag_operator.py
[2024-11-12T11:30:32.559+0000] {logging_mixin.py:188} INFO - [2024-11-12T11:30:32.559+0000] {dag.py:3089} INFO - Sync 3 DAGs
[2024-11-12T11:30:32.664+0000] {logging_mixin.py:188} INFO - [2024-11-12T11:30:32.663+0000] {dag.py:3947} INFO - Setting next_dagrun for example_subdag_operator to 2022-01-01 00:00:00+00:00, run_after=2022-01-01 00:00:00+00:00
[2024-11-12T11:30:32.680+0000] {logging_mixin.py:188} INFO - [2024-11-12T11:30:32.680+0000] {dag.py:3947} INFO - Setting next_dagrun for example_subdag_operator.section-1 to None, run_after=None
[2024-11-12T11:30:32.684+0000] {logging_mixin.py:188} INFO - [2024-11-12T11:30:32.683+0000] {dag.py:3947} INFO - Setting next_dagrun for example_subdag_operator.section-2 to None, run_after=None
[2024-11-12T11:30:32.704+0000] {logging_mixin.py:188} INFO - [2024-11-12T11:30:32.704+0000] {dag.py:3089} INFO - Sync 2 DAGs
[2024-11-12T11:30:32.736+0000] {logging_mixin.py:188} INFO - [2024-11-12T11:30:32.736+0000] {dag.py:3947} INFO - Setting next_dagrun for example_subdag_operator.section-1 to None, run_after=None
[2024-11-12T11:30:32.737+0000] {logging_mixin.py:188} INFO - [2024-11-12T11:30:32.737+0000] {dag.py:3947} INFO - Setting next_dagrun for example_subdag_operator.section-2 to None, run_after=None
[2024-11-12T11:30:32.960+0000] {processor.py:183} INFO - Processing /home/airflow/.local/lib/python3.12/site-packages/airflow/example_dags/example_subdag_operator.py took 0.925 seconds
[2024-11-12T11:31:03.344+0000] {processor.py:161} INFO - Started process (PID=395) to work on /home/airflow/.local/lib/python3.12/site-packages/airflow/example_dags/example_subdag_operator.py
[2024-11-12T11:31:03.346+0000] {processor.py:830} INFO - Processing file /home/airflow/.local/lib/python3.12/site-packages/airflow/example_dags/example_subdag_operator.py for tasks to queue
[2024-11-12T11:31:03.354+0000] {logging_mixin.py:188} INFO - [2024-11-12T11:31:03.353+0000] {dagbag.py:545} INFO - Filling up the DagBag from /home/airflow/.local/lib/python3.12/site-packages/airflow/example_dags/example_subdag_operator.py
[2024-11-12T11:31:03.438+0000] {processor.py:840} INFO - DAG(s) 'example_subdag_operator.section-1', 'example_subdag_operator.section-2', 'example_subdag_operator' retrieved from /home/airflow/.local/lib/python3.12/site-packages/airflow/example_dags/example_subdag_operator.py
[2024-11-12T11:31:03.479+0000] {logging_mixin.py:188} INFO - [2024-11-12T11:31:03.479+0000] {dag.py:3089} INFO - Sync 3 DAGs
[2024-11-12T11:31:03.536+0000] {logging_mixin.py:188} INFO - [2024-11-12T11:31:03.535+0000] {dag.py:3947} INFO - Setting next_dagrun for example_subdag_operator to 2022-01-01 00:00:00+00:00, run_after=2022-01-01 00:00:00+00:00
[2024-11-12T11:31:03.546+0000] {logging_mixin.py:188} INFO - [2024-11-12T11:31:03.546+0000] {dag.py:3947} INFO - Setting next_dagrun for example_subdag_operator.section-1 to None, run_after=None
[2024-11-12T11:31:03.549+0000] {logging_mixin.py:188} INFO - [2024-11-12T11:31:03.549+0000] {dag.py:3947} INFO - Setting next_dagrun for example_subdag_operator.section-2 to None, run_after=None
[2024-11-12T11:31:03.575+0000] {logging_mixin.py:188} INFO - [2024-11-12T11:31:03.575+0000] {dag.py:3089} INFO - Sync 2 DAGs
[2024-11-12T11:31:03.586+0000] {logging_mixin.py:188} INFO - [2024-11-12T11:31:03.586+0000] {dag.py:3947} INFO - Setting next_dagrun for example_subdag_operator.section-1 to None, run_after=None
[2024-11-12T11:31:03.587+0000] {logging_mixin.py:188} INFO - [2024-11-12T11:31:03.587+0000] {dag.py:3947} INFO - Setting next_dagrun for example_subdag_operator.section-2 to None, run_after=None
[2024-11-12T11:31:03.610+0000] {processor.py:183} INFO - Processing /home/airflow/.local/lib/python3.12/site-packages/airflow/example_dags/example_subdag_operator.py took 0.284 seconds
[2024-11-12T11:31:34.102+0000] {processor.py:161} INFO - Started process (PID=455) to work on /home/airflow/.local/lib/python3.12/site-packages/airflow/example_dags/example_subdag_operator.py
[2024-11-12T11:31:34.172+0000] {processor.py:830} INFO - Processing file /home/airflow/.local/lib/python3.12/site-packages/airflow/example_dags/example_subdag_operator.py for tasks to queue
[2024-11-12T11:31:34.180+0000] {logging_mixin.py:188} INFO - [2024-11-12T11:31:34.176+0000] {dagbag.py:545} INFO - Filling up the DagBag from /home/airflow/.local/lib/python3.12/site-packages/airflow/example_dags/example_subdag_operator.py
[2024-11-12T11:31:34.602+0000] {processor.py:840} INFO - DAG(s) 'example_subdag_operator.section-1', 'example_subdag_operator.section-2', 'example_subdag_operator' retrieved from /home/airflow/.local/lib/python3.12/site-packages/airflow/example_dags/example_subdag_operator.py
[2024-11-12T11:31:34.694+0000] {logging_mixin.py:188} INFO - [2024-11-12T11:31:34.693+0000] {dag.py:3089} INFO - Sync 3 DAGs
[2024-11-12T11:31:34.822+0000] {logging_mixin.py:188} INFO - [2024-11-12T11:31:34.811+0000] {dag.py:3947} INFO - Setting next_dagrun for example_subdag_operator to 2022-01-01 00:00:00+00:00, run_after=2022-01-01 00:00:00+00:00
[2024-11-12T11:31:34.853+0000] {logging_mixin.py:188} INFO - [2024-11-12T11:31:34.850+0000] {dag.py:3947} INFO - Setting next_dagrun for example_subdag_operator.section-1 to None, run_after=None
[2024-11-12T11:31:34.885+0000] {logging_mixin.py:188} INFO - [2024-11-12T11:31:34.884+0000] {dag.py:3947} INFO - Setting next_dagrun for example_subdag_operator.section-2 to None, run_after=None
[2024-11-12T11:31:34.915+0000] {logging_mixin.py:188} INFO - [2024-11-12T11:31:34.914+0000] {dag.py:3089} INFO - Sync 2 DAGs
[2024-11-12T11:31:34.934+0000] {logging_mixin.py:188} INFO - [2024-11-12T11:31:34.933+0000] {dag.py:3947} INFO - Setting next_dagrun for example_subdag_operator.section-1 to None, run_after=None
[2024-11-12T11:31:34.936+0000] {logging_mixin.py:188} INFO - [2024-11-12T11:31:34.935+0000] {dag.py:3947} INFO - Setting next_dagrun for example_subdag_operator.section-2 to None, run_after=None
[2024-11-12T11:31:34.980+0000] {processor.py:183} INFO - Processing /home/airflow/.local/lib/python3.12/site-packages/airflow/example_dags/example_subdag_operator.py took 0.893 seconds
[2024-11-12T11:32:05.713+0000] {processor.py:161} INFO - Started process (PID=515) to work on /home/airflow/.local/lib/python3.12/site-packages/airflow/example_dags/example_subdag_operator.py
[2024-11-12T11:32:05.716+0000] {processor.py:830} INFO - Processing file /home/airflow/.local/lib/python3.12/site-packages/airflow/example_dags/example_subdag_operator.py for tasks to queue
[2024-11-12T11:32:05.721+0000] {logging_mixin.py:188} INFO - [2024-11-12T11:32:05.720+0000] {dagbag.py:545} INFO - Filling up the DagBag from /home/airflow/.local/lib/python3.12/site-packages/airflow/example_dags/example_subdag_operator.py
[2024-11-12T11:32:05.787+0000] {processor.py:840} INFO - DAG(s) 'example_subdag_operator.section-1', 'example_subdag_operator.section-2', 'example_subdag_operator' retrieved from /home/airflow/.local/lib/python3.12/site-packages/airflow/example_dags/example_subdag_operator.py
[2024-11-12T11:32:05.831+0000] {logging_mixin.py:188} INFO - [2024-11-12T11:32:05.831+0000] {dag.py:3089} INFO - Sync 3 DAGs
[2024-11-12T11:32:05.897+0000] {logging_mixin.py:188} INFO - [2024-11-12T11:32:05.893+0000] {dag.py:3947} INFO - Setting next_dagrun for example_subdag_operator to 2022-01-01 00:00:00+00:00, run_after=2022-01-01 00:00:00+00:00
[2024-11-12T11:32:05.914+0000] {logging_mixin.py:188} INFO - [2024-11-12T11:32:05.913+0000] {dag.py:3947} INFO - Setting next_dagrun for example_subdag_operator.section-1 to None, run_after=None
[2024-11-12T11:32:05.917+0000] {logging_mixin.py:188} INFO - [2024-11-12T11:32:05.917+0000] {dag.py:3947} INFO - Setting next_dagrun for example_subdag_operator.section-2 to None, run_after=None
[2024-11-12T11:32:05.940+0000] {logging_mixin.py:188} INFO - [2024-11-12T11:32:05.940+0000] {dag.py:3089} INFO - Sync 2 DAGs
[2024-11-12T11:32:05.964+0000] {logging_mixin.py:188} INFO - [2024-11-12T11:32:05.964+0000] {dag.py:3947} INFO - Setting next_dagrun for example_subdag_operator.section-1 to None, run_after=None
[2024-11-12T11:32:05.965+0000] {logging_mixin.py:188} INFO - [2024-11-12T11:32:05.965+0000] {dag.py:3947} INFO - Setting next_dagrun for example_subdag_operator.section-2 to None, run_after=None
[2024-11-12T11:32:06.018+0000] {processor.py:183} INFO - Processing /home/airflow/.local/lib/python3.12/site-packages/airflow/example_dags/example_subdag_operator.py took 0.321 seconds
[2024-11-12T11:32:36.658+0000] {processor.py:161} INFO - Started process (PID=576) to work on /home/airflow/.local/lib/python3.12/site-packages/airflow/example_dags/example_subdag_operator.py
[2024-11-12T11:32:36.661+0000] {processor.py:830} INFO - Processing file /home/airflow/.local/lib/python3.12/site-packages/airflow/example_dags/example_subdag_operator.py for tasks to queue
[2024-11-12T11:32:36.666+0000] {logging_mixin.py:188} INFO - [2024-11-12T11:32:36.665+0000] {dagbag.py:545} INFO - Filling up the DagBag from /home/airflow/.local/lib/python3.12/site-packages/airflow/example_dags/example_subdag_operator.py
[2024-11-12T11:32:36.731+0000] {processor.py:840} INFO - DAG(s) 'example_subdag_operator.section-1', 'example_subdag_operator.section-2', 'example_subdag_operator' retrieved from /home/airflow/.local/lib/python3.12/site-packages/airflow/example_dags/example_subdag_operator.py
[2024-11-12T11:32:36.773+0000] {logging_mixin.py:188} INFO - [2024-11-12T11:32:36.773+0000] {dag.py:3089} INFO - Sync 3 DAGs
[2024-11-12T11:32:36.839+0000] {logging_mixin.py:188} INFO - [2024-11-12T11:32:36.838+0000] {dag.py:3947} INFO - Setting next_dagrun for example_subdag_operator to 2022-01-01 00:00:00+00:00, run_after=2022-01-01 00:00:00+00:00
[2024-11-12T11:32:36.850+0000] {logging_mixin.py:188} INFO - [2024-11-12T11:32:36.849+0000] {dag.py:3947} INFO - Setting next_dagrun for example_subdag_operator.section-1 to None, run_after=None
[2024-11-12T11:32:36.853+0000] {logging_mixin.py:188} INFO - [2024-11-12T11:32:36.853+0000] {dag.py:3947} INFO - Setting next_dagrun for example_subdag_operator.section-2 to None, run_after=None
[2024-11-12T11:32:36.877+0000] {logging_mixin.py:188} INFO - [2024-11-12T11:32:36.877+0000] {dag.py:3089} INFO - Sync 2 DAGs
[2024-11-12T11:32:36.894+0000] {logging_mixin.py:188} INFO - [2024-11-12T11:32:36.892+0000] {dag.py:3947} INFO - Setting next_dagrun for example_subdag_operator.section-1 to None, run_after=None
[2024-11-12T11:32:36.895+0000] {logging_mixin.py:188} INFO - [2024-11-12T11:32:36.894+0000] {dag.py:3947} INFO - Setting next_dagrun for example_subdag_operator.section-2 to None, run_after=None
[2024-11-12T11:32:36.926+0000] {processor.py:183} INFO - Processing /home/airflow/.local/lib/python3.12/site-packages/airflow/example_dags/example_subdag_operator.py took 0.283 seconds
[2024-11-12T11:33:07.425+0000] {processor.py:161} INFO - Started process (PID=635) to work on /home/airflow/.local/lib/python3.12/site-packages/airflow/example_dags/example_subdag_operator.py
[2024-11-12T11:33:07.428+0000] {processor.py:830} INFO - Processing file /home/airflow/.local/lib/python3.12/site-packages/airflow/example_dags/example_subdag_operator.py for tasks to queue
[2024-11-12T11:33:07.434+0000] {logging_mixin.py:188} INFO - [2024-11-12T11:33:07.433+0000] {dagbag.py:545} INFO - Filling up the DagBag from /home/airflow/.local/lib/python3.12/site-packages/airflow/example_dags/example_subdag_operator.py
[2024-11-12T11:33:07.513+0000] {processor.py:840} INFO - DAG(s) 'example_subdag_operator.section-1', 'example_subdag_operator.section-2', 'example_subdag_operator' retrieved from /home/airflow/.local/lib/python3.12/site-packages/airflow/example_dags/example_subdag_operator.py
[2024-11-12T11:33:07.567+0000] {logging_mixin.py:188} INFO - [2024-11-12T11:33:07.566+0000] {dag.py:3089} INFO - Sync 3 DAGs
[2024-11-12T11:33:07.637+0000] {logging_mixin.py:188} INFO - [2024-11-12T11:33:07.637+0000] {dag.py:3947} INFO - Setting next_dagrun for example_subdag_operator to 2022-01-01 00:00:00+00:00, run_after=2022-01-01 00:00:00+00:00
[2024-11-12T11:33:07.648+0000] {logging_mixin.py:188} INFO - [2024-11-12T11:33:07.647+0000] {dag.py:3947} INFO - Setting next_dagrun for example_subdag_operator.section-1 to None, run_after=None
[2024-11-12T11:33:07.652+0000] {logging_mixin.py:188} INFO - [2024-11-12T11:33:07.652+0000] {dag.py:3947} INFO - Setting next_dagrun for example_subdag_operator.section-2 to None, run_after=None
[2024-11-12T11:33:07.677+0000] {logging_mixin.py:188} INFO - [2024-11-12T11:33:07.677+0000] {dag.py:3089} INFO - Sync 2 DAGs
[2024-11-12T11:33:07.693+0000] {logging_mixin.py:188} INFO - [2024-11-12T11:33:07.693+0000] {dag.py:3947} INFO - Setting next_dagrun for example_subdag_operator.section-1 to None, run_after=None
[2024-11-12T11:33:07.695+0000] {logging_mixin.py:188} INFO - [2024-11-12T11:33:07.694+0000] {dag.py:3947} INFO - Setting next_dagrun for example_subdag_operator.section-2 to None, run_after=None
[2024-11-12T11:33:07.730+0000] {processor.py:183} INFO - Processing /home/airflow/.local/lib/python3.12/site-packages/airflow/example_dags/example_subdag_operator.py took 0.320 seconds
[2024-11-12T11:33:38.067+0000] {processor.py:161} INFO - Started process (PID=697) to work on /home/airflow/.local/lib/python3.12/site-packages/airflow/example_dags/example_subdag_operator.py
[2024-11-12T11:33:38.069+0000] {processor.py:830} INFO - Processing file /home/airflow/.local/lib/python3.12/site-packages/airflow/example_dags/example_subdag_operator.py for tasks to queue
[2024-11-12T11:33:38.072+0000] {logging_mixin.py:188} INFO - [2024-11-12T11:33:38.072+0000] {dagbag.py:545} INFO - Filling up the DagBag from /home/airflow/.local/lib/python3.12/site-packages/airflow/example_dags/example_subdag_operator.py
[2024-11-12T11:33:38.125+0000] {processor.py:840} INFO - DAG(s) 'example_subdag_operator.section-1', 'example_subdag_operator.section-2', 'example_subdag_operator' retrieved from /home/airflow/.local/lib/python3.12/site-packages/airflow/example_dags/example_subdag_operator.py
[2024-11-12T11:33:38.189+0000] {logging_mixin.py:188} INFO - [2024-11-12T11:33:38.188+0000] {dag.py:3089} INFO - Sync 3 DAGs
[2024-11-12T11:33:38.242+0000] {logging_mixin.py:188} INFO - [2024-11-12T11:33:38.241+0000] {dag.py:3947} INFO - Setting next_dagrun for example_subdag_operator to 2022-01-01 00:00:00+00:00, run_after=2022-01-01 00:00:00+00:00
[2024-11-12T11:33:38.248+0000] {logging_mixin.py:188} INFO - [2024-11-12T11:33:38.248+0000] {dag.py:3947} INFO - Setting next_dagrun for example_subdag_operator.section-1 to None, run_after=None
[2024-11-12T11:33:38.251+0000] {logging_mixin.py:188} INFO - [2024-11-12T11:33:38.250+0000] {dag.py:3947} INFO - Setting next_dagrun for example_subdag_operator.section-2 to None, run_after=None
[2024-11-12T11:33:38.264+0000] {logging_mixin.py:188} INFO - [2024-11-12T11:33:38.264+0000] {dag.py:3089} INFO - Sync 2 DAGs
[2024-11-12T11:33:38.274+0000] {logging_mixin.py:188} INFO - [2024-11-12T11:33:38.273+0000] {dag.py:3947} INFO - Setting next_dagrun for example_subdag_operator.section-1 to None, run_after=None
[2024-11-12T11:33:38.274+0000] {logging_mixin.py:188} INFO - [2024-11-12T11:33:38.274+0000] {dag.py:3947} INFO - Setting next_dagrun for example_subdag_operator.section-2 to None, run_after=None
[2024-11-12T11:33:38.296+0000] {processor.py:183} INFO - Processing /home/airflow/.local/lib/python3.12/site-packages/airflow/example_dags/example_subdag_operator.py took 0.244 seconds
[2024-11-12T11:34:08.788+0000] {processor.py:161} INFO - Started process (PID=757) to work on /home/airflow/.local/lib/python3.12/site-packages/airflow/example_dags/example_subdag_operator.py
[2024-11-12T11:34:08.790+0000] {processor.py:830} INFO - Processing file /home/airflow/.local/lib/python3.12/site-packages/airflow/example_dags/example_subdag_operator.py for tasks to queue
[2024-11-12T11:34:08.794+0000] {logging_mixin.py:188} INFO - [2024-11-12T11:34:08.793+0000] {dagbag.py:545} INFO - Filling up the DagBag from /home/airflow/.local/lib/python3.12/site-packages/airflow/example_dags/example_subdag_operator.py
[2024-11-12T11:34:08.880+0000] {processor.py:840} INFO - DAG(s) 'example_subdag_operator.section-1', 'example_subdag_operator.section-2', 'example_subdag_operator' retrieved from /home/airflow/.local/lib/python3.12/site-packages/airflow/example_dags/example_subdag_operator.py
[2024-11-12T11:34:08.919+0000] {logging_mixin.py:188} INFO - [2024-11-12T11:34:08.913+0000] {dag.py:3089} INFO - Sync 3 DAGs
[2024-11-12T11:34:08.958+0000] {logging_mixin.py:188} INFO - [2024-11-12T11:34:08.957+0000] {dag.py:3947} INFO - Setting next_dagrun for example_subdag_operator to 2022-01-01 00:00:00+00:00, run_after=2022-01-01 00:00:00+00:00
[2024-11-12T11:34:08.966+0000] {logging_mixin.py:188} INFO - [2024-11-12T11:34:08.965+0000] {dag.py:3947} INFO - Setting next_dagrun for example_subdag_operator.section-1 to None, run_after=None
[2024-11-12T11:34:08.969+0000] {logging_mixin.py:188} INFO - [2024-11-12T11:34:08.968+0000] {dag.py:3947} INFO - Setting next_dagrun for example_subdag_operator.section-2 to None, run_after=None
[2024-11-12T11:34:08.990+0000] {logging_mixin.py:188} INFO - [2024-11-12T11:34:08.990+0000] {dag.py:3089} INFO - Sync 2 DAGs
[2024-11-12T11:34:09.000+0000] {logging_mixin.py:188} INFO - [2024-11-12T11:34:08.999+0000] {dag.py:3947} INFO - Setting next_dagrun for example_subdag_operator.section-1 to None, run_after=None
[2024-11-12T11:34:09.000+0000] {logging_mixin.py:188} INFO - [2024-11-12T11:34:09.000+0000] {dag.py:3947} INFO - Setting next_dagrun for example_subdag_operator.section-2 to None, run_after=None
[2024-11-12T11:34:09.021+0000] {processor.py:183} INFO - Processing /home/airflow/.local/lib/python3.12/site-packages/airflow/example_dags/example_subdag_operator.py took 0.247 seconds
[2024-11-12T11:34:39.126+0000] {processor.py:161} INFO - Started process (PID=817) to work on /home/airflow/.local/lib/python3.12/site-packages/airflow/example_dags/example_subdag_operator.py
[2024-11-12T11:34:39.128+0000] {processor.py:830} INFO - Processing file /home/airflow/.local/lib/python3.12/site-packages/airflow/example_dags/example_subdag_operator.py for tasks to queue
[2024-11-12T11:34:39.135+0000] {logging_mixin.py:188} INFO - [2024-11-12T11:34:39.134+0000] {dagbag.py:545} INFO - Filling up the DagBag from /home/airflow/.local/lib/python3.12/site-packages/airflow/example_dags/example_subdag_operator.py
[2024-11-12T11:34:39.196+0000] {processor.py:840} INFO - DAG(s) 'example_subdag_operator.section-1', 'example_subdag_operator.section-2', 'example_subdag_operator' retrieved from /home/airflow/.local/lib/python3.12/site-packages/airflow/example_dags/example_subdag_operator.py
[2024-11-12T11:34:39.249+0000] {logging_mixin.py:188} INFO - [2024-11-12T11:34:39.248+0000] {dag.py:3089} INFO - Sync 3 DAGs
[2024-11-12T11:34:39.318+0000] {logging_mixin.py:188} INFO - [2024-11-12T11:34:39.318+0000] {dag.py:3947} INFO - Setting next_dagrun for example_subdag_operator to 2022-01-01 00:00:00+00:00, run_after=2022-01-01 00:00:00+00:00
[2024-11-12T11:34:39.327+0000] {logging_mixin.py:188} INFO - [2024-11-12T11:34:39.327+0000] {dag.py:3947} INFO - Setting next_dagrun for example_subdag_operator.section-1 to None, run_after=None
[2024-11-12T11:34:39.333+0000] {logging_mixin.py:188} INFO - [2024-11-12T11:34:39.330+0000] {dag.py:3947} INFO - Setting next_dagrun for example_subdag_operator.section-2 to None, run_after=None
[2024-11-12T11:34:39.352+0000] {logging_mixin.py:188} INFO - [2024-11-12T11:34:39.352+0000] {dag.py:3089} INFO - Sync 2 DAGs
[2024-11-12T11:34:39.368+0000] {logging_mixin.py:188} INFO - [2024-11-12T11:34:39.368+0000] {dag.py:3947} INFO - Setting next_dagrun for example_subdag_operator.section-1 to None, run_after=None
[2024-11-12T11:34:39.370+0000] {logging_mixin.py:188} INFO - [2024-11-12T11:34:39.370+0000] {dag.py:3947} INFO - Setting next_dagrun for example_subdag_operator.section-2 to None, run_after=None
[2024-11-12T11:34:39.412+0000] {processor.py:183} INFO - Processing /home/airflow/.local/lib/python3.12/site-packages/airflow/example_dags/example_subdag_operator.py took 0.313 seconds
[2024-11-12T11:35:09.535+0000] {processor.py:161} INFO - Started process (PID=877) to work on /home/airflow/.local/lib/python3.12/site-packages/airflow/example_dags/example_subdag_operator.py
[2024-11-12T11:35:09.537+0000] {processor.py:830} INFO - Processing file /home/airflow/.local/lib/python3.12/site-packages/airflow/example_dags/example_subdag_operator.py for tasks to queue
[2024-11-12T11:35:09.542+0000] {logging_mixin.py:188} INFO - [2024-11-12T11:35:09.541+0000] {dagbag.py:545} INFO - Filling up the DagBag from /home/airflow/.local/lib/python3.12/site-packages/airflow/example_dags/example_subdag_operator.py
[2024-11-12T11:35:09.602+0000] {processor.py:840} INFO - DAG(s) 'example_subdag_operator.section-1', 'example_subdag_operator.section-2', 'example_subdag_operator' retrieved from /home/airflow/.local/lib/python3.12/site-packages/airflow/example_dags/example_subdag_operator.py
[2024-11-12T11:35:09.664+0000] {logging_mixin.py:188} INFO - [2024-11-12T11:35:09.664+0000] {dag.py:3089} INFO - Sync 3 DAGs
[2024-11-12T11:35:09.708+0000] {logging_mixin.py:188} INFO - [2024-11-12T11:35:09.707+0000] {dag.py:3947} INFO - Setting next_dagrun for example_subdag_operator to 2022-01-01 00:00:00+00:00, run_after=2022-01-01 00:00:00+00:00
[2024-11-12T11:35:09.716+0000] {logging_mixin.py:188} INFO - [2024-11-12T11:35:09.716+0000] {dag.py:3947} INFO - Setting next_dagrun for example_subdag_operator.section-1 to None, run_after=None
[2024-11-12T11:35:09.719+0000] {logging_mixin.py:188} INFO - [2024-11-12T11:35:09.719+0000] {dag.py:3947} INFO - Setting next_dagrun for example_subdag_operator.section-2 to None, run_after=None
[2024-11-12T11:35:09.736+0000] {logging_mixin.py:188} INFO - [2024-11-12T11:35:09.736+0000] {dag.py:3089} INFO - Sync 2 DAGs
[2024-11-12T11:35:09.747+0000] {logging_mixin.py:188} INFO - [2024-11-12T11:35:09.747+0000] {dag.py:3947} INFO - Setting next_dagrun for example_subdag_operator.section-1 to None, run_after=None
[2024-11-12T11:35:09.747+0000] {logging_mixin.py:188} INFO - [2024-11-12T11:35:09.747+0000] {dag.py:3947} INFO - Setting next_dagrun for example_subdag_operator.section-2 to None, run_after=None
[2024-11-12T11:35:09.769+0000] {processor.py:183} INFO - Processing /home/airflow/.local/lib/python3.12/site-packages/airflow/example_dags/example_subdag_operator.py took 0.249 seconds
[2024-11-12T11:35:40.486+0000] {processor.py:161} INFO - Started process (PID=937) to work on /home/airflow/.local/lib/python3.12/site-packages/airflow/example_dags/example_subdag_operator.py
[2024-11-12T11:35:40.488+0000] {processor.py:830} INFO - Processing file /home/airflow/.local/lib/python3.12/site-packages/airflow/example_dags/example_subdag_operator.py for tasks to queue
[2024-11-12T11:35:40.495+0000] {logging_mixin.py:188} INFO - [2024-11-12T11:35:40.493+0000] {dagbag.py:545} INFO - Filling up the DagBag from /home/airflow/.local/lib/python3.12/site-packages/airflow/example_dags/example_subdag_operator.py
[2024-11-12T11:35:40.561+0000] {processor.py:840} INFO - DAG(s) 'example_subdag_operator.section-1', 'example_subdag_operator.section-2', 'example_subdag_operator' retrieved from /home/airflow/.local/lib/python3.12/site-packages/airflow/example_dags/example_subdag_operator.py
[2024-11-12T11:35:40.593+0000] {logging_mixin.py:188} INFO - [2024-11-12T11:35:40.593+0000] {dag.py:3089} INFO - Sync 3 DAGs
[2024-11-12T11:35:40.635+0000] {logging_mixin.py:188} INFO - [2024-11-12T11:35:40.634+0000] {dag.py:3947} INFO - Setting next_dagrun for example_subdag_operator to 2022-01-01 00:00:00+00:00, run_after=2022-01-01 00:00:00+00:00
[2024-11-12T11:35:40.642+0000] {logging_mixin.py:188} INFO - [2024-11-12T11:35:40.642+0000] {dag.py:3947} INFO - Setting next_dagrun for example_subdag_operator.section-1 to None, run_after=None
[2024-11-12T11:35:40.645+0000] {logging_mixin.py:188} INFO - [2024-11-12T11:35:40.645+0000] {dag.py:3947} INFO - Setting next_dagrun for example_subdag_operator.section-2 to None, run_after=None
[2024-11-12T11:35:40.660+0000] {logging_mixin.py:188} INFO - [2024-11-12T11:35:40.660+0000] {dag.py:3089} INFO - Sync 2 DAGs
[2024-11-12T11:35:40.672+0000] {logging_mixin.py:188} INFO - [2024-11-12T11:35:40.671+0000] {dag.py:3947} INFO - Setting next_dagrun for example_subdag_operator.section-1 to None, run_after=None
[2024-11-12T11:35:40.672+0000] {logging_mixin.py:188} INFO - [2024-11-12T11:35:40.672+0000] {dag.py:3947} INFO - Setting next_dagrun for example_subdag_operator.section-2 to None, run_after=None
[2024-11-12T11:35:40.697+0000] {processor.py:183} INFO - Processing /home/airflow/.local/lib/python3.12/site-packages/airflow/example_dags/example_subdag_operator.py took 0.225 seconds
[2024-11-12T11:36:11.286+0000] {processor.py:161} INFO - Started process (PID=997) to work on /home/airflow/.local/lib/python3.12/site-packages/airflow/example_dags/example_subdag_operator.py
[2024-11-12T11:36:11.289+0000] {processor.py:830} INFO - Processing file /home/airflow/.local/lib/python3.12/site-packages/airflow/example_dags/example_subdag_operator.py for tasks to queue
[2024-11-12T11:36:11.294+0000] {logging_mixin.py:188} INFO - [2024-11-12T11:36:11.293+0000] {dagbag.py:545} INFO - Filling up the DagBag from /home/airflow/.local/lib/python3.12/site-packages/airflow/example_dags/example_subdag_operator.py
[2024-11-12T11:36:11.399+0000] {processor.py:840} INFO - DAG(s) 'example_subdag_operator.section-1', 'example_subdag_operator.section-2', 'example_subdag_operator' retrieved from /home/airflow/.local/lib/python3.12/site-packages/airflow/example_dags/example_subdag_operator.py
[2024-11-12T11:36:11.441+0000] {logging_mixin.py:188} INFO - [2024-11-12T11:36:11.441+0000] {dag.py:3089} INFO - Sync 3 DAGs
[2024-11-12T11:36:11.486+0000] {logging_mixin.py:188} INFO - [2024-11-12T11:36:11.486+0000] {dag.py:3947} INFO - Setting next_dagrun for example_subdag_operator to 2022-01-01 00:00:00+00:00, run_after=2022-01-01 00:00:00+00:00
[2024-11-12T11:36:11.495+0000] {logging_mixin.py:188} INFO - [2024-11-12T11:36:11.494+0000] {dag.py:3947} INFO - Setting next_dagrun for example_subdag_operator.section-1 to None, run_after=None
[2024-11-12T11:36:11.497+0000] {logging_mixin.py:188} INFO - [2024-11-12T11:36:11.497+0000] {dag.py:3947} INFO - Setting next_dagrun for example_subdag_operator.section-2 to None, run_after=None
[2024-11-12T11:36:11.512+0000] {logging_mixin.py:188} INFO - [2024-11-12T11:36:11.511+0000] {dag.py:3089} INFO - Sync 2 DAGs
[2024-11-12T11:36:11.524+0000] {logging_mixin.py:188} INFO - [2024-11-12T11:36:11.523+0000] {dag.py:3947} INFO - Setting next_dagrun for example_subdag_operator.section-1 to None, run_after=None
[2024-11-12T11:36:11.525+0000] {logging_mixin.py:188} INFO - [2024-11-12T11:36:11.524+0000] {dag.py:3947} INFO - Setting next_dagrun for example_subdag_operator.section-2 to None, run_after=None
[2024-11-12T11:36:11.550+0000] {processor.py:183} INFO - Processing /home/airflow/.local/lib/python3.12/site-packages/airflow/example_dags/example_subdag_operator.py took 0.292 seconds
[2024-11-12T11:36:42.527+0000] {processor.py:161} INFO - Started process (PID=1056) to work on /home/airflow/.local/lib/python3.12/site-packages/airflow/example_dags/example_subdag_operator.py
[2024-11-12T11:36:42.529+0000] {processor.py:830} INFO - Processing file /home/airflow/.local/lib/python3.12/site-packages/airflow/example_dags/example_subdag_operator.py for tasks to queue
[2024-11-12T11:36:42.533+0000] {logging_mixin.py:188} INFO - [2024-11-12T11:36:42.533+0000] {dagbag.py:545} INFO - Filling up the DagBag from /home/airflow/.local/lib/python3.12/site-packages/airflow/example_dags/example_subdag_operator.py
[2024-11-12T11:36:42.610+0000] {processor.py:840} INFO - DAG(s) 'example_subdag_operator.section-1', 'example_subdag_operator.section-2', 'example_subdag_operator' retrieved from /home/airflow/.local/lib/python3.12/site-packages/airflow/example_dags/example_subdag_operator.py
[2024-11-12T11:36:42.680+0000] {logging_mixin.py:188} INFO - [2024-11-12T11:36:42.679+0000] {dag.py:3089} INFO - Sync 3 DAGs
[2024-11-12T11:36:42.747+0000] {logging_mixin.py:188} INFO - [2024-11-12T11:36:42.746+0000] {dag.py:3947} INFO - Setting next_dagrun for example_subdag_operator to 2022-01-01 00:00:00+00:00, run_after=2022-01-01 00:00:00+00:00
[2024-11-12T11:36:42.756+0000] {logging_mixin.py:188} INFO - [2024-11-12T11:36:42.755+0000] {dag.py:3947} INFO - Setting next_dagrun for example_subdag_operator.section-1 to None, run_after=None
[2024-11-12T11:36:42.759+0000] {logging_mixin.py:188} INFO - [2024-11-12T11:36:42.759+0000] {dag.py:3947} INFO - Setting next_dagrun for example_subdag_operator.section-2 to None, run_after=None
[2024-11-12T11:36:42.776+0000] {logging_mixin.py:188} INFO - [2024-11-12T11:36:42.775+0000] {dag.py:3089} INFO - Sync 2 DAGs
[2024-11-12T11:36:42.788+0000] {logging_mixin.py:188} INFO - [2024-11-12T11:36:42.788+0000] {dag.py:3947} INFO - Setting next_dagrun for example_subdag_operator.section-1 to None, run_after=None
[2024-11-12T11:36:42.789+0000] {logging_mixin.py:188} INFO - [2024-11-12T11:36:42.789+0000] {dag.py:3947} INFO - Setting next_dagrun for example_subdag_operator.section-2 to None, run_after=None
[2024-11-12T11:36:42.820+0000] {processor.py:183} INFO - Processing /home/airflow/.local/lib/python3.12/site-packages/airflow/example_dags/example_subdag_operator.py took 0.305 seconds
[2024-11-12T11:37:13.918+0000] {processor.py:161} INFO - Started process (PID=1115) to work on /home/airflow/.local/lib/python3.12/site-packages/airflow/example_dags/example_subdag_operator.py
[2024-11-12T11:37:13.921+0000] {processor.py:830} INFO - Processing file /home/airflow/.local/lib/python3.12/site-packages/airflow/example_dags/example_subdag_operator.py for tasks to queue
[2024-11-12T11:37:13.928+0000] {logging_mixin.py:188} INFO - [2024-11-12T11:37:13.927+0000] {dagbag.py:545} INFO - Filling up the DagBag from /home/airflow/.local/lib/python3.12/site-packages/airflow/example_dags/example_subdag_operator.py
[2024-11-12T11:37:13.997+0000] {processor.py:840} INFO - DAG(s) 'example_subdag_operator.section-1', 'example_subdag_operator.section-2', 'example_subdag_operator' retrieved from /home/airflow/.local/lib/python3.12/site-packages/airflow/example_dags/example_subdag_operator.py
[2024-11-12T11:37:14.039+0000] {logging_mixin.py:188} INFO - [2024-11-12T11:37:14.039+0000] {dag.py:3089} INFO - Sync 3 DAGs
[2024-11-12T11:37:14.113+0000] {logging_mixin.py:188} INFO - [2024-11-12T11:37:14.112+0000] {dag.py:3947} INFO - Setting next_dagrun for example_subdag_operator to 2022-01-01 00:00:00+00:00, run_after=2022-01-01 00:00:00+00:00
[2024-11-12T11:37:14.123+0000] {logging_mixin.py:188} INFO - [2024-11-12T11:37:14.122+0000] {dag.py:3947} INFO - Setting next_dagrun for example_subdag_operator.section-1 to None, run_after=None
[2024-11-12T11:37:14.126+0000] {logging_mixin.py:188} INFO - [2024-11-12T11:37:14.126+0000] {dag.py:3947} INFO - Setting next_dagrun for example_subdag_operator.section-2 to None, run_after=None
[2024-11-12T11:37:14.147+0000] {logging_mixin.py:188} INFO - [2024-11-12T11:37:14.146+0000] {dag.py:3089} INFO - Sync 2 DAGs
[2024-11-12T11:37:14.172+0000] {logging_mixin.py:188} INFO - [2024-11-12T11:37:14.171+0000] {dag.py:3947} INFO - Setting next_dagrun for example_subdag_operator.section-1 to None, run_after=None
[2024-11-12T11:37:14.173+0000] {logging_mixin.py:188} INFO - [2024-11-12T11:37:14.172+0000] {dag.py:3947} INFO - Setting next_dagrun for example_subdag_operator.section-2 to None, run_after=None
[2024-11-12T11:37:14.296+0000] {processor.py:183} INFO - Processing /home/airflow/.local/lib/python3.12/site-packages/airflow/example_dags/example_subdag_operator.py took 0.400 seconds
[2024-11-12T11:37:45.001+0000] {processor.py:161} INFO - Started process (PID=1173) to work on /home/airflow/.local/lib/python3.12/site-packages/airflow/example_dags/example_subdag_operator.py
[2024-11-12T11:37:45.003+0000] {processor.py:830} INFO - Processing file /home/airflow/.local/lib/python3.12/site-packages/airflow/example_dags/example_subdag_operator.py for tasks to queue
[2024-11-12T11:37:45.008+0000] {logging_mixin.py:188} INFO - [2024-11-12T11:37:45.007+0000] {dagbag.py:545} INFO - Filling up the DagBag from /home/airflow/.local/lib/python3.12/site-packages/airflow/example_dags/example_subdag_operator.py
[2024-11-12T11:37:45.056+0000] {processor.py:840} INFO - DAG(s) 'example_subdag_operator.section-1', 'example_subdag_operator.section-2', 'example_subdag_operator' retrieved from /home/airflow/.local/lib/python3.12/site-packages/airflow/example_dags/example_subdag_operator.py
[2024-11-12T11:37:45.085+0000] {logging_mixin.py:188} INFO - [2024-11-12T11:37:45.085+0000] {dag.py:3089} INFO - Sync 3 DAGs
[2024-11-12T11:37:45.133+0000] {logging_mixin.py:188} INFO - [2024-11-12T11:37:45.133+0000] {dag.py:3947} INFO - Setting next_dagrun for example_subdag_operator to 2022-01-01 00:00:00+00:00, run_after=2022-01-01 00:00:00+00:00
[2024-11-12T11:37:45.144+0000] {logging_mixin.py:188} INFO - [2024-11-12T11:37:45.143+0000] {dag.py:3947} INFO - Setting next_dagrun for example_subdag_operator.section-1 to None, run_after=None
[2024-11-12T11:37:45.148+0000] {logging_mixin.py:188} INFO - [2024-11-12T11:37:45.148+0000] {dag.py:3947} INFO - Setting next_dagrun for example_subdag_operator.section-2 to None, run_after=None
[2024-11-12T11:37:45.170+0000] {logging_mixin.py:188} INFO - [2024-11-12T11:37:45.169+0000] {dag.py:3089} INFO - Sync 2 DAGs
[2024-11-12T11:37:45.180+0000] {logging_mixin.py:188} INFO - [2024-11-12T11:37:45.180+0000] {dag.py:3947} INFO - Setting next_dagrun for example_subdag_operator.section-1 to None, run_after=None
[2024-11-12T11:37:45.181+0000] {logging_mixin.py:188} INFO - [2024-11-12T11:37:45.181+0000] {dag.py:3947} INFO - Setting next_dagrun for example_subdag_operator.section-2 to None, run_after=None
[2024-11-12T11:37:45.204+0000] {processor.py:183} INFO - Processing /home/airflow/.local/lib/python3.12/site-packages/airflow/example_dags/example_subdag_operator.py took 0.214 seconds
[2024-11-12T11:38:15.330+0000] {processor.py:161} INFO - Started process (PID=1230) to work on /home/airflow/.local/lib/python3.12/site-packages/airflow/example_dags/example_subdag_operator.py
[2024-11-12T11:38:15.332+0000] {processor.py:830} INFO - Processing file /home/airflow/.local/lib/python3.12/site-packages/airflow/example_dags/example_subdag_operator.py for tasks to queue
[2024-11-12T11:38:15.336+0000] {logging_mixin.py:188} INFO - [2024-11-12T11:38:15.336+0000] {dagbag.py:545} INFO - Filling up the DagBag from /home/airflow/.local/lib/python3.12/site-packages/airflow/example_dags/example_subdag_operator.py
[2024-11-12T11:38:15.388+0000] {processor.py:840} INFO - DAG(s) 'example_subdag_operator.section-1', 'example_subdag_operator.section-2', 'example_subdag_operator' retrieved from /home/airflow/.local/lib/python3.12/site-packages/airflow/example_dags/example_subdag_operator.py
[2024-11-12T11:38:15.428+0000] {logging_mixin.py:188} INFO - [2024-11-12T11:38:15.426+0000] {dag.py:3089} INFO - Sync 3 DAGs
[2024-11-12T11:38:15.489+0000] {logging_mixin.py:188} INFO - [2024-11-12T11:38:15.489+0000] {dag.py:3947} INFO - Setting next_dagrun for example_subdag_operator to 2022-01-01 00:00:00+00:00, run_after=2022-01-01 00:00:00+00:00
[2024-11-12T11:38:15.496+0000] {logging_mixin.py:188} INFO - [2024-11-12T11:38:15.496+0000] {dag.py:3947} INFO - Setting next_dagrun for example_subdag_operator.section-1 to None, run_after=None
[2024-11-12T11:38:15.499+0000] {logging_mixin.py:188} INFO - [2024-11-12T11:38:15.499+0000] {dag.py:3947} INFO - Setting next_dagrun for example_subdag_operator.section-2 to None, run_after=None
[2024-11-12T11:38:15.514+0000] {logging_mixin.py:188} INFO - [2024-11-12T11:38:15.514+0000] {dag.py:3089} INFO - Sync 2 DAGs
[2024-11-12T11:38:15.524+0000] {logging_mixin.py:188} INFO - [2024-11-12T11:38:15.524+0000] {dag.py:3947} INFO - Setting next_dagrun for example_subdag_operator.section-1 to None, run_after=None
[2024-11-12T11:38:15.525+0000] {logging_mixin.py:188} INFO - [2024-11-12T11:38:15.525+0000] {dag.py:3947} INFO - Setting next_dagrun for example_subdag_operator.section-2 to None, run_after=None
[2024-11-12T11:38:15.548+0000] {processor.py:183} INFO - Processing /home/airflow/.local/lib/python3.12/site-packages/airflow/example_dags/example_subdag_operator.py took 0.238 seconds
[2024-11-12T11:38:45.677+0000] {processor.py:161} INFO - Started process (PID=1289) to work on /home/airflow/.local/lib/python3.12/site-packages/airflow/example_dags/example_subdag_operator.py
[2024-11-12T11:38:45.680+0000] {processor.py:830} INFO - Processing file /home/airflow/.local/lib/python3.12/site-packages/airflow/example_dags/example_subdag_operator.py for tasks to queue
[2024-11-12T11:38:45.686+0000] {logging_mixin.py:188} INFO - [2024-11-12T11:38:45.685+0000] {dagbag.py:545} INFO - Filling up the DagBag from /home/airflow/.local/lib/python3.12/site-packages/airflow/example_dags/example_subdag_operator.py
[2024-11-12T11:38:45.791+0000] {processor.py:840} INFO - DAG(s) 'example_subdag_operator.section-1', 'example_subdag_operator.section-2', 'example_subdag_operator' retrieved from /home/airflow/.local/lib/python3.12/site-packages/airflow/example_dags/example_subdag_operator.py
[2024-11-12T11:38:45.850+0000] {logging_mixin.py:188} INFO - [2024-11-12T11:38:45.848+0000] {dag.py:3089} INFO - Sync 3 DAGs
[2024-11-12T11:38:45.928+0000] {logging_mixin.py:188} INFO - [2024-11-12T11:38:45.928+0000] {dag.py:3947} INFO - Setting next_dagrun for example_subdag_operator to 2022-01-01 00:00:00+00:00, run_after=2022-01-01 00:00:00+00:00
[2024-11-12T11:38:45.942+0000] {logging_mixin.py:188} INFO - [2024-11-12T11:38:45.941+0000] {dag.py:3947} INFO - Setting next_dagrun for example_subdag_operator.section-1 to None, run_after=None
[2024-11-12T11:38:45.945+0000] {logging_mixin.py:188} INFO - [2024-11-12T11:38:45.944+0000] {dag.py:3947} INFO - Setting next_dagrun for example_subdag_operator.section-2 to None, run_after=None
[2024-11-12T11:38:45.969+0000] {logging_mixin.py:188} INFO - [2024-11-12T11:38:45.968+0000] {dag.py:3089} INFO - Sync 2 DAGs
[2024-11-12T11:38:45.986+0000] {logging_mixin.py:188} INFO - [2024-11-12T11:38:45.986+0000] {dag.py:3947} INFO - Setting next_dagrun for example_subdag_operator.section-1 to None, run_after=None
[2024-11-12T11:38:45.988+0000] {logging_mixin.py:188} INFO - [2024-11-12T11:38:45.987+0000] {dag.py:3947} INFO - Setting next_dagrun for example_subdag_operator.section-2 to None, run_after=None
[2024-11-12T11:38:46.040+0000] {processor.py:183} INFO - Processing /home/airflow/.local/lib/python3.12/site-packages/airflow/example_dags/example_subdag_operator.py took 0.383 seconds
[2024-11-12T11:39:16.344+0000] {processor.py:161} INFO - Started process (PID=1349) to work on /home/airflow/.local/lib/python3.12/site-packages/airflow/example_dags/example_subdag_operator.py
[2024-11-12T11:39:16.346+0000] {processor.py:830} INFO - Processing file /home/airflow/.local/lib/python3.12/site-packages/airflow/example_dags/example_subdag_operator.py for tasks to queue
[2024-11-12T11:39:16.350+0000] {logging_mixin.py:188} INFO - [2024-11-12T11:39:16.349+0000] {dagbag.py:545} INFO - Filling up the DagBag from /home/airflow/.local/lib/python3.12/site-packages/airflow/example_dags/example_subdag_operator.py
[2024-11-12T11:39:16.394+0000] {processor.py:840} INFO - DAG(s) 'example_subdag_operator.section-1', 'example_subdag_operator.section-2', 'example_subdag_operator' retrieved from /home/airflow/.local/lib/python3.12/site-packages/airflow/example_dags/example_subdag_operator.py
[2024-11-12T11:39:16.419+0000] {logging_mixin.py:188} INFO - [2024-11-12T11:39:16.418+0000] {dag.py:3089} INFO - Sync 3 DAGs
[2024-11-12T11:39:16.453+0000] {logging_mixin.py:188} INFO - [2024-11-12T11:39:16.452+0000] {dag.py:3947} INFO - Setting next_dagrun for example_subdag_operator to 2022-01-01 00:00:00+00:00, run_after=2022-01-01 00:00:00+00:00
[2024-11-12T11:39:16.458+0000] {logging_mixin.py:188} INFO - [2024-11-12T11:39:16.458+0000] {dag.py:3947} INFO - Setting next_dagrun for example_subdag_operator.section-1 to None, run_after=None
[2024-11-12T11:39:16.462+0000] {logging_mixin.py:188} INFO - [2024-11-12T11:39:16.461+0000] {dag.py:3947} INFO - Setting next_dagrun for example_subdag_operator.section-2 to None, run_after=None
[2024-11-12T11:39:16.474+0000] {logging_mixin.py:188} INFO - [2024-11-12T11:39:16.473+0000] {dag.py:3089} INFO - Sync 2 DAGs
[2024-11-12T11:39:16.481+0000] {logging_mixin.py:188} INFO - [2024-11-12T11:39:16.481+0000] {dag.py:3947} INFO - Setting next_dagrun for example_subdag_operator.section-1 to None, run_after=None
[2024-11-12T11:39:16.482+0000] {logging_mixin.py:188} INFO - [2024-11-12T11:39:16.482+0000] {dag.py:3947} INFO - Setting next_dagrun for example_subdag_operator.section-2 to None, run_after=None
[2024-11-12T11:39:16.502+0000] {processor.py:183} INFO - Processing /home/airflow/.local/lib/python3.12/site-packages/airflow/example_dags/example_subdag_operator.py took 0.168 seconds
[2024-11-12T11:39:47.383+0000] {processor.py:161} INFO - Started process (PID=1409) to work on /home/airflow/.local/lib/python3.12/site-packages/airflow/example_dags/example_subdag_operator.py
[2024-11-12T11:39:47.389+0000] {processor.py:830} INFO - Processing file /home/airflow/.local/lib/python3.12/site-packages/airflow/example_dags/example_subdag_operator.py for tasks to queue
[2024-11-12T11:39:47.412+0000] {logging_mixin.py:188} INFO - [2024-11-12T11:39:47.405+0000] {dagbag.py:545} INFO - Filling up the DagBag from /home/airflow/.local/lib/python3.12/site-packages/airflow/example_dags/example_subdag_operator.py
[2024-11-12T11:39:47.741+0000] {processor.py:840} INFO - DAG(s) 'example_subdag_operator.section-1', 'example_subdag_operator.section-2', 'example_subdag_operator' retrieved from /home/airflow/.local/lib/python3.12/site-packages/airflow/example_dags/example_subdag_operator.py
[2024-11-12T11:39:47.957+0000] {logging_mixin.py:188} INFO - [2024-11-12T11:39:47.957+0000] {dag.py:3089} INFO - Sync 3 DAGs
[2024-11-12T11:39:48.157+0000] {logging_mixin.py:188} INFO - [2024-11-12T11:39:48.155+0000] {dag.py:3947} INFO - Setting next_dagrun for example_subdag_operator to 2022-01-01 00:00:00+00:00, run_after=2022-01-01 00:00:00+00:00
[2024-11-12T11:39:48.192+0000] {logging_mixin.py:188} INFO - [2024-11-12T11:39:48.192+0000] {dag.py:3947} INFO - Setting next_dagrun for example_subdag_operator.section-1 to None, run_after=None
[2024-11-12T11:39:48.214+0000] {logging_mixin.py:188} INFO - [2024-11-12T11:39:48.213+0000] {dag.py:3947} INFO - Setting next_dagrun for example_subdag_operator.section-2 to None, run_after=None
[2024-11-12T11:39:48.260+0000] {logging_mixin.py:188} INFO - [2024-11-12T11:39:48.254+0000] {dag.py:3089} INFO - Sync 2 DAGs
[2024-11-12T11:39:48.304+0000] {logging_mixin.py:188} INFO - [2024-11-12T11:39:48.303+0000] {dag.py:3947} INFO - Setting next_dagrun for example_subdag_operator.section-1 to None, run_after=None
[2024-11-12T11:39:48.305+0000] {logging_mixin.py:188} INFO - [2024-11-12T11:39:48.304+0000] {dag.py:3947} INFO - Setting next_dagrun for example_subdag_operator.section-2 to None, run_after=None
[2024-11-12T11:39:48.430+0000] {processor.py:183} INFO - Processing /home/airflow/.local/lib/python3.12/site-packages/airflow/example_dags/example_subdag_operator.py took 1.141 seconds
[2024-11-12T11:40:18.654+0000] {processor.py:161} INFO - Started process (PID=1469) to work on /home/airflow/.local/lib/python3.12/site-packages/airflow/example_dags/example_subdag_operator.py
[2024-11-12T11:40:18.656+0000] {processor.py:830} INFO - Processing file /home/airflow/.local/lib/python3.12/site-packages/airflow/example_dags/example_subdag_operator.py for tasks to queue
[2024-11-12T11:40:18.661+0000] {logging_mixin.py:188} INFO - [2024-11-12T11:40:18.660+0000] {dagbag.py:545} INFO - Filling up the DagBag from /home/airflow/.local/lib/python3.12/site-packages/airflow/example_dags/example_subdag_operator.py
[2024-11-12T11:40:18.708+0000] {processor.py:840} INFO - DAG(s) 'example_subdag_operator.section-1', 'example_subdag_operator.section-2', 'example_subdag_operator' retrieved from /home/airflow/.local/lib/python3.12/site-packages/airflow/example_dags/example_subdag_operator.py
[2024-11-12T11:40:18.740+0000] {logging_mixin.py:188} INFO - [2024-11-12T11:40:18.740+0000] {dag.py:3089} INFO - Sync 3 DAGs
[2024-11-12T11:40:18.783+0000] {logging_mixin.py:188} INFO - [2024-11-12T11:40:18.783+0000] {dag.py:3947} INFO - Setting next_dagrun for example_subdag_operator to 2022-01-01 00:00:00+00:00, run_after=2022-01-01 00:00:00+00:00
[2024-11-12T11:40:18.790+0000] {logging_mixin.py:188} INFO - [2024-11-12T11:40:18.790+0000] {dag.py:3947} INFO - Setting next_dagrun for example_subdag_operator.section-1 to None, run_after=None
[2024-11-12T11:40:18.793+0000] {logging_mixin.py:188} INFO - [2024-11-12T11:40:18.793+0000] {dag.py:3947} INFO - Setting next_dagrun for example_subdag_operator.section-2 to None, run_after=None
[2024-11-12T11:40:18.808+0000] {logging_mixin.py:188} INFO - [2024-11-12T11:40:18.808+0000] {dag.py:3089} INFO - Sync 2 DAGs
[2024-11-12T11:40:18.820+0000] {logging_mixin.py:188} INFO - [2024-11-12T11:40:18.819+0000] {dag.py:3947} INFO - Setting next_dagrun for example_subdag_operator.section-1 to None, run_after=None
[2024-11-12T11:40:18.821+0000] {logging_mixin.py:188} INFO - [2024-11-12T11:40:18.820+0000] {dag.py:3947} INFO - Setting next_dagrun for example_subdag_operator.section-2 to None, run_after=None
[2024-11-12T11:40:18.851+0000] {processor.py:183} INFO - Processing /home/airflow/.local/lib/python3.12/site-packages/airflow/example_dags/example_subdag_operator.py took 0.208 seconds
[2024-11-12T11:41:15.559+0000] {processor.py:161} INFO - Started process (PID=41) to work on /home/airflow/.local/lib/python3.12/site-packages/airflow/example_dags/example_subdag_operator.py
[2024-11-12T11:41:15.585+0000] {processor.py:830} INFO - Processing file /home/airflow/.local/lib/python3.12/site-packages/airflow/example_dags/example_subdag_operator.py for tasks to queue
[2024-11-12T11:41:15.589+0000] {logging_mixin.py:188} INFO - [2024-11-12T11:41:15.588+0000] {dagbag.py:545} INFO - Filling up the DagBag from /home/airflow/.local/lib/python3.12/site-packages/airflow/example_dags/example_subdag_operator.py
[2024-11-12T11:41:15.742+0000] {processor.py:840} INFO - DAG(s) 'example_subdag_operator.section-1', 'example_subdag_operator.section-2', 'example_subdag_operator' retrieved from /home/airflow/.local/lib/python3.12/site-packages/airflow/example_dags/example_subdag_operator.py
[2024-11-12T11:41:15.840+0000] {logging_mixin.py:188} INFO - [2024-11-12T11:41:15.840+0000] {dag.py:3089} INFO - Sync 3 DAGs
[2024-11-12T11:41:15.920+0000] {logging_mixin.py:188} INFO - [2024-11-12T11:41:15.919+0000] {dag.py:3947} INFO - Setting next_dagrun for example_subdag_operator to 2022-01-01 00:00:00+00:00, run_after=2022-01-01 00:00:00+00:00
[2024-11-12T11:41:15.937+0000] {logging_mixin.py:188} INFO - [2024-11-12T11:41:15.936+0000] {dag.py:3947} INFO - Setting next_dagrun for example_subdag_operator.section-1 to None, run_after=None
[2024-11-12T11:41:15.947+0000] {logging_mixin.py:188} INFO - [2024-11-12T11:41:15.946+0000] {dag.py:3947} INFO - Setting next_dagrun for example_subdag_operator.section-2 to None, run_after=None
[2024-11-12T11:41:15.982+0000] {logging_mixin.py:188} INFO - [2024-11-12T11:41:15.981+0000] {dag.py:3089} INFO - Sync 2 DAGs
[2024-11-12T11:41:16.021+0000] {logging_mixin.py:188} INFO - [2024-11-12T11:41:16.018+0000] {dag.py:3947} INFO - Setting next_dagrun for example_subdag_operator.section-1 to None, run_after=None
[2024-11-12T11:41:16.033+0000] {logging_mixin.py:188} INFO - [2024-11-12T11:41:16.033+0000] {dag.py:3947} INFO - Setting next_dagrun for example_subdag_operator.section-2 to None, run_after=None
[2024-11-12T11:41:16.111+0000] {processor.py:183} INFO - Processing /home/airflow/.local/lib/python3.12/site-packages/airflow/example_dags/example_subdag_operator.py took 0.604 seconds
[2024-11-12T11:41:49.647+0000] {processor.py:161} INFO - Started process (PID=101) to work on /home/airflow/.local/lib/python3.12/site-packages/airflow/example_dags/example_subdag_operator.py
[2024-11-12T11:41:49.653+0000] {processor.py:830} INFO - Processing file /home/airflow/.local/lib/python3.12/site-packages/airflow/example_dags/example_subdag_operator.py for tasks to queue
[2024-11-12T11:41:49.664+0000] {logging_mixin.py:188} INFO - [2024-11-12T11:41:49.661+0000] {dagbag.py:545} INFO - Filling up the DagBag from /home/airflow/.local/lib/python3.12/site-packages/airflow/example_dags/example_subdag_operator.py
[2024-11-12T11:41:49.874+0000] {processor.py:840} INFO - DAG(s) 'example_subdag_operator.section-1', 'example_subdag_operator.section-2', 'example_subdag_operator' retrieved from /home/airflow/.local/lib/python3.12/site-packages/airflow/example_dags/example_subdag_operator.py
[2024-11-12T11:41:50.219+0000] {logging_mixin.py:188} INFO - [2024-11-12T11:41:50.212+0000] {dag.py:3089} INFO - Sync 3 DAGs
[2024-11-12T11:41:50.687+0000] {logging_mixin.py:188} INFO - [2024-11-12T11:41:50.687+0000] {dag.py:3947} INFO - Setting next_dagrun for example_subdag_operator to 2022-01-01 00:00:00+00:00, run_after=2022-01-01 00:00:00+00:00
[2024-11-12T11:41:50.733+0000] {logging_mixin.py:188} INFO - [2024-11-12T11:41:50.732+0000] {dag.py:3947} INFO - Setting next_dagrun for example_subdag_operator.section-1 to None, run_after=None
[2024-11-12T11:41:50.750+0000] {logging_mixin.py:188} INFO - [2024-11-12T11:41:50.749+0000] {dag.py:3947} INFO - Setting next_dagrun for example_subdag_operator.section-2 to None, run_after=None
[2024-11-12T11:41:50.771+0000] {logging_mixin.py:188} INFO - [2024-11-12T11:41:50.769+0000] {dag.py:3089} INFO - Sync 2 DAGs
[2024-11-12T11:41:50.792+0000] {logging_mixin.py:188} INFO - [2024-11-12T11:41:50.792+0000] {dag.py:3947} INFO - Setting next_dagrun for example_subdag_operator.section-1 to None, run_after=None
[2024-11-12T11:41:50.794+0000] {logging_mixin.py:188} INFO - [2024-11-12T11:41:50.793+0000] {dag.py:3947} INFO - Setting next_dagrun for example_subdag_operator.section-2 to None, run_after=None
[2024-11-12T11:41:50.969+0000] {processor.py:183} INFO - Processing /home/airflow/.local/lib/python3.12/site-packages/airflow/example_dags/example_subdag_operator.py took 1.347 seconds
[2024-11-12T11:42:27.165+0000] {processor.py:161} INFO - Started process (PID=160) to work on /home/airflow/.local/lib/python3.12/site-packages/airflow/example_dags/example_subdag_operator.py
[2024-11-12T11:42:27.178+0000] {processor.py:830} INFO - Processing file /home/airflow/.local/lib/python3.12/site-packages/airflow/example_dags/example_subdag_operator.py for tasks to queue
[2024-11-12T11:42:27.193+0000] {logging_mixin.py:188} INFO - [2024-11-12T11:42:27.191+0000] {dagbag.py:545} INFO - Filling up the DagBag from /home/airflow/.local/lib/python3.12/site-packages/airflow/example_dags/example_subdag_operator.py
[2024-11-12T11:42:27.351+0000] {processor.py:840} INFO - DAG(s) 'example_subdag_operator.section-1', 'example_subdag_operator.section-2', 'example_subdag_operator' retrieved from /home/airflow/.local/lib/python3.12/site-packages/airflow/example_dags/example_subdag_operator.py
[2024-11-12T11:42:27.540+0000] {logging_mixin.py:188} INFO - [2024-11-12T11:42:27.539+0000] {dag.py:3089} INFO - Sync 3 DAGs
[2024-11-12T11:42:27.769+0000] {logging_mixin.py:188} INFO - [2024-11-12T11:42:27.766+0000] {dag.py:3947} INFO - Setting next_dagrun for example_subdag_operator to 2022-01-01 00:00:00+00:00, run_after=2022-01-01 00:00:00+00:00
[2024-11-12T11:42:27.829+0000] {logging_mixin.py:188} INFO - [2024-11-12T11:42:27.829+0000] {dag.py:3947} INFO - Setting next_dagrun for example_subdag_operator.section-1 to None, run_after=None
[2024-11-12T11:42:27.858+0000] {logging_mixin.py:188} INFO - [2024-11-12T11:42:27.858+0000] {dag.py:3947} INFO - Setting next_dagrun for example_subdag_operator.section-2 to None, run_after=None
[2024-11-12T11:42:28.015+0000] {logging_mixin.py:188} INFO - [2024-11-12T11:42:28.015+0000] {dag.py:3089} INFO - Sync 2 DAGs
[2024-11-12T11:42:28.161+0000] {logging_mixin.py:188} INFO - [2024-11-12T11:42:28.160+0000] {dag.py:3947} INFO - Setting next_dagrun for example_subdag_operator.section-1 to None, run_after=None
[2024-11-12T11:42:28.174+0000] {logging_mixin.py:188} INFO - [2024-11-12T11:42:28.170+0000] {dag.py:3947} INFO - Setting next_dagrun for example_subdag_operator.section-2 to None, run_after=None
[2024-11-12T11:42:28.312+0000] {processor.py:183} INFO - Processing /home/airflow/.local/lib/python3.12/site-packages/airflow/example_dags/example_subdag_operator.py took 1.185 seconds
[2024-11-12T11:46:40.141+0000] {processor.py:161} INFO - Started process (PID=214) to work on /home/airflow/.local/lib/python3.12/site-packages/airflow/example_dags/example_subdag_operator.py
[2024-11-12T11:46:40.145+0000] {processor.py:830} INFO - Processing file /home/airflow/.local/lib/python3.12/site-packages/airflow/example_dags/example_subdag_operator.py for tasks to queue
[2024-11-12T11:46:40.156+0000] {logging_mixin.py:188} INFO - [2024-11-12T11:46:40.151+0000] {dagbag.py:545} INFO - Filling up the DagBag from /home/airflow/.local/lib/python3.12/site-packages/airflow/example_dags/example_subdag_operator.py
[2024-11-12T11:46:40.252+0000] {processor.py:840} INFO - DAG(s) 'example_subdag_operator.section-1', 'example_subdag_operator.section-2', 'example_subdag_operator' retrieved from /home/airflow/.local/lib/python3.12/site-packages/airflow/example_dags/example_subdag_operator.py
[2024-11-12T11:46:40.298+0000] {logging_mixin.py:188} INFO - [2024-11-12T11:46:40.297+0000] {dag.py:3089} INFO - Sync 3 DAGs
[2024-11-12T11:46:40.369+0000] {logging_mixin.py:188} INFO - [2024-11-12T11:46:40.368+0000] {dag.py:3947} INFO - Setting next_dagrun for example_subdag_operator to 2022-01-01 00:00:00+00:00, run_after=2022-01-01 00:00:00+00:00
[2024-11-12T11:46:40.379+0000] {logging_mixin.py:188} INFO - [2024-11-12T11:46:40.379+0000] {dag.py:3947} INFO - Setting next_dagrun for example_subdag_operator.section-1 to None, run_after=None
[2024-11-12T11:46:40.383+0000] {logging_mixin.py:188} INFO - [2024-11-12T11:46:40.382+0000] {dag.py:3947} INFO - Setting next_dagrun for example_subdag_operator.section-2 to None, run_after=None
[2024-11-12T11:46:40.401+0000] {logging_mixin.py:188} INFO - [2024-11-12T11:46:40.401+0000] {dag.py:3089} INFO - Sync 2 DAGs
[2024-11-12T11:46:40.415+0000] {logging_mixin.py:188} INFO - [2024-11-12T11:46:40.414+0000] {dag.py:3947} INFO - Setting next_dagrun for example_subdag_operator.section-1 to None, run_after=None
[2024-11-12T11:46:40.416+0000] {logging_mixin.py:188} INFO - [2024-11-12T11:46:40.416+0000] {dag.py:3947} INFO - Setting next_dagrun for example_subdag_operator.section-2 to None, run_after=None
[2024-11-12T11:46:40.444+0000] {processor.py:183} INFO - Processing /home/airflow/.local/lib/python3.12/site-packages/airflow/example_dags/example_subdag_operator.py took 0.334 seconds
[2024-11-12T13:59:50.865+0000] {processor.py:161} INFO - Started process (PID=56) to work on /home/airflow/.local/lib/python3.12/site-packages/airflow/example_dags/example_subdag_operator.py
[2024-11-12T13:59:50.893+0000] {processor.py:830} INFO - Processing file /home/airflow/.local/lib/python3.12/site-packages/airflow/example_dags/example_subdag_operator.py for tasks to queue
[2024-11-12T13:59:50.899+0000] {logging_mixin.py:188} INFO - [2024-11-12T13:59:50.898+0000] {dagbag.py:545} INFO - Filling up the DagBag from /home/airflow/.local/lib/python3.12/site-packages/airflow/example_dags/example_subdag_operator.py
[2024-11-12T13:59:54.469+0000] {logging_mixin.py:188} INFO - [2024-11-12T13:59:54.468+0000] {process_utils.py:263} INFO - Waiting up to 5 seconds for processes to exit...
[2024-11-12T14:02:58.750+0000] {processor.py:161} INFO - Started process (PID=50) to work on /home/airflow/.local/lib/python3.12/site-packages/airflow/example_dags/example_subdag_operator.py
[2024-11-12T14:02:58.802+0000] {processor.py:830} INFO - Processing file /home/airflow/.local/lib/python3.12/site-packages/airflow/example_dags/example_subdag_operator.py for tasks to queue
[2024-11-12T14:02:58.823+0000] {logging_mixin.py:188} INFO - [2024-11-12T14:02:58.821+0000] {dagbag.py:545} INFO - Filling up the DagBag from /home/airflow/.local/lib/python3.12/site-packages/airflow/example_dags/example_subdag_operator.py
[2024-11-12T14:02:59.206+0000] {processor.py:840} INFO - DAG(s) 'example_subdag_operator.section-1', 'example_subdag_operator.section-2', 'example_subdag_operator' retrieved from /home/airflow/.local/lib/python3.12/site-packages/airflow/example_dags/example_subdag_operator.py
[2024-11-12T14:03:03.305+0000] {logging_mixin.py:188} INFO - [2024-11-12T14:03:03.296+0000] {dag.py:3089} INFO - Sync 3 DAGs
[2024-11-12T14:03:03.978+0000] {logging_mixin.py:188} INFO - [2024-11-12T14:03:03.977+0000] {dag.py:3947} INFO - Setting next_dagrun for example_subdag_operator to 2022-01-01 00:00:00+00:00, run_after=2022-01-01 00:00:00+00:00
[2024-11-12T14:03:04.049+0000] {logging_mixin.py:188} INFO - [2024-11-12T14:03:04.049+0000] {dag.py:3947} INFO - Setting next_dagrun for example_subdag_operator.section-1 to None, run_after=None
[2024-11-12T14:03:04.058+0000] {logging_mixin.py:188} INFO - [2024-11-12T14:03:04.058+0000] {dag.py:3947} INFO - Setting next_dagrun for example_subdag_operator.section-2 to None, run_after=None
[2024-11-12T14:03:04.514+0000] {logging_mixin.py:188} INFO - [2024-11-12T14:03:04.514+0000] {dag.py:3089} INFO - Sync 2 DAGs
[2024-11-12T14:03:04.670+0000] {logging_mixin.py:188} INFO - [2024-11-12T14:03:04.669+0000] {dag.py:3947} INFO - Setting next_dagrun for example_subdag_operator.section-1 to None, run_after=None
[2024-11-12T14:03:04.677+0000] {logging_mixin.py:188} INFO - [2024-11-12T14:03:04.671+0000] {dag.py:3947} INFO - Setting next_dagrun for example_subdag_operator.section-2 to None, run_after=None
[2024-11-12T14:03:04.923+0000] {processor.py:183} INFO - Processing /home/airflow/.local/lib/python3.12/site-packages/airflow/example_dags/example_subdag_operator.py took 6.355 seconds
[2024-11-12T14:04:14.494+0000] {processor.py:161} INFO - Started process (PID=114) to work on /home/airflow/.local/lib/python3.12/site-packages/airflow/example_dags/example_subdag_operator.py
[2024-11-12T14:04:14.497+0000] {processor.py:830} INFO - Processing file /home/airflow/.local/lib/python3.12/site-packages/airflow/example_dags/example_subdag_operator.py for tasks to queue
[2024-11-12T14:04:14.503+0000] {logging_mixin.py:188} INFO - [2024-11-12T14:04:14.502+0000] {dagbag.py:545} INFO - Filling up the DagBag from /home/airflow/.local/lib/python3.12/site-packages/airflow/example_dags/example_subdag_operator.py
[2024-11-12T14:04:14.585+0000] {processor.py:840} INFO - DAG(s) 'example_subdag_operator.section-1', 'example_subdag_operator.section-2', 'example_subdag_operator' retrieved from /home/airflow/.local/lib/python3.12/site-packages/airflow/example_dags/example_subdag_operator.py
[2024-11-12T14:04:14.687+0000] {logging_mixin.py:188} INFO - [2024-11-12T14:04:14.686+0000] {dag.py:3089} INFO - Sync 3 DAGs
[2024-11-12T14:04:14.779+0000] {logging_mixin.py:188} INFO - [2024-11-12T14:04:14.778+0000] {dag.py:3947} INFO - Setting next_dagrun for example_subdag_operator to 2022-01-01 00:00:00+00:00, run_after=2022-01-01 00:00:00+00:00
[2024-11-12T14:04:14.796+0000] {logging_mixin.py:188} INFO - [2024-11-12T14:04:14.795+0000] {dag.py:3947} INFO - Setting next_dagrun for example_subdag_operator.section-1 to None, run_after=None
[2024-11-12T14:04:14.801+0000] {logging_mixin.py:188} INFO - [2024-11-12T14:04:14.800+0000] {dag.py:3947} INFO - Setting next_dagrun for example_subdag_operator.section-2 to None, run_after=None
[2024-11-12T14:04:14.827+0000] {logging_mixin.py:188} INFO - [2024-11-12T14:04:14.827+0000] {dag.py:3089} INFO - Sync 2 DAGs
[2024-11-12T14:04:14.842+0000] {logging_mixin.py:188} INFO - [2024-11-12T14:04:14.841+0000] {dag.py:3947} INFO - Setting next_dagrun for example_subdag_operator.section-1 to None, run_after=None
[2024-11-12T14:04:14.844+0000] {logging_mixin.py:188} INFO - [2024-11-12T14:04:14.843+0000] {dag.py:3947} INFO - Setting next_dagrun for example_subdag_operator.section-2 to None, run_after=None
[2024-11-12T14:04:14.870+0000] {processor.py:183} INFO - Processing /home/airflow/.local/lib/python3.12/site-packages/airflow/example_dags/example_subdag_operator.py took 0.398 seconds
[2024-11-12T14:04:46.365+0000] {processor.py:161} INFO - Started process (PID=181) to work on /home/airflow/.local/lib/python3.12/site-packages/airflow/example_dags/example_subdag_operator.py
[2024-11-12T14:04:46.366+0000] {processor.py:830} INFO - Processing file /home/airflow/.local/lib/python3.12/site-packages/airflow/example_dags/example_subdag_operator.py for tasks to queue
[2024-11-12T14:04:46.371+0000] {logging_mixin.py:188} INFO - [2024-11-12T14:04:46.370+0000] {dagbag.py:545} INFO - Filling up the DagBag from /home/airflow/.local/lib/python3.12/site-packages/airflow/example_dags/example_subdag_operator.py
[2024-11-12T14:04:46.448+0000] {processor.py:840} INFO - DAG(s) 'example_subdag_operator.section-1', 'example_subdag_operator.section-2', 'example_subdag_operator' retrieved from /home/airflow/.local/lib/python3.12/site-packages/airflow/example_dags/example_subdag_operator.py
[2024-11-12T14:04:46.483+0000] {logging_mixin.py:188} INFO - [2024-11-12T14:04:46.483+0000] {dag.py:3089} INFO - Sync 3 DAGs
[2024-11-12T14:04:46.538+0000] {logging_mixin.py:188} INFO - [2024-11-12T14:04:46.537+0000] {dag.py:3947} INFO - Setting next_dagrun for example_subdag_operator to 2022-01-01 00:00:00+00:00, run_after=2022-01-01 00:00:00+00:00
[2024-11-12T14:04:46.548+0000] {logging_mixin.py:188} INFO - [2024-11-12T14:04:46.547+0000] {dag.py:3947} INFO - Setting next_dagrun for example_subdag_operator.section-1 to None, run_after=None
[2024-11-12T14:04:46.551+0000] {logging_mixin.py:188} INFO - [2024-11-12T14:04:46.550+0000] {dag.py:3947} INFO - Setting next_dagrun for example_subdag_operator.section-2 to None, run_after=None
[2024-11-12T14:04:46.567+0000] {logging_mixin.py:188} INFO - [2024-11-12T14:04:46.567+0000] {dag.py:3089} INFO - Sync 2 DAGs
[2024-11-12T14:04:46.579+0000] {logging_mixin.py:188} INFO - [2024-11-12T14:04:46.579+0000] {dag.py:3947} INFO - Setting next_dagrun for example_subdag_operator.section-1 to None, run_after=None
[2024-11-12T14:04:46.580+0000] {logging_mixin.py:188} INFO - [2024-11-12T14:04:46.580+0000] {dag.py:3947} INFO - Setting next_dagrun for example_subdag_operator.section-2 to None, run_after=None
[2024-11-12T14:04:46.610+0000] {processor.py:183} INFO - Processing /home/airflow/.local/lib/python3.12/site-packages/airflow/example_dags/example_subdag_operator.py took 0.262 seconds
[2024-11-12T14:05:20.061+0000] {processor.py:161} INFO - Started process (PID=241) to work on /home/airflow/.local/lib/python3.12/site-packages/airflow/example_dags/example_subdag_operator.py
[2024-11-12T14:05:20.065+0000] {processor.py:830} INFO - Processing file /home/airflow/.local/lib/python3.12/site-packages/airflow/example_dags/example_subdag_operator.py for tasks to queue
[2024-11-12T14:05:20.073+0000] {logging_mixin.py:188} INFO - [2024-11-12T14:05:20.072+0000] {dagbag.py:545} INFO - Filling up the DagBag from /home/airflow/.local/lib/python3.12/site-packages/airflow/example_dags/example_subdag_operator.py
[2024-11-12T14:05:20.301+0000] {processor.py:840} INFO - DAG(s) 'example_subdag_operator.section-1', 'example_subdag_operator.section-2', 'example_subdag_operator' retrieved from /home/airflow/.local/lib/python3.12/site-packages/airflow/example_dags/example_subdag_operator.py
[2024-11-12T14:05:20.440+0000] {logging_mixin.py:188} INFO - [2024-11-12T14:05:20.438+0000] {dag.py:3089} INFO - Sync 3 DAGs
[2024-11-12T14:05:20.553+0000] {logging_mixin.py:188} INFO - [2024-11-12T14:05:20.552+0000] {dag.py:3947} INFO - Setting next_dagrun for example_subdag_operator to 2022-01-01 00:00:00+00:00, run_after=2022-01-01 00:00:00+00:00
[2024-11-12T14:05:20.574+0000] {logging_mixin.py:188} INFO - [2024-11-12T14:05:20.573+0000] {dag.py:3947} INFO - Setting next_dagrun for example_subdag_operator.section-1 to None, run_after=None
[2024-11-12T14:05:20.582+0000] {logging_mixin.py:188} INFO - [2024-11-12T14:05:20.581+0000] {dag.py:3947} INFO - Setting next_dagrun for example_subdag_operator.section-2 to None, run_after=None
[2024-11-12T14:05:20.641+0000] {logging_mixin.py:188} INFO - [2024-11-12T14:05:20.640+0000] {dag.py:3089} INFO - Sync 2 DAGs
[2024-11-12T14:05:20.672+0000] {logging_mixin.py:188} INFO - [2024-11-12T14:05:20.670+0000] {dag.py:3947} INFO - Setting next_dagrun for example_subdag_operator.section-1 to None, run_after=None
[2024-11-12T14:05:20.684+0000] {logging_mixin.py:188} INFO - [2024-11-12T14:05:20.683+0000] {dag.py:3947} INFO - Setting next_dagrun for example_subdag_operator.section-2 to None, run_after=None
[2024-11-12T14:05:20.747+0000] {processor.py:183} INFO - Processing /home/airflow/.local/lib/python3.12/site-packages/airflow/example_dags/example_subdag_operator.py took 0.751 seconds
[2024-11-12T14:06:00.467+0000] {processor.py:161} INFO - Started process (PID=301) to work on /home/airflow/.local/lib/python3.12/site-packages/airflow/example_dags/example_subdag_operator.py
[2024-11-12T14:06:00.488+0000] {processor.py:830} INFO - Processing file /home/airflow/.local/lib/python3.12/site-packages/airflow/example_dags/example_subdag_operator.py for tasks to queue
[2024-11-12T14:06:00.499+0000] {logging_mixin.py:188} INFO - [2024-11-12T14:06:00.498+0000] {dagbag.py:545} INFO - Filling up the DagBag from /home/airflow/.local/lib/python3.12/site-packages/airflow/example_dags/example_subdag_operator.py
[2024-11-12T14:06:00.997+0000] {processor.py:840} INFO - DAG(s) 'example_subdag_operator.section-1', 'example_subdag_operator.section-2', 'example_subdag_operator' retrieved from /home/airflow/.local/lib/python3.12/site-packages/airflow/example_dags/example_subdag_operator.py
[2024-11-12T14:06:01.155+0000] {logging_mixin.py:188} INFO - [2024-11-12T14:06:01.154+0000] {dag.py:3089} INFO - Sync 3 DAGs
[2024-11-12T14:06:01.595+0000] {logging_mixin.py:188} INFO - [2024-11-12T14:06:01.594+0000] {dag.py:3947} INFO - Setting next_dagrun for example_subdag_operator to 2022-01-01 00:00:00+00:00, run_after=2022-01-01 00:00:00+00:00
[2024-11-12T14:06:01.638+0000] {logging_mixin.py:188} INFO - [2024-11-12T14:06:01.632+0000] {dag.py:3947} INFO - Setting next_dagrun for example_subdag_operator.section-1 to None, run_after=None
[2024-11-12T14:06:01.647+0000] {logging_mixin.py:188} INFO - [2024-11-12T14:06:01.646+0000] {dag.py:3947} INFO - Setting next_dagrun for example_subdag_operator.section-2 to None, run_after=None
[2024-11-12T14:06:01.735+0000] {logging_mixin.py:188} INFO - [2024-11-12T14:06:01.730+0000] {dag.py:3089} INFO - Sync 2 DAGs
[2024-11-12T14:06:01.859+0000] {logging_mixin.py:188} INFO - [2024-11-12T14:06:01.855+0000] {dag.py:3947} INFO - Setting next_dagrun for example_subdag_operator.section-1 to None, run_after=None
[2024-11-12T14:06:01.867+0000] {logging_mixin.py:188} INFO - [2024-11-12T14:06:01.865+0000] {dag.py:3947} INFO - Setting next_dagrun for example_subdag_operator.section-2 to None, run_after=None
[2024-11-12T14:06:02.087+0000] {processor.py:183} INFO - Processing /home/airflow/.local/lib/python3.12/site-packages/airflow/example_dags/example_subdag_operator.py took 1.703 seconds
[2024-11-12T14:06:53.007+0000] {processor.py:161} INFO - Started process (PID=364) to work on /home/airflow/.local/lib/python3.12/site-packages/airflow/example_dags/example_subdag_operator.py
[2024-11-12T14:06:53.013+0000] {processor.py:830} INFO - Processing file /home/airflow/.local/lib/python3.12/site-packages/airflow/example_dags/example_subdag_operator.py for tasks to queue
[2024-11-12T14:06:53.026+0000] {logging_mixin.py:188} INFO - [2024-11-12T14:06:53.025+0000] {dagbag.py:545} INFO - Filling up the DagBag from /home/airflow/.local/lib/python3.12/site-packages/airflow/example_dags/example_subdag_operator.py
[2024-11-12T14:06:53.386+0000] {processor.py:840} INFO - DAG(s) 'example_subdag_operator.section-1', 'example_subdag_operator.section-2', 'example_subdag_operator' retrieved from /home/airflow/.local/lib/python3.12/site-packages/airflow/example_dags/example_subdag_operator.py
[2024-11-12T14:06:53.765+0000] {logging_mixin.py:188} INFO - [2024-11-12T14:06:53.764+0000] {dag.py:3089} INFO - Sync 3 DAGs
[2024-11-12T14:06:54.481+0000] {logging_mixin.py:188} INFO - [2024-11-12T14:06:54.480+0000] {dag.py:3947} INFO - Setting next_dagrun for example_subdag_operator to 2022-01-01 00:00:00+00:00, run_after=2022-01-01 00:00:00+00:00
[2024-11-12T14:06:54.527+0000] {logging_mixin.py:188} INFO - [2024-11-12T14:06:54.524+0000] {dag.py:3947} INFO - Setting next_dagrun for example_subdag_operator.section-1 to None, run_after=None
[2024-11-12T14:06:54.541+0000] {logging_mixin.py:188} INFO - [2024-11-12T14:06:54.541+0000] {dag.py:3947} INFO - Setting next_dagrun for example_subdag_operator.section-2 to None, run_after=None
[2024-11-12T14:06:54.877+0000] {logging_mixin.py:188} INFO - [2024-11-12T14:06:54.876+0000] {dag.py:3089} INFO - Sync 2 DAGs
[2024-11-12T14:06:54.940+0000] {logging_mixin.py:188} INFO - [2024-11-12T14:06:54.939+0000] {dag.py:3947} INFO - Setting next_dagrun for example_subdag_operator.section-1 to None, run_after=None
[2024-11-12T14:06:54.945+0000] {logging_mixin.py:188} INFO - [2024-11-12T14:06:54.941+0000] {dag.py:3947} INFO - Setting next_dagrun for example_subdag_operator.section-2 to None, run_after=None
[2024-11-12T14:06:55.306+0000] {processor.py:183} INFO - Processing /home/airflow/.local/lib/python3.12/site-packages/airflow/example_dags/example_subdag_operator.py took 2.361 seconds
[2024-11-12T14:08:07.626+0000] {processor.py:161} INFO - Started process (PID=424) to work on /home/airflow/.local/lib/python3.12/site-packages/airflow/example_dags/example_subdag_operator.py
[2024-11-12T14:08:07.630+0000] {processor.py:830} INFO - Processing file /home/airflow/.local/lib/python3.12/site-packages/airflow/example_dags/example_subdag_operator.py for tasks to queue
[2024-11-12T14:08:07.638+0000] {logging_mixin.py:188} INFO - [2024-11-12T14:08:07.637+0000] {dagbag.py:545} INFO - Filling up the DagBag from /home/airflow/.local/lib/python3.12/site-packages/airflow/example_dags/example_subdag_operator.py
[2024-11-12T14:08:07.976+0000] {processor.py:840} INFO - DAG(s) 'example_subdag_operator.section-1', 'example_subdag_operator.section-2', 'example_subdag_operator' retrieved from /home/airflow/.local/lib/python3.12/site-packages/airflow/example_dags/example_subdag_operator.py
[2024-11-12T14:08:08.323+0000] {logging_mixin.py:188} INFO - [2024-11-12T14:08:08.312+0000] {dag.py:3089} INFO - Sync 3 DAGs
[2024-11-12T14:08:08.595+0000] {logging_mixin.py:188} INFO - [2024-11-12T14:08:08.594+0000] {dag.py:3947} INFO - Setting next_dagrun for example_subdag_operator to 2022-01-01 00:00:00+00:00, run_after=2022-01-01 00:00:00+00:00
[2024-11-12T14:08:08.625+0000] {logging_mixin.py:188} INFO - [2024-11-12T14:08:08.623+0000] {dag.py:3947} INFO - Setting next_dagrun for example_subdag_operator.section-1 to None, run_after=None
[2024-11-12T14:08:08.635+0000] {logging_mixin.py:188} INFO - [2024-11-12T14:08:08.632+0000] {dag.py:3947} INFO - Setting next_dagrun for example_subdag_operator.section-2 to None, run_after=None
[2024-11-12T14:08:08.870+0000] {logging_mixin.py:188} INFO - [2024-11-12T14:08:08.870+0000] {dag.py:3089} INFO - Sync 2 DAGs
[2024-11-12T14:08:08.949+0000] {logging_mixin.py:188} INFO - [2024-11-12T14:08:08.949+0000] {dag.py:3947} INFO - Setting next_dagrun for example_subdag_operator.section-1 to None, run_after=None
[2024-11-12T14:08:08.951+0000] {logging_mixin.py:188} INFO - [2024-11-12T14:08:08.950+0000] {dag.py:3947} INFO - Setting next_dagrun for example_subdag_operator.section-2 to None, run_after=None
[2024-11-12T14:08:09.069+0000] {processor.py:183} INFO - Processing /home/airflow/.local/lib/python3.12/site-packages/airflow/example_dags/example_subdag_operator.py took 1.488 seconds
[2024-11-12T14:10:43.725+0000] {processor.py:161} INFO - Started process (PID=496) to work on /home/airflow/.local/lib/python3.12/site-packages/airflow/example_dags/example_subdag_operator.py
[2024-11-12T14:10:43.746+0000] {processor.py:830} INFO - Processing file /home/airflow/.local/lib/python3.12/site-packages/airflow/example_dags/example_subdag_operator.py for tasks to queue
[2024-11-12T14:10:43.793+0000] {logging_mixin.py:188} INFO - [2024-11-12T14:10:43.764+0000] {dagbag.py:545} INFO - Filling up the DagBag from /home/airflow/.local/lib/python3.12/site-packages/airflow/example_dags/example_subdag_operator.py
[2024-11-12T14:10:44.623+0000] {processor.py:840} INFO - DAG(s) 'example_subdag_operator.section-1', 'example_subdag_operator.section-2', 'example_subdag_operator' retrieved from /home/airflow/.local/lib/python3.12/site-packages/airflow/example_dags/example_subdag_operator.py
[2024-11-12T14:10:44.888+0000] {logging_mixin.py:188} INFO - [2024-11-12T14:10:44.887+0000] {dag.py:3089} INFO - Sync 3 DAGs
[2024-11-12T14:10:45.132+0000] {logging_mixin.py:188} INFO - [2024-11-12T14:10:45.130+0000] {dag.py:3947} INFO - Setting next_dagrun for example_subdag_operator to 2022-01-01 00:00:00+00:00, run_after=2022-01-01 00:00:00+00:00
[2024-11-12T14:10:45.192+0000] {logging_mixin.py:188} INFO - [2024-11-12T14:10:45.188+0000] {dag.py:3947} INFO - Setting next_dagrun for example_subdag_operator.section-1 to None, run_after=None
[2024-11-12T14:10:45.235+0000] {logging_mixin.py:188} INFO - [2024-11-12T14:10:45.234+0000] {dag.py:3947} INFO - Setting next_dagrun for example_subdag_operator.section-2 to None, run_after=None
[2024-11-12T14:10:45.359+0000] {logging_mixin.py:188} INFO - [2024-11-12T14:10:45.358+0000] {dag.py:3089} INFO - Sync 2 DAGs
[2024-11-12T14:10:45.413+0000] {logging_mixin.py:188} INFO - [2024-11-12T14:10:45.413+0000] {dag.py:3947} INFO - Setting next_dagrun for example_subdag_operator.section-1 to None, run_after=None
[2024-11-12T14:10:45.415+0000] {logging_mixin.py:188} INFO - [2024-11-12T14:10:45.414+0000] {dag.py:3947} INFO - Setting next_dagrun for example_subdag_operator.section-2 to None, run_after=None
[2024-11-12T14:10:45.610+0000] {processor.py:183} INFO - Processing /home/airflow/.local/lib/python3.12/site-packages/airflow/example_dags/example_subdag_operator.py took 2.102 seconds
