[2024-11-14T19:29:43.419+0000] {processor.py:161} INFO - Started process (PID=32) to work on /opt/airflow/dags/dagLoanRequest.py
[2024-11-14T19:29:43.422+0000] {processor.py:830} INFO - Processing file /opt/airflow/dags/dagLoanRequest.py for tasks to queue
[2024-11-14T19:29:43.427+0000] {logging_mixin.py:188} INFO - [2024-11-14T19:29:43.426+0000] {dagbag.py:545} INFO - Filling up the DagBag from /opt/airflow/dags/dagLoanRequest.py
[2024-11-14T19:29:47.929+0000] {processor.py:840} INFO - DAG(s) 'Loan_Request_Report' retrieved from /opt/airflow/dags/dagLoanRequest.py
[2024-11-14T19:29:54.486+0000] {logging_mixin.py:188} INFO - [2024-11-14T19:29:54.484+0000] {dag.py:3089} INFO - Sync 1 DAGs
[2024-11-14T19:29:54.750+0000] {processor.py:183} INFO - Processing /opt/airflow/dags/dagLoanRequest.py took 11.366 seconds
[2024-11-14T19:30:55.075+0000] {processor.py:161} INFO - Started process (PID=98) to work on /opt/airflow/dags/dagLoanRequest.py
[2024-11-14T19:30:55.080+0000] {processor.py:830} INFO - Processing file /opt/airflow/dags/dagLoanRequest.py for tasks to queue
[2024-11-14T19:30:55.088+0000] {logging_mixin.py:188} INFO - [2024-11-14T19:30:55.087+0000] {dagbag.py:545} INFO - Filling up the DagBag from /opt/airflow/dags/dagLoanRequest.py
[2024-11-14T19:31:04.157+0000] {processor.py:840} INFO - DAG(s) 'Loan_Request_Report' retrieved from /opt/airflow/dags/dagLoanRequest.py
[2024-11-14T19:31:04.194+0000] {logging_mixin.py:188} INFO - [2024-11-14T19:31:04.193+0000] {dag.py:3089} INFO - Sync 1 DAGs
[2024-11-14T19:31:04.240+0000] {logging_mixin.py:188} INFO - [2024-11-14T19:31:04.239+0000] {dag.py:3947} INFO - Setting next_dagrun for Loan_Request_Report to 2024-11-01 00:00:00+00:00, run_after=2024-12-01 00:00:00+00:00
[2024-11-14T19:31:04.278+0000] {processor.py:183} INFO - Processing /opt/airflow/dags/dagLoanRequest.py took 9.240 seconds
[2024-11-14T19:31:34.755+0000] {processor.py:161} INFO - Started process (PID=162) to work on /opt/airflow/dags/dagLoanRequest.py
[2024-11-14T19:31:34.757+0000] {processor.py:830} INFO - Processing file /opt/airflow/dags/dagLoanRequest.py for tasks to queue
[2024-11-14T19:31:34.761+0000] {logging_mixin.py:188} INFO - [2024-11-14T19:31:34.760+0000] {dagbag.py:545} INFO - Filling up the DagBag from /opt/airflow/dags/dagLoanRequest.py
[2024-11-14T19:31:35.980+0000] {processor.py:840} INFO - DAG(s) 'Loan_Request_Report' retrieved from /opt/airflow/dags/dagLoanRequest.py
[2024-11-14T19:31:36.013+0000] {logging_mixin.py:188} INFO - [2024-11-14T19:31:36.013+0000] {dag.py:3089} INFO - Sync 1 DAGs
[2024-11-14T19:31:36.053+0000] {logging_mixin.py:188} INFO - [2024-11-14T19:31:36.052+0000] {dag.py:3947} INFO - Setting next_dagrun for Loan_Request_Report to 2024-11-01 00:00:00+00:00, run_after=2024-12-01 00:00:00+00:00
[2024-11-14T19:31:36.087+0000] {processor.py:183} INFO - Processing /opt/airflow/dags/dagLoanRequest.py took 1.355 seconds
[2024-11-14T19:32:06.860+0000] {processor.py:161} INFO - Started process (PID=224) to work on /opt/airflow/dags/dagLoanRequest.py
[2024-11-14T19:32:06.865+0000] {processor.py:830} INFO - Processing file /opt/airflow/dags/dagLoanRequest.py for tasks to queue
[2024-11-14T19:32:06.888+0000] {logging_mixin.py:188} INFO - [2024-11-14T19:32:06.885+0000] {dagbag.py:545} INFO - Filling up the DagBag from /opt/airflow/dags/dagLoanRequest.py
[2024-11-14T19:32:08.071+0000] {processor.py:840} INFO - DAG(s) 'Loan_Request_Report' retrieved from /opt/airflow/dags/dagLoanRequest.py
[2024-11-14T19:32:08.108+0000] {logging_mixin.py:188} INFO - [2024-11-14T19:32:08.108+0000] {dag.py:3089} INFO - Sync 1 DAGs
[2024-11-14T19:32:08.147+0000] {logging_mixin.py:188} INFO - [2024-11-14T19:32:08.147+0000] {dag.py:3947} INFO - Setting next_dagrun for Loan_Request_Report to 2024-11-01 00:00:00+00:00, run_after=2024-12-01 00:00:00+00:00
[2024-11-14T19:32:08.184+0000] {processor.py:183} INFO - Processing /opt/airflow/dags/dagLoanRequest.py took 1.340 seconds
[2024-11-14T19:32:38.496+0000] {processor.py:161} INFO - Started process (PID=286) to work on /opt/airflow/dags/dagLoanRequest.py
[2024-11-14T19:32:38.501+0000] {processor.py:830} INFO - Processing file /opt/airflow/dags/dagLoanRequest.py for tasks to queue
[2024-11-14T19:32:38.522+0000] {logging_mixin.py:188} INFO - [2024-11-14T19:32:38.519+0000] {dagbag.py:545} INFO - Filling up the DagBag from /opt/airflow/dags/dagLoanRequest.py
[2024-11-14T19:32:39.944+0000] {processor.py:840} INFO - DAG(s) 'Loan_Request_Report' retrieved from /opt/airflow/dags/dagLoanRequest.py
[2024-11-14T19:32:39.992+0000] {logging_mixin.py:188} INFO - [2024-11-14T19:32:39.991+0000] {dag.py:3089} INFO - Sync 1 DAGs
[2024-11-14T19:32:40.036+0000] {logging_mixin.py:188} INFO - [2024-11-14T19:32:40.036+0000] {dag.py:3947} INFO - Setting next_dagrun for Loan_Request_Report to 2024-11-01 00:00:00+00:00, run_after=2024-12-01 00:00:00+00:00
[2024-11-14T19:32:40.072+0000] {processor.py:183} INFO - Processing /opt/airflow/dags/dagLoanRequest.py took 1.604 seconds
[2024-11-14T19:33:10.831+0000] {processor.py:161} INFO - Started process (PID=348) to work on /opt/airflow/dags/dagLoanRequest.py
[2024-11-14T19:33:10.847+0000] {processor.py:830} INFO - Processing file /opt/airflow/dags/dagLoanRequest.py for tasks to queue
[2024-11-14T19:33:10.852+0000] {logging_mixin.py:188} INFO - [2024-11-14T19:33:10.851+0000] {dagbag.py:545} INFO - Filling up the DagBag from /opt/airflow/dags/dagLoanRequest.py
[2024-11-14T19:33:13.232+0000] {processor.py:840} INFO - DAG(s) 'Loan_Request_Report' retrieved from /opt/airflow/dags/dagLoanRequest.py
[2024-11-14T19:33:14.751+0000] {logging_mixin.py:188} INFO - [2024-11-14T19:33:14.745+0000] {dag.py:3089} INFO - Sync 1 DAGs
[2024-11-14T19:33:14.843+0000] {logging_mixin.py:188} INFO - [2024-11-14T19:33:14.842+0000] {dag.py:3947} INFO - Setting next_dagrun for Loan_Request_Report to 2024-11-01 00:00:00+00:00, run_after=2024-12-01 00:00:00+00:00
[2024-11-14T19:33:15.000+0000] {processor.py:183} INFO - Processing /opt/airflow/dags/dagLoanRequest.py took 4.219 seconds
[2024-11-14T19:33:45.292+0000] {processor.py:161} INFO - Started process (PID=409) to work on /opt/airflow/dags/dagLoanRequest.py
[2024-11-14T19:33:45.301+0000] {processor.py:830} INFO - Processing file /opt/airflow/dags/dagLoanRequest.py for tasks to queue
[2024-11-14T19:33:45.319+0000] {logging_mixin.py:188} INFO - [2024-11-14T19:33:45.316+0000] {dagbag.py:545} INFO - Filling up the DagBag from /opt/airflow/dags/dagLoanRequest.py
[2024-11-14T19:33:46.984+0000] {processor.py:840} INFO - DAG(s) 'Loan_Request_Report' retrieved from /opt/airflow/dags/dagLoanRequest.py
[2024-11-14T19:33:47.023+0000] {logging_mixin.py:188} INFO - [2024-11-14T19:33:47.022+0000] {dag.py:3089} INFO - Sync 1 DAGs
[2024-11-14T19:33:47.076+0000] {logging_mixin.py:188} INFO - [2024-11-14T19:33:47.075+0000] {dag.py:3947} INFO - Setting next_dagrun for Loan_Request_Report to 2024-11-01 00:00:00+00:00, run_after=2024-12-01 00:00:00+00:00
[2024-11-14T19:33:47.117+0000] {processor.py:183} INFO - Processing /opt/airflow/dags/dagLoanRequest.py took 1.898 seconds
[2024-11-14T19:34:17.611+0000] {processor.py:161} INFO - Started process (PID=470) to work on /opt/airflow/dags/dagLoanRequest.py
[2024-11-14T19:34:17.613+0000] {processor.py:830} INFO - Processing file /opt/airflow/dags/dagLoanRequest.py for tasks to queue
[2024-11-14T19:34:17.619+0000] {logging_mixin.py:188} INFO - [2024-11-14T19:34:17.618+0000] {dagbag.py:545} INFO - Filling up the DagBag from /opt/airflow/dags/dagLoanRequest.py
[2024-11-14T19:34:19.462+0000] {processor.py:840} INFO - DAG(s) 'Loan_Request_Report' retrieved from /opt/airflow/dags/dagLoanRequest.py
[2024-11-14T19:34:20.302+0000] {logging_mixin.py:188} INFO - [2024-11-14T19:34:20.301+0000] {dag.py:3089} INFO - Sync 1 DAGs
[2024-11-14T19:34:20.432+0000] {logging_mixin.py:188} INFO - [2024-11-14T19:34:20.431+0000] {dag.py:3947} INFO - Setting next_dagrun for Loan_Request_Report to 2024-11-01 00:00:00+00:00, run_after=2024-12-01 00:00:00+00:00
[2024-11-14T19:34:20.479+0000] {processor.py:183} INFO - Processing /opt/airflow/dags/dagLoanRequest.py took 2.918 seconds
[2024-11-14T19:34:51.036+0000] {processor.py:161} INFO - Started process (PID=534) to work on /opt/airflow/dags/dagLoanRequest.py
[2024-11-14T19:34:51.041+0000] {processor.py:830} INFO - Processing file /opt/airflow/dags/dagLoanRequest.py for tasks to queue
[2024-11-14T19:34:51.055+0000] {logging_mixin.py:188} INFO - [2024-11-14T19:34:51.052+0000] {dagbag.py:545} INFO - Filling up the DagBag from /opt/airflow/dags/dagLoanRequest.py
[2024-11-14T19:34:55.241+0000] {processor.py:840} INFO - DAG(s) 'Loan_Request_Report' retrieved from /opt/airflow/dags/dagLoanRequest.py
[2024-11-14T19:34:55.348+0000] {logging_mixin.py:188} INFO - [2024-11-14T19:34:55.348+0000] {dag.py:3089} INFO - Sync 1 DAGs
[2024-11-14T19:34:55.465+0000] {processor.py:183} INFO - Processing /opt/airflow/dags/dagLoanRequest.py took 4.467 seconds
[2024-11-14T19:35:26.236+0000] {processor.py:161} INFO - Started process (PID=597) to work on /opt/airflow/dags/dagLoanRequest.py
[2024-11-14T19:35:26.242+0000] {processor.py:830} INFO - Processing file /opt/airflow/dags/dagLoanRequest.py for tasks to queue
[2024-11-14T19:35:26.250+0000] {logging_mixin.py:188} INFO - [2024-11-14T19:35:26.249+0000] {dagbag.py:545} INFO - Filling up the DagBag from /opt/airflow/dags/dagLoanRequest.py
[2024-11-14T19:35:38.414+0000] {processor.py:840} INFO - DAG(s) 'Loan_Request_Report' retrieved from /opt/airflow/dags/dagLoanRequest.py
[2024-11-14T19:35:38.468+0000] {logging_mixin.py:188} INFO - [2024-11-14T19:35:38.467+0000] {dag.py:3089} INFO - Sync 1 DAGs
[2024-11-14T19:35:38.565+0000] {processor.py:183} INFO - Processing /opt/airflow/dags/dagLoanRequest.py took 12.382 seconds
[2024-11-14T19:40:05.954+0000] {processor.py:161} INFO - Started process (PID=664) to work on /opt/airflow/dags/dagLoanRequest.py
[2024-11-14T19:40:05.991+0000] {processor.py:830} INFO - Processing file /opt/airflow/dags/dagLoanRequest.py for tasks to queue
[2024-11-14T19:40:06.084+0000] {logging_mixin.py:188} INFO - [2024-11-14T19:40:06.047+0000] {dagbag.py:545} INFO - Filling up the DagBag from /opt/airflow/dags/dagLoanRequest.py
[2024-11-14T19:40:40.643+0000] {logging_mixin.py:188} INFO - [2024-11-14T19:40:40.636+0000] {timeout.py:68} ERROR - Process timed out, PID: 664
[2024-11-14T19:40:40.660+0000] {logging_mixin.py:188} WARNING - Exception ignored in: <function WeakKeyDictionary.__init__.<locals>.remove at 0x7f09d35667a0>
[2024-11-14T19:40:40.661+0000] {logging_mixin.py:188} WARNING - Traceback (most recent call last):
[2024-11-14T19:40:40.661+0000] {logging_mixin.py:188} WARNING -   File "/usr/local/lib/python3.12/weakref.py", line 369, in remove
[2024-11-14T19:40:40.671+0000] {logging_mixin.py:188} WARNING -     def remove(k, selfref=ref(self)):
[2024-11-14T19:40:40.671+0000] {logging_mixin.py:188} WARNING -   File "/home/airflow/.local/lib/python3.12/site-packages/airflow/utils/timeout.py", line 69, in handle_timeout
[2024-11-14T19:40:40.677+0000] {logging_mixin.py:188} WARNING -     raise AirflowTaskTimeout(self.error_message)
[2024-11-14T19:40:40.678+0000] {logging_mixin.py:188} WARNING - airflow.exceptions.AirflowTaskTimeout: DagBag import timeout for /opt/airflow/dags/dagLoanRequest.py after 30.0s.
Please take a look at these docs to improve your DAG import time:
* https://airflow.apache.org/docs/apache-airflow/2.9.3/best-practices.html#top-level-python-code
* https://airflow.apache.org/docs/apache-airflow/2.9.3/best-practices.html#reducing-dag-complexity, PID: 664
[2024-11-14T19:40:44.024+0000] {processor.py:840} INFO - DAG(s) 'Loan_Request_Report' retrieved from /opt/airflow/dags/dagLoanRequest.py
[2024-11-14T19:40:44.445+0000] {logging_mixin.py:188} INFO - [2024-11-14T19:40:44.427+0000] {dag.py:3089} INFO - Sync 1 DAGs
[2024-11-14T19:40:45.341+0000] {processor.py:183} INFO - Processing /opt/airflow/dags/dagLoanRequest.py took 40.158 seconds
[2024-11-14T19:41:18.991+0000] {processor.py:161} INFO - Started process (PID=744) to work on /opt/airflow/dags/dagLoanRequest.py
[2024-11-14T19:41:19.002+0000] {processor.py:830} INFO - Processing file /opt/airflow/dags/dagLoanRequest.py for tasks to queue
[2024-11-14T19:41:19.005+0000] {logging_mixin.py:188} INFO - [2024-11-14T19:41:19.003+0000] {dagbag.py:545} INFO - Filling up the DagBag from /opt/airflow/dags/dagLoanRequest.py
[2024-11-14T19:41:27.074+0000] {processor.py:840} INFO - DAG(s) 'Loan_Request_Report' retrieved from /opt/airflow/dags/dagLoanRequest.py
[2024-11-14T19:41:27.240+0000] {logging_mixin.py:188} INFO - [2024-11-14T19:41:27.239+0000] {dag.py:3089} INFO - Sync 1 DAGs
[2024-11-14T19:41:27.647+0000] {processor.py:183} INFO - Processing /opt/airflow/dags/dagLoanRequest.py took 8.711 seconds
[2024-11-14T19:41:58.250+0000] {processor.py:161} INFO - Started process (PID=812) to work on /opt/airflow/dags/dagLoanRequest.py
[2024-11-14T19:41:58.255+0000] {processor.py:830} INFO - Processing file /opt/airflow/dags/dagLoanRequest.py for tasks to queue
[2024-11-14T19:41:58.258+0000] {logging_mixin.py:188} INFO - [2024-11-14T19:41:58.257+0000] {dagbag.py:545} INFO - Filling up the DagBag from /opt/airflow/dags/dagLoanRequest.py
[2024-11-14T19:41:59.923+0000] {processor.py:840} INFO - DAG(s) 'Loan_Request_Report' retrieved from /opt/airflow/dags/dagLoanRequest.py
[2024-11-14T19:42:00.081+0000] {logging_mixin.py:188} INFO - [2024-11-14T19:42:00.079+0000] {dag.py:3089} INFO - Sync 1 DAGs
[2024-11-14T19:42:00.207+0000] {logging_mixin.py:188} INFO - [2024-11-14T19:42:00.205+0000] {dag.py:3947} INFO - Setting next_dagrun for Loan_Request_Report to 2024-11-01 00:00:00+00:00, run_after=2024-12-01 00:00:00+00:00
[2024-11-14T19:42:00.283+0000] {processor.py:183} INFO - Processing /opt/airflow/dags/dagLoanRequest.py took 2.059 seconds
[2024-11-14T19:42:31.394+0000] {processor.py:161} INFO - Started process (PID=876) to work on /opt/airflow/dags/dagLoanRequest.py
[2024-11-14T19:42:31.402+0000] {processor.py:830} INFO - Processing file /opt/airflow/dags/dagLoanRequest.py for tasks to queue
[2024-11-14T19:42:31.405+0000] {logging_mixin.py:188} INFO - [2024-11-14T19:42:31.404+0000] {dagbag.py:545} INFO - Filling up the DagBag from /opt/airflow/dags/dagLoanRequest.py
[2024-11-14T19:42:35.056+0000] {processor.py:840} INFO - DAG(s) 'Loan_Request_Report' retrieved from /opt/airflow/dags/dagLoanRequest.py
[2024-11-14T19:42:35.118+0000] {logging_mixin.py:188} INFO - [2024-11-14T19:42:35.117+0000] {dag.py:3089} INFO - Sync 1 DAGs
[2024-11-14T19:42:35.234+0000] {logging_mixin.py:188} INFO - [2024-11-14T19:42:35.233+0000] {dag.py:3947} INFO - Setting next_dagrun for Loan_Request_Report to 2024-11-01 00:00:00+00:00, run_after=2024-12-01 00:00:00+00:00
[2024-11-14T19:42:35.415+0000] {processor.py:183} INFO - Processing /opt/airflow/dags/dagLoanRequest.py took 4.121 seconds
[2024-11-14T19:43:05.628+0000] {processor.py:161} INFO - Started process (PID=944) to work on /opt/airflow/dags/dagLoanRequest.py
[2024-11-14T19:43:05.632+0000] {processor.py:830} INFO - Processing file /opt/airflow/dags/dagLoanRequest.py for tasks to queue
[2024-11-14T19:43:05.637+0000] {logging_mixin.py:188} INFO - [2024-11-14T19:43:05.635+0000] {dagbag.py:545} INFO - Filling up the DagBag from /opt/airflow/dags/dagLoanRequest.py
[2024-11-14T19:43:08.266+0000] {processor.py:840} INFO - DAG(s) 'Loan_Request_Report' retrieved from /opt/airflow/dags/dagLoanRequest.py
[2024-11-14T19:43:08.420+0000] {logging_mixin.py:188} INFO - [2024-11-14T19:43:08.416+0000] {dag.py:3089} INFO - Sync 1 DAGs
[2024-11-14T19:43:08.587+0000] {logging_mixin.py:188} INFO - [2024-11-14T19:43:08.586+0000] {dag.py:3947} INFO - Setting next_dagrun for Loan_Request_Report to 2024-11-01 00:00:00+00:00, run_after=2024-12-01 00:00:00+00:00
[2024-11-14T19:43:08.704+0000] {processor.py:183} INFO - Processing /opt/airflow/dags/dagLoanRequest.py took 3.102 seconds
[2024-11-14T19:43:39.182+0000] {processor.py:161} INFO - Started process (PID=1005) to work on /opt/airflow/dags/dagLoanRequest.py
[2024-11-14T19:43:39.185+0000] {processor.py:830} INFO - Processing file /opt/airflow/dags/dagLoanRequest.py for tasks to queue
[2024-11-14T19:43:39.189+0000] {logging_mixin.py:188} INFO - [2024-11-14T19:43:39.187+0000] {dagbag.py:545} INFO - Filling up the DagBag from /opt/airflow/dags/dagLoanRequest.py
[2024-11-14T19:43:41.766+0000] {processor.py:840} INFO - DAG(s) 'Loan_Request_Report' retrieved from /opt/airflow/dags/dagLoanRequest.py
[2024-11-14T19:43:41.912+0000] {logging_mixin.py:188} INFO - [2024-11-14T19:43:41.911+0000] {dag.py:3089} INFO - Sync 1 DAGs
[2024-11-14T19:43:42.239+0000] {logging_mixin.py:188} INFO - [2024-11-14T19:43:42.231+0000] {dag.py:3947} INFO - Setting next_dagrun for Loan_Request_Report to 2024-11-01 00:00:00+00:00, run_after=2024-12-01 00:00:00+00:00
[2024-11-14T19:43:42.376+0000] {processor.py:183} INFO - Processing /opt/airflow/dags/dagLoanRequest.py took 3.225 seconds
[2024-11-14T19:44:14.320+0000] {processor.py:161} INFO - Started process (PID=1057) to work on /opt/airflow/dags/dagLoanRequest.py
[2024-11-14T19:44:14.323+0000] {processor.py:830} INFO - Processing file /opt/airflow/dags/dagLoanRequest.py for tasks to queue
[2024-11-14T19:44:14.326+0000] {logging_mixin.py:188} INFO - [2024-11-14T19:44:14.325+0000] {dagbag.py:545} INFO - Filling up the DagBag from /opt/airflow/dags/dagLoanRequest.py
[2024-11-14T19:44:19.719+0000] {processor.py:840} INFO - DAG(s) 'Loan_Request_Report' retrieved from /opt/airflow/dags/dagLoanRequest.py
[2024-11-14T19:44:19.770+0000] {logging_mixin.py:188} INFO - [2024-11-14T19:44:19.769+0000] {dag.py:3089} INFO - Sync 1 DAGs
[2024-11-14T19:44:19.837+0000] {logging_mixin.py:188} INFO - [2024-11-14T19:44:19.836+0000] {dag.py:3947} INFO - Setting next_dagrun for Loan_Request_Report to 2024-11-01 00:00:00+00:00, run_after=2024-12-01 00:00:00+00:00
[2024-11-14T19:44:19.933+0000] {processor.py:183} INFO - Processing /opt/airflow/dags/dagLoanRequest.py took 5.634 seconds
[2024-11-14T19:44:50.369+0000] {processor.py:161} INFO - Started process (PID=1119) to work on /opt/airflow/dags/dagLoanRequest.py
[2024-11-14T19:44:50.373+0000] {processor.py:830} INFO - Processing file /opt/airflow/dags/dagLoanRequest.py for tasks to queue
[2024-11-14T19:44:50.385+0000] {logging_mixin.py:188} INFO - [2024-11-14T19:44:50.376+0000] {dagbag.py:545} INFO - Filling up the DagBag from /opt/airflow/dags/dagLoanRequest.py
[2024-11-14T19:44:55.171+0000] {processor.py:840} INFO - DAG(s) 'Loan_Request_Report' retrieved from /opt/airflow/dags/dagLoanRequest.py
[2024-11-14T19:44:55.217+0000] {logging_mixin.py:188} INFO - [2024-11-14T19:44:55.216+0000] {dag.py:3089} INFO - Sync 1 DAGs
[2024-11-14T19:44:55.274+0000] {logging_mixin.py:188} INFO - [2024-11-14T19:44:55.273+0000] {dag.py:3947} INFO - Setting next_dagrun for Loan_Request_Report to 2024-11-01 00:00:00+00:00, run_after=2024-12-01 00:00:00+00:00
[2024-11-14T19:44:55.326+0000] {processor.py:183} INFO - Processing /opt/airflow/dags/dagLoanRequest.py took 4.980 seconds
[2024-11-14T19:45:25.628+0000] {processor.py:161} INFO - Started process (PID=1181) to work on /opt/airflow/dags/dagLoanRequest.py
[2024-11-14T19:45:25.633+0000] {processor.py:830} INFO - Processing file /opt/airflow/dags/dagLoanRequest.py for tasks to queue
[2024-11-14T19:45:25.636+0000] {logging_mixin.py:188} INFO - [2024-11-14T19:45:25.635+0000] {dagbag.py:545} INFO - Filling up the DagBag from /opt/airflow/dags/dagLoanRequest.py
[2024-11-14T19:45:26.739+0000] {processor.py:840} INFO - DAG(s) 'Loan_Request_Report' retrieved from /opt/airflow/dags/dagLoanRequest.py
[2024-11-14T19:45:26.781+0000] {logging_mixin.py:188} INFO - [2024-11-14T19:45:26.780+0000] {dag.py:3089} INFO - Sync 1 DAGs
[2024-11-14T19:45:26.817+0000] {logging_mixin.py:188} INFO - [2024-11-14T19:45:26.817+0000] {dag.py:3947} INFO - Setting next_dagrun for Loan_Request_Report to 2024-11-01 00:00:00+00:00, run_after=2024-12-01 00:00:00+00:00
[2024-11-14T19:45:26.853+0000] {processor.py:183} INFO - Processing /opt/airflow/dags/dagLoanRequest.py took 1.304 seconds
[2024-11-14T19:45:57.394+0000] {processor.py:161} INFO - Started process (PID=1245) to work on /opt/airflow/dags/dagLoanRequest.py
[2024-11-14T19:45:57.397+0000] {processor.py:830} INFO - Processing file /opt/airflow/dags/dagLoanRequest.py for tasks to queue
[2024-11-14T19:45:57.399+0000] {logging_mixin.py:188} INFO - [2024-11-14T19:45:57.398+0000] {dagbag.py:545} INFO - Filling up the DagBag from /opt/airflow/dags/dagLoanRequest.py
[2024-11-14T19:45:58.508+0000] {processor.py:840} INFO - DAG(s) 'Loan_Request_Report' retrieved from /opt/airflow/dags/dagLoanRequest.py
[2024-11-14T19:45:58.545+0000] {logging_mixin.py:188} INFO - [2024-11-14T19:45:58.544+0000] {dag.py:3089} INFO - Sync 1 DAGs
[2024-11-14T19:45:58.590+0000] {logging_mixin.py:188} INFO - [2024-11-14T19:45:58.589+0000] {dag.py:3947} INFO - Setting next_dagrun for Loan_Request_Report to 2024-11-01 00:00:00+00:00, run_after=2024-12-01 00:00:00+00:00
[2024-11-14T19:45:58.626+0000] {processor.py:183} INFO - Processing /opt/airflow/dags/dagLoanRequest.py took 1.255 seconds
[2024-11-14T19:46:28.784+0000] {processor.py:161} INFO - Started process (PID=1308) to work on /opt/airflow/dags/dagLoanRequest.py
[2024-11-14T19:46:28.788+0000] {processor.py:830} INFO - Processing file /opt/airflow/dags/dagLoanRequest.py for tasks to queue
[2024-11-14T19:46:28.791+0000] {logging_mixin.py:188} INFO - [2024-11-14T19:46:28.789+0000] {dagbag.py:545} INFO - Filling up the DagBag from /opt/airflow/dags/dagLoanRequest.py
[2024-11-14T19:46:29.856+0000] {processor.py:840} INFO - DAG(s) 'Loan_Request_Report' retrieved from /opt/airflow/dags/dagLoanRequest.py
[2024-11-14T19:46:29.891+0000] {logging_mixin.py:188} INFO - [2024-11-14T19:46:29.891+0000] {dag.py:3089} INFO - Sync 1 DAGs
[2024-11-14T19:46:29.932+0000] {logging_mixin.py:188} INFO - [2024-11-14T19:46:29.932+0000] {dag.py:3947} INFO - Setting next_dagrun for Loan_Request_Report to 2024-11-01 00:00:00+00:00, run_after=2024-12-01 00:00:00+00:00
[2024-11-14T19:46:29.965+0000] {processor.py:183} INFO - Processing /opt/airflow/dags/dagLoanRequest.py took 1.205 seconds
[2024-11-14T19:47:00.232+0000] {processor.py:161} INFO - Started process (PID=1372) to work on /opt/airflow/dags/dagLoanRequest.py
[2024-11-14T19:47:00.235+0000] {processor.py:830} INFO - Processing file /opt/airflow/dags/dagLoanRequest.py for tasks to queue
[2024-11-14T19:47:00.237+0000] {logging_mixin.py:188} INFO - [2024-11-14T19:47:00.236+0000] {dagbag.py:545} INFO - Filling up the DagBag from /opt/airflow/dags/dagLoanRequest.py
[2024-11-14T19:47:01.311+0000] {processor.py:840} INFO - DAG(s) 'Loan_Request_Report' retrieved from /opt/airflow/dags/dagLoanRequest.py
[2024-11-14T19:47:01.356+0000] {logging_mixin.py:188} INFO - [2024-11-14T19:47:01.355+0000] {dag.py:3089} INFO - Sync 1 DAGs
[2024-11-14T19:47:01.398+0000] {logging_mixin.py:188} INFO - [2024-11-14T19:47:01.398+0000] {dag.py:3947} INFO - Setting next_dagrun for Loan_Request_Report to 2024-11-01 00:00:00+00:00, run_after=2024-12-01 00:00:00+00:00
[2024-11-14T19:47:01.440+0000] {processor.py:183} INFO - Processing /opt/airflow/dags/dagLoanRequest.py took 1.224 seconds
[2024-11-14T19:47:31.593+0000] {processor.py:161} INFO - Started process (PID=1432) to work on /opt/airflow/dags/dagLoanRequest.py
[2024-11-14T19:47:31.596+0000] {processor.py:830} INFO - Processing file /opt/airflow/dags/dagLoanRequest.py for tasks to queue
[2024-11-14T19:47:31.599+0000] {logging_mixin.py:188} INFO - [2024-11-14T19:47:31.598+0000] {dagbag.py:545} INFO - Filling up the DagBag from /opt/airflow/dags/dagLoanRequest.py
[2024-11-14T19:47:33.126+0000] {processor.py:840} INFO - DAG(s) 'Loan_Request_Report' retrieved from /opt/airflow/dags/dagLoanRequest.py
[2024-11-14T19:47:33.168+0000] {logging_mixin.py:188} INFO - [2024-11-14T19:47:33.167+0000] {dag.py:3089} INFO - Sync 1 DAGs
[2024-11-14T19:47:33.213+0000] {logging_mixin.py:188} INFO - [2024-11-14T19:47:33.213+0000] {dag.py:3947} INFO - Setting next_dagrun for Loan_Request_Report to 2024-11-01 00:00:00+00:00, run_after=2024-12-01 00:00:00+00:00
[2024-11-14T19:47:33.253+0000] {processor.py:183} INFO - Processing /opt/airflow/dags/dagLoanRequest.py took 1.678 seconds
[2024-11-14T19:48:03.727+0000] {processor.py:161} INFO - Started process (PID=1497) to work on /opt/airflow/dags/dagLoanRequest.py
[2024-11-14T19:48:03.729+0000] {processor.py:830} INFO - Processing file /opt/airflow/dags/dagLoanRequest.py for tasks to queue
[2024-11-14T19:48:03.731+0000] {logging_mixin.py:188} INFO - [2024-11-14T19:48:03.730+0000] {dagbag.py:545} INFO - Filling up the DagBag from /opt/airflow/dags/dagLoanRequest.py
[2024-11-14T19:48:04.798+0000] {processor.py:840} INFO - DAG(s) 'Loan_Request_Report' retrieved from /opt/airflow/dags/dagLoanRequest.py
[2024-11-14T19:48:04.844+0000] {logging_mixin.py:188} INFO - [2024-11-14T19:48:04.843+0000] {dag.py:3089} INFO - Sync 1 DAGs
[2024-11-14T19:48:04.935+0000] {logging_mixin.py:188} INFO - [2024-11-14T19:48:04.932+0000] {dag.py:3947} INFO - Setting next_dagrun for Loan_Request_Report to 2024-11-01 00:00:00+00:00, run_after=2024-12-01 00:00:00+00:00
[2024-11-14T19:48:05.012+0000] {processor.py:183} INFO - Processing /opt/airflow/dags/dagLoanRequest.py took 1.299 seconds
[2024-11-14T19:48:35.736+0000] {processor.py:161} INFO - Started process (PID=1557) to work on /opt/airflow/dags/dagLoanRequest.py
[2024-11-14T19:48:35.745+0000] {processor.py:830} INFO - Processing file /opt/airflow/dags/dagLoanRequest.py for tasks to queue
[2024-11-14T19:48:35.752+0000] {logging_mixin.py:188} INFO - [2024-11-14T19:48:35.749+0000] {dagbag.py:545} INFO - Filling up the DagBag from /opt/airflow/dags/dagLoanRequest.py
[2024-11-14T19:48:36.833+0000] {processor.py:840} INFO - DAG(s) 'Loan_Request_Report' retrieved from /opt/airflow/dags/dagLoanRequest.py
[2024-11-14T19:48:36.882+0000] {logging_mixin.py:188} INFO - [2024-11-14T19:48:36.881+0000] {dag.py:3089} INFO - Sync 1 DAGs
[2024-11-14T19:48:36.978+0000] {logging_mixin.py:188} INFO - [2024-11-14T19:48:36.977+0000] {dag.py:3947} INFO - Setting next_dagrun for Loan_Request_Report to 2024-11-01 00:00:00+00:00, run_after=2024-12-01 00:00:00+00:00
[2024-11-14T19:48:37.023+0000] {processor.py:183} INFO - Processing /opt/airflow/dags/dagLoanRequest.py took 1.347 seconds
[2024-11-14T19:49:07.167+0000] {processor.py:161} INFO - Started process (PID=1621) to work on /opt/airflow/dags/dagLoanRequest.py
[2024-11-14T19:49:07.169+0000] {processor.py:830} INFO - Processing file /opt/airflow/dags/dagLoanRequest.py for tasks to queue
[2024-11-14T19:49:07.171+0000] {logging_mixin.py:188} INFO - [2024-11-14T19:49:07.170+0000] {dagbag.py:545} INFO - Filling up the DagBag from /opt/airflow/dags/dagLoanRequest.py
[2024-11-14T19:49:08.268+0000] {processor.py:840} INFO - DAG(s) 'Loan_Request_Report' retrieved from /opt/airflow/dags/dagLoanRequest.py
[2024-11-14T19:49:08.310+0000] {logging_mixin.py:188} INFO - [2024-11-14T19:49:08.309+0000] {dag.py:3089} INFO - Sync 1 DAGs
[2024-11-14T19:49:08.359+0000] {logging_mixin.py:188} INFO - [2024-11-14T19:49:08.358+0000] {dag.py:3947} INFO - Setting next_dagrun for Loan_Request_Report to 2024-11-01 00:00:00+00:00, run_after=2024-12-01 00:00:00+00:00
[2024-11-14T19:49:08.400+0000] {processor.py:183} INFO - Processing /opt/airflow/dags/dagLoanRequest.py took 1.248 seconds
[2024-11-14T19:49:38.639+0000] {processor.py:161} INFO - Started process (PID=1680) to work on /opt/airflow/dags/dagLoanRequest.py
[2024-11-14T19:49:38.641+0000] {processor.py:830} INFO - Processing file /opt/airflow/dags/dagLoanRequest.py for tasks to queue
[2024-11-14T19:49:38.643+0000] {logging_mixin.py:188} INFO - [2024-11-14T19:49:38.642+0000] {dagbag.py:545} INFO - Filling up the DagBag from /opt/airflow/dags/dagLoanRequest.py
[2024-11-14T19:49:39.827+0000] {processor.py:840} INFO - DAG(s) 'Loan_Request_Report' retrieved from /opt/airflow/dags/dagLoanRequest.py
[2024-11-14T19:49:39.932+0000] {logging_mixin.py:188} INFO - [2024-11-14T19:49:39.931+0000] {dag.py:3089} INFO - Sync 1 DAGs
[2024-11-14T19:49:39.998+0000] {logging_mixin.py:188} INFO - [2024-11-14T19:49:39.997+0000] {dag.py:3947} INFO - Setting next_dagrun for Loan_Request_Report to 2024-11-01 00:00:00+00:00, run_after=2024-12-01 00:00:00+00:00
[2024-11-14T19:49:40.068+0000] {processor.py:183} INFO - Processing /opt/airflow/dags/dagLoanRequest.py took 1.442 seconds
[2024-11-14T19:50:10.488+0000] {processor.py:161} INFO - Started process (PID=1740) to work on /opt/airflow/dags/dagLoanRequest.py
[2024-11-14T19:50:10.490+0000] {processor.py:830} INFO - Processing file /opt/airflow/dags/dagLoanRequest.py for tasks to queue
[2024-11-14T19:50:10.492+0000] {logging_mixin.py:188} INFO - [2024-11-14T19:50:10.492+0000] {dagbag.py:545} INFO - Filling up the DagBag from /opt/airflow/dags/dagLoanRequest.py
[2024-11-14T19:50:11.708+0000] {processor.py:840} INFO - DAG(s) 'Loan_Request_Report' retrieved from /opt/airflow/dags/dagLoanRequest.py
[2024-11-14T19:50:11.756+0000] {logging_mixin.py:188} INFO - [2024-11-14T19:50:11.755+0000] {dag.py:3089} INFO - Sync 1 DAGs
[2024-11-14T19:50:11.813+0000] {logging_mixin.py:188} INFO - [2024-11-14T19:50:11.813+0000] {dag.py:3947} INFO - Setting next_dagrun for Loan_Request_Report to 2024-11-01 00:00:00+00:00, run_after=2024-12-01 00:00:00+00:00
[2024-11-14T19:50:11.849+0000] {processor.py:183} INFO - Processing /opt/airflow/dags/dagLoanRequest.py took 1.378 seconds
[2024-11-14T19:50:41.996+0000] {processor.py:161} INFO - Started process (PID=1806) to work on /opt/airflow/dags/dagLoanRequest.py
[2024-11-14T19:50:41.999+0000] {processor.py:830} INFO - Processing file /opt/airflow/dags/dagLoanRequest.py for tasks to queue
[2024-11-14T19:50:42.005+0000] {logging_mixin.py:188} INFO - [2024-11-14T19:50:42.003+0000] {dagbag.py:545} INFO - Filling up the DagBag from /opt/airflow/dags/dagLoanRequest.py
[2024-11-14T19:50:43.783+0000] {processor.py:840} INFO - DAG(s) 'Loan_Request_Report' retrieved from /opt/airflow/dags/dagLoanRequest.py
[2024-11-14T19:50:43.879+0000] {logging_mixin.py:188} INFO - [2024-11-14T19:50:43.878+0000] {dag.py:3089} INFO - Sync 1 DAGs
[2024-11-14T19:50:43.952+0000] {logging_mixin.py:188} INFO - [2024-11-14T19:50:43.951+0000] {dag.py:3947} INFO - Setting next_dagrun for Loan_Request_Report to 2024-11-01 00:00:00+00:00, run_after=2024-12-01 00:00:00+00:00
[2024-11-14T19:50:44.016+0000] {processor.py:183} INFO - Processing /opt/airflow/dags/dagLoanRequest.py took 2.044 seconds
[2024-11-14T19:51:14.643+0000] {processor.py:161} INFO - Started process (PID=1869) to work on /opt/airflow/dags/dagLoanRequest.py
[2024-11-14T19:51:14.645+0000] {processor.py:830} INFO - Processing file /opt/airflow/dags/dagLoanRequest.py for tasks to queue
[2024-11-14T19:51:14.647+0000] {logging_mixin.py:188} INFO - [2024-11-14T19:51:14.646+0000] {dagbag.py:545} INFO - Filling up the DagBag from /opt/airflow/dags/dagLoanRequest.py
[2024-11-14T19:51:15.341+0000] {processor.py:840} INFO - DAG(s) 'Loan_Request_Report' retrieved from /opt/airflow/dags/dagLoanRequest.py
[2024-11-14T19:51:15.385+0000] {logging_mixin.py:188} INFO - [2024-11-14T19:51:15.384+0000] {dag.py:3089} INFO - Sync 1 DAGs
[2024-11-14T19:51:15.437+0000] {logging_mixin.py:188} INFO - [2024-11-14T19:51:15.436+0000] {dag.py:3947} INFO - Setting next_dagrun for Loan_Request_Report to 2024-11-01 00:00:00+00:00, run_after=2024-12-01 00:00:00+00:00
[2024-11-14T19:51:15.483+0000] {processor.py:183} INFO - Processing /opt/airflow/dags/dagLoanRequest.py took 0.855 seconds
[2024-11-14T19:51:45.862+0000] {processor.py:161} INFO - Started process (PID=1928) to work on /opt/airflow/dags/dagLoanRequest.py
[2024-11-14T19:51:45.864+0000] {processor.py:830} INFO - Processing file /opt/airflow/dags/dagLoanRequest.py for tasks to queue
[2024-11-14T19:51:45.866+0000] {logging_mixin.py:188} INFO - [2024-11-14T19:51:45.865+0000] {dagbag.py:545} INFO - Filling up the DagBag from /opt/airflow/dags/dagLoanRequest.py
[2024-11-14T19:51:46.606+0000] {processor.py:840} INFO - DAG(s) 'Loan_Request_Report' retrieved from /opt/airflow/dags/dagLoanRequest.py
[2024-11-14T19:51:46.657+0000] {logging_mixin.py:188} INFO - [2024-11-14T19:51:46.657+0000] {dag.py:3089} INFO - Sync 1 DAGs
[2024-11-14T19:51:46.706+0000] {logging_mixin.py:188} INFO - [2024-11-14T19:51:46.706+0000] {dag.py:3947} INFO - Setting next_dagrun for Loan_Request_Report to 2024-11-01 00:00:00+00:00, run_after=2024-12-01 00:00:00+00:00
[2024-11-14T19:51:46.747+0000] {processor.py:183} INFO - Processing /opt/airflow/dags/dagLoanRequest.py took 0.901 seconds
[2024-11-14T19:52:17.055+0000] {processor.py:161} INFO - Started process (PID=1990) to work on /opt/airflow/dags/dagLoanRequest.py
[2024-11-14T19:52:17.056+0000] {processor.py:830} INFO - Processing file /opt/airflow/dags/dagLoanRequest.py for tasks to queue
[2024-11-14T19:52:17.058+0000] {logging_mixin.py:188} INFO - [2024-11-14T19:52:17.057+0000] {dagbag.py:545} INFO - Filling up the DagBag from /opt/airflow/dags/dagLoanRequest.py
[2024-11-14T19:52:17.749+0000] {processor.py:840} INFO - DAG(s) 'Loan_Request_Report' retrieved from /opt/airflow/dags/dagLoanRequest.py
[2024-11-14T19:52:17.796+0000] {logging_mixin.py:188} INFO - [2024-11-14T19:52:17.795+0000] {dag.py:3089} INFO - Sync 1 DAGs
[2024-11-14T19:52:17.852+0000] {logging_mixin.py:188} INFO - [2024-11-14T19:52:17.851+0000] {dag.py:3947} INFO - Setting next_dagrun for Loan_Request_Report to 2024-11-01 00:00:00+00:00, run_after=2024-12-01 00:00:00+00:00
[2024-11-14T19:52:17.891+0000] {processor.py:183} INFO - Processing /opt/airflow/dags/dagLoanRequest.py took 0.851 seconds
[2024-11-14T19:52:48.341+0000] {processor.py:161} INFO - Started process (PID=2051) to work on /opt/airflow/dags/dagLoanRequest.py
[2024-11-14T19:52:48.344+0000] {processor.py:830} INFO - Processing file /opt/airflow/dags/dagLoanRequest.py for tasks to queue
[2024-11-14T19:52:48.347+0000] {logging_mixin.py:188} INFO - [2024-11-14T19:52:48.346+0000] {dagbag.py:545} INFO - Filling up the DagBag from /opt/airflow/dags/dagLoanRequest.py
[2024-11-14T19:52:49.138+0000] {processor.py:840} INFO - DAG(s) 'Loan_Request_Report' retrieved from /opt/airflow/dags/dagLoanRequest.py
[2024-11-14T19:52:49.197+0000] {logging_mixin.py:188} INFO - [2024-11-14T19:52:49.195+0000] {dag.py:3089} INFO - Sync 1 DAGs
[2024-11-14T19:52:49.281+0000] {logging_mixin.py:188} INFO - [2024-11-14T19:52:49.280+0000] {dag.py:3947} INFO - Setting next_dagrun for Loan_Request_Report to 2024-11-01 00:00:00+00:00, run_after=2024-12-01 00:00:00+00:00
[2024-11-14T19:52:49.330+0000] {processor.py:183} INFO - Processing /opt/airflow/dags/dagLoanRequest.py took 1.004 seconds
[2024-11-14T19:53:19.777+0000] {processor.py:161} INFO - Started process (PID=2111) to work on /opt/airflow/dags/dagLoanRequest.py
[2024-11-14T19:53:19.781+0000] {processor.py:830} INFO - Processing file /opt/airflow/dags/dagLoanRequest.py for tasks to queue
[2024-11-14T19:53:19.784+0000] {logging_mixin.py:188} INFO - [2024-11-14T19:53:19.783+0000] {dagbag.py:545} INFO - Filling up the DagBag from /opt/airflow/dags/dagLoanRequest.py
[2024-11-14T19:53:20.444+0000] {processor.py:840} INFO - DAG(s) 'Loan_Request_Report' retrieved from /opt/airflow/dags/dagLoanRequest.py
[2024-11-14T19:53:20.483+0000] {logging_mixin.py:188} INFO - [2024-11-14T19:53:20.482+0000] {dag.py:3089} INFO - Sync 1 DAGs
[2024-11-14T19:53:20.523+0000] {logging_mixin.py:188} INFO - [2024-11-14T19:53:20.522+0000] {dag.py:3947} INFO - Setting next_dagrun for Loan_Request_Report to 2024-11-01 00:00:00+00:00, run_after=2024-12-01 00:00:00+00:00
[2024-11-14T19:53:20.568+0000] {processor.py:183} INFO - Processing /opt/airflow/dags/dagLoanRequest.py took 0.859 seconds
[2024-11-14T19:53:51.145+0000] {processor.py:161} INFO - Started process (PID=2173) to work on /opt/airflow/dags/dagLoanRequest.py
[2024-11-14T19:53:51.147+0000] {processor.py:830} INFO - Processing file /opt/airflow/dags/dagLoanRequest.py for tasks to queue
[2024-11-14T19:53:51.149+0000] {logging_mixin.py:188} INFO - [2024-11-14T19:53:51.149+0000] {dagbag.py:545} INFO - Filling up the DagBag from /opt/airflow/dags/dagLoanRequest.py
[2024-11-14T19:53:51.993+0000] {processor.py:840} INFO - DAG(s) 'Loan_Request_Report' retrieved from /opt/airflow/dags/dagLoanRequest.py
[2024-11-14T19:53:52.044+0000] {logging_mixin.py:188} INFO - [2024-11-14T19:53:52.043+0000] {dag.py:3089} INFO - Sync 1 DAGs
[2024-11-14T19:53:52.099+0000] {logging_mixin.py:188} INFO - [2024-11-14T19:53:52.099+0000] {dag.py:3947} INFO - Setting next_dagrun for Loan_Request_Report to 2024-11-01 00:00:00+00:00, run_after=2024-12-01 00:00:00+00:00
[2024-11-14T19:53:52.151+0000] {processor.py:183} INFO - Processing /opt/airflow/dags/dagLoanRequest.py took 1.023 seconds
[2024-11-14T19:54:22.215+0000] {processor.py:161} INFO - Started process (PID=2236) to work on /opt/airflow/dags/dagLoanRequest.py
[2024-11-14T19:54:22.217+0000] {processor.py:830} INFO - Processing file /opt/airflow/dags/dagLoanRequest.py for tasks to queue
[2024-11-14T19:54:22.218+0000] {logging_mixin.py:188} INFO - [2024-11-14T19:54:22.217+0000] {dagbag.py:545} INFO - Filling up the DagBag from /opt/airflow/dags/dagLoanRequest.py
[2024-11-14T19:54:22.892+0000] {processor.py:840} INFO - DAG(s) 'Loan_Request_Report' retrieved from /opt/airflow/dags/dagLoanRequest.py
[2024-11-14T19:54:22.939+0000] {logging_mixin.py:188} INFO - [2024-11-14T19:54:22.938+0000] {dag.py:3089} INFO - Sync 1 DAGs
[2024-11-14T19:54:22.982+0000] {logging_mixin.py:188} INFO - [2024-11-14T19:54:22.981+0000] {dag.py:3947} INFO - Setting next_dagrun for Loan_Request_Report to 2024-11-01 00:00:00+00:00, run_after=2024-12-01 00:00:00+00:00
[2024-11-14T19:54:23.024+0000] {processor.py:183} INFO - Processing /opt/airflow/dags/dagLoanRequest.py took 0.822 seconds
[2024-11-14T19:54:53.643+0000] {processor.py:161} INFO - Started process (PID=2296) to work on /opt/airflow/dags/dagLoanRequest.py
[2024-11-14T19:54:53.649+0000] {processor.py:830} INFO - Processing file /opt/airflow/dags/dagLoanRequest.py for tasks to queue
[2024-11-14T19:54:53.656+0000] {logging_mixin.py:188} INFO - [2024-11-14T19:54:53.653+0000] {dagbag.py:545} INFO - Filling up the DagBag from /opt/airflow/dags/dagLoanRequest.py
[2024-11-14T19:54:54.374+0000] {processor.py:840} INFO - DAG(s) 'Loan_Request_Report' retrieved from /opt/airflow/dags/dagLoanRequest.py
[2024-11-14T19:54:54.432+0000] {logging_mixin.py:188} INFO - [2024-11-14T19:54:54.431+0000] {dag.py:3089} INFO - Sync 1 DAGs
[2024-11-14T19:54:54.500+0000] {logging_mixin.py:188} INFO - [2024-11-14T19:54:54.500+0000] {dag.py:3947} INFO - Setting next_dagrun for Loan_Request_Report to 2024-11-01 00:00:00+00:00, run_after=2024-12-01 00:00:00+00:00
[2024-11-14T19:54:54.543+0000] {processor.py:183} INFO - Processing /opt/airflow/dags/dagLoanRequest.py took 0.974 seconds
[2024-11-14T19:55:24.982+0000] {processor.py:161} INFO - Started process (PID=2359) to work on /opt/airflow/dags/dagLoanRequest.py
[2024-11-14T19:55:24.984+0000] {processor.py:830} INFO - Processing file /opt/airflow/dags/dagLoanRequest.py for tasks to queue
[2024-11-14T19:55:24.985+0000] {logging_mixin.py:188} INFO - [2024-11-14T19:55:24.985+0000] {dagbag.py:545} INFO - Filling up the DagBag from /opt/airflow/dags/dagLoanRequest.py
[2024-11-14T19:55:25.770+0000] {processor.py:840} INFO - DAG(s) 'Loan_Request_Report' retrieved from /opt/airflow/dags/dagLoanRequest.py
[2024-11-14T19:55:25.824+0000] {logging_mixin.py:188} INFO - [2024-11-14T19:55:25.823+0000] {dag.py:3089} INFO - Sync 1 DAGs
[2024-11-14T19:55:25.875+0000] {logging_mixin.py:188} INFO - [2024-11-14T19:55:25.874+0000] {dag.py:3947} INFO - Setting next_dagrun for Loan_Request_Report to 2024-11-01 00:00:00+00:00, run_after=2024-12-01 00:00:00+00:00
[2024-11-14T19:55:25.914+0000] {processor.py:183} INFO - Processing /opt/airflow/dags/dagLoanRequest.py took 0.946 seconds
[2024-11-14T19:55:56.317+0000] {processor.py:161} INFO - Started process (PID=2422) to work on /opt/airflow/dags/dagLoanRequest.py
[2024-11-14T19:55:56.319+0000] {processor.py:830} INFO - Processing file /opt/airflow/dags/dagLoanRequest.py for tasks to queue
[2024-11-14T19:55:56.321+0000] {logging_mixin.py:188} INFO - [2024-11-14T19:55:56.320+0000] {dagbag.py:545} INFO - Filling up the DagBag from /opt/airflow/dags/dagLoanRequest.py
[2024-11-14T19:55:56.835+0000] {processor.py:840} INFO - DAG(s) 'Loan_Request_Report' retrieved from /opt/airflow/dags/dagLoanRequest.py
[2024-11-14T19:55:56.872+0000] {logging_mixin.py:188} INFO - [2024-11-14T19:55:56.871+0000] {dag.py:3089} INFO - Sync 1 DAGs
[2024-11-14T19:55:56.908+0000] {logging_mixin.py:188} INFO - [2024-11-14T19:55:56.908+0000] {dag.py:3947} INFO - Setting next_dagrun for Loan_Request_Report to 2024-11-01 00:00:00+00:00, run_after=2024-12-01 00:00:00+00:00
[2024-11-14T19:55:56.941+0000] {processor.py:183} INFO - Processing /opt/airflow/dags/dagLoanRequest.py took 0.639 seconds
[2024-11-14T19:56:27.039+0000] {processor.py:161} INFO - Started process (PID=2482) to work on /opt/airflow/dags/dagLoanRequest.py
[2024-11-14T19:56:27.041+0000] {processor.py:830} INFO - Processing file /opt/airflow/dags/dagLoanRequest.py for tasks to queue
[2024-11-14T19:56:27.043+0000] {logging_mixin.py:188} INFO - [2024-11-14T19:56:27.042+0000] {dagbag.py:545} INFO - Filling up the DagBag from /opt/airflow/dags/dagLoanRequest.py
[2024-11-14T19:56:27.689+0000] {processor.py:840} INFO - DAG(s) 'Loan_Request_Report' retrieved from /opt/airflow/dags/dagLoanRequest.py
[2024-11-14T19:56:27.727+0000] {logging_mixin.py:188} INFO - [2024-11-14T19:56:27.726+0000] {dag.py:3089} INFO - Sync 1 DAGs
[2024-11-14T19:56:27.764+0000] {logging_mixin.py:188} INFO - [2024-11-14T19:56:27.764+0000] {dag.py:3947} INFO - Setting next_dagrun for Loan_Request_Report to 2024-11-01 00:00:00+00:00, run_after=2024-12-01 00:00:00+00:00
[2024-11-14T19:56:27.797+0000] {processor.py:183} INFO - Processing /opt/airflow/dags/dagLoanRequest.py took 0.770 seconds
[2024-11-14T19:56:58.164+0000] {processor.py:161} INFO - Started process (PID=2542) to work on /opt/airflow/dags/dagLoanRequest.py
[2024-11-14T19:56:58.168+0000] {processor.py:830} INFO - Processing file /opt/airflow/dags/dagLoanRequest.py for tasks to queue
[2024-11-14T19:56:58.170+0000] {logging_mixin.py:188} INFO - [2024-11-14T19:56:58.169+0000] {dagbag.py:545} INFO - Filling up the DagBag from /opt/airflow/dags/dagLoanRequest.py
[2024-11-14T19:56:58.744+0000] {processor.py:840} INFO - DAG(s) 'Loan_Request_Report' retrieved from /opt/airflow/dags/dagLoanRequest.py
[2024-11-14T19:56:58.785+0000] {logging_mixin.py:188} INFO - [2024-11-14T19:56:58.785+0000] {dag.py:3089} INFO - Sync 1 DAGs
[2024-11-14T19:56:58.837+0000] {logging_mixin.py:188} INFO - [2024-11-14T19:56:58.837+0000] {dag.py:3947} INFO - Setting next_dagrun for Loan_Request_Report to 2024-11-01 00:00:00+00:00, run_after=2024-12-01 00:00:00+00:00
[2024-11-14T19:56:58.873+0000] {processor.py:183} INFO - Processing /opt/airflow/dags/dagLoanRequest.py took 0.737 seconds
[2024-11-14T19:57:29.015+0000] {processor.py:161} INFO - Started process (PID=2602) to work on /opt/airflow/dags/dagLoanRequest.py
[2024-11-14T19:57:29.017+0000] {processor.py:830} INFO - Processing file /opt/airflow/dags/dagLoanRequest.py for tasks to queue
[2024-11-14T19:57:29.018+0000] {logging_mixin.py:188} INFO - [2024-11-14T19:57:29.017+0000] {dagbag.py:545} INFO - Filling up the DagBag from /opt/airflow/dags/dagLoanRequest.py
[2024-11-14T19:57:29.619+0000] {processor.py:840} INFO - DAG(s) 'Loan_Request_Report' retrieved from /opt/airflow/dags/dagLoanRequest.py
[2024-11-14T19:57:29.657+0000] {logging_mixin.py:188} INFO - [2024-11-14T19:57:29.656+0000] {dag.py:3089} INFO - Sync 1 DAGs
[2024-11-14T19:57:29.694+0000] {logging_mixin.py:188} INFO - [2024-11-14T19:57:29.693+0000] {dag.py:3947} INFO - Setting next_dagrun for Loan_Request_Report to 2024-11-01 00:00:00+00:00, run_after=2024-12-01 00:00:00+00:00
[2024-11-14T19:57:29.732+0000] {processor.py:183} INFO - Processing /opt/airflow/dags/dagLoanRequest.py took 0.730 seconds
[2024-11-14T19:58:00.693+0000] {processor.py:161} INFO - Started process (PID=2661) to work on /opt/airflow/dags/dagLoanRequest.py
[2024-11-14T19:58:00.696+0000] {processor.py:830} INFO - Processing file /opt/airflow/dags/dagLoanRequest.py for tasks to queue
[2024-11-14T19:58:00.698+0000] {logging_mixin.py:188} INFO - [2024-11-14T19:58:00.697+0000] {dagbag.py:545} INFO - Filling up the DagBag from /opt/airflow/dags/dagLoanRequest.py
[2024-11-14T19:58:01.575+0000] {processor.py:840} INFO - DAG(s) 'Loan_Request_Report' retrieved from /opt/airflow/dags/dagLoanRequest.py
[2024-11-14T19:58:01.655+0000] {logging_mixin.py:188} INFO - [2024-11-14T19:58:01.654+0000] {dag.py:3089} INFO - Sync 1 DAGs
[2024-11-14T19:58:01.735+0000] {logging_mixin.py:188} INFO - [2024-11-14T19:58:01.734+0000] {dag.py:3947} INFO - Setting next_dagrun for Loan_Request_Report to 2024-11-01 00:00:00+00:00, run_after=2024-12-01 00:00:00+00:00
[2024-11-14T19:58:01.802+0000] {processor.py:183} INFO - Processing /opt/airflow/dags/dagLoanRequest.py took 1.124 seconds
[2024-11-14T19:58:32.089+0000] {processor.py:161} INFO - Started process (PID=2724) to work on /opt/airflow/dags/dagLoanRequest.py
[2024-11-14T19:58:32.094+0000] {processor.py:830} INFO - Processing file /opt/airflow/dags/dagLoanRequest.py for tasks to queue
[2024-11-14T19:58:32.097+0000] {logging_mixin.py:188} INFO - [2024-11-14T19:58:32.096+0000] {dagbag.py:545} INFO - Filling up the DagBag from /opt/airflow/dags/dagLoanRequest.py
[2024-11-14T19:58:32.816+0000] {processor.py:840} INFO - DAG(s) 'Loan_Request_Report' retrieved from /opt/airflow/dags/dagLoanRequest.py
[2024-11-14T19:58:32.857+0000] {logging_mixin.py:188} INFO - [2024-11-14T19:58:32.857+0000] {dag.py:3089} INFO - Sync 1 DAGs
[2024-11-14T19:58:32.896+0000] {logging_mixin.py:188} INFO - [2024-11-14T19:58:32.895+0000] {dag.py:3947} INFO - Setting next_dagrun for Loan_Request_Report to 2024-11-01 00:00:00+00:00, run_after=2024-12-01 00:00:00+00:00
[2024-11-14T19:58:32.933+0000] {processor.py:183} INFO - Processing /opt/airflow/dags/dagLoanRequest.py took 0.876 seconds
[2024-11-14T19:59:03.153+0000] {processor.py:161} INFO - Started process (PID=2786) to work on /opt/airflow/dags/dagLoanRequest.py
[2024-11-14T19:59:03.156+0000] {processor.py:830} INFO - Processing file /opt/airflow/dags/dagLoanRequest.py for tasks to queue
[2024-11-14T19:59:03.157+0000] {logging_mixin.py:188} INFO - [2024-11-14T19:59:03.157+0000] {dagbag.py:545} INFO - Filling up the DagBag from /opt/airflow/dags/dagLoanRequest.py
[2024-11-14T19:59:03.967+0000] {processor.py:840} INFO - DAG(s) 'Loan_Request_Report' retrieved from /opt/airflow/dags/dagLoanRequest.py
[2024-11-14T19:59:04.007+0000] {logging_mixin.py:188} INFO - [2024-11-14T19:59:04.006+0000] {dag.py:3089} INFO - Sync 1 DAGs
[2024-11-14T19:59:04.052+0000] {logging_mixin.py:188} INFO - [2024-11-14T19:59:04.052+0000] {dag.py:3947} INFO - Setting next_dagrun for Loan_Request_Report to 2024-11-01 00:00:00+00:00, run_after=2024-12-01 00:00:00+00:00
[2024-11-14T19:59:04.119+0000] {processor.py:183} INFO - Processing /opt/airflow/dags/dagLoanRequest.py took 0.983 seconds
[2024-11-14T19:59:35.177+0000] {processor.py:161} INFO - Started process (PID=2849) to work on /opt/airflow/dags/dagLoanRequest.py
[2024-11-14T19:59:35.179+0000] {processor.py:830} INFO - Processing file /opt/airflow/dags/dagLoanRequest.py for tasks to queue
[2024-11-14T19:59:35.182+0000] {logging_mixin.py:188} INFO - [2024-11-14T19:59:35.181+0000] {dagbag.py:545} INFO - Filling up the DagBag from /opt/airflow/dags/dagLoanRequest.py
[2024-11-14T19:59:36.540+0000] {processor.py:840} INFO - DAG(s) 'Loan_Request_Report' retrieved from /opt/airflow/dags/dagLoanRequest.py
[2024-11-14T19:59:36.658+0000] {logging_mixin.py:188} INFO - [2024-11-14T19:59:36.657+0000] {dag.py:3089} INFO - Sync 1 DAGs
[2024-11-14T19:59:36.755+0000] {logging_mixin.py:188} INFO - [2024-11-14T19:59:36.754+0000] {dag.py:3947} INFO - Setting next_dagrun for Loan_Request_Report to 2024-11-01 00:00:00+00:00, run_after=2024-12-01 00:00:00+00:00
[2024-11-14T19:59:36.869+0000] {processor.py:183} INFO - Processing /opt/airflow/dags/dagLoanRequest.py took 1.715 seconds
[2024-11-14T20:00:07.402+0000] {processor.py:161} INFO - Started process (PID=2909) to work on /opt/airflow/dags/dagLoanRequest.py
[2024-11-14T20:00:07.406+0000] {processor.py:830} INFO - Processing file /opt/airflow/dags/dagLoanRequest.py for tasks to queue
[2024-11-14T20:00:07.408+0000] {logging_mixin.py:188} INFO - [2024-11-14T20:00:07.408+0000] {dagbag.py:545} INFO - Filling up the DagBag from /opt/airflow/dags/dagLoanRequest.py
[2024-11-14T20:00:08.500+0000] {processor.py:840} INFO - DAG(s) 'Loan_Request_Report' retrieved from /opt/airflow/dags/dagLoanRequest.py
[2024-11-14T20:00:08.560+0000] {logging_mixin.py:188} INFO - [2024-11-14T20:00:08.559+0000] {dag.py:3089} INFO - Sync 1 DAGs
[2024-11-14T20:00:08.632+0000] {logging_mixin.py:188} INFO - [2024-11-14T20:00:08.631+0000] {dag.py:3947} INFO - Setting next_dagrun for Loan_Request_Report to 2024-11-01 00:00:00+00:00, run_after=2024-12-01 00:00:00+00:00
[2024-11-14T20:00:08.693+0000] {processor.py:183} INFO - Processing /opt/airflow/dags/dagLoanRequest.py took 1.312 seconds
[2024-11-14T20:00:40.173+0000] {processor.py:161} INFO - Started process (PID=2971) to work on /opt/airflow/dags/dagLoanRequest.py
[2024-11-14T20:00:40.186+0000] {processor.py:830} INFO - Processing file /opt/airflow/dags/dagLoanRequest.py for tasks to queue
[2024-11-14T20:00:40.193+0000] {logging_mixin.py:188} INFO - [2024-11-14T20:00:40.190+0000] {dagbag.py:545} INFO - Filling up the DagBag from /opt/airflow/dags/dagLoanRequest.py
[2024-11-14T20:00:46.045+0000] {processor.py:840} INFO - DAG(s) 'Loan_Request_Report' retrieved from /opt/airflow/dags/dagLoanRequest.py
[2024-11-14T20:00:46.269+0000] {logging_mixin.py:188} INFO - [2024-11-14T20:00:46.264+0000] {dag.py:3089} INFO - Sync 1 DAGs
[2024-11-14T20:00:46.499+0000] {processor.py:183} INFO - Processing /opt/airflow/dags/dagLoanRequest.py took 6.398 seconds
[2024-11-14T20:01:20.800+0000] {processor.py:161} INFO - Started process (PID=3034) to work on /opt/airflow/dags/dagLoanRequest.py
[2024-11-14T20:01:20.811+0000] {processor.py:830} INFO - Processing file /opt/airflow/dags/dagLoanRequest.py for tasks to queue
[2024-11-14T20:01:20.829+0000] {logging_mixin.py:188} INFO - [2024-11-14T20:01:20.815+0000] {dagbag.py:545} INFO - Filling up the DagBag from /opt/airflow/dags/dagLoanRequest.py
[2024-11-14T20:01:58.187+0000] {logging_mixin.py:188} INFO - [2024-11-14T20:01:57.867+0000] {timeout.py:68} ERROR - Process timed out, PID: 3034
