[2024-10-30T18:26:56.004+0000] {processor.py:161} INFO - Started process (PID=88) to work on /home/airflow/.local/lib/python3.12/site-packages/airflow/example_dags/example_short_circuit_decorator.py
[2024-10-30T18:26:56.007+0000] {processor.py:830} INFO - Processing file /home/airflow/.local/lib/python3.12/site-packages/airflow/example_dags/example_short_circuit_decorator.py for tasks to queue
[2024-10-30T18:26:56.012+0000] {logging_mixin.py:188} INFO - [2024-10-30T18:26:56.011+0000] {dagbag.py:545} INFO - Filling up the DagBag from /home/airflow/.local/lib/python3.12/site-packages/airflow/example_dags/example_short_circuit_decorator.py
[2024-10-30T18:26:56.049+0000] {processor.py:840} INFO - DAG(s) 'example_short_circuit_decorator' retrieved from /home/airflow/.local/lib/python3.12/site-packages/airflow/example_dags/example_short_circuit_decorator.py
[2024-10-30T18:26:56.529+0000] {logging_mixin.py:188} INFO - [2024-10-30T18:26:56.527+0000] {override.py:1858} INFO - Created Permission View: can read on DAG:example_short_circuit_decorator
[2024-10-30T18:26:56.637+0000] {logging_mixin.py:188} INFO - [2024-10-30T18:26:56.636+0000] {override.py:1858} INFO - Created Permission View: can edit on DAG:example_short_circuit_decorator
[2024-10-30T18:26:56.707+0000] {logging_mixin.py:188} INFO - [2024-10-30T18:26:56.707+0000] {override.py:1858} INFO - Created Permission View: can delete on DAG:example_short_circuit_decorator
[2024-10-30T18:26:56.709+0000] {logging_mixin.py:188} INFO - [2024-10-30T18:26:56.708+0000] {dag.py:3089} INFO - Sync 1 DAGs
[2024-10-30T18:26:56.859+0000] {logging_mixin.py:188} INFO - [2024-10-30T18:26:56.858+0000] {dag.py:3111} INFO - Creating ORM DAG for example_short_circuit_decorator
[2024-10-30T18:26:57.039+0000] {logging_mixin.py:188} INFO - [2024-10-30T18:26:57.029+0000] {dag.py:3947} INFO - Setting next_dagrun for example_short_circuit_decorator to 2024-10-29 00:00:00+00:00, run_after=2024-10-30 00:00:00+00:00
[2024-10-30T18:26:57.118+0000] {processor.py:183} INFO - Processing /home/airflow/.local/lib/python3.12/site-packages/airflow/example_dags/example_short_circuit_decorator.py took 1.136 seconds
[2024-10-30T18:27:44.466+0000] {processor.py:161} INFO - Started process (PID=155) to work on /home/airflow/.local/lib/python3.12/site-packages/airflow/example_dags/example_short_circuit_decorator.py
[2024-10-30T18:27:44.470+0000] {processor.py:830} INFO - Processing file /home/airflow/.local/lib/python3.12/site-packages/airflow/example_dags/example_short_circuit_decorator.py for tasks to queue
[2024-10-30T18:27:44.485+0000] {logging_mixin.py:188} INFO - [2024-10-30T18:27:44.483+0000] {dagbag.py:545} INFO - Filling up the DagBag from /home/airflow/.local/lib/python3.12/site-packages/airflow/example_dags/example_short_circuit_decorator.py
[2024-10-30T18:27:44.519+0000] {processor.py:840} INFO - DAG(s) 'example_short_circuit_decorator' retrieved from /home/airflow/.local/lib/python3.12/site-packages/airflow/example_dags/example_short_circuit_decorator.py
[2024-10-30T18:27:44.777+0000] {logging_mixin.py:188} INFO - [2024-10-30T18:27:44.776+0000] {dag.py:3089} INFO - Sync 1 DAGs
[2024-10-30T18:27:44.872+0000] {logging_mixin.py:188} INFO - [2024-10-30T18:27:44.871+0000] {dag.py:3947} INFO - Setting next_dagrun for example_short_circuit_decorator to 2024-10-29 00:00:00+00:00, run_after=2024-10-30 00:00:00+00:00
[2024-10-30T18:27:44.924+0000] {processor.py:183} INFO - Processing /home/airflow/.local/lib/python3.12/site-packages/airflow/example_dags/example_short_circuit_decorator.py took 0.500 seconds
[2024-10-30T18:28:15.620+0000] {processor.py:161} INFO - Started process (PID=214) to work on /home/airflow/.local/lib/python3.12/site-packages/airflow/example_dags/example_short_circuit_decorator.py
[2024-10-30T18:28:15.623+0000] {processor.py:830} INFO - Processing file /home/airflow/.local/lib/python3.12/site-packages/airflow/example_dags/example_short_circuit_decorator.py for tasks to queue
[2024-10-30T18:28:15.628+0000] {logging_mixin.py:188} INFO - [2024-10-30T18:28:15.627+0000] {dagbag.py:545} INFO - Filling up the DagBag from /home/airflow/.local/lib/python3.12/site-packages/airflow/example_dags/example_short_circuit_decorator.py
[2024-10-30T18:28:15.658+0000] {processor.py:840} INFO - DAG(s) 'example_short_circuit_decorator' retrieved from /home/airflow/.local/lib/python3.12/site-packages/airflow/example_dags/example_short_circuit_decorator.py
[2024-10-30T18:28:15.721+0000] {logging_mixin.py:188} INFO - [2024-10-30T18:28:15.720+0000] {dag.py:3089} INFO - Sync 1 DAGs
[2024-10-30T18:28:15.785+0000] {logging_mixin.py:188} INFO - [2024-10-30T18:28:15.784+0000] {dag.py:3947} INFO - Setting next_dagrun for example_short_circuit_decorator to 2024-10-29 00:00:00+00:00, run_after=2024-10-30 00:00:00+00:00
[2024-10-30T18:28:15.862+0000] {processor.py:183} INFO - Processing /home/airflow/.local/lib/python3.12/site-packages/airflow/example_dags/example_short_circuit_decorator.py took 0.260 seconds
[2024-10-30T18:28:46.532+0000] {processor.py:161} INFO - Started process (PID=274) to work on /home/airflow/.local/lib/python3.12/site-packages/airflow/example_dags/example_short_circuit_decorator.py
[2024-10-30T18:28:46.535+0000] {processor.py:830} INFO - Processing file /home/airflow/.local/lib/python3.12/site-packages/airflow/example_dags/example_short_circuit_decorator.py for tasks to queue
[2024-10-30T18:28:46.542+0000] {logging_mixin.py:188} INFO - [2024-10-30T18:28:46.541+0000] {dagbag.py:545} INFO - Filling up the DagBag from /home/airflow/.local/lib/python3.12/site-packages/airflow/example_dags/example_short_circuit_decorator.py
[2024-10-30T18:28:46.577+0000] {processor.py:840} INFO - DAG(s) 'example_short_circuit_decorator' retrieved from /home/airflow/.local/lib/python3.12/site-packages/airflow/example_dags/example_short_circuit_decorator.py
[2024-10-30T18:28:46.636+0000] {logging_mixin.py:188} INFO - [2024-10-30T18:28:46.635+0000] {dag.py:3089} INFO - Sync 1 DAGs
[2024-10-30T18:28:46.696+0000] {logging_mixin.py:188} INFO - [2024-10-30T18:28:46.695+0000] {dag.py:3947} INFO - Setting next_dagrun for example_short_circuit_decorator to 2024-10-29 00:00:00+00:00, run_after=2024-10-30 00:00:00+00:00
[2024-10-30T18:28:46.752+0000] {processor.py:183} INFO - Processing /home/airflow/.local/lib/python3.12/site-packages/airflow/example_dags/example_short_circuit_decorator.py took 0.251 seconds
[2024-10-30T18:29:20.099+0000] {processor.py:161} INFO - Started process (PID=334) to work on /home/airflow/.local/lib/python3.12/site-packages/airflow/example_dags/example_short_circuit_decorator.py
[2024-10-30T18:29:20.101+0000] {processor.py:830} INFO - Processing file /home/airflow/.local/lib/python3.12/site-packages/airflow/example_dags/example_short_circuit_decorator.py for tasks to queue
[2024-10-30T18:29:20.105+0000] {logging_mixin.py:188} INFO - [2024-10-30T18:29:20.104+0000] {dagbag.py:545} INFO - Filling up the DagBag from /home/airflow/.local/lib/python3.12/site-packages/airflow/example_dags/example_short_circuit_decorator.py
[2024-10-30T18:29:20.127+0000] {processor.py:840} INFO - DAG(s) 'example_short_circuit_decorator' retrieved from /home/airflow/.local/lib/python3.12/site-packages/airflow/example_dags/example_short_circuit_decorator.py
[2024-10-30T18:29:20.196+0000] {logging_mixin.py:188} INFO - [2024-10-30T18:29:20.195+0000] {dag.py:3089} INFO - Sync 1 DAGs
[2024-10-30T18:29:20.296+0000] {logging_mixin.py:188} INFO - [2024-10-30T18:29:20.295+0000] {dag.py:3947} INFO - Setting next_dagrun for example_short_circuit_decorator to 2024-10-29 00:00:00+00:00, run_after=2024-10-30 00:00:00+00:00
[2024-10-30T18:29:20.348+0000] {processor.py:183} INFO - Processing /home/airflow/.local/lib/python3.12/site-packages/airflow/example_dags/example_short_circuit_decorator.py took 0.262 seconds
[2024-10-30T18:29:51.631+0000] {processor.py:161} INFO - Started process (PID=394) to work on /home/airflow/.local/lib/python3.12/site-packages/airflow/example_dags/example_short_circuit_decorator.py
[2024-10-30T18:29:51.634+0000] {processor.py:830} INFO - Processing file /home/airflow/.local/lib/python3.12/site-packages/airflow/example_dags/example_short_circuit_decorator.py for tasks to queue
[2024-10-30T18:29:51.640+0000] {logging_mixin.py:188} INFO - [2024-10-30T18:29:51.639+0000] {dagbag.py:545} INFO - Filling up the DagBag from /home/airflow/.local/lib/python3.12/site-packages/airflow/example_dags/example_short_circuit_decorator.py
[2024-10-30T18:29:51.675+0000] {processor.py:840} INFO - DAG(s) 'example_short_circuit_decorator' retrieved from /home/airflow/.local/lib/python3.12/site-packages/airflow/example_dags/example_short_circuit_decorator.py
[2024-10-30T18:29:51.770+0000] {logging_mixin.py:188} INFO - [2024-10-30T18:29:51.770+0000] {dag.py:3089} INFO - Sync 1 DAGs
[2024-10-30T18:29:51.851+0000] {logging_mixin.py:188} INFO - [2024-10-30T18:29:51.851+0000] {dag.py:3947} INFO - Setting next_dagrun for example_short_circuit_decorator to 2024-10-29 00:00:00+00:00, run_after=2024-10-30 00:00:00+00:00
[2024-10-30T18:29:51.921+0000] {processor.py:183} INFO - Processing /home/airflow/.local/lib/python3.12/site-packages/airflow/example_dags/example_short_circuit_decorator.py took 0.310 seconds
[2024-10-30T18:30:22.859+0000] {processor.py:161} INFO - Started process (PID=453) to work on /home/airflow/.local/lib/python3.12/site-packages/airflow/example_dags/example_short_circuit_decorator.py
[2024-10-30T18:30:22.862+0000] {processor.py:830} INFO - Processing file /home/airflow/.local/lib/python3.12/site-packages/airflow/example_dags/example_short_circuit_decorator.py for tasks to queue
[2024-10-30T18:30:22.867+0000] {logging_mixin.py:188} INFO - [2024-10-30T18:30:22.866+0000] {dagbag.py:545} INFO - Filling up the DagBag from /home/airflow/.local/lib/python3.12/site-packages/airflow/example_dags/example_short_circuit_decorator.py
[2024-10-30T18:30:22.902+0000] {processor.py:840} INFO - DAG(s) 'example_short_circuit_decorator' retrieved from /home/airflow/.local/lib/python3.12/site-packages/airflow/example_dags/example_short_circuit_decorator.py
[2024-10-30T18:30:22.967+0000] {logging_mixin.py:188} INFO - [2024-10-30T18:30:22.966+0000] {dag.py:3089} INFO - Sync 1 DAGs
[2024-10-30T18:30:23.041+0000] {logging_mixin.py:188} INFO - [2024-10-30T18:30:23.040+0000] {dag.py:3947} INFO - Setting next_dagrun for example_short_circuit_decorator to 2024-10-29 00:00:00+00:00, run_after=2024-10-30 00:00:00+00:00
[2024-10-30T18:30:23.109+0000] {processor.py:183} INFO - Processing /home/airflow/.local/lib/python3.12/site-packages/airflow/example_dags/example_short_circuit_decorator.py took 0.269 seconds
[2024-10-30T18:30:56.420+0000] {processor.py:161} INFO - Started process (PID=512) to work on /home/airflow/.local/lib/python3.12/site-packages/airflow/example_dags/example_short_circuit_decorator.py
[2024-10-30T18:30:56.422+0000] {processor.py:830} INFO - Processing file /home/airflow/.local/lib/python3.12/site-packages/airflow/example_dags/example_short_circuit_decorator.py for tasks to queue
[2024-10-30T18:30:56.427+0000] {logging_mixin.py:188} INFO - [2024-10-30T18:30:56.427+0000] {dagbag.py:545} INFO - Filling up the DagBag from /home/airflow/.local/lib/python3.12/site-packages/airflow/example_dags/example_short_circuit_decorator.py
[2024-10-30T18:30:56.451+0000] {processor.py:840} INFO - DAG(s) 'example_short_circuit_decorator' retrieved from /home/airflow/.local/lib/python3.12/site-packages/airflow/example_dags/example_short_circuit_decorator.py
[2024-10-30T18:30:56.540+0000] {logging_mixin.py:188} INFO - [2024-10-30T18:30:56.540+0000] {dag.py:3089} INFO - Sync 1 DAGs
[2024-10-30T18:30:56.610+0000] {logging_mixin.py:188} INFO - [2024-10-30T18:30:56.609+0000] {dag.py:3947} INFO - Setting next_dagrun for example_short_circuit_decorator to 2024-10-29 00:00:00+00:00, run_after=2024-10-30 00:00:00+00:00
[2024-10-30T18:30:56.672+0000] {processor.py:183} INFO - Processing /home/airflow/.local/lib/python3.12/site-packages/airflow/example_dags/example_short_circuit_decorator.py took 0.269 seconds
[2024-10-30T18:31:28.961+0000] {processor.py:161} INFO - Started process (PID=572) to work on /home/airflow/.local/lib/python3.12/site-packages/airflow/example_dags/example_short_circuit_decorator.py
[2024-10-30T18:31:28.963+0000] {processor.py:830} INFO - Processing file /home/airflow/.local/lib/python3.12/site-packages/airflow/example_dags/example_short_circuit_decorator.py for tasks to queue
[2024-10-30T18:31:28.968+0000] {logging_mixin.py:188} INFO - [2024-10-30T18:31:28.967+0000] {dagbag.py:545} INFO - Filling up the DagBag from /home/airflow/.local/lib/python3.12/site-packages/airflow/example_dags/example_short_circuit_decorator.py
[2024-10-30T18:31:28.995+0000] {processor.py:840} INFO - DAG(s) 'example_short_circuit_decorator' retrieved from /home/airflow/.local/lib/python3.12/site-packages/airflow/example_dags/example_short_circuit_decorator.py
[2024-10-30T18:31:29.055+0000] {logging_mixin.py:188} INFO - [2024-10-30T18:31:29.054+0000] {dag.py:3089} INFO - Sync 1 DAGs
[2024-10-30T18:31:29.114+0000] {logging_mixin.py:188} INFO - [2024-10-30T18:31:29.113+0000] {dag.py:3947} INFO - Setting next_dagrun for example_short_circuit_decorator to 2024-10-29 00:00:00+00:00, run_after=2024-10-30 00:00:00+00:00
[2024-10-30T18:31:29.163+0000] {processor.py:183} INFO - Processing /home/airflow/.local/lib/python3.12/site-packages/airflow/example_dags/example_short_circuit_decorator.py took 0.216 seconds
[2024-10-30T18:32:00.490+0000] {processor.py:161} INFO - Started process (PID=632) to work on /home/airflow/.local/lib/python3.12/site-packages/airflow/example_dags/example_short_circuit_decorator.py
[2024-10-30T18:32:00.493+0000] {processor.py:830} INFO - Processing file /home/airflow/.local/lib/python3.12/site-packages/airflow/example_dags/example_short_circuit_decorator.py for tasks to queue
[2024-10-30T18:32:00.499+0000] {logging_mixin.py:188} INFO - [2024-10-30T18:32:00.498+0000] {dagbag.py:545} INFO - Filling up the DagBag from /home/airflow/.local/lib/python3.12/site-packages/airflow/example_dags/example_short_circuit_decorator.py
[2024-10-30T18:32:00.524+0000] {processor.py:840} INFO - DAG(s) 'example_short_circuit_decorator' retrieved from /home/airflow/.local/lib/python3.12/site-packages/airflow/example_dags/example_short_circuit_decorator.py
[2024-10-30T18:32:00.590+0000] {logging_mixin.py:188} INFO - [2024-10-30T18:32:00.590+0000] {dag.py:3089} INFO - Sync 1 DAGs
[2024-10-30T18:32:00.668+0000] {logging_mixin.py:188} INFO - [2024-10-30T18:32:00.668+0000] {dag.py:3947} INFO - Setting next_dagrun for example_short_circuit_decorator to 2024-10-29 00:00:00+00:00, run_after=2024-10-30 00:00:00+00:00
[2024-10-30T18:32:00.730+0000] {processor.py:183} INFO - Processing /home/airflow/.local/lib/python3.12/site-packages/airflow/example_dags/example_short_circuit_decorator.py took 0.278 seconds
[2024-10-30T18:32:31.884+0000] {processor.py:161} INFO - Started process (PID=690) to work on /home/airflow/.local/lib/python3.12/site-packages/airflow/example_dags/example_short_circuit_decorator.py
[2024-10-30T18:32:31.895+0000] {processor.py:830} INFO - Processing file /home/airflow/.local/lib/python3.12/site-packages/airflow/example_dags/example_short_circuit_decorator.py for tasks to queue
[2024-10-30T18:32:31.905+0000] {logging_mixin.py:188} INFO - [2024-10-30T18:32:31.904+0000] {dagbag.py:545} INFO - Filling up the DagBag from /home/airflow/.local/lib/python3.12/site-packages/airflow/example_dags/example_short_circuit_decorator.py
[2024-10-30T18:32:31.938+0000] {processor.py:840} INFO - DAG(s) 'example_short_circuit_decorator' retrieved from /home/airflow/.local/lib/python3.12/site-packages/airflow/example_dags/example_short_circuit_decorator.py
[2024-10-30T18:32:32.027+0000] {logging_mixin.py:188} INFO - [2024-10-30T18:32:32.027+0000] {dag.py:3089} INFO - Sync 1 DAGs
[2024-10-30T18:32:32.126+0000] {logging_mixin.py:188} INFO - [2024-10-30T18:32:32.125+0000] {dag.py:3947} INFO - Setting next_dagrun for example_short_circuit_decorator to 2024-10-29 00:00:00+00:00, run_after=2024-10-30 00:00:00+00:00
[2024-10-30T18:32:32.245+0000] {processor.py:183} INFO - Processing /home/airflow/.local/lib/python3.12/site-packages/airflow/example_dags/example_short_circuit_decorator.py took 0.395 seconds
[2024-10-30T18:33:02.887+0000] {processor.py:161} INFO - Started process (PID=750) to work on /home/airflow/.local/lib/python3.12/site-packages/airflow/example_dags/example_short_circuit_decorator.py
[2024-10-30T18:33:02.890+0000] {processor.py:830} INFO - Processing file /home/airflow/.local/lib/python3.12/site-packages/airflow/example_dags/example_short_circuit_decorator.py for tasks to queue
[2024-10-30T18:33:02.896+0000] {logging_mixin.py:188} INFO - [2024-10-30T18:33:02.895+0000] {dagbag.py:545} INFO - Filling up the DagBag from /home/airflow/.local/lib/python3.12/site-packages/airflow/example_dags/example_short_circuit_decorator.py
[2024-10-30T18:33:02.924+0000] {processor.py:840} INFO - DAG(s) 'example_short_circuit_decorator' retrieved from /home/airflow/.local/lib/python3.12/site-packages/airflow/example_dags/example_short_circuit_decorator.py
[2024-10-30T18:33:03.006+0000] {logging_mixin.py:188} INFO - [2024-10-30T18:33:03.005+0000] {dag.py:3089} INFO - Sync 1 DAGs
[2024-10-30T18:33:03.063+0000] {logging_mixin.py:188} INFO - [2024-10-30T18:33:03.063+0000] {dag.py:3947} INFO - Setting next_dagrun for example_short_circuit_decorator to 2024-10-29 00:00:00+00:00, run_after=2024-10-30 00:00:00+00:00
[2024-10-30T18:33:03.110+0000] {processor.py:183} INFO - Processing /home/airflow/.local/lib/python3.12/site-packages/airflow/example_dags/example_short_circuit_decorator.py took 0.247 seconds
[2024-10-30T18:33:34.714+0000] {processor.py:161} INFO - Started process (PID=810) to work on /home/airflow/.local/lib/python3.12/site-packages/airflow/example_dags/example_short_circuit_decorator.py
[2024-10-30T18:33:34.716+0000] {processor.py:830} INFO - Processing file /home/airflow/.local/lib/python3.12/site-packages/airflow/example_dags/example_short_circuit_decorator.py for tasks to queue
[2024-10-30T18:33:34.720+0000] {logging_mixin.py:188} INFO - [2024-10-30T18:33:34.720+0000] {dagbag.py:545} INFO - Filling up the DagBag from /home/airflow/.local/lib/python3.12/site-packages/airflow/example_dags/example_short_circuit_decorator.py
[2024-10-30T18:33:34.741+0000] {processor.py:840} INFO - DAG(s) 'example_short_circuit_decorator' retrieved from /home/airflow/.local/lib/python3.12/site-packages/airflow/example_dags/example_short_circuit_decorator.py
[2024-10-30T18:33:34.796+0000] {logging_mixin.py:188} INFO - [2024-10-30T18:33:34.796+0000] {dag.py:3089} INFO - Sync 1 DAGs
[2024-10-30T18:33:34.862+0000] {logging_mixin.py:188} INFO - [2024-10-30T18:33:34.861+0000] {dag.py:3947} INFO - Setting next_dagrun for example_short_circuit_decorator to 2024-10-29 00:00:00+00:00, run_after=2024-10-30 00:00:00+00:00
[2024-10-30T18:33:34.902+0000] {processor.py:183} INFO - Processing /home/airflow/.local/lib/python3.12/site-packages/airflow/example_dags/example_short_circuit_decorator.py took 0.206 seconds
[2024-10-30T18:34:05.751+0000] {processor.py:161} INFO - Started process (PID=871) to work on /home/airflow/.local/lib/python3.12/site-packages/airflow/example_dags/example_short_circuit_decorator.py
[2024-10-30T18:34:05.753+0000] {processor.py:830} INFO - Processing file /home/airflow/.local/lib/python3.12/site-packages/airflow/example_dags/example_short_circuit_decorator.py for tasks to queue
[2024-10-30T18:34:05.757+0000] {logging_mixin.py:188} INFO - [2024-10-30T18:34:05.757+0000] {dagbag.py:545} INFO - Filling up the DagBag from /home/airflow/.local/lib/python3.12/site-packages/airflow/example_dags/example_short_circuit_decorator.py
[2024-10-30T18:34:05.777+0000] {processor.py:840} INFO - DAG(s) 'example_short_circuit_decorator' retrieved from /home/airflow/.local/lib/python3.12/site-packages/airflow/example_dags/example_short_circuit_decorator.py
[2024-10-30T18:34:05.825+0000] {logging_mixin.py:188} INFO - [2024-10-30T18:34:05.824+0000] {dag.py:3089} INFO - Sync 1 DAGs
[2024-10-30T18:34:05.870+0000] {logging_mixin.py:188} INFO - [2024-10-30T18:34:05.870+0000] {dag.py:3947} INFO - Setting next_dagrun for example_short_circuit_decorator to 2024-10-29 00:00:00+00:00, run_after=2024-10-30 00:00:00+00:00
[2024-10-30T18:34:05.914+0000] {processor.py:183} INFO - Processing /home/airflow/.local/lib/python3.12/site-packages/airflow/example_dags/example_short_circuit_decorator.py took 0.184 seconds
[2024-10-30T18:34:37.130+0000] {processor.py:161} INFO - Started process (PID=931) to work on /home/airflow/.local/lib/python3.12/site-packages/airflow/example_dags/example_short_circuit_decorator.py
[2024-10-30T18:34:37.146+0000] {processor.py:830} INFO - Processing file /home/airflow/.local/lib/python3.12/site-packages/airflow/example_dags/example_short_circuit_decorator.py for tasks to queue
[2024-10-30T18:34:37.161+0000] {logging_mixin.py:188} INFO - [2024-10-30T18:34:37.160+0000] {dagbag.py:545} INFO - Filling up the DagBag from /home/airflow/.local/lib/python3.12/site-packages/airflow/example_dags/example_short_circuit_decorator.py
[2024-10-30T18:34:37.188+0000] {processor.py:840} INFO - DAG(s) 'example_short_circuit_decorator' retrieved from /home/airflow/.local/lib/python3.12/site-packages/airflow/example_dags/example_short_circuit_decorator.py
[2024-10-30T18:34:37.300+0000] {logging_mixin.py:188} INFO - [2024-10-30T18:34:37.300+0000] {dag.py:3089} INFO - Sync 1 DAGs
[2024-10-30T18:34:37.398+0000] {logging_mixin.py:188} INFO - [2024-10-30T18:34:37.397+0000] {dag.py:3947} INFO - Setting next_dagrun for example_short_circuit_decorator to 2024-10-29 00:00:00+00:00, run_after=2024-10-30 00:00:00+00:00
[2024-10-30T18:34:37.454+0000] {processor.py:183} INFO - Processing /home/airflow/.local/lib/python3.12/site-packages/airflow/example_dags/example_short_circuit_decorator.py took 0.343 seconds
[2024-10-30T18:35:07.857+0000] {processor.py:161} INFO - Started process (PID=991) to work on /home/airflow/.local/lib/python3.12/site-packages/airflow/example_dags/example_short_circuit_decorator.py
[2024-10-30T18:35:07.859+0000] {processor.py:830} INFO - Processing file /home/airflow/.local/lib/python3.12/site-packages/airflow/example_dags/example_short_circuit_decorator.py for tasks to queue
[2024-10-30T18:35:07.866+0000] {logging_mixin.py:188} INFO - [2024-10-30T18:35:07.864+0000] {dagbag.py:545} INFO - Filling up the DagBag from /home/airflow/.local/lib/python3.12/site-packages/airflow/example_dags/example_short_circuit_decorator.py
[2024-10-30T18:35:07.906+0000] {processor.py:840} INFO - DAG(s) 'example_short_circuit_decorator' retrieved from /home/airflow/.local/lib/python3.12/site-packages/airflow/example_dags/example_short_circuit_decorator.py
[2024-10-30T18:35:08.028+0000] {logging_mixin.py:188} INFO - [2024-10-30T18:35:08.027+0000] {dag.py:3089} INFO - Sync 1 DAGs
[2024-10-30T18:35:08.102+0000] {logging_mixin.py:188} INFO - [2024-10-30T18:35:08.099+0000] {dag.py:3947} INFO - Setting next_dagrun for example_short_circuit_decorator to 2024-10-29 00:00:00+00:00, run_after=2024-10-30 00:00:00+00:00
[2024-10-30T18:35:08.177+0000] {processor.py:183} INFO - Processing /home/airflow/.local/lib/python3.12/site-packages/airflow/example_dags/example_short_circuit_decorator.py took 0.340 seconds
[2024-10-30T18:35:38.410+0000] {processor.py:161} INFO - Started process (PID=1049) to work on /home/airflow/.local/lib/python3.12/site-packages/airflow/example_dags/example_short_circuit_decorator.py
[2024-10-30T18:35:38.412+0000] {processor.py:830} INFO - Processing file /home/airflow/.local/lib/python3.12/site-packages/airflow/example_dags/example_short_circuit_decorator.py for tasks to queue
[2024-10-30T18:35:38.420+0000] {logging_mixin.py:188} INFO - [2024-10-30T18:35:38.418+0000] {dagbag.py:545} INFO - Filling up the DagBag from /home/airflow/.local/lib/python3.12/site-packages/airflow/example_dags/example_short_circuit_decorator.py
[2024-10-30T18:35:38.455+0000] {processor.py:840} INFO - DAG(s) 'example_short_circuit_decorator' retrieved from /home/airflow/.local/lib/python3.12/site-packages/airflow/example_dags/example_short_circuit_decorator.py
[2024-10-30T18:35:38.556+0000] {logging_mixin.py:188} INFO - [2024-10-30T18:35:38.555+0000] {dag.py:3089} INFO - Sync 1 DAGs
[2024-10-30T18:35:38.635+0000] {logging_mixin.py:188} INFO - [2024-10-30T18:35:38.635+0000] {dag.py:3947} INFO - Setting next_dagrun for example_short_circuit_decorator to 2024-10-29 00:00:00+00:00, run_after=2024-10-30 00:00:00+00:00
[2024-10-30T18:35:38.697+0000] {processor.py:183} INFO - Processing /home/airflow/.local/lib/python3.12/site-packages/airflow/example_dags/example_short_circuit_decorator.py took 0.315 seconds
[2024-10-30T18:36:09.194+0000] {processor.py:161} INFO - Started process (PID=1109) to work on /home/airflow/.local/lib/python3.12/site-packages/airflow/example_dags/example_short_circuit_decorator.py
[2024-10-30T18:36:09.198+0000] {processor.py:830} INFO - Processing file /home/airflow/.local/lib/python3.12/site-packages/airflow/example_dags/example_short_circuit_decorator.py for tasks to queue
[2024-10-30T18:36:09.202+0000] {logging_mixin.py:188} INFO - [2024-10-30T18:36:09.202+0000] {dagbag.py:545} INFO - Filling up the DagBag from /home/airflow/.local/lib/python3.12/site-packages/airflow/example_dags/example_short_circuit_decorator.py
[2024-10-30T18:36:09.224+0000] {processor.py:840} INFO - DAG(s) 'example_short_circuit_decorator' retrieved from /home/airflow/.local/lib/python3.12/site-packages/airflow/example_dags/example_short_circuit_decorator.py
[2024-10-30T18:36:09.298+0000] {logging_mixin.py:188} INFO - [2024-10-30T18:36:09.298+0000] {dag.py:3089} INFO - Sync 1 DAGs
[2024-10-30T18:36:09.356+0000] {logging_mixin.py:188} INFO - [2024-10-30T18:36:09.356+0000] {dag.py:3947} INFO - Setting next_dagrun for example_short_circuit_decorator to 2024-10-29 00:00:00+00:00, run_after=2024-10-30 00:00:00+00:00
[2024-10-30T18:36:09.407+0000] {processor.py:183} INFO - Processing /home/airflow/.local/lib/python3.12/site-packages/airflow/example_dags/example_short_circuit_decorator.py took 0.227 seconds
[2024-10-30T18:36:39.807+0000] {processor.py:161} INFO - Started process (PID=1168) to work on /home/airflow/.local/lib/python3.12/site-packages/airflow/example_dags/example_short_circuit_decorator.py
[2024-10-30T18:36:39.810+0000] {processor.py:830} INFO - Processing file /home/airflow/.local/lib/python3.12/site-packages/airflow/example_dags/example_short_circuit_decorator.py for tasks to queue
[2024-10-30T18:36:39.825+0000] {logging_mixin.py:188} INFO - [2024-10-30T18:36:39.824+0000] {dagbag.py:545} INFO - Filling up the DagBag from /home/airflow/.local/lib/python3.12/site-packages/airflow/example_dags/example_short_circuit_decorator.py
[2024-10-30T18:36:39.881+0000] {processor.py:840} INFO - DAG(s) 'example_short_circuit_decorator' retrieved from /home/airflow/.local/lib/python3.12/site-packages/airflow/example_dags/example_short_circuit_decorator.py
[2024-10-30T18:36:39.995+0000] {logging_mixin.py:188} INFO - [2024-10-30T18:36:39.994+0000] {dag.py:3089} INFO - Sync 1 DAGs
[2024-10-30T18:36:40.068+0000] {logging_mixin.py:188} INFO - [2024-10-30T18:36:40.068+0000] {dag.py:3947} INFO - Setting next_dagrun for example_short_circuit_decorator to 2024-10-29 00:00:00+00:00, run_after=2024-10-30 00:00:00+00:00
[2024-10-30T18:36:40.114+0000] {processor.py:183} INFO - Processing /home/airflow/.local/lib/python3.12/site-packages/airflow/example_dags/example_short_circuit_decorator.py took 0.346 seconds
[2024-10-30T18:37:10.293+0000] {processor.py:161} INFO - Started process (PID=1228) to work on /home/airflow/.local/lib/python3.12/site-packages/airflow/example_dags/example_short_circuit_decorator.py
[2024-10-30T18:37:10.296+0000] {processor.py:830} INFO - Processing file /home/airflow/.local/lib/python3.12/site-packages/airflow/example_dags/example_short_circuit_decorator.py for tasks to queue
[2024-10-30T18:37:10.301+0000] {logging_mixin.py:188} INFO - [2024-10-30T18:37:10.300+0000] {dagbag.py:545} INFO - Filling up the DagBag from /home/airflow/.local/lib/python3.12/site-packages/airflow/example_dags/example_short_circuit_decorator.py
[2024-10-30T18:37:10.328+0000] {processor.py:840} INFO - DAG(s) 'example_short_circuit_decorator' retrieved from /home/airflow/.local/lib/python3.12/site-packages/airflow/example_dags/example_short_circuit_decorator.py
[2024-10-30T18:37:10.399+0000] {logging_mixin.py:188} INFO - [2024-10-30T18:37:10.398+0000] {dag.py:3089} INFO - Sync 1 DAGs
[2024-10-30T18:37:10.475+0000] {logging_mixin.py:188} INFO - [2024-10-30T18:37:10.474+0000] {dag.py:3947} INFO - Setting next_dagrun for example_short_circuit_decorator to 2024-10-29 00:00:00+00:00, run_after=2024-10-30 00:00:00+00:00
[2024-10-30T18:37:10.535+0000] {processor.py:183} INFO - Processing /home/airflow/.local/lib/python3.12/site-packages/airflow/example_dags/example_short_circuit_decorator.py took 0.258 seconds
[2024-10-30T18:37:41.212+0000] {processor.py:161} INFO - Started process (PID=1287) to work on /home/airflow/.local/lib/python3.12/site-packages/airflow/example_dags/example_short_circuit_decorator.py
[2024-10-30T18:37:41.214+0000] {processor.py:830} INFO - Processing file /home/airflow/.local/lib/python3.12/site-packages/airflow/example_dags/example_short_circuit_decorator.py for tasks to queue
[2024-10-30T18:37:41.219+0000] {logging_mixin.py:188} INFO - [2024-10-30T18:37:41.218+0000] {dagbag.py:545} INFO - Filling up the DagBag from /home/airflow/.local/lib/python3.12/site-packages/airflow/example_dags/example_short_circuit_decorator.py
[2024-10-30T18:37:41.247+0000] {processor.py:840} INFO - DAG(s) 'example_short_circuit_decorator' retrieved from /home/airflow/.local/lib/python3.12/site-packages/airflow/example_dags/example_short_circuit_decorator.py
[2024-10-30T18:37:41.310+0000] {logging_mixin.py:188} INFO - [2024-10-30T18:37:41.309+0000] {dag.py:3089} INFO - Sync 1 DAGs
[2024-10-30T18:37:41.364+0000] {logging_mixin.py:188} INFO - [2024-10-30T18:37:41.364+0000] {dag.py:3947} INFO - Setting next_dagrun for example_short_circuit_decorator to 2024-10-29 00:00:00+00:00, run_after=2024-10-30 00:00:00+00:00
[2024-10-30T18:37:41.417+0000] {processor.py:183} INFO - Processing /home/airflow/.local/lib/python3.12/site-packages/airflow/example_dags/example_short_circuit_decorator.py took 0.225 seconds
[2024-10-30T18:38:11.752+0000] {processor.py:161} INFO - Started process (PID=1348) to work on /home/airflow/.local/lib/python3.12/site-packages/airflow/example_dags/example_short_circuit_decorator.py
[2024-10-30T18:38:11.755+0000] {processor.py:830} INFO - Processing file /home/airflow/.local/lib/python3.12/site-packages/airflow/example_dags/example_short_circuit_decorator.py for tasks to queue
[2024-10-30T18:38:11.762+0000] {logging_mixin.py:188} INFO - [2024-10-30T18:38:11.760+0000] {dagbag.py:545} INFO - Filling up the DagBag from /home/airflow/.local/lib/python3.12/site-packages/airflow/example_dags/example_short_circuit_decorator.py
[2024-10-30T18:38:11.790+0000] {processor.py:840} INFO - DAG(s) 'example_short_circuit_decorator' retrieved from /home/airflow/.local/lib/python3.12/site-packages/airflow/example_dags/example_short_circuit_decorator.py
[2024-10-30T18:38:11.890+0000] {logging_mixin.py:188} INFO - [2024-10-30T18:38:11.890+0000] {dag.py:3089} INFO - Sync 1 DAGs
[2024-10-30T18:38:11.970+0000] {logging_mixin.py:188} INFO - [2024-10-30T18:38:11.969+0000] {dag.py:3947} INFO - Setting next_dagrun for example_short_circuit_decorator to 2024-10-29 00:00:00+00:00, run_after=2024-10-30 00:00:00+00:00
[2024-10-30T18:38:12.047+0000] {processor.py:183} INFO - Processing /home/airflow/.local/lib/python3.12/site-packages/airflow/example_dags/example_short_circuit_decorator.py took 0.331 seconds
[2024-10-30T18:38:43.019+0000] {processor.py:161} INFO - Started process (PID=1407) to work on /home/airflow/.local/lib/python3.12/site-packages/airflow/example_dags/example_short_circuit_decorator.py
[2024-10-30T18:38:43.023+0000] {processor.py:830} INFO - Processing file /home/airflow/.local/lib/python3.12/site-packages/airflow/example_dags/example_short_circuit_decorator.py for tasks to queue
[2024-10-30T18:38:43.028+0000] {logging_mixin.py:188} INFO - [2024-10-30T18:38:43.028+0000] {dagbag.py:545} INFO - Filling up the DagBag from /home/airflow/.local/lib/python3.12/site-packages/airflow/example_dags/example_short_circuit_decorator.py
[2024-10-30T18:38:43.058+0000] {processor.py:840} INFO - DAG(s) 'example_short_circuit_decorator' retrieved from /home/airflow/.local/lib/python3.12/site-packages/airflow/example_dags/example_short_circuit_decorator.py
[2024-10-30T18:38:43.147+0000] {logging_mixin.py:188} INFO - [2024-10-30T18:38:43.146+0000] {dag.py:3089} INFO - Sync 1 DAGs
[2024-10-30T18:38:43.216+0000] {logging_mixin.py:188} INFO - [2024-10-30T18:38:43.215+0000] {dag.py:3947} INFO - Setting next_dagrun for example_short_circuit_decorator to 2024-10-29 00:00:00+00:00, run_after=2024-10-30 00:00:00+00:00
[2024-10-30T18:38:43.279+0000] {processor.py:183} INFO - Processing /home/airflow/.local/lib/python3.12/site-packages/airflow/example_dags/example_short_circuit_decorator.py took 0.288 seconds
[2024-10-30T18:39:13.943+0000] {processor.py:161} INFO - Started process (PID=1467) to work on /home/airflow/.local/lib/python3.12/site-packages/airflow/example_dags/example_short_circuit_decorator.py
[2024-10-30T18:39:13.945+0000] {processor.py:830} INFO - Processing file /home/airflow/.local/lib/python3.12/site-packages/airflow/example_dags/example_short_circuit_decorator.py for tasks to queue
[2024-10-30T18:39:13.952+0000] {logging_mixin.py:188} INFO - [2024-10-30T18:39:13.951+0000] {dagbag.py:545} INFO - Filling up the DagBag from /home/airflow/.local/lib/python3.12/site-packages/airflow/example_dags/example_short_circuit_decorator.py
[2024-10-30T18:39:13.978+0000] {processor.py:840} INFO - DAG(s) 'example_short_circuit_decorator' retrieved from /home/airflow/.local/lib/python3.12/site-packages/airflow/example_dags/example_short_circuit_decorator.py
[2024-10-30T18:39:14.052+0000] {logging_mixin.py:188} INFO - [2024-10-30T18:39:14.051+0000] {dag.py:3089} INFO - Sync 1 DAGs
[2024-10-30T18:39:14.118+0000] {logging_mixin.py:188} INFO - [2024-10-30T18:39:14.117+0000] {dag.py:3947} INFO - Setting next_dagrun for example_short_circuit_decorator to 2024-10-29 00:00:00+00:00, run_after=2024-10-30 00:00:00+00:00
[2024-10-30T18:39:14.170+0000] {processor.py:183} INFO - Processing /home/airflow/.local/lib/python3.12/site-packages/airflow/example_dags/example_short_circuit_decorator.py took 0.244 seconds
[2024-10-30T18:39:45.520+0000] {processor.py:161} INFO - Started process (PID=1527) to work on /home/airflow/.local/lib/python3.12/site-packages/airflow/example_dags/example_short_circuit_decorator.py
[2024-10-30T18:39:45.522+0000] {processor.py:830} INFO - Processing file /home/airflow/.local/lib/python3.12/site-packages/airflow/example_dags/example_short_circuit_decorator.py for tasks to queue
[2024-10-30T18:39:45.528+0000] {logging_mixin.py:188} INFO - [2024-10-30T18:39:45.527+0000] {dagbag.py:545} INFO - Filling up the DagBag from /home/airflow/.local/lib/python3.12/site-packages/airflow/example_dags/example_short_circuit_decorator.py
[2024-10-30T18:39:45.559+0000] {processor.py:840} INFO - DAG(s) 'example_short_circuit_decorator' retrieved from /home/airflow/.local/lib/python3.12/site-packages/airflow/example_dags/example_short_circuit_decorator.py
[2024-10-30T18:39:45.647+0000] {logging_mixin.py:188} INFO - [2024-10-30T18:39:45.646+0000] {dag.py:3089} INFO - Sync 1 DAGs
[2024-10-30T18:39:45.738+0000] {logging_mixin.py:188} INFO - [2024-10-30T18:39:45.736+0000] {dag.py:3947} INFO - Setting next_dagrun for example_short_circuit_decorator to 2024-10-29 00:00:00+00:00, run_after=2024-10-30 00:00:00+00:00
[2024-10-30T18:39:45.865+0000] {processor.py:183} INFO - Processing /home/airflow/.local/lib/python3.12/site-packages/airflow/example_dags/example_short_circuit_decorator.py took 0.363 seconds
[2024-10-30T18:40:16.374+0000] {processor.py:161} INFO - Started process (PID=1591) to work on /home/airflow/.local/lib/python3.12/site-packages/airflow/example_dags/example_short_circuit_decorator.py
[2024-10-30T18:40:16.376+0000] {processor.py:830} INFO - Processing file /home/airflow/.local/lib/python3.12/site-packages/airflow/example_dags/example_short_circuit_decorator.py for tasks to queue
[2024-10-30T18:40:16.382+0000] {logging_mixin.py:188} INFO - [2024-10-30T18:40:16.381+0000] {dagbag.py:545} INFO - Filling up the DagBag from /home/airflow/.local/lib/python3.12/site-packages/airflow/example_dags/example_short_circuit_decorator.py
[2024-10-30T18:40:16.407+0000] {processor.py:840} INFO - DAG(s) 'example_short_circuit_decorator' retrieved from /home/airflow/.local/lib/python3.12/site-packages/airflow/example_dags/example_short_circuit_decorator.py
[2024-10-30T18:40:16.480+0000] {logging_mixin.py:188} INFO - [2024-10-30T18:40:16.480+0000] {dag.py:3089} INFO - Sync 1 DAGs
[2024-10-30T18:40:16.552+0000] {logging_mixin.py:188} INFO - [2024-10-30T18:40:16.551+0000] {dag.py:3947} INFO - Setting next_dagrun for example_short_circuit_decorator to 2024-10-29 00:00:00+00:00, run_after=2024-10-30 00:00:00+00:00
[2024-10-30T18:40:16.616+0000] {processor.py:183} INFO - Processing /home/airflow/.local/lib/python3.12/site-packages/airflow/example_dags/example_short_circuit_decorator.py took 0.259 seconds
[2024-10-30T18:40:47.882+0000] {processor.py:161} INFO - Started process (PID=1652) to work on /home/airflow/.local/lib/python3.12/site-packages/airflow/example_dags/example_short_circuit_decorator.py
[2024-10-30T18:40:47.886+0000] {processor.py:830} INFO - Processing file /home/airflow/.local/lib/python3.12/site-packages/airflow/example_dags/example_short_circuit_decorator.py for tasks to queue
[2024-10-30T18:40:47.891+0000] {logging_mixin.py:188} INFO - [2024-10-30T18:40:47.891+0000] {dagbag.py:545} INFO - Filling up the DagBag from /home/airflow/.local/lib/python3.12/site-packages/airflow/example_dags/example_short_circuit_decorator.py
[2024-10-30T18:40:47.923+0000] {processor.py:840} INFO - DAG(s) 'example_short_circuit_decorator' retrieved from /home/airflow/.local/lib/python3.12/site-packages/airflow/example_dags/example_short_circuit_decorator.py
[2024-10-30T18:40:48.002+0000] {logging_mixin.py:188} INFO - [2024-10-30T18:40:48.001+0000] {dag.py:3089} INFO - Sync 1 DAGs
[2024-10-30T18:40:48.408+0000] {logging_mixin.py:188} INFO - [2024-10-30T18:40:48.408+0000] {dag.py:3947} INFO - Setting next_dagrun for example_short_circuit_decorator to 2024-10-29 00:00:00+00:00, run_after=2024-10-30 00:00:00+00:00
[2024-10-30T18:40:48.466+0000] {processor.py:183} INFO - Processing /home/airflow/.local/lib/python3.12/site-packages/airflow/example_dags/example_short_circuit_decorator.py took 0.600 seconds
[2024-10-30T18:41:19.651+0000] {processor.py:161} INFO - Started process (PID=1712) to work on /home/airflow/.local/lib/python3.12/site-packages/airflow/example_dags/example_short_circuit_decorator.py
[2024-10-30T18:41:19.653+0000] {processor.py:830} INFO - Processing file /home/airflow/.local/lib/python3.12/site-packages/airflow/example_dags/example_short_circuit_decorator.py for tasks to queue
[2024-10-30T18:41:19.660+0000] {logging_mixin.py:188} INFO - [2024-10-30T18:41:19.659+0000] {dagbag.py:545} INFO - Filling up the DagBag from /home/airflow/.local/lib/python3.12/site-packages/airflow/example_dags/example_short_circuit_decorator.py
[2024-10-30T18:41:19.688+0000] {processor.py:840} INFO - DAG(s) 'example_short_circuit_decorator' retrieved from /home/airflow/.local/lib/python3.12/site-packages/airflow/example_dags/example_short_circuit_decorator.py
[2024-10-30T18:41:20.262+0000] {logging_mixin.py:188} INFO - [2024-10-30T18:41:20.260+0000] {dag.py:3089} INFO - Sync 1 DAGs
[2024-10-30T18:41:20.327+0000] {logging_mixin.py:188} INFO - [2024-10-30T18:41:20.327+0000] {dag.py:3947} INFO - Setting next_dagrun for example_short_circuit_decorator to 2024-10-29 00:00:00+00:00, run_after=2024-10-30 00:00:00+00:00
[2024-10-30T18:41:20.392+0000] {processor.py:183} INFO - Processing /home/airflow/.local/lib/python3.12/site-packages/airflow/example_dags/example_short_circuit_decorator.py took 0.761 seconds
[2024-10-30T18:41:50.677+0000] {processor.py:161} INFO - Started process (PID=1773) to work on /home/airflow/.local/lib/python3.12/site-packages/airflow/example_dags/example_short_circuit_decorator.py
[2024-10-30T18:41:50.680+0000] {processor.py:830} INFO - Processing file /home/airflow/.local/lib/python3.12/site-packages/airflow/example_dags/example_short_circuit_decorator.py for tasks to queue
[2024-10-30T18:41:50.684+0000] {logging_mixin.py:188} INFO - [2024-10-30T18:41:50.684+0000] {dagbag.py:545} INFO - Filling up the DagBag from /home/airflow/.local/lib/python3.12/site-packages/airflow/example_dags/example_short_circuit_decorator.py
[2024-10-30T18:41:50.704+0000] {processor.py:840} INFO - DAG(s) 'example_short_circuit_decorator' retrieved from /home/airflow/.local/lib/python3.12/site-packages/airflow/example_dags/example_short_circuit_decorator.py
[2024-10-30T18:41:50.763+0000] {logging_mixin.py:188} INFO - [2024-10-30T18:41:50.763+0000] {dag.py:3089} INFO - Sync 1 DAGs
[2024-10-30T18:41:50.834+0000] {logging_mixin.py:188} INFO - [2024-10-30T18:41:50.832+0000] {dag.py:3947} INFO - Setting next_dagrun for example_short_circuit_decorator to 2024-10-29 00:00:00+00:00, run_after=2024-10-30 00:00:00+00:00
[2024-10-30T18:41:50.890+0000] {processor.py:183} INFO - Processing /home/airflow/.local/lib/python3.12/site-packages/airflow/example_dags/example_short_circuit_decorator.py took 0.229 seconds
[2024-10-30T18:42:21.644+0000] {processor.py:161} INFO - Started process (PID=1833) to work on /home/airflow/.local/lib/python3.12/site-packages/airflow/example_dags/example_short_circuit_decorator.py
[2024-10-30T18:42:21.647+0000] {processor.py:830} INFO - Processing file /home/airflow/.local/lib/python3.12/site-packages/airflow/example_dags/example_short_circuit_decorator.py for tasks to queue
[2024-10-30T18:42:21.652+0000] {logging_mixin.py:188} INFO - [2024-10-30T18:42:21.652+0000] {dagbag.py:545} INFO - Filling up the DagBag from /home/airflow/.local/lib/python3.12/site-packages/airflow/example_dags/example_short_circuit_decorator.py
[2024-10-30T18:42:21.678+0000] {processor.py:840} INFO - DAG(s) 'example_short_circuit_decorator' retrieved from /home/airflow/.local/lib/python3.12/site-packages/airflow/example_dags/example_short_circuit_decorator.py
[2024-10-30T18:42:21.743+0000] {logging_mixin.py:188} INFO - [2024-10-30T18:42:21.743+0000] {dag.py:3089} INFO - Sync 1 DAGs
[2024-10-30T18:42:21.806+0000] {logging_mixin.py:188} INFO - [2024-10-30T18:42:21.805+0000] {dag.py:3947} INFO - Setting next_dagrun for example_short_circuit_decorator to 2024-10-29 00:00:00+00:00, run_after=2024-10-30 00:00:00+00:00
[2024-10-30T18:42:21.866+0000] {processor.py:183} INFO - Processing /home/airflow/.local/lib/python3.12/site-packages/airflow/example_dags/example_short_circuit_decorator.py took 0.238 seconds
[2024-10-30T18:42:52.573+0000] {processor.py:161} INFO - Started process (PID=1893) to work on /home/airflow/.local/lib/python3.12/site-packages/airflow/example_dags/example_short_circuit_decorator.py
[2024-10-30T18:42:52.575+0000] {processor.py:830} INFO - Processing file /home/airflow/.local/lib/python3.12/site-packages/airflow/example_dags/example_short_circuit_decorator.py for tasks to queue
[2024-10-30T18:42:52.580+0000] {logging_mixin.py:188} INFO - [2024-10-30T18:42:52.579+0000] {dagbag.py:545} INFO - Filling up the DagBag from /home/airflow/.local/lib/python3.12/site-packages/airflow/example_dags/example_short_circuit_decorator.py
[2024-10-30T18:42:52.608+0000] {processor.py:840} INFO - DAG(s) 'example_short_circuit_decorator' retrieved from /home/airflow/.local/lib/python3.12/site-packages/airflow/example_dags/example_short_circuit_decorator.py
[2024-10-30T18:42:52.695+0000] {logging_mixin.py:188} INFO - [2024-10-30T18:42:52.694+0000] {dag.py:3089} INFO - Sync 1 DAGs
[2024-10-30T18:42:52.784+0000] {logging_mixin.py:188} INFO - [2024-10-30T18:42:52.783+0000] {dag.py:3947} INFO - Setting next_dagrun for example_short_circuit_decorator to 2024-10-29 00:00:00+00:00, run_after=2024-10-30 00:00:00+00:00
[2024-10-30T18:42:52.852+0000] {processor.py:183} INFO - Processing /home/airflow/.local/lib/python3.12/site-packages/airflow/example_dags/example_short_circuit_decorator.py took 0.298 seconds
[2024-10-30T18:43:23.824+0000] {processor.py:161} INFO - Started process (PID=1953) to work on /home/airflow/.local/lib/python3.12/site-packages/airflow/example_dags/example_short_circuit_decorator.py
[2024-10-30T18:43:23.827+0000] {processor.py:830} INFO - Processing file /home/airflow/.local/lib/python3.12/site-packages/airflow/example_dags/example_short_circuit_decorator.py for tasks to queue
[2024-10-30T18:43:23.831+0000] {logging_mixin.py:188} INFO - [2024-10-30T18:43:23.831+0000] {dagbag.py:545} INFO - Filling up the DagBag from /home/airflow/.local/lib/python3.12/site-packages/airflow/example_dags/example_short_circuit_decorator.py
[2024-10-30T18:43:23.852+0000] {processor.py:840} INFO - DAG(s) 'example_short_circuit_decorator' retrieved from /home/airflow/.local/lib/python3.12/site-packages/airflow/example_dags/example_short_circuit_decorator.py
[2024-10-30T18:43:23.914+0000] {logging_mixin.py:188} INFO - [2024-10-30T18:43:23.914+0000] {dag.py:3089} INFO - Sync 1 DAGs
[2024-10-30T18:43:24.033+0000] {logging_mixin.py:188} INFO - [2024-10-30T18:43:24.030+0000] {dag.py:3947} INFO - Setting next_dagrun for example_short_circuit_decorator to 2024-10-29 00:00:00+00:00, run_after=2024-10-30 00:00:00+00:00
[2024-10-30T18:43:24.087+0000] {processor.py:183} INFO - Processing /home/airflow/.local/lib/python3.12/site-packages/airflow/example_dags/example_short_circuit_decorator.py took 0.283 seconds
[2024-10-30T18:43:54.504+0000] {processor.py:161} INFO - Started process (PID=2013) to work on /home/airflow/.local/lib/python3.12/site-packages/airflow/example_dags/example_short_circuit_decorator.py
[2024-10-30T18:43:54.506+0000] {processor.py:830} INFO - Processing file /home/airflow/.local/lib/python3.12/site-packages/airflow/example_dags/example_short_circuit_decorator.py for tasks to queue
[2024-10-30T18:43:54.511+0000] {logging_mixin.py:188} INFO - [2024-10-30T18:43:54.510+0000] {dagbag.py:545} INFO - Filling up the DagBag from /home/airflow/.local/lib/python3.12/site-packages/airflow/example_dags/example_short_circuit_decorator.py
[2024-10-30T18:43:54.536+0000] {processor.py:840} INFO - DAG(s) 'example_short_circuit_decorator' retrieved from /home/airflow/.local/lib/python3.12/site-packages/airflow/example_dags/example_short_circuit_decorator.py
[2024-10-30T18:43:54.610+0000] {logging_mixin.py:188} INFO - [2024-10-30T18:43:54.609+0000] {dag.py:3089} INFO - Sync 1 DAGs
[2024-10-30T18:43:54.682+0000] {logging_mixin.py:188} INFO - [2024-10-30T18:43:54.682+0000] {dag.py:3947} INFO - Setting next_dagrun for example_short_circuit_decorator to 2024-10-29 00:00:00+00:00, run_after=2024-10-30 00:00:00+00:00
[2024-10-30T18:43:54.723+0000] {processor.py:183} INFO - Processing /home/airflow/.local/lib/python3.12/site-packages/airflow/example_dags/example_short_circuit_decorator.py took 0.247 seconds
[2024-10-30T18:44:25.368+0000] {processor.py:161} INFO - Started process (PID=2073) to work on /home/airflow/.local/lib/python3.12/site-packages/airflow/example_dags/example_short_circuit_decorator.py
[2024-10-30T18:44:25.374+0000] {processor.py:830} INFO - Processing file /home/airflow/.local/lib/python3.12/site-packages/airflow/example_dags/example_short_circuit_decorator.py for tasks to queue
[2024-10-30T18:44:25.387+0000] {logging_mixin.py:188} INFO - [2024-10-30T18:44:25.387+0000] {dagbag.py:545} INFO - Filling up the DagBag from /home/airflow/.local/lib/python3.12/site-packages/airflow/example_dags/example_short_circuit_decorator.py
[2024-10-30T18:44:25.431+0000] {processor.py:840} INFO - DAG(s) 'example_short_circuit_decorator' retrieved from /home/airflow/.local/lib/python3.12/site-packages/airflow/example_dags/example_short_circuit_decorator.py
[2024-10-30T18:44:25.526+0000] {logging_mixin.py:188} INFO - [2024-10-30T18:44:25.526+0000] {dag.py:3089} INFO - Sync 1 DAGs
[2024-10-30T18:44:25.611+0000] {logging_mixin.py:188} INFO - [2024-10-30T18:44:25.610+0000] {dag.py:3947} INFO - Setting next_dagrun for example_short_circuit_decorator to 2024-10-29 00:00:00+00:00, run_after=2024-10-30 00:00:00+00:00
[2024-10-30T18:44:25.688+0000] {processor.py:183} INFO - Processing /home/airflow/.local/lib/python3.12/site-packages/airflow/example_dags/example_short_circuit_decorator.py took 0.354 seconds
[2024-10-30T18:44:55.941+0000] {processor.py:161} INFO - Started process (PID=2134) to work on /home/airflow/.local/lib/python3.12/site-packages/airflow/example_dags/example_short_circuit_decorator.py
[2024-10-30T18:44:55.943+0000] {processor.py:830} INFO - Processing file /home/airflow/.local/lib/python3.12/site-packages/airflow/example_dags/example_short_circuit_decorator.py for tasks to queue
[2024-10-30T18:44:55.947+0000] {logging_mixin.py:188} INFO - [2024-10-30T18:44:55.946+0000] {dagbag.py:545} INFO - Filling up the DagBag from /home/airflow/.local/lib/python3.12/site-packages/airflow/example_dags/example_short_circuit_decorator.py
[2024-10-30T18:44:55.972+0000] {processor.py:840} INFO - DAG(s) 'example_short_circuit_decorator' retrieved from /home/airflow/.local/lib/python3.12/site-packages/airflow/example_dags/example_short_circuit_decorator.py
[2024-10-30T18:44:56.031+0000] {logging_mixin.py:188} INFO - [2024-10-30T18:44:56.031+0000] {dag.py:3089} INFO - Sync 1 DAGs
[2024-10-30T18:44:56.108+0000] {logging_mixin.py:188} INFO - [2024-10-30T18:44:56.107+0000] {dag.py:3947} INFO - Setting next_dagrun for example_short_circuit_decorator to 2024-10-29 00:00:00+00:00, run_after=2024-10-30 00:00:00+00:00
[2024-10-30T18:44:56.163+0000] {processor.py:183} INFO - Processing /home/airflow/.local/lib/python3.12/site-packages/airflow/example_dags/example_short_circuit_decorator.py took 0.238 seconds
[2024-10-30T18:45:27.731+0000] {processor.py:161} INFO - Started process (PID=2194) to work on /home/airflow/.local/lib/python3.12/site-packages/airflow/example_dags/example_short_circuit_decorator.py
[2024-10-30T18:45:27.816+0000] {processor.py:830} INFO - Processing file /home/airflow/.local/lib/python3.12/site-packages/airflow/example_dags/example_short_circuit_decorator.py for tasks to queue
[2024-10-30T18:45:27.827+0000] {logging_mixin.py:188} INFO - [2024-10-30T18:45:27.825+0000] {dagbag.py:545} INFO - Filling up the DagBag from /home/airflow/.local/lib/python3.12/site-packages/airflow/example_dags/example_short_circuit_decorator.py
[2024-10-30T18:45:27.863+0000] {processor.py:840} INFO - DAG(s) 'example_short_circuit_decorator' retrieved from /home/airflow/.local/lib/python3.12/site-packages/airflow/example_dags/example_short_circuit_decorator.py
[2024-10-30T18:45:28.100+0000] {logging_mixin.py:188} INFO - [2024-10-30T18:45:28.100+0000] {dag.py:3089} INFO - Sync 1 DAGs
[2024-10-30T18:45:28.144+0000] {logging_mixin.py:188} INFO - [2024-10-30T18:45:28.144+0000] {dag.py:3947} INFO - Setting next_dagrun for example_short_circuit_decorator to 2024-10-29 00:00:00+00:00, run_after=2024-10-30 00:00:00+00:00
[2024-10-30T18:45:28.245+0000] {processor.py:183} INFO - Processing /home/airflow/.local/lib/python3.12/site-packages/airflow/example_dags/example_short_circuit_decorator.py took 0.529 seconds
[2024-10-30T18:47:20.880+0000] {processor.py:161} INFO - Started process (PID=2288) to work on /home/airflow/.local/lib/python3.12/site-packages/airflow/example_dags/example_short_circuit_decorator.py
[2024-10-30T18:47:20.886+0000] {processor.py:830} INFO - Processing file /home/airflow/.local/lib/python3.12/site-packages/airflow/example_dags/example_short_circuit_decorator.py for tasks to queue
[2024-10-30T18:47:20.890+0000] {logging_mixin.py:188} INFO - [2024-10-30T18:47:20.888+0000] {dagbag.py:545} INFO - Filling up the DagBag from /home/airflow/.local/lib/python3.12/site-packages/airflow/example_dags/example_short_circuit_decorator.py
[2024-10-30T18:47:20.960+0000] {processor.py:840} INFO - DAG(s) 'example_short_circuit_decorator' retrieved from /home/airflow/.local/lib/python3.12/site-packages/airflow/example_dags/example_short_circuit_decorator.py
[2024-10-30T18:47:21.141+0000] {logging_mixin.py:188} INFO - [2024-10-30T18:47:21.140+0000] {dag.py:3089} INFO - Sync 1 DAGs
[2024-10-30T18:47:21.577+0000] {logging_mixin.py:188} INFO - [2024-10-30T18:47:21.576+0000] {dag.py:3947} INFO - Setting next_dagrun for example_short_circuit_decorator to 2024-10-29 00:00:00+00:00, run_after=2024-10-30 00:00:00+00:00
[2024-10-30T18:47:21.713+0000] {processor.py:183} INFO - Processing /home/airflow/.local/lib/python3.12/site-packages/airflow/example_dags/example_short_circuit_decorator.py took 0.985 seconds
[2024-10-30T18:48:14.510+0000] {processor.py:161} INFO - Started process (PID=2354) to work on /home/airflow/.local/lib/python3.12/site-packages/airflow/example_dags/example_short_circuit_decorator.py
[2024-10-30T18:48:14.538+0000] {processor.py:830} INFO - Processing file /home/airflow/.local/lib/python3.12/site-packages/airflow/example_dags/example_short_circuit_decorator.py for tasks to queue
[2024-10-30T18:48:14.552+0000] {logging_mixin.py:188} INFO - [2024-10-30T18:48:14.540+0000] {dagbag.py:545} INFO - Filling up the DagBag from /home/airflow/.local/lib/python3.12/site-packages/airflow/example_dags/example_short_circuit_decorator.py
[2024-10-30T18:48:14.734+0000] {processor.py:840} INFO - DAG(s) 'example_short_circuit_decorator' retrieved from /home/airflow/.local/lib/python3.12/site-packages/airflow/example_dags/example_short_circuit_decorator.py
[2024-10-30T18:48:15.228+0000] {logging_mixin.py:188} INFO - [2024-10-30T18:48:15.227+0000] {dag.py:3089} INFO - Sync 1 DAGs
[2024-10-30T18:48:15.703+0000] {logging_mixin.py:188} INFO - [2024-10-30T18:48:15.696+0000] {dag.py:3947} INFO - Setting next_dagrun for example_short_circuit_decorator to 2024-10-29 00:00:00+00:00, run_after=2024-10-30 00:00:00+00:00
[2024-10-30T18:48:16.067+0000] {processor.py:183} INFO - Processing /home/airflow/.local/lib/python3.12/site-packages/airflow/example_dags/example_short_circuit_decorator.py took 1.884 seconds
[2024-10-30T18:48:46.372+0000] {processor.py:161} INFO - Started process (PID=2414) to work on /home/airflow/.local/lib/python3.12/site-packages/airflow/example_dags/example_short_circuit_decorator.py
[2024-10-30T18:48:46.375+0000] {processor.py:830} INFO - Processing file /home/airflow/.local/lib/python3.12/site-packages/airflow/example_dags/example_short_circuit_decorator.py for tasks to queue
[2024-10-30T18:48:46.377+0000] {logging_mixin.py:188} INFO - [2024-10-30T18:48:46.376+0000] {dagbag.py:545} INFO - Filling up the DagBag from /home/airflow/.local/lib/python3.12/site-packages/airflow/example_dags/example_short_circuit_decorator.py
[2024-10-30T18:48:46.414+0000] {processor.py:840} INFO - DAG(s) 'example_short_circuit_decorator' retrieved from /home/airflow/.local/lib/python3.12/site-packages/airflow/example_dags/example_short_circuit_decorator.py
[2024-10-30T18:48:46.492+0000] {logging_mixin.py:188} INFO - [2024-10-30T18:48:46.492+0000] {dag.py:3089} INFO - Sync 1 DAGs
[2024-10-30T18:48:46.568+0000] {logging_mixin.py:188} INFO - [2024-10-30T18:48:46.568+0000] {dag.py:3947} INFO - Setting next_dagrun for example_short_circuit_decorator to 2024-10-29 00:00:00+00:00, run_after=2024-10-30 00:00:00+00:00
[2024-10-30T18:48:46.634+0000] {processor.py:183} INFO - Processing /home/airflow/.local/lib/python3.12/site-packages/airflow/example_dags/example_short_circuit_decorator.py took 0.291 seconds
