[2024-10-30T18:26:53.619+0000] {processor.py:161} INFO - Started process (PID=86) to work on /home/airflow/.local/lib/python3.12/site-packages/airflow/example_dags/example_params_trigger_ui.py
[2024-10-30T18:26:53.621+0000] {processor.py:830} INFO - Processing file /home/airflow/.local/lib/python3.12/site-packages/airflow/example_dags/example_params_trigger_ui.py for tasks to queue
[2024-10-30T18:26:53.631+0000] {logging_mixin.py:188} INFO - [2024-10-30T18:26:53.630+0000] {dagbag.py:545} INFO - Filling up the DagBag from /home/airflow/.local/lib/python3.12/site-packages/airflow/example_dags/example_params_trigger_ui.py
[2024-10-30T18:26:53.881+0000] {processor.py:840} INFO - DAG(s) 'example_params_trigger_ui' retrieved from /home/airflow/.local/lib/python3.12/site-packages/airflow/example_dags/example_params_trigger_ui.py
[2024-10-30T18:26:55.395+0000] {logging_mixin.py:188} INFO - [2024-10-30T18:26:55.394+0000] {override.py:1858} INFO - Created Permission View: can read on DAG:example_params_trigger_ui
[2024-10-30T18:26:55.431+0000] {logging_mixin.py:188} INFO - [2024-10-30T18:26:55.430+0000] {override.py:1858} INFO - Created Permission View: can edit on DAG:example_params_trigger_ui
[2024-10-30T18:26:55.467+0000] {logging_mixin.py:188} INFO - [2024-10-30T18:26:55.466+0000] {override.py:1858} INFO - Created Permission View: can delete on DAG:example_params_trigger_ui
[2024-10-30T18:26:55.469+0000] {logging_mixin.py:188} INFO - [2024-10-30T18:26:55.468+0000] {dag.py:3089} INFO - Sync 1 DAGs
[2024-10-30T18:26:55.712+0000] {logging_mixin.py:188} INFO - [2024-10-30T18:26:55.590+0000] {dag.py:3111} INFO - Creating ORM DAG for example_params_trigger_ui
[2024-10-30T18:26:55.714+0000] {logging_mixin.py:188} INFO - [2024-10-30T18:26:55.714+0000] {dag.py:3947} INFO - Setting next_dagrun for example_params_trigger_ui to None, run_after=None
[2024-10-30T18:26:55.904+0000] {processor.py:183} INFO - Processing /home/airflow/.local/lib/python3.12/site-packages/airflow/example_dags/example_params_trigger_ui.py took 2.383 seconds
[2024-10-30T18:27:43.676+0000] {processor.py:161} INFO - Started process (PID=153) to work on /home/airflow/.local/lib/python3.12/site-packages/airflow/example_dags/example_params_trigger_ui.py
[2024-10-30T18:27:43.680+0000] {processor.py:830} INFO - Processing file /home/airflow/.local/lib/python3.12/site-packages/airflow/example_dags/example_params_trigger_ui.py for tasks to queue
[2024-10-30T18:27:43.687+0000] {logging_mixin.py:188} INFO - [2024-10-30T18:27:43.686+0000] {dagbag.py:545} INFO - Filling up the DagBag from /home/airflow/.local/lib/python3.12/site-packages/airflow/example_dags/example_params_trigger_ui.py
[2024-10-30T18:27:43.782+0000] {processor.py:840} INFO - DAG(s) 'example_params_trigger_ui' retrieved from /home/airflow/.local/lib/python3.12/site-packages/airflow/example_dags/example_params_trigger_ui.py
[2024-10-30T18:27:44.127+0000] {logging_mixin.py:188} INFO - [2024-10-30T18:27:44.126+0000] {dag.py:3089} INFO - Sync 1 DAGs
[2024-10-30T18:27:44.191+0000] {logging_mixin.py:188} INFO - [2024-10-30T18:27:44.191+0000] {dag.py:3947} INFO - Setting next_dagrun for example_params_trigger_ui to None, run_after=None
[2024-10-30T18:27:44.266+0000] {processor.py:183} INFO - Processing /home/airflow/.local/lib/python3.12/site-packages/airflow/example_dags/example_params_trigger_ui.py took 0.671 seconds
[2024-10-30T18:28:14.537+0000] {processor.py:161} INFO - Started process (PID=212) to work on /home/airflow/.local/lib/python3.12/site-packages/airflow/example_dags/example_params_trigger_ui.py
[2024-10-30T18:28:14.540+0000] {processor.py:830} INFO - Processing file /home/airflow/.local/lib/python3.12/site-packages/airflow/example_dags/example_params_trigger_ui.py for tasks to queue
[2024-10-30T18:28:14.547+0000] {logging_mixin.py:188} INFO - [2024-10-30T18:28:14.546+0000] {dagbag.py:545} INFO - Filling up the DagBag from /home/airflow/.local/lib/python3.12/site-packages/airflow/example_dags/example_params_trigger_ui.py
[2024-10-30T18:28:14.581+0000] {processor.py:840} INFO - DAG(s) 'example_params_trigger_ui' retrieved from /home/airflow/.local/lib/python3.12/site-packages/airflow/example_dags/example_params_trigger_ui.py
[2024-10-30T18:28:14.709+0000] {logging_mixin.py:188} INFO - [2024-10-30T18:28:14.708+0000] {dag.py:3089} INFO - Sync 1 DAGs
[2024-10-30T18:28:14.744+0000] {logging_mixin.py:188} INFO - [2024-10-30T18:28:14.743+0000] {dag.py:3947} INFO - Setting next_dagrun for example_params_trigger_ui to None, run_after=None
[2024-10-30T18:28:14.799+0000] {processor.py:183} INFO - Processing /home/airflow/.local/lib/python3.12/site-packages/airflow/example_dags/example_params_trigger_ui.py took 0.279 seconds
[2024-10-30T18:28:45.034+0000] {processor.py:161} INFO - Started process (PID=272) to work on /home/airflow/.local/lib/python3.12/site-packages/airflow/example_dags/example_params_trigger_ui.py
[2024-10-30T18:28:45.038+0000] {processor.py:830} INFO - Processing file /home/airflow/.local/lib/python3.12/site-packages/airflow/example_dags/example_params_trigger_ui.py for tasks to queue
[2024-10-30T18:28:45.043+0000] {logging_mixin.py:188} INFO - [2024-10-30T18:28:45.042+0000] {dagbag.py:545} INFO - Filling up the DagBag from /home/airflow/.local/lib/python3.12/site-packages/airflow/example_dags/example_params_trigger_ui.py
[2024-10-30T18:28:45.098+0000] {processor.py:840} INFO - DAG(s) 'example_params_trigger_ui' retrieved from /home/airflow/.local/lib/python3.12/site-packages/airflow/example_dags/example_params_trigger_ui.py
[2024-10-30T18:28:45.354+0000] {logging_mixin.py:188} INFO - [2024-10-30T18:28:45.353+0000] {dag.py:3089} INFO - Sync 1 DAGs
[2024-10-30T18:28:45.383+0000] {logging_mixin.py:188} INFO - [2024-10-30T18:28:45.382+0000] {dag.py:3947} INFO - Setting next_dagrun for example_params_trigger_ui to None, run_after=None
[2024-10-30T18:28:45.425+0000] {processor.py:183} INFO - Processing /home/airflow/.local/lib/python3.12/site-packages/airflow/example_dags/example_params_trigger_ui.py took 0.410 seconds
[2024-10-30T18:29:19.760+0000] {processor.py:161} INFO - Started process (PID=332) to work on /home/airflow/.local/lib/python3.12/site-packages/airflow/example_dags/example_params_trigger_ui.py
[2024-10-30T18:29:19.763+0000] {processor.py:830} INFO - Processing file /home/airflow/.local/lib/python3.12/site-packages/airflow/example_dags/example_params_trigger_ui.py for tasks to queue
[2024-10-30T18:29:19.767+0000] {logging_mixin.py:188} INFO - [2024-10-30T18:29:19.766+0000] {dagbag.py:545} INFO - Filling up the DagBag from /home/airflow/.local/lib/python3.12/site-packages/airflow/example_dags/example_params_trigger_ui.py
[2024-10-30T18:29:19.795+0000] {processor.py:840} INFO - DAG(s) 'example_params_trigger_ui' retrieved from /home/airflow/.local/lib/python3.12/site-packages/airflow/example_dags/example_params_trigger_ui.py
[2024-10-30T18:29:19.945+0000] {logging_mixin.py:188} INFO - [2024-10-30T18:29:19.942+0000] {dag.py:3089} INFO - Sync 1 DAGs
[2024-10-30T18:29:19.990+0000] {logging_mixin.py:188} INFO - [2024-10-30T18:29:19.990+0000] {dag.py:3947} INFO - Setting next_dagrun for example_params_trigger_ui to None, run_after=None
[2024-10-30T18:29:20.042+0000] {processor.py:183} INFO - Processing /home/airflow/.local/lib/python3.12/site-packages/airflow/example_dags/example_params_trigger_ui.py took 0.297 seconds
[2024-10-30T18:29:51.102+0000] {processor.py:161} INFO - Started process (PID=392) to work on /home/airflow/.local/lib/python3.12/site-packages/airflow/example_dags/example_params_trigger_ui.py
[2024-10-30T18:29:51.106+0000] {processor.py:830} INFO - Processing file /home/airflow/.local/lib/python3.12/site-packages/airflow/example_dags/example_params_trigger_ui.py for tasks to queue
[2024-10-30T18:29:51.112+0000] {logging_mixin.py:188} INFO - [2024-10-30T18:29:51.111+0000] {dagbag.py:545} INFO - Filling up the DagBag from /home/airflow/.local/lib/python3.12/site-packages/airflow/example_dags/example_params_trigger_ui.py
[2024-10-30T18:29:51.146+0000] {processor.py:840} INFO - DAG(s) 'example_params_trigger_ui' retrieved from /home/airflow/.local/lib/python3.12/site-packages/airflow/example_dags/example_params_trigger_ui.py
[2024-10-30T18:29:51.406+0000] {logging_mixin.py:188} INFO - [2024-10-30T18:29:51.406+0000] {dag.py:3089} INFO - Sync 1 DAGs
[2024-10-30T18:29:51.471+0000] {logging_mixin.py:188} INFO - [2024-10-30T18:29:51.470+0000] {dag.py:3947} INFO - Setting next_dagrun for example_params_trigger_ui to None, run_after=None
[2024-10-30T18:29:51.550+0000] {processor.py:183} INFO - Processing /home/airflow/.local/lib/python3.12/site-packages/airflow/example_dags/example_params_trigger_ui.py took 0.469 seconds
[2024-10-30T18:30:22.470+0000] {processor.py:161} INFO - Started process (PID=451) to work on /home/airflow/.local/lib/python3.12/site-packages/airflow/example_dags/example_params_trigger_ui.py
[2024-10-30T18:30:22.473+0000] {processor.py:830} INFO - Processing file /home/airflow/.local/lib/python3.12/site-packages/airflow/example_dags/example_params_trigger_ui.py for tasks to queue
[2024-10-30T18:30:22.479+0000] {logging_mixin.py:188} INFO - [2024-10-30T18:30:22.476+0000] {dagbag.py:545} INFO - Filling up the DagBag from /home/airflow/.local/lib/python3.12/site-packages/airflow/example_dags/example_params_trigger_ui.py
[2024-10-30T18:30:22.515+0000] {processor.py:840} INFO - DAG(s) 'example_params_trigger_ui' retrieved from /home/airflow/.local/lib/python3.12/site-packages/airflow/example_dags/example_params_trigger_ui.py
[2024-10-30T18:30:22.681+0000] {logging_mixin.py:188} INFO - [2024-10-30T18:30:22.681+0000] {dag.py:3089} INFO - Sync 1 DAGs
[2024-10-30T18:30:22.720+0000] {logging_mixin.py:188} INFO - [2024-10-30T18:30:22.720+0000] {dag.py:3947} INFO - Setting next_dagrun for example_params_trigger_ui to None, run_after=None
[2024-10-30T18:30:22.780+0000] {processor.py:183} INFO - Processing /home/airflow/.local/lib/python3.12/site-packages/airflow/example_dags/example_params_trigger_ui.py took 0.328 seconds
[2024-10-30T18:30:56.001+0000] {processor.py:161} INFO - Started process (PID=510) to work on /home/airflow/.local/lib/python3.12/site-packages/airflow/example_dags/example_params_trigger_ui.py
[2024-10-30T18:30:56.004+0000] {processor.py:830} INFO - Processing file /home/airflow/.local/lib/python3.12/site-packages/airflow/example_dags/example_params_trigger_ui.py for tasks to queue
[2024-10-30T18:30:56.010+0000] {logging_mixin.py:188} INFO - [2024-10-30T18:30:56.009+0000] {dagbag.py:545} INFO - Filling up the DagBag from /home/airflow/.local/lib/python3.12/site-packages/airflow/example_dags/example_params_trigger_ui.py
[2024-10-30T18:30:56.046+0000] {processor.py:840} INFO - DAG(s) 'example_params_trigger_ui' retrieved from /home/airflow/.local/lib/python3.12/site-packages/airflow/example_dags/example_params_trigger_ui.py
[2024-10-30T18:30:56.220+0000] {logging_mixin.py:188} INFO - [2024-10-30T18:30:56.220+0000] {dag.py:3089} INFO - Sync 1 DAGs
[2024-10-30T18:30:56.270+0000] {logging_mixin.py:188} INFO - [2024-10-30T18:30:56.269+0000] {dag.py:3947} INFO - Setting next_dagrun for example_params_trigger_ui to None, run_after=None
[2024-10-30T18:30:56.346+0000] {processor.py:183} INFO - Processing /home/airflow/.local/lib/python3.12/site-packages/airflow/example_dags/example_params_trigger_ui.py took 0.363 seconds
[2024-10-30T18:31:28.648+0000] {processor.py:161} INFO - Started process (PID=570) to work on /home/airflow/.local/lib/python3.12/site-packages/airflow/example_dags/example_params_trigger_ui.py
[2024-10-30T18:31:28.650+0000] {processor.py:830} INFO - Processing file /home/airflow/.local/lib/python3.12/site-packages/airflow/example_dags/example_params_trigger_ui.py for tasks to queue
[2024-10-30T18:31:28.654+0000] {logging_mixin.py:188} INFO - [2024-10-30T18:31:28.653+0000] {dagbag.py:545} INFO - Filling up the DagBag from /home/airflow/.local/lib/python3.12/site-packages/airflow/example_dags/example_params_trigger_ui.py
[2024-10-30T18:31:28.676+0000] {processor.py:840} INFO - DAG(s) 'example_params_trigger_ui' retrieved from /home/airflow/.local/lib/python3.12/site-packages/airflow/example_dags/example_params_trigger_ui.py
[2024-10-30T18:31:28.816+0000] {logging_mixin.py:188} INFO - [2024-10-30T18:31:28.815+0000] {dag.py:3089} INFO - Sync 1 DAGs
[2024-10-30T18:31:28.846+0000] {logging_mixin.py:188} INFO - [2024-10-30T18:31:28.845+0000] {dag.py:3947} INFO - Setting next_dagrun for example_params_trigger_ui to None, run_after=None
[2024-10-30T18:31:28.904+0000] {processor.py:183} INFO - Processing /home/airflow/.local/lib/python3.12/site-packages/airflow/example_dags/example_params_trigger_ui.py took 0.271 seconds
[2024-10-30T18:31:59.150+0000] {processor.py:161} INFO - Started process (PID=628) to work on /home/airflow/.local/lib/python3.12/site-packages/airflow/example_dags/example_params_trigger_ui.py
[2024-10-30T18:31:59.152+0000] {processor.py:830} INFO - Processing file /home/airflow/.local/lib/python3.12/site-packages/airflow/example_dags/example_params_trigger_ui.py for tasks to queue
[2024-10-30T18:31:59.156+0000] {logging_mixin.py:188} INFO - [2024-10-30T18:31:59.156+0000] {dagbag.py:545} INFO - Filling up the DagBag from /home/airflow/.local/lib/python3.12/site-packages/airflow/example_dags/example_params_trigger_ui.py
[2024-10-30T18:31:59.180+0000] {processor.py:840} INFO - DAG(s) 'example_params_trigger_ui' retrieved from /home/airflow/.local/lib/python3.12/site-packages/airflow/example_dags/example_params_trigger_ui.py
[2024-10-30T18:31:59.298+0000] {logging_mixin.py:188} INFO - [2024-10-30T18:31:59.297+0000] {dag.py:3089} INFO - Sync 1 DAGs
[2024-10-30T18:31:59.331+0000] {logging_mixin.py:188} INFO - [2024-10-30T18:31:59.330+0000] {dag.py:3947} INFO - Setting next_dagrun for example_params_trigger_ui to None, run_after=None
[2024-10-30T18:31:59.383+0000] {processor.py:183} INFO - Processing /home/airflow/.local/lib/python3.12/site-packages/airflow/example_dags/example_params_trigger_ui.py took 0.249 seconds
[2024-10-30T18:32:31.103+0000] {processor.py:161} INFO - Started process (PID=687) to work on /home/airflow/.local/lib/python3.12/site-packages/airflow/example_dags/example_params_trigger_ui.py
[2024-10-30T18:32:31.106+0000] {processor.py:830} INFO - Processing file /home/airflow/.local/lib/python3.12/site-packages/airflow/example_dags/example_params_trigger_ui.py for tasks to queue
[2024-10-30T18:32:31.111+0000] {logging_mixin.py:188} INFO - [2024-10-30T18:32:31.110+0000] {dagbag.py:545} INFO - Filling up the DagBag from /home/airflow/.local/lib/python3.12/site-packages/airflow/example_dags/example_params_trigger_ui.py
[2024-10-30T18:32:31.143+0000] {processor.py:840} INFO - DAG(s) 'example_params_trigger_ui' retrieved from /home/airflow/.local/lib/python3.12/site-packages/airflow/example_dags/example_params_trigger_ui.py
[2024-10-30T18:32:31.315+0000] {logging_mixin.py:188} INFO - [2024-10-30T18:32:31.314+0000] {dag.py:3089} INFO - Sync 1 DAGs
[2024-10-30T18:32:31.355+0000] {logging_mixin.py:188} INFO - [2024-10-30T18:32:31.355+0000] {dag.py:3947} INFO - Setting next_dagrun for example_params_trigger_ui to None, run_after=None
[2024-10-30T18:32:31.417+0000] {processor.py:183} INFO - Processing /home/airflow/.local/lib/python3.12/site-packages/airflow/example_dags/example_params_trigger_ui.py took 0.331 seconds
[2024-10-30T18:33:02.520+0000] {processor.py:161} INFO - Started process (PID=748) to work on /home/airflow/.local/lib/python3.12/site-packages/airflow/example_dags/example_params_trigger_ui.py
[2024-10-30T18:33:02.523+0000] {processor.py:830} INFO - Processing file /home/airflow/.local/lib/python3.12/site-packages/airflow/example_dags/example_params_trigger_ui.py for tasks to queue
[2024-10-30T18:33:02.528+0000] {logging_mixin.py:188} INFO - [2024-10-30T18:33:02.527+0000] {dagbag.py:545} INFO - Filling up the DagBag from /home/airflow/.local/lib/python3.12/site-packages/airflow/example_dags/example_params_trigger_ui.py
[2024-10-30T18:33:02.554+0000] {processor.py:840} INFO - DAG(s) 'example_params_trigger_ui' retrieved from /home/airflow/.local/lib/python3.12/site-packages/airflow/example_dags/example_params_trigger_ui.py
[2024-10-30T18:33:02.714+0000] {logging_mixin.py:188} INFO - [2024-10-30T18:33:02.714+0000] {dag.py:3089} INFO - Sync 1 DAGs
[2024-10-30T18:33:02.761+0000] {logging_mixin.py:188} INFO - [2024-10-30T18:33:02.760+0000] {dag.py:3947} INFO - Setting next_dagrun for example_params_trigger_ui to None, run_after=None
[2024-10-30T18:33:02.819+0000] {processor.py:183} INFO - Processing /home/airflow/.local/lib/python3.12/site-packages/airflow/example_dags/example_params_trigger_ui.py took 0.316 seconds
[2024-10-30T18:33:34.371+0000] {processor.py:161} INFO - Started process (PID=808) to work on /home/airflow/.local/lib/python3.12/site-packages/airflow/example_dags/example_params_trigger_ui.py
[2024-10-30T18:33:34.375+0000] {processor.py:830} INFO - Processing file /home/airflow/.local/lib/python3.12/site-packages/airflow/example_dags/example_params_trigger_ui.py for tasks to queue
[2024-10-30T18:33:34.385+0000] {logging_mixin.py:188} INFO - [2024-10-30T18:33:34.384+0000] {dagbag.py:545} INFO - Filling up the DagBag from /home/airflow/.local/lib/python3.12/site-packages/airflow/example_dags/example_params_trigger_ui.py
[2024-10-30T18:33:34.428+0000] {processor.py:840} INFO - DAG(s) 'example_params_trigger_ui' retrieved from /home/airflow/.local/lib/python3.12/site-packages/airflow/example_dags/example_params_trigger_ui.py
[2024-10-30T18:33:34.567+0000] {logging_mixin.py:188} INFO - [2024-10-30T18:33:34.567+0000] {dag.py:3089} INFO - Sync 1 DAGs
[2024-10-30T18:33:34.599+0000] {logging_mixin.py:188} INFO - [2024-10-30T18:33:34.599+0000] {dag.py:3947} INFO - Setting next_dagrun for example_params_trigger_ui to None, run_after=None
[2024-10-30T18:33:34.648+0000] {processor.py:183} INFO - Processing /home/airflow/.local/lib/python3.12/site-packages/airflow/example_dags/example_params_trigger_ui.py took 0.299 seconds
[2024-10-30T18:34:05.445+0000] {processor.py:161} INFO - Started process (PID=869) to work on /home/airflow/.local/lib/python3.12/site-packages/airflow/example_dags/example_params_trigger_ui.py
[2024-10-30T18:34:05.447+0000] {processor.py:830} INFO - Processing file /home/airflow/.local/lib/python3.12/site-packages/airflow/example_dags/example_params_trigger_ui.py for tasks to queue
[2024-10-30T18:34:05.453+0000] {logging_mixin.py:188} INFO - [2024-10-30T18:34:05.452+0000] {dagbag.py:545} INFO - Filling up the DagBag from /home/airflow/.local/lib/python3.12/site-packages/airflow/example_dags/example_params_trigger_ui.py
[2024-10-30T18:34:05.478+0000] {processor.py:840} INFO - DAG(s) 'example_params_trigger_ui' retrieved from /home/airflow/.local/lib/python3.12/site-packages/airflow/example_dags/example_params_trigger_ui.py
[2024-10-30T18:34:05.586+0000] {logging_mixin.py:188} INFO - [2024-10-30T18:34:05.585+0000] {dag.py:3089} INFO - Sync 1 DAGs
[2024-10-30T18:34:05.627+0000] {logging_mixin.py:188} INFO - [2024-10-30T18:34:05.626+0000] {dag.py:3947} INFO - Setting next_dagrun for example_params_trigger_ui to None, run_after=None
[2024-10-30T18:34:05.685+0000] {processor.py:183} INFO - Processing /home/airflow/.local/lib/python3.12/site-packages/airflow/example_dags/example_params_trigger_ui.py took 0.256 seconds
[2024-10-30T18:34:36.647+0000] {processor.py:161} INFO - Started process (PID=929) to work on /home/airflow/.local/lib/python3.12/site-packages/airflow/example_dags/example_params_trigger_ui.py
[2024-10-30T18:34:36.649+0000] {processor.py:830} INFO - Processing file /home/airflow/.local/lib/python3.12/site-packages/airflow/example_dags/example_params_trigger_ui.py for tasks to queue
[2024-10-30T18:34:36.656+0000] {logging_mixin.py:188} INFO - [2024-10-30T18:34:36.655+0000] {dagbag.py:545} INFO - Filling up the DagBag from /home/airflow/.local/lib/python3.12/site-packages/airflow/example_dags/example_params_trigger_ui.py
[2024-10-30T18:34:36.684+0000] {processor.py:840} INFO - DAG(s) 'example_params_trigger_ui' retrieved from /home/airflow/.local/lib/python3.12/site-packages/airflow/example_dags/example_params_trigger_ui.py
[2024-10-30T18:34:36.839+0000] {logging_mixin.py:188} INFO - [2024-10-30T18:34:36.838+0000] {dag.py:3089} INFO - Sync 1 DAGs
[2024-10-30T18:34:36.878+0000] {logging_mixin.py:188} INFO - [2024-10-30T18:34:36.877+0000] {dag.py:3947} INFO - Setting next_dagrun for example_params_trigger_ui to None, run_after=None
[2024-10-30T18:34:36.938+0000] {processor.py:183} INFO - Processing /home/airflow/.local/lib/python3.12/site-packages/airflow/example_dags/example_params_trigger_ui.py took 0.307 seconds
[2024-10-30T18:35:07.173+0000] {processor.py:161} INFO - Started process (PID=988) to work on /home/airflow/.local/lib/python3.12/site-packages/airflow/example_dags/example_params_trigger_ui.py
[2024-10-30T18:35:07.175+0000] {processor.py:830} INFO - Processing file /home/airflow/.local/lib/python3.12/site-packages/airflow/example_dags/example_params_trigger_ui.py for tasks to queue
[2024-10-30T18:35:07.181+0000] {logging_mixin.py:188} INFO - [2024-10-30T18:35:07.180+0000] {dagbag.py:545} INFO - Filling up the DagBag from /home/airflow/.local/lib/python3.12/site-packages/airflow/example_dags/example_params_trigger_ui.py
[2024-10-30T18:35:07.205+0000] {processor.py:840} INFO - DAG(s) 'example_params_trigger_ui' retrieved from /home/airflow/.local/lib/python3.12/site-packages/airflow/example_dags/example_params_trigger_ui.py
[2024-10-30T18:35:07.344+0000] {logging_mixin.py:188} INFO - [2024-10-30T18:35:07.343+0000] {dag.py:3089} INFO - Sync 1 DAGs
[2024-10-30T18:35:07.380+0000] {logging_mixin.py:188} INFO - [2024-10-30T18:35:07.379+0000] {dag.py:3947} INFO - Setting next_dagrun for example_params_trigger_ui to None, run_after=None
[2024-10-30T18:35:07.440+0000] {processor.py:183} INFO - Processing /home/airflow/.local/lib/python3.12/site-packages/airflow/example_dags/example_params_trigger_ui.py took 0.282 seconds
[2024-10-30T18:35:37.878+0000] {processor.py:161} INFO - Started process (PID=1047) to work on /home/airflow/.local/lib/python3.12/site-packages/airflow/example_dags/example_params_trigger_ui.py
[2024-10-30T18:35:37.888+0000] {processor.py:830} INFO - Processing file /home/airflow/.local/lib/python3.12/site-packages/airflow/example_dags/example_params_trigger_ui.py for tasks to queue
[2024-10-30T18:35:37.910+0000] {logging_mixin.py:188} INFO - [2024-10-30T18:35:37.904+0000] {dagbag.py:545} INFO - Filling up the DagBag from /home/airflow/.local/lib/python3.12/site-packages/airflow/example_dags/example_params_trigger_ui.py
[2024-10-30T18:35:37.954+0000] {processor.py:840} INFO - DAG(s) 'example_params_trigger_ui' retrieved from /home/airflow/.local/lib/python3.12/site-packages/airflow/example_dags/example_params_trigger_ui.py
[2024-10-30T18:35:38.188+0000] {logging_mixin.py:188} INFO - [2024-10-30T18:35:38.188+0000] {dag.py:3089} INFO - Sync 1 DAGs
[2024-10-30T18:35:38.248+0000] {logging_mixin.py:188} INFO - [2024-10-30T18:35:38.248+0000] {dag.py:3947} INFO - Setting next_dagrun for example_params_trigger_ui to None, run_after=None
[2024-10-30T18:35:38.304+0000] {processor.py:183} INFO - Processing /home/airflow/.local/lib/python3.12/site-packages/airflow/example_dags/example_params_trigger_ui.py took 0.468 seconds
[2024-10-30T18:36:08.901+0000] {processor.py:161} INFO - Started process (PID=1107) to work on /home/airflow/.local/lib/python3.12/site-packages/airflow/example_dags/example_params_trigger_ui.py
[2024-10-30T18:36:08.902+0000] {processor.py:830} INFO - Processing file /home/airflow/.local/lib/python3.12/site-packages/airflow/example_dags/example_params_trigger_ui.py for tasks to queue
[2024-10-30T18:36:08.907+0000] {logging_mixin.py:188} INFO - [2024-10-30T18:36:08.907+0000] {dagbag.py:545} INFO - Filling up the DagBag from /home/airflow/.local/lib/python3.12/site-packages/airflow/example_dags/example_params_trigger_ui.py
[2024-10-30T18:36:08.933+0000] {processor.py:840} INFO - DAG(s) 'example_params_trigger_ui' retrieved from /home/airflow/.local/lib/python3.12/site-packages/airflow/example_dags/example_params_trigger_ui.py
[2024-10-30T18:36:09.048+0000] {logging_mixin.py:188} INFO - [2024-10-30T18:36:09.048+0000] {dag.py:3089} INFO - Sync 1 DAGs
[2024-10-30T18:36:09.082+0000] {logging_mixin.py:188} INFO - [2024-10-30T18:36:09.082+0000] {dag.py:3947} INFO - Setting next_dagrun for example_params_trigger_ui to None, run_after=None
[2024-10-30T18:36:09.143+0000] {processor.py:183} INFO - Processing /home/airflow/.local/lib/python3.12/site-packages/airflow/example_dags/example_params_trigger_ui.py took 0.259 seconds
[2024-10-30T18:36:39.426+0000] {processor.py:161} INFO - Started process (PID=1166) to work on /home/airflow/.local/lib/python3.12/site-packages/airflow/example_dags/example_params_trigger_ui.py
[2024-10-30T18:36:39.429+0000] {processor.py:830} INFO - Processing file /home/airflow/.local/lib/python3.12/site-packages/airflow/example_dags/example_params_trigger_ui.py for tasks to queue
[2024-10-30T18:36:39.436+0000] {logging_mixin.py:188} INFO - [2024-10-30T18:36:39.435+0000] {dagbag.py:545} INFO - Filling up the DagBag from /home/airflow/.local/lib/python3.12/site-packages/airflow/example_dags/example_params_trigger_ui.py
[2024-10-30T18:36:39.472+0000] {processor.py:840} INFO - DAG(s) 'example_params_trigger_ui' retrieved from /home/airflow/.local/lib/python3.12/site-packages/airflow/example_dags/example_params_trigger_ui.py
[2024-10-30T18:36:39.671+0000] {logging_mixin.py:188} INFO - [2024-10-30T18:36:39.671+0000] {dag.py:3089} INFO - Sync 1 DAGs
[2024-10-30T18:36:39.716+0000] {logging_mixin.py:188} INFO - [2024-10-30T18:36:39.716+0000] {dag.py:3947} INFO - Setting next_dagrun for example_params_trigger_ui to None, run_after=None
[2024-10-30T18:36:39.780+0000] {processor.py:183} INFO - Processing /home/airflow/.local/lib/python3.12/site-packages/airflow/example_dags/example_params_trigger_ui.py took 0.375 seconds
[2024-10-30T18:37:09.892+0000] {processor.py:161} INFO - Started process (PID=1226) to work on /home/airflow/.local/lib/python3.12/site-packages/airflow/example_dags/example_params_trigger_ui.py
[2024-10-30T18:37:09.897+0000] {processor.py:830} INFO - Processing file /home/airflow/.local/lib/python3.12/site-packages/airflow/example_dags/example_params_trigger_ui.py for tasks to queue
[2024-10-30T18:37:09.904+0000] {logging_mixin.py:188} INFO - [2024-10-30T18:37:09.903+0000] {dagbag.py:545} INFO - Filling up the DagBag from /home/airflow/.local/lib/python3.12/site-packages/airflow/example_dags/example_params_trigger_ui.py
[2024-10-30T18:37:09.935+0000] {processor.py:840} INFO - DAG(s) 'example_params_trigger_ui' retrieved from /home/airflow/.local/lib/python3.12/site-packages/airflow/example_dags/example_params_trigger_ui.py
[2024-10-30T18:37:10.098+0000] {logging_mixin.py:188} INFO - [2024-10-30T18:37:10.098+0000] {dag.py:3089} INFO - Sync 1 DAGs
[2024-10-30T18:37:10.159+0000] {logging_mixin.py:188} INFO - [2024-10-30T18:37:10.158+0000] {dag.py:3947} INFO - Setting next_dagrun for example_params_trigger_ui to None, run_after=None
[2024-10-30T18:37:10.224+0000] {processor.py:183} INFO - Processing /home/airflow/.local/lib/python3.12/site-packages/airflow/example_dags/example_params_trigger_ui.py took 0.360 seconds
[2024-10-30T18:37:40.904+0000] {processor.py:161} INFO - Started process (PID=1285) to work on /home/airflow/.local/lib/python3.12/site-packages/airflow/example_dags/example_params_trigger_ui.py
[2024-10-30T18:37:40.907+0000] {processor.py:830} INFO - Processing file /home/airflow/.local/lib/python3.12/site-packages/airflow/example_dags/example_params_trigger_ui.py for tasks to queue
[2024-10-30T18:37:40.912+0000] {logging_mixin.py:188} INFO - [2024-10-30T18:37:40.911+0000] {dagbag.py:545} INFO - Filling up the DagBag from /home/airflow/.local/lib/python3.12/site-packages/airflow/example_dags/example_params_trigger_ui.py
[2024-10-30T18:37:40.933+0000] {processor.py:840} INFO - DAG(s) 'example_params_trigger_ui' retrieved from /home/airflow/.local/lib/python3.12/site-packages/airflow/example_dags/example_params_trigger_ui.py
[2024-10-30T18:37:41.050+0000] {logging_mixin.py:188} INFO - [2024-10-30T18:37:41.049+0000] {dag.py:3089} INFO - Sync 1 DAGs
[2024-10-30T18:37:41.080+0000] {logging_mixin.py:188} INFO - [2024-10-30T18:37:41.079+0000] {dag.py:3947} INFO - Setting next_dagrun for example_params_trigger_ui to None, run_after=None
[2024-10-30T18:37:41.124+0000] {processor.py:183} INFO - Processing /home/airflow/.local/lib/python3.12/site-packages/airflow/example_dags/example_params_trigger_ui.py took 0.236 seconds
[2024-10-30T18:38:11.380+0000] {processor.py:161} INFO - Started process (PID=1346) to work on /home/airflow/.local/lib/python3.12/site-packages/airflow/example_dags/example_params_trigger_ui.py
[2024-10-30T18:38:11.383+0000] {processor.py:830} INFO - Processing file /home/airflow/.local/lib/python3.12/site-packages/airflow/example_dags/example_params_trigger_ui.py for tasks to queue
[2024-10-30T18:38:11.387+0000] {logging_mixin.py:188} INFO - [2024-10-30T18:38:11.386+0000] {dagbag.py:545} INFO - Filling up the DagBag from /home/airflow/.local/lib/python3.12/site-packages/airflow/example_dags/example_params_trigger_ui.py
[2024-10-30T18:38:11.410+0000] {processor.py:840} INFO - DAG(s) 'example_params_trigger_ui' retrieved from /home/airflow/.local/lib/python3.12/site-packages/airflow/example_dags/example_params_trigger_ui.py
[2024-10-30T18:38:11.546+0000] {logging_mixin.py:188} INFO - [2024-10-30T18:38:11.545+0000] {dag.py:3089} INFO - Sync 1 DAGs
[2024-10-30T18:38:11.577+0000] {logging_mixin.py:188} INFO - [2024-10-30T18:38:11.576+0000] {dag.py:3947} INFO - Setting next_dagrun for example_params_trigger_ui to None, run_after=None
[2024-10-30T18:38:11.623+0000] {processor.py:183} INFO - Processing /home/airflow/.local/lib/python3.12/site-packages/airflow/example_dags/example_params_trigger_ui.py took 0.258 seconds
[2024-10-30T18:38:42.363+0000] {processor.py:161} INFO - Started process (PID=1405) to work on /home/airflow/.local/lib/python3.12/site-packages/airflow/example_dags/example_params_trigger_ui.py
[2024-10-30T18:38:42.367+0000] {processor.py:830} INFO - Processing file /home/airflow/.local/lib/python3.12/site-packages/airflow/example_dags/example_params_trigger_ui.py for tasks to queue
[2024-10-30T18:38:42.372+0000] {logging_mixin.py:188} INFO - [2024-10-30T18:38:42.371+0000] {dagbag.py:545} INFO - Filling up the DagBag from /home/airflow/.local/lib/python3.12/site-packages/airflow/example_dags/example_params_trigger_ui.py
[2024-10-30T18:38:42.407+0000] {processor.py:840} INFO - DAG(s) 'example_params_trigger_ui' retrieved from /home/airflow/.local/lib/python3.12/site-packages/airflow/example_dags/example_params_trigger_ui.py
[2024-10-30T18:38:42.678+0000] {logging_mixin.py:188} INFO - [2024-10-30T18:38:42.677+0000] {dag.py:3089} INFO - Sync 1 DAGs
[2024-10-30T18:38:42.785+0000] {logging_mixin.py:188} INFO - [2024-10-30T18:38:42.780+0000] {dag.py:3947} INFO - Setting next_dagrun for example_params_trigger_ui to None, run_after=None
[2024-10-30T18:38:42.892+0000] {processor.py:183} INFO - Processing /home/airflow/.local/lib/python3.12/site-packages/airflow/example_dags/example_params_trigger_ui.py took 0.562 seconds
[2024-10-30T18:39:13.647+0000] {processor.py:161} INFO - Started process (PID=1465) to work on /home/airflow/.local/lib/python3.12/site-packages/airflow/example_dags/example_params_trigger_ui.py
[2024-10-30T18:39:13.650+0000] {processor.py:830} INFO - Processing file /home/airflow/.local/lib/python3.12/site-packages/airflow/example_dags/example_params_trigger_ui.py for tasks to queue
[2024-10-30T18:39:13.654+0000] {logging_mixin.py:188} INFO - [2024-10-30T18:39:13.654+0000] {dagbag.py:545} INFO - Filling up the DagBag from /home/airflow/.local/lib/python3.12/site-packages/airflow/example_dags/example_params_trigger_ui.py
[2024-10-30T18:39:13.681+0000] {processor.py:840} INFO - DAG(s) 'example_params_trigger_ui' retrieved from /home/airflow/.local/lib/python3.12/site-packages/airflow/example_dags/example_params_trigger_ui.py
[2024-10-30T18:39:13.797+0000] {logging_mixin.py:188} INFO - [2024-10-30T18:39:13.796+0000] {dag.py:3089} INFO - Sync 1 DAGs
[2024-10-30T18:39:13.830+0000] {logging_mixin.py:188} INFO - [2024-10-30T18:39:13.830+0000] {dag.py:3947} INFO - Setting next_dagrun for example_params_trigger_ui to None, run_after=None
[2024-10-30T18:39:13.883+0000] {processor.py:183} INFO - Processing /home/airflow/.local/lib/python3.12/site-packages/airflow/example_dags/example_params_trigger_ui.py took 0.263 seconds
[2024-10-30T18:39:45.093+0000] {processor.py:161} INFO - Started process (PID=1525) to work on /home/airflow/.local/lib/python3.12/site-packages/airflow/example_dags/example_params_trigger_ui.py
[2024-10-30T18:39:45.096+0000] {processor.py:830} INFO - Processing file /home/airflow/.local/lib/python3.12/site-packages/airflow/example_dags/example_params_trigger_ui.py for tasks to queue
[2024-10-30T18:39:45.104+0000] {logging_mixin.py:188} INFO - [2024-10-30T18:39:45.103+0000] {dagbag.py:545} INFO - Filling up the DagBag from /home/airflow/.local/lib/python3.12/site-packages/airflow/example_dags/example_params_trigger_ui.py
[2024-10-30T18:39:45.136+0000] {processor.py:840} INFO - DAG(s) 'example_params_trigger_ui' retrieved from /home/airflow/.local/lib/python3.12/site-packages/airflow/example_dags/example_params_trigger_ui.py
[2024-10-30T18:39:45.348+0000] {logging_mixin.py:188} INFO - [2024-10-30T18:39:45.348+0000] {dag.py:3089} INFO - Sync 1 DAGs
[2024-10-30T18:39:45.393+0000] {logging_mixin.py:188} INFO - [2024-10-30T18:39:45.393+0000] {dag.py:3947} INFO - Setting next_dagrun for example_params_trigger_ui to None, run_after=None
[2024-10-30T18:39:45.462+0000] {processor.py:183} INFO - Processing /home/airflow/.local/lib/python3.12/site-packages/airflow/example_dags/example_params_trigger_ui.py took 0.388 seconds
[2024-10-30T18:40:15.921+0000] {processor.py:161} INFO - Started process (PID=1584) to work on /home/airflow/.local/lib/python3.12/site-packages/airflow/example_dags/example_params_trigger_ui.py
[2024-10-30T18:40:15.923+0000] {processor.py:830} INFO - Processing file /home/airflow/.local/lib/python3.12/site-packages/airflow/example_dags/example_params_trigger_ui.py for tasks to queue
[2024-10-30T18:40:15.928+0000] {logging_mixin.py:188} INFO - [2024-10-30T18:40:15.927+0000] {dagbag.py:545} INFO - Filling up the DagBag from /home/airflow/.local/lib/python3.12/site-packages/airflow/example_dags/example_params_trigger_ui.py
[2024-10-30T18:40:15.954+0000] {processor.py:840} INFO - DAG(s) 'example_params_trigger_ui' retrieved from /home/airflow/.local/lib/python3.12/site-packages/airflow/example_dags/example_params_trigger_ui.py
[2024-10-30T18:40:16.171+0000] {logging_mixin.py:188} INFO - [2024-10-30T18:40:16.170+0000] {dag.py:3089} INFO - Sync 1 DAGs
[2024-10-30T18:40:16.235+0000] {logging_mixin.py:188} INFO - [2024-10-30T18:40:16.234+0000] {dag.py:3947} INFO - Setting next_dagrun for example_params_trigger_ui to None, run_after=None
[2024-10-30T18:40:16.304+0000] {processor.py:183} INFO - Processing /home/airflow/.local/lib/python3.12/site-packages/airflow/example_dags/example_params_trigger_ui.py took 0.398 seconds
[2024-10-30T18:40:47.160+0000] {processor.py:161} INFO - Started process (PID=1650) to work on /home/airflow/.local/lib/python3.12/site-packages/airflow/example_dags/example_params_trigger_ui.py
[2024-10-30T18:40:47.163+0000] {processor.py:830} INFO - Processing file /home/airflow/.local/lib/python3.12/site-packages/airflow/example_dags/example_params_trigger_ui.py for tasks to queue
[2024-10-30T18:40:47.169+0000] {logging_mixin.py:188} INFO - [2024-10-30T18:40:47.168+0000] {dagbag.py:545} INFO - Filling up the DagBag from /home/airflow/.local/lib/python3.12/site-packages/airflow/example_dags/example_params_trigger_ui.py
[2024-10-30T18:40:47.199+0000] {processor.py:840} INFO - DAG(s) 'example_params_trigger_ui' retrieved from /home/airflow/.local/lib/python3.12/site-packages/airflow/example_dags/example_params_trigger_ui.py
[2024-10-30T18:40:47.704+0000] {logging_mixin.py:188} INFO - [2024-10-30T18:40:47.703+0000] {dag.py:3089} INFO - Sync 1 DAGs
[2024-10-30T18:40:47.738+0000] {logging_mixin.py:188} INFO - [2024-10-30T18:40:47.738+0000] {dag.py:3947} INFO - Setting next_dagrun for example_params_trigger_ui to None, run_after=None
[2024-10-30T18:40:47.805+0000] {processor.py:183} INFO - Processing /home/airflow/.local/lib/python3.12/site-packages/airflow/example_dags/example_params_trigger_ui.py took 0.665 seconds
[2024-10-30T18:41:18.839+0000] {processor.py:161} INFO - Started process (PID=1710) to work on /home/airflow/.local/lib/python3.12/site-packages/airflow/example_dags/example_params_trigger_ui.py
[2024-10-30T18:41:18.842+0000] {processor.py:830} INFO - Processing file /home/airflow/.local/lib/python3.12/site-packages/airflow/example_dags/example_params_trigger_ui.py for tasks to queue
[2024-10-30T18:41:18.850+0000] {logging_mixin.py:188} INFO - [2024-10-30T18:41:18.848+0000] {dagbag.py:545} INFO - Filling up the DagBag from /home/airflow/.local/lib/python3.12/site-packages/airflow/example_dags/example_params_trigger_ui.py
[2024-10-30T18:41:18.880+0000] {processor.py:840} INFO - DAG(s) 'example_params_trigger_ui' retrieved from /home/airflow/.local/lib/python3.12/site-packages/airflow/example_dags/example_params_trigger_ui.py
[2024-10-30T18:41:19.467+0000] {logging_mixin.py:188} INFO - [2024-10-30T18:41:19.467+0000] {dag.py:3089} INFO - Sync 1 DAGs
[2024-10-30T18:41:19.502+0000] {logging_mixin.py:188} INFO - [2024-10-30T18:41:19.502+0000] {dag.py:3947} INFO - Setting next_dagrun for example_params_trigger_ui to None, run_after=None
[2024-10-30T18:41:19.565+0000] {processor.py:183} INFO - Processing /home/airflow/.local/lib/python3.12/site-packages/airflow/example_dags/example_params_trigger_ui.py took 0.746 seconds
[2024-10-30T18:41:50.049+0000] {processor.py:161} INFO - Started process (PID=1771) to work on /home/airflow/.local/lib/python3.12/site-packages/airflow/example_dags/example_params_trigger_ui.py
[2024-10-30T18:41:50.052+0000] {processor.py:830} INFO - Processing file /home/airflow/.local/lib/python3.12/site-packages/airflow/example_dags/example_params_trigger_ui.py for tasks to queue
[2024-10-30T18:41:50.058+0000] {logging_mixin.py:188} INFO - [2024-10-30T18:41:50.057+0000] {dagbag.py:545} INFO - Filling up the DagBag from /home/airflow/.local/lib/python3.12/site-packages/airflow/example_dags/example_params_trigger_ui.py
[2024-10-30T18:41:50.092+0000] {processor.py:840} INFO - DAG(s) 'example_params_trigger_ui' retrieved from /home/airflow/.local/lib/python3.12/site-packages/airflow/example_dags/example_params_trigger_ui.py
[2024-10-30T18:41:50.249+0000] {logging_mixin.py:188} INFO - [2024-10-30T18:41:50.248+0000] {dag.py:3089} INFO - Sync 1 DAGs
[2024-10-30T18:41:50.295+0000] {logging_mixin.py:188} INFO - [2024-10-30T18:41:50.294+0000] {dag.py:3947} INFO - Setting next_dagrun for example_params_trigger_ui to None, run_after=None
[2024-10-30T18:41:50.355+0000] {processor.py:183} INFO - Processing /home/airflow/.local/lib/python3.12/site-packages/airflow/example_dags/example_params_trigger_ui.py took 0.327 seconds
[2024-10-30T18:42:21.016+0000] {processor.py:161} INFO - Started process (PID=1831) to work on /home/airflow/.local/lib/python3.12/site-packages/airflow/example_dags/example_params_trigger_ui.py
[2024-10-30T18:42:21.019+0000] {processor.py:830} INFO - Processing file /home/airflow/.local/lib/python3.12/site-packages/airflow/example_dags/example_params_trigger_ui.py for tasks to queue
[2024-10-30T18:42:21.026+0000] {logging_mixin.py:188} INFO - [2024-10-30T18:42:21.025+0000] {dagbag.py:545} INFO - Filling up the DagBag from /home/airflow/.local/lib/python3.12/site-packages/airflow/example_dags/example_params_trigger_ui.py
[2024-10-30T18:42:21.062+0000] {processor.py:840} INFO - DAG(s) 'example_params_trigger_ui' retrieved from /home/airflow/.local/lib/python3.12/site-packages/airflow/example_dags/example_params_trigger_ui.py
[2024-10-30T18:42:21.201+0000] {logging_mixin.py:188} INFO - [2024-10-30T18:42:21.200+0000] {dag.py:3089} INFO - Sync 1 DAGs
[2024-10-30T18:42:21.239+0000] {logging_mixin.py:188} INFO - [2024-10-30T18:42:21.239+0000] {dag.py:3947} INFO - Setting next_dagrun for example_params_trigger_ui to None, run_after=None
[2024-10-30T18:42:21.291+0000] {processor.py:183} INFO - Processing /home/airflow/.local/lib/python3.12/site-packages/airflow/example_dags/example_params_trigger_ui.py took 0.299 seconds
[2024-10-30T18:42:52.208+0000] {processor.py:161} INFO - Started process (PID=1891) to work on /home/airflow/.local/lib/python3.12/site-packages/airflow/example_dags/example_params_trigger_ui.py
[2024-10-30T18:42:52.210+0000] {processor.py:830} INFO - Processing file /home/airflow/.local/lib/python3.12/site-packages/airflow/example_dags/example_params_trigger_ui.py for tasks to queue
[2024-10-30T18:42:52.215+0000] {logging_mixin.py:188} INFO - [2024-10-30T18:42:52.214+0000] {dagbag.py:545} INFO - Filling up the DagBag from /home/airflow/.local/lib/python3.12/site-packages/airflow/example_dags/example_params_trigger_ui.py
[2024-10-30T18:42:52.243+0000] {processor.py:840} INFO - DAG(s) 'example_params_trigger_ui' retrieved from /home/airflow/.local/lib/python3.12/site-packages/airflow/example_dags/example_params_trigger_ui.py
[2024-10-30T18:42:52.386+0000] {logging_mixin.py:188} INFO - [2024-10-30T18:42:52.384+0000] {dag.py:3089} INFO - Sync 1 DAGs
[2024-10-30T18:42:52.428+0000] {logging_mixin.py:188} INFO - [2024-10-30T18:42:52.427+0000] {dag.py:3947} INFO - Setting next_dagrun for example_params_trigger_ui to None, run_after=None
[2024-10-30T18:42:52.487+0000] {processor.py:183} INFO - Processing /home/airflow/.local/lib/python3.12/site-packages/airflow/example_dags/example_params_trigger_ui.py took 0.298 seconds
[2024-10-30T18:43:23.194+0000] {processor.py:161} INFO - Started process (PID=1951) to work on /home/airflow/.local/lib/python3.12/site-packages/airflow/example_dags/example_params_trigger_ui.py
[2024-10-30T18:43:23.196+0000] {processor.py:830} INFO - Processing file /home/airflow/.local/lib/python3.12/site-packages/airflow/example_dags/example_params_trigger_ui.py for tasks to queue
[2024-10-30T18:43:23.202+0000] {logging_mixin.py:188} INFO - [2024-10-30T18:43:23.201+0000] {dagbag.py:545} INFO - Filling up the DagBag from /home/airflow/.local/lib/python3.12/site-packages/airflow/example_dags/example_params_trigger_ui.py
[2024-10-30T18:43:23.233+0000] {processor.py:840} INFO - DAG(s) 'example_params_trigger_ui' retrieved from /home/airflow/.local/lib/python3.12/site-packages/airflow/example_dags/example_params_trigger_ui.py
[2024-10-30T18:43:23.391+0000] {logging_mixin.py:188} INFO - [2024-10-30T18:43:23.391+0000] {dag.py:3089} INFO - Sync 1 DAGs
[2024-10-30T18:43:23.428+0000] {logging_mixin.py:188} INFO - [2024-10-30T18:43:23.428+0000] {dag.py:3947} INFO - Setting next_dagrun for example_params_trigger_ui to None, run_after=None
[2024-10-30T18:43:23.492+0000] {processor.py:183} INFO - Processing /home/airflow/.local/lib/python3.12/site-packages/airflow/example_dags/example_params_trigger_ui.py took 0.320 seconds
[2024-10-30T18:43:53.944+0000] {processor.py:161} INFO - Started process (PID=2011) to work on /home/airflow/.local/lib/python3.12/site-packages/airflow/example_dags/example_params_trigger_ui.py
[2024-10-30T18:43:53.947+0000] {processor.py:830} INFO - Processing file /home/airflow/.local/lib/python3.12/site-packages/airflow/example_dags/example_params_trigger_ui.py for tasks to queue
[2024-10-30T18:43:53.952+0000] {logging_mixin.py:188} INFO - [2024-10-30T18:43:53.952+0000] {dagbag.py:545} INFO - Filling up the DagBag from /home/airflow/.local/lib/python3.12/site-packages/airflow/example_dags/example_params_trigger_ui.py
[2024-10-30T18:43:53.981+0000] {processor.py:840} INFO - DAG(s) 'example_params_trigger_ui' retrieved from /home/airflow/.local/lib/python3.12/site-packages/airflow/example_dags/example_params_trigger_ui.py
[2024-10-30T18:43:54.152+0000] {logging_mixin.py:188} INFO - [2024-10-30T18:43:54.151+0000] {dag.py:3089} INFO - Sync 1 DAGs
[2024-10-30T18:43:54.202+0000] {logging_mixin.py:188} INFO - [2024-10-30T18:43:54.200+0000] {dag.py:3947} INFO - Setting next_dagrun for example_params_trigger_ui to None, run_after=None
[2024-10-30T18:43:54.344+0000] {processor.py:183} INFO - Processing /home/airflow/.local/lib/python3.12/site-packages/airflow/example_dags/example_params_trigger_ui.py took 0.420 seconds
[2024-10-30T18:44:24.774+0000] {processor.py:161} INFO - Started process (PID=2071) to work on /home/airflow/.local/lib/python3.12/site-packages/airflow/example_dags/example_params_trigger_ui.py
[2024-10-30T18:44:24.776+0000] {processor.py:830} INFO - Processing file /home/airflow/.local/lib/python3.12/site-packages/airflow/example_dags/example_params_trigger_ui.py for tasks to queue
[2024-10-30T18:44:24.783+0000] {logging_mixin.py:188} INFO - [2024-10-30T18:44:24.782+0000] {dagbag.py:545} INFO - Filling up the DagBag from /home/airflow/.local/lib/python3.12/site-packages/airflow/example_dags/example_params_trigger_ui.py
[2024-10-30T18:44:24.814+0000] {processor.py:840} INFO - DAG(s) 'example_params_trigger_ui' retrieved from /home/airflow/.local/lib/python3.12/site-packages/airflow/example_dags/example_params_trigger_ui.py
[2024-10-30T18:44:25.091+0000] {logging_mixin.py:188} INFO - [2024-10-30T18:44:25.091+0000] {dag.py:3089} INFO - Sync 1 DAGs
[2024-10-30T18:44:25.159+0000] {logging_mixin.py:188} INFO - [2024-10-30T18:44:25.154+0000] {dag.py:3947} INFO - Setting next_dagrun for example_params_trigger_ui to None, run_after=None
[2024-10-30T18:44:25.228+0000] {processor.py:183} INFO - Processing /home/airflow/.local/lib/python3.12/site-packages/airflow/example_dags/example_params_trigger_ui.py took 0.488 seconds
[2024-10-30T18:44:55.320+0000] {processor.py:161} INFO - Started process (PID=2132) to work on /home/airflow/.local/lib/python3.12/site-packages/airflow/example_dags/example_params_trigger_ui.py
[2024-10-30T18:44:55.323+0000] {processor.py:830} INFO - Processing file /home/airflow/.local/lib/python3.12/site-packages/airflow/example_dags/example_params_trigger_ui.py for tasks to queue
[2024-10-30T18:44:55.327+0000] {logging_mixin.py:188} INFO - [2024-10-30T18:44:55.327+0000] {dagbag.py:545} INFO - Filling up the DagBag from /home/airflow/.local/lib/python3.12/site-packages/airflow/example_dags/example_params_trigger_ui.py
[2024-10-30T18:44:55.353+0000] {processor.py:840} INFO - DAG(s) 'example_params_trigger_ui' retrieved from /home/airflow/.local/lib/python3.12/site-packages/airflow/example_dags/example_params_trigger_ui.py
[2024-10-30T18:44:55.503+0000] {logging_mixin.py:188} INFO - [2024-10-30T18:44:55.502+0000] {dag.py:3089} INFO - Sync 1 DAGs
[2024-10-30T18:44:55.536+0000] {logging_mixin.py:188} INFO - [2024-10-30T18:44:55.535+0000] {dag.py:3947} INFO - Setting next_dagrun for example_params_trigger_ui to None, run_after=None
[2024-10-30T18:44:55.581+0000] {processor.py:183} INFO - Processing /home/airflow/.local/lib/python3.12/site-packages/airflow/example_dags/example_params_trigger_ui.py took 0.276 seconds
[2024-10-30T18:45:27.109+0000] {processor.py:161} INFO - Started process (PID=2192) to work on /home/airflow/.local/lib/python3.12/site-packages/airflow/example_dags/example_params_trigger_ui.py
[2024-10-30T18:45:27.113+0000] {processor.py:830} INFO - Processing file /home/airflow/.local/lib/python3.12/site-packages/airflow/example_dags/example_params_trigger_ui.py for tasks to queue
[2024-10-30T18:45:27.119+0000] {logging_mixin.py:188} INFO - [2024-10-30T18:45:27.118+0000] {dagbag.py:545} INFO - Filling up the DagBag from /home/airflow/.local/lib/python3.12/site-packages/airflow/example_dags/example_params_trigger_ui.py
[2024-10-30T18:45:27.176+0000] {processor.py:840} INFO - DAG(s) 'example_params_trigger_ui' retrieved from /home/airflow/.local/lib/python3.12/site-packages/airflow/example_dags/example_params_trigger_ui.py
[2024-10-30T18:45:27.416+0000] {logging_mixin.py:188} INFO - [2024-10-30T18:45:27.416+0000] {dag.py:3089} INFO - Sync 1 DAGs
[2024-10-30T18:45:27.543+0000] {logging_mixin.py:188} INFO - [2024-10-30T18:45:27.542+0000] {dag.py:3947} INFO - Setting next_dagrun for example_params_trigger_ui to None, run_after=None
[2024-10-30T18:45:27.639+0000] {processor.py:183} INFO - Processing /home/airflow/.local/lib/python3.12/site-packages/airflow/example_dags/example_params_trigger_ui.py took 0.550 seconds
[2024-10-30T18:47:17.583+0000] {processor.py:161} INFO - Started process (PID=2286) to work on /home/airflow/.local/lib/python3.12/site-packages/airflow/example_dags/example_params_trigger_ui.py
[2024-10-30T18:47:17.595+0000] {processor.py:830} INFO - Processing file /home/airflow/.local/lib/python3.12/site-packages/airflow/example_dags/example_params_trigger_ui.py for tasks to queue
[2024-10-30T18:47:17.598+0000] {logging_mixin.py:188} INFO - [2024-10-30T18:47:17.596+0000] {dagbag.py:545} INFO - Filling up the DagBag from /home/airflow/.local/lib/python3.12/site-packages/airflow/example_dags/example_params_trigger_ui.py
[2024-10-30T18:47:17.756+0000] {processor.py:840} INFO - DAG(s) 'example_params_trigger_ui' retrieved from /home/airflow/.local/lib/python3.12/site-packages/airflow/example_dags/example_params_trigger_ui.py
[2024-10-30T18:47:18.546+0000] {logging_mixin.py:188} INFO - [2024-10-30T18:47:18.544+0000] {dag.py:3089} INFO - Sync 1 DAGs
[2024-10-30T18:47:18.747+0000] {logging_mixin.py:188} INFO - [2024-10-30T18:47:18.743+0000] {dag.py:3947} INFO - Setting next_dagrun for example_params_trigger_ui to None, run_after=None
[2024-10-30T18:47:19.131+0000] {processor.py:183} INFO - Processing /home/airflow/.local/lib/python3.12/site-packages/airflow/example_dags/example_params_trigger_ui.py took 1.570 seconds
[2024-10-30T18:48:10.082+0000] {processor.py:161} INFO - Started process (PID=2352) to work on /home/airflow/.local/lib/python3.12/site-packages/airflow/example_dags/example_params_trigger_ui.py
[2024-10-30T18:48:10.088+0000] {processor.py:830} INFO - Processing file /home/airflow/.local/lib/python3.12/site-packages/airflow/example_dags/example_params_trigger_ui.py for tasks to queue
[2024-10-30T18:48:10.127+0000] {logging_mixin.py:188} INFO - [2024-10-30T18:48:10.126+0000] {dagbag.py:545} INFO - Filling up the DagBag from /home/airflow/.local/lib/python3.12/site-packages/airflow/example_dags/example_params_trigger_ui.py
[2024-10-30T18:48:11.010+0000] {processor.py:840} INFO - DAG(s) 'example_params_trigger_ui' retrieved from /home/airflow/.local/lib/python3.12/site-packages/airflow/example_dags/example_params_trigger_ui.py
[2024-10-30T18:48:11.612+0000] {logging_mixin.py:188} INFO - [2024-10-30T18:48:11.611+0000] {dag.py:3089} INFO - Sync 1 DAGs
[2024-10-30T18:48:11.770+0000] {logging_mixin.py:188} INFO - [2024-10-30T18:48:11.768+0000] {dag.py:3947} INFO - Setting next_dagrun for example_params_trigger_ui to None, run_after=None
[2024-10-30T18:48:11.978+0000] {processor.py:183} INFO - Processing /home/airflow/.local/lib/python3.12/site-packages/airflow/example_dags/example_params_trigger_ui.py took 1.986 seconds
[2024-10-30T18:48:42.560+0000] {processor.py:161} INFO - Started process (PID=2411) to work on /home/airflow/.local/lib/python3.12/site-packages/airflow/example_dags/example_params_trigger_ui.py
[2024-10-30T18:48:42.568+0000] {processor.py:830} INFO - Processing file /home/airflow/.local/lib/python3.12/site-packages/airflow/example_dags/example_params_trigger_ui.py for tasks to queue
[2024-10-30T18:48:42.574+0000] {logging_mixin.py:188} INFO - [2024-10-30T18:48:42.570+0000] {dagbag.py:545} INFO - Filling up the DagBag from /home/airflow/.local/lib/python3.12/site-packages/airflow/example_dags/example_params_trigger_ui.py
[2024-10-30T18:48:42.631+0000] {processor.py:840} INFO - DAG(s) 'example_params_trigger_ui' retrieved from /home/airflow/.local/lib/python3.12/site-packages/airflow/example_dags/example_params_trigger_ui.py
[2024-10-30T18:48:42.850+0000] {logging_mixin.py:188} INFO - [2024-10-30T18:48:42.849+0000] {dag.py:3089} INFO - Sync 1 DAGs
[2024-10-30T18:48:42.929+0000] {logging_mixin.py:188} INFO - [2024-10-30T18:48:42.928+0000] {dag.py:3947} INFO - Setting next_dagrun for example_params_trigger_ui to None, run_after=None
[2024-10-30T18:48:43.013+0000] {processor.py:183} INFO - Processing /home/airflow/.local/lib/python3.12/site-packages/airflow/example_dags/example_params_trigger_ui.py took 0.480 seconds
