[2024-10-30T18:26:18.684+0000] {processor.py:161} INFO - Started process (PID=69) to work on /home/airflow/.local/lib/python3.12/site-packages/airflow/example_dags/example_python_decorator.py
[2024-10-30T18:26:18.701+0000] {processor.py:830} INFO - Processing file /home/airflow/.local/lib/python3.12/site-packages/airflow/example_dags/example_python_decorator.py for tasks to queue
[2024-10-30T18:26:18.721+0000] {logging_mixin.py:188} INFO - [2024-10-30T18:26:18.710+0000] {dagbag.py:545} INFO - Filling up the DagBag from /home/airflow/.local/lib/python3.12/site-packages/airflow/example_dags/example_python_decorator.py
[2024-10-30T18:26:18.815+0000] {processor.py:840} INFO - DAG(s) 'example_python_decorator' retrieved from /home/airflow/.local/lib/python3.12/site-packages/airflow/example_dags/example_python_decorator.py
[2024-10-30T18:26:21.289+0000] {logging_mixin.py:188} INFO - [2024-10-30T18:26:21.236+0000] {override.py:1858} INFO - Created Permission View: can read on DAG:example_python_decorator
[2024-10-30T18:26:21.944+0000] {logging_mixin.py:188} INFO - [2024-10-30T18:26:21.943+0000] {override.py:1858} INFO - Created Permission View: can edit on DAG:example_python_decorator
[2024-10-30T18:26:23.355+0000] {logging_mixin.py:188} INFO - [2024-10-30T18:26:23.351+0000] {override.py:1858} INFO - Created Permission View: can delete on DAG:example_python_decorator
[2024-10-30T18:26:23.376+0000] {logging_mixin.py:188} INFO - [2024-10-30T18:26:23.365+0000] {dag.py:3089} INFO - Sync 1 DAGs
[2024-10-30T18:26:24.261+0000] {logging_mixin.py:188} INFO - [2024-10-30T18:26:24.260+0000] {dag.py:3111} INFO - Creating ORM DAG for example_python_decorator
[2024-10-30T18:26:24.273+0000] {logging_mixin.py:188} INFO - [2024-10-30T18:26:24.272+0000] {dag.py:3947} INFO - Setting next_dagrun for example_python_decorator to None, run_after=None
[2024-10-30T18:26:26.663+0000] {processor.py:183} INFO - Processing /home/airflow/.local/lib/python3.12/site-packages/airflow/example_dags/example_python_decorator.py took 8.056 seconds
[2024-10-30T18:27:39.657+0000] {processor.py:161} INFO - Started process (PID=142) to work on /home/airflow/.local/lib/python3.12/site-packages/airflow/example_dags/example_python_decorator.py
[2024-10-30T18:27:39.660+0000] {processor.py:830} INFO - Processing file /home/airflow/.local/lib/python3.12/site-packages/airflow/example_dags/example_python_decorator.py for tasks to queue
[2024-10-30T18:27:39.665+0000] {logging_mixin.py:188} INFO - [2024-10-30T18:27:39.664+0000] {dagbag.py:545} INFO - Filling up the DagBag from /home/airflow/.local/lib/python3.12/site-packages/airflow/example_dags/example_python_decorator.py
[2024-10-30T18:27:39.714+0000] {processor.py:840} INFO - DAG(s) 'example_python_decorator' retrieved from /home/airflow/.local/lib/python3.12/site-packages/airflow/example_dags/example_python_decorator.py
[2024-10-30T18:27:39.790+0000] {logging_mixin.py:188} INFO - [2024-10-30T18:27:39.790+0000] {dag.py:3089} INFO - Sync 1 DAGs
[2024-10-30T18:27:39.833+0000] {logging_mixin.py:188} INFO - [2024-10-30T18:27:39.832+0000] {dag.py:3947} INFO - Setting next_dagrun for example_python_decorator to None, run_after=None
[2024-10-30T18:27:39.895+0000] {processor.py:183} INFO - Processing /home/airflow/.local/lib/python3.12/site-packages/airflow/example_dags/example_python_decorator.py took 0.259 seconds
[2024-10-30T18:28:10.814+0000] {processor.py:161} INFO - Started process (PID=201) to work on /home/airflow/.local/lib/python3.12/site-packages/airflow/example_dags/example_python_decorator.py
[2024-10-30T18:28:10.817+0000] {processor.py:830} INFO - Processing file /home/airflow/.local/lib/python3.12/site-packages/airflow/example_dags/example_python_decorator.py for tasks to queue
[2024-10-30T18:28:10.822+0000] {logging_mixin.py:188} INFO - [2024-10-30T18:28:10.821+0000] {dagbag.py:545} INFO - Filling up the DagBag from /home/airflow/.local/lib/python3.12/site-packages/airflow/example_dags/example_python_decorator.py
[2024-10-30T18:28:10.870+0000] {processor.py:840} INFO - DAG(s) 'example_python_decorator' retrieved from /home/airflow/.local/lib/python3.12/site-packages/airflow/example_dags/example_python_decorator.py
[2024-10-30T18:28:10.948+0000] {logging_mixin.py:188} INFO - [2024-10-30T18:28:10.947+0000] {dag.py:3089} INFO - Sync 1 DAGs
[2024-10-30T18:28:10.989+0000] {logging_mixin.py:188} INFO - [2024-10-30T18:28:10.988+0000] {dag.py:3947} INFO - Setting next_dagrun for example_python_decorator to None, run_after=None
[2024-10-30T18:28:11.045+0000] {processor.py:183} INFO - Processing /home/airflow/.local/lib/python3.12/site-packages/airflow/example_dags/example_python_decorator.py took 0.249 seconds
[2024-10-30T18:28:43.117+0000] {processor.py:161} INFO - Started process (PID=261) to work on /home/airflow/.local/lib/python3.12/site-packages/airflow/example_dags/example_python_decorator.py
[2024-10-30T18:28:43.120+0000] {processor.py:830} INFO - Processing file /home/airflow/.local/lib/python3.12/site-packages/airflow/example_dags/example_python_decorator.py for tasks to queue
[2024-10-30T18:28:43.126+0000] {logging_mixin.py:188} INFO - [2024-10-30T18:28:43.124+0000] {dagbag.py:545} INFO - Filling up the DagBag from /home/airflow/.local/lib/python3.12/site-packages/airflow/example_dags/example_python_decorator.py
[2024-10-30T18:28:43.167+0000] {processor.py:840} INFO - DAG(s) 'example_python_decorator' retrieved from /home/airflow/.local/lib/python3.12/site-packages/airflow/example_dags/example_python_decorator.py
[2024-10-30T18:28:43.298+0000] {logging_mixin.py:188} INFO - [2024-10-30T18:28:43.297+0000] {dag.py:3089} INFO - Sync 1 DAGs
[2024-10-30T18:28:43.348+0000] {logging_mixin.py:188} INFO - [2024-10-30T18:28:43.347+0000] {dag.py:3947} INFO - Setting next_dagrun for example_python_decorator to None, run_after=None
[2024-10-30T18:28:43.444+0000] {processor.py:183} INFO - Processing /home/airflow/.local/lib/python3.12/site-packages/airflow/example_dags/example_python_decorator.py took 0.364 seconds
[2024-10-30T18:29:17.868+0000] {processor.py:161} INFO - Started process (PID=321) to work on /home/airflow/.local/lib/python3.12/site-packages/airflow/example_dags/example_python_decorator.py
[2024-10-30T18:29:17.874+0000] {processor.py:830} INFO - Processing file /home/airflow/.local/lib/python3.12/site-packages/airflow/example_dags/example_python_decorator.py for tasks to queue
[2024-10-30T18:29:17.880+0000] {logging_mixin.py:188} INFO - [2024-10-30T18:29:17.878+0000] {dagbag.py:545} INFO - Filling up the DagBag from /home/airflow/.local/lib/python3.12/site-packages/airflow/example_dags/example_python_decorator.py
[2024-10-30T18:29:17.930+0000] {processor.py:840} INFO - DAG(s) 'example_python_decorator' retrieved from /home/airflow/.local/lib/python3.12/site-packages/airflow/example_dags/example_python_decorator.py
[2024-10-30T18:29:18.004+0000] {logging_mixin.py:188} INFO - [2024-10-30T18:29:18.003+0000] {dag.py:3089} INFO - Sync 1 DAGs
[2024-10-30T18:29:18.048+0000] {logging_mixin.py:188} INFO - [2024-10-30T18:29:18.047+0000] {dag.py:3947} INFO - Setting next_dagrun for example_python_decorator to None, run_after=None
[2024-10-30T18:29:18.106+0000] {processor.py:183} INFO - Processing /home/airflow/.local/lib/python3.12/site-packages/airflow/example_dags/example_python_decorator.py took 0.267 seconds
[2024-10-30T18:29:48.657+0000] {processor.py:161} INFO - Started process (PID=381) to work on /home/airflow/.local/lib/python3.12/site-packages/airflow/example_dags/example_python_decorator.py
[2024-10-30T18:29:48.660+0000] {processor.py:830} INFO - Processing file /home/airflow/.local/lib/python3.12/site-packages/airflow/example_dags/example_python_decorator.py for tasks to queue
[2024-10-30T18:29:48.665+0000] {logging_mixin.py:188} INFO - [2024-10-30T18:29:48.664+0000] {dagbag.py:545} INFO - Filling up the DagBag from /home/airflow/.local/lib/python3.12/site-packages/airflow/example_dags/example_python_decorator.py
[2024-10-30T18:29:48.709+0000] {processor.py:840} INFO - DAG(s) 'example_python_decorator' retrieved from /home/airflow/.local/lib/python3.12/site-packages/airflow/example_dags/example_python_decorator.py
[2024-10-30T18:29:48.835+0000] {logging_mixin.py:188} INFO - [2024-10-30T18:29:48.834+0000] {dag.py:3089} INFO - Sync 1 DAGs
[2024-10-30T18:29:48.910+0000] {logging_mixin.py:188} INFO - [2024-10-30T18:29:48.909+0000] {dag.py:3947} INFO - Setting next_dagrun for example_python_decorator to None, run_after=None
[2024-10-30T18:29:48.971+0000] {processor.py:183} INFO - Processing /home/airflow/.local/lib/python3.12/site-packages/airflow/example_dags/example_python_decorator.py took 0.332 seconds
[2024-10-30T18:30:20.516+0000] {processor.py:161} INFO - Started process (PID=440) to work on /home/airflow/.local/lib/python3.12/site-packages/airflow/example_dags/example_python_decorator.py
[2024-10-30T18:30:20.518+0000] {processor.py:830} INFO - Processing file /home/airflow/.local/lib/python3.12/site-packages/airflow/example_dags/example_python_decorator.py for tasks to queue
[2024-10-30T18:30:20.524+0000] {logging_mixin.py:188} INFO - [2024-10-30T18:30:20.523+0000] {dagbag.py:545} INFO - Filling up the DagBag from /home/airflow/.local/lib/python3.12/site-packages/airflow/example_dags/example_python_decorator.py
[2024-10-30T18:30:20.557+0000] {processor.py:840} INFO - DAG(s) 'example_python_decorator' retrieved from /home/airflow/.local/lib/python3.12/site-packages/airflow/example_dags/example_python_decorator.py
[2024-10-30T18:30:20.615+0000] {logging_mixin.py:188} INFO - [2024-10-30T18:30:20.614+0000] {dag.py:3089} INFO - Sync 1 DAGs
[2024-10-30T18:30:20.646+0000] {logging_mixin.py:188} INFO - [2024-10-30T18:30:20.646+0000] {dag.py:3947} INFO - Setting next_dagrun for example_python_decorator to None, run_after=None
[2024-10-30T18:30:20.694+0000] {processor.py:183} INFO - Processing /home/airflow/.local/lib/python3.12/site-packages/airflow/example_dags/example_python_decorator.py took 0.192 seconds
[2024-10-30T18:30:52.119+0000] {processor.py:161} INFO - Started process (PID=497) to work on /home/airflow/.local/lib/python3.12/site-packages/airflow/example_dags/example_python_decorator.py
[2024-10-30T18:30:52.121+0000] {processor.py:830} INFO - Processing file /home/airflow/.local/lib/python3.12/site-packages/airflow/example_dags/example_python_decorator.py for tasks to queue
[2024-10-30T18:30:52.125+0000] {logging_mixin.py:188} INFO - [2024-10-30T18:30:52.124+0000] {dagbag.py:545} INFO - Filling up the DagBag from /home/airflow/.local/lib/python3.12/site-packages/airflow/example_dags/example_python_decorator.py
[2024-10-30T18:30:52.163+0000] {processor.py:840} INFO - DAG(s) 'example_python_decorator' retrieved from /home/airflow/.local/lib/python3.12/site-packages/airflow/example_dags/example_python_decorator.py
[2024-10-30T18:30:52.242+0000] {logging_mixin.py:188} INFO - [2024-10-30T18:30:52.242+0000] {dag.py:3089} INFO - Sync 1 DAGs
[2024-10-30T18:30:52.284+0000] {logging_mixin.py:188} INFO - [2024-10-30T18:30:52.283+0000] {dag.py:3947} INFO - Setting next_dagrun for example_python_decorator to None, run_after=None
[2024-10-30T18:30:52.340+0000] {processor.py:183} INFO - Processing /home/airflow/.local/lib/python3.12/site-packages/airflow/example_dags/example_python_decorator.py took 0.237 seconds
[2024-10-30T18:31:26.026+0000] {processor.py:161} INFO - Started process (PID=557) to work on /home/airflow/.local/lib/python3.12/site-packages/airflow/example_dags/example_python_decorator.py
[2024-10-30T18:31:26.031+0000] {processor.py:830} INFO - Processing file /home/airflow/.local/lib/python3.12/site-packages/airflow/example_dags/example_python_decorator.py for tasks to queue
[2024-10-30T18:31:26.035+0000] {logging_mixin.py:188} INFO - [2024-10-30T18:31:26.035+0000] {dagbag.py:545} INFO - Filling up the DagBag from /home/airflow/.local/lib/python3.12/site-packages/airflow/example_dags/example_python_decorator.py
[2024-10-30T18:31:26.078+0000] {processor.py:840} INFO - DAG(s) 'example_python_decorator' retrieved from /home/airflow/.local/lib/python3.12/site-packages/airflow/example_dags/example_python_decorator.py
[2024-10-30T18:31:26.151+0000] {logging_mixin.py:188} INFO - [2024-10-30T18:31:26.151+0000] {dag.py:3089} INFO - Sync 1 DAGs
[2024-10-30T18:31:26.185+0000] {logging_mixin.py:188} INFO - [2024-10-30T18:31:26.184+0000] {dag.py:3947} INFO - Setting next_dagrun for example_python_decorator to None, run_after=None
[2024-10-30T18:31:26.237+0000] {processor.py:183} INFO - Processing /home/airflow/.local/lib/python3.12/site-packages/airflow/example_dags/example_python_decorator.py took 0.229 seconds
[2024-10-30T18:31:57.480+0000] {processor.py:161} INFO - Started process (PID=617) to work on /home/airflow/.local/lib/python3.12/site-packages/airflow/example_dags/example_python_decorator.py
[2024-10-30T18:31:57.483+0000] {processor.py:830} INFO - Processing file /home/airflow/.local/lib/python3.12/site-packages/airflow/example_dags/example_python_decorator.py for tasks to queue
[2024-10-30T18:31:57.488+0000] {logging_mixin.py:188} INFO - [2024-10-30T18:31:57.487+0000] {dagbag.py:545} INFO - Filling up the DagBag from /home/airflow/.local/lib/python3.12/site-packages/airflow/example_dags/example_python_decorator.py
[2024-10-30T18:31:57.535+0000] {processor.py:840} INFO - DAG(s) 'example_python_decorator' retrieved from /home/airflow/.local/lib/python3.12/site-packages/airflow/example_dags/example_python_decorator.py
[2024-10-30T18:31:57.612+0000] {logging_mixin.py:188} INFO - [2024-10-30T18:31:57.611+0000] {dag.py:3089} INFO - Sync 1 DAGs
[2024-10-30T18:31:57.646+0000] {logging_mixin.py:188} INFO - [2024-10-30T18:31:57.645+0000] {dag.py:3947} INFO - Setting next_dagrun for example_python_decorator to None, run_after=None
[2024-10-30T18:31:57.699+0000] {processor.py:183} INFO - Processing /home/airflow/.local/lib/python3.12/site-packages/airflow/example_dags/example_python_decorator.py took 0.242 seconds
[2024-10-30T18:32:29.140+0000] {processor.py:161} INFO - Started process (PID=677) to work on /home/airflow/.local/lib/python3.12/site-packages/airflow/example_dags/example_python_decorator.py
[2024-10-30T18:32:29.143+0000] {processor.py:830} INFO - Processing file /home/airflow/.local/lib/python3.12/site-packages/airflow/example_dags/example_python_decorator.py for tasks to queue
[2024-10-30T18:32:29.149+0000] {logging_mixin.py:188} INFO - [2024-10-30T18:32:29.147+0000] {dagbag.py:545} INFO - Filling up the DagBag from /home/airflow/.local/lib/python3.12/site-packages/airflow/example_dags/example_python_decorator.py
[2024-10-30T18:32:29.216+0000] {processor.py:840} INFO - DAG(s) 'example_python_decorator' retrieved from /home/airflow/.local/lib/python3.12/site-packages/airflow/example_dags/example_python_decorator.py
[2024-10-30T18:32:29.303+0000] {logging_mixin.py:188} INFO - [2024-10-30T18:32:29.302+0000] {dag.py:3089} INFO - Sync 1 DAGs
[2024-10-30T18:32:29.354+0000] {logging_mixin.py:188} INFO - [2024-10-30T18:32:29.354+0000] {dag.py:3947} INFO - Setting next_dagrun for example_python_decorator to None, run_after=None
[2024-10-30T18:32:29.480+0000] {processor.py:183} INFO - Processing /home/airflow/.local/lib/python3.12/site-packages/airflow/example_dags/example_python_decorator.py took 0.359 seconds
[2024-10-30T18:33:00.685+0000] {processor.py:161} INFO - Started process (PID=738) to work on /home/airflow/.local/lib/python3.12/site-packages/airflow/example_dags/example_python_decorator.py
[2024-10-30T18:33:00.689+0000] {processor.py:830} INFO - Processing file /home/airflow/.local/lib/python3.12/site-packages/airflow/example_dags/example_python_decorator.py for tasks to queue
[2024-10-30T18:33:00.695+0000] {logging_mixin.py:188} INFO - [2024-10-30T18:33:00.694+0000] {dagbag.py:545} INFO - Filling up the DagBag from /home/airflow/.local/lib/python3.12/site-packages/airflow/example_dags/example_python_decorator.py
[2024-10-30T18:33:00.738+0000] {processor.py:840} INFO - DAG(s) 'example_python_decorator' retrieved from /home/airflow/.local/lib/python3.12/site-packages/airflow/example_dags/example_python_decorator.py
[2024-10-30T18:33:00.802+0000] {logging_mixin.py:188} INFO - [2024-10-30T18:33:00.801+0000] {dag.py:3089} INFO - Sync 1 DAGs
[2024-10-30T18:33:00.844+0000] {logging_mixin.py:188} INFO - [2024-10-30T18:33:00.843+0000] {dag.py:3947} INFO - Setting next_dagrun for example_python_decorator to None, run_after=None
[2024-10-30T18:33:00.908+0000] {processor.py:183} INFO - Processing /home/airflow/.local/lib/python3.12/site-packages/airflow/example_dags/example_python_decorator.py took 0.242 seconds
[2024-10-30T18:33:31.054+0000] {processor.py:161} INFO - Started process (PID=796) to work on /home/airflow/.local/lib/python3.12/site-packages/airflow/example_dags/example_python_decorator.py
[2024-10-30T18:33:31.056+0000] {processor.py:830} INFO - Processing file /home/airflow/.local/lib/python3.12/site-packages/airflow/example_dags/example_python_decorator.py for tasks to queue
[2024-10-30T18:33:31.062+0000] {logging_mixin.py:188} INFO - [2024-10-30T18:33:31.061+0000] {dagbag.py:545} INFO - Filling up the DagBag from /home/airflow/.local/lib/python3.12/site-packages/airflow/example_dags/example_python_decorator.py
[2024-10-30T18:33:31.103+0000] {processor.py:840} INFO - DAG(s) 'example_python_decorator' retrieved from /home/airflow/.local/lib/python3.12/site-packages/airflow/example_dags/example_python_decorator.py
[2024-10-30T18:33:31.173+0000] {logging_mixin.py:188} INFO - [2024-10-30T18:33:31.172+0000] {dag.py:3089} INFO - Sync 1 DAGs
[2024-10-30T18:33:31.204+0000] {logging_mixin.py:188} INFO - [2024-10-30T18:33:31.204+0000] {dag.py:3947} INFO - Setting next_dagrun for example_python_decorator to None, run_after=None
[2024-10-30T18:33:31.242+0000] {processor.py:183} INFO - Processing /home/airflow/.local/lib/python3.12/site-packages/airflow/example_dags/example_python_decorator.py took 0.206 seconds
[2024-10-30T18:34:01.987+0000] {processor.py:161} INFO - Started process (PID=857) to work on /home/airflow/.local/lib/python3.12/site-packages/airflow/example_dags/example_python_decorator.py
[2024-10-30T18:34:01.990+0000] {processor.py:830} INFO - Processing file /home/airflow/.local/lib/python3.12/site-packages/airflow/example_dags/example_python_decorator.py for tasks to queue
[2024-10-30T18:34:01.999+0000] {logging_mixin.py:188} INFO - [2024-10-30T18:34:01.997+0000] {dagbag.py:545} INFO - Filling up the DagBag from /home/airflow/.local/lib/python3.12/site-packages/airflow/example_dags/example_python_decorator.py
[2024-10-30T18:34:02.054+0000] {processor.py:840} INFO - DAG(s) 'example_python_decorator' retrieved from /home/airflow/.local/lib/python3.12/site-packages/airflow/example_dags/example_python_decorator.py
[2024-10-30T18:34:02.118+0000] {logging_mixin.py:188} INFO - [2024-10-30T18:34:02.117+0000] {dag.py:3089} INFO - Sync 1 DAGs
[2024-10-30T18:34:02.147+0000] {logging_mixin.py:188} INFO - [2024-10-30T18:34:02.146+0000] {dag.py:3947} INFO - Setting next_dagrun for example_python_decorator to None, run_after=None
[2024-10-30T18:34:02.188+0000] {processor.py:183} INFO - Processing /home/airflow/.local/lib/python3.12/site-packages/airflow/example_dags/example_python_decorator.py took 0.229 seconds
[2024-10-30T18:34:32.467+0000] {processor.py:161} INFO - Started process (PID=917) to work on /home/airflow/.local/lib/python3.12/site-packages/airflow/example_dags/example_python_decorator.py
[2024-10-30T18:34:32.469+0000] {processor.py:830} INFO - Processing file /home/airflow/.local/lib/python3.12/site-packages/airflow/example_dags/example_python_decorator.py for tasks to queue
[2024-10-30T18:34:32.475+0000] {logging_mixin.py:188} INFO - [2024-10-30T18:34:32.474+0000] {dagbag.py:545} INFO - Filling up the DagBag from /home/airflow/.local/lib/python3.12/site-packages/airflow/example_dags/example_python_decorator.py
[2024-10-30T18:34:32.542+0000] {processor.py:840} INFO - DAG(s) 'example_python_decorator' retrieved from /home/airflow/.local/lib/python3.12/site-packages/airflow/example_dags/example_python_decorator.py
[2024-10-30T18:34:32.615+0000] {logging_mixin.py:188} INFO - [2024-10-30T18:34:32.614+0000] {dag.py:3089} INFO - Sync 1 DAGs
[2024-10-30T18:34:32.651+0000] {logging_mixin.py:188} INFO - [2024-10-30T18:34:32.650+0000] {dag.py:3947} INFO - Setting next_dagrun for example_python_decorator to None, run_after=None
[2024-10-30T18:34:32.706+0000] {processor.py:183} INFO - Processing /home/airflow/.local/lib/python3.12/site-packages/airflow/example_dags/example_python_decorator.py took 0.257 seconds
[2024-10-30T18:35:03.086+0000] {processor.py:161} INFO - Started process (PID=977) to work on /home/airflow/.local/lib/python3.12/site-packages/airflow/example_dags/example_python_decorator.py
[2024-10-30T18:35:03.089+0000] {processor.py:830} INFO - Processing file /home/airflow/.local/lib/python3.12/site-packages/airflow/example_dags/example_python_decorator.py for tasks to queue
[2024-10-30T18:35:03.100+0000] {logging_mixin.py:188} INFO - [2024-10-30T18:35:03.098+0000] {dagbag.py:545} INFO - Filling up the DagBag from /home/airflow/.local/lib/python3.12/site-packages/airflow/example_dags/example_python_decorator.py
[2024-10-30T18:35:03.176+0000] {processor.py:840} INFO - DAG(s) 'example_python_decorator' retrieved from /home/airflow/.local/lib/python3.12/site-packages/airflow/example_dags/example_python_decorator.py
[2024-10-30T18:35:03.273+0000] {logging_mixin.py:188} INFO - [2024-10-30T18:35:03.272+0000] {dag.py:3089} INFO - Sync 1 DAGs
[2024-10-30T18:35:03.316+0000] {logging_mixin.py:188} INFO - [2024-10-30T18:35:03.315+0000] {dag.py:3947} INFO - Setting next_dagrun for example_python_decorator to None, run_after=None
[2024-10-30T18:35:03.372+0000] {processor.py:183} INFO - Processing /home/airflow/.local/lib/python3.12/site-packages/airflow/example_dags/example_python_decorator.py took 0.316 seconds
[2024-10-30T18:35:33.473+0000] {processor.py:161} INFO - Started process (PID=1036) to work on /home/airflow/.local/lib/python3.12/site-packages/airflow/example_dags/example_python_decorator.py
[2024-10-30T18:35:33.476+0000] {processor.py:830} INFO - Processing file /home/airflow/.local/lib/python3.12/site-packages/airflow/example_dags/example_python_decorator.py for tasks to queue
[2024-10-30T18:35:33.482+0000] {logging_mixin.py:188} INFO - [2024-10-30T18:35:33.481+0000] {dagbag.py:545} INFO - Filling up the DagBag from /home/airflow/.local/lib/python3.12/site-packages/airflow/example_dags/example_python_decorator.py
[2024-10-30T18:35:33.519+0000] {processor.py:840} INFO - DAG(s) 'example_python_decorator' retrieved from /home/airflow/.local/lib/python3.12/site-packages/airflow/example_dags/example_python_decorator.py
[2024-10-30T18:35:33.597+0000] {logging_mixin.py:188} INFO - [2024-10-30T18:35:33.596+0000] {dag.py:3089} INFO - Sync 1 DAGs
[2024-10-30T18:35:33.631+0000] {logging_mixin.py:188} INFO - [2024-10-30T18:35:33.631+0000] {dag.py:3947} INFO - Setting next_dagrun for example_python_decorator to None, run_after=None
[2024-10-30T18:35:33.684+0000] {processor.py:183} INFO - Processing /home/airflow/.local/lib/python3.12/site-packages/airflow/example_dags/example_python_decorator.py took 0.234 seconds
[2024-10-30T18:36:03.748+0000] {processor.py:161} INFO - Started process (PID=1096) to work on /home/airflow/.local/lib/python3.12/site-packages/airflow/example_dags/example_python_decorator.py
[2024-10-30T18:36:03.750+0000] {processor.py:830} INFO - Processing file /home/airflow/.local/lib/python3.12/site-packages/airflow/example_dags/example_python_decorator.py for tasks to queue
[2024-10-30T18:36:03.756+0000] {logging_mixin.py:188} INFO - [2024-10-30T18:36:03.755+0000] {dagbag.py:545} INFO - Filling up the DagBag from /home/airflow/.local/lib/python3.12/site-packages/airflow/example_dags/example_python_decorator.py
[2024-10-30T18:36:03.800+0000] {processor.py:840} INFO - DAG(s) 'example_python_decorator' retrieved from /home/airflow/.local/lib/python3.12/site-packages/airflow/example_dags/example_python_decorator.py
[2024-10-30T18:36:03.868+0000] {logging_mixin.py:188} INFO - [2024-10-30T18:36:03.868+0000] {dag.py:3089} INFO - Sync 1 DAGs
[2024-10-30T18:36:03.910+0000] {logging_mixin.py:188} INFO - [2024-10-30T18:36:03.910+0000] {dag.py:3947} INFO - Setting next_dagrun for example_python_decorator to None, run_after=None
[2024-10-30T18:36:03.972+0000] {processor.py:183} INFO - Processing /home/airflow/.local/lib/python3.12/site-packages/airflow/example_dags/example_python_decorator.py took 0.241 seconds
[2024-10-30T18:36:34.604+0000] {processor.py:161} INFO - Started process (PID=1155) to work on /home/airflow/.local/lib/python3.12/site-packages/airflow/example_dags/example_python_decorator.py
[2024-10-30T18:36:34.607+0000] {processor.py:830} INFO - Processing file /home/airflow/.local/lib/python3.12/site-packages/airflow/example_dags/example_python_decorator.py for tasks to queue
[2024-10-30T18:36:34.619+0000] {logging_mixin.py:188} INFO - [2024-10-30T18:36:34.618+0000] {dagbag.py:545} INFO - Filling up the DagBag from /home/airflow/.local/lib/python3.12/site-packages/airflow/example_dags/example_python_decorator.py
[2024-10-30T18:36:34.710+0000] {processor.py:840} INFO - DAG(s) 'example_python_decorator' retrieved from /home/airflow/.local/lib/python3.12/site-packages/airflow/example_dags/example_python_decorator.py
[2024-10-30T18:36:34.795+0000] {logging_mixin.py:188} INFO - [2024-10-30T18:36:34.794+0000] {dag.py:3089} INFO - Sync 1 DAGs
[2024-10-30T18:36:34.843+0000] {logging_mixin.py:188} INFO - [2024-10-30T18:36:34.843+0000] {dag.py:3947} INFO - Setting next_dagrun for example_python_decorator to None, run_after=None
[2024-10-30T18:36:34.961+0000] {processor.py:183} INFO - Processing /home/airflow/.local/lib/python3.12/site-packages/airflow/example_dags/example_python_decorator.py took 0.386 seconds
[2024-10-30T18:37:05.906+0000] {processor.py:161} INFO - Started process (PID=1215) to work on /home/airflow/.local/lib/python3.12/site-packages/airflow/example_dags/example_python_decorator.py
[2024-10-30T18:37:05.908+0000] {processor.py:830} INFO - Processing file /home/airflow/.local/lib/python3.12/site-packages/airflow/example_dags/example_python_decorator.py for tasks to queue
[2024-10-30T18:37:05.914+0000] {logging_mixin.py:188} INFO - [2024-10-30T18:37:05.913+0000] {dagbag.py:545} INFO - Filling up the DagBag from /home/airflow/.local/lib/python3.12/site-packages/airflow/example_dags/example_python_decorator.py
[2024-10-30T18:37:05.955+0000] {processor.py:840} INFO - DAG(s) 'example_python_decorator' retrieved from /home/airflow/.local/lib/python3.12/site-packages/airflow/example_dags/example_python_decorator.py
[2024-10-30T18:37:06.030+0000] {logging_mixin.py:188} INFO - [2024-10-30T18:37:06.030+0000] {dag.py:3089} INFO - Sync 1 DAGs
[2024-10-30T18:37:06.075+0000] {logging_mixin.py:188} INFO - [2024-10-30T18:37:06.075+0000] {dag.py:3947} INFO - Setting next_dagrun for example_python_decorator to None, run_after=None
[2024-10-30T18:37:06.135+0000] {processor.py:183} INFO - Processing /home/airflow/.local/lib/python3.12/site-packages/airflow/example_dags/example_python_decorator.py took 0.248 seconds
[2024-10-30T18:37:36.393+0000] {processor.py:161} INFO - Started process (PID=1274) to work on /home/airflow/.local/lib/python3.12/site-packages/airflow/example_dags/example_python_decorator.py
[2024-10-30T18:37:36.398+0000] {processor.py:830} INFO - Processing file /home/airflow/.local/lib/python3.12/site-packages/airflow/example_dags/example_python_decorator.py for tasks to queue
[2024-10-30T18:37:36.408+0000] {logging_mixin.py:188} INFO - [2024-10-30T18:37:36.407+0000] {dagbag.py:545} INFO - Filling up the DagBag from /home/airflow/.local/lib/python3.12/site-packages/airflow/example_dags/example_python_decorator.py
[2024-10-30T18:37:36.456+0000] {processor.py:840} INFO - DAG(s) 'example_python_decorator' retrieved from /home/airflow/.local/lib/python3.12/site-packages/airflow/example_dags/example_python_decorator.py
[2024-10-30T18:37:36.548+0000] {logging_mixin.py:188} INFO - [2024-10-30T18:37:36.547+0000] {dag.py:3089} INFO - Sync 1 DAGs
[2024-10-30T18:37:36.599+0000] {logging_mixin.py:188} INFO - [2024-10-30T18:37:36.599+0000] {dag.py:3947} INFO - Setting next_dagrun for example_python_decorator to None, run_after=None
[2024-10-30T18:37:36.672+0000] {processor.py:183} INFO - Processing /home/airflow/.local/lib/python3.12/site-packages/airflow/example_dags/example_python_decorator.py took 0.308 seconds
[2024-10-30T18:38:06.779+0000] {processor.py:161} INFO - Started process (PID=1335) to work on /home/airflow/.local/lib/python3.12/site-packages/airflow/example_dags/example_python_decorator.py
[2024-10-30T18:38:06.786+0000] {processor.py:830} INFO - Processing file /home/airflow/.local/lib/python3.12/site-packages/airflow/example_dags/example_python_decorator.py for tasks to queue
[2024-10-30T18:38:06.795+0000] {logging_mixin.py:188} INFO - [2024-10-30T18:38:06.794+0000] {dagbag.py:545} INFO - Filling up the DagBag from /home/airflow/.local/lib/python3.12/site-packages/airflow/example_dags/example_python_decorator.py
[2024-10-30T18:38:06.841+0000] {processor.py:840} INFO - DAG(s) 'example_python_decorator' retrieved from /home/airflow/.local/lib/python3.12/site-packages/airflow/example_dags/example_python_decorator.py
[2024-10-30T18:38:06.910+0000] {logging_mixin.py:188} INFO - [2024-10-30T18:38:06.910+0000] {dag.py:3089} INFO - Sync 1 DAGs
[2024-10-30T18:38:06.958+0000] {logging_mixin.py:188} INFO - [2024-10-30T18:38:06.958+0000] {dag.py:3947} INFO - Setting next_dagrun for example_python_decorator to None, run_after=None
[2024-10-30T18:38:07.031+0000] {processor.py:183} INFO - Processing /home/airflow/.local/lib/python3.12/site-packages/airflow/example_dags/example_python_decorator.py took 0.279 seconds
[2024-10-30T18:38:37.981+0000] {processor.py:161} INFO - Started process (PID=1394) to work on /home/airflow/.local/lib/python3.12/site-packages/airflow/example_dags/example_python_decorator.py
[2024-10-30T18:38:37.984+0000] {processor.py:830} INFO - Processing file /home/airflow/.local/lib/python3.12/site-packages/airflow/example_dags/example_python_decorator.py for tasks to queue
[2024-10-30T18:38:37.990+0000] {logging_mixin.py:188} INFO - [2024-10-30T18:38:37.989+0000] {dagbag.py:545} INFO - Filling up the DagBag from /home/airflow/.local/lib/python3.12/site-packages/airflow/example_dags/example_python_decorator.py
[2024-10-30T18:38:38.035+0000] {processor.py:840} INFO - DAG(s) 'example_python_decorator' retrieved from /home/airflow/.local/lib/python3.12/site-packages/airflow/example_dags/example_python_decorator.py
[2024-10-30T18:38:38.101+0000] {logging_mixin.py:188} INFO - [2024-10-30T18:38:38.101+0000] {dag.py:3089} INFO - Sync 1 DAGs
[2024-10-30T18:38:38.137+0000] {logging_mixin.py:188} INFO - [2024-10-30T18:38:38.136+0000] {dag.py:3947} INFO - Setting next_dagrun for example_python_decorator to None, run_after=None
[2024-10-30T18:38:38.199+0000] {processor.py:183} INFO - Processing /home/airflow/.local/lib/python3.12/site-packages/airflow/example_dags/example_python_decorator.py took 0.244 seconds
[2024-10-30T18:39:08.723+0000] {processor.py:161} INFO - Started process (PID=1454) to work on /home/airflow/.local/lib/python3.12/site-packages/airflow/example_dags/example_python_decorator.py
[2024-10-30T18:39:08.727+0000] {processor.py:830} INFO - Processing file /home/airflow/.local/lib/python3.12/site-packages/airflow/example_dags/example_python_decorator.py for tasks to queue
[2024-10-30T18:39:08.733+0000] {logging_mixin.py:188} INFO - [2024-10-30T18:39:08.732+0000] {dagbag.py:545} INFO - Filling up the DagBag from /home/airflow/.local/lib/python3.12/site-packages/airflow/example_dags/example_python_decorator.py
[2024-10-30T18:39:08.782+0000] {processor.py:840} INFO - DAG(s) 'example_python_decorator' retrieved from /home/airflow/.local/lib/python3.12/site-packages/airflow/example_dags/example_python_decorator.py
[2024-10-30T18:39:08.891+0000] {logging_mixin.py:188} INFO - [2024-10-30T18:39:08.890+0000] {dag.py:3089} INFO - Sync 1 DAGs
[2024-10-30T18:39:08.941+0000] {logging_mixin.py:188} INFO - [2024-10-30T18:39:08.940+0000] {dag.py:3947} INFO - Setting next_dagrun for example_python_decorator to None, run_after=None
[2024-10-30T18:39:09.016+0000] {processor.py:183} INFO - Processing /home/airflow/.local/lib/python3.12/site-packages/airflow/example_dags/example_python_decorator.py took 0.318 seconds
[2024-10-30T18:39:39.581+0000] {processor.py:161} INFO - Started process (PID=1514) to work on /home/airflow/.local/lib/python3.12/site-packages/airflow/example_dags/example_python_decorator.py
[2024-10-30T18:39:39.584+0000] {processor.py:830} INFO - Processing file /home/airflow/.local/lib/python3.12/site-packages/airflow/example_dags/example_python_decorator.py for tasks to queue
[2024-10-30T18:39:39.591+0000] {logging_mixin.py:188} INFO - [2024-10-30T18:39:39.590+0000] {dagbag.py:545} INFO - Filling up the DagBag from /home/airflow/.local/lib/python3.12/site-packages/airflow/example_dags/example_python_decorator.py
[2024-10-30T18:39:39.634+0000] {processor.py:840} INFO - DAG(s) 'example_python_decorator' retrieved from /home/airflow/.local/lib/python3.12/site-packages/airflow/example_dags/example_python_decorator.py
[2024-10-30T18:39:39.759+0000] {logging_mixin.py:188} INFO - [2024-10-30T18:39:39.758+0000] {dag.py:3089} INFO - Sync 1 DAGs
[2024-10-30T18:39:39.830+0000] {logging_mixin.py:188} INFO - [2024-10-30T18:39:39.830+0000] {dag.py:3947} INFO - Setting next_dagrun for example_python_decorator to None, run_after=None
[2024-10-30T18:39:39.918+0000] {processor.py:183} INFO - Processing /home/airflow/.local/lib/python3.12/site-packages/airflow/example_dags/example_python_decorator.py took 0.360 seconds
[2024-10-30T18:40:10.118+0000] {processor.py:161} INFO - Started process (PID=1573) to work on /home/airflow/.local/lib/python3.12/site-packages/airflow/example_dags/example_python_decorator.py
[2024-10-30T18:40:10.122+0000] {processor.py:830} INFO - Processing file /home/airflow/.local/lib/python3.12/site-packages/airflow/example_dags/example_python_decorator.py for tasks to queue
[2024-10-30T18:40:10.128+0000] {logging_mixin.py:188} INFO - [2024-10-30T18:40:10.127+0000] {dagbag.py:545} INFO - Filling up the DagBag from /home/airflow/.local/lib/python3.12/site-packages/airflow/example_dags/example_python_decorator.py
[2024-10-30T18:40:10.179+0000] {processor.py:840} INFO - DAG(s) 'example_python_decorator' retrieved from /home/airflow/.local/lib/python3.12/site-packages/airflow/example_dags/example_python_decorator.py
[2024-10-30T18:40:10.246+0000] {logging_mixin.py:188} INFO - [2024-10-30T18:40:10.246+0000] {dag.py:3089} INFO - Sync 1 DAGs
[2024-10-30T18:40:10.279+0000] {logging_mixin.py:188} INFO - [2024-10-30T18:40:10.279+0000] {dag.py:3947} INFO - Setting next_dagrun for example_python_decorator to None, run_after=None
[2024-10-30T18:40:10.339+0000] {processor.py:183} INFO - Processing /home/airflow/.local/lib/python3.12/site-packages/airflow/example_dags/example_python_decorator.py took 0.243 seconds
[2024-10-30T18:40:41.234+0000] {processor.py:161} INFO - Started process (PID=1632) to work on /home/airflow/.local/lib/python3.12/site-packages/airflow/example_dags/example_python_decorator.py
[2024-10-30T18:40:41.239+0000] {processor.py:830} INFO - Processing file /home/airflow/.local/lib/python3.12/site-packages/airflow/example_dags/example_python_decorator.py for tasks to queue
[2024-10-30T18:40:41.248+0000] {logging_mixin.py:188} INFO - [2024-10-30T18:40:41.247+0000] {dagbag.py:545} INFO - Filling up the DagBag from /home/airflow/.local/lib/python3.12/site-packages/airflow/example_dags/example_python_decorator.py
[2024-10-30T18:40:41.294+0000] {processor.py:840} INFO - DAG(s) 'example_python_decorator' retrieved from /home/airflow/.local/lib/python3.12/site-packages/airflow/example_dags/example_python_decorator.py
[2024-10-30T18:40:41.371+0000] {logging_mixin.py:188} INFO - [2024-10-30T18:40:41.370+0000] {dag.py:3089} INFO - Sync 1 DAGs
[2024-10-30T18:40:41.418+0000] {logging_mixin.py:188} INFO - [2024-10-30T18:40:41.418+0000] {dag.py:3947} INFO - Setting next_dagrun for example_python_decorator to None, run_after=None
[2024-10-30T18:40:41.493+0000] {processor.py:183} INFO - Processing /home/airflow/.local/lib/python3.12/site-packages/airflow/example_dags/example_python_decorator.py took 0.293 seconds
[2024-10-30T18:41:11.957+0000] {processor.py:161} INFO - Started process (PID=1693) to work on /home/airflow/.local/lib/python3.12/site-packages/airflow/example_dags/example_python_decorator.py
[2024-10-30T18:41:11.960+0000] {processor.py:830} INFO - Processing file /home/airflow/.local/lib/python3.12/site-packages/airflow/example_dags/example_python_decorator.py for tasks to queue
[2024-10-30T18:41:11.967+0000] {logging_mixin.py:188} INFO - [2024-10-30T18:41:11.966+0000] {dagbag.py:545} INFO - Filling up the DagBag from /home/airflow/.local/lib/python3.12/site-packages/airflow/example_dags/example_python_decorator.py
[2024-10-30T18:41:12.014+0000] {processor.py:840} INFO - DAG(s) 'example_python_decorator' retrieved from /home/airflow/.local/lib/python3.12/site-packages/airflow/example_dags/example_python_decorator.py
[2024-10-30T18:41:12.087+0000] {logging_mixin.py:188} INFO - [2024-10-30T18:41:12.087+0000] {dag.py:3089} INFO - Sync 1 DAGs
[2024-10-30T18:41:12.132+0000] {logging_mixin.py:188} INFO - [2024-10-30T18:41:12.132+0000] {dag.py:3947} INFO - Setting next_dagrun for example_python_decorator to None, run_after=None
[2024-10-30T18:41:12.202+0000] {processor.py:183} INFO - Processing /home/airflow/.local/lib/python3.12/site-packages/airflow/example_dags/example_python_decorator.py took 0.272 seconds
[2024-10-30T18:41:42.477+0000] {processor.py:161} INFO - Started process (PID=1753) to work on /home/airflow/.local/lib/python3.12/site-packages/airflow/example_dags/example_python_decorator.py
[2024-10-30T18:41:42.480+0000] {processor.py:830} INFO - Processing file /home/airflow/.local/lib/python3.12/site-packages/airflow/example_dags/example_python_decorator.py for tasks to queue
[2024-10-30T18:41:42.484+0000] {logging_mixin.py:188} INFO - [2024-10-30T18:41:42.483+0000] {dagbag.py:545} INFO - Filling up the DagBag from /home/airflow/.local/lib/python3.12/site-packages/airflow/example_dags/example_python_decorator.py
[2024-10-30T18:41:42.519+0000] {processor.py:840} INFO - DAG(s) 'example_python_decorator' retrieved from /home/airflow/.local/lib/python3.12/site-packages/airflow/example_dags/example_python_decorator.py
[2024-10-30T18:41:42.590+0000] {logging_mixin.py:188} INFO - [2024-10-30T18:41:42.590+0000] {dag.py:3089} INFO - Sync 1 DAGs
[2024-10-30T18:41:42.634+0000] {logging_mixin.py:188} INFO - [2024-10-30T18:41:42.633+0000] {dag.py:3947} INFO - Setting next_dagrun for example_python_decorator to None, run_after=None
[2024-10-30T18:41:42.700+0000] {processor.py:183} INFO - Processing /home/airflow/.local/lib/python3.12/site-packages/airflow/example_dags/example_python_decorator.py took 0.242 seconds
[2024-10-30T18:42:13.059+0000] {processor.py:161} INFO - Started process (PID=1814) to work on /home/airflow/.local/lib/python3.12/site-packages/airflow/example_dags/example_python_decorator.py
[2024-10-30T18:42:13.063+0000] {processor.py:830} INFO - Processing file /home/airflow/.local/lib/python3.12/site-packages/airflow/example_dags/example_python_decorator.py for tasks to queue
[2024-10-30T18:42:13.068+0000] {logging_mixin.py:188} INFO - [2024-10-30T18:42:13.067+0000] {dagbag.py:545} INFO - Filling up the DagBag from /home/airflow/.local/lib/python3.12/site-packages/airflow/example_dags/example_python_decorator.py
[2024-10-30T18:42:13.106+0000] {processor.py:840} INFO - DAG(s) 'example_python_decorator' retrieved from /home/airflow/.local/lib/python3.12/site-packages/airflow/example_dags/example_python_decorator.py
[2024-10-30T18:42:13.174+0000] {logging_mixin.py:188} INFO - [2024-10-30T18:42:13.172+0000] {dag.py:3089} INFO - Sync 1 DAGs
[2024-10-30T18:42:13.208+0000] {logging_mixin.py:188} INFO - [2024-10-30T18:42:13.207+0000] {dag.py:3947} INFO - Setting next_dagrun for example_python_decorator to None, run_after=None
[2024-10-30T18:42:13.263+0000] {processor.py:183} INFO - Processing /home/airflow/.local/lib/python3.12/site-packages/airflow/example_dags/example_python_decorator.py took 0.223 seconds
[2024-10-30T18:42:44.079+0000] {processor.py:161} INFO - Started process (PID=1874) to work on /home/airflow/.local/lib/python3.12/site-packages/airflow/example_dags/example_python_decorator.py
[2024-10-30T18:42:44.082+0000] {processor.py:830} INFO - Processing file /home/airflow/.local/lib/python3.12/site-packages/airflow/example_dags/example_python_decorator.py for tasks to queue
[2024-10-30T18:42:44.087+0000] {logging_mixin.py:188} INFO - [2024-10-30T18:42:44.086+0000] {dagbag.py:545} INFO - Filling up the DagBag from /home/airflow/.local/lib/python3.12/site-packages/airflow/example_dags/example_python_decorator.py
[2024-10-30T18:42:44.122+0000] {processor.py:840} INFO - DAG(s) 'example_python_decorator' retrieved from /home/airflow/.local/lib/python3.12/site-packages/airflow/example_dags/example_python_decorator.py
[2024-10-30T18:42:44.189+0000] {logging_mixin.py:188} INFO - [2024-10-30T18:42:44.188+0000] {dag.py:3089} INFO - Sync 1 DAGs
[2024-10-30T18:42:44.222+0000] {logging_mixin.py:188} INFO - [2024-10-30T18:42:44.222+0000] {dag.py:3947} INFO - Setting next_dagrun for example_python_decorator to None, run_after=None
[2024-10-30T18:42:44.275+0000] {processor.py:183} INFO - Processing /home/airflow/.local/lib/python3.12/site-packages/airflow/example_dags/example_python_decorator.py took 0.220 seconds
[2024-10-30T18:43:15.130+0000] {processor.py:161} INFO - Started process (PID=1934) to work on /home/airflow/.local/lib/python3.12/site-packages/airflow/example_dags/example_python_decorator.py
[2024-10-30T18:43:15.132+0000] {processor.py:830} INFO - Processing file /home/airflow/.local/lib/python3.12/site-packages/airflow/example_dags/example_python_decorator.py for tasks to queue
[2024-10-30T18:43:15.140+0000] {logging_mixin.py:188} INFO - [2024-10-30T18:43:15.139+0000] {dagbag.py:545} INFO - Filling up the DagBag from /home/airflow/.local/lib/python3.12/site-packages/airflow/example_dags/example_python_decorator.py
[2024-10-30T18:43:15.202+0000] {processor.py:840} INFO - DAG(s) 'example_python_decorator' retrieved from /home/airflow/.local/lib/python3.12/site-packages/airflow/example_dags/example_python_decorator.py
[2024-10-30T18:43:15.262+0000] {logging_mixin.py:188} INFO - [2024-10-30T18:43:15.262+0000] {dag.py:3089} INFO - Sync 1 DAGs
[2024-10-30T18:43:15.311+0000] {logging_mixin.py:188} INFO - [2024-10-30T18:43:15.311+0000] {dag.py:3947} INFO - Setting next_dagrun for example_python_decorator to None, run_after=None
[2024-10-30T18:43:15.368+0000] {processor.py:183} INFO - Processing /home/airflow/.local/lib/python3.12/site-packages/airflow/example_dags/example_python_decorator.py took 0.262 seconds
[2024-10-30T18:43:45.576+0000] {processor.py:161} INFO - Started process (PID=1994) to work on /home/airflow/.local/lib/python3.12/site-packages/airflow/example_dags/example_python_decorator.py
[2024-10-30T18:43:45.580+0000] {processor.py:830} INFO - Processing file /home/airflow/.local/lib/python3.12/site-packages/airflow/example_dags/example_python_decorator.py for tasks to queue
[2024-10-30T18:43:45.592+0000] {logging_mixin.py:188} INFO - [2024-10-30T18:43:45.590+0000] {dagbag.py:545} INFO - Filling up the DagBag from /home/airflow/.local/lib/python3.12/site-packages/airflow/example_dags/example_python_decorator.py
[2024-10-30T18:43:45.664+0000] {processor.py:840} INFO - DAG(s) 'example_python_decorator' retrieved from /home/airflow/.local/lib/python3.12/site-packages/airflow/example_dags/example_python_decorator.py
[2024-10-30T18:43:45.756+0000] {logging_mixin.py:188} INFO - [2024-10-30T18:43:45.755+0000] {dag.py:3089} INFO - Sync 1 DAGs
[2024-10-30T18:43:45.811+0000] {logging_mixin.py:188} INFO - [2024-10-30T18:43:45.810+0000] {dag.py:3947} INFO - Setting next_dagrun for example_python_decorator to None, run_after=None
[2024-10-30T18:43:45.878+0000] {processor.py:183} INFO - Processing /home/airflow/.local/lib/python3.12/site-packages/airflow/example_dags/example_python_decorator.py took 0.338 seconds
[2024-10-30T18:44:16.325+0000] {processor.py:161} INFO - Started process (PID=2054) to work on /home/airflow/.local/lib/python3.12/site-packages/airflow/example_dags/example_python_decorator.py
[2024-10-30T18:44:16.328+0000] {processor.py:830} INFO - Processing file /home/airflow/.local/lib/python3.12/site-packages/airflow/example_dags/example_python_decorator.py for tasks to queue
[2024-10-30T18:44:16.332+0000] {logging_mixin.py:188} INFO - [2024-10-30T18:44:16.331+0000] {dagbag.py:545} INFO - Filling up the DagBag from /home/airflow/.local/lib/python3.12/site-packages/airflow/example_dags/example_python_decorator.py
[2024-10-30T18:44:16.371+0000] {processor.py:840} INFO - DAG(s) 'example_python_decorator' retrieved from /home/airflow/.local/lib/python3.12/site-packages/airflow/example_dags/example_python_decorator.py
[2024-10-30T18:44:16.451+0000] {logging_mixin.py:188} INFO - [2024-10-30T18:44:16.450+0000] {dag.py:3089} INFO - Sync 1 DAGs
[2024-10-30T18:44:16.490+0000] {logging_mixin.py:188} INFO - [2024-10-30T18:44:16.490+0000] {dag.py:3947} INFO - Setting next_dagrun for example_python_decorator to None, run_after=None
[2024-10-30T18:44:16.563+0000] {processor.py:183} INFO - Processing /home/airflow/.local/lib/python3.12/site-packages/airflow/example_dags/example_python_decorator.py took 0.261 seconds
[2024-10-30T18:44:47.020+0000] {processor.py:161} INFO - Started process (PID=2112) to work on /home/airflow/.local/lib/python3.12/site-packages/airflow/example_dags/example_python_decorator.py
[2024-10-30T18:44:47.024+0000] {processor.py:830} INFO - Processing file /home/airflow/.local/lib/python3.12/site-packages/airflow/example_dags/example_python_decorator.py for tasks to queue
[2024-10-30T18:44:47.030+0000] {logging_mixin.py:188} INFO - [2024-10-30T18:44:47.029+0000] {dagbag.py:545} INFO - Filling up the DagBag from /home/airflow/.local/lib/python3.12/site-packages/airflow/example_dags/example_python_decorator.py
[2024-10-30T18:44:47.083+0000] {processor.py:840} INFO - DAG(s) 'example_python_decorator' retrieved from /home/airflow/.local/lib/python3.12/site-packages/airflow/example_dags/example_python_decorator.py
[2024-10-30T18:44:47.154+0000] {logging_mixin.py:188} INFO - [2024-10-30T18:44:47.153+0000] {dag.py:3089} INFO - Sync 1 DAGs
[2024-10-30T18:44:47.214+0000] {logging_mixin.py:188} INFO - [2024-10-30T18:44:47.212+0000] {dag.py:3947} INFO - Setting next_dagrun for example_python_decorator to None, run_after=None
[2024-10-30T18:44:47.290+0000] {processor.py:183} INFO - Processing /home/airflow/.local/lib/python3.12/site-packages/airflow/example_dags/example_python_decorator.py took 0.290 seconds
[2024-10-30T18:45:23.027+0000] {processor.py:161} INFO - Started process (PID=2179) to work on /home/airflow/.local/lib/python3.12/site-packages/airflow/example_dags/example_python_decorator.py
[2024-10-30T18:45:23.031+0000] {processor.py:830} INFO - Processing file /home/airflow/.local/lib/python3.12/site-packages/airflow/example_dags/example_python_decorator.py for tasks to queue
[2024-10-30T18:45:23.042+0000] {logging_mixin.py:188} INFO - [2024-10-30T18:45:23.040+0000] {dagbag.py:545} INFO - Filling up the DagBag from /home/airflow/.local/lib/python3.12/site-packages/airflow/example_dags/example_python_decorator.py
[2024-10-30T18:45:23.096+0000] {processor.py:840} INFO - DAG(s) 'example_python_decorator' retrieved from /home/airflow/.local/lib/python3.12/site-packages/airflow/example_dags/example_python_decorator.py
[2024-10-30T18:45:23.227+0000] {logging_mixin.py:188} INFO - [2024-10-30T18:45:23.227+0000] {dag.py:3089} INFO - Sync 1 DAGs
[2024-10-30T18:45:23.310+0000] {logging_mixin.py:188} INFO - [2024-10-30T18:45:23.310+0000] {dag.py:3947} INFO - Setting next_dagrun for example_python_decorator to None, run_after=None
[2024-10-30T18:45:23.398+0000] {processor.py:183} INFO - Processing /home/airflow/.local/lib/python3.12/site-packages/airflow/example_dags/example_python_decorator.py took 0.406 seconds
[2024-10-30T18:46:24.014+0000] {processor.py:161} INFO - Started process (PID=2240) to work on /home/airflow/.local/lib/python3.12/site-packages/airflow/example_dags/example_python_decorator.py
[2024-10-30T18:46:24.030+0000] {processor.py:830} INFO - Processing file /home/airflow/.local/lib/python3.12/site-packages/airflow/example_dags/example_python_decorator.py for tasks to queue
[2024-10-30T18:46:24.048+0000] {logging_mixin.py:188} INFO - [2024-10-30T18:46:24.046+0000] {dagbag.py:545} INFO - Filling up the DagBag from /home/airflow/.local/lib/python3.12/site-packages/airflow/example_dags/example_python_decorator.py
[2024-10-30T18:46:24.456+0000] {processor.py:840} INFO - DAG(s) 'example_python_decorator' retrieved from /home/airflow/.local/lib/python3.12/site-packages/airflow/example_dags/example_python_decorator.py
[2024-10-30T18:46:25.206+0000] {logging_mixin.py:188} INFO - [2024-10-30T18:46:25.204+0000] {dag.py:3089} INFO - Sync 1 DAGs
[2024-10-30T18:46:25.547+0000] {logging_mixin.py:188} INFO - [2024-10-30T18:46:25.547+0000] {dag.py:3947} INFO - Setting next_dagrun for example_python_decorator to None, run_after=None
[2024-10-30T18:46:25.895+0000] {processor.py:183} INFO - Processing /home/airflow/.local/lib/python3.12/site-packages/airflow/example_dags/example_python_decorator.py took 2.073 seconds
[2024-10-30T18:47:45.523+0000] {processor.py:161} INFO - Started process (PID=2320) to work on /home/airflow/.local/lib/python3.12/site-packages/airflow/example_dags/example_python_decorator.py
[2024-10-30T18:47:45.542+0000] {processor.py:830} INFO - Processing file /home/airflow/.local/lib/python3.12/site-packages/airflow/example_dags/example_python_decorator.py for tasks to queue
[2024-10-30T18:47:45.552+0000] {logging_mixin.py:188} INFO - [2024-10-30T18:47:45.544+0000] {dagbag.py:545} INFO - Filling up the DagBag from /home/airflow/.local/lib/python3.12/site-packages/airflow/example_dags/example_python_decorator.py
[2024-10-30T18:47:45.754+0000] {processor.py:840} INFO - DAG(s) 'example_python_decorator' retrieved from /home/airflow/.local/lib/python3.12/site-packages/airflow/example_dags/example_python_decorator.py
[2024-10-30T18:47:45.988+0000] {logging_mixin.py:188} INFO - [2024-10-30T18:47:45.987+0000] {dag.py:3089} INFO - Sync 1 DAGs
[2024-10-30T18:47:46.235+0000] {logging_mixin.py:188} INFO - [2024-10-30T18:47:46.205+0000] {dag.py:3947} INFO - Setting next_dagrun for example_python_decorator to None, run_after=None
[2024-10-30T18:47:46.630+0000] {processor.py:183} INFO - Processing /home/airflow/.local/lib/python3.12/site-packages/airflow/example_dags/example_python_decorator.py took 1.191 seconds
[2024-10-30T18:48:26.617+0000] {processor.py:161} INFO - Started process (PID=2381) to work on /home/airflow/.local/lib/python3.12/site-packages/airflow/example_dags/example_python_decorator.py
[2024-10-30T18:48:26.619+0000] {processor.py:830} INFO - Processing file /home/airflow/.local/lib/python3.12/site-packages/airflow/example_dags/example_python_decorator.py for tasks to queue
[2024-10-30T18:48:26.623+0000] {logging_mixin.py:188} INFO - [2024-10-30T18:48:26.621+0000] {dagbag.py:545} INFO - Filling up the DagBag from /home/airflow/.local/lib/python3.12/site-packages/airflow/example_dags/example_python_decorator.py
[2024-10-30T18:48:26.668+0000] {processor.py:840} INFO - DAG(s) 'example_python_decorator' retrieved from /home/airflow/.local/lib/python3.12/site-packages/airflow/example_dags/example_python_decorator.py
[2024-10-30T18:48:26.755+0000] {logging_mixin.py:188} INFO - [2024-10-30T18:48:26.754+0000] {dag.py:3089} INFO - Sync 1 DAGs
[2024-10-30T18:48:26.800+0000] {logging_mixin.py:188} INFO - [2024-10-30T18:48:26.799+0000] {dag.py:3947} INFO - Setting next_dagrun for example_python_decorator to None, run_after=None
[2024-10-30T18:48:26.868+0000] {processor.py:183} INFO - Processing /home/airflow/.local/lib/python3.12/site-packages/airflow/example_dags/example_python_decorator.py took 0.274 seconds
[2024-10-30T18:49:00.108+0000] {processor.py:161} INFO - Started process (PID=2439) to work on /home/airflow/.local/lib/python3.12/site-packages/airflow/example_dags/example_python_decorator.py
[2024-10-30T18:49:00.111+0000] {processor.py:830} INFO - Processing file /home/airflow/.local/lib/python3.12/site-packages/airflow/example_dags/example_python_decorator.py for tasks to queue
[2024-10-30T18:49:00.114+0000] {logging_mixin.py:188} INFO - [2024-10-30T18:49:00.112+0000] {dagbag.py:545} INFO - Filling up the DagBag from /home/airflow/.local/lib/python3.12/site-packages/airflow/example_dags/example_python_decorator.py
[2024-10-30T18:49:00.250+0000] {processor.py:840} INFO - DAG(s) 'example_python_decorator' retrieved from /home/airflow/.local/lib/python3.12/site-packages/airflow/example_dags/example_python_decorator.py
[2024-10-30T18:49:00.832+0000] {logging_mixin.py:188} INFO - [2024-10-30T18:49:00.824+0000] {dag.py:3089} INFO - Sync 1 DAGs
[2024-10-30T18:49:00.948+0000] {logging_mixin.py:188} INFO - [2024-10-30T18:49:00.948+0000] {dag.py:3947} INFO - Setting next_dagrun for example_python_decorator to None, run_after=None
[2024-10-30T18:49:01.424+0000] {processor.py:183} INFO - Processing /home/airflow/.local/lib/python3.12/site-packages/airflow/example_dags/example_python_decorator.py took 1.337 seconds
