[2024-10-30T18:26:36.170+0000] {processor.py:161} INFO - Started process (PID=82) to work on /home/airflow/.local/lib/python3.12/site-packages/airflow/example_dags/example_latest_only_with_trigger.py
[2024-10-30T18:26:36.172+0000] {processor.py:830} INFO - Processing file /home/airflow/.local/lib/python3.12/site-packages/airflow/example_dags/example_latest_only_with_trigger.py for tasks to queue
[2024-10-30T18:26:36.185+0000] {logging_mixin.py:188} INFO - [2024-10-30T18:26:36.177+0000] {dagbag.py:545} INFO - Filling up the DagBag from /home/airflow/.local/lib/python3.12/site-packages/airflow/example_dags/example_latest_only_with_trigger.py
[2024-10-30T18:26:36.228+0000] {processor.py:840} INFO - DAG(s) 'latest_only_with_trigger' retrieved from /home/airflow/.local/lib/python3.12/site-packages/airflow/example_dags/example_latest_only_with_trigger.py
[2024-10-30T18:26:39.002+0000] {logging_mixin.py:188} INFO - [2024-10-30T18:26:39.000+0000] {override.py:1858} INFO - Created Permission View: can read on DAG:latest_only_with_trigger
[2024-10-30T18:26:39.083+0000] {logging_mixin.py:188} INFO - [2024-10-30T18:26:39.082+0000] {override.py:1858} INFO - Created Permission View: can edit on DAG:latest_only_with_trigger
[2024-10-30T18:26:39.212+0000] {logging_mixin.py:188} INFO - [2024-10-30T18:26:39.210+0000] {override.py:1858} INFO - Created Permission View: can delete on DAG:latest_only_with_trigger
[2024-10-30T18:26:39.214+0000] {logging_mixin.py:188} INFO - [2024-10-30T18:26:39.213+0000] {dag.py:3089} INFO - Sync 1 DAGs
[2024-10-30T18:26:39.605+0000] {logging_mixin.py:188} INFO - [2024-10-30T18:26:39.543+0000] {dag.py:3111} INFO - Creating ORM DAG for latest_only_with_trigger
[2024-10-30T18:26:39.738+0000] {logging_mixin.py:188} INFO - [2024-10-30T18:26:39.737+0000] {dag.py:3947} INFO - Setting next_dagrun for latest_only_with_trigger to 2024-10-30 12:00:00+00:00, run_after=2024-10-30 16:00:00+00:00
[2024-10-30T18:26:40.046+0000] {processor.py:183} INFO - Processing /home/airflow/.local/lib/python3.12/site-packages/airflow/example_dags/example_latest_only_with_trigger.py took 3.912 seconds
[2024-10-30T18:27:41.147+0000] {processor.py:161} INFO - Started process (PID=149) to work on /home/airflow/.local/lib/python3.12/site-packages/airflow/example_dags/example_latest_only_with_trigger.py
[2024-10-30T18:27:41.151+0000] {processor.py:830} INFO - Processing file /home/airflow/.local/lib/python3.12/site-packages/airflow/example_dags/example_latest_only_with_trigger.py for tasks to queue
[2024-10-30T18:27:41.157+0000] {logging_mixin.py:188} INFO - [2024-10-30T18:27:41.156+0000] {dagbag.py:545} INFO - Filling up the DagBag from /home/airflow/.local/lib/python3.12/site-packages/airflow/example_dags/example_latest_only_with_trigger.py
[2024-10-30T18:27:41.179+0000] {processor.py:840} INFO - DAG(s) 'latest_only_with_trigger' retrieved from /home/airflow/.local/lib/python3.12/site-packages/airflow/example_dags/example_latest_only_with_trigger.py
[2024-10-30T18:27:41.337+0000] {logging_mixin.py:188} INFO - [2024-10-30T18:27:41.336+0000] {dag.py:3089} INFO - Sync 1 DAGs
[2024-10-30T18:27:41.444+0000] {logging_mixin.py:188} INFO - [2024-10-30T18:27:41.444+0000] {dag.py:3947} INFO - Setting next_dagrun for latest_only_with_trigger to 2024-10-30 12:00:00+00:00, run_after=2024-10-30 16:00:00+00:00
[2024-10-30T18:27:41.729+0000] {processor.py:183} INFO - Processing /home/airflow/.local/lib/python3.12/site-packages/airflow/example_dags/example_latest_only_with_trigger.py took 0.585 seconds
[2024-10-30T18:28:12.123+0000] {processor.py:161} INFO - Started process (PID=208) to work on /home/airflow/.local/lib/python3.12/site-packages/airflow/example_dags/example_latest_only_with_trigger.py
[2024-10-30T18:28:12.126+0000] {processor.py:830} INFO - Processing file /home/airflow/.local/lib/python3.12/site-packages/airflow/example_dags/example_latest_only_with_trigger.py for tasks to queue
[2024-10-30T18:28:12.130+0000] {logging_mixin.py:188} INFO - [2024-10-30T18:28:12.130+0000] {dagbag.py:545} INFO - Filling up the DagBag from /home/airflow/.local/lib/python3.12/site-packages/airflow/example_dags/example_latest_only_with_trigger.py
[2024-10-30T18:28:12.152+0000] {processor.py:840} INFO - DAG(s) 'latest_only_with_trigger' retrieved from /home/airflow/.local/lib/python3.12/site-packages/airflow/example_dags/example_latest_only_with_trigger.py
[2024-10-30T18:28:12.239+0000] {logging_mixin.py:188} INFO - [2024-10-30T18:28:12.239+0000] {dag.py:3089} INFO - Sync 1 DAGs
[2024-10-30T18:28:12.301+0000] {logging_mixin.py:188} INFO - [2024-10-30T18:28:12.300+0000] {dag.py:3947} INFO - Setting next_dagrun for latest_only_with_trigger to 2024-10-30 12:00:00+00:00, run_after=2024-10-30 16:00:00+00:00
[2024-10-30T18:28:12.353+0000] {processor.py:183} INFO - Processing /home/airflow/.local/lib/python3.12/site-packages/airflow/example_dags/example_latest_only_with_trigger.py took 0.284 seconds
[2024-10-30T18:28:44.301+0000] {processor.py:161} INFO - Started process (PID=268) to work on /home/airflow/.local/lib/python3.12/site-packages/airflow/example_dags/example_latest_only_with_trigger.py
[2024-10-30T18:28:44.304+0000] {processor.py:830} INFO - Processing file /home/airflow/.local/lib/python3.12/site-packages/airflow/example_dags/example_latest_only_with_trigger.py for tasks to queue
[2024-10-30T18:28:44.313+0000] {logging_mixin.py:188} INFO - [2024-10-30T18:28:44.311+0000] {dagbag.py:545} INFO - Filling up the DagBag from /home/airflow/.local/lib/python3.12/site-packages/airflow/example_dags/example_latest_only_with_trigger.py
[2024-10-30T18:28:44.337+0000] {processor.py:840} INFO - DAG(s) 'latest_only_with_trigger' retrieved from /home/airflow/.local/lib/python3.12/site-packages/airflow/example_dags/example_latest_only_with_trigger.py
[2024-10-30T18:28:44.404+0000] {logging_mixin.py:188} INFO - [2024-10-30T18:28:44.403+0000] {dag.py:3089} INFO - Sync 1 DAGs
[2024-10-30T18:28:44.464+0000] {logging_mixin.py:188} INFO - [2024-10-30T18:28:44.463+0000] {dag.py:3947} INFO - Setting next_dagrun for latest_only_with_trigger to 2024-10-30 12:00:00+00:00, run_after=2024-10-30 16:00:00+00:00
[2024-10-30T18:28:44.520+0000] {processor.py:183} INFO - Processing /home/airflow/.local/lib/python3.12/site-packages/airflow/example_dags/example_latest_only_with_trigger.py took 0.243 seconds
[2024-10-30T18:29:19.033+0000] {processor.py:161} INFO - Started process (PID=328) to work on /home/airflow/.local/lib/python3.12/site-packages/airflow/example_dags/example_latest_only_with_trigger.py
[2024-10-30T18:29:19.038+0000] {processor.py:830} INFO - Processing file /home/airflow/.local/lib/python3.12/site-packages/airflow/example_dags/example_latest_only_with_trigger.py for tasks to queue
[2024-10-30T18:29:19.049+0000] {logging_mixin.py:188} INFO - [2024-10-30T18:29:19.047+0000] {dagbag.py:545} INFO - Filling up the DagBag from /home/airflow/.local/lib/python3.12/site-packages/airflow/example_dags/example_latest_only_with_trigger.py
[2024-10-30T18:29:19.074+0000] {processor.py:840} INFO - DAG(s) 'latest_only_with_trigger' retrieved from /home/airflow/.local/lib/python3.12/site-packages/airflow/example_dags/example_latest_only_with_trigger.py
[2024-10-30T18:29:19.163+0000] {logging_mixin.py:188} INFO - [2024-10-30T18:29:19.162+0000] {dag.py:3089} INFO - Sync 1 DAGs
[2024-10-30T18:29:19.250+0000] {logging_mixin.py:188} INFO - [2024-10-30T18:29:19.250+0000] {dag.py:3947} INFO - Setting next_dagrun for latest_only_with_trigger to 2024-10-30 12:00:00+00:00, run_after=2024-10-30 16:00:00+00:00
[2024-10-30T18:29:19.314+0000] {processor.py:183} INFO - Processing /home/airflow/.local/lib/python3.12/site-packages/airflow/example_dags/example_latest_only_with_trigger.py took 0.303 seconds
[2024-10-30T18:29:50.055+0000] {processor.py:161} INFO - Started process (PID=388) to work on /home/airflow/.local/lib/python3.12/site-packages/airflow/example_dags/example_latest_only_with_trigger.py
[2024-10-30T18:29:50.058+0000] {processor.py:830} INFO - Processing file /home/airflow/.local/lib/python3.12/site-packages/airflow/example_dags/example_latest_only_with_trigger.py for tasks to queue
[2024-10-30T18:29:50.063+0000] {logging_mixin.py:188} INFO - [2024-10-30T18:29:50.062+0000] {dagbag.py:545} INFO - Filling up the DagBag from /home/airflow/.local/lib/python3.12/site-packages/airflow/example_dags/example_latest_only_with_trigger.py
[2024-10-30T18:29:50.081+0000] {processor.py:840} INFO - DAG(s) 'latest_only_with_trigger' retrieved from /home/airflow/.local/lib/python3.12/site-packages/airflow/example_dags/example_latest_only_with_trigger.py
[2024-10-30T18:29:50.156+0000] {logging_mixin.py:188} INFO - [2024-10-30T18:29:50.156+0000] {dag.py:3089} INFO - Sync 1 DAGs
[2024-10-30T18:29:50.244+0000] {logging_mixin.py:188} INFO - [2024-10-30T18:29:50.243+0000] {dag.py:3947} INFO - Setting next_dagrun for latest_only_with_trigger to 2024-10-30 12:00:00+00:00, run_after=2024-10-30 16:00:00+00:00
[2024-10-30T18:29:50.343+0000] {processor.py:183} INFO - Processing /home/airflow/.local/lib/python3.12/site-packages/airflow/example_dags/example_latest_only_with_trigger.py took 0.310 seconds
[2024-10-30T18:30:21.662+0000] {processor.py:161} INFO - Started process (PID=447) to work on /home/airflow/.local/lib/python3.12/site-packages/airflow/example_dags/example_latest_only_with_trigger.py
[2024-10-30T18:30:21.664+0000] {processor.py:830} INFO - Processing file /home/airflow/.local/lib/python3.12/site-packages/airflow/example_dags/example_latest_only_with_trigger.py for tasks to queue
[2024-10-30T18:30:21.669+0000] {logging_mixin.py:188} INFO - [2024-10-30T18:30:21.668+0000] {dagbag.py:545} INFO - Filling up the DagBag from /home/airflow/.local/lib/python3.12/site-packages/airflow/example_dags/example_latest_only_with_trigger.py
[2024-10-30T18:30:21.683+0000] {processor.py:840} INFO - DAG(s) 'latest_only_with_trigger' retrieved from /home/airflow/.local/lib/python3.12/site-packages/airflow/example_dags/example_latest_only_with_trigger.py
[2024-10-30T18:30:21.744+0000] {logging_mixin.py:188} INFO - [2024-10-30T18:30:21.743+0000] {dag.py:3089} INFO - Sync 1 DAGs
[2024-10-30T18:30:21.824+0000] {logging_mixin.py:188} INFO - [2024-10-30T18:30:21.823+0000] {dag.py:3947} INFO - Setting next_dagrun for latest_only_with_trigger to 2024-10-30 12:00:00+00:00, run_after=2024-10-30 16:00:00+00:00
[2024-10-30T18:30:21.875+0000] {processor.py:183} INFO - Processing /home/airflow/.local/lib/python3.12/site-packages/airflow/example_dags/example_latest_only_with_trigger.py took 0.230 seconds
[2024-10-30T18:30:55.101+0000] {processor.py:161} INFO - Started process (PID=506) to work on /home/airflow/.local/lib/python3.12/site-packages/airflow/example_dags/example_latest_only_with_trigger.py
[2024-10-30T18:30:55.105+0000] {processor.py:830} INFO - Processing file /home/airflow/.local/lib/python3.12/site-packages/airflow/example_dags/example_latest_only_with_trigger.py for tasks to queue
[2024-10-30T18:30:55.111+0000] {logging_mixin.py:188} INFO - [2024-10-30T18:30:55.110+0000] {dagbag.py:545} INFO - Filling up the DagBag from /home/airflow/.local/lib/python3.12/site-packages/airflow/example_dags/example_latest_only_with_trigger.py
[2024-10-30T18:30:55.130+0000] {processor.py:840} INFO - DAG(s) 'latest_only_with_trigger' retrieved from /home/airflow/.local/lib/python3.12/site-packages/airflow/example_dags/example_latest_only_with_trigger.py
[2024-10-30T18:30:55.198+0000] {logging_mixin.py:188} INFO - [2024-10-30T18:30:55.197+0000] {dag.py:3089} INFO - Sync 1 DAGs
[2024-10-30T18:30:55.331+0000] {logging_mixin.py:188} INFO - [2024-10-30T18:30:55.330+0000] {dag.py:3947} INFO - Setting next_dagrun for latest_only_with_trigger to 2024-10-30 12:00:00+00:00, run_after=2024-10-30 16:00:00+00:00
[2024-10-30T18:30:55.447+0000] {processor.py:183} INFO - Processing /home/airflow/.local/lib/python3.12/site-packages/airflow/example_dags/example_latest_only_with_trigger.py took 0.366 seconds
[2024-10-30T18:31:27.000+0000] {processor.py:161} INFO - Started process (PID=564) to work on /home/airflow/.local/lib/python3.12/site-packages/airflow/example_dags/example_latest_only_with_trigger.py
[2024-10-30T18:31:27.004+0000] {processor.py:830} INFO - Processing file /home/airflow/.local/lib/python3.12/site-packages/airflow/example_dags/example_latest_only_with_trigger.py for tasks to queue
[2024-10-30T18:31:27.011+0000] {logging_mixin.py:188} INFO - [2024-10-30T18:31:27.009+0000] {dagbag.py:545} INFO - Filling up the DagBag from /home/airflow/.local/lib/python3.12/site-packages/airflow/example_dags/example_latest_only_with_trigger.py
[2024-10-30T18:31:27.026+0000] {processor.py:840} INFO - DAG(s) 'latest_only_with_trigger' retrieved from /home/airflow/.local/lib/python3.12/site-packages/airflow/example_dags/example_latest_only_with_trigger.py
[2024-10-30T18:31:27.087+0000] {logging_mixin.py:188} INFO - [2024-10-30T18:31:27.087+0000] {dag.py:3089} INFO - Sync 1 DAGs
[2024-10-30T18:31:27.143+0000] {logging_mixin.py:188} INFO - [2024-10-30T18:31:27.142+0000] {dag.py:3947} INFO - Setting next_dagrun for latest_only_with_trigger to 2024-10-30 12:00:00+00:00, run_after=2024-10-30 16:00:00+00:00
[2024-10-30T18:31:27.208+0000] {processor.py:183} INFO - Processing /home/airflow/.local/lib/python3.12/site-packages/airflow/example_dags/example_latest_only_with_trigger.py took 0.222 seconds
[2024-10-30T18:31:58.534+0000] {processor.py:161} INFO - Started process (PID=624) to work on /home/airflow/.local/lib/python3.12/site-packages/airflow/example_dags/example_latest_only_with_trigger.py
[2024-10-30T18:31:58.538+0000] {processor.py:830} INFO - Processing file /home/airflow/.local/lib/python3.12/site-packages/airflow/example_dags/example_latest_only_with_trigger.py for tasks to queue
[2024-10-30T18:31:58.544+0000] {logging_mixin.py:188} INFO - [2024-10-30T18:31:58.543+0000] {dagbag.py:545} INFO - Filling up the DagBag from /home/airflow/.local/lib/python3.12/site-packages/airflow/example_dags/example_latest_only_with_trigger.py
[2024-10-30T18:31:58.561+0000] {processor.py:840} INFO - DAG(s) 'latest_only_with_trigger' retrieved from /home/airflow/.local/lib/python3.12/site-packages/airflow/example_dags/example_latest_only_with_trigger.py
[2024-10-30T18:31:58.618+0000] {logging_mixin.py:188} INFO - [2024-10-30T18:31:58.618+0000] {dag.py:3089} INFO - Sync 1 DAGs
[2024-10-30T18:31:58.674+0000] {logging_mixin.py:188} INFO - [2024-10-30T18:31:58.674+0000] {dag.py:3947} INFO - Setting next_dagrun for latest_only_with_trigger to 2024-10-30 12:00:00+00:00, run_after=2024-10-30 16:00:00+00:00
[2024-10-30T18:31:58.721+0000] {processor.py:183} INFO - Processing /home/airflow/.local/lib/python3.12/site-packages/airflow/example_dags/example_latest_only_with_trigger.py took 0.210 seconds
[2024-10-30T18:32:30.529+0000] {processor.py:161} INFO - Started process (PID=684) to work on /home/airflow/.local/lib/python3.12/site-packages/airflow/example_dags/example_latest_only_with_trigger.py
[2024-10-30T18:32:30.535+0000] {processor.py:830} INFO - Processing file /home/airflow/.local/lib/python3.12/site-packages/airflow/example_dags/example_latest_only_with_trigger.py for tasks to queue
[2024-10-30T18:32:30.540+0000] {logging_mixin.py:188} INFO - [2024-10-30T18:32:30.539+0000] {dagbag.py:545} INFO - Filling up the DagBag from /home/airflow/.local/lib/python3.12/site-packages/airflow/example_dags/example_latest_only_with_trigger.py
[2024-10-30T18:32:30.563+0000] {processor.py:840} INFO - DAG(s) 'latest_only_with_trigger' retrieved from /home/airflow/.local/lib/python3.12/site-packages/airflow/example_dags/example_latest_only_with_trigger.py
[2024-10-30T18:32:30.654+0000] {logging_mixin.py:188} INFO - [2024-10-30T18:32:30.653+0000] {dag.py:3089} INFO - Sync 1 DAGs
[2024-10-30T18:32:30.722+0000] {logging_mixin.py:188} INFO - [2024-10-30T18:32:30.721+0000] {dag.py:3947} INFO - Setting next_dagrun for latest_only_with_trigger to 2024-10-30 12:00:00+00:00, run_after=2024-10-30 16:00:00+00:00
[2024-10-30T18:32:30.806+0000] {processor.py:183} INFO - Processing /home/airflow/.local/lib/python3.12/site-packages/airflow/example_dags/example_latest_only_with_trigger.py took 0.350 seconds
[2024-10-30T18:33:02.099+0000] {processor.py:161} INFO - Started process (PID=745) to work on /home/airflow/.local/lib/python3.12/site-packages/airflow/example_dags/example_latest_only_with_trigger.py
[2024-10-30T18:33:02.104+0000] {processor.py:830} INFO - Processing file /home/airflow/.local/lib/python3.12/site-packages/airflow/example_dags/example_latest_only_with_trigger.py for tasks to queue
[2024-10-30T18:33:02.112+0000] {logging_mixin.py:188} INFO - [2024-10-30T18:33:02.111+0000] {dagbag.py:545} INFO - Filling up the DagBag from /home/airflow/.local/lib/python3.12/site-packages/airflow/example_dags/example_latest_only_with_trigger.py
[2024-10-30T18:33:02.131+0000] {processor.py:840} INFO - DAG(s) 'latest_only_with_trigger' retrieved from /home/airflow/.local/lib/python3.12/site-packages/airflow/example_dags/example_latest_only_with_trigger.py
[2024-10-30T18:33:02.198+0000] {logging_mixin.py:188} INFO - [2024-10-30T18:33:02.197+0000] {dag.py:3089} INFO - Sync 1 DAGs
[2024-10-30T18:33:02.277+0000] {logging_mixin.py:188} INFO - [2024-10-30T18:33:02.276+0000] {dag.py:3947} INFO - Setting next_dagrun for latest_only_with_trigger to 2024-10-30 12:00:00+00:00, run_after=2024-10-30 16:00:00+00:00
[2024-10-30T18:33:02.322+0000] {processor.py:183} INFO - Processing /home/airflow/.local/lib/python3.12/site-packages/airflow/example_dags/example_latest_only_with_trigger.py took 0.244 seconds
[2024-10-30T18:33:33.863+0000] {processor.py:161} INFO - Started process (PID=805) to work on /home/airflow/.local/lib/python3.12/site-packages/airflow/example_dags/example_latest_only_with_trigger.py
[2024-10-30T18:33:33.866+0000] {processor.py:830} INFO - Processing file /home/airflow/.local/lib/python3.12/site-packages/airflow/example_dags/example_latest_only_with_trigger.py for tasks to queue
[2024-10-30T18:33:33.872+0000] {logging_mixin.py:188} INFO - [2024-10-30T18:33:33.871+0000] {dagbag.py:545} INFO - Filling up the DagBag from /home/airflow/.local/lib/python3.12/site-packages/airflow/example_dags/example_latest_only_with_trigger.py
[2024-10-30T18:33:33.888+0000] {processor.py:840} INFO - DAG(s) 'latest_only_with_trigger' retrieved from /home/airflow/.local/lib/python3.12/site-packages/airflow/example_dags/example_latest_only_with_trigger.py
[2024-10-30T18:33:33.946+0000] {logging_mixin.py:188} INFO - [2024-10-30T18:33:33.945+0000] {dag.py:3089} INFO - Sync 1 DAGs
[2024-10-30T18:33:34.020+0000] {logging_mixin.py:188} INFO - [2024-10-30T18:33:34.020+0000] {dag.py:3947} INFO - Setting next_dagrun for latest_only_with_trigger to 2024-10-30 12:00:00+00:00, run_after=2024-10-30 16:00:00+00:00
[2024-10-30T18:33:34.068+0000] {processor.py:183} INFO - Processing /home/airflow/.local/lib/python3.12/site-packages/airflow/example_dags/example_latest_only_with_trigger.py took 0.222 seconds
[2024-10-30T18:34:04.545+0000] {processor.py:161} INFO - Started process (PID=866) to work on /home/airflow/.local/lib/python3.12/site-packages/airflow/example_dags/example_latest_only_with_trigger.py
[2024-10-30T18:34:04.548+0000] {processor.py:830} INFO - Processing file /home/airflow/.local/lib/python3.12/site-packages/airflow/example_dags/example_latest_only_with_trigger.py for tasks to queue
[2024-10-30T18:34:04.552+0000] {logging_mixin.py:188} INFO - [2024-10-30T18:34:04.552+0000] {dagbag.py:545} INFO - Filling up the DagBag from /home/airflow/.local/lib/python3.12/site-packages/airflow/example_dags/example_latest_only_with_trigger.py
[2024-10-30T18:34:04.567+0000] {processor.py:840} INFO - DAG(s) 'latest_only_with_trigger' retrieved from /home/airflow/.local/lib/python3.12/site-packages/airflow/example_dags/example_latest_only_with_trigger.py
[2024-10-30T18:34:04.622+0000] {logging_mixin.py:188} INFO - [2024-10-30T18:34:04.621+0000] {dag.py:3089} INFO - Sync 1 DAGs
[2024-10-30T18:34:04.682+0000] {logging_mixin.py:188} INFO - [2024-10-30T18:34:04.681+0000] {dag.py:3947} INFO - Setting next_dagrun for latest_only_with_trigger to 2024-10-30 12:00:00+00:00, run_after=2024-10-30 16:00:00+00:00
[2024-10-30T18:34:04.745+0000] {processor.py:183} INFO - Processing /home/airflow/.local/lib/python3.12/site-packages/airflow/example_dags/example_latest_only_with_trigger.py took 0.213 seconds
[2024-10-30T18:34:35.716+0000] {processor.py:161} INFO - Started process (PID=925) to work on /home/airflow/.local/lib/python3.12/site-packages/airflow/example_dags/example_latest_only_with_trigger.py
[2024-10-30T18:34:35.719+0000] {processor.py:830} INFO - Processing file /home/airflow/.local/lib/python3.12/site-packages/airflow/example_dags/example_latest_only_with_trigger.py for tasks to queue
[2024-10-30T18:34:35.724+0000] {logging_mixin.py:188} INFO - [2024-10-30T18:34:35.723+0000] {dagbag.py:545} INFO - Filling up the DagBag from /home/airflow/.local/lib/python3.12/site-packages/airflow/example_dags/example_latest_only_with_trigger.py
[2024-10-30T18:34:35.739+0000] {processor.py:840} INFO - DAG(s) 'latest_only_with_trigger' retrieved from /home/airflow/.local/lib/python3.12/site-packages/airflow/example_dags/example_latest_only_with_trigger.py
[2024-10-30T18:34:35.812+0000] {logging_mixin.py:188} INFO - [2024-10-30T18:34:35.812+0000] {dag.py:3089} INFO - Sync 1 DAGs
[2024-10-30T18:34:35.875+0000] {logging_mixin.py:188} INFO - [2024-10-30T18:34:35.874+0000] {dag.py:3947} INFO - Setting next_dagrun for latest_only_with_trigger to 2024-10-30 12:00:00+00:00, run_after=2024-10-30 16:00:00+00:00
[2024-10-30T18:34:35.945+0000] {processor.py:183} INFO - Processing /home/airflow/.local/lib/python3.12/site-packages/airflow/example_dags/example_latest_only_with_trigger.py took 0.256 seconds
[2024-10-30T18:35:06.462+0000] {processor.py:161} INFO - Started process (PID=984) to work on /home/airflow/.local/lib/python3.12/site-packages/airflow/example_dags/example_latest_only_with_trigger.py
[2024-10-30T18:35:06.465+0000] {processor.py:830} INFO - Processing file /home/airflow/.local/lib/python3.12/site-packages/airflow/example_dags/example_latest_only_with_trigger.py for tasks to queue
[2024-10-30T18:35:06.471+0000] {logging_mixin.py:188} INFO - [2024-10-30T18:35:06.470+0000] {dagbag.py:545} INFO - Filling up the DagBag from /home/airflow/.local/lib/python3.12/site-packages/airflow/example_dags/example_latest_only_with_trigger.py
[2024-10-30T18:35:06.491+0000] {processor.py:840} INFO - DAG(s) 'latest_only_with_trigger' retrieved from /home/airflow/.local/lib/python3.12/site-packages/airflow/example_dags/example_latest_only_with_trigger.py
[2024-10-30T18:35:06.615+0000] {logging_mixin.py:188} INFO - [2024-10-30T18:35:06.614+0000] {dag.py:3089} INFO - Sync 1 DAGs
[2024-10-30T18:35:06.703+0000] {logging_mixin.py:188} INFO - [2024-10-30T18:35:06.700+0000] {dag.py:3947} INFO - Setting next_dagrun for latest_only_with_trigger to 2024-10-30 12:00:00+00:00, run_after=2024-10-30 16:00:00+00:00
[2024-10-30T18:35:06.788+0000] {processor.py:183} INFO - Processing /home/airflow/.local/lib/python3.12/site-packages/airflow/example_dags/example_latest_only_with_trigger.py took 0.356 seconds
[2024-10-30T18:35:37.324+0000] {processor.py:161} INFO - Started process (PID=1044) to work on /home/airflow/.local/lib/python3.12/site-packages/airflow/example_dags/example_latest_only_with_trigger.py
[2024-10-30T18:35:37.328+0000] {processor.py:830} INFO - Processing file /home/airflow/.local/lib/python3.12/site-packages/airflow/example_dags/example_latest_only_with_trigger.py for tasks to queue
[2024-10-30T18:35:37.338+0000] {logging_mixin.py:188} INFO - [2024-10-30T18:35:37.337+0000] {dagbag.py:545} INFO - Filling up the DagBag from /home/airflow/.local/lib/python3.12/site-packages/airflow/example_dags/example_latest_only_with_trigger.py
[2024-10-30T18:35:37.361+0000] {processor.py:840} INFO - DAG(s) 'latest_only_with_trigger' retrieved from /home/airflow/.local/lib/python3.12/site-packages/airflow/example_dags/example_latest_only_with_trigger.py
[2024-10-30T18:35:37.470+0000] {logging_mixin.py:188} INFO - [2024-10-30T18:35:37.468+0000] {dag.py:3089} INFO - Sync 1 DAGs
[2024-10-30T18:35:37.587+0000] {logging_mixin.py:188} INFO - [2024-10-30T18:35:37.586+0000] {dag.py:3947} INFO - Setting next_dagrun for latest_only_with_trigger to 2024-10-30 12:00:00+00:00, run_after=2024-10-30 16:00:00+00:00
[2024-10-30T18:35:37.712+0000] {processor.py:183} INFO - Processing /home/airflow/.local/lib/python3.12/site-packages/airflow/example_dags/example_latest_only_with_trigger.py took 0.413 seconds
[2024-10-30T18:36:08.357+0000] {processor.py:161} INFO - Started process (PID=1104) to work on /home/airflow/.local/lib/python3.12/site-packages/airflow/example_dags/example_latest_only_with_trigger.py
[2024-10-30T18:36:08.359+0000] {processor.py:830} INFO - Processing file /home/airflow/.local/lib/python3.12/site-packages/airflow/example_dags/example_latest_only_with_trigger.py for tasks to queue
[2024-10-30T18:36:08.365+0000] {logging_mixin.py:188} INFO - [2024-10-30T18:36:08.364+0000] {dagbag.py:545} INFO - Filling up the DagBag from /home/airflow/.local/lib/python3.12/site-packages/airflow/example_dags/example_latest_only_with_trigger.py
[2024-10-30T18:36:08.381+0000] {processor.py:840} INFO - DAG(s) 'latest_only_with_trigger' retrieved from /home/airflow/.local/lib/python3.12/site-packages/airflow/example_dags/example_latest_only_with_trigger.py
[2024-10-30T18:36:08.448+0000] {logging_mixin.py:188} INFO - [2024-10-30T18:36:08.447+0000] {dag.py:3089} INFO - Sync 1 DAGs
[2024-10-30T18:36:08.509+0000] {logging_mixin.py:188} INFO - [2024-10-30T18:36:08.508+0000] {dag.py:3947} INFO - Setting next_dagrun for latest_only_with_trigger to 2024-10-30 12:00:00+00:00, run_after=2024-10-30 16:00:00+00:00
[2024-10-30T18:36:08.567+0000] {processor.py:183} INFO - Processing /home/airflow/.local/lib/python3.12/site-packages/airflow/example_dags/example_latest_only_with_trigger.py took 0.239 seconds
[2024-10-30T18:36:38.831+0000] {processor.py:161} INFO - Started process (PID=1163) to work on /home/airflow/.local/lib/python3.12/site-packages/airflow/example_dags/example_latest_only_with_trigger.py
[2024-10-30T18:36:38.834+0000] {processor.py:830} INFO - Processing file /home/airflow/.local/lib/python3.12/site-packages/airflow/example_dags/example_latest_only_with_trigger.py for tasks to queue
[2024-10-30T18:36:38.842+0000] {logging_mixin.py:188} INFO - [2024-10-30T18:36:38.841+0000] {dagbag.py:545} INFO - Filling up the DagBag from /home/airflow/.local/lib/python3.12/site-packages/airflow/example_dags/example_latest_only_with_trigger.py
[2024-10-30T18:36:38.858+0000] {processor.py:840} INFO - DAG(s) 'latest_only_with_trigger' retrieved from /home/airflow/.local/lib/python3.12/site-packages/airflow/example_dags/example_latest_only_with_trigger.py
[2024-10-30T18:36:38.927+0000] {logging_mixin.py:188} INFO - [2024-10-30T18:36:38.926+0000] {dag.py:3089} INFO - Sync 1 DAGs
[2024-10-30T18:36:38.987+0000] {logging_mixin.py:188} INFO - [2024-10-30T18:36:38.987+0000] {dag.py:3947} INFO - Setting next_dagrun for latest_only_with_trigger to 2024-10-30 12:00:00+00:00, run_after=2024-10-30 16:00:00+00:00
[2024-10-30T18:36:39.044+0000] {processor.py:183} INFO - Processing /home/airflow/.local/lib/python3.12/site-packages/airflow/example_dags/example_latest_only_with_trigger.py took 0.270 seconds
[2024-10-30T18:37:09.535+0000] {processor.py:161} INFO - Started process (PID=1223) to work on /home/airflow/.local/lib/python3.12/site-packages/airflow/example_dags/example_latest_only_with_trigger.py
[2024-10-30T18:37:09.539+0000] {processor.py:830} INFO - Processing file /home/airflow/.local/lib/python3.12/site-packages/airflow/example_dags/example_latest_only_with_trigger.py for tasks to queue
[2024-10-30T18:37:09.547+0000] {logging_mixin.py:188} INFO - [2024-10-30T18:37:09.546+0000] {dagbag.py:545} INFO - Filling up the DagBag from /home/airflow/.local/lib/python3.12/site-packages/airflow/example_dags/example_latest_only_with_trigger.py
[2024-10-30T18:37:09.567+0000] {processor.py:840} INFO - DAG(s) 'latest_only_with_trigger' retrieved from /home/airflow/.local/lib/python3.12/site-packages/airflow/example_dags/example_latest_only_with_trigger.py
[2024-10-30T18:37:09.632+0000] {logging_mixin.py:188} INFO - [2024-10-30T18:37:09.632+0000] {dag.py:3089} INFO - Sync 1 DAGs
[2024-10-30T18:37:09.695+0000] {logging_mixin.py:188} INFO - [2024-10-30T18:37:09.695+0000] {dag.py:3947} INFO - Setting next_dagrun for latest_only_with_trigger to 2024-10-30 12:00:00+00:00, run_after=2024-10-30 16:00:00+00:00
[2024-10-30T18:37:09.754+0000] {processor.py:183} INFO - Processing /home/airflow/.local/lib/python3.12/site-packages/airflow/example_dags/example_latest_only_with_trigger.py took 0.292 seconds
[2024-10-30T18:37:40.271+0000] {processor.py:161} INFO - Started process (PID=1282) to work on /home/airflow/.local/lib/python3.12/site-packages/airflow/example_dags/example_latest_only_with_trigger.py
[2024-10-30T18:37:40.278+0000] {processor.py:830} INFO - Processing file /home/airflow/.local/lib/python3.12/site-packages/airflow/example_dags/example_latest_only_with_trigger.py for tasks to queue
[2024-10-30T18:37:40.292+0000] {logging_mixin.py:188} INFO - [2024-10-30T18:37:40.290+0000] {dagbag.py:545} INFO - Filling up the DagBag from /home/airflow/.local/lib/python3.12/site-packages/airflow/example_dags/example_latest_only_with_trigger.py
[2024-10-30T18:37:40.331+0000] {processor.py:840} INFO - DAG(s) 'latest_only_with_trigger' retrieved from /home/airflow/.local/lib/python3.12/site-packages/airflow/example_dags/example_latest_only_with_trigger.py
[2024-10-30T18:37:40.412+0000] {logging_mixin.py:188} INFO - [2024-10-30T18:37:40.412+0000] {dag.py:3089} INFO - Sync 1 DAGs
[2024-10-30T18:37:40.479+0000] {logging_mixin.py:188} INFO - [2024-10-30T18:37:40.479+0000] {dag.py:3947} INFO - Setting next_dagrun for latest_only_with_trigger to 2024-10-30 12:00:00+00:00, run_after=2024-10-30 16:00:00+00:00
[2024-10-30T18:37:40.564+0000] {processor.py:183} INFO - Processing /home/airflow/.local/lib/python3.12/site-packages/airflow/example_dags/example_latest_only_with_trigger.py took 0.354 seconds
[2024-10-30T18:38:10.697+0000] {processor.py:161} INFO - Started process (PID=1343) to work on /home/airflow/.local/lib/python3.12/site-packages/airflow/example_dags/example_latest_only_with_trigger.py
[2024-10-30T18:38:10.701+0000] {processor.py:830} INFO - Processing file /home/airflow/.local/lib/python3.12/site-packages/airflow/example_dags/example_latest_only_with_trigger.py for tasks to queue
[2024-10-30T18:38:10.710+0000] {logging_mixin.py:188} INFO - [2024-10-30T18:38:10.709+0000] {dagbag.py:545} INFO - Filling up the DagBag from /home/airflow/.local/lib/python3.12/site-packages/airflow/example_dags/example_latest_only_with_trigger.py
[2024-10-30T18:38:10.741+0000] {processor.py:840} INFO - DAG(s) 'latest_only_with_trigger' retrieved from /home/airflow/.local/lib/python3.12/site-packages/airflow/example_dags/example_latest_only_with_trigger.py
[2024-10-30T18:38:10.830+0000] {logging_mixin.py:188} INFO - [2024-10-30T18:38:10.829+0000] {dag.py:3089} INFO - Sync 1 DAGs
[2024-10-30T18:38:10.902+0000] {logging_mixin.py:188} INFO - [2024-10-30T18:38:10.901+0000] {dag.py:3947} INFO - Setting next_dagrun for latest_only_with_trigger to 2024-10-30 12:00:00+00:00, run_after=2024-10-30 16:00:00+00:00
[2024-10-30T18:38:10.963+0000] {processor.py:183} INFO - Processing /home/airflow/.local/lib/python3.12/site-packages/airflow/example_dags/example_latest_only_with_trigger.py took 0.307 seconds
[2024-10-30T18:38:41.762+0000] {processor.py:161} INFO - Started process (PID=1402) to work on /home/airflow/.local/lib/python3.12/site-packages/airflow/example_dags/example_latest_only_with_trigger.py
[2024-10-30T18:38:41.765+0000] {processor.py:830} INFO - Processing file /home/airflow/.local/lib/python3.12/site-packages/airflow/example_dags/example_latest_only_with_trigger.py for tasks to queue
[2024-10-30T18:38:41.770+0000] {logging_mixin.py:188} INFO - [2024-10-30T18:38:41.769+0000] {dagbag.py:545} INFO - Filling up the DagBag from /home/airflow/.local/lib/python3.12/site-packages/airflow/example_dags/example_latest_only_with_trigger.py
[2024-10-30T18:38:41.793+0000] {processor.py:840} INFO - DAG(s) 'latest_only_with_trigger' retrieved from /home/airflow/.local/lib/python3.12/site-packages/airflow/example_dags/example_latest_only_with_trigger.py
[2024-10-30T18:38:41.885+0000] {logging_mixin.py:188} INFO - [2024-10-30T18:38:41.884+0000] {dag.py:3089} INFO - Sync 1 DAGs
[2024-10-30T18:38:41.974+0000] {logging_mixin.py:188} INFO - [2024-10-30T18:38:41.973+0000] {dag.py:3947} INFO - Setting next_dagrun for latest_only_with_trigger to 2024-10-30 12:00:00+00:00, run_after=2024-10-30 16:00:00+00:00
[2024-10-30T18:38:42.043+0000] {processor.py:183} INFO - Processing /home/airflow/.local/lib/python3.12/site-packages/airflow/example_dags/example_latest_only_with_trigger.py took 0.311 seconds
[2024-10-30T18:39:12.634+0000] {processor.py:161} INFO - Started process (PID=1462) to work on /home/airflow/.local/lib/python3.12/site-packages/airflow/example_dags/example_latest_only_with_trigger.py
[2024-10-30T18:39:12.635+0000] {processor.py:830} INFO - Processing file /home/airflow/.local/lib/python3.12/site-packages/airflow/example_dags/example_latest_only_with_trigger.py for tasks to queue
[2024-10-30T18:39:12.642+0000] {logging_mixin.py:188} INFO - [2024-10-30T18:39:12.640+0000] {dagbag.py:545} INFO - Filling up the DagBag from /home/airflow/.local/lib/python3.12/site-packages/airflow/example_dags/example_latest_only_with_trigger.py
[2024-10-30T18:39:12.655+0000] {processor.py:840} INFO - DAG(s) 'latest_only_with_trigger' retrieved from /home/airflow/.local/lib/python3.12/site-packages/airflow/example_dags/example_latest_only_with_trigger.py
[2024-10-30T18:39:12.718+0000] {logging_mixin.py:188} INFO - [2024-10-30T18:39:12.716+0000] {dag.py:3089} INFO - Sync 1 DAGs
[2024-10-30T18:39:12.790+0000] {logging_mixin.py:188} INFO - [2024-10-30T18:39:12.790+0000] {dag.py:3947} INFO - Setting next_dagrun for latest_only_with_trigger to 2024-10-30 12:00:00+00:00, run_after=2024-10-30 16:00:00+00:00
[2024-10-30T18:39:13.248+0000] {processor.py:183} INFO - Processing /home/airflow/.local/lib/python3.12/site-packages/airflow/example_dags/example_latest_only_with_trigger.py took 0.631 seconds
[2024-10-30T18:39:43.783+0000] {processor.py:161} INFO - Started process (PID=1522) to work on /home/airflow/.local/lib/python3.12/site-packages/airflow/example_dags/example_latest_only_with_trigger.py
[2024-10-30T18:39:43.786+0000] {processor.py:830} INFO - Processing file /home/airflow/.local/lib/python3.12/site-packages/airflow/example_dags/example_latest_only_with_trigger.py for tasks to queue
[2024-10-30T18:39:43.791+0000] {logging_mixin.py:188} INFO - [2024-10-30T18:39:43.790+0000] {dagbag.py:545} INFO - Filling up the DagBag from /home/airflow/.local/lib/python3.12/site-packages/airflow/example_dags/example_latest_only_with_trigger.py
[2024-10-30T18:39:43.811+0000] {processor.py:840} INFO - DAG(s) 'latest_only_with_trigger' retrieved from /home/airflow/.local/lib/python3.12/site-packages/airflow/example_dags/example_latest_only_with_trigger.py
[2024-10-30T18:39:43.897+0000] {logging_mixin.py:188} INFO - [2024-10-30T18:39:43.896+0000] {dag.py:3089} INFO - Sync 1 DAGs
[2024-10-30T18:39:43.960+0000] {logging_mixin.py:188} INFO - [2024-10-30T18:39:43.958+0000] {dag.py:3947} INFO - Setting next_dagrun for latest_only_with_trigger to 2024-10-30 12:00:00+00:00, run_after=2024-10-30 16:00:00+00:00
[2024-10-30T18:39:44.379+0000] {processor.py:183} INFO - Processing /home/airflow/.local/lib/python3.12/site-packages/airflow/example_dags/example_latest_only_with_trigger.py took 0.615 seconds
[2024-10-30T18:40:14.615+0000] {processor.py:161} INFO - Started process (PID=1581) to work on /home/airflow/.local/lib/python3.12/site-packages/airflow/example_dags/example_latest_only_with_trigger.py
[2024-10-30T18:40:14.622+0000] {processor.py:830} INFO - Processing file /home/airflow/.local/lib/python3.12/site-packages/airflow/example_dags/example_latest_only_with_trigger.py for tasks to queue
[2024-10-30T18:40:14.630+0000] {logging_mixin.py:188} INFO - [2024-10-30T18:40:14.628+0000] {dagbag.py:545} INFO - Filling up the DagBag from /home/airflow/.local/lib/python3.12/site-packages/airflow/example_dags/example_latest_only_with_trigger.py
[2024-10-30T18:40:14.646+0000] {processor.py:840} INFO - DAG(s) 'latest_only_with_trigger' retrieved from /home/airflow/.local/lib/python3.12/site-packages/airflow/example_dags/example_latest_only_with_trigger.py
[2024-10-30T18:40:14.719+0000] {logging_mixin.py:188} INFO - [2024-10-30T18:40:14.718+0000] {dag.py:3089} INFO - Sync 1 DAGs
[2024-10-30T18:40:14.791+0000] {logging_mixin.py:188} INFO - [2024-10-30T18:40:14.791+0000] {dag.py:3947} INFO - Setting next_dagrun for latest_only_with_trigger to 2024-10-30 12:00:00+00:00, run_after=2024-10-30 16:00:00+00:00
[2024-10-30T18:40:15.201+0000] {processor.py:183} INFO - Processing /home/airflow/.local/lib/python3.12/site-packages/airflow/example_dags/example_latest_only_with_trigger.py took 0.603 seconds
[2024-10-30T18:40:45.664+0000] {processor.py:161} INFO - Started process (PID=1640) to work on /home/airflow/.local/lib/python3.12/site-packages/airflow/example_dags/example_latest_only_with_trigger.py
[2024-10-30T18:40:45.668+0000] {processor.py:830} INFO - Processing file /home/airflow/.local/lib/python3.12/site-packages/airflow/example_dags/example_latest_only_with_trigger.py for tasks to queue
[2024-10-30T18:40:45.676+0000] {logging_mixin.py:188} INFO - [2024-10-30T18:40:45.675+0000] {dagbag.py:545} INFO - Filling up the DagBag from /home/airflow/.local/lib/python3.12/site-packages/airflow/example_dags/example_latest_only_with_trigger.py
[2024-10-30T18:40:45.698+0000] {processor.py:840} INFO - DAG(s) 'latest_only_with_trigger' retrieved from /home/airflow/.local/lib/python3.12/site-packages/airflow/example_dags/example_latest_only_with_trigger.py
[2024-10-30T18:40:45.797+0000] {logging_mixin.py:188} INFO - [2024-10-30T18:40:45.796+0000] {dag.py:3089} INFO - Sync 1 DAGs
[2024-10-30T18:40:45.900+0000] {logging_mixin.py:188} INFO - [2024-10-30T18:40:45.900+0000] {dag.py:3947} INFO - Setting next_dagrun for latest_only_with_trigger to 2024-10-30 12:00:00+00:00, run_after=2024-10-30 16:00:00+00:00
[2024-10-30T18:40:46.415+0000] {processor.py:183} INFO - Processing /home/airflow/.local/lib/python3.12/site-packages/airflow/example_dags/example_latest_only_with_trigger.py took 0.776 seconds
[2024-10-30T18:41:17.686+0000] {processor.py:161} INFO - Started process (PID=1707) to work on /home/airflow/.local/lib/python3.12/site-packages/airflow/example_dags/example_latest_only_with_trigger.py
[2024-10-30T18:41:17.698+0000] {processor.py:830} INFO - Processing file /home/airflow/.local/lib/python3.12/site-packages/airflow/example_dags/example_latest_only_with_trigger.py for tasks to queue
[2024-10-30T18:41:17.713+0000] {logging_mixin.py:188} INFO - [2024-10-30T18:41:17.712+0000] {dagbag.py:545} INFO - Filling up the DagBag from /home/airflow/.local/lib/python3.12/site-packages/airflow/example_dags/example_latest_only_with_trigger.py
[2024-10-30T18:41:17.736+0000] {processor.py:840} INFO - DAG(s) 'latest_only_with_trigger' retrieved from /home/airflow/.local/lib/python3.12/site-packages/airflow/example_dags/example_latest_only_with_trigger.py
[2024-10-30T18:41:17.870+0000] {logging_mixin.py:188} INFO - [2024-10-30T18:41:17.869+0000] {dag.py:3089} INFO - Sync 1 DAGs
[2024-10-30T18:41:18.458+0000] {logging_mixin.py:188} INFO - [2024-10-30T18:41:18.457+0000] {dag.py:3947} INFO - Setting next_dagrun for latest_only_with_trigger to 2024-10-30 12:00:00+00:00, run_after=2024-10-30 16:00:00+00:00
[2024-10-30T18:41:18.513+0000] {processor.py:183} INFO - Processing /home/airflow/.local/lib/python3.12/site-packages/airflow/example_dags/example_latest_only_with_trigger.py took 0.923 seconds
[2024-10-30T18:41:48.726+0000] {processor.py:161} INFO - Started process (PID=1768) to work on /home/airflow/.local/lib/python3.12/site-packages/airflow/example_dags/example_latest_only_with_trigger.py
[2024-10-30T18:41:48.728+0000] {processor.py:830} INFO - Processing file /home/airflow/.local/lib/python3.12/site-packages/airflow/example_dags/example_latest_only_with_trigger.py for tasks to queue
[2024-10-30T18:41:48.732+0000] {logging_mixin.py:188} INFO - [2024-10-30T18:41:48.732+0000] {dagbag.py:545} INFO - Filling up the DagBag from /home/airflow/.local/lib/python3.12/site-packages/airflow/example_dags/example_latest_only_with_trigger.py
[2024-10-30T18:41:48.744+0000] {processor.py:840} INFO - DAG(s) 'latest_only_with_trigger' retrieved from /home/airflow/.local/lib/python3.12/site-packages/airflow/example_dags/example_latest_only_with_trigger.py
[2024-10-30T18:41:48.796+0000] {logging_mixin.py:188} INFO - [2024-10-30T18:41:48.795+0000] {dag.py:3089} INFO - Sync 1 DAGs
[2024-10-30T18:41:48.852+0000] {logging_mixin.py:188} INFO - [2024-10-30T18:41:48.852+0000] {dag.py:3947} INFO - Setting next_dagrun for latest_only_with_trigger to 2024-10-30 12:00:00+00:00, run_after=2024-10-30 16:00:00+00:00
[2024-10-30T18:41:48.902+0000] {processor.py:183} INFO - Processing /home/airflow/.local/lib/python3.12/site-packages/airflow/example_dags/example_latest_only_with_trigger.py took 0.190 seconds
[2024-10-30T18:42:19.547+0000] {processor.py:161} INFO - Started process (PID=1828) to work on /home/airflow/.local/lib/python3.12/site-packages/airflow/example_dags/example_latest_only_with_trigger.py
[2024-10-30T18:42:19.550+0000] {processor.py:830} INFO - Processing file /home/airflow/.local/lib/python3.12/site-packages/airflow/example_dags/example_latest_only_with_trigger.py for tasks to queue
[2024-10-30T18:42:19.555+0000] {logging_mixin.py:188} INFO - [2024-10-30T18:42:19.554+0000] {dagbag.py:545} INFO - Filling up the DagBag from /home/airflow/.local/lib/python3.12/site-packages/airflow/example_dags/example_latest_only_with_trigger.py
[2024-10-30T18:42:19.575+0000] {processor.py:840} INFO - DAG(s) 'latest_only_with_trigger' retrieved from /home/airflow/.local/lib/python3.12/site-packages/airflow/example_dags/example_latest_only_with_trigger.py
[2024-10-30T18:42:19.651+0000] {logging_mixin.py:188} INFO - [2024-10-30T18:42:19.651+0000] {dag.py:3089} INFO - Sync 1 DAGs
[2024-10-30T18:42:19.720+0000] {logging_mixin.py:188} INFO - [2024-10-30T18:42:19.719+0000] {dag.py:3947} INFO - Setting next_dagrun for latest_only_with_trigger to 2024-10-30 12:00:00+00:00, run_after=2024-10-30 16:00:00+00:00
[2024-10-30T18:42:19.791+0000] {processor.py:183} INFO - Processing /home/airflow/.local/lib/python3.12/site-packages/airflow/example_dags/example_latest_only_with_trigger.py took 0.266 seconds
[2024-10-30T18:42:50.702+0000] {processor.py:161} INFO - Started process (PID=1888) to work on /home/airflow/.local/lib/python3.12/site-packages/airflow/example_dags/example_latest_only_with_trigger.py
[2024-10-30T18:42:50.705+0000] {processor.py:830} INFO - Processing file /home/airflow/.local/lib/python3.12/site-packages/airflow/example_dags/example_latest_only_with_trigger.py for tasks to queue
[2024-10-30T18:42:50.710+0000] {logging_mixin.py:188} INFO - [2024-10-30T18:42:50.709+0000] {dagbag.py:545} INFO - Filling up the DagBag from /home/airflow/.local/lib/python3.12/site-packages/airflow/example_dags/example_latest_only_with_trigger.py
[2024-10-30T18:42:50.726+0000] {processor.py:840} INFO - DAG(s) 'latest_only_with_trigger' retrieved from /home/airflow/.local/lib/python3.12/site-packages/airflow/example_dags/example_latest_only_with_trigger.py
[2024-10-30T18:42:50.802+0000] {logging_mixin.py:188} INFO - [2024-10-30T18:42:50.802+0000] {dag.py:3089} INFO - Sync 1 DAGs
[2024-10-30T18:42:50.886+0000] {logging_mixin.py:188} INFO - [2024-10-30T18:42:50.884+0000] {dag.py:3947} INFO - Setting next_dagrun for latest_only_with_trigger to 2024-10-30 12:00:00+00:00, run_after=2024-10-30 16:00:00+00:00
[2024-10-30T18:42:50.983+0000] {processor.py:183} INFO - Processing /home/airflow/.local/lib/python3.12/site-packages/airflow/example_dags/example_latest_only_with_trigger.py took 0.301 seconds
[2024-10-30T18:43:21.726+0000] {processor.py:161} INFO - Started process (PID=1948) to work on /home/airflow/.local/lib/python3.12/site-packages/airflow/example_dags/example_latest_only_with_trigger.py
[2024-10-30T18:43:21.729+0000] {processor.py:830} INFO - Processing file /home/airflow/.local/lib/python3.12/site-packages/airflow/example_dags/example_latest_only_with_trigger.py for tasks to queue
[2024-10-30T18:43:21.735+0000] {logging_mixin.py:188} INFO - [2024-10-30T18:43:21.734+0000] {dagbag.py:545} INFO - Filling up the DagBag from /home/airflow/.local/lib/python3.12/site-packages/airflow/example_dags/example_latest_only_with_trigger.py
[2024-10-30T18:43:21.756+0000] {processor.py:840} INFO - DAG(s) 'latest_only_with_trigger' retrieved from /home/airflow/.local/lib/python3.12/site-packages/airflow/example_dags/example_latest_only_with_trigger.py
[2024-10-30T18:43:21.832+0000] {logging_mixin.py:188} INFO - [2024-10-30T18:43:21.831+0000] {dag.py:3089} INFO - Sync 1 DAGs
[2024-10-30T18:43:21.911+0000] {logging_mixin.py:188} INFO - [2024-10-30T18:43:21.910+0000] {dag.py:3947} INFO - Setting next_dagrun for latest_only_with_trigger to 2024-10-30 12:00:00+00:00, run_after=2024-10-30 16:00:00+00:00
[2024-10-30T18:43:21.979+0000] {processor.py:183} INFO - Processing /home/airflow/.local/lib/python3.12/site-packages/airflow/example_dags/example_latest_only_with_trigger.py took 0.273 seconds
[2024-10-30T18:43:52.238+0000] {processor.py:161} INFO - Started process (PID=2008) to work on /home/airflow/.local/lib/python3.12/site-packages/airflow/example_dags/example_latest_only_with_trigger.py
[2024-10-30T18:43:52.243+0000] {processor.py:830} INFO - Processing file /home/airflow/.local/lib/python3.12/site-packages/airflow/example_dags/example_latest_only_with_trigger.py for tasks to queue
[2024-10-30T18:43:52.250+0000] {logging_mixin.py:188} INFO - [2024-10-30T18:43:52.249+0000] {dagbag.py:545} INFO - Filling up the DagBag from /home/airflow/.local/lib/python3.12/site-packages/airflow/example_dags/example_latest_only_with_trigger.py
[2024-10-30T18:43:52.274+0000] {processor.py:840} INFO - DAG(s) 'latest_only_with_trigger' retrieved from /home/airflow/.local/lib/python3.12/site-packages/airflow/example_dags/example_latest_only_with_trigger.py
[2024-10-30T18:43:52.344+0000] {logging_mixin.py:188} INFO - [2024-10-30T18:43:52.343+0000] {dag.py:3089} INFO - Sync 1 DAGs
[2024-10-30T18:43:52.440+0000] {logging_mixin.py:188} INFO - [2024-10-30T18:43:52.439+0000] {dag.py:3947} INFO - Setting next_dagrun for latest_only_with_trigger to 2024-10-30 12:00:00+00:00, run_after=2024-10-30 16:00:00+00:00
[2024-10-30T18:43:52.579+0000] {processor.py:183} INFO - Processing /home/airflow/.local/lib/python3.12/site-packages/airflow/example_dags/example_latest_only_with_trigger.py took 0.373 seconds
[2024-10-30T18:44:22.888+0000] {processor.py:161} INFO - Started process (PID=2068) to work on /home/airflow/.local/lib/python3.12/site-packages/airflow/example_dags/example_latest_only_with_trigger.py
[2024-10-30T18:44:22.891+0000] {processor.py:830} INFO - Processing file /home/airflow/.local/lib/python3.12/site-packages/airflow/example_dags/example_latest_only_with_trigger.py for tasks to queue
[2024-10-30T18:44:22.913+0000] {logging_mixin.py:188} INFO - [2024-10-30T18:44:22.911+0000] {dagbag.py:545} INFO - Filling up the DagBag from /home/airflow/.local/lib/python3.12/site-packages/airflow/example_dags/example_latest_only_with_trigger.py
[2024-10-30T18:44:22.942+0000] {processor.py:840} INFO - DAG(s) 'latest_only_with_trigger' retrieved from /home/airflow/.local/lib/python3.12/site-packages/airflow/example_dags/example_latest_only_with_trigger.py
[2024-10-30T18:44:23.034+0000] {logging_mixin.py:188} INFO - [2024-10-30T18:44:23.032+0000] {dag.py:3089} INFO - Sync 1 DAGs
[2024-10-30T18:44:23.118+0000] {logging_mixin.py:188} INFO - [2024-10-30T18:44:23.117+0000] {dag.py:3947} INFO - Setting next_dagrun for latest_only_with_trigger to 2024-10-30 12:00:00+00:00, run_after=2024-10-30 16:00:00+00:00
[2024-10-30T18:44:23.190+0000] {processor.py:183} INFO - Processing /home/airflow/.local/lib/python3.12/site-packages/airflow/example_dags/example_latest_only_with_trigger.py took 0.338 seconds
[2024-10-30T18:44:53.430+0000] {processor.py:161} INFO - Started process (PID=2129) to work on /home/airflow/.local/lib/python3.12/site-packages/airflow/example_dags/example_latest_only_with_trigger.py
[2024-10-30T18:44:53.431+0000] {processor.py:830} INFO - Processing file /home/airflow/.local/lib/python3.12/site-packages/airflow/example_dags/example_latest_only_with_trigger.py for tasks to queue
[2024-10-30T18:44:53.438+0000] {logging_mixin.py:188} INFO - [2024-10-30T18:44:53.436+0000] {dagbag.py:545} INFO - Filling up the DagBag from /home/airflow/.local/lib/python3.12/site-packages/airflow/example_dags/example_latest_only_with_trigger.py
[2024-10-30T18:44:53.455+0000] {processor.py:840} INFO - DAG(s) 'latest_only_with_trigger' retrieved from /home/airflow/.local/lib/python3.12/site-packages/airflow/example_dags/example_latest_only_with_trigger.py
[2024-10-30T18:44:53.521+0000] {logging_mixin.py:188} INFO - [2024-10-30T18:44:53.520+0000] {dag.py:3089} INFO - Sync 1 DAGs
[2024-10-30T18:44:53.597+0000] {logging_mixin.py:188} INFO - [2024-10-30T18:44:53.596+0000] {dag.py:3947} INFO - Setting next_dagrun for latest_only_with_trigger to 2024-10-30 12:00:00+00:00, run_after=2024-10-30 16:00:00+00:00
[2024-10-30T18:44:53.660+0000] {processor.py:183} INFO - Processing /home/airflow/.local/lib/python3.12/site-packages/airflow/example_dags/example_latest_only_with_trigger.py took 0.250 seconds
[2024-10-30T18:45:26.200+0000] {processor.py:161} INFO - Started process (PID=2189) to work on /home/airflow/.local/lib/python3.12/site-packages/airflow/example_dags/example_latest_only_with_trigger.py
[2024-10-30T18:45:26.204+0000] {processor.py:830} INFO - Processing file /home/airflow/.local/lib/python3.12/site-packages/airflow/example_dags/example_latest_only_with_trigger.py for tasks to queue
[2024-10-30T18:45:26.211+0000] {logging_mixin.py:188} INFO - [2024-10-30T18:45:26.210+0000] {dagbag.py:545} INFO - Filling up the DagBag from /home/airflow/.local/lib/python3.12/site-packages/airflow/example_dags/example_latest_only_with_trigger.py
[2024-10-30T18:45:26.236+0000] {processor.py:840} INFO - DAG(s) 'latest_only_with_trigger' retrieved from /home/airflow/.local/lib/python3.12/site-packages/airflow/example_dags/example_latest_only_with_trigger.py
[2024-10-30T18:45:26.313+0000] {logging_mixin.py:188} INFO - [2024-10-30T18:45:26.312+0000] {dag.py:3089} INFO - Sync 1 DAGs
[2024-10-30T18:45:26.444+0000] {logging_mixin.py:188} INFO - [2024-10-30T18:45:26.444+0000] {dag.py:3947} INFO - Setting next_dagrun for latest_only_with_trigger to 2024-10-30 12:00:00+00:00, run_after=2024-10-30 16:00:00+00:00
[2024-10-30T18:45:26.531+0000] {processor.py:183} INFO - Processing /home/airflow/.local/lib/python3.12/site-packages/airflow/example_dags/example_latest_only_with_trigger.py took 0.357 seconds
[2024-10-30T18:46:35.870+0000] {processor.py:161} INFO - Started process (PID=2254) to work on /home/airflow/.local/lib/python3.12/site-packages/airflow/example_dags/example_latest_only_with_trigger.py
[2024-10-30T18:46:35.925+0000] {processor.py:830} INFO - Processing file /home/airflow/.local/lib/python3.12/site-packages/airflow/example_dags/example_latest_only_with_trigger.py for tasks to queue
[2024-10-30T18:46:36.098+0000] {logging_mixin.py:188} INFO - [2024-10-30T18:46:36.090+0000] {dagbag.py:545} INFO - Filling up the DagBag from /home/airflow/.local/lib/python3.12/site-packages/airflow/example_dags/example_latest_only_with_trigger.py
[2024-10-30T18:46:36.212+0000] {processor.py:840} INFO - DAG(s) 'latest_only_with_trigger' retrieved from /home/airflow/.local/lib/python3.12/site-packages/airflow/example_dags/example_latest_only_with_trigger.py
[2024-10-30T18:46:36.988+0000] {logging_mixin.py:188} INFO - [2024-10-30T18:46:36.987+0000] {dag.py:3089} INFO - Sync 1 DAGs
[2024-10-30T18:46:37.610+0000] {logging_mixin.py:188} INFO - [2024-10-30T18:46:37.609+0000] {dag.py:3947} INFO - Setting next_dagrun for latest_only_with_trigger to 2024-10-30 12:00:00+00:00, run_after=2024-10-30 16:00:00+00:00
[2024-10-30T18:46:38.069+0000] {processor.py:183} INFO - Processing /home/airflow/.local/lib/python3.12/site-packages/airflow/example_dags/example_latest_only_with_trigger.py took 2.348 seconds
[2024-10-30T18:47:51.946+0000] {processor.py:161} INFO - Started process (PID=2327) to work on /home/airflow/.local/lib/python3.12/site-packages/airflow/example_dags/example_latest_only_with_trigger.py
[2024-10-30T18:47:51.962+0000] {processor.py:830} INFO - Processing file /home/airflow/.local/lib/python3.12/site-packages/airflow/example_dags/example_latest_only_with_trigger.py for tasks to queue
[2024-10-30T18:47:51.999+0000] {logging_mixin.py:188} INFO - [2024-10-30T18:47:51.998+0000] {dagbag.py:545} INFO - Filling up the DagBag from /home/airflow/.local/lib/python3.12/site-packages/airflow/example_dags/example_latest_only_with_trigger.py
[2024-10-30T18:47:52.246+0000] {processor.py:840} INFO - DAG(s) 'latest_only_with_trigger' retrieved from /home/airflow/.local/lib/python3.12/site-packages/airflow/example_dags/example_latest_only_with_trigger.py
[2024-10-30T18:47:52.688+0000] {logging_mixin.py:188} INFO - [2024-10-30T18:47:52.688+0000] {dag.py:3089} INFO - Sync 1 DAGs
[2024-10-30T18:47:53.009+0000] {logging_mixin.py:188} INFO - [2024-10-30T18:47:53.009+0000] {dag.py:3947} INFO - Setting next_dagrun for latest_only_with_trigger to 2024-10-30 12:00:00+00:00, run_after=2024-10-30 16:00:00+00:00
[2024-10-30T18:47:53.242+0000] {processor.py:183} INFO - Processing /home/airflow/.local/lib/python3.12/site-packages/airflow/example_dags/example_latest_only_with_trigger.py took 1.602 seconds
[2024-10-30T18:48:28.807+0000] {processor.py:161} INFO - Started process (PID=2388) to work on /home/airflow/.local/lib/python3.12/site-packages/airflow/example_dags/example_latest_only_with_trigger.py
[2024-10-30T18:48:28.809+0000] {processor.py:830} INFO - Processing file /home/airflow/.local/lib/python3.12/site-packages/airflow/example_dags/example_latest_only_with_trigger.py for tasks to queue
[2024-10-30T18:48:28.813+0000] {logging_mixin.py:188} INFO - [2024-10-30T18:48:28.811+0000] {dagbag.py:545} INFO - Filling up the DagBag from /home/airflow/.local/lib/python3.12/site-packages/airflow/example_dags/example_latest_only_with_trigger.py
[2024-10-30T18:48:28.838+0000] {processor.py:840} INFO - DAG(s) 'latest_only_with_trigger' retrieved from /home/airflow/.local/lib/python3.12/site-packages/airflow/example_dags/example_latest_only_with_trigger.py
[2024-10-30T18:48:28.931+0000] {logging_mixin.py:188} INFO - [2024-10-30T18:48:28.931+0000] {dag.py:3089} INFO - Sync 1 DAGs
[2024-10-30T18:48:29.142+0000] {logging_mixin.py:188} INFO - [2024-10-30T18:48:29.136+0000] {dag.py:3947} INFO - Setting next_dagrun for latest_only_with_trigger to 2024-10-30 12:00:00+00:00, run_after=2024-10-30 16:00:00+00:00
[2024-10-30T18:48:29.428+0000] {processor.py:183} INFO - Processing /home/airflow/.local/lib/python3.12/site-packages/airflow/example_dags/example_latest_only_with_trigger.py took 0.642 seconds
