[2024-10-30T18:26:59.435+0000] {processor.py:161} INFO - Started process (PID=92) to work on /home/airflow/.local/lib/python3.12/site-packages/airflow/example_dags/example_sensor_decorator.py
[2024-10-30T18:26:59.436+0000] {processor.py:830} INFO - Processing file /home/airflow/.local/lib/python3.12/site-packages/airflow/example_dags/example_sensor_decorator.py for tasks to queue
[2024-10-30T18:26:59.443+0000] {logging_mixin.py:188} INFO - [2024-10-30T18:26:59.442+0000] {dagbag.py:545} INFO - Filling up the DagBag from /home/airflow/.local/lib/python3.12/site-packages/airflow/example_dags/example_sensor_decorator.py
[2024-10-30T18:26:59.465+0000] {processor.py:840} INFO - DAG(s) 'example_sensor_decorator' retrieved from /home/airflow/.local/lib/python3.12/site-packages/airflow/example_dags/example_sensor_decorator.py
[2024-10-30T18:27:00.162+0000] {logging_mixin.py:188} INFO - [2024-10-30T18:27:00.160+0000] {override.py:1858} INFO - Created Permission View: can read on DAG:example_sensor_decorator
[2024-10-30T18:27:00.189+0000] {logging_mixin.py:188} INFO - [2024-10-30T18:27:00.189+0000] {override.py:1858} INFO - Created Permission View: can edit on DAG:example_sensor_decorator
[2024-10-30T18:27:00.204+0000] {logging_mixin.py:188} INFO - [2024-10-30T18:27:00.204+0000] {override.py:1858} INFO - Created Permission View: can delete on DAG:example_sensor_decorator
[2024-10-30T18:27:00.206+0000] {logging_mixin.py:188} INFO - [2024-10-30T18:27:00.205+0000] {dag.py:3089} INFO - Sync 1 DAGs
[2024-10-30T18:27:00.233+0000] {logging_mixin.py:188} INFO - [2024-10-30T18:27:00.232+0000] {dag.py:3111} INFO - Creating ORM DAG for example_sensor_decorator
[2024-10-30T18:27:00.234+0000] {logging_mixin.py:188} INFO - [2024-10-30T18:27:00.233+0000] {dag.py:3947} INFO - Setting next_dagrun for example_sensor_decorator to None, run_after=None
[2024-10-30T18:27:00.278+0000] {processor.py:183} INFO - Processing /home/airflow/.local/lib/python3.12/site-packages/airflow/example_dags/example_sensor_decorator.py took 0.911 seconds
[2024-10-30T18:27:45.441+0000] {processor.py:161} INFO - Started process (PID=159) to work on /home/airflow/.local/lib/python3.12/site-packages/airflow/example_dags/example_sensor_decorator.py
[2024-10-30T18:27:45.443+0000] {processor.py:830} INFO - Processing file /home/airflow/.local/lib/python3.12/site-packages/airflow/example_dags/example_sensor_decorator.py for tasks to queue
[2024-10-30T18:27:45.448+0000] {logging_mixin.py:188} INFO - [2024-10-30T18:27:45.447+0000] {dagbag.py:545} INFO - Filling up the DagBag from /home/airflow/.local/lib/python3.12/site-packages/airflow/example_dags/example_sensor_decorator.py
[2024-10-30T18:27:45.466+0000] {processor.py:840} INFO - DAG(s) 'example_sensor_decorator' retrieved from /home/airflow/.local/lib/python3.12/site-packages/airflow/example_dags/example_sensor_decorator.py
[2024-10-30T18:27:45.556+0000] {logging_mixin.py:188} INFO - [2024-10-30T18:27:45.556+0000] {dag.py:3089} INFO - Sync 1 DAGs
[2024-10-30T18:27:45.593+0000] {logging_mixin.py:188} INFO - [2024-10-30T18:27:45.593+0000] {dag.py:3947} INFO - Setting next_dagrun for example_sensor_decorator to None, run_after=None
[2024-10-30T18:27:45.647+0000] {processor.py:183} INFO - Processing /home/airflow/.local/lib/python3.12/site-packages/airflow/example_dags/example_sensor_decorator.py took 0.223 seconds
[2024-10-30T18:28:16.301+0000] {processor.py:161} INFO - Started process (PID=218) to work on /home/airflow/.local/lib/python3.12/site-packages/airflow/example_dags/example_sensor_decorator.py
[2024-10-30T18:28:16.303+0000] {processor.py:830} INFO - Processing file /home/airflow/.local/lib/python3.12/site-packages/airflow/example_dags/example_sensor_decorator.py for tasks to queue
[2024-10-30T18:28:16.310+0000] {logging_mixin.py:188} INFO - [2024-10-30T18:28:16.308+0000] {dagbag.py:545} INFO - Filling up the DagBag from /home/airflow/.local/lib/python3.12/site-packages/airflow/example_dags/example_sensor_decorator.py
[2024-10-30T18:28:16.326+0000] {processor.py:840} INFO - DAG(s) 'example_sensor_decorator' retrieved from /home/airflow/.local/lib/python3.12/site-packages/airflow/example_dags/example_sensor_decorator.py
[2024-10-30T18:28:16.391+0000] {logging_mixin.py:188} INFO - [2024-10-30T18:28:16.391+0000] {dag.py:3089} INFO - Sync 1 DAGs
[2024-10-30T18:28:16.433+0000] {logging_mixin.py:188} INFO - [2024-10-30T18:28:16.433+0000] {dag.py:3947} INFO - Setting next_dagrun for example_sensor_decorator to None, run_after=None
[2024-10-30T18:28:16.492+0000] {processor.py:183} INFO - Processing /home/airflow/.local/lib/python3.12/site-packages/airflow/example_dags/example_sensor_decorator.py took 0.205 seconds
[2024-10-30T18:28:47.412+0000] {processor.py:161} INFO - Started process (PID=278) to work on /home/airflow/.local/lib/python3.12/site-packages/airflow/example_dags/example_sensor_decorator.py
[2024-10-30T18:28:47.415+0000] {processor.py:830} INFO - Processing file /home/airflow/.local/lib/python3.12/site-packages/airflow/example_dags/example_sensor_decorator.py for tasks to queue
[2024-10-30T18:28:47.421+0000] {logging_mixin.py:188} INFO - [2024-10-30T18:28:47.420+0000] {dagbag.py:545} INFO - Filling up the DagBag from /home/airflow/.local/lib/python3.12/site-packages/airflow/example_dags/example_sensor_decorator.py
[2024-10-30T18:28:47.440+0000] {processor.py:840} INFO - DAG(s) 'example_sensor_decorator' retrieved from /home/airflow/.local/lib/python3.12/site-packages/airflow/example_dags/example_sensor_decorator.py
[2024-10-30T18:28:47.531+0000] {logging_mixin.py:188} INFO - [2024-10-30T18:28:47.530+0000] {dag.py:3089} INFO - Sync 1 DAGs
[2024-10-30T18:28:47.591+0000] {logging_mixin.py:188} INFO - [2024-10-30T18:28:47.590+0000] {dag.py:3947} INFO - Setting next_dagrun for example_sensor_decorator to None, run_after=None
[2024-10-30T18:28:47.650+0000] {processor.py:183} INFO - Processing /home/airflow/.local/lib/python3.12/site-packages/airflow/example_dags/example_sensor_decorator.py took 0.262 seconds
[2024-10-30T18:29:20.663+0000] {processor.py:161} INFO - Started process (PID=338) to work on /home/airflow/.local/lib/python3.12/site-packages/airflow/example_dags/example_sensor_decorator.py
[2024-10-30T18:29:20.666+0000] {processor.py:830} INFO - Processing file /home/airflow/.local/lib/python3.12/site-packages/airflow/example_dags/example_sensor_decorator.py for tasks to queue
[2024-10-30T18:29:20.670+0000] {logging_mixin.py:188} INFO - [2024-10-30T18:29:20.669+0000] {dagbag.py:545} INFO - Filling up the DagBag from /home/airflow/.local/lib/python3.12/site-packages/airflow/example_dags/example_sensor_decorator.py
[2024-10-30T18:29:20.687+0000] {processor.py:840} INFO - DAG(s) 'example_sensor_decorator' retrieved from /home/airflow/.local/lib/python3.12/site-packages/airflow/example_dags/example_sensor_decorator.py
[2024-10-30T18:29:20.739+0000] {logging_mixin.py:188} INFO - [2024-10-30T18:29:20.739+0000] {dag.py:3089} INFO - Sync 1 DAGs
[2024-10-30T18:29:20.773+0000] {logging_mixin.py:188} INFO - [2024-10-30T18:29:20.773+0000] {dag.py:3947} INFO - Setting next_dagrun for example_sensor_decorator to None, run_after=None
[2024-10-30T18:29:20.827+0000] {processor.py:183} INFO - Processing /home/airflow/.local/lib/python3.12/site-packages/airflow/example_dags/example_sensor_decorator.py took 0.177 seconds
[2024-10-30T18:29:52.531+0000] {processor.py:161} INFO - Started process (PID=398) to work on /home/airflow/.local/lib/python3.12/site-packages/airflow/example_dags/example_sensor_decorator.py
[2024-10-30T18:29:52.541+0000] {processor.py:830} INFO - Processing file /home/airflow/.local/lib/python3.12/site-packages/airflow/example_dags/example_sensor_decorator.py for tasks to queue
[2024-10-30T18:29:52.556+0000] {logging_mixin.py:188} INFO - [2024-10-30T18:29:52.555+0000] {dagbag.py:545} INFO - Filling up the DagBag from /home/airflow/.local/lib/python3.12/site-packages/airflow/example_dags/example_sensor_decorator.py
[2024-10-30T18:29:52.596+0000] {processor.py:840} INFO - DAG(s) 'example_sensor_decorator' retrieved from /home/airflow/.local/lib/python3.12/site-packages/airflow/example_dags/example_sensor_decorator.py
[2024-10-30T18:29:52.729+0000] {logging_mixin.py:188} INFO - [2024-10-30T18:29:52.722+0000] {dag.py:3089} INFO - Sync 1 DAGs
[2024-10-30T18:29:52.876+0000] {logging_mixin.py:188} INFO - [2024-10-30T18:29:52.875+0000] {dag.py:3947} INFO - Setting next_dagrun for example_sensor_decorator to None, run_after=None
[2024-10-30T18:29:53.020+0000] {processor.py:183} INFO - Processing /home/airflow/.local/lib/python3.12/site-packages/airflow/example_dags/example_sensor_decorator.py took 0.513 seconds
[2024-10-30T18:30:23.586+0000] {processor.py:161} INFO - Started process (PID=457) to work on /home/airflow/.local/lib/python3.12/site-packages/airflow/example_dags/example_sensor_decorator.py
[2024-10-30T18:30:23.590+0000] {processor.py:830} INFO - Processing file /home/airflow/.local/lib/python3.12/site-packages/airflow/example_dags/example_sensor_decorator.py for tasks to queue
[2024-10-30T18:30:23.595+0000] {logging_mixin.py:188} INFO - [2024-10-30T18:30:23.594+0000] {dagbag.py:545} INFO - Filling up the DagBag from /home/airflow/.local/lib/python3.12/site-packages/airflow/example_dags/example_sensor_decorator.py
[2024-10-30T18:30:23.614+0000] {processor.py:840} INFO - DAG(s) 'example_sensor_decorator' retrieved from /home/airflow/.local/lib/python3.12/site-packages/airflow/example_dags/example_sensor_decorator.py
[2024-10-30T18:30:23.688+0000] {logging_mixin.py:188} INFO - [2024-10-30T18:30:23.687+0000] {dag.py:3089} INFO - Sync 1 DAGs
[2024-10-30T18:30:23.746+0000] {logging_mixin.py:188} INFO - [2024-10-30T18:30:23.745+0000] {dag.py:3947} INFO - Setting next_dagrun for example_sensor_decorator to None, run_after=None
[2024-10-30T18:30:23.811+0000] {processor.py:183} INFO - Processing /home/airflow/.local/lib/python3.12/site-packages/airflow/example_dags/example_sensor_decorator.py took 0.250 seconds
[2024-10-30T18:30:57.178+0000] {processor.py:161} INFO - Started process (PID=516) to work on /home/airflow/.local/lib/python3.12/site-packages/airflow/example_dags/example_sensor_decorator.py
[2024-10-30T18:30:57.181+0000] {processor.py:830} INFO - Processing file /home/airflow/.local/lib/python3.12/site-packages/airflow/example_dags/example_sensor_decorator.py for tasks to queue
[2024-10-30T18:30:57.186+0000] {logging_mixin.py:188} INFO - [2024-10-30T18:30:57.184+0000] {dagbag.py:545} INFO - Filling up the DagBag from /home/airflow/.local/lib/python3.12/site-packages/airflow/example_dags/example_sensor_decorator.py
[2024-10-30T18:30:57.216+0000] {processor.py:840} INFO - DAG(s) 'example_sensor_decorator' retrieved from /home/airflow/.local/lib/python3.12/site-packages/airflow/example_dags/example_sensor_decorator.py
[2024-10-30T18:30:57.365+0000] {logging_mixin.py:188} INFO - [2024-10-30T18:30:57.358+0000] {dag.py:3089} INFO - Sync 1 DAGs
[2024-10-30T18:30:57.493+0000] {logging_mixin.py:188} INFO - [2024-10-30T18:30:57.489+0000] {dag.py:3947} INFO - Setting next_dagrun for example_sensor_decorator to None, run_after=None
[2024-10-30T18:30:57.689+0000] {processor.py:183} INFO - Processing /home/airflow/.local/lib/python3.12/site-packages/airflow/example_dags/example_sensor_decorator.py took 0.526 seconds
[2024-10-30T18:31:29.510+0000] {processor.py:161} INFO - Started process (PID=576) to work on /home/airflow/.local/lib/python3.12/site-packages/airflow/example_dags/example_sensor_decorator.py
[2024-10-30T18:31:29.512+0000] {processor.py:830} INFO - Processing file /home/airflow/.local/lib/python3.12/site-packages/airflow/example_dags/example_sensor_decorator.py for tasks to queue
[2024-10-30T18:31:29.517+0000] {logging_mixin.py:188} INFO - [2024-10-30T18:31:29.516+0000] {dagbag.py:545} INFO - Filling up the DagBag from /home/airflow/.local/lib/python3.12/site-packages/airflow/example_dags/example_sensor_decorator.py
[2024-10-30T18:31:29.538+0000] {processor.py:840} INFO - DAG(s) 'example_sensor_decorator' retrieved from /home/airflow/.local/lib/python3.12/site-packages/airflow/example_dags/example_sensor_decorator.py
[2024-10-30T18:31:29.586+0000] {logging_mixin.py:188} INFO - [2024-10-30T18:31:29.586+0000] {dag.py:3089} INFO - Sync 1 DAGs
[2024-10-30T18:31:29.618+0000] {logging_mixin.py:188} INFO - [2024-10-30T18:31:29.617+0000] {dag.py:3947} INFO - Setting next_dagrun for example_sensor_decorator to None, run_after=None
[2024-10-30T18:31:29.664+0000] {processor.py:183} INFO - Processing /home/airflow/.local/lib/python3.12/site-packages/airflow/example_dags/example_sensor_decorator.py took 0.168 seconds
[2024-10-30T18:32:01.255+0000] {processor.py:161} INFO - Started process (PID=636) to work on /home/airflow/.local/lib/python3.12/site-packages/airflow/example_dags/example_sensor_decorator.py
[2024-10-30T18:32:01.257+0000] {processor.py:830} INFO - Processing file /home/airflow/.local/lib/python3.12/site-packages/airflow/example_dags/example_sensor_decorator.py for tasks to queue
[2024-10-30T18:32:01.262+0000] {logging_mixin.py:188} INFO - [2024-10-30T18:32:01.260+0000] {dagbag.py:545} INFO - Filling up the DagBag from /home/airflow/.local/lib/python3.12/site-packages/airflow/example_dags/example_sensor_decorator.py
[2024-10-30T18:32:01.278+0000] {processor.py:840} INFO - DAG(s) 'example_sensor_decorator' retrieved from /home/airflow/.local/lib/python3.12/site-packages/airflow/example_dags/example_sensor_decorator.py
[2024-10-30T18:32:01.332+0000] {logging_mixin.py:188} INFO - [2024-10-30T18:32:01.331+0000] {dag.py:3089} INFO - Sync 1 DAGs
[2024-10-30T18:32:01.364+0000] {logging_mixin.py:188} INFO - [2024-10-30T18:32:01.363+0000] {dag.py:3947} INFO - Setting next_dagrun for example_sensor_decorator to None, run_after=None
[2024-10-30T18:32:01.411+0000] {processor.py:183} INFO - Processing /home/airflow/.local/lib/python3.12/site-packages/airflow/example_dags/example_sensor_decorator.py took 0.174 seconds
[2024-10-30T18:32:35.940+0000] {processor.py:161} INFO - Started process (PID=696) to work on /home/airflow/.local/lib/python3.12/site-packages/airflow/example_dags/example_sensor_decorator.py
[2024-10-30T18:32:35.959+0000] {processor.py:830} INFO - Processing file /home/airflow/.local/lib/python3.12/site-packages/airflow/example_dags/example_sensor_decorator.py for tasks to queue
[2024-10-30T18:32:35.967+0000] {logging_mixin.py:188} INFO - [2024-10-30T18:32:35.966+0000] {dagbag.py:545} INFO - Filling up the DagBag from /home/airflow/.local/lib/python3.12/site-packages/airflow/example_dags/example_sensor_decorator.py
[2024-10-30T18:32:35.992+0000] {processor.py:840} INFO - DAG(s) 'example_sensor_decorator' retrieved from /home/airflow/.local/lib/python3.12/site-packages/airflow/example_dags/example_sensor_decorator.py
[2024-10-30T18:32:36.070+0000] {logging_mixin.py:188} INFO - [2024-10-30T18:32:36.069+0000] {dag.py:3089} INFO - Sync 1 DAGs
[2024-10-30T18:32:36.117+0000] {logging_mixin.py:188} INFO - [2024-10-30T18:32:36.116+0000] {dag.py:3947} INFO - Setting next_dagrun for example_sensor_decorator to None, run_after=None
[2024-10-30T18:32:36.201+0000] {processor.py:183} INFO - Processing /home/airflow/.local/lib/python3.12/site-packages/airflow/example_dags/example_sensor_decorator.py took 0.281 seconds
[2024-10-30T18:33:06.490+0000] {processor.py:161} INFO - Started process (PID=755) to work on /home/airflow/.local/lib/python3.12/site-packages/airflow/example_dags/example_sensor_decorator.py
[2024-10-30T18:33:06.492+0000] {processor.py:830} INFO - Processing file /home/airflow/.local/lib/python3.12/site-packages/airflow/example_dags/example_sensor_decorator.py for tasks to queue
[2024-10-30T18:33:06.497+0000] {logging_mixin.py:188} INFO - [2024-10-30T18:33:06.496+0000] {dagbag.py:545} INFO - Filling up the DagBag from /home/airflow/.local/lib/python3.12/site-packages/airflow/example_dags/example_sensor_decorator.py
[2024-10-30T18:33:06.513+0000] {processor.py:840} INFO - DAG(s) 'example_sensor_decorator' retrieved from /home/airflow/.local/lib/python3.12/site-packages/airflow/example_dags/example_sensor_decorator.py
[2024-10-30T18:33:06.563+0000] {logging_mixin.py:188} INFO - [2024-10-30T18:33:06.563+0000] {dag.py:3089} INFO - Sync 1 DAGs
[2024-10-30T18:33:06.598+0000] {logging_mixin.py:188} INFO - [2024-10-30T18:33:06.597+0000] {dag.py:3947} INFO - Setting next_dagrun for example_sensor_decorator to None, run_after=None
[2024-10-30T18:33:06.644+0000] {processor.py:183} INFO - Processing /home/airflow/.local/lib/python3.12/site-packages/airflow/example_dags/example_sensor_decorator.py took 0.169 seconds
[2024-10-30T18:33:37.420+0000] {processor.py:161} INFO - Started process (PID=815) to work on /home/airflow/.local/lib/python3.12/site-packages/airflow/example_dags/example_sensor_decorator.py
[2024-10-30T18:33:37.423+0000] {processor.py:830} INFO - Processing file /home/airflow/.local/lib/python3.12/site-packages/airflow/example_dags/example_sensor_decorator.py for tasks to queue
[2024-10-30T18:33:37.428+0000] {logging_mixin.py:188} INFO - [2024-10-30T18:33:37.427+0000] {dagbag.py:545} INFO - Filling up the DagBag from /home/airflow/.local/lib/python3.12/site-packages/airflow/example_dags/example_sensor_decorator.py
[2024-10-30T18:33:37.446+0000] {processor.py:840} INFO - DAG(s) 'example_sensor_decorator' retrieved from /home/airflow/.local/lib/python3.12/site-packages/airflow/example_dags/example_sensor_decorator.py
[2024-10-30T18:33:37.508+0000] {logging_mixin.py:188} INFO - [2024-10-30T18:33:37.507+0000] {dag.py:3089} INFO - Sync 1 DAGs
[2024-10-30T18:33:37.557+0000] {logging_mixin.py:188} INFO - [2024-10-30T18:33:37.557+0000] {dag.py:3947} INFO - Setting next_dagrun for example_sensor_decorator to None, run_after=None
[2024-10-30T18:33:37.613+0000] {processor.py:183} INFO - Processing /home/airflow/.local/lib/python3.12/site-packages/airflow/example_dags/example_sensor_decorator.py took 0.210 seconds
[2024-10-30T18:34:08.533+0000] {processor.py:161} INFO - Started process (PID=876) to work on /home/airflow/.local/lib/python3.12/site-packages/airflow/example_dags/example_sensor_decorator.py
[2024-10-30T18:34:08.535+0000] {processor.py:830} INFO - Processing file /home/airflow/.local/lib/python3.12/site-packages/airflow/example_dags/example_sensor_decorator.py for tasks to queue
[2024-10-30T18:34:08.540+0000] {logging_mixin.py:188} INFO - [2024-10-30T18:34:08.540+0000] {dagbag.py:545} INFO - Filling up the DagBag from /home/airflow/.local/lib/python3.12/site-packages/airflow/example_dags/example_sensor_decorator.py
[2024-10-30T18:34:08.556+0000] {processor.py:840} INFO - DAG(s) 'example_sensor_decorator' retrieved from /home/airflow/.local/lib/python3.12/site-packages/airflow/example_dags/example_sensor_decorator.py
[2024-10-30T18:34:08.608+0000] {logging_mixin.py:188} INFO - [2024-10-30T18:34:08.608+0000] {dag.py:3089} INFO - Sync 1 DAGs
[2024-10-30T18:34:08.635+0000] {logging_mixin.py:188} INFO - [2024-10-30T18:34:08.635+0000] {dag.py:3947} INFO - Setting next_dagrun for example_sensor_decorator to None, run_after=None
[2024-10-30T18:34:08.689+0000] {processor.py:183} INFO - Processing /home/airflow/.local/lib/python3.12/site-packages/airflow/example_dags/example_sensor_decorator.py took 0.172 seconds
[2024-10-30T18:34:38.940+0000] {processor.py:161} INFO - Started process (PID=935) to work on /home/airflow/.local/lib/python3.12/site-packages/airflow/example_dags/example_sensor_decorator.py
[2024-10-30T18:34:38.943+0000] {processor.py:830} INFO - Processing file /home/airflow/.local/lib/python3.12/site-packages/airflow/example_dags/example_sensor_decorator.py for tasks to queue
[2024-10-30T18:34:38.948+0000] {logging_mixin.py:188} INFO - [2024-10-30T18:34:38.947+0000] {dagbag.py:545} INFO - Filling up the DagBag from /home/airflow/.local/lib/python3.12/site-packages/airflow/example_dags/example_sensor_decorator.py
[2024-10-30T18:34:38.963+0000] {processor.py:840} INFO - DAG(s) 'example_sensor_decorator' retrieved from /home/airflow/.local/lib/python3.12/site-packages/airflow/example_dags/example_sensor_decorator.py
[2024-10-30T18:34:39.070+0000] {logging_mixin.py:188} INFO - [2024-10-30T18:34:39.069+0000] {dag.py:3089} INFO - Sync 1 DAGs
[2024-10-30T18:34:39.127+0000] {logging_mixin.py:188} INFO - [2024-10-30T18:34:39.127+0000] {dag.py:3947} INFO - Setting next_dagrun for example_sensor_decorator to None, run_after=None
[2024-10-30T18:34:39.199+0000] {processor.py:183} INFO - Processing /home/airflow/.local/lib/python3.12/site-packages/airflow/example_dags/example_sensor_decorator.py took 0.275 seconds
[2024-10-30T18:35:09.842+0000] {processor.py:161} INFO - Started process (PID=995) to work on /home/airflow/.local/lib/python3.12/site-packages/airflow/example_dags/example_sensor_decorator.py
[2024-10-30T18:35:09.844+0000] {processor.py:830} INFO - Processing file /home/airflow/.local/lib/python3.12/site-packages/airflow/example_dags/example_sensor_decorator.py for tasks to queue
[2024-10-30T18:35:09.849+0000] {logging_mixin.py:188} INFO - [2024-10-30T18:35:09.848+0000] {dagbag.py:545} INFO - Filling up the DagBag from /home/airflow/.local/lib/python3.12/site-packages/airflow/example_dags/example_sensor_decorator.py
[2024-10-30T18:35:09.866+0000] {processor.py:840} INFO - DAG(s) 'example_sensor_decorator' retrieved from /home/airflow/.local/lib/python3.12/site-packages/airflow/example_dags/example_sensor_decorator.py
[2024-10-30T18:35:09.922+0000] {logging_mixin.py:188} INFO - [2024-10-30T18:35:09.921+0000] {dag.py:3089} INFO - Sync 1 DAGs
[2024-10-30T18:35:09.953+0000] {logging_mixin.py:188} INFO - [2024-10-30T18:35:09.953+0000] {dag.py:3947} INFO - Setting next_dagrun for example_sensor_decorator to None, run_after=None
[2024-10-30T18:35:10.006+0000] {processor.py:183} INFO - Processing /home/airflow/.local/lib/python3.12/site-packages/airflow/example_dags/example_sensor_decorator.py took 0.179 seconds
[2024-10-30T18:35:40.800+0000] {processor.py:161} INFO - Started process (PID=1055) to work on /home/airflow/.local/lib/python3.12/site-packages/airflow/example_dags/example_sensor_decorator.py
[2024-10-30T18:35:40.802+0000] {processor.py:830} INFO - Processing file /home/airflow/.local/lib/python3.12/site-packages/airflow/example_dags/example_sensor_decorator.py for tasks to queue
[2024-10-30T18:35:40.812+0000] {logging_mixin.py:188} INFO - [2024-10-30T18:35:40.810+0000] {dagbag.py:545} INFO - Filling up the DagBag from /home/airflow/.local/lib/python3.12/site-packages/airflow/example_dags/example_sensor_decorator.py
[2024-10-30T18:35:40.834+0000] {processor.py:840} INFO - DAG(s) 'example_sensor_decorator' retrieved from /home/airflow/.local/lib/python3.12/site-packages/airflow/example_dags/example_sensor_decorator.py
[2024-10-30T18:35:40.905+0000] {logging_mixin.py:188} INFO - [2024-10-30T18:35:40.904+0000] {dag.py:3089} INFO - Sync 1 DAGs
[2024-10-30T18:35:40.951+0000] {logging_mixin.py:188} INFO - [2024-10-30T18:35:40.950+0000] {dag.py:3947} INFO - Setting next_dagrun for example_sensor_decorator to None, run_after=None
[2024-10-30T18:35:41.025+0000] {processor.py:183} INFO - Processing /home/airflow/.local/lib/python3.12/site-packages/airflow/example_dags/example_sensor_decorator.py took 0.254 seconds
[2024-10-30T18:36:11.520+0000] {processor.py:161} INFO - Started process (PID=1115) to work on /home/airflow/.local/lib/python3.12/site-packages/airflow/example_dags/example_sensor_decorator.py
[2024-10-30T18:36:11.524+0000] {processor.py:830} INFO - Processing file /home/airflow/.local/lib/python3.12/site-packages/airflow/example_dags/example_sensor_decorator.py for tasks to queue
[2024-10-30T18:36:11.531+0000] {logging_mixin.py:188} INFO - [2024-10-30T18:36:11.530+0000] {dagbag.py:545} INFO - Filling up the DagBag from /home/airflow/.local/lib/python3.12/site-packages/airflow/example_dags/example_sensor_decorator.py
[2024-10-30T18:36:11.552+0000] {processor.py:840} INFO - DAG(s) 'example_sensor_decorator' retrieved from /home/airflow/.local/lib/python3.12/site-packages/airflow/example_dags/example_sensor_decorator.py
[2024-10-30T18:36:11.632+0000] {logging_mixin.py:188} INFO - [2024-10-30T18:36:11.631+0000] {dag.py:3089} INFO - Sync 1 DAGs
[2024-10-30T18:36:11.680+0000] {logging_mixin.py:188} INFO - [2024-10-30T18:36:11.679+0000] {dag.py:3947} INFO - Setting next_dagrun for example_sensor_decorator to None, run_after=None
[2024-10-30T18:36:11.756+0000] {processor.py:183} INFO - Processing /home/airflow/.local/lib/python3.12/site-packages/airflow/example_dags/example_sensor_decorator.py took 0.261 seconds
[2024-10-30T18:36:42.446+0000] {processor.py:161} INFO - Started process (PID=1172) to work on /home/airflow/.local/lib/python3.12/site-packages/airflow/example_dags/example_sensor_decorator.py
[2024-10-30T18:36:42.448+0000] {processor.py:830} INFO - Processing file /home/airflow/.local/lib/python3.12/site-packages/airflow/example_dags/example_sensor_decorator.py for tasks to queue
[2024-10-30T18:36:42.455+0000] {logging_mixin.py:188} INFO - [2024-10-30T18:36:42.454+0000] {dagbag.py:545} INFO - Filling up the DagBag from /home/airflow/.local/lib/python3.12/site-packages/airflow/example_dags/example_sensor_decorator.py
[2024-10-30T18:36:42.474+0000] {processor.py:840} INFO - DAG(s) 'example_sensor_decorator' retrieved from /home/airflow/.local/lib/python3.12/site-packages/airflow/example_dags/example_sensor_decorator.py
[2024-10-30T18:36:42.540+0000] {logging_mixin.py:188} INFO - [2024-10-30T18:36:42.539+0000] {dag.py:3089} INFO - Sync 1 DAGs
[2024-10-30T18:36:42.581+0000] {logging_mixin.py:188} INFO - [2024-10-30T18:36:42.580+0000] {dag.py:3947} INFO - Setting next_dagrun for example_sensor_decorator to None, run_after=None
[2024-10-30T18:36:42.636+0000] {processor.py:183} INFO - Processing /home/airflow/.local/lib/python3.12/site-packages/airflow/example_dags/example_sensor_decorator.py took 0.209 seconds
[2024-10-30T18:37:13.052+0000] {processor.py:161} INFO - Started process (PID=1232) to work on /home/airflow/.local/lib/python3.12/site-packages/airflow/example_dags/example_sensor_decorator.py
[2024-10-30T18:37:13.055+0000] {processor.py:830} INFO - Processing file /home/airflow/.local/lib/python3.12/site-packages/airflow/example_dags/example_sensor_decorator.py for tasks to queue
[2024-10-30T18:37:13.059+0000] {logging_mixin.py:188} INFO - [2024-10-30T18:37:13.058+0000] {dagbag.py:545} INFO - Filling up the DagBag from /home/airflow/.local/lib/python3.12/site-packages/airflow/example_dags/example_sensor_decorator.py
[2024-10-30T18:37:13.075+0000] {processor.py:840} INFO - DAG(s) 'example_sensor_decorator' retrieved from /home/airflow/.local/lib/python3.12/site-packages/airflow/example_dags/example_sensor_decorator.py
[2024-10-30T18:37:13.132+0000] {logging_mixin.py:188} INFO - [2024-10-30T18:37:13.132+0000] {dag.py:3089} INFO - Sync 1 DAGs
[2024-10-30T18:37:13.168+0000] {logging_mixin.py:188} INFO - [2024-10-30T18:37:13.168+0000] {dag.py:3947} INFO - Setting next_dagrun for example_sensor_decorator to None, run_after=None
[2024-10-30T18:37:13.226+0000] {processor.py:183} INFO - Processing /home/airflow/.local/lib/python3.12/site-packages/airflow/example_dags/example_sensor_decorator.py took 0.196 seconds
[2024-10-30T18:37:43.997+0000] {processor.py:161} INFO - Started process (PID=1291) to work on /home/airflow/.local/lib/python3.12/site-packages/airflow/example_dags/example_sensor_decorator.py
[2024-10-30T18:37:44.000+0000] {processor.py:830} INFO - Processing file /home/airflow/.local/lib/python3.12/site-packages/airflow/example_dags/example_sensor_decorator.py for tasks to queue
[2024-10-30T18:37:44.008+0000] {logging_mixin.py:188} INFO - [2024-10-30T18:37:44.007+0000] {dagbag.py:545} INFO - Filling up the DagBag from /home/airflow/.local/lib/python3.12/site-packages/airflow/example_dags/example_sensor_decorator.py
[2024-10-30T18:37:44.023+0000] {processor.py:840} INFO - DAG(s) 'example_sensor_decorator' retrieved from /home/airflow/.local/lib/python3.12/site-packages/airflow/example_dags/example_sensor_decorator.py
[2024-10-30T18:37:44.090+0000] {logging_mixin.py:188} INFO - [2024-10-30T18:37:44.090+0000] {dag.py:3089} INFO - Sync 1 DAGs
[2024-10-30T18:37:44.129+0000] {logging_mixin.py:188} INFO - [2024-10-30T18:37:44.128+0000] {dag.py:3947} INFO - Setting next_dagrun for example_sensor_decorator to None, run_after=None
[2024-10-30T18:37:44.190+0000] {processor.py:183} INFO - Processing /home/airflow/.local/lib/python3.12/site-packages/airflow/example_dags/example_sensor_decorator.py took 0.211 seconds
[2024-10-30T18:38:14.548+0000] {processor.py:161} INFO - Started process (PID=1352) to work on /home/airflow/.local/lib/python3.12/site-packages/airflow/example_dags/example_sensor_decorator.py
[2024-10-30T18:38:14.552+0000] {processor.py:830} INFO - Processing file /home/airflow/.local/lib/python3.12/site-packages/airflow/example_dags/example_sensor_decorator.py for tasks to queue
[2024-10-30T18:38:14.563+0000] {logging_mixin.py:188} INFO - [2024-10-30T18:38:14.562+0000] {dagbag.py:545} INFO - Filling up the DagBag from /home/airflow/.local/lib/python3.12/site-packages/airflow/example_dags/example_sensor_decorator.py
[2024-10-30T18:38:14.583+0000] {processor.py:840} INFO - DAG(s) 'example_sensor_decorator' retrieved from /home/airflow/.local/lib/python3.12/site-packages/airflow/example_dags/example_sensor_decorator.py
[2024-10-30T18:38:14.683+0000] {logging_mixin.py:188} INFO - [2024-10-30T18:38:14.682+0000] {dag.py:3089} INFO - Sync 1 DAGs
[2024-10-30T18:38:14.754+0000] {logging_mixin.py:188} INFO - [2024-10-30T18:38:14.754+0000] {dag.py:3947} INFO - Setting next_dagrun for example_sensor_decorator to None, run_after=None
[2024-10-30T18:38:14.883+0000] {processor.py:183} INFO - Processing /home/airflow/.local/lib/python3.12/site-packages/airflow/example_dags/example_sensor_decorator.py took 0.372 seconds
[2024-10-30T18:38:45.654+0000] {processor.py:161} INFO - Started process (PID=1417) to work on /home/airflow/.local/lib/python3.12/site-packages/airflow/example_dags/example_sensor_decorator.py
[2024-10-30T18:38:45.662+0000] {processor.py:830} INFO - Processing file /home/airflow/.local/lib/python3.12/site-packages/airflow/example_dags/example_sensor_decorator.py for tasks to queue
[2024-10-30T18:38:45.668+0000] {logging_mixin.py:188} INFO - [2024-10-30T18:38:45.667+0000] {dagbag.py:545} INFO - Filling up the DagBag from /home/airflow/.local/lib/python3.12/site-packages/airflow/example_dags/example_sensor_decorator.py
[2024-10-30T18:38:45.688+0000] {processor.py:840} INFO - DAG(s) 'example_sensor_decorator' retrieved from /home/airflow/.local/lib/python3.12/site-packages/airflow/example_dags/example_sensor_decorator.py
[2024-10-30T18:38:45.747+0000] {logging_mixin.py:188} INFO - [2024-10-30T18:38:45.747+0000] {dag.py:3089} INFO - Sync 1 DAGs
[2024-10-30T18:38:45.784+0000] {logging_mixin.py:188} INFO - [2024-10-30T18:38:45.783+0000] {dag.py:3947} INFO - Setting next_dagrun for example_sensor_decorator to None, run_after=None
[2024-10-30T18:38:45.860+0000] {processor.py:183} INFO - Processing /home/airflow/.local/lib/python3.12/site-packages/airflow/example_dags/example_sensor_decorator.py took 0.239 seconds
[2024-10-30T18:39:16.557+0000] {processor.py:161} INFO - Started process (PID=1477) to work on /home/airflow/.local/lib/python3.12/site-packages/airflow/example_dags/example_sensor_decorator.py
[2024-10-30T18:39:16.560+0000] {processor.py:830} INFO - Processing file /home/airflow/.local/lib/python3.12/site-packages/airflow/example_dags/example_sensor_decorator.py for tasks to queue
[2024-10-30T18:39:16.567+0000] {logging_mixin.py:188} INFO - [2024-10-30T18:39:16.566+0000] {dagbag.py:545} INFO - Filling up the DagBag from /home/airflow/.local/lib/python3.12/site-packages/airflow/example_dags/example_sensor_decorator.py
[2024-10-30T18:39:16.587+0000] {processor.py:840} INFO - DAG(s) 'example_sensor_decorator' retrieved from /home/airflow/.local/lib/python3.12/site-packages/airflow/example_dags/example_sensor_decorator.py
[2024-10-30T18:39:16.648+0000] {logging_mixin.py:188} INFO - [2024-10-30T18:39:16.647+0000] {dag.py:3089} INFO - Sync 1 DAGs
[2024-10-30T18:39:16.683+0000] {logging_mixin.py:188} INFO - [2024-10-30T18:39:16.683+0000] {dag.py:3947} INFO - Setting next_dagrun for example_sensor_decorator to None, run_after=None
[2024-10-30T18:39:16.754+0000] {processor.py:183} INFO - Processing /home/airflow/.local/lib/python3.12/site-packages/airflow/example_dags/example_sensor_decorator.py took 0.220 seconds
[2024-10-30T18:39:47.412+0000] {processor.py:161} INFO - Started process (PID=1536) to work on /home/airflow/.local/lib/python3.12/site-packages/airflow/example_dags/example_sensor_decorator.py
[2024-10-30T18:39:47.415+0000] {processor.py:830} INFO - Processing file /home/airflow/.local/lib/python3.12/site-packages/airflow/example_dags/example_sensor_decorator.py for tasks to queue
[2024-10-30T18:39:47.419+0000] {logging_mixin.py:188} INFO - [2024-10-30T18:39:47.418+0000] {dagbag.py:545} INFO - Filling up the DagBag from /home/airflow/.local/lib/python3.12/site-packages/airflow/example_dags/example_sensor_decorator.py
[2024-10-30T18:39:47.436+0000] {processor.py:840} INFO - DAG(s) 'example_sensor_decorator' retrieved from /home/airflow/.local/lib/python3.12/site-packages/airflow/example_dags/example_sensor_decorator.py
[2024-10-30T18:39:47.503+0000] {logging_mixin.py:188} INFO - [2024-10-30T18:39:47.502+0000] {dag.py:3089} INFO - Sync 1 DAGs
[2024-10-30T18:39:47.540+0000] {logging_mixin.py:188} INFO - [2024-10-30T18:39:47.540+0000] {dag.py:3947} INFO - Setting next_dagrun for example_sensor_decorator to None, run_after=None
[2024-10-30T18:39:47.595+0000] {processor.py:183} INFO - Processing /home/airflow/.local/lib/python3.12/site-packages/airflow/example_dags/example_sensor_decorator.py took 0.205 seconds
[2024-10-30T18:40:18.126+0000] {processor.py:161} INFO - Started process (PID=1595) to work on /home/airflow/.local/lib/python3.12/site-packages/airflow/example_dags/example_sensor_decorator.py
[2024-10-30T18:40:18.128+0000] {processor.py:830} INFO - Processing file /home/airflow/.local/lib/python3.12/site-packages/airflow/example_dags/example_sensor_decorator.py for tasks to queue
[2024-10-30T18:40:18.133+0000] {logging_mixin.py:188} INFO - [2024-10-30T18:40:18.133+0000] {dagbag.py:545} INFO - Filling up the DagBag from /home/airflow/.local/lib/python3.12/site-packages/airflow/example_dags/example_sensor_decorator.py
[2024-10-30T18:40:18.150+0000] {processor.py:840} INFO - DAG(s) 'example_sensor_decorator' retrieved from /home/airflow/.local/lib/python3.12/site-packages/airflow/example_dags/example_sensor_decorator.py
[2024-10-30T18:40:18.210+0000] {logging_mixin.py:188} INFO - [2024-10-30T18:40:18.209+0000] {dag.py:3089} INFO - Sync 1 DAGs
[2024-10-30T18:40:18.249+0000] {logging_mixin.py:188} INFO - [2024-10-30T18:40:18.248+0000] {dag.py:3947} INFO - Setting next_dagrun for example_sensor_decorator to None, run_after=None
[2024-10-30T18:40:18.305+0000] {processor.py:183} INFO - Processing /home/airflow/.local/lib/python3.12/site-packages/airflow/example_dags/example_sensor_decorator.py took 0.200 seconds
[2024-10-30T18:40:49.103+0000] {processor.py:161} INFO - Started process (PID=1656) to work on /home/airflow/.local/lib/python3.12/site-packages/airflow/example_dags/example_sensor_decorator.py
[2024-10-30T18:40:49.107+0000] {processor.py:830} INFO - Processing file /home/airflow/.local/lib/python3.12/site-packages/airflow/example_dags/example_sensor_decorator.py for tasks to queue
[2024-10-30T18:40:49.114+0000] {logging_mixin.py:188} INFO - [2024-10-30T18:40:49.113+0000] {dagbag.py:545} INFO - Filling up the DagBag from /home/airflow/.local/lib/python3.12/site-packages/airflow/example_dags/example_sensor_decorator.py
[2024-10-30T18:40:49.138+0000] {processor.py:840} INFO - DAG(s) 'example_sensor_decorator' retrieved from /home/airflow/.local/lib/python3.12/site-packages/airflow/example_dags/example_sensor_decorator.py
[2024-10-30T18:40:49.206+0000] {logging_mixin.py:188} INFO - [2024-10-30T18:40:49.206+0000] {dag.py:3089} INFO - Sync 1 DAGs
[2024-10-30T18:40:49.243+0000] {logging_mixin.py:188} INFO - [2024-10-30T18:40:49.243+0000] {dag.py:3947} INFO - Setting next_dagrun for example_sensor_decorator to None, run_after=None
[2024-10-30T18:40:49.315+0000] {processor.py:183} INFO - Processing /home/airflow/.local/lib/python3.12/site-packages/airflow/example_dags/example_sensor_decorator.py took 0.232 seconds
[2024-10-30T18:41:21.327+0000] {processor.py:161} INFO - Started process (PID=1716) to work on /home/airflow/.local/lib/python3.12/site-packages/airflow/example_dags/example_sensor_decorator.py
[2024-10-30T18:41:21.331+0000] {processor.py:830} INFO - Processing file /home/airflow/.local/lib/python3.12/site-packages/airflow/example_dags/example_sensor_decorator.py for tasks to queue
[2024-10-30T18:41:21.340+0000] {logging_mixin.py:188} INFO - [2024-10-30T18:41:21.339+0000] {dagbag.py:545} INFO - Filling up the DagBag from /home/airflow/.local/lib/python3.12/site-packages/airflow/example_dags/example_sensor_decorator.py
[2024-10-30T18:41:21.359+0000] {processor.py:840} INFO - DAG(s) 'example_sensor_decorator' retrieved from /home/airflow/.local/lib/python3.12/site-packages/airflow/example_dags/example_sensor_decorator.py
[2024-10-30T18:41:21.448+0000] {logging_mixin.py:188} INFO - [2024-10-30T18:41:21.447+0000] {dag.py:3089} INFO - Sync 1 DAGs
[2024-10-30T18:41:21.516+0000] {logging_mixin.py:188} INFO - [2024-10-30T18:41:21.515+0000] {dag.py:3947} INFO - Setting next_dagrun for example_sensor_decorator to None, run_after=None
[2024-10-30T18:41:21.597+0000] {processor.py:183} INFO - Processing /home/airflow/.local/lib/python3.12/site-packages/airflow/example_dags/example_sensor_decorator.py took 0.299 seconds
[2024-10-30T18:41:52.127+0000] {processor.py:161} INFO - Started process (PID=1776) to work on /home/airflow/.local/lib/python3.12/site-packages/airflow/example_dags/example_sensor_decorator.py
[2024-10-30T18:41:52.131+0000] {processor.py:830} INFO - Processing file /home/airflow/.local/lib/python3.12/site-packages/airflow/example_dags/example_sensor_decorator.py for tasks to queue
[2024-10-30T18:41:52.136+0000] {logging_mixin.py:188} INFO - [2024-10-30T18:41:52.135+0000] {dagbag.py:545} INFO - Filling up the DagBag from /home/airflow/.local/lib/python3.12/site-packages/airflow/example_dags/example_sensor_decorator.py
[2024-10-30T18:41:52.151+0000] {processor.py:840} INFO - DAG(s) 'example_sensor_decorator' retrieved from /home/airflow/.local/lib/python3.12/site-packages/airflow/example_dags/example_sensor_decorator.py
[2024-10-30T18:41:52.200+0000] {logging_mixin.py:188} INFO - [2024-10-30T18:41:52.199+0000] {dag.py:3089} INFO - Sync 1 DAGs
[2024-10-30T18:41:52.251+0000] {logging_mixin.py:188} INFO - [2024-10-30T18:41:52.251+0000] {dag.py:3947} INFO - Setting next_dagrun for example_sensor_decorator to None, run_after=None
[2024-10-30T18:41:52.335+0000] {processor.py:183} INFO - Processing /home/airflow/.local/lib/python3.12/site-packages/airflow/example_dags/example_sensor_decorator.py took 0.225 seconds
[2024-10-30T18:42:23.092+0000] {processor.py:161} INFO - Started process (PID=1836) to work on /home/airflow/.local/lib/python3.12/site-packages/airflow/example_dags/example_sensor_decorator.py
[2024-10-30T18:42:23.094+0000] {processor.py:830} INFO - Processing file /home/airflow/.local/lib/python3.12/site-packages/airflow/example_dags/example_sensor_decorator.py for tasks to queue
[2024-10-30T18:42:23.099+0000] {logging_mixin.py:188} INFO - [2024-10-30T18:42:23.098+0000] {dagbag.py:545} INFO - Filling up the DagBag from /home/airflow/.local/lib/python3.12/site-packages/airflow/example_dags/example_sensor_decorator.py
[2024-10-30T18:42:23.121+0000] {processor.py:840} INFO - DAG(s) 'example_sensor_decorator' retrieved from /home/airflow/.local/lib/python3.12/site-packages/airflow/example_dags/example_sensor_decorator.py
[2024-10-30T18:42:23.180+0000] {logging_mixin.py:188} INFO - [2024-10-30T18:42:23.180+0000] {dag.py:3089} INFO - Sync 1 DAGs
[2024-10-30T18:42:23.219+0000] {logging_mixin.py:188} INFO - [2024-10-30T18:42:23.219+0000] {dag.py:3947} INFO - Setting next_dagrun for example_sensor_decorator to None, run_after=None
[2024-10-30T18:42:23.298+0000] {processor.py:183} INFO - Processing /home/airflow/.local/lib/python3.12/site-packages/airflow/example_dags/example_sensor_decorator.py took 0.226 seconds
[2024-10-30T18:42:54.311+0000] {processor.py:161} INFO - Started process (PID=1897) to work on /home/airflow/.local/lib/python3.12/site-packages/airflow/example_dags/example_sensor_decorator.py
[2024-10-30T18:42:54.315+0000] {processor.py:830} INFO - Processing file /home/airflow/.local/lib/python3.12/site-packages/airflow/example_dags/example_sensor_decorator.py for tasks to queue
[2024-10-30T18:42:54.341+0000] {logging_mixin.py:188} INFO - [2024-10-30T18:42:54.335+0000] {dagbag.py:545} INFO - Filling up the DagBag from /home/airflow/.local/lib/python3.12/site-packages/airflow/example_dags/example_sensor_decorator.py
[2024-10-30T18:42:54.362+0000] {processor.py:840} INFO - DAG(s) 'example_sensor_decorator' retrieved from /home/airflow/.local/lib/python3.12/site-packages/airflow/example_dags/example_sensor_decorator.py
[2024-10-30T18:42:54.458+0000] {logging_mixin.py:188} INFO - [2024-10-30T18:42:54.456+0000] {dag.py:3089} INFO - Sync 1 DAGs
[2024-10-30T18:42:54.494+0000] {logging_mixin.py:188} INFO - [2024-10-30T18:42:54.492+0000] {dag.py:3947} INFO - Setting next_dagrun for example_sensor_decorator to None, run_after=None
[2024-10-30T18:42:54.552+0000] {processor.py:183} INFO - Processing /home/airflow/.local/lib/python3.12/site-packages/airflow/example_dags/example_sensor_decorator.py took 0.258 seconds
[2024-10-30T18:43:25.343+0000] {processor.py:161} INFO - Started process (PID=1957) to work on /home/airflow/.local/lib/python3.12/site-packages/airflow/example_dags/example_sensor_decorator.py
[2024-10-30T18:43:25.346+0000] {processor.py:830} INFO - Processing file /home/airflow/.local/lib/python3.12/site-packages/airflow/example_dags/example_sensor_decorator.py for tasks to queue
[2024-10-30T18:43:25.351+0000] {logging_mixin.py:188} INFO - [2024-10-30T18:43:25.350+0000] {dagbag.py:545} INFO - Filling up the DagBag from /home/airflow/.local/lib/python3.12/site-packages/airflow/example_dags/example_sensor_decorator.py
[2024-10-30T18:43:25.368+0000] {processor.py:840} INFO - DAG(s) 'example_sensor_decorator' retrieved from /home/airflow/.local/lib/python3.12/site-packages/airflow/example_dags/example_sensor_decorator.py
[2024-10-30T18:43:25.424+0000] {logging_mixin.py:188} INFO - [2024-10-30T18:43:25.423+0000] {dag.py:3089} INFO - Sync 1 DAGs
[2024-10-30T18:43:25.457+0000] {logging_mixin.py:188} INFO - [2024-10-30T18:43:25.457+0000] {dag.py:3947} INFO - Setting next_dagrun for example_sensor_decorator to None, run_after=None
[2024-10-30T18:43:25.509+0000] {processor.py:183} INFO - Processing /home/airflow/.local/lib/python3.12/site-packages/airflow/example_dags/example_sensor_decorator.py took 0.189 seconds
[2024-10-30T18:43:56.200+0000] {processor.py:161} INFO - Started process (PID=2017) to work on /home/airflow/.local/lib/python3.12/site-packages/airflow/example_dags/example_sensor_decorator.py
[2024-10-30T18:43:56.207+0000] {processor.py:830} INFO - Processing file /home/airflow/.local/lib/python3.12/site-packages/airflow/example_dags/example_sensor_decorator.py for tasks to queue
[2024-10-30T18:43:56.215+0000] {logging_mixin.py:188} INFO - [2024-10-30T18:43:56.214+0000] {dagbag.py:545} INFO - Filling up the DagBag from /home/airflow/.local/lib/python3.12/site-packages/airflow/example_dags/example_sensor_decorator.py
[2024-10-30T18:43:56.242+0000] {processor.py:840} INFO - DAG(s) 'example_sensor_decorator' retrieved from /home/airflow/.local/lib/python3.12/site-packages/airflow/example_dags/example_sensor_decorator.py
[2024-10-30T18:43:56.307+0000] {logging_mixin.py:188} INFO - [2024-10-30T18:43:56.306+0000] {dag.py:3089} INFO - Sync 1 DAGs
[2024-10-30T18:43:56.346+0000] {logging_mixin.py:188} INFO - [2024-10-30T18:43:56.345+0000] {dag.py:3947} INFO - Setting next_dagrun for example_sensor_decorator to None, run_after=None
[2024-10-30T18:43:56.404+0000] {processor.py:183} INFO - Processing /home/airflow/.local/lib/python3.12/site-packages/airflow/example_dags/example_sensor_decorator.py took 0.237 seconds
[2024-10-30T18:44:27.148+0000] {processor.py:161} INFO - Started process (PID=2077) to work on /home/airflow/.local/lib/python3.12/site-packages/airflow/example_dags/example_sensor_decorator.py
[2024-10-30T18:44:27.152+0000] {processor.py:830} INFO - Processing file /home/airflow/.local/lib/python3.12/site-packages/airflow/example_dags/example_sensor_decorator.py for tasks to queue
[2024-10-30T18:44:27.156+0000] {logging_mixin.py:188} INFO - [2024-10-30T18:44:27.155+0000] {dagbag.py:545} INFO - Filling up the DagBag from /home/airflow/.local/lib/python3.12/site-packages/airflow/example_dags/example_sensor_decorator.py
[2024-10-30T18:44:27.173+0000] {processor.py:840} INFO - DAG(s) 'example_sensor_decorator' retrieved from /home/airflow/.local/lib/python3.12/site-packages/airflow/example_dags/example_sensor_decorator.py
[2024-10-30T18:44:27.230+0000] {logging_mixin.py:188} INFO - [2024-10-30T18:44:27.230+0000] {dag.py:3089} INFO - Sync 1 DAGs
[2024-10-30T18:44:27.278+0000] {logging_mixin.py:188} INFO - [2024-10-30T18:44:27.277+0000] {dag.py:3947} INFO - Setting next_dagrun for example_sensor_decorator to None, run_after=None
[2024-10-30T18:44:27.375+0000] {processor.py:183} INFO - Processing /home/airflow/.local/lib/python3.12/site-packages/airflow/example_dags/example_sensor_decorator.py took 0.244 seconds
[2024-10-30T18:44:57.480+0000] {processor.py:161} INFO - Started process (PID=2138) to work on /home/airflow/.local/lib/python3.12/site-packages/airflow/example_dags/example_sensor_decorator.py
[2024-10-30T18:44:57.483+0000] {processor.py:830} INFO - Processing file /home/airflow/.local/lib/python3.12/site-packages/airflow/example_dags/example_sensor_decorator.py for tasks to queue
[2024-10-30T18:44:57.489+0000] {logging_mixin.py:188} INFO - [2024-10-30T18:44:57.488+0000] {dagbag.py:545} INFO - Filling up the DagBag from /home/airflow/.local/lib/python3.12/site-packages/airflow/example_dags/example_sensor_decorator.py
[2024-10-30T18:44:57.507+0000] {processor.py:840} INFO - DAG(s) 'example_sensor_decorator' retrieved from /home/airflow/.local/lib/python3.12/site-packages/airflow/example_dags/example_sensor_decorator.py
[2024-10-30T18:44:57.663+0000] {logging_mixin.py:188} INFO - [2024-10-30T18:44:57.662+0000] {dag.py:3089} INFO - Sync 1 DAGs
[2024-10-30T18:44:57.799+0000] {logging_mixin.py:188} INFO - [2024-10-30T18:44:57.799+0000] {dag.py:3947} INFO - Setting next_dagrun for example_sensor_decorator to None, run_after=None
[2024-10-30T18:44:57.999+0000] {processor.py:183} INFO - Processing /home/airflow/.local/lib/python3.12/site-packages/airflow/example_dags/example_sensor_decorator.py took 0.538 seconds
[2024-10-30T18:45:29.388+0000] {processor.py:161} INFO - Started process (PID=2198) to work on /home/airflow/.local/lib/python3.12/site-packages/airflow/example_dags/example_sensor_decorator.py
[2024-10-30T18:45:29.452+0000] {processor.py:830} INFO - Processing file /home/airflow/.local/lib/python3.12/site-packages/airflow/example_dags/example_sensor_decorator.py for tasks to queue
[2024-10-30T18:45:29.456+0000] {logging_mixin.py:188} INFO - [2024-10-30T18:45:29.455+0000] {dagbag.py:545} INFO - Filling up the DagBag from /home/airflow/.local/lib/python3.12/site-packages/airflow/example_dags/example_sensor_decorator.py
[2024-10-30T18:45:29.586+0000] {processor.py:840} INFO - DAG(s) 'example_sensor_decorator' retrieved from /home/airflow/.local/lib/python3.12/site-packages/airflow/example_dags/example_sensor_decorator.py
[2024-10-30T18:45:29.653+0000] {logging_mixin.py:188} INFO - [2024-10-30T18:45:29.653+0000] {dag.py:3089} INFO - Sync 1 DAGs
[2024-10-30T18:45:29.676+0000] {logging_mixin.py:188} INFO - [2024-10-30T18:45:29.676+0000] {dag.py:3947} INFO - Setting next_dagrun for example_sensor_decorator to None, run_after=None
[2024-10-30T18:45:29.875+0000] {processor.py:183} INFO - Processing /home/airflow/.local/lib/python3.12/site-packages/airflow/example_dags/example_sensor_decorator.py took 0.546 seconds
[2024-10-30T18:47:23.742+0000] {processor.py:161} INFO - Started process (PID=2292) to work on /home/airflow/.local/lib/python3.12/site-packages/airflow/example_dags/example_sensor_decorator.py
[2024-10-30T18:47:23.747+0000] {processor.py:830} INFO - Processing file /home/airflow/.local/lib/python3.12/site-packages/airflow/example_dags/example_sensor_decorator.py for tasks to queue
[2024-10-30T18:47:23.750+0000] {logging_mixin.py:188} INFO - [2024-10-30T18:47:23.748+0000] {dagbag.py:545} INFO - Filling up the DagBag from /home/airflow/.local/lib/python3.12/site-packages/airflow/example_dags/example_sensor_decorator.py
[2024-10-30T18:47:23.786+0000] {processor.py:840} INFO - DAG(s) 'example_sensor_decorator' retrieved from /home/airflow/.local/lib/python3.12/site-packages/airflow/example_dags/example_sensor_decorator.py
[2024-10-30T18:47:24.185+0000] {logging_mixin.py:188} INFO - [2024-10-30T18:47:24.184+0000] {dag.py:3089} INFO - Sync 1 DAGs
[2024-10-30T18:47:24.937+0000] {logging_mixin.py:188} INFO - [2024-10-30T18:47:24.937+0000] {dag.py:3947} INFO - Setting next_dagrun for example_sensor_decorator to None, run_after=None
[2024-10-30T18:47:25.672+0000] {processor.py:183} INFO - Processing /home/airflow/.local/lib/python3.12/site-packages/airflow/example_dags/example_sensor_decorator.py took 1.969 seconds
[2024-10-30T18:48:23.595+0000] {processor.py:161} INFO - Started process (PID=2370) to work on /home/airflow/.local/lib/python3.12/site-packages/airflow/example_dags/example_sensor_decorator.py
[2024-10-30T18:48:23.603+0000] {processor.py:830} INFO - Processing file /home/airflow/.local/lib/python3.12/site-packages/airflow/example_dags/example_sensor_decorator.py for tasks to queue
[2024-10-30T18:48:23.625+0000] {logging_mixin.py:188} INFO - [2024-10-30T18:48:23.604+0000] {dagbag.py:545} INFO - Filling up the DagBag from /home/airflow/.local/lib/python3.12/site-packages/airflow/example_dags/example_sensor_decorator.py
[2024-10-30T18:48:23.707+0000] {processor.py:840} INFO - DAG(s) 'example_sensor_decorator' retrieved from /home/airflow/.local/lib/python3.12/site-packages/airflow/example_dags/example_sensor_decorator.py
[2024-10-30T18:48:23.928+0000] {logging_mixin.py:188} INFO - [2024-10-30T18:48:23.927+0000] {dag.py:3089} INFO - Sync 1 DAGs
[2024-10-30T18:48:23.991+0000] {logging_mixin.py:188} INFO - [2024-10-30T18:48:23.991+0000] {dag.py:3947} INFO - Setting next_dagrun for example_sensor_decorator to None, run_after=None
[2024-10-30T18:48:24.083+0000] {processor.py:183} INFO - Processing /home/airflow/.local/lib/python3.12/site-packages/airflow/example_dags/example_sensor_decorator.py took 0.547 seconds
[2024-10-30T18:48:57.658+0000] {processor.py:161} INFO - Started process (PID=2430) to work on /home/airflow/.local/lib/python3.12/site-packages/airflow/example_dags/example_sensor_decorator.py
[2024-10-30T18:48:57.674+0000] {processor.py:830} INFO - Processing file /home/airflow/.local/lib/python3.12/site-packages/airflow/example_dags/example_sensor_decorator.py for tasks to queue
[2024-10-30T18:48:57.681+0000] {logging_mixin.py:188} INFO - [2024-10-30T18:48:57.676+0000] {dagbag.py:545} INFO - Filling up the DagBag from /home/airflow/.local/lib/python3.12/site-packages/airflow/example_dags/example_sensor_decorator.py
[2024-10-30T18:48:57.720+0000] {processor.py:840} INFO - DAG(s) 'example_sensor_decorator' retrieved from /home/airflow/.local/lib/python3.12/site-packages/airflow/example_dags/example_sensor_decorator.py
[2024-10-30T18:48:57.874+0000] {logging_mixin.py:188} INFO - [2024-10-30T18:48:57.872+0000] {dag.py:3089} INFO - Sync 1 DAGs
[2024-10-30T18:48:58.044+0000] {logging_mixin.py:188} INFO - [2024-10-30T18:48:58.043+0000] {dag.py:3947} INFO - Setting next_dagrun for example_sensor_decorator to None, run_after=None
[2024-10-30T18:48:58.168+0000] {processor.py:183} INFO - Processing /home/airflow/.local/lib/python3.12/site-packages/airflow/example_dags/example_sensor_decorator.py took 0.626 seconds
