[2024-10-30T18:27:09.105+0000] {processor.py:161} INFO - Started process (PID=104) to work on /home/airflow/.local/lib/python3.12/site-packages/airflow/example_dags/example_bash_operator.py
[2024-10-30T18:27:09.107+0000] {processor.py:830} INFO - Processing file /home/airflow/.local/lib/python3.12/site-packages/airflow/example_dags/example_bash_operator.py for tasks to queue
[2024-10-30T18:27:09.127+0000] {logging_mixin.py:188} INFO - [2024-10-30T18:27:09.126+0000] {dagbag.py:545} INFO - Filling up the DagBag from /home/airflow/.local/lib/python3.12/site-packages/airflow/example_dags/example_bash_operator.py
[2024-10-30T18:27:09.287+0000] {processor.py:840} INFO - DAG(s) 'example_bash_operator' retrieved from /home/airflow/.local/lib/python3.12/site-packages/airflow/example_dags/example_bash_operator.py
[2024-10-30T18:27:10.697+0000] {logging_mixin.py:188} INFO - [2024-10-30T18:27:10.694+0000] {override.py:1858} INFO - Created Permission View: can read on DAG:example_bash_operator
[2024-10-30T18:27:10.784+0000] {logging_mixin.py:188} INFO - [2024-10-30T18:27:10.783+0000] {override.py:1858} INFO - Created Permission View: can edit on DAG:example_bash_operator
[2024-10-30T18:27:10.853+0000] {logging_mixin.py:188} INFO - [2024-10-30T18:27:10.852+0000] {override.py:1858} INFO - Created Permission View: can delete on DAG:example_bash_operator
[2024-10-30T18:27:10.854+0000] {logging_mixin.py:188} INFO - [2024-10-30T18:27:10.854+0000] {dag.py:3089} INFO - Sync 1 DAGs
[2024-10-30T18:27:11.064+0000] {logging_mixin.py:188} INFO - [2024-10-30T18:27:11.064+0000] {dag.py:3111} INFO - Creating ORM DAG for example_bash_operator
[2024-10-30T18:27:11.207+0000] {logging_mixin.py:188} INFO - [2024-10-30T18:27:11.206+0000] {dag.py:3947} INFO - Setting next_dagrun for example_bash_operator to 2024-10-29 00:00:00+00:00, run_after=2024-10-30 00:00:00+00:00
[2024-10-30T18:27:11.289+0000] {processor.py:183} INFO - Processing /home/airflow/.local/lib/python3.12/site-packages/airflow/example_dags/example_bash_operator.py took 2.246 seconds
[2024-10-30T18:27:46.952+0000] {processor.py:161} INFO - Started process (PID=166) to work on /home/airflow/.local/lib/python3.12/site-packages/airflow/example_dags/example_bash_operator.py
[2024-10-30T18:27:46.958+0000] {processor.py:830} INFO - Processing file /home/airflow/.local/lib/python3.12/site-packages/airflow/example_dags/example_bash_operator.py for tasks to queue
[2024-10-30T18:27:46.964+0000] {logging_mixin.py:188} INFO - [2024-10-30T18:27:46.963+0000] {dagbag.py:545} INFO - Filling up the DagBag from /home/airflow/.local/lib/python3.12/site-packages/airflow/example_dags/example_bash_operator.py
[2024-10-30T18:27:47.027+0000] {processor.py:840} INFO - DAG(s) 'example_bash_operator' retrieved from /home/airflow/.local/lib/python3.12/site-packages/airflow/example_dags/example_bash_operator.py
[2024-10-30T18:27:47.187+0000] {logging_mixin.py:188} INFO - [2024-10-30T18:27:47.186+0000] {dag.py:3089} INFO - Sync 1 DAGs
[2024-10-30T18:27:47.332+0000] {logging_mixin.py:188} INFO - [2024-10-30T18:27:47.331+0000] {dag.py:3947} INFO - Setting next_dagrun for example_bash_operator to 2024-10-29 00:00:00+00:00, run_after=2024-10-30 00:00:00+00:00
[2024-10-30T18:27:47.430+0000] {processor.py:183} INFO - Processing /home/airflow/.local/lib/python3.12/site-packages/airflow/example_dags/example_bash_operator.py took 0.535 seconds
[2024-10-30T18:28:17.668+0000] {processor.py:161} INFO - Started process (PID=227) to work on /home/airflow/.local/lib/python3.12/site-packages/airflow/example_dags/example_bash_operator.py
[2024-10-30T18:28:17.670+0000] {processor.py:830} INFO - Processing file /home/airflow/.local/lib/python3.12/site-packages/airflow/example_dags/example_bash_operator.py for tasks to queue
[2024-10-30T18:28:17.675+0000] {logging_mixin.py:188} INFO - [2024-10-30T18:28:17.674+0000] {dagbag.py:545} INFO - Filling up the DagBag from /home/airflow/.local/lib/python3.12/site-packages/airflow/example_dags/example_bash_operator.py
[2024-10-30T18:28:17.706+0000] {processor.py:840} INFO - DAG(s) 'example_bash_operator' retrieved from /home/airflow/.local/lib/python3.12/site-packages/airflow/example_dags/example_bash_operator.py
[2024-10-30T18:28:17.775+0000] {logging_mixin.py:188} INFO - [2024-10-30T18:28:17.774+0000] {dag.py:3089} INFO - Sync 1 DAGs
[2024-10-30T18:28:17.832+0000] {logging_mixin.py:188} INFO - [2024-10-30T18:28:17.832+0000] {dag.py:3947} INFO - Setting next_dagrun for example_bash_operator to 2024-10-29 00:00:00+00:00, run_after=2024-10-30 00:00:00+00:00
[2024-10-30T18:28:17.876+0000] {processor.py:183} INFO - Processing /home/airflow/.local/lib/python3.12/site-packages/airflow/example_dags/example_bash_operator.py took 0.232 seconds
[2024-10-30T18:28:48.421+0000] {processor.py:161} INFO - Started process (PID=287) to work on /home/airflow/.local/lib/python3.12/site-packages/airflow/example_dags/example_bash_operator.py
[2024-10-30T18:28:48.423+0000] {processor.py:830} INFO - Processing file /home/airflow/.local/lib/python3.12/site-packages/airflow/example_dags/example_bash_operator.py for tasks to queue
[2024-10-30T18:28:48.427+0000] {logging_mixin.py:188} INFO - [2024-10-30T18:28:48.426+0000] {dagbag.py:545} INFO - Filling up the DagBag from /home/airflow/.local/lib/python3.12/site-packages/airflow/example_dags/example_bash_operator.py
[2024-10-30T18:28:48.459+0000] {processor.py:840} INFO - DAG(s) 'example_bash_operator' retrieved from /home/airflow/.local/lib/python3.12/site-packages/airflow/example_dags/example_bash_operator.py
[2024-10-30T18:28:48.523+0000] {logging_mixin.py:188} INFO - [2024-10-30T18:28:48.522+0000] {dag.py:3089} INFO - Sync 1 DAGs
[2024-10-30T18:28:48.579+0000] {logging_mixin.py:188} INFO - [2024-10-30T18:28:48.578+0000] {dag.py:3947} INFO - Setting next_dagrun for example_bash_operator to 2024-10-29 00:00:00+00:00, run_after=2024-10-30 00:00:00+00:00
[2024-10-30T18:28:48.622+0000] {processor.py:183} INFO - Processing /home/airflow/.local/lib/python3.12/site-packages/airflow/example_dags/example_bash_operator.py took 0.214 seconds
[2024-10-30T18:29:21.450+0000] {processor.py:161} INFO - Started process (PID=343) to work on /home/airflow/.local/lib/python3.12/site-packages/airflow/example_dags/example_bash_operator.py
[2024-10-30T18:29:21.452+0000] {processor.py:830} INFO - Processing file /home/airflow/.local/lib/python3.12/site-packages/airflow/example_dags/example_bash_operator.py for tasks to queue
[2024-10-30T18:29:21.456+0000] {logging_mixin.py:188} INFO - [2024-10-30T18:29:21.455+0000] {dagbag.py:545} INFO - Filling up the DagBag from /home/airflow/.local/lib/python3.12/site-packages/airflow/example_dags/example_bash_operator.py
[2024-10-30T18:29:21.496+0000] {processor.py:840} INFO - DAG(s) 'example_bash_operator' retrieved from /home/airflow/.local/lib/python3.12/site-packages/airflow/example_dags/example_bash_operator.py
[2024-10-30T18:29:21.571+0000] {logging_mixin.py:188} INFO - [2024-10-30T18:29:21.570+0000] {dag.py:3089} INFO - Sync 1 DAGs
[2024-10-30T18:29:21.643+0000] {logging_mixin.py:188} INFO - [2024-10-30T18:29:21.642+0000] {dag.py:3947} INFO - Setting next_dagrun for example_bash_operator to 2024-10-29 00:00:00+00:00, run_after=2024-10-30 00:00:00+00:00
[2024-10-30T18:29:21.694+0000] {processor.py:183} INFO - Processing /home/airflow/.local/lib/python3.12/site-packages/airflow/example_dags/example_bash_operator.py took 0.260 seconds
[2024-10-30T18:29:53.905+0000] {processor.py:161} INFO - Started process (PID=403) to work on /home/airflow/.local/lib/python3.12/site-packages/airflow/example_dags/example_bash_operator.py
[2024-10-30T18:29:53.910+0000] {processor.py:830} INFO - Processing file /home/airflow/.local/lib/python3.12/site-packages/airflow/example_dags/example_bash_operator.py for tasks to queue
[2024-10-30T18:29:53.918+0000] {logging_mixin.py:188} INFO - [2024-10-30T18:29:53.916+0000] {dagbag.py:545} INFO - Filling up the DagBag from /home/airflow/.local/lib/python3.12/site-packages/airflow/example_dags/example_bash_operator.py
[2024-10-30T18:29:53.978+0000] {processor.py:840} INFO - DAG(s) 'example_bash_operator' retrieved from /home/airflow/.local/lib/python3.12/site-packages/airflow/example_dags/example_bash_operator.py
[2024-10-30T18:29:54.113+0000] {logging_mixin.py:188} INFO - [2024-10-30T18:29:54.112+0000] {dag.py:3089} INFO - Sync 1 DAGs
[2024-10-30T18:29:54.219+0000] {logging_mixin.py:188} INFO - [2024-10-30T18:29:54.219+0000] {dag.py:3947} INFO - Setting next_dagrun for example_bash_operator to 2024-10-29 00:00:00+00:00, run_after=2024-10-30 00:00:00+00:00
[2024-10-30T18:29:54.270+0000] {processor.py:183} INFO - Processing /home/airflow/.local/lib/python3.12/site-packages/airflow/example_dags/example_bash_operator.py took 0.396 seconds
[2024-10-30T18:30:24.715+0000] {processor.py:161} INFO - Started process (PID=462) to work on /home/airflow/.local/lib/python3.12/site-packages/airflow/example_dags/example_bash_operator.py
[2024-10-30T18:30:24.719+0000] {processor.py:830} INFO - Processing file /home/airflow/.local/lib/python3.12/site-packages/airflow/example_dags/example_bash_operator.py for tasks to queue
[2024-10-30T18:30:24.726+0000] {logging_mixin.py:188} INFO - [2024-10-30T18:30:24.724+0000] {dagbag.py:545} INFO - Filling up the DagBag from /home/airflow/.local/lib/python3.12/site-packages/airflow/example_dags/example_bash_operator.py
[2024-10-30T18:30:24.765+0000] {processor.py:840} INFO - DAG(s) 'example_bash_operator' retrieved from /home/airflow/.local/lib/python3.12/site-packages/airflow/example_dags/example_bash_operator.py
[2024-10-30T18:30:24.893+0000] {logging_mixin.py:188} INFO - [2024-10-30T18:30:24.891+0000] {dag.py:3089} INFO - Sync 1 DAGs
[2024-10-30T18:30:24.982+0000] {logging_mixin.py:188} INFO - [2024-10-30T18:30:24.981+0000] {dag.py:3947} INFO - Setting next_dagrun for example_bash_operator to 2024-10-29 00:00:00+00:00, run_after=2024-10-30 00:00:00+00:00
[2024-10-30T18:30:25.047+0000] {processor.py:183} INFO - Processing /home/airflow/.local/lib/python3.12/site-packages/airflow/example_dags/example_bash_operator.py took 0.352 seconds
[2024-10-30T18:30:58.595+0000] {processor.py:161} INFO - Started process (PID=521) to work on /home/airflow/.local/lib/python3.12/site-packages/airflow/example_dags/example_bash_operator.py
[2024-10-30T18:30:58.598+0000] {processor.py:830} INFO - Processing file /home/airflow/.local/lib/python3.12/site-packages/airflow/example_dags/example_bash_operator.py for tasks to queue
[2024-10-30T18:30:58.611+0000] {logging_mixin.py:188} INFO - [2024-10-30T18:30:58.603+0000] {dagbag.py:545} INFO - Filling up the DagBag from /home/airflow/.local/lib/python3.12/site-packages/airflow/example_dags/example_bash_operator.py
[2024-10-30T18:30:58.671+0000] {processor.py:840} INFO - DAG(s) 'example_bash_operator' retrieved from /home/airflow/.local/lib/python3.12/site-packages/airflow/example_dags/example_bash_operator.py
[2024-10-30T18:30:58.808+0000] {logging_mixin.py:188} INFO - [2024-10-30T18:30:58.807+0000] {dag.py:3089} INFO - Sync 1 DAGs
[2024-10-30T18:30:58.927+0000] {logging_mixin.py:188} INFO - [2024-10-30T18:30:58.927+0000] {dag.py:3947} INFO - Setting next_dagrun for example_bash_operator to 2024-10-29 00:00:00+00:00, run_after=2024-10-30 00:00:00+00:00
[2024-10-30T18:30:58.987+0000] {processor.py:183} INFO - Processing /home/airflow/.local/lib/python3.12/site-packages/airflow/example_dags/example_bash_operator.py took 0.454 seconds
[2024-10-30T18:31:30.348+0000] {processor.py:161} INFO - Started process (PID=581) to work on /home/airflow/.local/lib/python3.12/site-packages/airflow/example_dags/example_bash_operator.py
[2024-10-30T18:31:30.350+0000] {processor.py:830} INFO - Processing file /home/airflow/.local/lib/python3.12/site-packages/airflow/example_dags/example_bash_operator.py for tasks to queue
[2024-10-30T18:31:30.355+0000] {logging_mixin.py:188} INFO - [2024-10-30T18:31:30.354+0000] {dagbag.py:545} INFO - Filling up the DagBag from /home/airflow/.local/lib/python3.12/site-packages/airflow/example_dags/example_bash_operator.py
[2024-10-30T18:31:30.382+0000] {processor.py:840} INFO - DAG(s) 'example_bash_operator' retrieved from /home/airflow/.local/lib/python3.12/site-packages/airflow/example_dags/example_bash_operator.py
[2024-10-30T18:31:30.447+0000] {logging_mixin.py:188} INFO - [2024-10-30T18:31:30.447+0000] {dag.py:3089} INFO - Sync 1 DAGs
[2024-10-30T18:31:30.512+0000] {logging_mixin.py:188} INFO - [2024-10-30T18:31:30.511+0000] {dag.py:3947} INFO - Setting next_dagrun for example_bash_operator to 2024-10-29 00:00:00+00:00, run_after=2024-10-30 00:00:00+00:00
[2024-10-30T18:31:30.562+0000] {processor.py:183} INFO - Processing /home/airflow/.local/lib/python3.12/site-packages/airflow/example_dags/example_bash_operator.py took 0.235 seconds
[2024-10-30T18:32:02.276+0000] {processor.py:161} INFO - Started process (PID=641) to work on /home/airflow/.local/lib/python3.12/site-packages/airflow/example_dags/example_bash_operator.py
[2024-10-30T18:32:02.281+0000] {processor.py:830} INFO - Processing file /home/airflow/.local/lib/python3.12/site-packages/airflow/example_dags/example_bash_operator.py for tasks to queue
[2024-10-30T18:32:02.301+0000] {logging_mixin.py:188} INFO - [2024-10-30T18:32:02.299+0000] {dagbag.py:545} INFO - Filling up the DagBag from /home/airflow/.local/lib/python3.12/site-packages/airflow/example_dags/example_bash_operator.py
[2024-10-30T18:32:02.350+0000] {processor.py:840} INFO - DAG(s) 'example_bash_operator' retrieved from /home/airflow/.local/lib/python3.12/site-packages/airflow/example_dags/example_bash_operator.py
[2024-10-30T18:32:02.579+0000] {logging_mixin.py:188} INFO - [2024-10-30T18:32:02.578+0000] {dag.py:3089} INFO - Sync 1 DAGs
[2024-10-30T18:32:02.692+0000] {logging_mixin.py:188} INFO - [2024-10-30T18:32:02.692+0000] {dag.py:3947} INFO - Setting next_dagrun for example_bash_operator to 2024-10-29 00:00:00+00:00, run_after=2024-10-30 00:00:00+00:00
[2024-10-30T18:32:02.776+0000] {processor.py:183} INFO - Processing /home/airflow/.local/lib/python3.12/site-packages/airflow/example_dags/example_bash_operator.py took 0.529 seconds
[2024-10-30T18:32:37.455+0000] {processor.py:161} INFO - Started process (PID=701) to work on /home/airflow/.local/lib/python3.12/site-packages/airflow/example_dags/example_bash_operator.py
[2024-10-30T18:32:37.459+0000] {processor.py:830} INFO - Processing file /home/airflow/.local/lib/python3.12/site-packages/airflow/example_dags/example_bash_operator.py for tasks to queue
[2024-10-30T18:32:37.466+0000] {logging_mixin.py:188} INFO - [2024-10-30T18:32:37.465+0000] {dagbag.py:545} INFO - Filling up the DagBag from /home/airflow/.local/lib/python3.12/site-packages/airflow/example_dags/example_bash_operator.py
[2024-10-30T18:32:37.523+0000] {processor.py:840} INFO - DAG(s) 'example_bash_operator' retrieved from /home/airflow/.local/lib/python3.12/site-packages/airflow/example_dags/example_bash_operator.py
[2024-10-30T18:32:37.642+0000] {logging_mixin.py:188} INFO - [2024-10-30T18:32:37.642+0000] {dag.py:3089} INFO - Sync 1 DAGs
[2024-10-30T18:32:37.724+0000] {logging_mixin.py:188} INFO - [2024-10-30T18:32:37.723+0000] {dag.py:3947} INFO - Setting next_dagrun for example_bash_operator to 2024-10-29 00:00:00+00:00, run_after=2024-10-30 00:00:00+00:00
[2024-10-30T18:32:37.789+0000] {processor.py:183} INFO - Processing /home/airflow/.local/lib/python3.12/site-packages/airflow/example_dags/example_bash_operator.py took 0.361 seconds
[2024-10-30T18:33:08.534+0000] {processor.py:161} INFO - Started process (PID=762) to work on /home/airflow/.local/lib/python3.12/site-packages/airflow/example_dags/example_bash_operator.py
[2024-10-30T18:33:08.542+0000] {processor.py:830} INFO - Processing file /home/airflow/.local/lib/python3.12/site-packages/airflow/example_dags/example_bash_operator.py for tasks to queue
[2024-10-30T18:33:08.554+0000] {logging_mixin.py:188} INFO - [2024-10-30T18:33:08.552+0000] {dagbag.py:545} INFO - Filling up the DagBag from /home/airflow/.local/lib/python3.12/site-packages/airflow/example_dags/example_bash_operator.py
[2024-10-30T18:33:08.619+0000] {processor.py:840} INFO - DAG(s) 'example_bash_operator' retrieved from /home/airflow/.local/lib/python3.12/site-packages/airflow/example_dags/example_bash_operator.py
[2024-10-30T18:33:08.766+0000] {logging_mixin.py:188} INFO - [2024-10-30T18:33:08.764+0000] {dag.py:3089} INFO - Sync 1 DAGs
[2024-10-30T18:33:08.881+0000] {logging_mixin.py:188} INFO - [2024-10-30T18:33:08.880+0000] {dag.py:3947} INFO - Setting next_dagrun for example_bash_operator to 2024-10-29 00:00:00+00:00, run_after=2024-10-30 00:00:00+00:00
[2024-10-30T18:33:08.967+0000] {processor.py:183} INFO - Processing /home/airflow/.local/lib/python3.12/site-packages/airflow/example_dags/example_bash_operator.py took 0.486 seconds
[2024-10-30T18:33:39.138+0000] {processor.py:161} INFO - Started process (PID=820) to work on /home/airflow/.local/lib/python3.12/site-packages/airflow/example_dags/example_bash_operator.py
[2024-10-30T18:33:39.140+0000] {processor.py:830} INFO - Processing file /home/airflow/.local/lib/python3.12/site-packages/airflow/example_dags/example_bash_operator.py for tasks to queue
[2024-10-30T18:33:39.147+0000] {logging_mixin.py:188} INFO - [2024-10-30T18:33:39.146+0000] {dagbag.py:545} INFO - Filling up the DagBag from /home/airflow/.local/lib/python3.12/site-packages/airflow/example_dags/example_bash_operator.py
[2024-10-30T18:33:39.180+0000] {processor.py:840} INFO - DAG(s) 'example_bash_operator' retrieved from /home/airflow/.local/lib/python3.12/site-packages/airflow/example_dags/example_bash_operator.py
[2024-10-30T18:33:39.276+0000] {logging_mixin.py:188} INFO - [2024-10-30T18:33:39.275+0000] {dag.py:3089} INFO - Sync 1 DAGs
[2024-10-30T18:33:39.346+0000] {logging_mixin.py:188} INFO - [2024-10-30T18:33:39.345+0000] {dag.py:3947} INFO - Setting next_dagrun for example_bash_operator to 2024-10-29 00:00:00+00:00, run_after=2024-10-30 00:00:00+00:00
[2024-10-30T18:33:39.397+0000] {processor.py:183} INFO - Processing /home/airflow/.local/lib/python3.12/site-packages/airflow/example_dags/example_bash_operator.py took 0.278 seconds
[2024-10-30T18:34:09.552+0000] {processor.py:161} INFO - Started process (PID=881) to work on /home/airflow/.local/lib/python3.12/site-packages/airflow/example_dags/example_bash_operator.py
[2024-10-30T18:34:09.555+0000] {processor.py:830} INFO - Processing file /home/airflow/.local/lib/python3.12/site-packages/airflow/example_dags/example_bash_operator.py for tasks to queue
[2024-10-30T18:34:09.562+0000] {logging_mixin.py:188} INFO - [2024-10-30T18:34:09.560+0000] {dagbag.py:545} INFO - Filling up the DagBag from /home/airflow/.local/lib/python3.12/site-packages/airflow/example_dags/example_bash_operator.py
[2024-10-30T18:34:09.603+0000] {processor.py:840} INFO - DAG(s) 'example_bash_operator' retrieved from /home/airflow/.local/lib/python3.12/site-packages/airflow/example_dags/example_bash_operator.py
[2024-10-30T18:34:09.676+0000] {logging_mixin.py:188} INFO - [2024-10-30T18:34:09.675+0000] {dag.py:3089} INFO - Sync 1 DAGs
[2024-10-30T18:34:09.756+0000] {logging_mixin.py:188} INFO - [2024-10-30T18:34:09.755+0000] {dag.py:3947} INFO - Setting next_dagrun for example_bash_operator to 2024-10-29 00:00:00+00:00, run_after=2024-10-30 00:00:00+00:00
[2024-10-30T18:34:09.818+0000] {processor.py:183} INFO - Processing /home/airflow/.local/lib/python3.12/site-packages/airflow/example_dags/example_bash_operator.py took 0.287 seconds
[2024-10-30T18:34:40.475+0000] {processor.py:161} INFO - Started process (PID=941) to work on /home/airflow/.local/lib/python3.12/site-packages/airflow/example_dags/example_bash_operator.py
[2024-10-30T18:34:40.477+0000] {processor.py:830} INFO - Processing file /home/airflow/.local/lib/python3.12/site-packages/airflow/example_dags/example_bash_operator.py for tasks to queue
[2024-10-30T18:34:40.483+0000] {logging_mixin.py:188} INFO - [2024-10-30T18:34:40.482+0000] {dagbag.py:545} INFO - Filling up the DagBag from /home/airflow/.local/lib/python3.12/site-packages/airflow/example_dags/example_bash_operator.py
[2024-10-30T18:34:40.510+0000] {processor.py:840} INFO - DAG(s) 'example_bash_operator' retrieved from /home/airflow/.local/lib/python3.12/site-packages/airflow/example_dags/example_bash_operator.py
[2024-10-30T18:34:40.608+0000] {logging_mixin.py:188} INFO - [2024-10-30T18:34:40.607+0000] {dag.py:3089} INFO - Sync 1 DAGs
[2024-10-30T18:34:40.672+0000] {logging_mixin.py:188} INFO - [2024-10-30T18:34:40.671+0000] {dag.py:3947} INFO - Setting next_dagrun for example_bash_operator to 2024-10-29 00:00:00+00:00, run_after=2024-10-30 00:00:00+00:00
[2024-10-30T18:34:40.727+0000] {processor.py:183} INFO - Processing /home/airflow/.local/lib/python3.12/site-packages/airflow/example_dags/example_bash_operator.py took 0.268 seconds
[2024-10-30T18:35:11.057+0000] {processor.py:161} INFO - Started process (PID=1001) to work on /home/airflow/.local/lib/python3.12/site-packages/airflow/example_dags/example_bash_operator.py
[2024-10-30T18:35:11.060+0000] {processor.py:830} INFO - Processing file /home/airflow/.local/lib/python3.12/site-packages/airflow/example_dags/example_bash_operator.py for tasks to queue
[2024-10-30T18:35:11.065+0000] {logging_mixin.py:188} INFO - [2024-10-30T18:35:11.064+0000] {dagbag.py:545} INFO - Filling up the DagBag from /home/airflow/.local/lib/python3.12/site-packages/airflow/example_dags/example_bash_operator.py
[2024-10-30T18:35:11.093+0000] {processor.py:840} INFO - DAG(s) 'example_bash_operator' retrieved from /home/airflow/.local/lib/python3.12/site-packages/airflow/example_dags/example_bash_operator.py
[2024-10-30T18:35:11.167+0000] {logging_mixin.py:188} INFO - [2024-10-30T18:35:11.167+0000] {dag.py:3089} INFO - Sync 1 DAGs
[2024-10-30T18:35:11.226+0000] {logging_mixin.py:188} INFO - [2024-10-30T18:35:11.226+0000] {dag.py:3947} INFO - Setting next_dagrun for example_bash_operator to 2024-10-29 00:00:00+00:00, run_after=2024-10-30 00:00:00+00:00
[2024-10-30T18:35:11.279+0000] {processor.py:183} INFO - Processing /home/airflow/.local/lib/python3.12/site-packages/airflow/example_dags/example_bash_operator.py took 0.236 seconds
[2024-10-30T18:35:42.136+0000] {processor.py:161} INFO - Started process (PID=1061) to work on /home/airflow/.local/lib/python3.12/site-packages/airflow/example_dags/example_bash_operator.py
[2024-10-30T18:35:42.138+0000] {processor.py:830} INFO - Processing file /home/airflow/.local/lib/python3.12/site-packages/airflow/example_dags/example_bash_operator.py for tasks to queue
[2024-10-30T18:35:42.148+0000] {logging_mixin.py:188} INFO - [2024-10-30T18:35:42.146+0000] {dagbag.py:545} INFO - Filling up the DagBag from /home/airflow/.local/lib/python3.12/site-packages/airflow/example_dags/example_bash_operator.py
[2024-10-30T18:35:42.198+0000] {processor.py:840} INFO - DAG(s) 'example_bash_operator' retrieved from /home/airflow/.local/lib/python3.12/site-packages/airflow/example_dags/example_bash_operator.py
[2024-10-30T18:35:42.287+0000] {logging_mixin.py:188} INFO - [2024-10-30T18:35:42.286+0000] {dag.py:3089} INFO - Sync 1 DAGs
[2024-10-30T18:35:42.374+0000] {logging_mixin.py:188} INFO - [2024-10-30T18:35:42.374+0000] {dag.py:3947} INFO - Setting next_dagrun for example_bash_operator to 2024-10-29 00:00:00+00:00, run_after=2024-10-30 00:00:00+00:00
[2024-10-30T18:35:42.445+0000] {processor.py:183} INFO - Processing /home/airflow/.local/lib/python3.12/site-packages/airflow/example_dags/example_bash_operator.py took 0.337 seconds
[2024-10-30T18:36:13.029+0000] {processor.py:161} INFO - Started process (PID=1120) to work on /home/airflow/.local/lib/python3.12/site-packages/airflow/example_dags/example_bash_operator.py
[2024-10-30T18:36:13.035+0000] {processor.py:830} INFO - Processing file /home/airflow/.local/lib/python3.12/site-packages/airflow/example_dags/example_bash_operator.py for tasks to queue
[2024-10-30T18:36:13.040+0000] {logging_mixin.py:188} INFO - [2024-10-30T18:36:13.039+0000] {dagbag.py:545} INFO - Filling up the DagBag from /home/airflow/.local/lib/python3.12/site-packages/airflow/example_dags/example_bash_operator.py
[2024-10-30T18:36:13.076+0000] {processor.py:840} INFO - DAG(s) 'example_bash_operator' retrieved from /home/airflow/.local/lib/python3.12/site-packages/airflow/example_dags/example_bash_operator.py
[2024-10-30T18:36:13.173+0000] {logging_mixin.py:188} INFO - [2024-10-30T18:36:13.172+0000] {dag.py:3089} INFO - Sync 1 DAGs
[2024-10-30T18:36:13.245+0000] {logging_mixin.py:188} INFO - [2024-10-30T18:36:13.244+0000] {dag.py:3947} INFO - Setting next_dagrun for example_bash_operator to 2024-10-29 00:00:00+00:00, run_after=2024-10-30 00:00:00+00:00
[2024-10-30T18:36:13.302+0000] {processor.py:183} INFO - Processing /home/airflow/.local/lib/python3.12/site-packages/airflow/example_dags/example_bash_operator.py took 0.301 seconds
[2024-10-30T18:36:44.435+0000] {processor.py:161} INFO - Started process (PID=1185) to work on /home/airflow/.local/lib/python3.12/site-packages/airflow/example_dags/example_bash_operator.py
[2024-10-30T18:36:44.438+0000] {processor.py:830} INFO - Processing file /home/airflow/.local/lib/python3.12/site-packages/airflow/example_dags/example_bash_operator.py for tasks to queue
[2024-10-30T18:36:44.443+0000] {logging_mixin.py:188} INFO - [2024-10-30T18:36:44.442+0000] {dagbag.py:545} INFO - Filling up the DagBag from /home/airflow/.local/lib/python3.12/site-packages/airflow/example_dags/example_bash_operator.py
[2024-10-30T18:36:44.479+0000] {processor.py:840} INFO - DAG(s) 'example_bash_operator' retrieved from /home/airflow/.local/lib/python3.12/site-packages/airflow/example_dags/example_bash_operator.py
[2024-10-30T18:36:44.576+0000] {logging_mixin.py:188} INFO - [2024-10-30T18:36:44.575+0000] {dag.py:3089} INFO - Sync 1 DAGs
[2024-10-30T18:36:44.655+0000] {logging_mixin.py:188} INFO - [2024-10-30T18:36:44.655+0000] {dag.py:3947} INFO - Setting next_dagrun for example_bash_operator to 2024-10-29 00:00:00+00:00, run_after=2024-10-30 00:00:00+00:00
[2024-10-30T18:36:44.704+0000] {processor.py:183} INFO - Processing /home/airflow/.local/lib/python3.12/site-packages/airflow/example_dags/example_bash_operator.py took 0.290 seconds
[2024-10-30T18:37:15.460+0000] {processor.py:161} INFO - Started process (PID=1244) to work on /home/airflow/.local/lib/python3.12/site-packages/airflow/example_dags/example_bash_operator.py
[2024-10-30T18:37:15.464+0000] {processor.py:830} INFO - Processing file /home/airflow/.local/lib/python3.12/site-packages/airflow/example_dags/example_bash_operator.py for tasks to queue
[2024-10-30T18:37:15.471+0000] {logging_mixin.py:188} INFO - [2024-10-30T18:37:15.470+0000] {dagbag.py:545} INFO - Filling up the DagBag from /home/airflow/.local/lib/python3.12/site-packages/airflow/example_dags/example_bash_operator.py
[2024-10-30T18:37:15.505+0000] {processor.py:840} INFO - DAG(s) 'example_bash_operator' retrieved from /home/airflow/.local/lib/python3.12/site-packages/airflow/example_dags/example_bash_operator.py
[2024-10-30T18:37:15.608+0000] {logging_mixin.py:188} INFO - [2024-10-30T18:37:15.608+0000] {dag.py:3089} INFO - Sync 1 DAGs
[2024-10-30T18:37:15.675+0000] {logging_mixin.py:188} INFO - [2024-10-30T18:37:15.675+0000] {dag.py:3947} INFO - Setting next_dagrun for example_bash_operator to 2024-10-29 00:00:00+00:00, run_after=2024-10-30 00:00:00+00:00
[2024-10-30T18:37:15.729+0000] {processor.py:183} INFO - Processing /home/airflow/.local/lib/python3.12/site-packages/airflow/example_dags/example_bash_operator.py took 0.307 seconds
[2024-10-30T18:37:46.115+0000] {processor.py:161} INFO - Started process (PID=1303) to work on /home/airflow/.local/lib/python3.12/site-packages/airflow/example_dags/example_bash_operator.py
[2024-10-30T18:37:46.118+0000] {processor.py:830} INFO - Processing file /home/airflow/.local/lib/python3.12/site-packages/airflow/example_dags/example_bash_operator.py for tasks to queue
[2024-10-30T18:37:46.123+0000] {logging_mixin.py:188} INFO - [2024-10-30T18:37:46.122+0000] {dagbag.py:545} INFO - Filling up the DagBag from /home/airflow/.local/lib/python3.12/site-packages/airflow/example_dags/example_bash_operator.py
[2024-10-30T18:37:46.159+0000] {processor.py:840} INFO - DAG(s) 'example_bash_operator' retrieved from /home/airflow/.local/lib/python3.12/site-packages/airflow/example_dags/example_bash_operator.py
[2024-10-30T18:37:46.244+0000] {logging_mixin.py:188} INFO - [2024-10-30T18:37:46.243+0000] {dag.py:3089} INFO - Sync 1 DAGs
[2024-10-30T18:37:46.322+0000] {logging_mixin.py:188} INFO - [2024-10-30T18:37:46.320+0000] {dag.py:3947} INFO - Setting next_dagrun for example_bash_operator to 2024-10-29 00:00:00+00:00, run_after=2024-10-30 00:00:00+00:00
[2024-10-30T18:37:46.376+0000] {processor.py:183} INFO - Processing /home/airflow/.local/lib/python3.12/site-packages/airflow/example_dags/example_bash_operator.py took 0.277 seconds
[2024-10-30T18:38:16.960+0000] {processor.py:161} INFO - Started process (PID=1362) to work on /home/airflow/.local/lib/python3.12/site-packages/airflow/example_dags/example_bash_operator.py
[2024-10-30T18:38:16.963+0000] {processor.py:830} INFO - Processing file /home/airflow/.local/lib/python3.12/site-packages/airflow/example_dags/example_bash_operator.py for tasks to queue
[2024-10-30T18:38:16.970+0000] {logging_mixin.py:188} INFO - [2024-10-30T18:38:16.968+0000] {dagbag.py:545} INFO - Filling up the DagBag from /home/airflow/.local/lib/python3.12/site-packages/airflow/example_dags/example_bash_operator.py
[2024-10-30T18:38:16.998+0000] {processor.py:840} INFO - DAG(s) 'example_bash_operator' retrieved from /home/airflow/.local/lib/python3.12/site-packages/airflow/example_dags/example_bash_operator.py
[2024-10-30T18:38:17.090+0000] {logging_mixin.py:188} INFO - [2024-10-30T18:38:17.089+0000] {dag.py:3089} INFO - Sync 1 DAGs
[2024-10-30T18:38:17.162+0000] {logging_mixin.py:188} INFO - [2024-10-30T18:38:17.160+0000] {dag.py:3947} INFO - Setting next_dagrun for example_bash_operator to 2024-10-29 00:00:00+00:00, run_after=2024-10-30 00:00:00+00:00
[2024-10-30T18:38:17.220+0000] {processor.py:183} INFO - Processing /home/airflow/.local/lib/python3.12/site-packages/airflow/example_dags/example_bash_operator.py took 0.298 seconds
[2024-10-30T18:38:48.079+0000] {processor.py:161} INFO - Started process (PID=1422) to work on /home/airflow/.local/lib/python3.12/site-packages/airflow/example_dags/example_bash_operator.py
[2024-10-30T18:38:48.087+0000] {processor.py:830} INFO - Processing file /home/airflow/.local/lib/python3.12/site-packages/airflow/example_dags/example_bash_operator.py for tasks to queue
[2024-10-30T18:38:48.107+0000] {logging_mixin.py:188} INFO - [2024-10-30T18:38:48.106+0000] {dagbag.py:545} INFO - Filling up the DagBag from /home/airflow/.local/lib/python3.12/site-packages/airflow/example_dags/example_bash_operator.py
[2024-10-30T18:38:48.195+0000] {processor.py:840} INFO - DAG(s) 'example_bash_operator' retrieved from /home/airflow/.local/lib/python3.12/site-packages/airflow/example_dags/example_bash_operator.py
[2024-10-30T18:38:48.334+0000] {logging_mixin.py:188} INFO - [2024-10-30T18:38:48.333+0000] {dag.py:3089} INFO - Sync 1 DAGs
[2024-10-30T18:38:48.468+0000] {logging_mixin.py:188} INFO - [2024-10-30T18:38:48.466+0000] {dag.py:3947} INFO - Setting next_dagrun for example_bash_operator to 2024-10-29 00:00:00+00:00, run_after=2024-10-30 00:00:00+00:00
[2024-10-30T18:38:48.555+0000] {processor.py:183} INFO - Processing /home/airflow/.local/lib/python3.12/site-packages/airflow/example_dags/example_bash_operator.py took 0.534 seconds
[2024-10-30T18:39:18.748+0000] {processor.py:161} INFO - Started process (PID=1483) to work on /home/airflow/.local/lib/python3.12/site-packages/airflow/example_dags/example_bash_operator.py
[2024-10-30T18:39:18.751+0000] {processor.py:830} INFO - Processing file /home/airflow/.local/lib/python3.12/site-packages/airflow/example_dags/example_bash_operator.py for tasks to queue
[2024-10-30T18:39:18.756+0000] {logging_mixin.py:188} INFO - [2024-10-30T18:39:18.755+0000] {dagbag.py:545} INFO - Filling up the DagBag from /home/airflow/.local/lib/python3.12/site-packages/airflow/example_dags/example_bash_operator.py
[2024-10-30T18:39:18.783+0000] {processor.py:840} INFO - DAG(s) 'example_bash_operator' retrieved from /home/airflow/.local/lib/python3.12/site-packages/airflow/example_dags/example_bash_operator.py
[2024-10-30T18:39:18.852+0000] {logging_mixin.py:188} INFO - [2024-10-30T18:39:18.852+0000] {dag.py:3089} INFO - Sync 1 DAGs
[2024-10-30T18:39:18.903+0000] {logging_mixin.py:188} INFO - [2024-10-30T18:39:18.902+0000] {dag.py:3947} INFO - Setting next_dagrun for example_bash_operator to 2024-10-29 00:00:00+00:00, run_after=2024-10-30 00:00:00+00:00
[2024-10-30T18:39:18.951+0000] {processor.py:183} INFO - Processing /home/airflow/.local/lib/python3.12/site-packages/airflow/example_dags/example_bash_operator.py took 0.221 seconds
[2024-10-30T18:39:49.422+0000] {processor.py:161} INFO - Started process (PID=1541) to work on /home/airflow/.local/lib/python3.12/site-packages/airflow/example_dags/example_bash_operator.py
[2024-10-30T18:39:49.425+0000] {processor.py:830} INFO - Processing file /home/airflow/.local/lib/python3.12/site-packages/airflow/example_dags/example_bash_operator.py for tasks to queue
[2024-10-30T18:39:49.432+0000] {logging_mixin.py:188} INFO - [2024-10-30T18:39:49.431+0000] {dagbag.py:545} INFO - Filling up the DagBag from /home/airflow/.local/lib/python3.12/site-packages/airflow/example_dags/example_bash_operator.py
[2024-10-30T18:39:49.471+0000] {processor.py:840} INFO - DAG(s) 'example_bash_operator' retrieved from /home/airflow/.local/lib/python3.12/site-packages/airflow/example_dags/example_bash_operator.py
[2024-10-30T18:39:49.552+0000] {logging_mixin.py:188} INFO - [2024-10-30T18:39:49.551+0000] {dag.py:3089} INFO - Sync 1 DAGs
[2024-10-30T18:39:49.622+0000] {logging_mixin.py:188} INFO - [2024-10-30T18:39:49.622+0000] {dag.py:3947} INFO - Setting next_dagrun for example_bash_operator to 2024-10-29 00:00:00+00:00, run_after=2024-10-30 00:00:00+00:00
[2024-10-30T18:39:49.679+0000] {processor.py:183} INFO - Processing /home/airflow/.local/lib/python3.12/site-packages/airflow/example_dags/example_bash_operator.py took 0.277 seconds
[2024-10-30T18:40:20.366+0000] {processor.py:161} INFO - Started process (PID=1602) to work on /home/airflow/.local/lib/python3.12/site-packages/airflow/example_dags/example_bash_operator.py
[2024-10-30T18:40:20.368+0000] {processor.py:830} INFO - Processing file /home/airflow/.local/lib/python3.12/site-packages/airflow/example_dags/example_bash_operator.py for tasks to queue
[2024-10-30T18:40:20.375+0000] {logging_mixin.py:188} INFO - [2024-10-30T18:40:20.374+0000] {dagbag.py:545} INFO - Filling up the DagBag from /home/airflow/.local/lib/python3.12/site-packages/airflow/example_dags/example_bash_operator.py
[2024-10-30T18:40:20.411+0000] {processor.py:840} INFO - DAG(s) 'example_bash_operator' retrieved from /home/airflow/.local/lib/python3.12/site-packages/airflow/example_dags/example_bash_operator.py
[2024-10-30T18:40:20.503+0000] {logging_mixin.py:188} INFO - [2024-10-30T18:40:20.502+0000] {dag.py:3089} INFO - Sync 1 DAGs
[2024-10-30T18:40:20.576+0000] {logging_mixin.py:188} INFO - [2024-10-30T18:40:20.575+0000] {dag.py:3947} INFO - Setting next_dagrun for example_bash_operator to 2024-10-29 00:00:00+00:00, run_after=2024-10-30 00:00:00+00:00
[2024-10-30T18:40:20.639+0000] {processor.py:183} INFO - Processing /home/airflow/.local/lib/python3.12/site-packages/airflow/example_dags/example_bash_operator.py took 0.292 seconds
[2024-10-30T18:40:51.063+0000] {processor.py:161} INFO - Started process (PID=1664) to work on /home/airflow/.local/lib/python3.12/site-packages/airflow/example_dags/example_bash_operator.py
[2024-10-30T18:40:51.066+0000] {processor.py:830} INFO - Processing file /home/airflow/.local/lib/python3.12/site-packages/airflow/example_dags/example_bash_operator.py for tasks to queue
[2024-10-30T18:40:51.072+0000] {logging_mixin.py:188} INFO - [2024-10-30T18:40:51.071+0000] {dagbag.py:545} INFO - Filling up the DagBag from /home/airflow/.local/lib/python3.12/site-packages/airflow/example_dags/example_bash_operator.py
[2024-10-30T18:40:51.108+0000] {processor.py:840} INFO - DAG(s) 'example_bash_operator' retrieved from /home/airflow/.local/lib/python3.12/site-packages/airflow/example_dags/example_bash_operator.py
[2024-10-30T18:40:51.188+0000] {logging_mixin.py:188} INFO - [2024-10-30T18:40:51.188+0000] {dag.py:3089} INFO - Sync 1 DAGs
[2024-10-30T18:40:51.249+0000] {logging_mixin.py:188} INFO - [2024-10-30T18:40:51.248+0000] {dag.py:3947} INFO - Setting next_dagrun for example_bash_operator to 2024-10-29 00:00:00+00:00, run_after=2024-10-30 00:00:00+00:00
[2024-10-30T18:40:51.295+0000] {processor.py:183} INFO - Processing /home/airflow/.local/lib/python3.12/site-packages/airflow/example_dags/example_bash_operator.py took 0.252 seconds
[2024-10-30T18:41:23.614+0000] {processor.py:161} INFO - Started process (PID=1721) to work on /home/airflow/.local/lib/python3.12/site-packages/airflow/example_dags/example_bash_operator.py
[2024-10-30T18:41:23.617+0000] {processor.py:830} INFO - Processing file /home/airflow/.local/lib/python3.12/site-packages/airflow/example_dags/example_bash_operator.py for tasks to queue
[2024-10-30T18:41:23.624+0000] {logging_mixin.py:188} INFO - [2024-10-30T18:41:23.623+0000] {dagbag.py:545} INFO - Filling up the DagBag from /home/airflow/.local/lib/python3.12/site-packages/airflow/example_dags/example_bash_operator.py
[2024-10-30T18:41:24.117+0000] {processor.py:840} INFO - DAG(s) 'example_bash_operator' retrieved from /home/airflow/.local/lib/python3.12/site-packages/airflow/example_dags/example_bash_operator.py
[2024-10-30T18:41:24.206+0000] {logging_mixin.py:188} INFO - [2024-10-30T18:41:24.205+0000] {dag.py:3089} INFO - Sync 1 DAGs
[2024-10-30T18:41:24.281+0000] {logging_mixin.py:188} INFO - [2024-10-30T18:41:24.280+0000] {dag.py:3947} INFO - Setting next_dagrun for example_bash_operator to 2024-10-29 00:00:00+00:00, run_after=2024-10-30 00:00:00+00:00
[2024-10-30T18:41:24.344+0000] {processor.py:183} INFO - Processing /home/airflow/.local/lib/python3.12/site-packages/airflow/example_dags/example_bash_operator.py took 0.774 seconds
[2024-10-30T18:41:54.827+0000] {processor.py:161} INFO - Started process (PID=1783) to work on /home/airflow/.local/lib/python3.12/site-packages/airflow/example_dags/example_bash_operator.py
[2024-10-30T18:41:54.831+0000] {processor.py:830} INFO - Processing file /home/airflow/.local/lib/python3.12/site-packages/airflow/example_dags/example_bash_operator.py for tasks to queue
[2024-10-30T18:41:54.836+0000] {logging_mixin.py:188} INFO - [2024-10-30T18:41:54.835+0000] {dagbag.py:545} INFO - Filling up the DagBag from /home/airflow/.local/lib/python3.12/site-packages/airflow/example_dags/example_bash_operator.py
[2024-10-30T18:41:54.867+0000] {processor.py:840} INFO - DAG(s) 'example_bash_operator' retrieved from /home/airflow/.local/lib/python3.12/site-packages/airflow/example_dags/example_bash_operator.py
[2024-10-30T18:41:54.978+0000] {logging_mixin.py:188} INFO - [2024-10-30T18:41:54.977+0000] {dag.py:3089} INFO - Sync 1 DAGs
[2024-10-30T18:41:55.062+0000] {logging_mixin.py:188} INFO - [2024-10-30T18:41:55.061+0000] {dag.py:3947} INFO - Setting next_dagrun for example_bash_operator to 2024-10-29 00:00:00+00:00, run_after=2024-10-30 00:00:00+00:00
[2024-10-30T18:41:55.124+0000] {processor.py:183} INFO - Processing /home/airflow/.local/lib/python3.12/site-packages/airflow/example_dags/example_bash_operator.py took 0.321 seconds
[2024-10-30T18:42:25.423+0000] {processor.py:161} INFO - Started process (PID=1843) to work on /home/airflow/.local/lib/python3.12/site-packages/airflow/example_dags/example_bash_operator.py
[2024-10-30T18:42:25.427+0000] {processor.py:830} INFO - Processing file /home/airflow/.local/lib/python3.12/site-packages/airflow/example_dags/example_bash_operator.py for tasks to queue
[2024-10-30T18:42:25.433+0000] {logging_mixin.py:188} INFO - [2024-10-30T18:42:25.431+0000] {dagbag.py:545} INFO - Filling up the DagBag from /home/airflow/.local/lib/python3.12/site-packages/airflow/example_dags/example_bash_operator.py
[2024-10-30T18:42:25.494+0000] {processor.py:840} INFO - DAG(s) 'example_bash_operator' retrieved from /home/airflow/.local/lib/python3.12/site-packages/airflow/example_dags/example_bash_operator.py
[2024-10-30T18:42:25.616+0000] {logging_mixin.py:188} INFO - [2024-10-30T18:42:25.614+0000] {dag.py:3089} INFO - Sync 1 DAGs
[2024-10-30T18:42:25.725+0000] {logging_mixin.py:188} INFO - [2024-10-30T18:42:25.724+0000] {dag.py:3947} INFO - Setting next_dagrun for example_bash_operator to 2024-10-29 00:00:00+00:00, run_after=2024-10-30 00:00:00+00:00
[2024-10-30T18:42:25.846+0000] {processor.py:183} INFO - Processing /home/airflow/.local/lib/python3.12/site-packages/airflow/example_dags/example_bash_operator.py took 0.449 seconds
[2024-10-30T18:42:56.528+0000] {processor.py:161} INFO - Started process (PID=1902) to work on /home/airflow/.local/lib/python3.12/site-packages/airflow/example_dags/example_bash_operator.py
[2024-10-30T18:42:56.534+0000] {processor.py:830} INFO - Processing file /home/airflow/.local/lib/python3.12/site-packages/airflow/example_dags/example_bash_operator.py for tasks to queue
[2024-10-30T18:42:56.572+0000] {logging_mixin.py:188} INFO - [2024-10-30T18:42:56.571+0000] {dagbag.py:545} INFO - Filling up the DagBag from /home/airflow/.local/lib/python3.12/site-packages/airflow/example_dags/example_bash_operator.py
[2024-10-30T18:42:56.611+0000] {processor.py:840} INFO - DAG(s) 'example_bash_operator' retrieved from /home/airflow/.local/lib/python3.12/site-packages/airflow/example_dags/example_bash_operator.py
[2024-10-30T18:42:56.827+0000] {logging_mixin.py:188} INFO - [2024-10-30T18:42:56.825+0000] {dag.py:3089} INFO - Sync 1 DAGs
[2024-10-30T18:42:56.927+0000] {logging_mixin.py:188} INFO - [2024-10-30T18:42:56.927+0000] {dag.py:3947} INFO - Setting next_dagrun for example_bash_operator to 2024-10-29 00:00:00+00:00, run_after=2024-10-30 00:00:00+00:00
[2024-10-30T18:42:56.982+0000] {processor.py:183} INFO - Processing /home/airflow/.local/lib/python3.12/site-packages/airflow/example_dags/example_bash_operator.py took 0.569 seconds
[2024-10-30T18:43:27.969+0000] {processor.py:161} INFO - Started process (PID=1966) to work on /home/airflow/.local/lib/python3.12/site-packages/airflow/example_dags/example_bash_operator.py
[2024-10-30T18:43:27.972+0000] {processor.py:830} INFO - Processing file /home/airflow/.local/lib/python3.12/site-packages/airflow/example_dags/example_bash_operator.py for tasks to queue
[2024-10-30T18:43:27.978+0000] {logging_mixin.py:188} INFO - [2024-10-30T18:43:27.976+0000] {dagbag.py:545} INFO - Filling up the DagBag from /home/airflow/.local/lib/python3.12/site-packages/airflow/example_dags/example_bash_operator.py
[2024-10-30T18:43:28.033+0000] {processor.py:840} INFO - DAG(s) 'example_bash_operator' retrieved from /home/airflow/.local/lib/python3.12/site-packages/airflow/example_dags/example_bash_operator.py
[2024-10-30T18:43:28.171+0000] {logging_mixin.py:188} INFO - [2024-10-30T18:43:28.170+0000] {dag.py:3089} INFO - Sync 1 DAGs
[2024-10-30T18:43:28.253+0000] {logging_mixin.py:188} INFO - [2024-10-30T18:43:28.251+0000] {dag.py:3947} INFO - Setting next_dagrun for example_bash_operator to 2024-10-29 00:00:00+00:00, run_after=2024-10-30 00:00:00+00:00
[2024-10-30T18:43:28.306+0000] {processor.py:183} INFO - Processing /home/airflow/.local/lib/python3.12/site-packages/airflow/example_dags/example_bash_operator.py took 0.361 seconds
[2024-10-30T18:43:58.840+0000] {processor.py:161} INFO - Started process (PID=2028) to work on /home/airflow/.local/lib/python3.12/site-packages/airflow/example_dags/example_bash_operator.py
[2024-10-30T18:43:58.845+0000] {processor.py:830} INFO - Processing file /home/airflow/.local/lib/python3.12/site-packages/airflow/example_dags/example_bash_operator.py for tasks to queue
[2024-10-30T18:43:58.851+0000] {logging_mixin.py:188} INFO - [2024-10-30T18:43:58.850+0000] {dagbag.py:545} INFO - Filling up the DagBag from /home/airflow/.local/lib/python3.12/site-packages/airflow/example_dags/example_bash_operator.py
[2024-10-30T18:43:58.880+0000] {processor.py:840} INFO - DAG(s) 'example_bash_operator' retrieved from /home/airflow/.local/lib/python3.12/site-packages/airflow/example_dags/example_bash_operator.py
[2024-10-30T18:43:58.975+0000] {logging_mixin.py:188} INFO - [2024-10-30T18:43:58.974+0000] {dag.py:3089} INFO - Sync 1 DAGs
[2024-10-30T18:43:59.042+0000] {logging_mixin.py:188} INFO - [2024-10-30T18:43:59.041+0000] {dag.py:3947} INFO - Setting next_dagrun for example_bash_operator to 2024-10-29 00:00:00+00:00, run_after=2024-10-30 00:00:00+00:00
[2024-10-30T18:43:59.085+0000] {processor.py:183} INFO - Processing /home/airflow/.local/lib/python3.12/site-packages/airflow/example_dags/example_bash_operator.py took 0.277 seconds
[2024-10-30T18:44:30.349+0000] {processor.py:161} INFO - Started process (PID=2088) to work on /home/airflow/.local/lib/python3.12/site-packages/airflow/example_dags/example_bash_operator.py
[2024-10-30T18:44:30.352+0000] {processor.py:830} INFO - Processing file /home/airflow/.local/lib/python3.12/site-packages/airflow/example_dags/example_bash_operator.py for tasks to queue
[2024-10-30T18:44:30.356+0000] {logging_mixin.py:188} INFO - [2024-10-30T18:44:30.355+0000] {dagbag.py:545} INFO - Filling up the DagBag from /home/airflow/.local/lib/python3.12/site-packages/airflow/example_dags/example_bash_operator.py
[2024-10-30T18:44:30.383+0000] {processor.py:840} INFO - DAG(s) 'example_bash_operator' retrieved from /home/airflow/.local/lib/python3.12/site-packages/airflow/example_dags/example_bash_operator.py
[2024-10-30T18:44:30.480+0000] {logging_mixin.py:188} INFO - [2024-10-30T18:44:30.480+0000] {dag.py:3089} INFO - Sync 1 DAGs
[2024-10-30T18:44:30.552+0000] {logging_mixin.py:188} INFO - [2024-10-30T18:44:30.551+0000] {dag.py:3947} INFO - Setting next_dagrun for example_bash_operator to 2024-10-29 00:00:00+00:00, run_after=2024-10-30 00:00:00+00:00
[2024-10-30T18:44:30.616+0000] {processor.py:183} INFO - Processing /home/airflow/.local/lib/python3.12/site-packages/airflow/example_dags/example_bash_operator.py took 0.282 seconds
[2024-10-30T18:45:00.733+0000] {processor.py:161} INFO - Started process (PID=2149) to work on /home/airflow/.local/lib/python3.12/site-packages/airflow/example_dags/example_bash_operator.py
[2024-10-30T18:45:00.735+0000] {processor.py:830} INFO - Processing file /home/airflow/.local/lib/python3.12/site-packages/airflow/example_dags/example_bash_operator.py for tasks to queue
[2024-10-30T18:45:00.742+0000] {logging_mixin.py:188} INFO - [2024-10-30T18:45:00.740+0000] {dagbag.py:545} INFO - Filling up the DagBag from /home/airflow/.local/lib/python3.12/site-packages/airflow/example_dags/example_bash_operator.py
[2024-10-30T18:45:00.768+0000] {processor.py:840} INFO - DAG(s) 'example_bash_operator' retrieved from /home/airflow/.local/lib/python3.12/site-packages/airflow/example_dags/example_bash_operator.py
[2024-10-30T18:45:00.859+0000] {logging_mixin.py:188} INFO - [2024-10-30T18:45:00.859+0000] {dag.py:3089} INFO - Sync 1 DAGs
[2024-10-30T18:45:00.926+0000] {logging_mixin.py:188} INFO - [2024-10-30T18:45:00.924+0000] {dag.py:3947} INFO - Setting next_dagrun for example_bash_operator to 2024-10-29 00:00:00+00:00, run_after=2024-10-30 00:00:00+00:00
[2024-10-30T18:45:00.998+0000] {processor.py:183} INFO - Processing /home/airflow/.local/lib/python3.12/site-packages/airflow/example_dags/example_bash_operator.py took 0.280 seconds
[2024-10-30T18:45:32.604+0000] {processor.py:161} INFO - Started process (PID=2206) to work on /home/airflow/.local/lib/python3.12/site-packages/airflow/example_dags/example_bash_operator.py
[2024-10-30T18:45:32.624+0000] {processor.py:830} INFO - Processing file /home/airflow/.local/lib/python3.12/site-packages/airflow/example_dags/example_bash_operator.py for tasks to queue
[2024-10-30T18:45:32.647+0000] {logging_mixin.py:188} INFO - [2024-10-30T18:45:32.628+0000] {dagbag.py:545} INFO - Filling up the DagBag from /home/airflow/.local/lib/python3.12/site-packages/airflow/example_dags/example_bash_operator.py
[2024-10-30T18:45:32.756+0000] {processor.py:840} INFO - DAG(s) 'example_bash_operator' retrieved from /home/airflow/.local/lib/python3.12/site-packages/airflow/example_dags/example_bash_operator.py
[2024-10-30T18:45:32.960+0000] {logging_mixin.py:188} INFO - [2024-10-30T18:45:32.960+0000] {dag.py:3089} INFO - Sync 1 DAGs
[2024-10-30T18:45:33.105+0000] {logging_mixin.py:188} INFO - [2024-10-30T18:45:33.103+0000] {dag.py:3947} INFO - Setting next_dagrun for example_bash_operator to 2024-10-29 00:00:00+00:00, run_after=2024-10-30 00:00:00+00:00
[2024-10-30T18:45:33.600+0000] {processor.py:183} INFO - Processing /home/airflow/.local/lib/python3.12/site-packages/airflow/example_dags/example_bash_operator.py took 1.088 seconds
[2024-10-30T18:47:29.021+0000] {processor.py:161} INFO - Started process (PID=2297) to work on /home/airflow/.local/lib/python3.12/site-packages/airflow/example_dags/example_bash_operator.py
[2024-10-30T18:47:29.047+0000] {processor.py:830} INFO - Processing file /home/airflow/.local/lib/python3.12/site-packages/airflow/example_dags/example_bash_operator.py for tasks to queue
[2024-10-30T18:47:29.062+0000] {logging_mixin.py:188} INFO - [2024-10-30T18:47:29.049+0000] {dagbag.py:545} INFO - Filling up the DagBag from /home/airflow/.local/lib/python3.12/site-packages/airflow/example_dags/example_bash_operator.py
[2024-10-30T18:47:29.377+0000] {processor.py:840} INFO - DAG(s) 'example_bash_operator' retrieved from /home/airflow/.local/lib/python3.12/site-packages/airflow/example_dags/example_bash_operator.py
[2024-10-30T18:47:30.132+0000] {logging_mixin.py:188} INFO - [2024-10-30T18:47:30.131+0000] {dag.py:3089} INFO - Sync 1 DAGs
[2024-10-30T18:47:31.159+0000] {logging_mixin.py:188} INFO - [2024-10-30T18:47:31.159+0000] {dag.py:3947} INFO - Setting next_dagrun for example_bash_operator to 2024-10-29 00:00:00+00:00, run_after=2024-10-30 00:00:00+00:00
[2024-10-30T18:47:31.726+0000] {processor.py:183} INFO - Processing /home/airflow/.local/lib/python3.12/site-packages/airflow/example_dags/example_bash_operator.py took 2.880 seconds
[2024-10-30T18:48:25.482+0000] {processor.py:161} INFO - Started process (PID=2375) to work on /home/airflow/.local/lib/python3.12/site-packages/airflow/example_dags/example_bash_operator.py
[2024-10-30T18:48:25.486+0000] {processor.py:830} INFO - Processing file /home/airflow/.local/lib/python3.12/site-packages/airflow/example_dags/example_bash_operator.py for tasks to queue
[2024-10-30T18:48:25.490+0000] {logging_mixin.py:188} INFO - [2024-10-30T18:48:25.488+0000] {dagbag.py:545} INFO - Filling up the DagBag from /home/airflow/.local/lib/python3.12/site-packages/airflow/example_dags/example_bash_operator.py
[2024-10-30T18:48:25.540+0000] {processor.py:840} INFO - DAG(s) 'example_bash_operator' retrieved from /home/airflow/.local/lib/python3.12/site-packages/airflow/example_dags/example_bash_operator.py
[2024-10-30T18:48:25.672+0000] {logging_mixin.py:188} INFO - [2024-10-30T18:48:25.671+0000] {dag.py:3089} INFO - Sync 1 DAGs
[2024-10-30T18:48:25.892+0000] {logging_mixin.py:188} INFO - [2024-10-30T18:48:25.892+0000] {dag.py:3947} INFO - Setting next_dagrun for example_bash_operator to 2024-10-29 00:00:00+00:00, run_after=2024-10-30 00:00:00+00:00
[2024-10-30T18:48:26.042+0000] {processor.py:183} INFO - Processing /home/airflow/.local/lib/python3.12/site-packages/airflow/example_dags/example_bash_operator.py took 0.580 seconds
[2024-10-30T18:48:59.359+0000] {processor.py:161} INFO - Started process (PID=2435) to work on /home/airflow/.local/lib/python3.12/site-packages/airflow/example_dags/example_bash_operator.py
[2024-10-30T18:48:59.364+0000] {processor.py:830} INFO - Processing file /home/airflow/.local/lib/python3.12/site-packages/airflow/example_dags/example_bash_operator.py for tasks to queue
[2024-10-30T18:48:59.367+0000] {logging_mixin.py:188} INFO - [2024-10-30T18:48:59.366+0000] {dagbag.py:545} INFO - Filling up the DagBag from /home/airflow/.local/lib/python3.12/site-packages/airflow/example_dags/example_bash_operator.py
[2024-10-30T18:48:59.410+0000] {processor.py:840} INFO - DAG(s) 'example_bash_operator' retrieved from /home/airflow/.local/lib/python3.12/site-packages/airflow/example_dags/example_bash_operator.py
[2024-10-30T18:48:59.664+0000] {logging_mixin.py:188} INFO - [2024-10-30T18:48:59.664+0000] {dag.py:3089} INFO - Sync 1 DAGs
[2024-10-30T18:48:59.775+0000] {logging_mixin.py:188} INFO - [2024-10-30T18:48:59.775+0000] {dag.py:3947} INFO - Setting next_dagrun for example_bash_operator to 2024-10-29 00:00:00+00:00, run_after=2024-10-30 00:00:00+00:00
[2024-10-30T18:48:59.842+0000] {processor.py:183} INFO - Processing /home/airflow/.local/lib/python3.12/site-packages/airflow/example_dags/example_bash_operator.py took 0.498 seconds
