[2024-10-30T18:26:10.061+0000] {processor.py:161} INFO - Started process (PID=62) to work on /home/airflow/.local/lib/python3.12/site-packages/airflow/example_dags/example_task_group.py
[2024-10-30T18:26:10.064+0000] {processor.py:830} INFO - Processing file /home/airflow/.local/lib/python3.12/site-packages/airflow/example_dags/example_task_group.py for tasks to queue
[2024-10-30T18:26:10.070+0000] {logging_mixin.py:188} INFO - [2024-10-30T18:26:10.069+0000] {dagbag.py:545} INFO - Filling up the DagBag from /home/airflow/.local/lib/python3.12/site-packages/airflow/example_dags/example_task_group.py
[2024-10-30T18:26:10.097+0000] {processor.py:840} INFO - DAG(s) 'example_task_group' retrieved from /home/airflow/.local/lib/python3.12/site-packages/airflow/example_dags/example_task_group.py
[2024-10-30T18:26:11.441+0000] {logging_mixin.py:188} INFO - [2024-10-30T18:26:11.438+0000] {override.py:1858} INFO - Created Permission View: can read on DAG:example_task_group
[2024-10-30T18:26:11.487+0000] {logging_mixin.py:188} INFO - [2024-10-30T18:26:11.486+0000] {override.py:1858} INFO - Created Permission View: can edit on DAG:example_task_group
[2024-10-30T18:26:11.598+0000] {logging_mixin.py:188} INFO - [2024-10-30T18:26:11.597+0000] {override.py:1858} INFO - Created Permission View: can delete on DAG:example_task_group
[2024-10-30T18:26:11.601+0000] {logging_mixin.py:188} INFO - [2024-10-30T18:26:11.600+0000] {dag.py:3089} INFO - Sync 1 DAGs
[2024-10-30T18:26:11.648+0000] {logging_mixin.py:188} INFO - [2024-10-30T18:26:11.648+0000] {dag.py:3111} INFO - Creating ORM DAG for example_task_group
[2024-10-30T18:26:11.696+0000] {logging_mixin.py:188} INFO - [2024-10-30T18:26:11.695+0000] {dag.py:3947} INFO - Setting next_dagrun for example_task_group to 2024-10-29 00:00:00+00:00, run_after=2024-10-30 00:00:00+00:00
[2024-10-30T18:26:11.766+0000] {processor.py:183} INFO - Processing /home/airflow/.local/lib/python3.12/site-packages/airflow/example_dags/example_task_group.py took 1.733 seconds
[2024-10-30T18:27:36.911+0000] {processor.py:161} INFO - Started process (PID=129) to work on /home/airflow/.local/lib/python3.12/site-packages/airflow/example_dags/example_task_group.py
[2024-10-30T18:27:36.923+0000] {processor.py:830} INFO - Processing file /home/airflow/.local/lib/python3.12/site-packages/airflow/example_dags/example_task_group.py for tasks to queue
[2024-10-30T18:27:36.933+0000] {logging_mixin.py:188} INFO - [2024-10-30T18:27:36.930+0000] {dagbag.py:545} INFO - Filling up the DagBag from /home/airflow/.local/lib/python3.12/site-packages/airflow/example_dags/example_task_group.py
[2024-10-30T18:27:36.993+0000] {processor.py:840} INFO - DAG(s) 'example_task_group' retrieved from /home/airflow/.local/lib/python3.12/site-packages/airflow/example_dags/example_task_group.py
[2024-10-30T18:27:37.155+0000] {logging_mixin.py:188} INFO - [2024-10-30T18:27:37.155+0000] {dag.py:3089} INFO - Sync 1 DAGs
[2024-10-30T18:27:37.277+0000] {logging_mixin.py:188} INFO - [2024-10-30T18:27:37.276+0000] {dag.py:3947} INFO - Setting next_dagrun for example_task_group to 2024-10-29 00:00:00+00:00, run_after=2024-10-30 00:00:00+00:00
[2024-10-30T18:27:37.431+0000] {processor.py:183} INFO - Processing /home/airflow/.local/lib/python3.12/site-packages/airflow/example_dags/example_task_group.py took 0.562 seconds
[2024-10-30T18:28:08.343+0000] {processor.py:161} INFO - Started process (PID=189) to work on /home/airflow/.local/lib/python3.12/site-packages/airflow/example_dags/example_task_group.py
[2024-10-30T18:28:08.346+0000] {processor.py:830} INFO - Processing file /home/airflow/.local/lib/python3.12/site-packages/airflow/example_dags/example_task_group.py for tasks to queue
[2024-10-30T18:28:08.351+0000] {logging_mixin.py:188} INFO - [2024-10-30T18:28:08.350+0000] {dagbag.py:545} INFO - Filling up the DagBag from /home/airflow/.local/lib/python3.12/site-packages/airflow/example_dags/example_task_group.py
[2024-10-30T18:28:08.372+0000] {processor.py:840} INFO - DAG(s) 'example_task_group' retrieved from /home/airflow/.local/lib/python3.12/site-packages/airflow/example_dags/example_task_group.py
[2024-10-30T18:28:08.452+0000] {logging_mixin.py:188} INFO - [2024-10-30T18:28:08.452+0000] {dag.py:3089} INFO - Sync 1 DAGs
[2024-10-30T18:28:08.563+0000] {logging_mixin.py:188} INFO - [2024-10-30T18:28:08.562+0000] {dag.py:3947} INFO - Setting next_dagrun for example_task_group to 2024-10-29 00:00:00+00:00, run_after=2024-10-30 00:00:00+00:00
[2024-10-30T18:28:08.740+0000] {processor.py:183} INFO - Processing /home/airflow/.local/lib/python3.12/site-packages/airflow/example_dags/example_task_group.py took 0.421 seconds
[2024-10-30T18:28:41.872+0000] {processor.py:161} INFO - Started process (PID=254) to work on /home/airflow/.local/lib/python3.12/site-packages/airflow/example_dags/example_task_group.py
[2024-10-30T18:28:41.874+0000] {processor.py:830} INFO - Processing file /home/airflow/.local/lib/python3.12/site-packages/airflow/example_dags/example_task_group.py for tasks to queue
[2024-10-30T18:28:41.878+0000] {logging_mixin.py:188} INFO - [2024-10-30T18:28:41.877+0000] {dagbag.py:545} INFO - Filling up the DagBag from /home/airflow/.local/lib/python3.12/site-packages/airflow/example_dags/example_task_group.py
[2024-10-30T18:28:41.893+0000] {processor.py:840} INFO - DAG(s) 'example_task_group' retrieved from /home/airflow/.local/lib/python3.12/site-packages/airflow/example_dags/example_task_group.py
[2024-10-30T18:28:41.948+0000] {logging_mixin.py:188} INFO - [2024-10-30T18:28:41.947+0000] {dag.py:3089} INFO - Sync 1 DAGs
[2024-10-30T18:28:42.017+0000] {logging_mixin.py:188} INFO - [2024-10-30T18:28:42.017+0000] {dag.py:3947} INFO - Setting next_dagrun for example_task_group to 2024-10-29 00:00:00+00:00, run_after=2024-10-30 00:00:00+00:00
[2024-10-30T18:28:42.069+0000] {processor.py:183} INFO - Processing /home/airflow/.local/lib/python3.12/site-packages/airflow/example_dags/example_task_group.py took 0.210 seconds
[2024-10-30T18:29:15.771+0000] {processor.py:161} INFO - Started process (PID=314) to work on /home/airflow/.local/lib/python3.12/site-packages/airflow/example_dags/example_task_group.py
[2024-10-30T18:29:15.775+0000] {processor.py:830} INFO - Processing file /home/airflow/.local/lib/python3.12/site-packages/airflow/example_dags/example_task_group.py for tasks to queue
[2024-10-30T18:29:15.782+0000] {logging_mixin.py:188} INFO - [2024-10-30T18:29:15.780+0000] {dagbag.py:545} INFO - Filling up the DagBag from /home/airflow/.local/lib/python3.12/site-packages/airflow/example_dags/example_task_group.py
[2024-10-30T18:29:15.810+0000] {processor.py:840} INFO - DAG(s) 'example_task_group' retrieved from /home/airflow/.local/lib/python3.12/site-packages/airflow/example_dags/example_task_group.py
[2024-10-30T18:29:15.894+0000] {logging_mixin.py:188} INFO - [2024-10-30T18:29:15.894+0000] {dag.py:3089} INFO - Sync 1 DAGs
[2024-10-30T18:29:16.021+0000] {logging_mixin.py:188} INFO - [2024-10-30T18:29:16.021+0000] {dag.py:3947} INFO - Setting next_dagrun for example_task_group to 2024-10-29 00:00:00+00:00, run_after=2024-10-30 00:00:00+00:00
[2024-10-30T18:29:16.168+0000] {processor.py:183} INFO - Processing /home/airflow/.local/lib/python3.12/site-packages/airflow/example_dags/example_task_group.py took 0.420 seconds
[2024-10-30T18:29:46.418+0000] {processor.py:161} INFO - Started process (PID=374) to work on /home/airflow/.local/lib/python3.12/site-packages/airflow/example_dags/example_task_group.py
[2024-10-30T18:29:46.421+0000] {processor.py:830} INFO - Processing file /home/airflow/.local/lib/python3.12/site-packages/airflow/example_dags/example_task_group.py for tasks to queue
[2024-10-30T18:29:46.426+0000] {logging_mixin.py:188} INFO - [2024-10-30T18:29:46.425+0000] {dagbag.py:545} INFO - Filling up the DagBag from /home/airflow/.local/lib/python3.12/site-packages/airflow/example_dags/example_task_group.py
[2024-10-30T18:29:46.445+0000] {processor.py:840} INFO - DAG(s) 'example_task_group' retrieved from /home/airflow/.local/lib/python3.12/site-packages/airflow/example_dags/example_task_group.py
[2024-10-30T18:29:46.523+0000] {logging_mixin.py:188} INFO - [2024-10-30T18:29:46.522+0000] {dag.py:3089} INFO - Sync 1 DAGs
[2024-10-30T18:29:46.610+0000] {logging_mixin.py:188} INFO - [2024-10-30T18:29:46.609+0000] {dag.py:3947} INFO - Setting next_dagrun for example_task_group to 2024-10-29 00:00:00+00:00, run_after=2024-10-30 00:00:00+00:00
[2024-10-30T18:29:46.687+0000] {processor.py:183} INFO - Processing /home/airflow/.local/lib/python3.12/site-packages/airflow/example_dags/example_task_group.py took 0.287 seconds
[2024-10-30T18:30:18.856+0000] {processor.py:161} INFO - Started process (PID=433) to work on /home/airflow/.local/lib/python3.12/site-packages/airflow/example_dags/example_task_group.py
[2024-10-30T18:30:18.861+0000] {processor.py:830} INFO - Processing file /home/airflow/.local/lib/python3.12/site-packages/airflow/example_dags/example_task_group.py for tasks to queue
[2024-10-30T18:30:18.871+0000] {logging_mixin.py:188} INFO - [2024-10-30T18:30:18.870+0000] {dagbag.py:545} INFO - Filling up the DagBag from /home/airflow/.local/lib/python3.12/site-packages/airflow/example_dags/example_task_group.py
[2024-10-30T18:30:18.891+0000] {processor.py:840} INFO - DAG(s) 'example_task_group' retrieved from /home/airflow/.local/lib/python3.12/site-packages/airflow/example_dags/example_task_group.py
[2024-10-30T18:30:18.970+0000] {logging_mixin.py:188} INFO - [2024-10-30T18:30:18.969+0000] {dag.py:3089} INFO - Sync 1 DAGs
[2024-10-30T18:30:19.044+0000] {logging_mixin.py:188} INFO - [2024-10-30T18:30:19.043+0000] {dag.py:3947} INFO - Setting next_dagrun for example_task_group to 2024-10-29 00:00:00+00:00, run_after=2024-10-30 00:00:00+00:00
[2024-10-30T18:30:19.109+0000] {processor.py:183} INFO - Processing /home/airflow/.local/lib/python3.12/site-packages/airflow/example_dags/example_task_group.py took 0.269 seconds
[2024-10-30T18:30:50.594+0000] {processor.py:161} INFO - Started process (PID=490) to work on /home/airflow/.local/lib/python3.12/site-packages/airflow/example_dags/example_task_group.py
[2024-10-30T18:30:50.599+0000] {processor.py:830} INFO - Processing file /home/airflow/.local/lib/python3.12/site-packages/airflow/example_dags/example_task_group.py for tasks to queue
[2024-10-30T18:30:50.610+0000] {logging_mixin.py:188} INFO - [2024-10-30T18:30:50.608+0000] {dagbag.py:545} INFO - Filling up the DagBag from /home/airflow/.local/lib/python3.12/site-packages/airflow/example_dags/example_task_group.py
[2024-10-30T18:30:50.644+0000] {processor.py:840} INFO - DAG(s) 'example_task_group' retrieved from /home/airflow/.local/lib/python3.12/site-packages/airflow/example_dags/example_task_group.py
[2024-10-30T18:30:50.738+0000] {logging_mixin.py:188} INFO - [2024-10-30T18:30:50.737+0000] {dag.py:3089} INFO - Sync 1 DAGs
[2024-10-30T18:30:50.833+0000] {logging_mixin.py:188} INFO - [2024-10-30T18:30:50.832+0000] {dag.py:3947} INFO - Setting next_dagrun for example_task_group to 2024-10-29 00:00:00+00:00, run_after=2024-10-30 00:00:00+00:00
[2024-10-30T18:30:50.921+0000] {processor.py:183} INFO - Processing /home/airflow/.local/lib/python3.12/site-packages/airflow/example_dags/example_task_group.py took 0.359 seconds
[2024-10-30T18:31:24.224+0000] {processor.py:161} INFO - Started process (PID=550) to work on /home/airflow/.local/lib/python3.12/site-packages/airflow/example_dags/example_task_group.py
[2024-10-30T18:31:24.228+0000] {processor.py:830} INFO - Processing file /home/airflow/.local/lib/python3.12/site-packages/airflow/example_dags/example_task_group.py for tasks to queue
[2024-10-30T18:31:24.234+0000] {logging_mixin.py:188} INFO - [2024-10-30T18:31:24.233+0000] {dagbag.py:545} INFO - Filling up the DagBag from /home/airflow/.local/lib/python3.12/site-packages/airflow/example_dags/example_task_group.py
[2024-10-30T18:31:24.263+0000] {processor.py:840} INFO - DAG(s) 'example_task_group' retrieved from /home/airflow/.local/lib/python3.12/site-packages/airflow/example_dags/example_task_group.py
[2024-10-30T18:31:24.352+0000] {logging_mixin.py:188} INFO - [2024-10-30T18:31:24.352+0000] {dag.py:3089} INFO - Sync 1 DAGs
[2024-10-30T18:31:24.442+0000] {logging_mixin.py:188} INFO - [2024-10-30T18:31:24.441+0000] {dag.py:3947} INFO - Setting next_dagrun for example_task_group to 2024-10-29 00:00:00+00:00, run_after=2024-10-30 00:00:00+00:00
[2024-10-30T18:31:24.523+0000] {processor.py:183} INFO - Processing /home/airflow/.local/lib/python3.12/site-packages/airflow/example_dags/example_task_group.py took 0.321 seconds
[2024-10-30T18:31:54.643+0000] {processor.py:161} INFO - Started process (PID=608) to work on /home/airflow/.local/lib/python3.12/site-packages/airflow/example_dags/example_task_group.py
[2024-10-30T18:31:54.646+0000] {processor.py:830} INFO - Processing file /home/airflow/.local/lib/python3.12/site-packages/airflow/example_dags/example_task_group.py for tasks to queue
[2024-10-30T18:31:54.651+0000] {logging_mixin.py:188} INFO - [2024-10-30T18:31:54.650+0000] {dagbag.py:545} INFO - Filling up the DagBag from /home/airflow/.local/lib/python3.12/site-packages/airflow/example_dags/example_task_group.py
[2024-10-30T18:31:54.667+0000] {processor.py:840} INFO - DAG(s) 'example_task_group' retrieved from /home/airflow/.local/lib/python3.12/site-packages/airflow/example_dags/example_task_group.py
[2024-10-30T18:31:54.716+0000] {logging_mixin.py:188} INFO - [2024-10-30T18:31:54.716+0000] {dag.py:3089} INFO - Sync 1 DAGs
[2024-10-30T18:31:54.764+0000] {logging_mixin.py:188} INFO - [2024-10-30T18:31:54.764+0000] {dag.py:3947} INFO - Setting next_dagrun for example_task_group to 2024-10-29 00:00:00+00:00, run_after=2024-10-30 00:00:00+00:00
[2024-10-30T18:31:54.813+0000] {processor.py:183} INFO - Processing /home/airflow/.local/lib/python3.12/site-packages/airflow/example_dags/example_task_group.py took 0.183 seconds
[2024-10-30T18:32:25.718+0000] {processor.py:161} INFO - Started process (PID=668) to work on /home/airflow/.local/lib/python3.12/site-packages/airflow/example_dags/example_task_group.py
[2024-10-30T18:32:25.722+0000] {processor.py:830} INFO - Processing file /home/airflow/.local/lib/python3.12/site-packages/airflow/example_dags/example_task_group.py for tasks to queue
[2024-10-30T18:32:25.727+0000] {logging_mixin.py:188} INFO - [2024-10-30T18:32:25.726+0000] {dagbag.py:545} INFO - Filling up the DagBag from /home/airflow/.local/lib/python3.12/site-packages/airflow/example_dags/example_task_group.py
[2024-10-30T18:32:25.748+0000] {processor.py:840} INFO - DAG(s) 'example_task_group' retrieved from /home/airflow/.local/lib/python3.12/site-packages/airflow/example_dags/example_task_group.py
[2024-10-30T18:32:25.823+0000] {logging_mixin.py:188} INFO - [2024-10-30T18:32:25.822+0000] {dag.py:3089} INFO - Sync 1 DAGs
[2024-10-30T18:32:25.926+0000] {logging_mixin.py:188} INFO - [2024-10-30T18:32:25.926+0000] {dag.py:3947} INFO - Setting next_dagrun for example_task_group to 2024-10-29 00:00:00+00:00, run_after=2024-10-30 00:00:00+00:00
[2024-10-30T18:32:26.006+0000] {processor.py:183} INFO - Processing /home/airflow/.local/lib/python3.12/site-packages/airflow/example_dags/example_task_group.py took 0.307 seconds
[2024-10-30T18:32:56.326+0000] {processor.py:161} INFO - Started process (PID=729) to work on /home/airflow/.local/lib/python3.12/site-packages/airflow/example_dags/example_task_group.py
[2024-10-30T18:32:56.329+0000] {processor.py:830} INFO - Processing file /home/airflow/.local/lib/python3.12/site-packages/airflow/example_dags/example_task_group.py for tasks to queue
[2024-10-30T18:32:56.334+0000] {logging_mixin.py:188} INFO - [2024-10-30T18:32:56.334+0000] {dagbag.py:545} INFO - Filling up the DagBag from /home/airflow/.local/lib/python3.12/site-packages/airflow/example_dags/example_task_group.py
[2024-10-30T18:32:56.355+0000] {processor.py:840} INFO - DAG(s) 'example_task_group' retrieved from /home/airflow/.local/lib/python3.12/site-packages/airflow/example_dags/example_task_group.py
[2024-10-30T18:32:56.439+0000] {logging_mixin.py:188} INFO - [2024-10-30T18:32:56.439+0000] {dag.py:3089} INFO - Sync 1 DAGs
[2024-10-30T18:32:56.504+0000] {logging_mixin.py:188} INFO - [2024-10-30T18:32:56.504+0000] {dag.py:3947} INFO - Setting next_dagrun for example_task_group to 2024-10-29 00:00:00+00:00, run_after=2024-10-30 00:00:00+00:00
[2024-10-30T18:32:56.569+0000] {processor.py:183} INFO - Processing /home/airflow/.local/lib/python3.12/site-packages/airflow/example_dags/example_task_group.py took 0.258 seconds
[2024-10-30T18:33:26.898+0000] {processor.py:161} INFO - Started process (PID=789) to work on /home/airflow/.local/lib/python3.12/site-packages/airflow/example_dags/example_task_group.py
[2024-10-30T18:33:26.901+0000] {processor.py:830} INFO - Processing file /home/airflow/.local/lib/python3.12/site-packages/airflow/example_dags/example_task_group.py for tasks to queue
[2024-10-30T18:33:26.905+0000] {logging_mixin.py:188} INFO - [2024-10-30T18:33:26.904+0000] {dagbag.py:545} INFO - Filling up the DagBag from /home/airflow/.local/lib/python3.12/site-packages/airflow/example_dags/example_task_group.py
[2024-10-30T18:33:26.921+0000] {processor.py:840} INFO - DAG(s) 'example_task_group' retrieved from /home/airflow/.local/lib/python3.12/site-packages/airflow/example_dags/example_task_group.py
[2024-10-30T18:33:26.972+0000] {logging_mixin.py:188} INFO - [2024-10-30T18:33:26.971+0000] {dag.py:3089} INFO - Sync 1 DAGs
[2024-10-30T18:33:27.017+0000] {logging_mixin.py:188} INFO - [2024-10-30T18:33:27.016+0000] {dag.py:3947} INFO - Setting next_dagrun for example_task_group to 2024-10-29 00:00:00+00:00, run_after=2024-10-30 00:00:00+00:00
[2024-10-30T18:33:27.057+0000] {processor.py:183} INFO - Processing /home/airflow/.local/lib/python3.12/site-packages/airflow/example_dags/example_task_group.py took 0.193 seconds
[2024-10-30T18:33:57.689+0000] {processor.py:161} INFO - Started process (PID=850) to work on /home/airflow/.local/lib/python3.12/site-packages/airflow/example_dags/example_task_group.py
[2024-10-30T18:33:57.692+0000] {processor.py:830} INFO - Processing file /home/airflow/.local/lib/python3.12/site-packages/airflow/example_dags/example_task_group.py for tasks to queue
[2024-10-30T18:33:57.696+0000] {logging_mixin.py:188} INFO - [2024-10-30T18:33:57.696+0000] {dagbag.py:545} INFO - Filling up the DagBag from /home/airflow/.local/lib/python3.12/site-packages/airflow/example_dags/example_task_group.py
[2024-10-30T18:33:57.724+0000] {processor.py:840} INFO - DAG(s) 'example_task_group' retrieved from /home/airflow/.local/lib/python3.12/site-packages/airflow/example_dags/example_task_group.py
[2024-10-30T18:33:57.785+0000] {logging_mixin.py:188} INFO - [2024-10-30T18:33:57.784+0000] {dag.py:3089} INFO - Sync 1 DAGs
[2024-10-30T18:33:57.851+0000] {logging_mixin.py:188} INFO - [2024-10-30T18:33:57.849+0000] {dag.py:3947} INFO - Setting next_dagrun for example_task_group to 2024-10-29 00:00:00+00:00, run_after=2024-10-30 00:00:00+00:00
[2024-10-30T18:33:57.897+0000] {processor.py:183} INFO - Processing /home/airflow/.local/lib/python3.12/site-packages/airflow/example_dags/example_task_group.py took 0.222 seconds
[2024-10-30T18:34:28.234+0000] {processor.py:161} INFO - Started process (PID=910) to work on /home/airflow/.local/lib/python3.12/site-packages/airflow/example_dags/example_task_group.py
[2024-10-30T18:34:28.236+0000] {processor.py:830} INFO - Processing file /home/airflow/.local/lib/python3.12/site-packages/airflow/example_dags/example_task_group.py for tasks to queue
[2024-10-30T18:34:28.242+0000] {logging_mixin.py:188} INFO - [2024-10-30T18:34:28.240+0000] {dagbag.py:545} INFO - Filling up the DagBag from /home/airflow/.local/lib/python3.12/site-packages/airflow/example_dags/example_task_group.py
[2024-10-30T18:34:28.263+0000] {processor.py:840} INFO - DAG(s) 'example_task_group' retrieved from /home/airflow/.local/lib/python3.12/site-packages/airflow/example_dags/example_task_group.py
[2024-10-30T18:34:28.325+0000] {logging_mixin.py:188} INFO - [2024-10-30T18:34:28.324+0000] {dag.py:3089} INFO - Sync 1 DAGs
[2024-10-30T18:34:28.386+0000] {logging_mixin.py:188} INFO - [2024-10-30T18:34:28.386+0000] {dag.py:3947} INFO - Setting next_dagrun for example_task_group to 2024-10-29 00:00:00+00:00, run_after=2024-10-30 00:00:00+00:00
[2024-10-30T18:34:28.444+0000] {processor.py:183} INFO - Processing /home/airflow/.local/lib/python3.12/site-packages/airflow/example_dags/example_task_group.py took 0.227 seconds
[2024-10-30T18:34:58.724+0000] {processor.py:161} INFO - Started process (PID=970) to work on /home/airflow/.local/lib/python3.12/site-packages/airflow/example_dags/example_task_group.py
[2024-10-30T18:34:58.726+0000] {processor.py:830} INFO - Processing file /home/airflow/.local/lib/python3.12/site-packages/airflow/example_dags/example_task_group.py for tasks to queue
[2024-10-30T18:34:58.731+0000] {logging_mixin.py:188} INFO - [2024-10-30T18:34:58.730+0000] {dagbag.py:545} INFO - Filling up the DagBag from /home/airflow/.local/lib/python3.12/site-packages/airflow/example_dags/example_task_group.py
[2024-10-30T18:34:58.748+0000] {processor.py:840} INFO - DAG(s) 'example_task_group' retrieved from /home/airflow/.local/lib/python3.12/site-packages/airflow/example_dags/example_task_group.py
[2024-10-30T18:34:58.812+0000] {logging_mixin.py:188} INFO - [2024-10-30T18:34:58.812+0000] {dag.py:3089} INFO - Sync 1 DAGs
[2024-10-30T18:34:58.870+0000] {logging_mixin.py:188} INFO - [2024-10-30T18:34:58.869+0000] {dag.py:3947} INFO - Setting next_dagrun for example_task_group to 2024-10-29 00:00:00+00:00, run_after=2024-10-30 00:00:00+00:00
[2024-10-30T18:34:58.918+0000] {processor.py:183} INFO - Processing /home/airflow/.local/lib/python3.12/site-packages/airflow/example_dags/example_task_group.py took 0.209 seconds
[2024-10-30T18:35:29.106+0000] {processor.py:161} INFO - Started process (PID=1030) to work on /home/airflow/.local/lib/python3.12/site-packages/airflow/example_dags/example_task_group.py
[2024-10-30T18:35:29.108+0000] {processor.py:830} INFO - Processing file /home/airflow/.local/lib/python3.12/site-packages/airflow/example_dags/example_task_group.py for tasks to queue
[2024-10-30T18:35:29.114+0000] {logging_mixin.py:188} INFO - [2024-10-30T18:35:29.114+0000] {dagbag.py:545} INFO - Filling up the DagBag from /home/airflow/.local/lib/python3.12/site-packages/airflow/example_dags/example_task_group.py
[2024-10-30T18:35:29.136+0000] {processor.py:840} INFO - DAG(s) 'example_task_group' retrieved from /home/airflow/.local/lib/python3.12/site-packages/airflow/example_dags/example_task_group.py
[2024-10-30T18:35:29.188+0000] {logging_mixin.py:188} INFO - [2024-10-30T18:35:29.188+0000] {dag.py:3089} INFO - Sync 1 DAGs
[2024-10-30T18:35:29.283+0000] {logging_mixin.py:188} INFO - [2024-10-30T18:35:29.283+0000] {dag.py:3947} INFO - Setting next_dagrun for example_task_group to 2024-10-29 00:00:00+00:00, run_after=2024-10-30 00:00:00+00:00
[2024-10-30T18:35:29.334+0000] {processor.py:183} INFO - Processing /home/airflow/.local/lib/python3.12/site-packages/airflow/example_dags/example_task_group.py took 0.247 seconds
[2024-10-30T18:35:59.842+0000] {processor.py:161} INFO - Started process (PID=1090) to work on /home/airflow/.local/lib/python3.12/site-packages/airflow/example_dags/example_task_group.py
[2024-10-30T18:35:59.845+0000] {processor.py:830} INFO - Processing file /home/airflow/.local/lib/python3.12/site-packages/airflow/example_dags/example_task_group.py for tasks to queue
[2024-10-30T18:35:59.850+0000] {logging_mixin.py:188} INFO - [2024-10-30T18:35:59.850+0000] {dagbag.py:545} INFO - Filling up the DagBag from /home/airflow/.local/lib/python3.12/site-packages/airflow/example_dags/example_task_group.py
[2024-10-30T18:35:59.872+0000] {processor.py:840} INFO - DAG(s) 'example_task_group' retrieved from /home/airflow/.local/lib/python3.12/site-packages/airflow/example_dags/example_task_group.py
[2024-10-30T18:35:59.944+0000] {logging_mixin.py:188} INFO - [2024-10-30T18:35:59.944+0000] {dag.py:3089} INFO - Sync 1 DAGs
[2024-10-30T18:36:00.010+0000] {logging_mixin.py:188} INFO - [2024-10-30T18:36:00.009+0000] {dag.py:3947} INFO - Setting next_dagrun for example_task_group to 2024-10-29 00:00:00+00:00, run_after=2024-10-30 00:00:00+00:00
[2024-10-30T18:36:00.071+0000] {processor.py:183} INFO - Processing /home/airflow/.local/lib/python3.12/site-packages/airflow/example_dags/example_task_group.py took 0.250 seconds
[2024-10-30T18:36:30.566+0000] {processor.py:161} INFO - Started process (PID=1149) to work on /home/airflow/.local/lib/python3.12/site-packages/airflow/example_dags/example_task_group.py
[2024-10-30T18:36:30.567+0000] {processor.py:830} INFO - Processing file /home/airflow/.local/lib/python3.12/site-packages/airflow/example_dags/example_task_group.py for tasks to queue
[2024-10-30T18:36:30.572+0000] {logging_mixin.py:188} INFO - [2024-10-30T18:36:30.572+0000] {dagbag.py:545} INFO - Filling up the DagBag from /home/airflow/.local/lib/python3.12/site-packages/airflow/example_dags/example_task_group.py
[2024-10-30T18:36:30.591+0000] {processor.py:840} INFO - DAG(s) 'example_task_group' retrieved from /home/airflow/.local/lib/python3.12/site-packages/airflow/example_dags/example_task_group.py
[2024-10-30T18:36:30.656+0000] {logging_mixin.py:188} INFO - [2024-10-30T18:36:30.656+0000] {dag.py:3089} INFO - Sync 1 DAGs
[2024-10-30T18:36:30.712+0000] {logging_mixin.py:188} INFO - [2024-10-30T18:36:30.712+0000] {dag.py:3947} INFO - Setting next_dagrun for example_task_group to 2024-10-29 00:00:00+00:00, run_after=2024-10-30 00:00:00+00:00
[2024-10-30T18:36:30.760+0000] {processor.py:183} INFO - Processing /home/airflow/.local/lib/python3.12/site-packages/airflow/example_dags/example_task_group.py took 0.212 seconds
[2024-10-30T18:37:01.350+0000] {processor.py:161} INFO - Started process (PID=1209) to work on /home/airflow/.local/lib/python3.12/site-packages/airflow/example_dags/example_task_group.py
[2024-10-30T18:37:01.351+0000] {processor.py:830} INFO - Processing file /home/airflow/.local/lib/python3.12/site-packages/airflow/example_dags/example_task_group.py for tasks to queue
[2024-10-30T18:37:01.356+0000] {logging_mixin.py:188} INFO - [2024-10-30T18:37:01.355+0000] {dagbag.py:545} INFO - Filling up the DagBag from /home/airflow/.local/lib/python3.12/site-packages/airflow/example_dags/example_task_group.py
[2024-10-30T18:37:01.372+0000] {processor.py:840} INFO - DAG(s) 'example_task_group' retrieved from /home/airflow/.local/lib/python3.12/site-packages/airflow/example_dags/example_task_group.py
[2024-10-30T18:37:01.421+0000] {logging_mixin.py:188} INFO - [2024-10-30T18:37:01.420+0000] {dag.py:3089} INFO - Sync 1 DAGs
[2024-10-30T18:37:01.476+0000] {logging_mixin.py:188} INFO - [2024-10-30T18:37:01.476+0000] {dag.py:3947} INFO - Setting next_dagrun for example_task_group to 2024-10-29 00:00:00+00:00, run_after=2024-10-30 00:00:00+00:00
[2024-10-30T18:37:01.519+0000] {processor.py:183} INFO - Processing /home/airflow/.local/lib/python3.12/site-packages/airflow/example_dags/example_task_group.py took 0.184 seconds
[2024-10-30T18:37:31.933+0000] {processor.py:161} INFO - Started process (PID=1268) to work on /home/airflow/.local/lib/python3.12/site-packages/airflow/example_dags/example_task_group.py
[2024-10-30T18:37:31.936+0000] {processor.py:830} INFO - Processing file /home/airflow/.local/lib/python3.12/site-packages/airflow/example_dags/example_task_group.py for tasks to queue
[2024-10-30T18:37:31.942+0000] {logging_mixin.py:188} INFO - [2024-10-30T18:37:31.941+0000] {dagbag.py:545} INFO - Filling up the DagBag from /home/airflow/.local/lib/python3.12/site-packages/airflow/example_dags/example_task_group.py
[2024-10-30T18:37:31.963+0000] {processor.py:840} INFO - DAG(s) 'example_task_group' retrieved from /home/airflow/.local/lib/python3.12/site-packages/airflow/example_dags/example_task_group.py
[2024-10-30T18:37:32.072+0000] {logging_mixin.py:188} INFO - [2024-10-30T18:37:32.072+0000] {dag.py:3089} INFO - Sync 1 DAGs
[2024-10-30T18:37:32.146+0000] {logging_mixin.py:188} INFO - [2024-10-30T18:37:32.145+0000] {dag.py:3947} INFO - Setting next_dagrun for example_task_group to 2024-10-29 00:00:00+00:00, run_after=2024-10-30 00:00:00+00:00
[2024-10-30T18:37:32.219+0000] {processor.py:183} INFO - Processing /home/airflow/.local/lib/python3.12/site-packages/airflow/example_dags/example_task_group.py took 0.303 seconds
[2024-10-30T18:38:02.642+0000] {processor.py:161} INFO - Started process (PID=1329) to work on /home/airflow/.local/lib/python3.12/site-packages/airflow/example_dags/example_task_group.py
[2024-10-30T18:38:02.647+0000] {processor.py:830} INFO - Processing file /home/airflow/.local/lib/python3.12/site-packages/airflow/example_dags/example_task_group.py for tasks to queue
[2024-10-30T18:38:02.654+0000] {logging_mixin.py:188} INFO - [2024-10-30T18:38:02.653+0000] {dagbag.py:545} INFO - Filling up the DagBag from /home/airflow/.local/lib/python3.12/site-packages/airflow/example_dags/example_task_group.py
[2024-10-30T18:38:02.685+0000] {processor.py:840} INFO - DAG(s) 'example_task_group' retrieved from /home/airflow/.local/lib/python3.12/site-packages/airflow/example_dags/example_task_group.py
[2024-10-30T18:38:02.807+0000] {logging_mixin.py:188} INFO - [2024-10-30T18:38:02.806+0000] {dag.py:3089} INFO - Sync 1 DAGs
[2024-10-30T18:38:02.912+0000] {logging_mixin.py:188} INFO - [2024-10-30T18:38:02.911+0000] {dag.py:3947} INFO - Setting next_dagrun for example_task_group to 2024-10-29 00:00:00+00:00, run_after=2024-10-30 00:00:00+00:00
[2024-10-30T18:38:03.002+0000] {processor.py:183} INFO - Processing /home/airflow/.local/lib/python3.12/site-packages/airflow/example_dags/example_task_group.py took 0.380 seconds
[2024-10-30T18:38:34.022+0000] {processor.py:161} INFO - Started process (PID=1388) to work on /home/airflow/.local/lib/python3.12/site-packages/airflow/example_dags/example_task_group.py
[2024-10-30T18:38:34.025+0000] {processor.py:830} INFO - Processing file /home/airflow/.local/lib/python3.12/site-packages/airflow/example_dags/example_task_group.py for tasks to queue
[2024-10-30T18:38:34.030+0000] {logging_mixin.py:188} INFO - [2024-10-30T18:38:34.029+0000] {dagbag.py:545} INFO - Filling up the DagBag from /home/airflow/.local/lib/python3.12/site-packages/airflow/example_dags/example_task_group.py
[2024-10-30T18:38:34.048+0000] {processor.py:840} INFO - DAG(s) 'example_task_group' retrieved from /home/airflow/.local/lib/python3.12/site-packages/airflow/example_dags/example_task_group.py
[2024-10-30T18:38:34.110+0000] {logging_mixin.py:188} INFO - [2024-10-30T18:38:34.110+0000] {dag.py:3089} INFO - Sync 1 DAGs
[2024-10-30T18:38:34.166+0000] {logging_mixin.py:188} INFO - [2024-10-30T18:38:34.164+0000] {dag.py:3947} INFO - Setting next_dagrun for example_task_group to 2024-10-29 00:00:00+00:00, run_after=2024-10-30 00:00:00+00:00
[2024-10-30T18:38:34.223+0000] {processor.py:183} INFO - Processing /home/airflow/.local/lib/python3.12/site-packages/airflow/example_dags/example_task_group.py took 0.216 seconds
[2024-10-30T18:39:04.801+0000] {processor.py:161} INFO - Started process (PID=1448) to work on /home/airflow/.local/lib/python3.12/site-packages/airflow/example_dags/example_task_group.py
[2024-10-30T18:39:04.806+0000] {processor.py:830} INFO - Processing file /home/airflow/.local/lib/python3.12/site-packages/airflow/example_dags/example_task_group.py for tasks to queue
[2024-10-30T18:39:04.810+0000] {logging_mixin.py:188} INFO - [2024-10-30T18:39:04.810+0000] {dagbag.py:545} INFO - Filling up the DagBag from /home/airflow/.local/lib/python3.12/site-packages/airflow/example_dags/example_task_group.py
[2024-10-30T18:39:04.834+0000] {processor.py:840} INFO - DAG(s) 'example_task_group' retrieved from /home/airflow/.local/lib/python3.12/site-packages/airflow/example_dags/example_task_group.py
[2024-10-30T18:39:04.890+0000] {logging_mixin.py:188} INFO - [2024-10-30T18:39:04.890+0000] {dag.py:3089} INFO - Sync 1 DAGs
[2024-10-30T18:39:04.957+0000] {logging_mixin.py:188} INFO - [2024-10-30T18:39:04.956+0000] {dag.py:3947} INFO - Setting next_dagrun for example_task_group to 2024-10-29 00:00:00+00:00, run_after=2024-10-30 00:00:00+00:00
[2024-10-30T18:39:05.019+0000] {processor.py:183} INFO - Processing /home/airflow/.local/lib/python3.12/site-packages/airflow/example_dags/example_task_group.py took 0.235 seconds
[2024-10-30T18:39:35.291+0000] {processor.py:161} INFO - Started process (PID=1508) to work on /home/airflow/.local/lib/python3.12/site-packages/airflow/example_dags/example_task_group.py
[2024-10-30T18:39:35.294+0000] {processor.py:830} INFO - Processing file /home/airflow/.local/lib/python3.12/site-packages/airflow/example_dags/example_task_group.py for tasks to queue
[2024-10-30T18:39:35.302+0000] {logging_mixin.py:188} INFO - [2024-10-30T18:39:35.301+0000] {dagbag.py:545} INFO - Filling up the DagBag from /home/airflow/.local/lib/python3.12/site-packages/airflow/example_dags/example_task_group.py
[2024-10-30T18:39:35.323+0000] {processor.py:840} INFO - DAG(s) 'example_task_group' retrieved from /home/airflow/.local/lib/python3.12/site-packages/airflow/example_dags/example_task_group.py
[2024-10-30T18:39:35.384+0000] {logging_mixin.py:188} INFO - [2024-10-30T18:39:35.384+0000] {dag.py:3089} INFO - Sync 1 DAGs
[2024-10-30T18:39:35.439+0000] {logging_mixin.py:188} INFO - [2024-10-30T18:39:35.438+0000] {dag.py:3947} INFO - Setting next_dagrun for example_task_group to 2024-10-29 00:00:00+00:00, run_after=2024-10-30 00:00:00+00:00
[2024-10-30T18:39:35.494+0000] {processor.py:183} INFO - Processing /home/airflow/.local/lib/python3.12/site-packages/airflow/example_dags/example_task_group.py took 0.232 seconds
[2024-10-30T18:40:05.846+0000] {processor.py:161} INFO - Started process (PID=1567) to work on /home/airflow/.local/lib/python3.12/site-packages/airflow/example_dags/example_task_group.py
[2024-10-30T18:40:05.850+0000] {processor.py:830} INFO - Processing file /home/airflow/.local/lib/python3.12/site-packages/airflow/example_dags/example_task_group.py for tasks to queue
[2024-10-30T18:40:05.860+0000] {logging_mixin.py:188} INFO - [2024-10-30T18:40:05.857+0000] {dagbag.py:545} INFO - Filling up the DagBag from /home/airflow/.local/lib/python3.12/site-packages/airflow/example_dags/example_task_group.py
[2024-10-30T18:40:05.907+0000] {processor.py:840} INFO - DAG(s) 'example_task_group' retrieved from /home/airflow/.local/lib/python3.12/site-packages/airflow/example_dags/example_task_group.py
[2024-10-30T18:40:06.027+0000] {logging_mixin.py:188} INFO - [2024-10-30T18:40:06.027+0000] {dag.py:3089} INFO - Sync 1 DAGs
[2024-10-30T18:40:06.106+0000] {logging_mixin.py:188} INFO - [2024-10-30T18:40:06.105+0000] {dag.py:3947} INFO - Setting next_dagrun for example_task_group to 2024-10-29 00:00:00+00:00, run_after=2024-10-30 00:00:00+00:00
[2024-10-30T18:40:06.167+0000] {processor.py:183} INFO - Processing /home/airflow/.local/lib/python3.12/site-packages/airflow/example_dags/example_task_group.py took 0.365 seconds
[2024-10-30T18:40:36.996+0000] {processor.py:161} INFO - Started process (PID=1626) to work on /home/airflow/.local/lib/python3.12/site-packages/airflow/example_dags/example_task_group.py
[2024-10-30T18:40:37.000+0000] {processor.py:830} INFO - Processing file /home/airflow/.local/lib/python3.12/site-packages/airflow/example_dags/example_task_group.py for tasks to queue
[2024-10-30T18:40:37.011+0000] {logging_mixin.py:188} INFO - [2024-10-30T18:40:37.010+0000] {dagbag.py:545} INFO - Filling up the DagBag from /home/airflow/.local/lib/python3.12/site-packages/airflow/example_dags/example_task_group.py
[2024-10-30T18:40:37.042+0000] {processor.py:840} INFO - DAG(s) 'example_task_group' retrieved from /home/airflow/.local/lib/python3.12/site-packages/airflow/example_dags/example_task_group.py
[2024-10-30T18:40:37.123+0000] {logging_mixin.py:188} INFO - [2024-10-30T18:40:37.123+0000] {dag.py:3089} INFO - Sync 1 DAGs
[2024-10-30T18:40:37.189+0000] {logging_mixin.py:188} INFO - [2024-10-30T18:40:37.188+0000] {dag.py:3947} INFO - Setting next_dagrun for example_task_group to 2024-10-29 00:00:00+00:00, run_after=2024-10-30 00:00:00+00:00
[2024-10-30T18:40:37.277+0000] {processor.py:183} INFO - Processing /home/airflow/.local/lib/python3.12/site-packages/airflow/example_dags/example_task_group.py took 0.307 seconds
[2024-10-30T18:41:07.908+0000] {processor.py:161} INFO - Started process (PID=1687) to work on /home/airflow/.local/lib/python3.12/site-packages/airflow/example_dags/example_task_group.py
[2024-10-30T18:41:07.910+0000] {processor.py:830} INFO - Processing file /home/airflow/.local/lib/python3.12/site-packages/airflow/example_dags/example_task_group.py for tasks to queue
[2024-10-30T18:41:07.915+0000] {logging_mixin.py:188} INFO - [2024-10-30T18:41:07.914+0000] {dagbag.py:545} INFO - Filling up the DagBag from /home/airflow/.local/lib/python3.12/site-packages/airflow/example_dags/example_task_group.py
[2024-10-30T18:41:07.935+0000] {processor.py:840} INFO - DAG(s) 'example_task_group' retrieved from /home/airflow/.local/lib/python3.12/site-packages/airflow/example_dags/example_task_group.py
[2024-10-30T18:41:08.009+0000] {logging_mixin.py:188} INFO - [2024-10-30T18:41:08.008+0000] {dag.py:3089} INFO - Sync 1 DAGs
[2024-10-30T18:41:08.074+0000] {logging_mixin.py:188} INFO - [2024-10-30T18:41:08.072+0000] {dag.py:3947} INFO - Setting next_dagrun for example_task_group to 2024-10-29 00:00:00+00:00, run_after=2024-10-30 00:00:00+00:00
[2024-10-30T18:41:08.128+0000] {processor.py:183} INFO - Processing /home/airflow/.local/lib/python3.12/site-packages/airflow/example_dags/example_task_group.py took 0.236 seconds
[2024-10-30T18:41:38.464+0000] {processor.py:161} INFO - Started process (PID=1747) to work on /home/airflow/.local/lib/python3.12/site-packages/airflow/example_dags/example_task_group.py
[2024-10-30T18:41:38.466+0000] {processor.py:830} INFO - Processing file /home/airflow/.local/lib/python3.12/site-packages/airflow/example_dags/example_task_group.py for tasks to queue
[2024-10-30T18:41:38.470+0000] {logging_mixin.py:188} INFO - [2024-10-30T18:41:38.469+0000] {dagbag.py:545} INFO - Filling up the DagBag from /home/airflow/.local/lib/python3.12/site-packages/airflow/example_dags/example_task_group.py
[2024-10-30T18:41:38.487+0000] {processor.py:840} INFO - DAG(s) 'example_task_group' retrieved from /home/airflow/.local/lib/python3.12/site-packages/airflow/example_dags/example_task_group.py
[2024-10-30T18:41:38.540+0000] {logging_mixin.py:188} INFO - [2024-10-30T18:41:38.540+0000] {dag.py:3089} INFO - Sync 1 DAGs
[2024-10-30T18:41:38.604+0000] {logging_mixin.py:188} INFO - [2024-10-30T18:41:38.603+0000] {dag.py:3947} INFO - Setting next_dagrun for example_task_group to 2024-10-29 00:00:00+00:00, run_after=2024-10-30 00:00:00+00:00
[2024-10-30T18:41:38.669+0000] {processor.py:183} INFO - Processing /home/airflow/.local/lib/python3.12/site-packages/airflow/example_dags/example_task_group.py took 0.224 seconds
[2024-10-30T18:42:09.074+0000] {processor.py:161} INFO - Started process (PID=1806) to work on /home/airflow/.local/lib/python3.12/site-packages/airflow/example_dags/example_task_group.py
[2024-10-30T18:42:09.076+0000] {processor.py:830} INFO - Processing file /home/airflow/.local/lib/python3.12/site-packages/airflow/example_dags/example_task_group.py for tasks to queue
[2024-10-30T18:42:09.085+0000] {logging_mixin.py:188} INFO - [2024-10-30T18:42:09.084+0000] {dagbag.py:545} INFO - Filling up the DagBag from /home/airflow/.local/lib/python3.12/site-packages/airflow/example_dags/example_task_group.py
[2024-10-30T18:42:09.126+0000] {processor.py:840} INFO - DAG(s) 'example_task_group' retrieved from /home/airflow/.local/lib/python3.12/site-packages/airflow/example_dags/example_task_group.py
[2024-10-30T18:42:09.183+0000] {logging_mixin.py:188} INFO - [2024-10-30T18:42:09.183+0000] {dag.py:3089} INFO - Sync 1 DAGs
[2024-10-30T18:42:09.239+0000] {logging_mixin.py:188} INFO - [2024-10-30T18:42:09.238+0000] {dag.py:3947} INFO - Setting next_dagrun for example_task_group to 2024-10-29 00:00:00+00:00, run_after=2024-10-30 00:00:00+00:00
[2024-10-30T18:42:09.295+0000] {processor.py:183} INFO - Processing /home/airflow/.local/lib/python3.12/site-packages/airflow/example_dags/example_task_group.py took 0.254 seconds
[2024-10-30T18:42:39.472+0000] {processor.py:161} INFO - Started process (PID=1866) to work on /home/airflow/.local/lib/python3.12/site-packages/airflow/example_dags/example_task_group.py
[2024-10-30T18:42:39.475+0000] {processor.py:830} INFO - Processing file /home/airflow/.local/lib/python3.12/site-packages/airflow/example_dags/example_task_group.py for tasks to queue
[2024-10-30T18:42:39.478+0000] {logging_mixin.py:188} INFO - [2024-10-30T18:42:39.478+0000] {dagbag.py:545} INFO - Filling up the DagBag from /home/airflow/.local/lib/python3.12/site-packages/airflow/example_dags/example_task_group.py
[2024-10-30T18:42:39.496+0000] {processor.py:840} INFO - DAG(s) 'example_task_group' retrieved from /home/airflow/.local/lib/python3.12/site-packages/airflow/example_dags/example_task_group.py
[2024-10-30T18:42:39.556+0000] {logging_mixin.py:188} INFO - [2024-10-30T18:42:39.555+0000] {dag.py:3089} INFO - Sync 1 DAGs
[2024-10-30T18:42:39.612+0000] {logging_mixin.py:188} INFO - [2024-10-30T18:42:39.611+0000] {dag.py:3947} INFO - Setting next_dagrun for example_task_group to 2024-10-29 00:00:00+00:00, run_after=2024-10-30 00:00:00+00:00
[2024-10-30T18:42:39.684+0000] {processor.py:183} INFO - Processing /home/airflow/.local/lib/python3.12/site-packages/airflow/example_dags/example_task_group.py took 0.250 seconds
[2024-10-30T18:43:09.838+0000] {processor.py:161} INFO - Started process (PID=1925) to work on /home/airflow/.local/lib/python3.12/site-packages/airflow/example_dags/example_task_group.py
[2024-10-30T18:43:09.840+0000] {processor.py:830} INFO - Processing file /home/airflow/.local/lib/python3.12/site-packages/airflow/example_dags/example_task_group.py for tasks to queue
[2024-10-30T18:43:09.845+0000] {logging_mixin.py:188} INFO - [2024-10-30T18:43:09.844+0000] {dagbag.py:545} INFO - Filling up the DagBag from /home/airflow/.local/lib/python3.12/site-packages/airflow/example_dags/example_task_group.py
[2024-10-30T18:43:09.861+0000] {processor.py:840} INFO - DAG(s) 'example_task_group' retrieved from /home/airflow/.local/lib/python3.12/site-packages/airflow/example_dags/example_task_group.py
[2024-10-30T18:43:09.921+0000] {logging_mixin.py:188} INFO - [2024-10-30T18:43:09.920+0000] {dag.py:3089} INFO - Sync 1 DAGs
[2024-10-30T18:43:09.976+0000] {logging_mixin.py:188} INFO - [2024-10-30T18:43:09.976+0000] {dag.py:3947} INFO - Setting next_dagrun for example_task_group to 2024-10-29 00:00:00+00:00, run_after=2024-10-30 00:00:00+00:00
[2024-10-30T18:43:10.023+0000] {processor.py:183} INFO - Processing /home/airflow/.local/lib/python3.12/site-packages/airflow/example_dags/example_task_group.py took 0.202 seconds
[2024-10-30T18:43:40.386+0000] {processor.py:161} INFO - Started process (PID=1985) to work on /home/airflow/.local/lib/python3.12/site-packages/airflow/example_dags/example_task_group.py
[2024-10-30T18:43:40.388+0000] {processor.py:830} INFO - Processing file /home/airflow/.local/lib/python3.12/site-packages/airflow/example_dags/example_task_group.py for tasks to queue
[2024-10-30T18:43:40.395+0000] {logging_mixin.py:188} INFO - [2024-10-30T18:43:40.394+0000] {dagbag.py:545} INFO - Filling up the DagBag from /home/airflow/.local/lib/python3.12/site-packages/airflow/example_dags/example_task_group.py
[2024-10-30T18:43:40.418+0000] {processor.py:840} INFO - DAG(s) 'example_task_group' retrieved from /home/airflow/.local/lib/python3.12/site-packages/airflow/example_dags/example_task_group.py
[2024-10-30T18:43:40.508+0000] {logging_mixin.py:188} INFO - [2024-10-30T18:43:40.507+0000] {dag.py:3089} INFO - Sync 1 DAGs
[2024-10-30T18:43:40.567+0000] {logging_mixin.py:188} INFO - [2024-10-30T18:43:40.566+0000] {dag.py:3947} INFO - Setting next_dagrun for example_task_group to 2024-10-29 00:00:00+00:00, run_after=2024-10-30 00:00:00+00:00
[2024-10-30T18:43:40.628+0000] {processor.py:183} INFO - Processing /home/airflow/.local/lib/python3.12/site-packages/airflow/example_dags/example_task_group.py took 0.261 seconds
[2024-10-30T18:44:11.397+0000] {processor.py:161} INFO - Started process (PID=2045) to work on /home/airflow/.local/lib/python3.12/site-packages/airflow/example_dags/example_task_group.py
[2024-10-30T18:44:11.400+0000] {processor.py:830} INFO - Processing file /home/airflow/.local/lib/python3.12/site-packages/airflow/example_dags/example_task_group.py for tasks to queue
[2024-10-30T18:44:11.404+0000] {logging_mixin.py:188} INFO - [2024-10-30T18:44:11.403+0000] {dagbag.py:545} INFO - Filling up the DagBag from /home/airflow/.local/lib/python3.12/site-packages/airflow/example_dags/example_task_group.py
[2024-10-30T18:44:11.423+0000] {processor.py:840} INFO - DAG(s) 'example_task_group' retrieved from /home/airflow/.local/lib/python3.12/site-packages/airflow/example_dags/example_task_group.py
[2024-10-30T18:44:11.475+0000] {logging_mixin.py:188} INFO - [2024-10-30T18:44:11.474+0000] {dag.py:3089} INFO - Sync 1 DAGs
[2024-10-30T18:44:11.524+0000] {logging_mixin.py:188} INFO - [2024-10-30T18:44:11.523+0000] {dag.py:3947} INFO - Setting next_dagrun for example_task_group to 2024-10-29 00:00:00+00:00, run_after=2024-10-30 00:00:00+00:00
[2024-10-30T18:44:11.575+0000] {processor.py:183} INFO - Processing /home/airflow/.local/lib/python3.12/site-packages/airflow/example_dags/example_task_group.py took 0.192 seconds
[2024-10-30T18:44:41.907+0000] {processor.py:161} INFO - Started process (PID=2105) to work on /home/airflow/.local/lib/python3.12/site-packages/airflow/example_dags/example_task_group.py
[2024-10-30T18:44:41.910+0000] {processor.py:830} INFO - Processing file /home/airflow/.local/lib/python3.12/site-packages/airflow/example_dags/example_task_group.py for tasks to queue
[2024-10-30T18:44:41.918+0000] {logging_mixin.py:188} INFO - [2024-10-30T18:44:41.916+0000] {dagbag.py:545} INFO - Filling up the DagBag from /home/airflow/.local/lib/python3.12/site-packages/airflow/example_dags/example_task_group.py
[2024-10-30T18:44:41.947+0000] {processor.py:840} INFO - DAG(s) 'example_task_group' retrieved from /home/airflow/.local/lib/python3.12/site-packages/airflow/example_dags/example_task_group.py
[2024-10-30T18:44:42.026+0000] {logging_mixin.py:188} INFO - [2024-10-30T18:44:42.025+0000] {dag.py:3089} INFO - Sync 1 DAGs
[2024-10-30T18:44:42.096+0000] {logging_mixin.py:188} INFO - [2024-10-30T18:44:42.095+0000] {dag.py:3947} INFO - Setting next_dagrun for example_task_group to 2024-10-29 00:00:00+00:00, run_after=2024-10-30 00:00:00+00:00
[2024-10-30T18:44:42.147+0000] {processor.py:183} INFO - Processing /home/airflow/.local/lib/python3.12/site-packages/airflow/example_dags/example_task_group.py took 0.274 seconds
[2024-10-30T18:45:19.714+0000] {processor.py:161} INFO - Started process (PID=2167) to work on /home/airflow/.local/lib/python3.12/site-packages/airflow/example_dags/example_task_group.py
[2024-10-30T18:45:19.719+0000] {processor.py:830} INFO - Processing file /home/airflow/.local/lib/python3.12/site-packages/airflow/example_dags/example_task_group.py for tasks to queue
[2024-10-30T18:45:19.727+0000] {logging_mixin.py:188} INFO - [2024-10-30T18:45:19.726+0000] {dagbag.py:545} INFO - Filling up the DagBag from /home/airflow/.local/lib/python3.12/site-packages/airflow/example_dags/example_task_group.py
[2024-10-30T18:45:19.774+0000] {processor.py:840} INFO - DAG(s) 'example_task_group' retrieved from /home/airflow/.local/lib/python3.12/site-packages/airflow/example_dags/example_task_group.py
[2024-10-30T18:45:20.080+0000] {logging_mixin.py:188} INFO - [2024-10-30T18:45:20.079+0000] {dag.py:3089} INFO - Sync 1 DAGs
[2024-10-30T18:45:20.256+0000] {logging_mixin.py:188} INFO - [2024-10-30T18:45:20.252+0000] {dag.py:3947} INFO - Setting next_dagrun for example_task_group to 2024-10-29 00:00:00+00:00, run_after=2024-10-30 00:00:00+00:00
[2024-10-30T18:45:20.403+0000] {processor.py:183} INFO - Processing /home/airflow/.local/lib/python3.12/site-packages/airflow/example_dags/example_task_group.py took 0.726 seconds
[2024-10-30T18:45:55.703+0000] {processor.py:161} INFO - Started process (PID=2233) to work on /home/airflow/.local/lib/python3.12/site-packages/airflow/example_dags/example_task_group.py
[2024-10-30T18:45:55.781+0000] {processor.py:830} INFO - Processing file /home/airflow/.local/lib/python3.12/site-packages/airflow/example_dags/example_task_group.py for tasks to queue
[2024-10-30T18:45:55.936+0000] {logging_mixin.py:188} INFO - [2024-10-30T18:45:55.935+0000] {dagbag.py:545} INFO - Filling up the DagBag from /home/airflow/.local/lib/python3.12/site-packages/airflow/example_dags/example_task_group.py
[2024-10-30T18:45:56.106+0000] {processor.py:840} INFO - DAG(s) 'example_task_group' retrieved from /home/airflow/.local/lib/python3.12/site-packages/airflow/example_dags/example_task_group.py
[2024-10-30T18:45:56.725+0000] {logging_mixin.py:188} INFO - [2024-10-30T18:45:56.725+0000] {dag.py:3089} INFO - Sync 1 DAGs
[2024-10-30T18:45:56.914+0000] {logging_mixin.py:188} INFO - [2024-10-30T18:45:56.913+0000] {dag.py:3947} INFO - Setting next_dagrun for example_task_group to 2024-10-29 00:00:00+00:00, run_after=2024-10-30 00:00:00+00:00
[2024-10-30T18:45:57.234+0000] {processor.py:183} INFO - Processing /home/airflow/.local/lib/python3.12/site-packages/airflow/example_dags/example_task_group.py took 1.566 seconds
[2024-10-30T18:47:12.308+0000] {processor.py:161} INFO - Started process (PID=2281) to work on /home/airflow/.local/lib/python3.12/site-packages/airflow/example_dags/example_task_group.py
[2024-10-30T18:47:12.331+0000] {processor.py:830} INFO - Processing file /home/airflow/.local/lib/python3.12/site-packages/airflow/example_dags/example_task_group.py for tasks to queue
[2024-10-30T18:47:12.348+0000] {logging_mixin.py:188} INFO - [2024-10-30T18:47:12.341+0000] {dagbag.py:545} INFO - Filling up the DagBag from /home/airflow/.local/lib/python3.12/site-packages/airflow/example_dags/example_task_group.py
[2024-10-30T18:47:12.511+0000] {processor.py:840} INFO - DAG(s) 'example_task_group' retrieved from /home/airflow/.local/lib/python3.12/site-packages/airflow/example_dags/example_task_group.py
[2024-10-30T18:47:12.746+0000] {logging_mixin.py:188} INFO - [2024-10-30T18:47:12.745+0000] {dag.py:3089} INFO - Sync 1 DAGs
[2024-10-30T18:47:13.134+0000] {logging_mixin.py:188} INFO - [2024-10-30T18:47:13.130+0000] {dag.py:3947} INFO - Setting next_dagrun for example_task_group to 2024-10-29 00:00:00+00:00, run_after=2024-10-30 00:00:00+00:00
[2024-10-30T18:47:13.513+0000] {processor.py:183} INFO - Processing /home/airflow/.local/lib/python3.12/site-packages/airflow/example_dags/example_task_group.py took 1.329 seconds
[2024-10-30T18:48:03.619+0000] {processor.py:161} INFO - Started process (PID=2347) to work on /home/airflow/.local/lib/python3.12/site-packages/airflow/example_dags/example_task_group.py
[2024-10-30T18:48:03.623+0000] {processor.py:830} INFO - Processing file /home/airflow/.local/lib/python3.12/site-packages/airflow/example_dags/example_task_group.py for tasks to queue
[2024-10-30T18:48:03.632+0000] {logging_mixin.py:188} INFO - [2024-10-30T18:48:03.627+0000] {dagbag.py:545} INFO - Filling up the DagBag from /home/airflow/.local/lib/python3.12/site-packages/airflow/example_dags/example_task_group.py
[2024-10-30T18:48:03.932+0000] {processor.py:840} INFO - DAG(s) 'example_task_group' retrieved from /home/airflow/.local/lib/python3.12/site-packages/airflow/example_dags/example_task_group.py
[2024-10-30T18:48:04.672+0000] {logging_mixin.py:188} INFO - [2024-10-30T18:48:04.671+0000] {dag.py:3089} INFO - Sync 1 DAGs
[2024-10-30T18:48:05.926+0000] {logging_mixin.py:188} INFO - [2024-10-30T18:48:05.925+0000] {dag.py:3947} INFO - Setting next_dagrun for example_task_group to 2024-10-29 00:00:00+00:00, run_after=2024-10-30 00:00:00+00:00
[2024-10-30T18:48:06.252+0000] {processor.py:183} INFO - Processing /home/airflow/.local/lib/python3.12/site-packages/airflow/example_dags/example_task_group.py took 2.746 seconds
[2024-10-30T18:48:36.864+0000] {processor.py:161} INFO - Started process (PID=2407) to work on /home/airflow/.local/lib/python3.12/site-packages/airflow/example_dags/example_task_group.py
[2024-10-30T18:48:36.874+0000] {processor.py:830} INFO - Processing file /home/airflow/.local/lib/python3.12/site-packages/airflow/example_dags/example_task_group.py for tasks to queue
[2024-10-30T18:48:36.903+0000] {logging_mixin.py:188} INFO - [2024-10-30T18:48:36.900+0000] {dagbag.py:545} INFO - Filling up the DagBag from /home/airflow/.local/lib/python3.12/site-packages/airflow/example_dags/example_task_group.py
[2024-10-30T18:48:37.148+0000] {processor.py:840} INFO - DAG(s) 'example_task_group' retrieved from /home/airflow/.local/lib/python3.12/site-packages/airflow/example_dags/example_task_group.py
[2024-10-30T18:48:37.420+0000] {logging_mixin.py:188} INFO - [2024-10-30T18:48:37.419+0000] {dag.py:3089} INFO - Sync 1 DAGs
[2024-10-30T18:48:37.663+0000] {logging_mixin.py:188} INFO - [2024-10-30T18:48:37.663+0000] {dag.py:3947} INFO - Setting next_dagrun for example_task_group to 2024-10-29 00:00:00+00:00, run_after=2024-10-30 00:00:00+00:00
[2024-10-30T18:48:37.775+0000] {processor.py:183} INFO - Processing /home/airflow/.local/lib/python3.12/site-packages/airflow/example_dags/example_task_group.py took 1.047 seconds
