[2024-10-30T18:26:03.921+0000] {processor.py:161} INFO - Started process (PID=51) to work on /home/airflow/.local/lib/python3.12/site-packages/airflow/example_dags/example_sensors.py
[2024-10-30T18:26:03.925+0000] {processor.py:830} INFO - Processing file /home/airflow/.local/lib/python3.12/site-packages/airflow/example_dags/example_sensors.py for tasks to queue
[2024-10-30T18:26:03.932+0000] {logging_mixin.py:188} INFO - [2024-10-30T18:26:03.930+0000] {dagbag.py:545} INFO - Filling up the DagBag from /home/airflow/.local/lib/python3.12/site-packages/airflow/example_dags/example_sensors.py
[2024-10-30T18:26:03.975+0000] {processor.py:840} INFO - DAG(s) 'example_sensors' retrieved from /home/airflow/.local/lib/python3.12/site-packages/airflow/example_dags/example_sensors.py
[2024-10-30T18:26:04.518+0000] {logging_mixin.py:188} INFO - [2024-10-30T18:26:04.517+0000] {override.py:1858} INFO - Created Permission View: can read on DAG:example_sensors
[2024-10-30T18:26:04.562+0000] {logging_mixin.py:188} INFO - [2024-10-30T18:26:04.561+0000] {override.py:1858} INFO - Created Permission View: can edit on DAG:example_sensors
[2024-10-30T18:26:04.583+0000] {logging_mixin.py:188} INFO - [2024-10-30T18:26:04.582+0000] {override.py:1858} INFO - Created Permission View: can delete on DAG:example_sensors
[2024-10-30T18:26:04.584+0000] {logging_mixin.py:188} INFO - [2024-10-30T18:26:04.584+0000] {dag.py:3089} INFO - Sync 1 DAGs
[2024-10-30T18:26:04.647+0000] {logging_mixin.py:188} INFO - [2024-10-30T18:26:04.646+0000] {dag.py:3111} INFO - Creating ORM DAG for example_sensors
[2024-10-30T18:26:04.666+0000] {logging_mixin.py:188} INFO - [2024-10-30T18:26:04.666+0000] {dag.py:3947} INFO - Setting next_dagrun for example_sensors to None, run_after=None
[2024-10-30T18:26:04.801+0000] {processor.py:183} INFO - Processing /home/airflow/.local/lib/python3.12/site-packages/airflow/example_dags/example_sensors.py took 0.903 seconds
[2024-10-30T18:27:31.009+0000] {processor.py:161} INFO - Started process (PID=118) to work on /home/airflow/.local/lib/python3.12/site-packages/airflow/example_dags/example_sensors.py
[2024-10-30T18:27:31.012+0000] {processor.py:830} INFO - Processing file /home/airflow/.local/lib/python3.12/site-packages/airflow/example_dags/example_sensors.py for tasks to queue
[2024-10-30T18:27:31.019+0000] {logging_mixin.py:188} INFO - [2024-10-30T18:27:31.017+0000] {dagbag.py:545} INFO - Filling up the DagBag from /home/airflow/.local/lib/python3.12/site-packages/airflow/example_dags/example_sensors.py
[2024-10-30T18:27:31.069+0000] {processor.py:840} INFO - DAG(s) 'example_sensors' retrieved from /home/airflow/.local/lib/python3.12/site-packages/airflow/example_dags/example_sensors.py
[2024-10-30T18:27:31.315+0000] {logging_mixin.py:188} INFO - [2024-10-30T18:27:31.314+0000] {dag.py:3089} INFO - Sync 1 DAGs
[2024-10-30T18:27:31.379+0000] {logging_mixin.py:188} INFO - [2024-10-30T18:27:31.378+0000] {dag.py:3947} INFO - Setting next_dagrun for example_sensors to None, run_after=None
[2024-10-30T18:27:31.475+0000] {processor.py:183} INFO - Processing /home/airflow/.local/lib/python3.12/site-packages/airflow/example_dags/example_sensors.py took 0.503 seconds
[2024-10-30T18:28:06.316+0000] {processor.py:161} INFO - Started process (PID=178) to work on /home/airflow/.local/lib/python3.12/site-packages/airflow/example_dags/example_sensors.py
[2024-10-30T18:28:06.318+0000] {processor.py:830} INFO - Processing file /home/airflow/.local/lib/python3.12/site-packages/airflow/example_dags/example_sensors.py for tasks to queue
[2024-10-30T18:28:06.323+0000] {logging_mixin.py:188} INFO - [2024-10-30T18:28:06.322+0000] {dagbag.py:545} INFO - Filling up the DagBag from /home/airflow/.local/lib/python3.12/site-packages/airflow/example_dags/example_sensors.py
[2024-10-30T18:28:06.357+0000] {processor.py:840} INFO - DAG(s) 'example_sensors' retrieved from /home/airflow/.local/lib/python3.12/site-packages/airflow/example_dags/example_sensors.py
[2024-10-30T18:28:06.444+0000] {logging_mixin.py:188} INFO - [2024-10-30T18:28:06.444+0000] {dag.py:3089} INFO - Sync 1 DAGs
[2024-10-30T18:28:06.481+0000] {logging_mixin.py:188} INFO - [2024-10-30T18:28:06.481+0000] {dag.py:3947} INFO - Setting next_dagrun for example_sensors to None, run_after=None
[2024-10-30T18:28:06.552+0000] {processor.py:183} INFO - Processing /home/airflow/.local/lib/python3.12/site-packages/airflow/example_dags/example_sensors.py took 0.257 seconds
[2024-10-30T18:28:40.203+0000] {processor.py:161} INFO - Started process (PID=243) to work on /home/airflow/.local/lib/python3.12/site-packages/airflow/example_dags/example_sensors.py
[2024-10-30T18:28:40.206+0000] {processor.py:830} INFO - Processing file /home/airflow/.local/lib/python3.12/site-packages/airflow/example_dags/example_sensors.py for tasks to queue
[2024-10-30T18:28:40.210+0000] {logging_mixin.py:188} INFO - [2024-10-30T18:28:40.209+0000] {dagbag.py:545} INFO - Filling up the DagBag from /home/airflow/.local/lib/python3.12/site-packages/airflow/example_dags/example_sensors.py
[2024-10-30T18:28:40.233+0000] {processor.py:840} INFO - DAG(s) 'example_sensors' retrieved from /home/airflow/.local/lib/python3.12/site-packages/airflow/example_dags/example_sensors.py
[2024-10-30T18:28:40.300+0000] {logging_mixin.py:188} INFO - [2024-10-30T18:28:40.300+0000] {dag.py:3089} INFO - Sync 1 DAGs
[2024-10-30T18:28:40.335+0000] {logging_mixin.py:188} INFO - [2024-10-30T18:28:40.334+0000] {dag.py:3947} INFO - Setting next_dagrun for example_sensors to None, run_after=None
[2024-10-30T18:28:40.385+0000] {processor.py:183} INFO - Processing /home/airflow/.local/lib/python3.12/site-packages/airflow/example_dags/example_sensors.py took 0.198 seconds
[2024-10-30T18:29:11.506+0000] {processor.py:161} INFO - Started process (PID=301) to work on /home/airflow/.local/lib/python3.12/site-packages/airflow/example_dags/example_sensors.py
[2024-10-30T18:29:11.508+0000] {processor.py:830} INFO - Processing file /home/airflow/.local/lib/python3.12/site-packages/airflow/example_dags/example_sensors.py for tasks to queue
[2024-10-30T18:29:11.515+0000] {logging_mixin.py:188} INFO - [2024-10-30T18:29:11.513+0000] {dagbag.py:545} INFO - Filling up the DagBag from /home/airflow/.local/lib/python3.12/site-packages/airflow/example_dags/example_sensors.py
[2024-10-30T18:29:11.560+0000] {processor.py:840} INFO - DAG(s) 'example_sensors' retrieved from /home/airflow/.local/lib/python3.12/site-packages/airflow/example_dags/example_sensors.py
[2024-10-30T18:29:11.679+0000] {logging_mixin.py:188} INFO - [2024-10-30T18:29:11.678+0000] {dag.py:3089} INFO - Sync 1 DAGs
[2024-10-30T18:29:11.729+0000] {logging_mixin.py:188} INFO - [2024-10-30T18:29:11.728+0000] {dag.py:3947} INFO - Setting next_dagrun for example_sensors to None, run_after=None
[2024-10-30T18:29:11.811+0000] {processor.py:183} INFO - Processing /home/airflow/.local/lib/python3.12/site-packages/airflow/example_dags/example_sensors.py took 0.322 seconds
[2024-10-30T18:29:41.940+0000] {processor.py:161} INFO - Started process (PID=359) to work on /home/airflow/.local/lib/python3.12/site-packages/airflow/example_dags/example_sensors.py
[2024-10-30T18:29:41.943+0000] {processor.py:830} INFO - Processing file /home/airflow/.local/lib/python3.12/site-packages/airflow/example_dags/example_sensors.py for tasks to queue
[2024-10-30T18:29:41.948+0000] {logging_mixin.py:188} INFO - [2024-10-30T18:29:41.947+0000] {dagbag.py:545} INFO - Filling up the DagBag from /home/airflow/.local/lib/python3.12/site-packages/airflow/example_dags/example_sensors.py
[2024-10-30T18:29:41.972+0000] {processor.py:840} INFO - DAG(s) 'example_sensors' retrieved from /home/airflow/.local/lib/python3.12/site-packages/airflow/example_dags/example_sensors.py
[2024-10-30T18:29:42.051+0000] {logging_mixin.py:188} INFO - [2024-10-30T18:29:42.050+0000] {dag.py:3089} INFO - Sync 1 DAGs
[2024-10-30T18:29:42.086+0000] {logging_mixin.py:188} INFO - [2024-10-30T18:29:42.085+0000] {dag.py:3947} INFO - Setting next_dagrun for example_sensors to None, run_after=None
[2024-10-30T18:29:42.150+0000] {processor.py:183} INFO - Processing /home/airflow/.local/lib/python3.12/site-packages/airflow/example_dags/example_sensors.py took 0.227 seconds
[2024-10-30T18:30:12.338+0000] {processor.py:161} INFO - Started process (PID=418) to work on /home/airflow/.local/lib/python3.12/site-packages/airflow/example_dags/example_sensors.py
[2024-10-30T18:30:12.341+0000] {processor.py:830} INFO - Processing file /home/airflow/.local/lib/python3.12/site-packages/airflow/example_dags/example_sensors.py for tasks to queue
[2024-10-30T18:30:12.346+0000] {logging_mixin.py:188} INFO - [2024-10-30T18:30:12.345+0000] {dagbag.py:545} INFO - Filling up the DagBag from /home/airflow/.local/lib/python3.12/site-packages/airflow/example_dags/example_sensors.py
[2024-10-30T18:30:12.370+0000] {processor.py:840} INFO - DAG(s) 'example_sensors' retrieved from /home/airflow/.local/lib/python3.12/site-packages/airflow/example_dags/example_sensors.py
[2024-10-30T18:30:12.436+0000] {logging_mixin.py:188} INFO - [2024-10-30T18:30:12.436+0000] {dag.py:3089} INFO - Sync 1 DAGs
[2024-10-30T18:30:12.466+0000] {logging_mixin.py:188} INFO - [2024-10-30T18:30:12.466+0000] {dag.py:3947} INFO - Setting next_dagrun for example_sensors to None, run_after=None
[2024-10-30T18:30:12.514+0000] {processor.py:183} INFO - Processing /home/airflow/.local/lib/python3.12/site-packages/airflow/example_dags/example_sensors.py took 0.191 seconds
[2024-10-30T18:30:43.004+0000] {processor.py:161} INFO - Started process (PID=477) to work on /home/airflow/.local/lib/python3.12/site-packages/airflow/example_dags/example_sensors.py
[2024-10-30T18:30:43.007+0000] {processor.py:830} INFO - Processing file /home/airflow/.local/lib/python3.12/site-packages/airflow/example_dags/example_sensors.py for tasks to queue
[2024-10-30T18:30:43.011+0000] {logging_mixin.py:188} INFO - [2024-10-30T18:30:43.010+0000] {dagbag.py:545} INFO - Filling up the DagBag from /home/airflow/.local/lib/python3.12/site-packages/airflow/example_dags/example_sensors.py
[2024-10-30T18:30:43.042+0000] {processor.py:840} INFO - DAG(s) 'example_sensors' retrieved from /home/airflow/.local/lib/python3.12/site-packages/airflow/example_dags/example_sensors.py
[2024-10-30T18:30:43.112+0000] {logging_mixin.py:188} INFO - [2024-10-30T18:30:43.112+0000] {dag.py:3089} INFO - Sync 1 DAGs
[2024-10-30T18:30:43.145+0000] {logging_mixin.py:188} INFO - [2024-10-30T18:30:43.144+0000] {dag.py:3947} INFO - Setting next_dagrun for example_sensors to None, run_after=None
[2024-10-30T18:30:43.185+0000] {processor.py:183} INFO - Processing /home/airflow/.local/lib/python3.12/site-packages/airflow/example_dags/example_sensors.py took 0.198 seconds
[2024-10-30T18:31:15.762+0000] {processor.py:161} INFO - Started process (PID=537) to work on /home/airflow/.local/lib/python3.12/site-packages/airflow/example_dags/example_sensors.py
[2024-10-30T18:31:15.820+0000] {processor.py:830} INFO - Processing file /home/airflow/.local/lib/python3.12/site-packages/airflow/example_dags/example_sensors.py for tasks to queue
[2024-10-30T18:31:15.871+0000] {logging_mixin.py:188} INFO - [2024-10-30T18:31:15.870+0000] {dagbag.py:545} INFO - Filling up the DagBag from /home/airflow/.local/lib/python3.12/site-packages/airflow/example_dags/example_sensors.py
[2024-10-30T18:31:15.978+0000] {processor.py:840} INFO - DAG(s) 'example_sensors' retrieved from /home/airflow/.local/lib/python3.12/site-packages/airflow/example_dags/example_sensors.py
[2024-10-30T18:31:16.469+0000] {logging_mixin.py:188} INFO - [2024-10-30T18:31:16.468+0000] {dag.py:3089} INFO - Sync 1 DAGs
[2024-10-30T18:31:16.535+0000] {logging_mixin.py:188} INFO - [2024-10-30T18:31:16.534+0000] {dag.py:3947} INFO - Setting next_dagrun for example_sensors to None, run_after=None
[2024-10-30T18:31:16.637+0000] {processor.py:183} INFO - Processing /home/airflow/.local/lib/python3.12/site-packages/airflow/example_dags/example_sensors.py took 0.889 seconds
[2024-10-30T18:31:47.139+0000] {processor.py:161} INFO - Started process (PID=597) to work on /home/airflow/.local/lib/python3.12/site-packages/airflow/example_dags/example_sensors.py
[2024-10-30T18:31:47.142+0000] {processor.py:830} INFO - Processing file /home/airflow/.local/lib/python3.12/site-packages/airflow/example_dags/example_sensors.py for tasks to queue
[2024-10-30T18:31:47.151+0000] {logging_mixin.py:188} INFO - [2024-10-30T18:31:47.149+0000] {dagbag.py:545} INFO - Filling up the DagBag from /home/airflow/.local/lib/python3.12/site-packages/airflow/example_dags/example_sensors.py
[2024-10-30T18:31:47.183+0000] {processor.py:840} INFO - DAG(s) 'example_sensors' retrieved from /home/airflow/.local/lib/python3.12/site-packages/airflow/example_dags/example_sensors.py
[2024-10-30T18:31:47.318+0000] {logging_mixin.py:188} INFO - [2024-10-30T18:31:47.317+0000] {dag.py:3089} INFO - Sync 1 DAGs
[2024-10-30T18:31:47.422+0000] {logging_mixin.py:188} INFO - [2024-10-30T18:31:47.418+0000] {dag.py:3947} INFO - Setting next_dagrun for example_sensors to None, run_after=None
[2024-10-30T18:31:47.528+0000] {processor.py:183} INFO - Processing /home/airflow/.local/lib/python3.12/site-packages/airflow/example_dags/example_sensors.py took 0.414 seconds
[2024-10-30T18:32:18.206+0000] {processor.py:161} INFO - Started process (PID=657) to work on /home/airflow/.local/lib/python3.12/site-packages/airflow/example_dags/example_sensors.py
[2024-10-30T18:32:18.209+0000] {processor.py:830} INFO - Processing file /home/airflow/.local/lib/python3.12/site-packages/airflow/example_dags/example_sensors.py for tasks to queue
[2024-10-30T18:32:18.213+0000] {logging_mixin.py:188} INFO - [2024-10-30T18:32:18.212+0000] {dagbag.py:545} INFO - Filling up the DagBag from /home/airflow/.local/lib/python3.12/site-packages/airflow/example_dags/example_sensors.py
[2024-10-30T18:32:18.237+0000] {processor.py:840} INFO - DAG(s) 'example_sensors' retrieved from /home/airflow/.local/lib/python3.12/site-packages/airflow/example_dags/example_sensors.py
[2024-10-30T18:32:18.335+0000] {logging_mixin.py:188} INFO - [2024-10-30T18:32:18.335+0000] {dag.py:3089} INFO - Sync 1 DAGs
[2024-10-30T18:32:18.370+0000] {logging_mixin.py:188} INFO - [2024-10-30T18:32:18.369+0000] {dag.py:3947} INFO - Setting next_dagrun for example_sensors to None, run_after=None
[2024-10-30T18:32:18.426+0000] {processor.py:183} INFO - Processing /home/airflow/.local/lib/python3.12/site-packages/airflow/example_dags/example_sensors.py took 0.245 seconds
[2024-10-30T18:32:48.662+0000] {processor.py:161} INFO - Started process (PID=718) to work on /home/airflow/.local/lib/python3.12/site-packages/airflow/example_dags/example_sensors.py
[2024-10-30T18:32:48.666+0000] {processor.py:830} INFO - Processing file /home/airflow/.local/lib/python3.12/site-packages/airflow/example_dags/example_sensors.py for tasks to queue
[2024-10-30T18:32:48.672+0000] {logging_mixin.py:188} INFO - [2024-10-30T18:32:48.671+0000] {dagbag.py:545} INFO - Filling up the DagBag from /home/airflow/.local/lib/python3.12/site-packages/airflow/example_dags/example_sensors.py
[2024-10-30T18:32:48.746+0000] {processor.py:840} INFO - DAG(s) 'example_sensors' retrieved from /home/airflow/.local/lib/python3.12/site-packages/airflow/example_dags/example_sensors.py
[2024-10-30T18:32:49.159+0000] {logging_mixin.py:188} INFO - [2024-10-30T18:32:49.155+0000] {dag.py:3089} INFO - Sync 1 DAGs
[2024-10-30T18:32:49.260+0000] {logging_mixin.py:188} INFO - [2024-10-30T18:32:49.259+0000] {dag.py:3947} INFO - Setting next_dagrun for example_sensors to None, run_after=None
[2024-10-30T18:32:49.508+0000] {processor.py:183} INFO - Processing /home/airflow/.local/lib/python3.12/site-packages/airflow/example_dags/example_sensors.py took 0.871 seconds
[2024-10-30T18:33:20.178+0000] {processor.py:161} INFO - Started process (PID=778) to work on /home/airflow/.local/lib/python3.12/site-packages/airflow/example_dags/example_sensors.py
[2024-10-30T18:33:20.188+0000] {processor.py:830} INFO - Processing file /home/airflow/.local/lib/python3.12/site-packages/airflow/example_dags/example_sensors.py for tasks to queue
[2024-10-30T18:33:20.207+0000] {logging_mixin.py:188} INFO - [2024-10-30T18:33:20.206+0000] {dagbag.py:545} INFO - Filling up the DagBag from /home/airflow/.local/lib/python3.12/site-packages/airflow/example_dags/example_sensors.py
[2024-10-30T18:33:20.248+0000] {processor.py:840} INFO - DAG(s) 'example_sensors' retrieved from /home/airflow/.local/lib/python3.12/site-packages/airflow/example_dags/example_sensors.py
[2024-10-30T18:33:20.345+0000] {logging_mixin.py:188} INFO - [2024-10-30T18:33:20.344+0000] {dag.py:3089} INFO - Sync 1 DAGs
[2024-10-30T18:33:20.388+0000] {logging_mixin.py:188} INFO - [2024-10-30T18:33:20.388+0000] {dag.py:3947} INFO - Setting next_dagrun for example_sensors to None, run_after=None
[2024-10-30T18:33:20.440+0000] {processor.py:183} INFO - Processing /home/airflow/.local/lib/python3.12/site-packages/airflow/example_dags/example_sensors.py took 0.287 seconds
[2024-10-30T18:33:50.574+0000] {processor.py:161} INFO - Started process (PID=839) to work on /home/airflow/.local/lib/python3.12/site-packages/airflow/example_dags/example_sensors.py
[2024-10-30T18:33:50.578+0000] {processor.py:830} INFO - Processing file /home/airflow/.local/lib/python3.12/site-packages/airflow/example_dags/example_sensors.py for tasks to queue
[2024-10-30T18:33:50.584+0000] {logging_mixin.py:188} INFO - [2024-10-30T18:33:50.584+0000] {dagbag.py:545} INFO - Filling up the DagBag from /home/airflow/.local/lib/python3.12/site-packages/airflow/example_dags/example_sensors.py
[2024-10-30T18:33:50.611+0000] {processor.py:840} INFO - DAG(s) 'example_sensors' retrieved from /home/airflow/.local/lib/python3.12/site-packages/airflow/example_dags/example_sensors.py
[2024-10-30T18:33:50.718+0000] {logging_mixin.py:188} INFO - [2024-10-30T18:33:50.717+0000] {dag.py:3089} INFO - Sync 1 DAGs
[2024-10-30T18:33:50.777+0000] {logging_mixin.py:188} INFO - [2024-10-30T18:33:50.776+0000] {dag.py:3947} INFO - Setting next_dagrun for example_sensors to None, run_after=None
[2024-10-30T18:33:50.864+0000] {processor.py:183} INFO - Processing /home/airflow/.local/lib/python3.12/site-packages/airflow/example_dags/example_sensors.py took 0.312 seconds
[2024-10-30T18:34:21.022+0000] {processor.py:161} INFO - Started process (PID=899) to work on /home/airflow/.local/lib/python3.12/site-packages/airflow/example_dags/example_sensors.py
[2024-10-30T18:34:21.026+0000] {processor.py:830} INFO - Processing file /home/airflow/.local/lib/python3.12/site-packages/airflow/example_dags/example_sensors.py for tasks to queue
[2024-10-30T18:34:21.035+0000] {logging_mixin.py:188} INFO - [2024-10-30T18:34:21.034+0000] {dagbag.py:545} INFO - Filling up the DagBag from /home/airflow/.local/lib/python3.12/site-packages/airflow/example_dags/example_sensors.py
[2024-10-30T18:34:21.091+0000] {processor.py:840} INFO - DAG(s) 'example_sensors' retrieved from /home/airflow/.local/lib/python3.12/site-packages/airflow/example_dags/example_sensors.py
[2024-10-30T18:34:21.183+0000] {logging_mixin.py:188} INFO - [2024-10-30T18:34:21.183+0000] {dag.py:3089} INFO - Sync 1 DAGs
[2024-10-30T18:34:21.231+0000] {logging_mixin.py:188} INFO - [2024-10-30T18:34:21.231+0000] {dag.py:3947} INFO - Setting next_dagrun for example_sensors to None, run_after=None
[2024-10-30T18:34:21.309+0000] {processor.py:183} INFO - Processing /home/airflow/.local/lib/python3.12/site-packages/airflow/example_dags/example_sensors.py took 0.311 seconds
[2024-10-30T18:34:51.448+0000] {processor.py:161} INFO - Started process (PID=959) to work on /home/airflow/.local/lib/python3.12/site-packages/airflow/example_dags/example_sensors.py
[2024-10-30T18:34:51.454+0000] {processor.py:830} INFO - Processing file /home/airflow/.local/lib/python3.12/site-packages/airflow/example_dags/example_sensors.py for tasks to queue
[2024-10-30T18:34:51.463+0000] {logging_mixin.py:188} INFO - [2024-10-30T18:34:51.462+0000] {dagbag.py:545} INFO - Filling up the DagBag from /home/airflow/.local/lib/python3.12/site-packages/airflow/example_dags/example_sensors.py
[2024-10-30T18:34:51.516+0000] {processor.py:840} INFO - DAG(s) 'example_sensors' retrieved from /home/airflow/.local/lib/python3.12/site-packages/airflow/example_dags/example_sensors.py
[2024-10-30T18:34:51.681+0000] {logging_mixin.py:188} INFO - [2024-10-30T18:34:51.681+0000] {dag.py:3089} INFO - Sync 1 DAGs
[2024-10-30T18:34:51.722+0000] {logging_mixin.py:188} INFO - [2024-10-30T18:34:51.722+0000] {dag.py:3947} INFO - Setting next_dagrun for example_sensors to None, run_after=None
[2024-10-30T18:34:51.783+0000] {processor.py:183} INFO - Processing /home/airflow/.local/lib/python3.12/site-packages/airflow/example_dags/example_sensors.py took 0.379 seconds
[2024-10-30T18:35:21.988+0000] {processor.py:161} INFO - Started process (PID=1019) to work on /home/airflow/.local/lib/python3.12/site-packages/airflow/example_dags/example_sensors.py
[2024-10-30T18:35:21.991+0000] {processor.py:830} INFO - Processing file /home/airflow/.local/lib/python3.12/site-packages/airflow/example_dags/example_sensors.py for tasks to queue
[2024-10-30T18:35:21.996+0000] {logging_mixin.py:188} INFO - [2024-10-30T18:35:21.995+0000] {dagbag.py:545} INFO - Filling up the DagBag from /home/airflow/.local/lib/python3.12/site-packages/airflow/example_dags/example_sensors.py
[2024-10-30T18:35:22.018+0000] {processor.py:840} INFO - DAG(s) 'example_sensors' retrieved from /home/airflow/.local/lib/python3.12/site-packages/airflow/example_dags/example_sensors.py
[2024-10-30T18:35:22.091+0000] {logging_mixin.py:188} INFO - [2024-10-30T18:35:22.091+0000] {dag.py:3089} INFO - Sync 1 DAGs
[2024-10-30T18:35:22.127+0000] {logging_mixin.py:188} INFO - [2024-10-30T18:35:22.127+0000] {dag.py:3947} INFO - Setting next_dagrun for example_sensors to None, run_after=None
[2024-10-30T18:35:22.183+0000] {processor.py:183} INFO - Processing /home/airflow/.local/lib/python3.12/site-packages/airflow/example_dags/example_sensors.py took 0.217 seconds
[2024-10-30T18:35:52.761+0000] {processor.py:161} INFO - Started process (PID=1079) to work on /home/airflow/.local/lib/python3.12/site-packages/airflow/example_dags/example_sensors.py
[2024-10-30T18:35:52.763+0000] {processor.py:830} INFO - Processing file /home/airflow/.local/lib/python3.12/site-packages/airflow/example_dags/example_sensors.py for tasks to queue
[2024-10-30T18:35:52.770+0000] {logging_mixin.py:188} INFO - [2024-10-30T18:35:52.769+0000] {dagbag.py:545} INFO - Filling up the DagBag from /home/airflow/.local/lib/python3.12/site-packages/airflow/example_dags/example_sensors.py
[2024-10-30T18:35:52.808+0000] {processor.py:840} INFO - DAG(s) 'example_sensors' retrieved from /home/airflow/.local/lib/python3.12/site-packages/airflow/example_dags/example_sensors.py
[2024-10-30T18:35:52.902+0000] {logging_mixin.py:188} INFO - [2024-10-30T18:35:52.902+0000] {dag.py:3089} INFO - Sync 1 DAGs
[2024-10-30T18:35:52.943+0000] {logging_mixin.py:188} INFO - [2024-10-30T18:35:52.943+0000] {dag.py:3947} INFO - Setting next_dagrun for example_sensors to None, run_after=None
[2024-10-30T18:35:53.004+0000] {processor.py:183} INFO - Processing /home/airflow/.local/lib/python3.12/site-packages/airflow/example_dags/example_sensors.py took 0.261 seconds
[2024-10-30T18:36:23.429+0000] {processor.py:161} INFO - Started process (PID=1138) to work on /home/airflow/.local/lib/python3.12/site-packages/airflow/example_dags/example_sensors.py
[2024-10-30T18:36:23.432+0000] {processor.py:830} INFO - Processing file /home/airflow/.local/lib/python3.12/site-packages/airflow/example_dags/example_sensors.py for tasks to queue
[2024-10-30T18:36:23.437+0000] {logging_mixin.py:188} INFO - [2024-10-30T18:36:23.436+0000] {dagbag.py:545} INFO - Filling up the DagBag from /home/airflow/.local/lib/python3.12/site-packages/airflow/example_dags/example_sensors.py
[2024-10-30T18:36:23.463+0000] {processor.py:840} INFO - DAG(s) 'example_sensors' retrieved from /home/airflow/.local/lib/python3.12/site-packages/airflow/example_dags/example_sensors.py
[2024-10-30T18:36:23.541+0000] {logging_mixin.py:188} INFO - [2024-10-30T18:36:23.540+0000] {dag.py:3089} INFO - Sync 1 DAGs
[2024-10-30T18:36:23.576+0000] {logging_mixin.py:188} INFO - [2024-10-30T18:36:23.575+0000] {dag.py:3947} INFO - Setting next_dagrun for example_sensors to None, run_after=None
[2024-10-30T18:36:23.623+0000] {processor.py:183} INFO - Processing /home/airflow/.local/lib/python3.12/site-packages/airflow/example_dags/example_sensors.py took 0.214 seconds
[2024-10-30T18:36:54.311+0000] {processor.py:161} INFO - Started process (PID=1198) to work on /home/airflow/.local/lib/python3.12/site-packages/airflow/example_dags/example_sensors.py
[2024-10-30T18:36:54.314+0000] {processor.py:830} INFO - Processing file /home/airflow/.local/lib/python3.12/site-packages/airflow/example_dags/example_sensors.py for tasks to queue
[2024-10-30T18:36:54.320+0000] {logging_mixin.py:188} INFO - [2024-10-30T18:36:54.319+0000] {dagbag.py:545} INFO - Filling up the DagBag from /home/airflow/.local/lib/python3.12/site-packages/airflow/example_dags/example_sensors.py
[2024-10-30T18:36:54.348+0000] {processor.py:840} INFO - DAG(s) 'example_sensors' retrieved from /home/airflow/.local/lib/python3.12/site-packages/airflow/example_dags/example_sensors.py
[2024-10-30T18:36:54.439+0000] {logging_mixin.py:188} INFO - [2024-10-30T18:36:54.439+0000] {dag.py:3089} INFO - Sync 1 DAGs
[2024-10-30T18:36:54.484+0000] {logging_mixin.py:188} INFO - [2024-10-30T18:36:54.484+0000] {dag.py:3947} INFO - Setting next_dagrun for example_sensors to None, run_after=None
[2024-10-30T18:36:54.562+0000] {processor.py:183} INFO - Processing /home/airflow/.local/lib/python3.12/site-packages/airflow/example_dags/example_sensors.py took 0.285 seconds
[2024-10-30T18:37:24.803+0000] {processor.py:161} INFO - Started process (PID=1257) to work on /home/airflow/.local/lib/python3.12/site-packages/airflow/example_dags/example_sensors.py
[2024-10-30T18:37:24.807+0000] {processor.py:830} INFO - Processing file /home/airflow/.local/lib/python3.12/site-packages/airflow/example_dags/example_sensors.py for tasks to queue
[2024-10-30T18:37:24.813+0000] {logging_mixin.py:188} INFO - [2024-10-30T18:37:24.812+0000] {dagbag.py:545} INFO - Filling up the DagBag from /home/airflow/.local/lib/python3.12/site-packages/airflow/example_dags/example_sensors.py
[2024-10-30T18:37:24.835+0000] {processor.py:840} INFO - DAG(s) 'example_sensors' retrieved from /home/airflow/.local/lib/python3.12/site-packages/airflow/example_dags/example_sensors.py
[2024-10-30T18:37:24.897+0000] {logging_mixin.py:188} INFO - [2024-10-30T18:37:24.896+0000] {dag.py:3089} INFO - Sync 1 DAGs
[2024-10-30T18:37:24.924+0000] {logging_mixin.py:188} INFO - [2024-10-30T18:37:24.924+0000] {dag.py:3947} INFO - Setting next_dagrun for example_sensors to None, run_after=None
[2024-10-30T18:37:24.978+0000] {processor.py:183} INFO - Processing /home/airflow/.local/lib/python3.12/site-packages/airflow/example_dags/example_sensors.py took 0.189 seconds
[2024-10-30T18:37:55.393+0000] {processor.py:161} INFO - Started process (PID=1318) to work on /home/airflow/.local/lib/python3.12/site-packages/airflow/example_dags/example_sensors.py
[2024-10-30T18:37:55.396+0000] {processor.py:830} INFO - Processing file /home/airflow/.local/lib/python3.12/site-packages/airflow/example_dags/example_sensors.py for tasks to queue
[2024-10-30T18:37:55.403+0000] {logging_mixin.py:188} INFO - [2024-10-30T18:37:55.402+0000] {dagbag.py:545} INFO - Filling up the DagBag from /home/airflow/.local/lib/python3.12/site-packages/airflow/example_dags/example_sensors.py
[2024-10-30T18:37:55.429+0000] {processor.py:840} INFO - DAG(s) 'example_sensors' retrieved from /home/airflow/.local/lib/python3.12/site-packages/airflow/example_dags/example_sensors.py
[2024-10-30T18:37:55.530+0000] {logging_mixin.py:188} INFO - [2024-10-30T18:37:55.529+0000] {dag.py:3089} INFO - Sync 1 DAGs
[2024-10-30T18:37:55.573+0000] {logging_mixin.py:188} INFO - [2024-10-30T18:37:55.572+0000] {dag.py:3947} INFO - Setting next_dagrun for example_sensors to None, run_after=None
[2024-10-30T18:37:55.628+0000] {processor.py:183} INFO - Processing /home/airflow/.local/lib/python3.12/site-packages/airflow/example_dags/example_sensors.py took 0.256 seconds
[2024-10-30T18:38:25.708+0000] {processor.py:161} INFO - Started process (PID=1375) to work on /home/airflow/.local/lib/python3.12/site-packages/airflow/example_dags/example_sensors.py
[2024-10-30T18:38:25.710+0000] {processor.py:830} INFO - Processing file /home/airflow/.local/lib/python3.12/site-packages/airflow/example_dags/example_sensors.py for tasks to queue
[2024-10-30T18:38:25.714+0000] {logging_mixin.py:188} INFO - [2024-10-30T18:38:25.714+0000] {dagbag.py:545} INFO - Filling up the DagBag from /home/airflow/.local/lib/python3.12/site-packages/airflow/example_dags/example_sensors.py
[2024-10-30T18:38:25.738+0000] {processor.py:840} INFO - DAG(s) 'example_sensors' retrieved from /home/airflow/.local/lib/python3.12/site-packages/airflow/example_dags/example_sensors.py
[2024-10-30T18:38:25.813+0000] {logging_mixin.py:188} INFO - [2024-10-30T18:38:25.812+0000] {dag.py:3089} INFO - Sync 1 DAGs
[2024-10-30T18:38:25.841+0000] {logging_mixin.py:188} INFO - [2024-10-30T18:38:25.841+0000] {dag.py:3947} INFO - Setting next_dagrun for example_sensors to None, run_after=None
[2024-10-30T18:38:25.889+0000] {processor.py:183} INFO - Processing /home/airflow/.local/lib/python3.12/site-packages/airflow/example_dags/example_sensors.py took 0.197 seconds
[2024-10-30T18:38:56.531+0000] {processor.py:161} INFO - Started process (PID=1435) to work on /home/airflow/.local/lib/python3.12/site-packages/airflow/example_dags/example_sensors.py
[2024-10-30T18:38:56.535+0000] {processor.py:830} INFO - Processing file /home/airflow/.local/lib/python3.12/site-packages/airflow/example_dags/example_sensors.py for tasks to queue
[2024-10-30T18:38:56.543+0000] {logging_mixin.py:188} INFO - [2024-10-30T18:38:56.542+0000] {dagbag.py:545} INFO - Filling up the DagBag from /home/airflow/.local/lib/python3.12/site-packages/airflow/example_dags/example_sensors.py
[2024-10-30T18:38:56.565+0000] {processor.py:840} INFO - DAG(s) 'example_sensors' retrieved from /home/airflow/.local/lib/python3.12/site-packages/airflow/example_dags/example_sensors.py
[2024-10-30T18:38:56.654+0000] {logging_mixin.py:188} INFO - [2024-10-30T18:38:56.653+0000] {dag.py:3089} INFO - Sync 1 DAGs
[2024-10-30T18:38:56.691+0000] {logging_mixin.py:188} INFO - [2024-10-30T18:38:56.690+0000] {dag.py:3947} INFO - Setting next_dagrun for example_sensors to None, run_after=None
[2024-10-30T18:38:56.758+0000] {processor.py:183} INFO - Processing /home/airflow/.local/lib/python3.12/site-packages/airflow/example_dags/example_sensors.py took 0.248 seconds
[2024-10-30T18:39:27.653+0000] {processor.py:161} INFO - Started process (PID=1495) to work on /home/airflow/.local/lib/python3.12/site-packages/airflow/example_dags/example_sensors.py
[2024-10-30T18:39:27.657+0000] {processor.py:830} INFO - Processing file /home/airflow/.local/lib/python3.12/site-packages/airflow/example_dags/example_sensors.py for tasks to queue
[2024-10-30T18:39:27.666+0000] {logging_mixin.py:188} INFO - [2024-10-30T18:39:27.664+0000] {dagbag.py:545} INFO - Filling up the DagBag from /home/airflow/.local/lib/python3.12/site-packages/airflow/example_dags/example_sensors.py
[2024-10-30T18:39:27.702+0000] {processor.py:840} INFO - DAG(s) 'example_sensors' retrieved from /home/airflow/.local/lib/python3.12/site-packages/airflow/example_dags/example_sensors.py
[2024-10-30T18:39:27.826+0000] {logging_mixin.py:188} INFO - [2024-10-30T18:39:27.825+0000] {dag.py:3089} INFO - Sync 1 DAGs
[2024-10-30T18:39:27.871+0000] {logging_mixin.py:188} INFO - [2024-10-30T18:39:27.870+0000] {dag.py:3947} INFO - Setting next_dagrun for example_sensors to None, run_after=None
[2024-10-30T18:39:27.928+0000] {processor.py:183} INFO - Processing /home/airflow/.local/lib/python3.12/site-packages/airflow/example_dags/example_sensors.py took 0.300 seconds
[2024-10-30T18:39:58.219+0000] {processor.py:161} INFO - Started process (PID=1554) to work on /home/airflow/.local/lib/python3.12/site-packages/airflow/example_dags/example_sensors.py
[2024-10-30T18:39:58.222+0000] {processor.py:830} INFO - Processing file /home/airflow/.local/lib/python3.12/site-packages/airflow/example_dags/example_sensors.py for tasks to queue
[2024-10-30T18:39:58.227+0000] {logging_mixin.py:188} INFO - [2024-10-30T18:39:58.227+0000] {dagbag.py:545} INFO - Filling up the DagBag from /home/airflow/.local/lib/python3.12/site-packages/airflow/example_dags/example_sensors.py
[2024-10-30T18:39:58.258+0000] {processor.py:840} INFO - DAG(s) 'example_sensors' retrieved from /home/airflow/.local/lib/python3.12/site-packages/airflow/example_dags/example_sensors.py
[2024-10-30T18:39:58.328+0000] {logging_mixin.py:188} INFO - [2024-10-30T18:39:58.327+0000] {dag.py:3089} INFO - Sync 1 DAGs
[2024-10-30T18:39:58.373+0000] {logging_mixin.py:188} INFO - [2024-10-30T18:39:58.372+0000] {dag.py:3947} INFO - Setting next_dagrun for example_sensors to None, run_after=None
[2024-10-30T18:39:58.432+0000] {processor.py:183} INFO - Processing /home/airflow/.local/lib/python3.12/site-packages/airflow/example_dags/example_sensors.py took 0.232 seconds
[2024-10-30T18:40:28.855+0000] {processor.py:161} INFO - Started process (PID=1613) to work on /home/airflow/.local/lib/python3.12/site-packages/airflow/example_dags/example_sensors.py
[2024-10-30T18:40:28.859+0000] {processor.py:830} INFO - Processing file /home/airflow/.local/lib/python3.12/site-packages/airflow/example_dags/example_sensors.py for tasks to queue
[2024-10-30T18:40:28.863+0000] {logging_mixin.py:188} INFO - [2024-10-30T18:40:28.862+0000] {dagbag.py:545} INFO - Filling up the DagBag from /home/airflow/.local/lib/python3.12/site-packages/airflow/example_dags/example_sensors.py
[2024-10-30T18:40:28.891+0000] {processor.py:840} INFO - DAG(s) 'example_sensors' retrieved from /home/airflow/.local/lib/python3.12/site-packages/airflow/example_dags/example_sensors.py
[2024-10-30T18:40:28.951+0000] {logging_mixin.py:188} INFO - [2024-10-30T18:40:28.951+0000] {dag.py:3089} INFO - Sync 1 DAGs
[2024-10-30T18:40:28.985+0000] {logging_mixin.py:188} INFO - [2024-10-30T18:40:28.984+0000] {dag.py:3947} INFO - Setting next_dagrun for example_sensors to None, run_after=None
[2024-10-30T18:40:29.035+0000] {processor.py:183} INFO - Processing /home/airflow/.local/lib/python3.12/site-packages/airflow/example_dags/example_sensors.py took 0.209 seconds
[2024-10-30T18:40:59.662+0000] {processor.py:161} INFO - Started process (PID=1674) to work on /home/airflow/.local/lib/python3.12/site-packages/airflow/example_dags/example_sensors.py
[2024-10-30T18:40:59.664+0000] {processor.py:830} INFO - Processing file /home/airflow/.local/lib/python3.12/site-packages/airflow/example_dags/example_sensors.py for tasks to queue
[2024-10-30T18:40:59.670+0000] {logging_mixin.py:188} INFO - [2024-10-30T18:40:59.669+0000] {dagbag.py:545} INFO - Filling up the DagBag from /home/airflow/.local/lib/python3.12/site-packages/airflow/example_dags/example_sensors.py
[2024-10-30T18:40:59.698+0000] {processor.py:840} INFO - DAG(s) 'example_sensors' retrieved from /home/airflow/.local/lib/python3.12/site-packages/airflow/example_dags/example_sensors.py
[2024-10-30T18:40:59.782+0000] {logging_mixin.py:188} INFO - [2024-10-30T18:40:59.781+0000] {dag.py:3089} INFO - Sync 1 DAGs
[2024-10-30T18:40:59.814+0000] {logging_mixin.py:188} INFO - [2024-10-30T18:40:59.814+0000] {dag.py:3947} INFO - Setting next_dagrun for example_sensors to None, run_after=None
[2024-10-30T18:40:59.871+0000] {processor.py:183} INFO - Processing /home/airflow/.local/lib/python3.12/site-packages/airflow/example_dags/example_sensors.py took 0.227 seconds
[2024-10-30T18:41:30.211+0000] {processor.py:161} INFO - Started process (PID=1732) to work on /home/airflow/.local/lib/python3.12/site-packages/airflow/example_dags/example_sensors.py
[2024-10-30T18:41:30.215+0000] {processor.py:830} INFO - Processing file /home/airflow/.local/lib/python3.12/site-packages/airflow/example_dags/example_sensors.py for tasks to queue
[2024-10-30T18:41:30.222+0000] {logging_mixin.py:188} INFO - [2024-10-30T18:41:30.222+0000] {dagbag.py:545} INFO - Filling up the DagBag from /home/airflow/.local/lib/python3.12/site-packages/airflow/example_dags/example_sensors.py
[2024-10-30T18:41:30.248+0000] {processor.py:840} INFO - DAG(s) 'example_sensors' retrieved from /home/airflow/.local/lib/python3.12/site-packages/airflow/example_dags/example_sensors.py
[2024-10-30T18:41:30.327+0000] {logging_mixin.py:188} INFO - [2024-10-30T18:41:30.326+0000] {dag.py:3089} INFO - Sync 1 DAGs
[2024-10-30T18:41:30.362+0000] {logging_mixin.py:188} INFO - [2024-10-30T18:41:30.361+0000] {dag.py:3947} INFO - Setting next_dagrun for example_sensors to None, run_after=None
[2024-10-30T18:41:30.418+0000] {processor.py:183} INFO - Processing /home/airflow/.local/lib/python3.12/site-packages/airflow/example_dags/example_sensors.py took 0.226 seconds
[2024-10-30T18:42:01.155+0000] {processor.py:161} INFO - Started process (PID=1793) to work on /home/airflow/.local/lib/python3.12/site-packages/airflow/example_dags/example_sensors.py
[2024-10-30T18:42:01.158+0000] {processor.py:830} INFO - Processing file /home/airflow/.local/lib/python3.12/site-packages/airflow/example_dags/example_sensors.py for tasks to queue
[2024-10-30T18:42:01.163+0000] {logging_mixin.py:188} INFO - [2024-10-30T18:42:01.163+0000] {dagbag.py:545} INFO - Filling up the DagBag from /home/airflow/.local/lib/python3.12/site-packages/airflow/example_dags/example_sensors.py
[2024-10-30T18:42:01.188+0000] {processor.py:840} INFO - DAG(s) 'example_sensors' retrieved from /home/airflow/.local/lib/python3.12/site-packages/airflow/example_dags/example_sensors.py
[2024-10-30T18:42:01.306+0000] {logging_mixin.py:188} INFO - [2024-10-30T18:42:01.306+0000] {dag.py:3089} INFO - Sync 1 DAGs
[2024-10-30T18:42:01.384+0000] {logging_mixin.py:188} INFO - [2024-10-30T18:42:01.383+0000] {dag.py:3947} INFO - Setting next_dagrun for example_sensors to None, run_after=None
[2024-10-30T18:42:01.457+0000] {processor.py:183} INFO - Processing /home/airflow/.local/lib/python3.12/site-packages/airflow/example_dags/example_sensors.py took 0.319 seconds
[2024-10-30T18:42:31.687+0000] {processor.py:161} INFO - Started process (PID=1853) to work on /home/airflow/.local/lib/python3.12/site-packages/airflow/example_dags/example_sensors.py
[2024-10-30T18:42:31.690+0000] {processor.py:830} INFO - Processing file /home/airflow/.local/lib/python3.12/site-packages/airflow/example_dags/example_sensors.py for tasks to queue
[2024-10-30T18:42:31.696+0000] {logging_mixin.py:188} INFO - [2024-10-30T18:42:31.694+0000] {dagbag.py:545} INFO - Filling up the DagBag from /home/airflow/.local/lib/python3.12/site-packages/airflow/example_dags/example_sensors.py
[2024-10-30T18:42:31.724+0000] {processor.py:840} INFO - DAG(s) 'example_sensors' retrieved from /home/airflow/.local/lib/python3.12/site-packages/airflow/example_dags/example_sensors.py
[2024-10-30T18:42:31.827+0000] {logging_mixin.py:188} INFO - [2024-10-30T18:42:31.827+0000] {dag.py:3089} INFO - Sync 1 DAGs
[2024-10-30T18:42:31.863+0000] {logging_mixin.py:188} INFO - [2024-10-30T18:42:31.863+0000] {dag.py:3947} INFO - Setting next_dagrun for example_sensors to None, run_after=None
[2024-10-30T18:42:31.915+0000] {processor.py:183} INFO - Processing /home/airflow/.local/lib/python3.12/site-packages/airflow/example_dags/example_sensors.py took 0.251 seconds
[2024-10-30T18:43:02.755+0000] {processor.py:161} INFO - Started process (PID=1913) to work on /home/airflow/.local/lib/python3.12/site-packages/airflow/example_dags/example_sensors.py
[2024-10-30T18:43:02.758+0000] {processor.py:830} INFO - Processing file /home/airflow/.local/lib/python3.12/site-packages/airflow/example_dags/example_sensors.py for tasks to queue
[2024-10-30T18:43:02.763+0000] {logging_mixin.py:188} INFO - [2024-10-30T18:43:02.761+0000] {dagbag.py:545} INFO - Filling up the DagBag from /home/airflow/.local/lib/python3.12/site-packages/airflow/example_dags/example_sensors.py
[2024-10-30T18:43:02.787+0000] {processor.py:840} INFO - DAG(s) 'example_sensors' retrieved from /home/airflow/.local/lib/python3.12/site-packages/airflow/example_dags/example_sensors.py
[2024-10-30T18:43:02.860+0000] {logging_mixin.py:188} INFO - [2024-10-30T18:43:02.860+0000] {dag.py:3089} INFO - Sync 1 DAGs
[2024-10-30T18:43:02.899+0000] {logging_mixin.py:188} INFO - [2024-10-30T18:43:02.898+0000] {dag.py:3947} INFO - Setting next_dagrun for example_sensors to None, run_after=None
[2024-10-30T18:43:02.964+0000] {processor.py:183} INFO - Processing /home/airflow/.local/lib/python3.12/site-packages/airflow/example_dags/example_sensors.py took 0.225 seconds
[2024-10-30T18:43:33.520+0000] {processor.py:161} INFO - Started process (PID=1973) to work on /home/airflow/.local/lib/python3.12/site-packages/airflow/example_dags/example_sensors.py
[2024-10-30T18:43:33.523+0000] {processor.py:830} INFO - Processing file /home/airflow/.local/lib/python3.12/site-packages/airflow/example_dags/example_sensors.py for tasks to queue
[2024-10-30T18:43:33.529+0000] {logging_mixin.py:188} INFO - [2024-10-30T18:43:33.527+0000] {dagbag.py:545} INFO - Filling up the DagBag from /home/airflow/.local/lib/python3.12/site-packages/airflow/example_dags/example_sensors.py
[2024-10-30T18:43:33.557+0000] {processor.py:840} INFO - DAG(s) 'example_sensors' retrieved from /home/airflow/.local/lib/python3.12/site-packages/airflow/example_dags/example_sensors.py
[2024-10-30T18:43:33.642+0000] {logging_mixin.py:188} INFO - [2024-10-30T18:43:33.642+0000] {dag.py:3089} INFO - Sync 1 DAGs
[2024-10-30T18:43:33.679+0000] {logging_mixin.py:188} INFO - [2024-10-30T18:43:33.678+0000] {dag.py:3947} INFO - Setting next_dagrun for example_sensors to None, run_after=None
[2024-10-30T18:43:33.732+0000] {processor.py:183} INFO - Processing /home/airflow/.local/lib/python3.12/site-packages/airflow/example_dags/example_sensors.py took 0.230 seconds
[2024-10-30T18:44:03.809+0000] {processor.py:161} INFO - Started process (PID=2033) to work on /home/airflow/.local/lib/python3.12/site-packages/airflow/example_dags/example_sensors.py
[2024-10-30T18:44:03.812+0000] {processor.py:830} INFO - Processing file /home/airflow/.local/lib/python3.12/site-packages/airflow/example_dags/example_sensors.py for tasks to queue
[2024-10-30T18:44:03.818+0000] {logging_mixin.py:188} INFO - [2024-10-30T18:44:03.816+0000] {dagbag.py:545} INFO - Filling up the DagBag from /home/airflow/.local/lib/python3.12/site-packages/airflow/example_dags/example_sensors.py
[2024-10-30T18:44:03.843+0000] {processor.py:840} INFO - DAG(s) 'example_sensors' retrieved from /home/airflow/.local/lib/python3.12/site-packages/airflow/example_dags/example_sensors.py
[2024-10-30T18:44:03.922+0000] {logging_mixin.py:188} INFO - [2024-10-30T18:44:03.920+0000] {dag.py:3089} INFO - Sync 1 DAGs
[2024-10-30T18:44:03.968+0000] {logging_mixin.py:188} INFO - [2024-10-30T18:44:03.967+0000] {dag.py:3947} INFO - Setting next_dagrun for example_sensors to None, run_after=None
[2024-10-30T18:44:04.022+0000] {processor.py:183} INFO - Processing /home/airflow/.local/lib/python3.12/site-packages/airflow/example_dags/example_sensors.py took 0.232 seconds
[2024-10-30T18:44:34.156+0000] {processor.py:161} INFO - Started process (PID=2092) to work on /home/airflow/.local/lib/python3.12/site-packages/airflow/example_dags/example_sensors.py
[2024-10-30T18:44:34.159+0000] {processor.py:830} INFO - Processing file /home/airflow/.local/lib/python3.12/site-packages/airflow/example_dags/example_sensors.py for tasks to queue
[2024-10-30T18:44:34.165+0000] {logging_mixin.py:188} INFO - [2024-10-30T18:44:34.164+0000] {dagbag.py:545} INFO - Filling up the DagBag from /home/airflow/.local/lib/python3.12/site-packages/airflow/example_dags/example_sensors.py
[2024-10-30T18:44:34.203+0000] {processor.py:840} INFO - DAG(s) 'example_sensors' retrieved from /home/airflow/.local/lib/python3.12/site-packages/airflow/example_dags/example_sensors.py
[2024-10-30T18:44:34.296+0000] {logging_mixin.py:188} INFO - [2024-10-30T18:44:34.295+0000] {dag.py:3089} INFO - Sync 1 DAGs
[2024-10-30T18:44:34.347+0000] {logging_mixin.py:188} INFO - [2024-10-30T18:44:34.347+0000] {dag.py:3947} INFO - Setting next_dagrun for example_sensors to None, run_after=None
[2024-10-30T18:44:34.422+0000] {processor.py:183} INFO - Processing /home/airflow/.local/lib/python3.12/site-packages/airflow/example_dags/example_sensors.py took 0.284 seconds
[2024-10-30T18:45:05.494+0000] {processor.py:161} INFO - Started process (PID=2153) to work on /home/airflow/.local/lib/python3.12/site-packages/airflow/example_dags/example_sensors.py
[2024-10-30T18:45:05.506+0000] {processor.py:830} INFO - Processing file /home/airflow/.local/lib/python3.12/site-packages/airflow/example_dags/example_sensors.py for tasks to queue
[2024-10-30T18:45:05.516+0000] {logging_mixin.py:188} INFO - [2024-10-30T18:45:05.514+0000] {dagbag.py:545} INFO - Filling up the DagBag from /home/airflow/.local/lib/python3.12/site-packages/airflow/example_dags/example_sensors.py
[2024-10-30T18:45:05.608+0000] {processor.py:840} INFO - DAG(s) 'example_sensors' retrieved from /home/airflow/.local/lib/python3.12/site-packages/airflow/example_dags/example_sensors.py
[2024-10-30T18:45:05.839+0000] {logging_mixin.py:188} INFO - [2024-10-30T18:45:05.838+0000] {dag.py:3089} INFO - Sync 1 DAGs
[2024-10-30T18:45:05.890+0000] {logging_mixin.py:188} INFO - [2024-10-30T18:45:05.889+0000] {dag.py:3947} INFO - Setting next_dagrun for example_sensors to None, run_after=None
[2024-10-30T18:45:05.975+0000] {processor.py:183} INFO - Processing /home/airflow/.local/lib/python3.12/site-packages/airflow/example_dags/example_sensors.py took 0.529 seconds
[2024-10-30T18:45:39.496+0000] {processor.py:161} INFO - Started process (PID=2213) to work on /home/airflow/.local/lib/python3.12/site-packages/airflow/example_dags/example_sensors.py
[2024-10-30T18:45:39.509+0000] {processor.py:830} INFO - Processing file /home/airflow/.local/lib/python3.12/site-packages/airflow/example_dags/example_sensors.py for tasks to queue
[2024-10-30T18:45:39.524+0000] {logging_mixin.py:188} INFO - [2024-10-30T18:45:39.522+0000] {dagbag.py:545} INFO - Filling up the DagBag from /home/airflow/.local/lib/python3.12/site-packages/airflow/example_dags/example_sensors.py
[2024-10-30T18:45:39.699+0000] {processor.py:840} INFO - DAG(s) 'example_sensors' retrieved from /home/airflow/.local/lib/python3.12/site-packages/airflow/example_dags/example_sensors.py
[2024-10-30T18:45:40.054+0000] {logging_mixin.py:188} INFO - [2024-10-30T18:45:40.053+0000] {dag.py:3089} INFO - Sync 1 DAGs
[2024-10-30T18:45:40.115+0000] {logging_mixin.py:188} INFO - [2024-10-30T18:45:40.114+0000] {dag.py:3947} INFO - Setting next_dagrun for example_sensors to None, run_after=None
[2024-10-30T18:45:40.385+0000] {processor.py:183} INFO - Processing /home/airflow/.local/lib/python3.12/site-packages/airflow/example_dags/example_sensors.py took 0.909 seconds
[2024-10-30T18:46:54.855+0000] {processor.py:161} INFO - Started process (PID=2264) to work on /home/airflow/.local/lib/python3.12/site-packages/airflow/example_dags/example_sensors.py
[2024-10-30T18:46:54.865+0000] {processor.py:830} INFO - Processing file /home/airflow/.local/lib/python3.12/site-packages/airflow/example_dags/example_sensors.py for tasks to queue
[2024-10-30T18:46:54.880+0000] {logging_mixin.py:188} INFO - [2024-10-30T18:46:54.876+0000] {dagbag.py:545} INFO - Filling up the DagBag from /home/airflow/.local/lib/python3.12/site-packages/airflow/example_dags/example_sensors.py
[2024-10-30T18:46:55.095+0000] {processor.py:840} INFO - DAG(s) 'example_sensors' retrieved from /home/airflow/.local/lib/python3.12/site-packages/airflow/example_dags/example_sensors.py
[2024-10-30T18:46:55.980+0000] {logging_mixin.py:188} INFO - [2024-10-30T18:46:55.980+0000] {dag.py:3089} INFO - Sync 1 DAGs
[2024-10-30T18:46:56.184+0000] {logging_mixin.py:188} INFO - [2024-10-30T18:46:56.184+0000] {dag.py:3947} INFO - Setting next_dagrun for example_sensors to None, run_after=None
[2024-10-30T18:46:56.672+0000] {processor.py:183} INFO - Processing /home/airflow/.local/lib/python3.12/site-packages/airflow/example_dags/example_sensors.py took 1.873 seconds
[2024-10-30T18:47:39.597+0000] {processor.py:161} INFO - Started process (PID=2315) to work on /home/airflow/.local/lib/python3.12/site-packages/airflow/example_dags/example_sensors.py
[2024-10-30T18:47:39.626+0000] {processor.py:830} INFO - Processing file /home/airflow/.local/lib/python3.12/site-packages/airflow/example_dags/example_sensors.py for tasks to queue
[2024-10-30T18:47:39.637+0000] {logging_mixin.py:188} INFO - [2024-10-30T18:47:39.636+0000] {dagbag.py:545} INFO - Filling up the DagBag from /home/airflow/.local/lib/python3.12/site-packages/airflow/example_dags/example_sensors.py
[2024-10-30T18:47:39.820+0000] {processor.py:840} INFO - DAG(s) 'example_sensors' retrieved from /home/airflow/.local/lib/python3.12/site-packages/airflow/example_dags/example_sensors.py
[2024-10-30T18:47:40.059+0000] {logging_mixin.py:188} INFO - [2024-10-30T18:47:40.058+0000] {dag.py:3089} INFO - Sync 1 DAGs
[2024-10-30T18:47:40.172+0000] {logging_mixin.py:188} INFO - [2024-10-30T18:47:40.171+0000] {dag.py:3947} INFO - Setting next_dagrun for example_sensors to None, run_after=None
[2024-10-30T18:47:40.394+0000] {processor.py:183} INFO - Processing /home/airflow/.local/lib/python3.12/site-packages/airflow/example_dags/example_sensors.py took 0.876 seconds
[2024-10-30T18:48:21.495+0000] {processor.py:161} INFO - Started process (PID=2364) to work on /home/airflow/.local/lib/python3.12/site-packages/airflow/example_dags/example_sensors.py
[2024-10-30T18:48:21.498+0000] {processor.py:830} INFO - Processing file /home/airflow/.local/lib/python3.12/site-packages/airflow/example_dags/example_sensors.py for tasks to queue
[2024-10-30T18:48:21.502+0000] {logging_mixin.py:188} INFO - [2024-10-30T18:48:21.499+0000] {dagbag.py:545} INFO - Filling up the DagBag from /home/airflow/.local/lib/python3.12/site-packages/airflow/example_dags/example_sensors.py
[2024-10-30T18:48:21.538+0000] {processor.py:840} INFO - DAG(s) 'example_sensors' retrieved from /home/airflow/.local/lib/python3.12/site-packages/airflow/example_dags/example_sensors.py
[2024-10-30T18:48:21.646+0000] {logging_mixin.py:188} INFO - [2024-10-30T18:48:21.645+0000] {dag.py:3089} INFO - Sync 1 DAGs
[2024-10-30T18:48:21.692+0000] {logging_mixin.py:188} INFO - [2024-10-30T18:48:21.692+0000] {dag.py:3947} INFO - Setting next_dagrun for example_sensors to None, run_after=None
[2024-10-30T18:48:21.776+0000] {processor.py:183} INFO - Processing /home/airflow/.local/lib/python3.12/site-packages/airflow/example_dags/example_sensors.py took 0.309 seconds
[2024-10-30T18:48:54.473+0000] {processor.py:161} INFO - Started process (PID=2424) to work on /home/airflow/.local/lib/python3.12/site-packages/airflow/example_dags/example_sensors.py
[2024-10-30T18:48:54.476+0000] {processor.py:830} INFO - Processing file /home/airflow/.local/lib/python3.12/site-packages/airflow/example_dags/example_sensors.py for tasks to queue
[2024-10-30T18:48:54.494+0000] {logging_mixin.py:188} INFO - [2024-10-30T18:48:54.488+0000] {dagbag.py:545} INFO - Filling up the DagBag from /home/airflow/.local/lib/python3.12/site-packages/airflow/example_dags/example_sensors.py
[2024-10-30T18:48:54.630+0000] {processor.py:840} INFO - DAG(s) 'example_sensors' retrieved from /home/airflow/.local/lib/python3.12/site-packages/airflow/example_dags/example_sensors.py
[2024-10-30T18:48:54.988+0000] {logging_mixin.py:188} INFO - [2024-10-30T18:48:54.988+0000] {dag.py:3089} INFO - Sync 1 DAGs
[2024-10-30T18:48:55.068+0000] {logging_mixin.py:188} INFO - [2024-10-30T18:48:55.067+0000] {dag.py:3947} INFO - Setting next_dagrun for example_sensors to None, run_after=None
[2024-10-30T18:48:55.214+0000] {processor.py:183} INFO - Processing /home/airflow/.local/lib/python3.12/site-packages/airflow/example_dags/example_sensors.py took 0.874 seconds
