[2024-10-30T18:25:58.285+0000] {processor.py:161} INFO - Started process (PID=41) to work on /home/airflow/.local/lib/python3.12/site-packages/airflow/example_dags/example_external_task_marker_dag.py
[2024-10-30T18:25:58.300+0000] {processor.py:830} INFO - Processing file /home/airflow/.local/lib/python3.12/site-packages/airflow/example_dags/example_external_task_marker_dag.py for tasks to queue
[2024-10-30T18:25:58.326+0000] {logging_mixin.py:188} INFO - [2024-10-30T18:25:58.312+0000] {dagbag.py:545} INFO - Filling up the DagBag from /home/airflow/.local/lib/python3.12/site-packages/airflow/example_dags/example_external_task_marker_dag.py
[2024-10-30T18:25:58.368+0000] {processor.py:840} INFO - DAG(s) 'example_external_task_marker_child', 'example_external_task_marker_parent' retrieved from /home/airflow/.local/lib/python3.12/site-packages/airflow/example_dags/example_external_task_marker_dag.py
[2024-10-30T18:25:59.127+0000] {logging_mixin.py:188} INFO - [2024-10-30T18:25:59.123+0000] {override.py:1858} INFO - Created Permission View: can read on DAG:example_external_task_marker_child
[2024-10-30T18:25:59.179+0000] {logging_mixin.py:188} INFO - [2024-10-30T18:25:59.178+0000] {override.py:1858} INFO - Created Permission View: can edit on DAG:example_external_task_marker_child
[2024-10-30T18:25:59.205+0000] {logging_mixin.py:188} INFO - [2024-10-30T18:25:59.203+0000] {override.py:1858} INFO - Created Permission View: can delete on DAG:example_external_task_marker_child
[2024-10-30T18:25:59.250+0000] {logging_mixin.py:188} INFO - [2024-10-30T18:25:59.249+0000] {override.py:1858} INFO - Created Permission View: can read on DAG:example_external_task_marker_parent
[2024-10-30T18:25:59.286+0000] {logging_mixin.py:188} INFO - [2024-10-30T18:25:59.285+0000] {override.py:1858} INFO - Created Permission View: can edit on DAG:example_external_task_marker_parent
[2024-10-30T18:25:59.310+0000] {logging_mixin.py:188} INFO - [2024-10-30T18:25:59.309+0000] {override.py:1858} INFO - Created Permission View: can delete on DAG:example_external_task_marker_parent
[2024-10-30T18:25:59.311+0000] {logging_mixin.py:188} INFO - [2024-10-30T18:25:59.311+0000] {dag.py:3089} INFO - Sync 2 DAGs
[2024-10-30T18:25:59.501+0000] {logging_mixin.py:188} INFO - [2024-10-30T18:25:59.501+0000] {dag.py:3111} INFO - Creating ORM DAG for example_external_task_marker_parent
[2024-10-30T18:25:59.504+0000] {logging_mixin.py:188} INFO - [2024-10-30T18:25:59.503+0000] {dag.py:3111} INFO - Creating ORM DAG for example_external_task_marker_child
[2024-10-30T18:25:59.509+0000] {logging_mixin.py:188} INFO - [2024-10-30T18:25:59.508+0000] {dag.py:3947} INFO - Setting next_dagrun for example_external_task_marker_child to None, run_after=None
[2024-10-30T18:25:59.511+0000] {logging_mixin.py:188} INFO - [2024-10-30T18:25:59.511+0000] {dag.py:3947} INFO - Setting next_dagrun for example_external_task_marker_parent to None, run_after=None
[2024-10-30T18:25:59.828+0000] {processor.py:183} INFO - Processing /home/airflow/.local/lib/python3.12/site-packages/airflow/example_dags/example_external_task_marker_dag.py took 1.593 seconds
[2024-10-30T18:27:29.432+0000] {processor.py:161} INFO - Started process (PID=114) to work on /home/airflow/.local/lib/python3.12/site-packages/airflow/example_dags/example_external_task_marker_dag.py
[2024-10-30T18:27:29.437+0000] {processor.py:830} INFO - Processing file /home/airflow/.local/lib/python3.12/site-packages/airflow/example_dags/example_external_task_marker_dag.py for tasks to queue
[2024-10-30T18:27:29.443+0000] {logging_mixin.py:188} INFO - [2024-10-30T18:27:29.442+0000] {dagbag.py:545} INFO - Filling up the DagBag from /home/airflow/.local/lib/python3.12/site-packages/airflow/example_dags/example_external_task_marker_dag.py
[2024-10-30T18:27:29.476+0000] {processor.py:840} INFO - DAG(s) 'example_external_task_marker_parent', 'example_external_task_marker_child' retrieved from /home/airflow/.local/lib/python3.12/site-packages/airflow/example_dags/example_external_task_marker_dag.py
[2024-10-30T18:27:29.608+0000] {logging_mixin.py:188} INFO - [2024-10-30T18:27:29.607+0000] {dag.py:3089} INFO - Sync 2 DAGs
[2024-10-30T18:27:29.689+0000] {logging_mixin.py:188} INFO - [2024-10-30T18:27:29.688+0000] {dag.py:3947} INFO - Setting next_dagrun for example_external_task_marker_child to None, run_after=None
[2024-10-30T18:27:29.707+0000] {logging_mixin.py:188} INFO - [2024-10-30T18:27:29.706+0000] {dag.py:3947} INFO - Setting next_dagrun for example_external_task_marker_parent to None, run_after=None
[2024-10-30T18:27:29.835+0000] {processor.py:183} INFO - Processing /home/airflow/.local/lib/python3.12/site-packages/airflow/example_dags/example_external_task_marker_dag.py took 0.427 seconds
[2024-10-30T18:28:05.684+0000] {processor.py:161} INFO - Started process (PID=174) to work on /home/airflow/.local/lib/python3.12/site-packages/airflow/example_dags/example_external_task_marker_dag.py
[2024-10-30T18:28:05.689+0000] {processor.py:830} INFO - Processing file /home/airflow/.local/lib/python3.12/site-packages/airflow/example_dags/example_external_task_marker_dag.py for tasks to queue
[2024-10-30T18:28:05.697+0000] {logging_mixin.py:188} INFO - [2024-10-30T18:28:05.695+0000] {dagbag.py:545} INFO - Filling up the DagBag from /home/airflow/.local/lib/python3.12/site-packages/airflow/example_dags/example_external_task_marker_dag.py
[2024-10-30T18:28:05.729+0000] {processor.py:840} INFO - DAG(s) 'example_external_task_marker_child', 'example_external_task_marker_parent' retrieved from /home/airflow/.local/lib/python3.12/site-packages/airflow/example_dags/example_external_task_marker_dag.py
[2024-10-30T18:28:05.805+0000] {logging_mixin.py:188} INFO - [2024-10-30T18:28:05.804+0000] {dag.py:3089} INFO - Sync 2 DAGs
[2024-10-30T18:28:05.843+0000] {logging_mixin.py:188} INFO - [2024-10-30T18:28:05.842+0000] {dag.py:3947} INFO - Setting next_dagrun for example_external_task_marker_child to None, run_after=None
[2024-10-30T18:28:05.854+0000] {logging_mixin.py:188} INFO - [2024-10-30T18:28:05.854+0000] {dag.py:3947} INFO - Setting next_dagrun for example_external_task_marker_parent to None, run_after=None
[2024-10-30T18:28:05.902+0000] {processor.py:183} INFO - Processing /home/airflow/.local/lib/python3.12/site-packages/airflow/example_dags/example_external_task_marker_dag.py took 0.246 seconds
[2024-10-30T18:28:36.186+0000] {processor.py:161} INFO - Started process (PID=230) to work on /home/airflow/.local/lib/python3.12/site-packages/airflow/example_dags/example_external_task_marker_dag.py
[2024-10-30T18:28:36.189+0000] {processor.py:830} INFO - Processing file /home/airflow/.local/lib/python3.12/site-packages/airflow/example_dags/example_external_task_marker_dag.py for tasks to queue
[2024-10-30T18:28:36.196+0000] {logging_mixin.py:188} INFO - [2024-10-30T18:28:36.195+0000] {dagbag.py:545} INFO - Filling up the DagBag from /home/airflow/.local/lib/python3.12/site-packages/airflow/example_dags/example_external_task_marker_dag.py
[2024-10-30T18:28:36.220+0000] {processor.py:840} INFO - DAG(s) 'example_external_task_marker_child', 'example_external_task_marker_parent' retrieved from /home/airflow/.local/lib/python3.12/site-packages/airflow/example_dags/example_external_task_marker_dag.py
[2024-10-30T18:28:36.381+0000] {logging_mixin.py:188} INFO - [2024-10-30T18:28:36.379+0000] {dag.py:3089} INFO - Sync 2 DAGs
[2024-10-30T18:28:36.582+0000] {logging_mixin.py:188} INFO - [2024-10-30T18:28:36.571+0000] {dag.py:3947} INFO - Setting next_dagrun for example_external_task_marker_child to None, run_after=None
[2024-10-30T18:28:36.606+0000] {logging_mixin.py:188} INFO - [2024-10-30T18:28:36.606+0000] {dag.py:3947} INFO - Setting next_dagrun for example_external_task_marker_parent to None, run_after=None
[2024-10-30T18:28:36.667+0000] {processor.py:183} INFO - Processing /home/airflow/.local/lib/python3.12/site-packages/airflow/example_dags/example_external_task_marker_dag.py took 0.506 seconds
[2024-10-30T18:29:07.440+0000] {processor.py:161} INFO - Started process (PID=289) to work on /home/airflow/.local/lib/python3.12/site-packages/airflow/example_dags/example_external_task_marker_dag.py
[2024-10-30T18:29:07.445+0000] {processor.py:830} INFO - Processing file /home/airflow/.local/lib/python3.12/site-packages/airflow/example_dags/example_external_task_marker_dag.py for tasks to queue
[2024-10-30T18:29:07.450+0000] {logging_mixin.py:188} INFO - [2024-10-30T18:29:07.449+0000] {dagbag.py:545} INFO - Filling up the DagBag from /home/airflow/.local/lib/python3.12/site-packages/airflow/example_dags/example_external_task_marker_dag.py
[2024-10-30T18:29:07.471+0000] {processor.py:840} INFO - DAG(s) 'example_external_task_marker_parent', 'example_external_task_marker_child' retrieved from /home/airflow/.local/lib/python3.12/site-packages/airflow/example_dags/example_external_task_marker_dag.py
[2024-10-30T18:29:07.569+0000] {logging_mixin.py:188} INFO - [2024-10-30T18:29:07.569+0000] {dag.py:3089} INFO - Sync 2 DAGs
[2024-10-30T18:29:07.619+0000] {logging_mixin.py:188} INFO - [2024-10-30T18:29:07.618+0000] {dag.py:3947} INFO - Setting next_dagrun for example_external_task_marker_child to None, run_after=None
[2024-10-30T18:29:07.630+0000] {logging_mixin.py:188} INFO - [2024-10-30T18:29:07.629+0000] {dag.py:3947} INFO - Setting next_dagrun for example_external_task_marker_parent to None, run_after=None
[2024-10-30T18:29:07.677+0000] {processor.py:183} INFO - Processing /home/airflow/.local/lib/python3.12/site-packages/airflow/example_dags/example_external_task_marker_dag.py took 0.261 seconds
[2024-10-30T18:29:38.010+0000] {processor.py:161} INFO - Started process (PID=349) to work on /home/airflow/.local/lib/python3.12/site-packages/airflow/example_dags/example_external_task_marker_dag.py
[2024-10-30T18:29:38.014+0000] {processor.py:830} INFO - Processing file /home/airflow/.local/lib/python3.12/site-packages/airflow/example_dags/example_external_task_marker_dag.py for tasks to queue
[2024-10-30T18:29:38.019+0000] {logging_mixin.py:188} INFO - [2024-10-30T18:29:38.018+0000] {dagbag.py:545} INFO - Filling up the DagBag from /home/airflow/.local/lib/python3.12/site-packages/airflow/example_dags/example_external_task_marker_dag.py
[2024-10-30T18:29:38.040+0000] {processor.py:840} INFO - DAG(s) 'example_external_task_marker_parent', 'example_external_task_marker_child' retrieved from /home/airflow/.local/lib/python3.12/site-packages/airflow/example_dags/example_external_task_marker_dag.py
[2024-10-30T18:29:38.113+0000] {logging_mixin.py:188} INFO - [2024-10-30T18:29:38.112+0000] {dag.py:3089} INFO - Sync 2 DAGs
[2024-10-30T18:29:38.148+0000] {logging_mixin.py:188} INFO - [2024-10-30T18:29:38.147+0000] {dag.py:3947} INFO - Setting next_dagrun for example_external_task_marker_child to None, run_after=None
[2024-10-30T18:29:38.158+0000] {logging_mixin.py:188} INFO - [2024-10-30T18:29:38.158+0000] {dag.py:3947} INFO - Setting next_dagrun for example_external_task_marker_parent to None, run_after=None
[2024-10-30T18:29:38.208+0000] {processor.py:183} INFO - Processing /home/airflow/.local/lib/python3.12/site-packages/airflow/example_dags/example_external_task_marker_dag.py took 0.220 seconds
[2024-10-30T18:30:08.432+0000] {processor.py:161} INFO - Started process (PID=409) to work on /home/airflow/.local/lib/python3.12/site-packages/airflow/example_dags/example_external_task_marker_dag.py
[2024-10-30T18:30:08.440+0000] {processor.py:830} INFO - Processing file /home/airflow/.local/lib/python3.12/site-packages/airflow/example_dags/example_external_task_marker_dag.py for tasks to queue
[2024-10-30T18:30:08.445+0000] {logging_mixin.py:188} INFO - [2024-10-30T18:30:08.444+0000] {dagbag.py:545} INFO - Filling up the DagBag from /home/airflow/.local/lib/python3.12/site-packages/airflow/example_dags/example_external_task_marker_dag.py
[2024-10-30T18:30:08.466+0000] {processor.py:840} INFO - DAG(s) 'example_external_task_marker_parent', 'example_external_task_marker_child' retrieved from /home/airflow/.local/lib/python3.12/site-packages/airflow/example_dags/example_external_task_marker_dag.py
[2024-10-30T18:30:08.531+0000] {logging_mixin.py:188} INFO - [2024-10-30T18:30:08.531+0000] {dag.py:3089} INFO - Sync 2 DAGs
[2024-10-30T18:30:08.564+0000] {logging_mixin.py:188} INFO - [2024-10-30T18:30:08.563+0000] {dag.py:3947} INFO - Setting next_dagrun for example_external_task_marker_child to None, run_after=None
[2024-10-30T18:30:08.574+0000] {logging_mixin.py:188} INFO - [2024-10-30T18:30:08.574+0000] {dag.py:3947} INFO - Setting next_dagrun for example_external_task_marker_parent to None, run_after=None
[2024-10-30T18:30:08.619+0000] {processor.py:183} INFO - Processing /home/airflow/.local/lib/python3.12/site-packages/airflow/example_dags/example_external_task_marker_dag.py took 0.212 seconds
[2024-10-30T18:30:39.420+0000] {processor.py:161} INFO - Started process (PID=468) to work on /home/airflow/.local/lib/python3.12/site-packages/airflow/example_dags/example_external_task_marker_dag.py
[2024-10-30T18:30:39.422+0000] {processor.py:830} INFO - Processing file /home/airflow/.local/lib/python3.12/site-packages/airflow/example_dags/example_external_task_marker_dag.py for tasks to queue
[2024-10-30T18:30:39.428+0000] {logging_mixin.py:188} INFO - [2024-10-30T18:30:39.427+0000] {dagbag.py:545} INFO - Filling up the DagBag from /home/airflow/.local/lib/python3.12/site-packages/airflow/example_dags/example_external_task_marker_dag.py
[2024-10-30T18:30:39.448+0000] {processor.py:840} INFO - DAG(s) 'example_external_task_marker_parent', 'example_external_task_marker_child' retrieved from /home/airflow/.local/lib/python3.12/site-packages/airflow/example_dags/example_external_task_marker_dag.py
[2024-10-30T18:30:39.531+0000] {logging_mixin.py:188} INFO - [2024-10-30T18:30:39.530+0000] {dag.py:3089} INFO - Sync 2 DAGs
[2024-10-30T18:30:39.583+0000] {logging_mixin.py:188} INFO - [2024-10-30T18:30:39.582+0000] {dag.py:3947} INFO - Setting next_dagrun for example_external_task_marker_child to None, run_after=None
[2024-10-30T18:30:39.596+0000] {logging_mixin.py:188} INFO - [2024-10-30T18:30:39.596+0000] {dag.py:3947} INFO - Setting next_dagrun for example_external_task_marker_parent to None, run_after=None
[2024-10-30T18:30:39.649+0000] {processor.py:183} INFO - Processing /home/airflow/.local/lib/python3.12/site-packages/airflow/example_dags/example_external_task_marker_dag.py took 0.245 seconds
[2024-10-30T18:31:10.144+0000] {processor.py:161} INFO - Started process (PID=527) to work on /home/airflow/.local/lib/python3.12/site-packages/airflow/example_dags/example_external_task_marker_dag.py
[2024-10-30T18:31:10.168+0000] {processor.py:830} INFO - Processing file /home/airflow/.local/lib/python3.12/site-packages/airflow/example_dags/example_external_task_marker_dag.py for tasks to queue
[2024-10-30T18:31:10.182+0000] {logging_mixin.py:188} INFO - [2024-10-30T18:31:10.180+0000] {dagbag.py:545} INFO - Filling up the DagBag from /home/airflow/.local/lib/python3.12/site-packages/airflow/example_dags/example_external_task_marker_dag.py
[2024-10-30T18:31:10.205+0000] {processor.py:840} INFO - DAG(s) 'example_external_task_marker_parent', 'example_external_task_marker_child' retrieved from /home/airflow/.local/lib/python3.12/site-packages/airflow/example_dags/example_external_task_marker_dag.py
[2024-10-30T18:31:10.418+0000] {logging_mixin.py:188} INFO - [2024-10-30T18:31:10.417+0000] {dag.py:3089} INFO - Sync 2 DAGs
[2024-10-30T18:31:10.504+0000] {logging_mixin.py:188} INFO - [2024-10-30T18:31:10.504+0000] {dag.py:3947} INFO - Setting next_dagrun for example_external_task_marker_child to None, run_after=None
[2024-10-30T18:31:10.515+0000] {logging_mixin.py:188} INFO - [2024-10-30T18:31:10.515+0000] {dag.py:3947} INFO - Setting next_dagrun for example_external_task_marker_parent to None, run_after=None
[2024-10-30T18:31:10.690+0000] {processor.py:183} INFO - Processing /home/airflow/.local/lib/python3.12/site-packages/airflow/example_dags/example_external_task_marker_dag.py took 0.619 seconds
[2024-10-30T18:31:41.359+0000] {processor.py:161} INFO - Started process (PID=593) to work on /home/airflow/.local/lib/python3.12/site-packages/airflow/example_dags/example_external_task_marker_dag.py
[2024-10-30T18:31:41.395+0000] {processor.py:830} INFO - Processing file /home/airflow/.local/lib/python3.12/site-packages/airflow/example_dags/example_external_task_marker_dag.py for tasks to queue
[2024-10-30T18:31:41.422+0000] {logging_mixin.py:188} INFO - [2024-10-30T18:31:41.420+0000] {dagbag.py:545} INFO - Filling up the DagBag from /home/airflow/.local/lib/python3.12/site-packages/airflow/example_dags/example_external_task_marker_dag.py
[2024-10-30T18:31:41.472+0000] {processor.py:840} INFO - DAG(s) 'example_external_task_marker_child', 'example_external_task_marker_parent' retrieved from /home/airflow/.local/lib/python3.12/site-packages/airflow/example_dags/example_external_task_marker_dag.py
[2024-10-30T18:31:41.612+0000] {logging_mixin.py:188} INFO - [2024-10-30T18:31:41.611+0000] {dag.py:3089} INFO - Sync 2 DAGs
[2024-10-30T18:31:41.689+0000] {logging_mixin.py:188} INFO - [2024-10-30T18:31:41.666+0000] {dag.py:3947} INFO - Setting next_dagrun for example_external_task_marker_child to None, run_after=None
[2024-10-30T18:31:41.724+0000] {logging_mixin.py:188} INFO - [2024-10-30T18:31:41.723+0000] {dag.py:3947} INFO - Setting next_dagrun for example_external_task_marker_parent to None, run_after=None
[2024-10-30T18:31:41.842+0000] {processor.py:183} INFO - Processing /home/airflow/.local/lib/python3.12/site-packages/airflow/example_dags/example_external_task_marker_dag.py took 0.552 seconds
[2024-10-30T18:32:12.406+0000] {processor.py:161} INFO - Started process (PID=653) to work on /home/airflow/.local/lib/python3.12/site-packages/airflow/example_dags/example_external_task_marker_dag.py
[2024-10-30T18:32:12.409+0000] {processor.py:830} INFO - Processing file /home/airflow/.local/lib/python3.12/site-packages/airflow/example_dags/example_external_task_marker_dag.py for tasks to queue
[2024-10-30T18:32:12.416+0000] {logging_mixin.py:188} INFO - [2024-10-30T18:32:12.415+0000] {dagbag.py:545} INFO - Filling up the DagBag from /home/airflow/.local/lib/python3.12/site-packages/airflow/example_dags/example_external_task_marker_dag.py
[2024-10-30T18:32:12.435+0000] {processor.py:840} INFO - DAG(s) 'example_external_task_marker_child', 'example_external_task_marker_parent' retrieved from /home/airflow/.local/lib/python3.12/site-packages/airflow/example_dags/example_external_task_marker_dag.py
[2024-10-30T18:32:12.508+0000] {logging_mixin.py:188} INFO - [2024-10-30T18:32:12.507+0000] {dag.py:3089} INFO - Sync 2 DAGs
[2024-10-30T18:32:12.545+0000] {logging_mixin.py:188} INFO - [2024-10-30T18:32:12.544+0000] {dag.py:3947} INFO - Setting next_dagrun for example_external_task_marker_child to None, run_after=None
[2024-10-30T18:32:12.555+0000] {logging_mixin.py:188} INFO - [2024-10-30T18:32:12.554+0000] {dag.py:3947} INFO - Setting next_dagrun for example_external_task_marker_parent to None, run_after=None
[2024-10-30T18:32:12.607+0000] {processor.py:183} INFO - Processing /home/airflow/.local/lib/python3.12/site-packages/airflow/example_dags/example_external_task_marker_dag.py took 0.223 seconds
[2024-10-30T18:32:43.358+0000] {processor.py:161} INFO - Started process (PID=714) to work on /home/airflow/.local/lib/python3.12/site-packages/airflow/example_dags/example_external_task_marker_dag.py
[2024-10-30T18:32:43.362+0000] {processor.py:830} INFO - Processing file /home/airflow/.local/lib/python3.12/site-packages/airflow/example_dags/example_external_task_marker_dag.py for tasks to queue
[2024-10-30T18:32:43.369+0000] {logging_mixin.py:188} INFO - [2024-10-30T18:32:43.368+0000] {dagbag.py:545} INFO - Filling up the DagBag from /home/airflow/.local/lib/python3.12/site-packages/airflow/example_dags/example_external_task_marker_dag.py
[2024-10-30T18:32:43.392+0000] {processor.py:840} INFO - DAG(s) 'example_external_task_marker_parent', 'example_external_task_marker_child' retrieved from /home/airflow/.local/lib/python3.12/site-packages/airflow/example_dags/example_external_task_marker_dag.py
[2024-10-30T18:32:43.480+0000] {logging_mixin.py:188} INFO - [2024-10-30T18:32:43.479+0000] {dag.py:3089} INFO - Sync 2 DAGs
[2024-10-30T18:32:43.530+0000] {logging_mixin.py:188} INFO - [2024-10-30T18:32:43.529+0000] {dag.py:3947} INFO - Setting next_dagrun for example_external_task_marker_child to None, run_after=None
[2024-10-30T18:32:43.546+0000] {logging_mixin.py:188} INFO - [2024-10-30T18:32:43.543+0000] {dag.py:3947} INFO - Setting next_dagrun for example_external_task_marker_parent to None, run_after=None
[2024-10-30T18:32:43.606+0000] {processor.py:183} INFO - Processing /home/airflow/.local/lib/python3.12/site-packages/airflow/example_dags/example_external_task_marker_dag.py took 0.302 seconds
[2024-10-30T18:33:13.964+0000] {processor.py:161} INFO - Started process (PID=774) to work on /home/airflow/.local/lib/python3.12/site-packages/airflow/example_dags/example_external_task_marker_dag.py
[2024-10-30T18:33:13.968+0000] {processor.py:830} INFO - Processing file /home/airflow/.local/lib/python3.12/site-packages/airflow/example_dags/example_external_task_marker_dag.py for tasks to queue
[2024-10-30T18:33:13.975+0000] {logging_mixin.py:188} INFO - [2024-10-30T18:33:13.974+0000] {dagbag.py:545} INFO - Filling up the DagBag from /home/airflow/.local/lib/python3.12/site-packages/airflow/example_dags/example_external_task_marker_dag.py
[2024-10-30T18:33:13.997+0000] {processor.py:840} INFO - DAG(s) 'example_external_task_marker_parent', 'example_external_task_marker_child' retrieved from /home/airflow/.local/lib/python3.12/site-packages/airflow/example_dags/example_external_task_marker_dag.py
[2024-10-30T18:33:14.089+0000] {logging_mixin.py:188} INFO - [2024-10-30T18:33:14.088+0000] {dag.py:3089} INFO - Sync 2 DAGs
[2024-10-30T18:33:14.150+0000] {logging_mixin.py:188} INFO - [2024-10-30T18:33:14.150+0000] {dag.py:3947} INFO - Setting next_dagrun for example_external_task_marker_child to None, run_after=None
[2024-10-30T18:33:14.164+0000] {logging_mixin.py:188} INFO - [2024-10-30T18:33:14.163+0000] {dag.py:3947} INFO - Setting next_dagrun for example_external_task_marker_parent to None, run_after=None
[2024-10-30T18:33:14.232+0000] {processor.py:183} INFO - Processing /home/airflow/.local/lib/python3.12/site-packages/airflow/example_dags/example_external_task_marker_dag.py took 0.288 seconds
[2024-10-30T18:33:44.842+0000] {processor.py:161} INFO - Started process (PID=835) to work on /home/airflow/.local/lib/python3.12/site-packages/airflow/example_dags/example_external_task_marker_dag.py
[2024-10-30T18:33:44.846+0000] {processor.py:830} INFO - Processing file /home/airflow/.local/lib/python3.12/site-packages/airflow/example_dags/example_external_task_marker_dag.py for tasks to queue
[2024-10-30T18:33:44.852+0000] {logging_mixin.py:188} INFO - [2024-10-30T18:33:44.851+0000] {dagbag.py:545} INFO - Filling up the DagBag from /home/airflow/.local/lib/python3.12/site-packages/airflow/example_dags/example_external_task_marker_dag.py
[2024-10-30T18:33:44.873+0000] {processor.py:840} INFO - DAG(s) 'example_external_task_marker_parent', 'example_external_task_marker_child' retrieved from /home/airflow/.local/lib/python3.12/site-packages/airflow/example_dags/example_external_task_marker_dag.py
[2024-10-30T18:33:45.003+0000] {logging_mixin.py:188} INFO - [2024-10-30T18:33:45.002+0000] {dag.py:3089} INFO - Sync 2 DAGs
[2024-10-30T18:33:45.071+0000] {logging_mixin.py:188} INFO - [2024-10-30T18:33:45.069+0000] {dag.py:3947} INFO - Setting next_dagrun for example_external_task_marker_child to None, run_after=None
[2024-10-30T18:33:45.086+0000] {logging_mixin.py:188} INFO - [2024-10-30T18:33:45.085+0000] {dag.py:3947} INFO - Setting next_dagrun for example_external_task_marker_parent to None, run_after=None
[2024-10-30T18:33:45.148+0000] {processor.py:183} INFO - Processing /home/airflow/.local/lib/python3.12/site-packages/airflow/example_dags/example_external_task_marker_dag.py took 0.321 seconds
[2024-10-30T18:34:15.383+0000] {processor.py:161} INFO - Started process (PID=895) to work on /home/airflow/.local/lib/python3.12/site-packages/airflow/example_dags/example_external_task_marker_dag.py
[2024-10-30T18:34:15.386+0000] {processor.py:830} INFO - Processing file /home/airflow/.local/lib/python3.12/site-packages/airflow/example_dags/example_external_task_marker_dag.py for tasks to queue
[2024-10-30T18:34:15.391+0000] {logging_mixin.py:188} INFO - [2024-10-30T18:34:15.391+0000] {dagbag.py:545} INFO - Filling up the DagBag from /home/airflow/.local/lib/python3.12/site-packages/airflow/example_dags/example_external_task_marker_dag.py
[2024-10-30T18:34:15.411+0000] {processor.py:840} INFO - DAG(s) 'example_external_task_marker_child', 'example_external_task_marker_parent' retrieved from /home/airflow/.local/lib/python3.12/site-packages/airflow/example_dags/example_external_task_marker_dag.py
[2024-10-30T18:34:15.494+0000] {logging_mixin.py:188} INFO - [2024-10-30T18:34:15.494+0000] {dag.py:3089} INFO - Sync 2 DAGs
[2024-10-30T18:34:15.537+0000] {logging_mixin.py:188} INFO - [2024-10-30T18:34:15.536+0000] {dag.py:3947} INFO - Setting next_dagrun for example_external_task_marker_child to None, run_after=None
[2024-10-30T18:34:15.548+0000] {logging_mixin.py:188} INFO - [2024-10-30T18:34:15.547+0000] {dag.py:3947} INFO - Setting next_dagrun for example_external_task_marker_parent to None, run_after=None
[2024-10-30T18:34:15.598+0000] {processor.py:183} INFO - Processing /home/airflow/.local/lib/python3.12/site-packages/airflow/example_dags/example_external_task_marker_dag.py took 0.250 seconds
[2024-10-30T18:34:46.591+0000] {processor.py:161} INFO - Started process (PID=955) to work on /home/airflow/.local/lib/python3.12/site-packages/airflow/example_dags/example_external_task_marker_dag.py
[2024-10-30T18:34:46.595+0000] {processor.py:830} INFO - Processing file /home/airflow/.local/lib/python3.12/site-packages/airflow/example_dags/example_external_task_marker_dag.py for tasks to queue
[2024-10-30T18:34:46.604+0000] {logging_mixin.py:188} INFO - [2024-10-30T18:34:46.602+0000] {dagbag.py:545} INFO - Filling up the DagBag from /home/airflow/.local/lib/python3.12/site-packages/airflow/example_dags/example_external_task_marker_dag.py
[2024-10-30T18:34:46.620+0000] {processor.py:840} INFO - DAG(s) 'example_external_task_marker_child', 'example_external_task_marker_parent' retrieved from /home/airflow/.local/lib/python3.12/site-packages/airflow/example_dags/example_external_task_marker_dag.py
[2024-10-30T18:34:46.693+0000] {logging_mixin.py:188} INFO - [2024-10-30T18:34:46.692+0000] {dag.py:3089} INFO - Sync 2 DAGs
[2024-10-30T18:34:46.734+0000] {logging_mixin.py:188} INFO - [2024-10-30T18:34:46.733+0000] {dag.py:3947} INFO - Setting next_dagrun for example_external_task_marker_child to None, run_after=None
[2024-10-30T18:34:46.744+0000] {logging_mixin.py:188} INFO - [2024-10-30T18:34:46.744+0000] {dag.py:3947} INFO - Setting next_dagrun for example_external_task_marker_parent to None, run_after=None
[2024-10-30T18:34:46.793+0000] {processor.py:183} INFO - Processing /home/airflow/.local/lib/python3.12/site-packages/airflow/example_dags/example_external_task_marker_dag.py took 0.250 seconds
[2024-10-30T18:35:17.079+0000] {processor.py:161} INFO - Started process (PID=1015) to work on /home/airflow/.local/lib/python3.12/site-packages/airflow/example_dags/example_external_task_marker_dag.py
[2024-10-30T18:35:17.082+0000] {processor.py:830} INFO - Processing file /home/airflow/.local/lib/python3.12/site-packages/airflow/example_dags/example_external_task_marker_dag.py for tasks to queue
[2024-10-30T18:35:17.088+0000] {logging_mixin.py:188} INFO - [2024-10-30T18:35:17.087+0000] {dagbag.py:545} INFO - Filling up the DagBag from /home/airflow/.local/lib/python3.12/site-packages/airflow/example_dags/example_external_task_marker_dag.py
[2024-10-30T18:35:17.110+0000] {processor.py:840} INFO - DAG(s) 'example_external_task_marker_parent', 'example_external_task_marker_child' retrieved from /home/airflow/.local/lib/python3.12/site-packages/airflow/example_dags/example_external_task_marker_dag.py
[2024-10-30T18:35:17.187+0000] {logging_mixin.py:188} INFO - [2024-10-30T18:35:17.186+0000] {dag.py:3089} INFO - Sync 2 DAGs
[2024-10-30T18:35:17.230+0000] {logging_mixin.py:188} INFO - [2024-10-30T18:35:17.230+0000] {dag.py:3947} INFO - Setting next_dagrun for example_external_task_marker_child to None, run_after=None
[2024-10-30T18:35:17.241+0000] {logging_mixin.py:188} INFO - [2024-10-30T18:35:17.240+0000] {dag.py:3947} INFO - Setting next_dagrun for example_external_task_marker_parent to None, run_after=None
[2024-10-30T18:35:17.294+0000] {processor.py:183} INFO - Processing /home/airflow/.local/lib/python3.12/site-packages/airflow/example_dags/example_external_task_marker_dag.py took 0.238 seconds
[2024-10-30T18:35:47.954+0000] {processor.py:161} INFO - Started process (PID=1073) to work on /home/airflow/.local/lib/python3.12/site-packages/airflow/example_dags/example_external_task_marker_dag.py
[2024-10-30T18:35:47.955+0000] {processor.py:830} INFO - Processing file /home/airflow/.local/lib/python3.12/site-packages/airflow/example_dags/example_external_task_marker_dag.py for tasks to queue
[2024-10-30T18:35:47.961+0000] {logging_mixin.py:188} INFO - [2024-10-30T18:35:47.960+0000] {dagbag.py:545} INFO - Filling up the DagBag from /home/airflow/.local/lib/python3.12/site-packages/airflow/example_dags/example_external_task_marker_dag.py
[2024-10-30T18:35:47.982+0000] {processor.py:840} INFO - DAG(s) 'example_external_task_marker_parent', 'example_external_task_marker_child' retrieved from /home/airflow/.local/lib/python3.12/site-packages/airflow/example_dags/example_external_task_marker_dag.py
[2024-10-30T18:35:48.056+0000] {logging_mixin.py:188} INFO - [2024-10-30T18:35:48.055+0000] {dag.py:3089} INFO - Sync 2 DAGs
[2024-10-30T18:35:48.101+0000] {logging_mixin.py:188} INFO - [2024-10-30T18:35:48.101+0000] {dag.py:3947} INFO - Setting next_dagrun for example_external_task_marker_child to None, run_after=None
[2024-10-30T18:35:48.113+0000] {logging_mixin.py:188} INFO - [2024-10-30T18:35:48.112+0000] {dag.py:3947} INFO - Setting next_dagrun for example_external_task_marker_parent to None, run_after=None
[2024-10-30T18:35:48.167+0000] {processor.py:183} INFO - Processing /home/airflow/.local/lib/python3.12/site-packages/airflow/example_dags/example_external_task_marker_dag.py took 0.241 seconds
[2024-10-30T18:36:18.754+0000] {processor.py:161} INFO - Started process (PID=1132) to work on /home/airflow/.local/lib/python3.12/site-packages/airflow/example_dags/example_external_task_marker_dag.py
[2024-10-30T18:36:18.757+0000] {processor.py:830} INFO - Processing file /home/airflow/.local/lib/python3.12/site-packages/airflow/example_dags/example_external_task_marker_dag.py for tasks to queue
[2024-10-30T18:36:18.762+0000] {logging_mixin.py:188} INFO - [2024-10-30T18:36:18.761+0000] {dagbag.py:545} INFO - Filling up the DagBag from /home/airflow/.local/lib/python3.12/site-packages/airflow/example_dags/example_external_task_marker_dag.py
[2024-10-30T18:36:18.780+0000] {processor.py:840} INFO - DAG(s) 'example_external_task_marker_parent', 'example_external_task_marker_child' retrieved from /home/airflow/.local/lib/python3.12/site-packages/airflow/example_dags/example_external_task_marker_dag.py
[2024-10-30T18:36:18.864+0000] {logging_mixin.py:188} INFO - [2024-10-30T18:36:18.863+0000] {dag.py:3089} INFO - Sync 2 DAGs
[2024-10-30T18:36:18.930+0000] {logging_mixin.py:188} INFO - [2024-10-30T18:36:18.929+0000] {dag.py:3947} INFO - Setting next_dagrun for example_external_task_marker_child to None, run_after=None
[2024-10-30T18:36:18.940+0000] {logging_mixin.py:188} INFO - [2024-10-30T18:36:18.940+0000] {dag.py:3947} INFO - Setting next_dagrun for example_external_task_marker_parent to None, run_after=None
[2024-10-30T18:36:19.004+0000] {processor.py:183} INFO - Processing /home/airflow/.local/lib/python3.12/site-packages/airflow/example_dags/example_external_task_marker_dag.py took 0.267 seconds
[2024-10-30T18:36:49.274+0000] {processor.py:161} INFO - Started process (PID=1192) to work on /home/airflow/.local/lib/python3.12/site-packages/airflow/example_dags/example_external_task_marker_dag.py
[2024-10-30T18:36:49.279+0000] {processor.py:830} INFO - Processing file /home/airflow/.local/lib/python3.12/site-packages/airflow/example_dags/example_external_task_marker_dag.py for tasks to queue
[2024-10-30T18:36:49.288+0000] {logging_mixin.py:188} INFO - [2024-10-30T18:36:49.287+0000] {dagbag.py:545} INFO - Filling up the DagBag from /home/airflow/.local/lib/python3.12/site-packages/airflow/example_dags/example_external_task_marker_dag.py
[2024-10-30T18:36:49.306+0000] {processor.py:840} INFO - DAG(s) 'example_external_task_marker_parent', 'example_external_task_marker_child' retrieved from /home/airflow/.local/lib/python3.12/site-packages/airflow/example_dags/example_external_task_marker_dag.py
[2024-10-30T18:36:49.408+0000] {logging_mixin.py:188} INFO - [2024-10-30T18:36:49.407+0000] {dag.py:3089} INFO - Sync 2 DAGs
[2024-10-30T18:36:49.462+0000] {logging_mixin.py:188} INFO - [2024-10-30T18:36:49.461+0000] {dag.py:3947} INFO - Setting next_dagrun for example_external_task_marker_child to None, run_after=None
[2024-10-30T18:36:49.478+0000] {logging_mixin.py:188} INFO - [2024-10-30T18:36:49.476+0000] {dag.py:3947} INFO - Setting next_dagrun for example_external_task_marker_parent to None, run_after=None
[2024-10-30T18:36:49.565+0000] {processor.py:183} INFO - Processing /home/airflow/.local/lib/python3.12/site-packages/airflow/example_dags/example_external_task_marker_dag.py took 0.309 seconds
[2024-10-30T18:37:19.760+0000] {processor.py:161} INFO - Started process (PID=1251) to work on /home/airflow/.local/lib/python3.12/site-packages/airflow/example_dags/example_external_task_marker_dag.py
[2024-10-30T18:37:19.763+0000] {processor.py:830} INFO - Processing file /home/airflow/.local/lib/python3.12/site-packages/airflow/example_dags/example_external_task_marker_dag.py for tasks to queue
[2024-10-30T18:37:19.772+0000] {logging_mixin.py:188} INFO - [2024-10-30T18:37:19.771+0000] {dagbag.py:545} INFO - Filling up the DagBag from /home/airflow/.local/lib/python3.12/site-packages/airflow/example_dags/example_external_task_marker_dag.py
[2024-10-30T18:37:19.796+0000] {processor.py:840} INFO - DAG(s) 'example_external_task_marker_child', 'example_external_task_marker_parent' retrieved from /home/airflow/.local/lib/python3.12/site-packages/airflow/example_dags/example_external_task_marker_dag.py
[2024-10-30T18:37:19.897+0000] {logging_mixin.py:188} INFO - [2024-10-30T18:37:19.896+0000] {dag.py:3089} INFO - Sync 2 DAGs
[2024-10-30T18:37:19.951+0000] {logging_mixin.py:188} INFO - [2024-10-30T18:37:19.950+0000] {dag.py:3947} INFO - Setting next_dagrun for example_external_task_marker_child to None, run_after=None
[2024-10-30T18:37:19.963+0000] {logging_mixin.py:188} INFO - [2024-10-30T18:37:19.962+0000] {dag.py:3947} INFO - Setting next_dagrun for example_external_task_marker_parent to None, run_after=None
[2024-10-30T18:37:20.024+0000] {processor.py:183} INFO - Processing /home/airflow/.local/lib/python3.12/site-packages/airflow/example_dags/example_external_task_marker_dag.py took 0.291 seconds
[2024-10-30T18:37:50.233+0000] {processor.py:161} INFO - Started process (PID=1312) to work on /home/airflow/.local/lib/python3.12/site-packages/airflow/example_dags/example_external_task_marker_dag.py
[2024-10-30T18:37:50.235+0000] {processor.py:830} INFO - Processing file /home/airflow/.local/lib/python3.12/site-packages/airflow/example_dags/example_external_task_marker_dag.py for tasks to queue
[2024-10-30T18:37:50.241+0000] {logging_mixin.py:188} INFO - [2024-10-30T18:37:50.240+0000] {dagbag.py:545} INFO - Filling up the DagBag from /home/airflow/.local/lib/python3.12/site-packages/airflow/example_dags/example_external_task_marker_dag.py
[2024-10-30T18:37:50.262+0000] {processor.py:840} INFO - DAG(s) 'example_external_task_marker_child', 'example_external_task_marker_parent' retrieved from /home/airflow/.local/lib/python3.12/site-packages/airflow/example_dags/example_external_task_marker_dag.py
[2024-10-30T18:37:50.346+0000] {logging_mixin.py:188} INFO - [2024-10-30T18:37:50.345+0000] {dag.py:3089} INFO - Sync 2 DAGs
[2024-10-30T18:37:50.386+0000] {logging_mixin.py:188} INFO - [2024-10-30T18:37:50.386+0000] {dag.py:3947} INFO - Setting next_dagrun for example_external_task_marker_child to None, run_after=None
[2024-10-30T18:37:50.396+0000] {logging_mixin.py:188} INFO - [2024-10-30T18:37:50.395+0000] {dag.py:3947} INFO - Setting next_dagrun for example_external_task_marker_parent to None, run_after=None
[2024-10-30T18:37:50.451+0000] {processor.py:183} INFO - Processing /home/airflow/.local/lib/python3.12/site-packages/airflow/example_dags/example_external_task_marker_dag.py took 0.241 seconds
[2024-10-30T18:38:20.707+0000] {processor.py:161} INFO - Started process (PID=1371) to work on /home/airflow/.local/lib/python3.12/site-packages/airflow/example_dags/example_external_task_marker_dag.py
[2024-10-30T18:38:20.710+0000] {processor.py:830} INFO - Processing file /home/airflow/.local/lib/python3.12/site-packages/airflow/example_dags/example_external_task_marker_dag.py for tasks to queue
[2024-10-30T18:38:20.718+0000] {logging_mixin.py:188} INFO - [2024-10-30T18:38:20.716+0000] {dagbag.py:545} INFO - Filling up the DagBag from /home/airflow/.local/lib/python3.12/site-packages/airflow/example_dags/example_external_task_marker_dag.py
[2024-10-30T18:38:20.745+0000] {processor.py:840} INFO - DAG(s) 'example_external_task_marker_parent', 'example_external_task_marker_child' retrieved from /home/airflow/.local/lib/python3.12/site-packages/airflow/example_dags/example_external_task_marker_dag.py
[2024-10-30T18:38:20.867+0000] {logging_mixin.py:188} INFO - [2024-10-30T18:38:20.866+0000] {dag.py:3089} INFO - Sync 2 DAGs
[2024-10-30T18:38:20.922+0000] {logging_mixin.py:188} INFO - [2024-10-30T18:38:20.922+0000] {dag.py:3947} INFO - Setting next_dagrun for example_external_task_marker_child to None, run_after=None
[2024-10-30T18:38:20.936+0000] {logging_mixin.py:188} INFO - [2024-10-30T18:38:20.935+0000] {dag.py:3947} INFO - Setting next_dagrun for example_external_task_marker_parent to None, run_after=None
[2024-10-30T18:38:21.001+0000] {processor.py:183} INFO - Processing /home/airflow/.local/lib/python3.12/site-packages/airflow/example_dags/example_external_task_marker_dag.py took 0.313 seconds
[2024-10-30T18:38:51.723+0000] {processor.py:161} INFO - Started process (PID=1431) to work on /home/airflow/.local/lib/python3.12/site-packages/airflow/example_dags/example_external_task_marker_dag.py
[2024-10-30T18:38:51.727+0000] {processor.py:830} INFO - Processing file /home/airflow/.local/lib/python3.12/site-packages/airflow/example_dags/example_external_task_marker_dag.py for tasks to queue
[2024-10-30T18:38:51.736+0000] {logging_mixin.py:188} INFO - [2024-10-30T18:38:51.735+0000] {dagbag.py:545} INFO - Filling up the DagBag from /home/airflow/.local/lib/python3.12/site-packages/airflow/example_dags/example_external_task_marker_dag.py
[2024-10-30T18:38:51.758+0000] {processor.py:840} INFO - DAG(s) 'example_external_task_marker_parent', 'example_external_task_marker_child' retrieved from /home/airflow/.local/lib/python3.12/site-packages/airflow/example_dags/example_external_task_marker_dag.py
[2024-10-30T18:38:51.846+0000] {logging_mixin.py:188} INFO - [2024-10-30T18:38:51.846+0000] {dag.py:3089} INFO - Sync 2 DAGs
[2024-10-30T18:38:51.904+0000] {logging_mixin.py:188} INFO - [2024-10-30T18:38:51.903+0000] {dag.py:3947} INFO - Setting next_dagrun for example_external_task_marker_child to None, run_after=None
[2024-10-30T18:38:51.923+0000] {logging_mixin.py:188} INFO - [2024-10-30T18:38:51.922+0000] {dag.py:3947} INFO - Setting next_dagrun for example_external_task_marker_parent to None, run_after=None
[2024-10-30T18:38:51.994+0000] {processor.py:183} INFO - Processing /home/airflow/.local/lib/python3.12/site-packages/airflow/example_dags/example_external_task_marker_dag.py took 0.298 seconds
[2024-10-30T18:39:22.938+0000] {processor.py:161} INFO - Started process (PID=1491) to work on /home/airflow/.local/lib/python3.12/site-packages/airflow/example_dags/example_external_task_marker_dag.py
[2024-10-30T18:39:22.941+0000] {processor.py:830} INFO - Processing file /home/airflow/.local/lib/python3.12/site-packages/airflow/example_dags/example_external_task_marker_dag.py for tasks to queue
[2024-10-30T18:39:22.946+0000] {logging_mixin.py:188} INFO - [2024-10-30T18:39:22.945+0000] {dagbag.py:545} INFO - Filling up the DagBag from /home/airflow/.local/lib/python3.12/site-packages/airflow/example_dags/example_external_task_marker_dag.py
[2024-10-30T18:39:22.966+0000] {processor.py:840} INFO - DAG(s) 'example_external_task_marker_parent', 'example_external_task_marker_child' retrieved from /home/airflow/.local/lib/python3.12/site-packages/airflow/example_dags/example_external_task_marker_dag.py
[2024-10-30T18:39:23.061+0000] {logging_mixin.py:188} INFO - [2024-10-30T18:39:23.060+0000] {dag.py:3089} INFO - Sync 2 DAGs
[2024-10-30T18:39:23.112+0000] {logging_mixin.py:188} INFO - [2024-10-30T18:39:23.111+0000] {dag.py:3947} INFO - Setting next_dagrun for example_external_task_marker_child to None, run_after=None
[2024-10-30T18:39:23.126+0000] {logging_mixin.py:188} INFO - [2024-10-30T18:39:23.126+0000] {dag.py:3947} INFO - Setting next_dagrun for example_external_task_marker_parent to None, run_after=None
[2024-10-30T18:39:23.192+0000] {processor.py:183} INFO - Processing /home/airflow/.local/lib/python3.12/site-packages/airflow/example_dags/example_external_task_marker_dag.py took 0.273 seconds
[2024-10-30T18:39:53.330+0000] {processor.py:161} INFO - Started process (PID=1548) to work on /home/airflow/.local/lib/python3.12/site-packages/airflow/example_dags/example_external_task_marker_dag.py
[2024-10-30T18:39:53.333+0000] {processor.py:830} INFO - Processing file /home/airflow/.local/lib/python3.12/site-packages/airflow/example_dags/example_external_task_marker_dag.py for tasks to queue
[2024-10-30T18:39:53.339+0000] {logging_mixin.py:188} INFO - [2024-10-30T18:39:53.338+0000] {dagbag.py:545} INFO - Filling up the DagBag from /home/airflow/.local/lib/python3.12/site-packages/airflow/example_dags/example_external_task_marker_dag.py
[2024-10-30T18:39:53.359+0000] {processor.py:840} INFO - DAG(s) 'example_external_task_marker_child', 'example_external_task_marker_parent' retrieved from /home/airflow/.local/lib/python3.12/site-packages/airflow/example_dags/example_external_task_marker_dag.py
[2024-10-30T18:39:53.459+0000] {logging_mixin.py:188} INFO - [2024-10-30T18:39:53.458+0000] {dag.py:3089} INFO - Sync 2 DAGs
[2024-10-30T18:39:53.496+0000] {logging_mixin.py:188} INFO - [2024-10-30T18:39:53.495+0000] {dag.py:3947} INFO - Setting next_dagrun for example_external_task_marker_child to None, run_after=None
[2024-10-30T18:39:53.506+0000] {logging_mixin.py:188} INFO - [2024-10-30T18:39:53.505+0000] {dag.py:3947} INFO - Setting next_dagrun for example_external_task_marker_parent to None, run_after=None
[2024-10-30T18:39:53.559+0000] {processor.py:183} INFO - Processing /home/airflow/.local/lib/python3.12/site-packages/airflow/example_dags/example_external_task_marker_dag.py took 0.257 seconds
[2024-10-30T18:40:23.839+0000] {processor.py:161} INFO - Started process (PID=1606) to work on /home/airflow/.local/lib/python3.12/site-packages/airflow/example_dags/example_external_task_marker_dag.py
[2024-10-30T18:40:23.842+0000] {processor.py:830} INFO - Processing file /home/airflow/.local/lib/python3.12/site-packages/airflow/example_dags/example_external_task_marker_dag.py for tasks to queue
[2024-10-30T18:40:23.846+0000] {logging_mixin.py:188} INFO - [2024-10-30T18:40:23.845+0000] {dagbag.py:545} INFO - Filling up the DagBag from /home/airflow/.local/lib/python3.12/site-packages/airflow/example_dags/example_external_task_marker_dag.py
[2024-10-30T18:40:23.864+0000] {processor.py:840} INFO - DAG(s) 'example_external_task_marker_parent', 'example_external_task_marker_child' retrieved from /home/airflow/.local/lib/python3.12/site-packages/airflow/example_dags/example_external_task_marker_dag.py
[2024-10-30T18:40:23.928+0000] {logging_mixin.py:188} INFO - [2024-10-30T18:40:23.927+0000] {dag.py:3089} INFO - Sync 2 DAGs
[2024-10-30T18:40:23.961+0000] {logging_mixin.py:188} INFO - [2024-10-30T18:40:23.961+0000] {dag.py:3947} INFO - Setting next_dagrun for example_external_task_marker_child to None, run_after=None
[2024-10-30T18:40:23.970+0000] {logging_mixin.py:188} INFO - [2024-10-30T18:40:23.969+0000] {dag.py:3947} INFO - Setting next_dagrun for example_external_task_marker_parent to None, run_after=None
[2024-10-30T18:40:24.020+0000] {processor.py:183} INFO - Processing /home/airflow/.local/lib/python3.12/site-packages/airflow/example_dags/example_external_task_marker_dag.py took 0.201 seconds
[2024-10-30T18:40:54.461+0000] {processor.py:161} INFO - Started process (PID=1667) to work on /home/airflow/.local/lib/python3.12/site-packages/airflow/example_dags/example_external_task_marker_dag.py
[2024-10-30T18:40:54.463+0000] {processor.py:830} INFO - Processing file /home/airflow/.local/lib/python3.12/site-packages/airflow/example_dags/example_external_task_marker_dag.py for tasks to queue
[2024-10-30T18:40:54.468+0000] {logging_mixin.py:188} INFO - [2024-10-30T18:40:54.467+0000] {dagbag.py:545} INFO - Filling up the DagBag from /home/airflow/.local/lib/python3.12/site-packages/airflow/example_dags/example_external_task_marker_dag.py
[2024-10-30T18:40:54.487+0000] {processor.py:840} INFO - DAG(s) 'example_external_task_marker_parent', 'example_external_task_marker_child' retrieved from /home/airflow/.local/lib/python3.12/site-packages/airflow/example_dags/example_external_task_marker_dag.py
[2024-10-30T18:40:54.553+0000] {logging_mixin.py:188} INFO - [2024-10-30T18:40:54.552+0000] {dag.py:3089} INFO - Sync 2 DAGs
[2024-10-30T18:40:54.598+0000] {logging_mixin.py:188} INFO - [2024-10-30T18:40:54.598+0000] {dag.py:3947} INFO - Setting next_dagrun for example_external_task_marker_child to None, run_after=None
[2024-10-30T18:40:54.614+0000] {logging_mixin.py:188} INFO - [2024-10-30T18:40:54.612+0000] {dag.py:3947} INFO - Setting next_dagrun for example_external_task_marker_parent to None, run_after=None
[2024-10-30T18:40:54.668+0000] {processor.py:183} INFO - Processing /home/airflow/.local/lib/python3.12/site-packages/airflow/example_dags/example_external_task_marker_dag.py took 0.234 seconds
[2024-10-30T18:41:24.896+0000] {processor.py:161} INFO - Started process (PID=1727) to work on /home/airflow/.local/lib/python3.12/site-packages/airflow/example_dags/example_external_task_marker_dag.py
[2024-10-30T18:41:24.899+0000] {processor.py:830} INFO - Processing file /home/airflow/.local/lib/python3.12/site-packages/airflow/example_dags/example_external_task_marker_dag.py for tasks to queue
[2024-10-30T18:41:24.910+0000] {logging_mixin.py:188} INFO - [2024-10-30T18:41:24.907+0000] {dagbag.py:545} INFO - Filling up the DagBag from /home/airflow/.local/lib/python3.12/site-packages/airflow/example_dags/example_external_task_marker_dag.py
[2024-10-30T18:41:24.938+0000] {processor.py:840} INFO - DAG(s) 'example_external_task_marker_parent', 'example_external_task_marker_child' retrieved from /home/airflow/.local/lib/python3.12/site-packages/airflow/example_dags/example_external_task_marker_dag.py
[2024-10-30T18:41:25.031+0000] {logging_mixin.py:188} INFO - [2024-10-30T18:41:25.030+0000] {dag.py:3089} INFO - Sync 2 DAGs
[2024-10-30T18:41:25.078+0000] {logging_mixin.py:188} INFO - [2024-10-30T18:41:25.077+0000] {dag.py:3947} INFO - Setting next_dagrun for example_external_task_marker_child to None, run_after=None
[2024-10-30T18:41:25.090+0000] {logging_mixin.py:188} INFO - [2024-10-30T18:41:25.089+0000] {dag.py:3947} INFO - Setting next_dagrun for example_external_task_marker_parent to None, run_after=None
[2024-10-30T18:41:25.168+0000] {processor.py:183} INFO - Processing /home/airflow/.local/lib/python3.12/site-packages/airflow/example_dags/example_external_task_marker_dag.py took 0.304 seconds
[2024-10-30T18:41:55.727+0000] {processor.py:161} INFO - Started process (PID=1788) to work on /home/airflow/.local/lib/python3.12/site-packages/airflow/example_dags/example_external_task_marker_dag.py
[2024-10-30T18:41:55.730+0000] {processor.py:830} INFO - Processing file /home/airflow/.local/lib/python3.12/site-packages/airflow/example_dags/example_external_task_marker_dag.py for tasks to queue
[2024-10-30T18:41:55.734+0000] {logging_mixin.py:188} INFO - [2024-10-30T18:41:55.733+0000] {dagbag.py:545} INFO - Filling up the DagBag from /home/airflow/.local/lib/python3.12/site-packages/airflow/example_dags/example_external_task_marker_dag.py
[2024-10-30T18:41:55.758+0000] {processor.py:840} INFO - DAG(s) 'example_external_task_marker_child', 'example_external_task_marker_parent' retrieved from /home/airflow/.local/lib/python3.12/site-packages/airflow/example_dags/example_external_task_marker_dag.py
[2024-10-30T18:41:55.838+0000] {logging_mixin.py:188} INFO - [2024-10-30T18:41:55.837+0000] {dag.py:3089} INFO - Sync 2 DAGs
[2024-10-30T18:41:55.872+0000] {logging_mixin.py:188} INFO - [2024-10-30T18:41:55.871+0000] {dag.py:3947} INFO - Setting next_dagrun for example_external_task_marker_child to None, run_after=None
[2024-10-30T18:41:55.879+0000] {logging_mixin.py:188} INFO - [2024-10-30T18:41:55.879+0000] {dag.py:3947} INFO - Setting next_dagrun for example_external_task_marker_parent to None, run_after=None
[2024-10-30T18:41:55.921+0000] {processor.py:183} INFO - Processing /home/airflow/.local/lib/python3.12/site-packages/airflow/example_dags/example_external_task_marker_dag.py took 0.210 seconds
[2024-10-30T18:42:26.195+0000] {processor.py:161} INFO - Started process (PID=1848) to work on /home/airflow/.local/lib/python3.12/site-packages/airflow/example_dags/example_external_task_marker_dag.py
[2024-10-30T18:42:26.198+0000] {processor.py:830} INFO - Processing file /home/airflow/.local/lib/python3.12/site-packages/airflow/example_dags/example_external_task_marker_dag.py for tasks to queue
[2024-10-30T18:42:26.206+0000] {logging_mixin.py:188} INFO - [2024-10-30T18:42:26.204+0000] {dagbag.py:545} INFO - Filling up the DagBag from /home/airflow/.local/lib/python3.12/site-packages/airflow/example_dags/example_external_task_marker_dag.py
[2024-10-30T18:42:26.228+0000] {processor.py:840} INFO - DAG(s) 'example_external_task_marker_parent', 'example_external_task_marker_child' retrieved from /home/airflow/.local/lib/python3.12/site-packages/airflow/example_dags/example_external_task_marker_dag.py
[2024-10-30T18:42:26.335+0000] {logging_mixin.py:188} INFO - [2024-10-30T18:42:26.334+0000] {dag.py:3089} INFO - Sync 2 DAGs
[2024-10-30T18:42:26.380+0000] {logging_mixin.py:188} INFO - [2024-10-30T18:42:26.379+0000] {dag.py:3947} INFO - Setting next_dagrun for example_external_task_marker_child to None, run_after=None
[2024-10-30T18:42:26.389+0000] {logging_mixin.py:188} INFO - [2024-10-30T18:42:26.388+0000] {dag.py:3947} INFO - Setting next_dagrun for example_external_task_marker_parent to None, run_after=None
[2024-10-30T18:42:26.455+0000] {processor.py:183} INFO - Processing /home/airflow/.local/lib/python3.12/site-packages/airflow/example_dags/example_external_task_marker_dag.py took 0.281 seconds
[2024-10-30T18:42:57.294+0000] {processor.py:161} INFO - Started process (PID=1907) to work on /home/airflow/.local/lib/python3.12/site-packages/airflow/example_dags/example_external_task_marker_dag.py
[2024-10-30T18:42:57.296+0000] {processor.py:830} INFO - Processing file /home/airflow/.local/lib/python3.12/site-packages/airflow/example_dags/example_external_task_marker_dag.py for tasks to queue
[2024-10-30T18:42:57.303+0000] {logging_mixin.py:188} INFO - [2024-10-30T18:42:57.303+0000] {dagbag.py:545} INFO - Filling up the DagBag from /home/airflow/.local/lib/python3.12/site-packages/airflow/example_dags/example_external_task_marker_dag.py
[2024-10-30T18:42:57.326+0000] {processor.py:840} INFO - DAG(s) 'example_external_task_marker_parent', 'example_external_task_marker_child' retrieved from /home/airflow/.local/lib/python3.12/site-packages/airflow/example_dags/example_external_task_marker_dag.py
[2024-10-30T18:42:57.396+0000] {logging_mixin.py:188} INFO - [2024-10-30T18:42:57.396+0000] {dag.py:3089} INFO - Sync 2 DAGs
[2024-10-30T18:42:57.434+0000] {logging_mixin.py:188} INFO - [2024-10-30T18:42:57.434+0000] {dag.py:3947} INFO - Setting next_dagrun for example_external_task_marker_child to None, run_after=None
[2024-10-30T18:42:57.443+0000] {logging_mixin.py:188} INFO - [2024-10-30T18:42:57.443+0000] {dag.py:3947} INFO - Setting next_dagrun for example_external_task_marker_parent to None, run_after=None
[2024-10-30T18:42:57.484+0000] {processor.py:183} INFO - Processing /home/airflow/.local/lib/python3.12/site-packages/airflow/example_dags/example_external_task_marker_dag.py took 0.207 seconds
[2024-10-30T18:43:27.596+0000] {processor.py:161} INFO - Started process (PID=1965) to work on /home/airflow/.local/lib/python3.12/site-packages/airflow/example_dags/example_external_task_marker_dag.py
[2024-10-30T18:43:27.601+0000] {processor.py:830} INFO - Processing file /home/airflow/.local/lib/python3.12/site-packages/airflow/example_dags/example_external_task_marker_dag.py for tasks to queue
[2024-10-30T18:43:27.616+0000] {logging_mixin.py:188} INFO - [2024-10-30T18:43:27.615+0000] {dagbag.py:545} INFO - Filling up the DagBag from /home/airflow/.local/lib/python3.12/site-packages/airflow/example_dags/example_external_task_marker_dag.py
[2024-10-30T18:43:27.635+0000] {processor.py:840} INFO - DAG(s) 'example_external_task_marker_child', 'example_external_task_marker_parent' retrieved from /home/airflow/.local/lib/python3.12/site-packages/airflow/example_dags/example_external_task_marker_dag.py
[2024-10-30T18:43:27.762+0000] {logging_mixin.py:188} INFO - [2024-10-30T18:43:27.761+0000] {dag.py:3089} INFO - Sync 2 DAGs
[2024-10-30T18:43:27.816+0000] {logging_mixin.py:188} INFO - [2024-10-30T18:43:27.816+0000] {dag.py:3947} INFO - Setting next_dagrun for example_external_task_marker_child to None, run_after=None
[2024-10-30T18:43:27.834+0000] {logging_mixin.py:188} INFO - [2024-10-30T18:43:27.833+0000] {dag.py:3947} INFO - Setting next_dagrun for example_external_task_marker_parent to None, run_after=None
[2024-10-30T18:43:27.914+0000] {processor.py:183} INFO - Processing /home/airflow/.local/lib/python3.12/site-packages/airflow/example_dags/example_external_task_marker_dag.py took 0.350 seconds
[2024-10-30T18:43:58.384+0000] {processor.py:161} INFO - Started process (PID=2025) to work on /home/airflow/.local/lib/python3.12/site-packages/airflow/example_dags/example_external_task_marker_dag.py
[2024-10-30T18:43:58.388+0000] {processor.py:830} INFO - Processing file /home/airflow/.local/lib/python3.12/site-packages/airflow/example_dags/example_external_task_marker_dag.py for tasks to queue
[2024-10-30T18:43:58.392+0000] {logging_mixin.py:188} INFO - [2024-10-30T18:43:58.391+0000] {dagbag.py:545} INFO - Filling up the DagBag from /home/airflow/.local/lib/python3.12/site-packages/airflow/example_dags/example_external_task_marker_dag.py
[2024-10-30T18:43:58.414+0000] {processor.py:840} INFO - DAG(s) 'example_external_task_marker_parent', 'example_external_task_marker_child' retrieved from /home/airflow/.local/lib/python3.12/site-packages/airflow/example_dags/example_external_task_marker_dag.py
[2024-10-30T18:43:58.497+0000] {logging_mixin.py:188} INFO - [2024-10-30T18:43:58.496+0000] {dag.py:3089} INFO - Sync 2 DAGs
[2024-10-30T18:43:58.543+0000] {logging_mixin.py:188} INFO - [2024-10-30T18:43:58.542+0000] {dag.py:3947} INFO - Setting next_dagrun for example_external_task_marker_child to None, run_after=None
[2024-10-30T18:43:58.563+0000] {logging_mixin.py:188} INFO - [2024-10-30T18:43:58.563+0000] {dag.py:3947} INFO - Setting next_dagrun for example_external_task_marker_parent to None, run_after=None
[2024-10-30T18:43:58.620+0000] {processor.py:183} INFO - Processing /home/airflow/.local/lib/python3.12/site-packages/airflow/example_dags/example_external_task_marker_dag.py took 0.252 seconds
[2024-10-30T18:44:29.090+0000] {processor.py:161} INFO - Started process (PID=2081) to work on /home/airflow/.local/lib/python3.12/site-packages/airflow/example_dags/example_external_task_marker_dag.py
[2024-10-30T18:44:29.094+0000] {processor.py:830} INFO - Processing file /home/airflow/.local/lib/python3.12/site-packages/airflow/example_dags/example_external_task_marker_dag.py for tasks to queue
[2024-10-30T18:44:29.099+0000] {logging_mixin.py:188} INFO - [2024-10-30T18:44:29.099+0000] {dagbag.py:545} INFO - Filling up the DagBag from /home/airflow/.local/lib/python3.12/site-packages/airflow/example_dags/example_external_task_marker_dag.py
[2024-10-30T18:44:29.118+0000] {processor.py:840} INFO - DAG(s) 'example_external_task_marker_parent', 'example_external_task_marker_child' retrieved from /home/airflow/.local/lib/python3.12/site-packages/airflow/example_dags/example_external_task_marker_dag.py
[2024-10-30T18:44:29.236+0000] {logging_mixin.py:188} INFO - [2024-10-30T18:44:29.236+0000] {dag.py:3089} INFO - Sync 2 DAGs
[2024-10-30T18:44:29.288+0000] {logging_mixin.py:188} INFO - [2024-10-30T18:44:29.287+0000] {dag.py:3947} INFO - Setting next_dagrun for example_external_task_marker_child to None, run_after=None
[2024-10-30T18:44:29.302+0000] {logging_mixin.py:188} INFO - [2024-10-30T18:44:29.301+0000] {dag.py:3947} INFO - Setting next_dagrun for example_external_task_marker_parent to None, run_after=None
[2024-10-30T18:44:29.366+0000] {processor.py:183} INFO - Processing /home/airflow/.local/lib/python3.12/site-packages/airflow/example_dags/example_external_task_marker_dag.py took 0.299 seconds
[2024-10-30T18:44:59.595+0000] {processor.py:161} INFO - Started process (PID=2142) to work on /home/airflow/.local/lib/python3.12/site-packages/airflow/example_dags/example_external_task_marker_dag.py
[2024-10-30T18:44:59.598+0000] {processor.py:830} INFO - Processing file /home/airflow/.local/lib/python3.12/site-packages/airflow/example_dags/example_external_task_marker_dag.py for tasks to queue
[2024-10-30T18:44:59.604+0000] {logging_mixin.py:188} INFO - [2024-10-30T18:44:59.603+0000] {dagbag.py:545} INFO - Filling up the DagBag from /home/airflow/.local/lib/python3.12/site-packages/airflow/example_dags/example_external_task_marker_dag.py
[2024-10-30T18:44:59.624+0000] {processor.py:840} INFO - DAG(s) 'example_external_task_marker_parent', 'example_external_task_marker_child' retrieved from /home/airflow/.local/lib/python3.12/site-packages/airflow/example_dags/example_external_task_marker_dag.py
[2024-10-30T18:44:59.697+0000] {logging_mixin.py:188} INFO - [2024-10-30T18:44:59.696+0000] {dag.py:3089} INFO - Sync 2 DAGs
[2024-10-30T18:44:59.755+0000] {logging_mixin.py:188} INFO - [2024-10-30T18:44:59.755+0000] {dag.py:3947} INFO - Setting next_dagrun for example_external_task_marker_child to None, run_after=None
[2024-10-30T18:44:59.772+0000] {logging_mixin.py:188} INFO - [2024-10-30T18:44:59.771+0000] {dag.py:3947} INFO - Setting next_dagrun for example_external_task_marker_parent to None, run_after=None
[2024-10-30T18:44:59.854+0000] {processor.py:183} INFO - Processing /home/airflow/.local/lib/python3.12/site-packages/airflow/example_dags/example_external_task_marker_dag.py took 0.292 seconds
[2024-10-30T18:45:30.959+0000] {processor.py:161} INFO - Started process (PID=2202) to work on /home/airflow/.local/lib/python3.12/site-packages/airflow/example_dags/example_external_task_marker_dag.py
[2024-10-30T18:45:30.971+0000] {processor.py:830} INFO - Processing file /home/airflow/.local/lib/python3.12/site-packages/airflow/example_dags/example_external_task_marker_dag.py for tasks to queue
[2024-10-30T18:45:30.978+0000] {logging_mixin.py:188} INFO - [2024-10-30T18:45:30.976+0000] {dagbag.py:545} INFO - Filling up the DagBag from /home/airflow/.local/lib/python3.12/site-packages/airflow/example_dags/example_external_task_marker_dag.py
[2024-10-30T18:45:31.016+0000] {processor.py:840} INFO - DAG(s) 'example_external_task_marker_parent', 'example_external_task_marker_child' retrieved from /home/airflow/.local/lib/python3.12/site-packages/airflow/example_dags/example_external_task_marker_dag.py
[2024-10-30T18:45:31.277+0000] {logging_mixin.py:188} INFO - [2024-10-30T18:45:31.276+0000] {dag.py:3089} INFO - Sync 2 DAGs
[2024-10-30T18:45:31.342+0000] {logging_mixin.py:188} INFO - [2024-10-30T18:45:31.340+0000] {dag.py:3947} INFO - Setting next_dagrun for example_external_task_marker_child to None, run_after=None
[2024-10-30T18:45:31.352+0000] {logging_mixin.py:188} INFO - [2024-10-30T18:45:31.352+0000] {dag.py:3947} INFO - Setting next_dagrun for example_external_task_marker_parent to None, run_after=None
[2024-10-30T18:45:31.445+0000] {processor.py:183} INFO - Processing /home/airflow/.local/lib/python3.12/site-packages/airflow/example_dags/example_external_task_marker_dag.py took 0.534 seconds
[2024-10-30T18:46:47.890+0000] {processor.py:161} INFO - Started process (PID=2260) to work on /home/airflow/.local/lib/python3.12/site-packages/airflow/example_dags/example_external_task_marker_dag.py
[2024-10-30T18:46:47.907+0000] {processor.py:830} INFO - Processing file /home/airflow/.local/lib/python3.12/site-packages/airflow/example_dags/example_external_task_marker_dag.py for tasks to queue
[2024-10-30T18:46:47.932+0000] {logging_mixin.py:188} INFO - [2024-10-30T18:46:47.931+0000] {dagbag.py:545} INFO - Filling up the DagBag from /home/airflow/.local/lib/python3.12/site-packages/airflow/example_dags/example_external_task_marker_dag.py
[2024-10-30T18:46:47.975+0000] {processor.py:840} INFO - DAG(s) 'example_external_task_marker_child', 'example_external_task_marker_parent' retrieved from /home/airflow/.local/lib/python3.12/site-packages/airflow/example_dags/example_external_task_marker_dag.py
[2024-10-30T18:46:48.664+0000] {logging_mixin.py:188} INFO - [2024-10-30T18:46:48.663+0000] {dag.py:3089} INFO - Sync 2 DAGs
[2024-10-30T18:46:48.928+0000] {logging_mixin.py:188} INFO - [2024-10-30T18:46:48.922+0000] {dag.py:3947} INFO - Setting next_dagrun for example_external_task_marker_child to None, run_after=None
[2024-10-30T18:46:48.976+0000] {logging_mixin.py:188} INFO - [2024-10-30T18:46:48.975+0000] {dag.py:3947} INFO - Setting next_dagrun for example_external_task_marker_parent to None, run_after=None
[2024-10-30T18:46:49.118+0000] {processor.py:183} INFO - Processing /home/airflow/.local/lib/python3.12/site-packages/airflow/example_dags/example_external_task_marker_dag.py took 1.319 seconds
[2024-10-30T18:47:35.780+0000] {processor.py:161} INFO - Started process (PID=2311) to work on /home/airflow/.local/lib/python3.12/site-packages/airflow/example_dags/example_external_task_marker_dag.py
[2024-10-30T18:47:35.798+0000] {processor.py:830} INFO - Processing file /home/airflow/.local/lib/python3.12/site-packages/airflow/example_dags/example_external_task_marker_dag.py for tasks to queue
[2024-10-30T18:47:35.800+0000] {logging_mixin.py:188} INFO - [2024-10-30T18:47:35.799+0000] {dagbag.py:545} INFO - Filling up the DagBag from /home/airflow/.local/lib/python3.12/site-packages/airflow/example_dags/example_external_task_marker_dag.py
[2024-10-30T18:47:35.853+0000] {processor.py:840} INFO - DAG(s) 'example_external_task_marker_parent', 'example_external_task_marker_child' retrieved from /home/airflow/.local/lib/python3.12/site-packages/airflow/example_dags/example_external_task_marker_dag.py
[2024-10-30T18:47:36.190+0000] {logging_mixin.py:188} INFO - [2024-10-30T18:47:36.184+0000] {dag.py:3089} INFO - Sync 2 DAGs
[2024-10-30T18:47:36.311+0000] {logging_mixin.py:188} INFO - [2024-10-30T18:47:36.310+0000] {dag.py:3947} INFO - Setting next_dagrun for example_external_task_marker_child to None, run_after=None
[2024-10-30T18:47:36.327+0000] {logging_mixin.py:188} INFO - [2024-10-30T18:47:36.326+0000] {dag.py:3947} INFO - Setting next_dagrun for example_external_task_marker_parent to None, run_after=None
[2024-10-30T18:47:36.406+0000] {processor.py:183} INFO - Processing /home/airflow/.local/lib/python3.12/site-packages/airflow/example_dags/example_external_task_marker_dag.py took 0.731 seconds
[2024-10-30T18:48:18.262+0000] {processor.py:161} INFO - Started process (PID=2360) to work on /home/airflow/.local/lib/python3.12/site-packages/airflow/example_dags/example_external_task_marker_dag.py
[2024-10-30T18:48:18.284+0000] {processor.py:830} INFO - Processing file /home/airflow/.local/lib/python3.12/site-packages/airflow/example_dags/example_external_task_marker_dag.py for tasks to queue
[2024-10-30T18:48:18.299+0000] {logging_mixin.py:188} INFO - [2024-10-30T18:48:18.298+0000] {dagbag.py:545} INFO - Filling up the DagBag from /home/airflow/.local/lib/python3.12/site-packages/airflow/example_dags/example_external_task_marker_dag.py
[2024-10-30T18:48:18.350+0000] {processor.py:840} INFO - DAG(s) 'example_external_task_marker_parent', 'example_external_task_marker_child' retrieved from /home/airflow/.local/lib/python3.12/site-packages/airflow/example_dags/example_external_task_marker_dag.py
[2024-10-30T18:48:18.797+0000] {logging_mixin.py:188} INFO - [2024-10-30T18:48:18.794+0000] {dag.py:3089} INFO - Sync 2 DAGs
[2024-10-30T18:48:19.031+0000] {logging_mixin.py:188} INFO - [2024-10-30T18:48:19.030+0000] {dag.py:3947} INFO - Setting next_dagrun for example_external_task_marker_child to None, run_after=None
[2024-10-30T18:48:19.070+0000] {logging_mixin.py:188} INFO - [2024-10-30T18:48:19.067+0000] {dag.py:3947} INFO - Setting next_dagrun for example_external_task_marker_parent to None, run_after=None
[2024-10-30T18:48:19.162+0000] {processor.py:183} INFO - Processing /home/airflow/.local/lib/python3.12/site-packages/airflow/example_dags/example_external_task_marker_dag.py took 1.002 seconds
[2024-10-30T18:48:49.507+0000] {processor.py:161} INFO - Started process (PID=2418) to work on /home/airflow/.local/lib/python3.12/site-packages/airflow/example_dags/example_external_task_marker_dag.py
[2024-10-30T18:48:49.512+0000] {processor.py:830} INFO - Processing file /home/airflow/.local/lib/python3.12/site-packages/airflow/example_dags/example_external_task_marker_dag.py for tasks to queue
[2024-10-30T18:48:49.515+0000] {logging_mixin.py:188} INFO - [2024-10-30T18:48:49.514+0000] {dagbag.py:545} INFO - Filling up the DagBag from /home/airflow/.local/lib/python3.12/site-packages/airflow/example_dags/example_external_task_marker_dag.py
[2024-10-30T18:48:49.542+0000] {processor.py:840} INFO - DAG(s) 'example_external_task_marker_child', 'example_external_task_marker_parent' retrieved from /home/airflow/.local/lib/python3.12/site-packages/airflow/example_dags/example_external_task_marker_dag.py
[2024-10-30T18:48:49.651+0000] {logging_mixin.py:188} INFO - [2024-10-30T18:48:49.650+0000] {dag.py:3089} INFO - Sync 2 DAGs
[2024-10-30T18:48:49.707+0000] {logging_mixin.py:188} INFO - [2024-10-30T18:48:49.706+0000] {dag.py:3947} INFO - Setting next_dagrun for example_external_task_marker_child to None, run_after=None
[2024-10-30T18:48:49.720+0000] {logging_mixin.py:188} INFO - [2024-10-30T18:48:49.719+0000] {dag.py:3947} INFO - Setting next_dagrun for example_external_task_marker_parent to None, run_after=None
[2024-10-30T18:48:49.786+0000] {processor.py:183} INFO - Processing /home/airflow/.local/lib/python3.12/site-packages/airflow/example_dags/example_external_task_marker_dag.py took 0.304 seconds
