[2024-10-30T18:26:06.128+0000] {processor.py:161} INFO - Started process (PID=53) to work on /home/airflow/.local/lib/python3.12/site-packages/airflow/example_dags/example_branch_day_of_week_operator.py
[2024-10-30T18:26:06.132+0000] {processor.py:830} INFO - Processing file /home/airflow/.local/lib/python3.12/site-packages/airflow/example_dags/example_branch_day_of_week_operator.py for tasks to queue
[2024-10-30T18:26:06.137+0000] {logging_mixin.py:188} INFO - [2024-10-30T18:26:06.136+0000] {dagbag.py:545} INFO - Filling up the DagBag from /home/airflow/.local/lib/python3.12/site-packages/airflow/example_dags/example_branch_day_of_week_operator.py
[2024-10-30T18:26:06.183+0000] {processor.py:840} INFO - DAG(s) 'example_weekday_branch_operator' retrieved from /home/airflow/.local/lib/python3.12/site-packages/airflow/example_dags/example_branch_day_of_week_operator.py
[2024-10-30T18:26:06.653+0000] {logging_mixin.py:188} INFO - [2024-10-30T18:26:06.652+0000] {override.py:1858} INFO - Created Permission View: can read on DAG:example_weekday_branch_operator
[2024-10-30T18:26:06.750+0000] {logging_mixin.py:188} INFO - [2024-10-30T18:26:06.750+0000] {override.py:1858} INFO - Created Permission View: can edit on DAG:example_weekday_branch_operator
[2024-10-30T18:26:06.801+0000] {logging_mixin.py:188} INFO - [2024-10-30T18:26:06.800+0000] {override.py:1858} INFO - Created Permission View: can delete on DAG:example_weekday_branch_operator
[2024-10-30T18:26:06.803+0000] {logging_mixin.py:188} INFO - [2024-10-30T18:26:06.802+0000] {dag.py:3089} INFO - Sync 1 DAGs
[2024-10-30T18:26:06.908+0000] {logging_mixin.py:188} INFO - [2024-10-30T18:26:06.907+0000] {dag.py:3111} INFO - Creating ORM DAG for example_weekday_branch_operator
[2024-10-30T18:26:06.950+0000] {logging_mixin.py:188} INFO - [2024-10-30T18:26:06.949+0000] {dag.py:3947} INFO - Setting next_dagrun for example_weekday_branch_operator to 2024-10-29 00:00:00+00:00, run_after=2024-10-30 00:00:00+00:00
[2024-10-30T18:26:07.022+0000] {processor.py:183} INFO - Processing /home/airflow/.local/lib/python3.12/site-packages/airflow/example_dags/example_branch_day_of_week_operator.py took 0.940 seconds
[2024-10-30T18:27:31.592+0000] {processor.py:161} INFO - Started process (PID=120) to work on /home/airflow/.local/lib/python3.12/site-packages/airflow/example_dags/example_branch_day_of_week_operator.py
[2024-10-30T18:27:31.595+0000] {processor.py:830} INFO - Processing file /home/airflow/.local/lib/python3.12/site-packages/airflow/example_dags/example_branch_day_of_week_operator.py for tasks to queue
[2024-10-30T18:27:31.600+0000] {logging_mixin.py:188} INFO - [2024-10-30T18:27:31.599+0000] {dagbag.py:545} INFO - Filling up the DagBag from /home/airflow/.local/lib/python3.12/site-packages/airflow/example_dags/example_branch_day_of_week_operator.py
[2024-10-30T18:27:31.629+0000] {processor.py:840} INFO - DAG(s) 'example_weekday_branch_operator' retrieved from /home/airflow/.local/lib/python3.12/site-packages/airflow/example_dags/example_branch_day_of_week_operator.py
[2024-10-30T18:27:31.746+0000] {logging_mixin.py:188} INFO - [2024-10-30T18:27:31.745+0000] {dag.py:3089} INFO - Sync 1 DAGs
[2024-10-30T18:27:31.898+0000] {logging_mixin.py:188} INFO - [2024-10-30T18:27:31.895+0000] {dag.py:3947} INFO - Setting next_dagrun for example_weekday_branch_operator to 2024-10-29 00:00:00+00:00, run_after=2024-10-30 00:00:00+00:00
[2024-10-30T18:27:32.036+0000] {processor.py:183} INFO - Processing /home/airflow/.local/lib/python3.12/site-packages/airflow/example_dags/example_branch_day_of_week_operator.py took 0.465 seconds
[2024-10-30T18:28:06.628+0000] {processor.py:161} INFO - Started process (PID=180) to work on /home/airflow/.local/lib/python3.12/site-packages/airflow/example_dags/example_branch_day_of_week_operator.py
[2024-10-30T18:28:06.636+0000] {processor.py:830} INFO - Processing file /home/airflow/.local/lib/python3.12/site-packages/airflow/example_dags/example_branch_day_of_week_operator.py for tasks to queue
[2024-10-30T18:28:06.641+0000] {logging_mixin.py:188} INFO - [2024-10-30T18:28:06.640+0000] {dagbag.py:545} INFO - Filling up the DagBag from /home/airflow/.local/lib/python3.12/site-packages/airflow/example_dags/example_branch_day_of_week_operator.py
[2024-10-30T18:28:06.664+0000] {processor.py:840} INFO - DAG(s) 'example_weekday_branch_operator' retrieved from /home/airflow/.local/lib/python3.12/site-packages/airflow/example_dags/example_branch_day_of_week_operator.py
[2024-10-30T18:28:06.771+0000] {logging_mixin.py:188} INFO - [2024-10-30T18:28:06.771+0000] {dag.py:3089} INFO - Sync 1 DAGs
[2024-10-30T18:28:06.853+0000] {logging_mixin.py:188} INFO - [2024-10-30T18:28:06.852+0000] {dag.py:3947} INFO - Setting next_dagrun for example_weekday_branch_operator to 2024-10-29 00:00:00+00:00, run_after=2024-10-30 00:00:00+00:00
[2024-10-30T18:28:06.910+0000] {processor.py:183} INFO - Processing /home/airflow/.local/lib/python3.12/site-packages/airflow/example_dags/example_branch_day_of_week_operator.py took 0.303 seconds
[2024-10-30T18:28:40.652+0000] {processor.py:161} INFO - Started process (PID=245) to work on /home/airflow/.local/lib/python3.12/site-packages/airflow/example_dags/example_branch_day_of_week_operator.py
[2024-10-30T18:28:40.655+0000] {processor.py:830} INFO - Processing file /home/airflow/.local/lib/python3.12/site-packages/airflow/example_dags/example_branch_day_of_week_operator.py for tasks to queue
[2024-10-30T18:28:40.659+0000] {logging_mixin.py:188} INFO - [2024-10-30T18:28:40.658+0000] {dagbag.py:545} INFO - Filling up the DagBag from /home/airflow/.local/lib/python3.12/site-packages/airflow/example_dags/example_branch_day_of_week_operator.py
[2024-10-30T18:28:40.682+0000] {processor.py:840} INFO - DAG(s) 'example_weekday_branch_operator' retrieved from /home/airflow/.local/lib/python3.12/site-packages/airflow/example_dags/example_branch_day_of_week_operator.py
[2024-10-30T18:28:40.762+0000] {logging_mixin.py:188} INFO - [2024-10-30T18:28:40.761+0000] {dag.py:3089} INFO - Sync 1 DAGs
[2024-10-30T18:28:40.824+0000] {logging_mixin.py:188} INFO - [2024-10-30T18:28:40.824+0000] {dag.py:3947} INFO - Setting next_dagrun for example_weekday_branch_operator to 2024-10-29 00:00:00+00:00, run_after=2024-10-30 00:00:00+00:00
[2024-10-30T18:28:40.868+0000] {processor.py:183} INFO - Processing /home/airflow/.local/lib/python3.12/site-packages/airflow/example_dags/example_branch_day_of_week_operator.py took 0.230 seconds
[2024-10-30T18:29:12.829+0000] {processor.py:161} INFO - Started process (PID=305) to work on /home/airflow/.local/lib/python3.12/site-packages/airflow/example_dags/example_branch_day_of_week_operator.py
[2024-10-30T18:29:12.832+0000] {processor.py:830} INFO - Processing file /home/airflow/.local/lib/python3.12/site-packages/airflow/example_dags/example_branch_day_of_week_operator.py for tasks to queue
[2024-10-30T18:29:12.837+0000] {logging_mixin.py:188} INFO - [2024-10-30T18:29:12.836+0000] {dagbag.py:545} INFO - Filling up the DagBag from /home/airflow/.local/lib/python3.12/site-packages/airflow/example_dags/example_branch_day_of_week_operator.py
[2024-10-30T18:29:12.882+0000] {processor.py:840} INFO - DAG(s) 'example_weekday_branch_operator' retrieved from /home/airflow/.local/lib/python3.12/site-packages/airflow/example_dags/example_branch_day_of_week_operator.py
[2024-10-30T18:29:12.957+0000] {logging_mixin.py:188} INFO - [2024-10-30T18:29:12.956+0000] {dag.py:3089} INFO - Sync 1 DAGs
[2024-10-30T18:29:13.053+0000] {logging_mixin.py:188} INFO - [2024-10-30T18:29:13.052+0000] {dag.py:3947} INFO - Setting next_dagrun for example_weekday_branch_operator to 2024-10-29 00:00:00+00:00, run_after=2024-10-30 00:00:00+00:00
[2024-10-30T18:29:13.115+0000] {processor.py:183} INFO - Processing /home/airflow/.local/lib/python3.12/site-packages/airflow/example_dags/example_branch_day_of_week_operator.py took 0.305 seconds
[2024-10-30T18:29:43.395+0000] {processor.py:161} INFO - Started process (PID=363) to work on /home/airflow/.local/lib/python3.12/site-packages/airflow/example_dags/example_branch_day_of_week_operator.py
[2024-10-30T18:29:43.398+0000] {processor.py:830} INFO - Processing file /home/airflow/.local/lib/python3.12/site-packages/airflow/example_dags/example_branch_day_of_week_operator.py for tasks to queue
[2024-10-30T18:29:43.406+0000] {logging_mixin.py:188} INFO - [2024-10-30T18:29:43.403+0000] {dagbag.py:545} INFO - Filling up the DagBag from /home/airflow/.local/lib/python3.12/site-packages/airflow/example_dags/example_branch_day_of_week_operator.py
[2024-10-30T18:29:43.429+0000] {processor.py:840} INFO - DAG(s) 'example_weekday_branch_operator' retrieved from /home/airflow/.local/lib/python3.12/site-packages/airflow/example_dags/example_branch_day_of_week_operator.py
[2024-10-30T18:29:43.488+0000] {logging_mixin.py:188} INFO - [2024-10-30T18:29:43.488+0000] {dag.py:3089} INFO - Sync 1 DAGs
[2024-10-30T18:29:43.570+0000] {logging_mixin.py:188} INFO - [2024-10-30T18:29:43.569+0000] {dag.py:3947} INFO - Setting next_dagrun for example_weekday_branch_operator to 2024-10-29 00:00:00+00:00, run_after=2024-10-30 00:00:00+00:00
[2024-10-30T18:29:43.625+0000] {processor.py:183} INFO - Processing /home/airflow/.local/lib/python3.12/site-packages/airflow/example_dags/example_branch_day_of_week_operator.py took 0.248 seconds
[2024-10-30T18:30:14.369+0000] {processor.py:161} INFO - Started process (PID=420) to work on /home/airflow/.local/lib/python3.12/site-packages/airflow/example_dags/example_branch_day_of_week_operator.py
[2024-10-30T18:30:14.376+0000] {processor.py:830} INFO - Processing file /home/airflow/.local/lib/python3.12/site-packages/airflow/example_dags/example_branch_day_of_week_operator.py for tasks to queue
[2024-10-30T18:30:14.382+0000] {logging_mixin.py:188} INFO - [2024-10-30T18:30:14.380+0000] {dagbag.py:545} INFO - Filling up the DagBag from /home/airflow/.local/lib/python3.12/site-packages/airflow/example_dags/example_branch_day_of_week_operator.py
[2024-10-30T18:30:14.417+0000] {processor.py:840} INFO - DAG(s) 'example_weekday_branch_operator' retrieved from /home/airflow/.local/lib/python3.12/site-packages/airflow/example_dags/example_branch_day_of_week_operator.py
[2024-10-30T18:30:14.470+0000] {logging_mixin.py:188} INFO - [2024-10-30T18:30:14.470+0000] {dag.py:3089} INFO - Sync 1 DAGs
[2024-10-30T18:30:14.520+0000] {logging_mixin.py:188} INFO - [2024-10-30T18:30:14.520+0000] {dag.py:3947} INFO - Setting next_dagrun for example_weekday_branch_operator to 2024-10-29 00:00:00+00:00, run_after=2024-10-30 00:00:00+00:00
[2024-10-30T18:30:14.560+0000] {processor.py:183} INFO - Processing /home/airflow/.local/lib/python3.12/site-packages/airflow/example_dags/example_branch_day_of_week_operator.py took 0.214 seconds
[2024-10-30T18:30:45.153+0000] {processor.py:161} INFO - Started process (PID=479) to work on /home/airflow/.local/lib/python3.12/site-packages/airflow/example_dags/example_branch_day_of_week_operator.py
[2024-10-30T18:30:45.157+0000] {processor.py:830} INFO - Processing file /home/airflow/.local/lib/python3.12/site-packages/airflow/example_dags/example_branch_day_of_week_operator.py for tasks to queue
[2024-10-30T18:30:45.164+0000] {logging_mixin.py:188} INFO - [2024-10-30T18:30:45.163+0000] {dagbag.py:545} INFO - Filling up the DagBag from /home/airflow/.local/lib/python3.12/site-packages/airflow/example_dags/example_branch_day_of_week_operator.py
[2024-10-30T18:30:45.191+0000] {processor.py:840} INFO - DAG(s) 'example_weekday_branch_operator' retrieved from /home/airflow/.local/lib/python3.12/site-packages/airflow/example_dags/example_branch_day_of_week_operator.py
[2024-10-30T18:30:45.278+0000] {logging_mixin.py:188} INFO - [2024-10-30T18:30:45.277+0000] {dag.py:3089} INFO - Sync 1 DAGs
[2024-10-30T18:30:45.360+0000] {logging_mixin.py:188} INFO - [2024-10-30T18:30:45.359+0000] {dag.py:3947} INFO - Setting next_dagrun for example_weekday_branch_operator to 2024-10-29 00:00:00+00:00, run_after=2024-10-30 00:00:00+00:00
[2024-10-30T18:30:45.422+0000] {processor.py:183} INFO - Processing /home/airflow/.local/lib/python3.12/site-packages/airflow/example_dags/example_branch_day_of_week_operator.py took 0.309 seconds
[2024-10-30T18:31:16.727+0000] {processor.py:161} INFO - Started process (PID=539) to work on /home/airflow/.local/lib/python3.12/site-packages/airflow/example_dags/example_branch_day_of_week_operator.py
[2024-10-30T18:31:16.731+0000] {processor.py:830} INFO - Processing file /home/airflow/.local/lib/python3.12/site-packages/airflow/example_dags/example_branch_day_of_week_operator.py for tasks to queue
[2024-10-30T18:31:16.738+0000] {logging_mixin.py:188} INFO - [2024-10-30T18:31:16.736+0000] {dagbag.py:545} INFO - Filling up the DagBag from /home/airflow/.local/lib/python3.12/site-packages/airflow/example_dags/example_branch_day_of_week_operator.py
[2024-10-30T18:31:16.766+0000] {processor.py:840} INFO - DAG(s) 'example_weekday_branch_operator' retrieved from /home/airflow/.local/lib/python3.12/site-packages/airflow/example_dags/example_branch_day_of_week_operator.py
[2024-10-30T18:31:16.866+0000] {logging_mixin.py:188} INFO - [2024-10-30T18:31:16.864+0000] {dag.py:3089} INFO - Sync 1 DAGs
[2024-10-30T18:31:16.980+0000] {logging_mixin.py:188} INFO - [2024-10-30T18:31:16.980+0000] {dag.py:3947} INFO - Setting next_dagrun for example_weekday_branch_operator to 2024-10-29 00:00:00+00:00, run_after=2024-10-30 00:00:00+00:00
[2024-10-30T18:31:17.101+0000] {processor.py:183} INFO - Processing /home/airflow/.local/lib/python3.12/site-packages/airflow/example_dags/example_branch_day_of_week_operator.py took 0.412 seconds
[2024-10-30T18:31:47.590+0000] {processor.py:161} INFO - Started process (PID=599) to work on /home/airflow/.local/lib/python3.12/site-packages/airflow/example_dags/example_branch_day_of_week_operator.py
[2024-10-30T18:31:47.593+0000] {processor.py:830} INFO - Processing file /home/airflow/.local/lib/python3.12/site-packages/airflow/example_dags/example_branch_day_of_week_operator.py for tasks to queue
[2024-10-30T18:31:47.599+0000] {logging_mixin.py:188} INFO - [2024-10-30T18:31:47.598+0000] {dagbag.py:545} INFO - Filling up the DagBag from /home/airflow/.local/lib/python3.12/site-packages/airflow/example_dags/example_branch_day_of_week_operator.py
[2024-10-30T18:31:47.625+0000] {processor.py:840} INFO - DAG(s) 'example_weekday_branch_operator' retrieved from /home/airflow/.local/lib/python3.12/site-packages/airflow/example_dags/example_branch_day_of_week_operator.py
[2024-10-30T18:31:47.686+0000] {logging_mixin.py:188} INFO - [2024-10-30T18:31:47.686+0000] {dag.py:3089} INFO - Sync 1 DAGs
[2024-10-30T18:31:47.758+0000] {logging_mixin.py:188} INFO - [2024-10-30T18:31:47.757+0000] {dag.py:3947} INFO - Setting next_dagrun for example_weekday_branch_operator to 2024-10-29 00:00:00+00:00, run_after=2024-10-30 00:00:00+00:00
[2024-10-30T18:31:47.829+0000] {processor.py:183} INFO - Processing /home/airflow/.local/lib/python3.12/site-packages/airflow/example_dags/example_branch_day_of_week_operator.py took 0.260 seconds
[2024-10-30T18:32:18.477+0000] {processor.py:161} INFO - Started process (PID=659) to work on /home/airflow/.local/lib/python3.12/site-packages/airflow/example_dags/example_branch_day_of_week_operator.py
[2024-10-30T18:32:18.481+0000] {processor.py:830} INFO - Processing file /home/airflow/.local/lib/python3.12/site-packages/airflow/example_dags/example_branch_day_of_week_operator.py for tasks to queue
[2024-10-30T18:32:18.486+0000] {logging_mixin.py:188} INFO - [2024-10-30T18:32:18.486+0000] {dagbag.py:545} INFO - Filling up the DagBag from /home/airflow/.local/lib/python3.12/site-packages/airflow/example_dags/example_branch_day_of_week_operator.py
[2024-10-30T18:32:18.508+0000] {processor.py:840} INFO - DAG(s) 'example_weekday_branch_operator' retrieved from /home/airflow/.local/lib/python3.12/site-packages/airflow/example_dags/example_branch_day_of_week_operator.py
[2024-10-30T18:32:18.572+0000] {logging_mixin.py:188} INFO - [2024-10-30T18:32:18.571+0000] {dag.py:3089} INFO - Sync 1 DAGs
[2024-10-30T18:32:18.639+0000] {logging_mixin.py:188} INFO - [2024-10-30T18:32:18.639+0000] {dag.py:3947} INFO - Setting next_dagrun for example_weekday_branch_operator to 2024-10-29 00:00:00+00:00, run_after=2024-10-30 00:00:00+00:00
[2024-10-30T18:32:18.695+0000] {processor.py:183} INFO - Processing /home/airflow/.local/lib/python3.12/site-packages/airflow/example_dags/example_branch_day_of_week_operator.py took 0.232 seconds
[2024-10-30T18:32:49.586+0000] {processor.py:161} INFO - Started process (PID=720) to work on /home/airflow/.local/lib/python3.12/site-packages/airflow/example_dags/example_branch_day_of_week_operator.py
[2024-10-30T18:32:49.642+0000] {processor.py:830} INFO - Processing file /home/airflow/.local/lib/python3.12/site-packages/airflow/example_dags/example_branch_day_of_week_operator.py for tasks to queue
[2024-10-30T18:32:49.660+0000] {logging_mixin.py:188} INFO - [2024-10-30T18:32:49.659+0000] {dagbag.py:545} INFO - Filling up the DagBag from /home/airflow/.local/lib/python3.12/site-packages/airflow/example_dags/example_branch_day_of_week_operator.py
[2024-10-30T18:32:49.816+0000] {processor.py:840} INFO - DAG(s) 'example_weekday_branch_operator' retrieved from /home/airflow/.local/lib/python3.12/site-packages/airflow/example_dags/example_branch_day_of_week_operator.py
[2024-10-30T18:32:49.960+0000] {logging_mixin.py:188} INFO - [2024-10-30T18:32:49.960+0000] {dag.py:3089} INFO - Sync 1 DAGs
[2024-10-30T18:32:50.179+0000] {logging_mixin.py:188} INFO - [2024-10-30T18:32:50.179+0000] {dag.py:3947} INFO - Setting next_dagrun for example_weekday_branch_operator to 2024-10-29 00:00:00+00:00, run_after=2024-10-30 00:00:00+00:00
[2024-10-30T18:32:50.604+0000] {processor.py:183} INFO - Processing /home/airflow/.local/lib/python3.12/site-packages/airflow/example_dags/example_branch_day_of_week_operator.py took 1.054 seconds
[2024-10-30T18:33:21.523+0000] {processor.py:161} INFO - Started process (PID=780) to work on /home/airflow/.local/lib/python3.12/site-packages/airflow/example_dags/example_branch_day_of_week_operator.py
[2024-10-30T18:33:21.525+0000] {processor.py:830} INFO - Processing file /home/airflow/.local/lib/python3.12/site-packages/airflow/example_dags/example_branch_day_of_week_operator.py for tasks to queue
[2024-10-30T18:33:21.538+0000] {logging_mixin.py:188} INFO - [2024-10-30T18:33:21.531+0000] {dagbag.py:545} INFO - Filling up the DagBag from /home/airflow/.local/lib/python3.12/site-packages/airflow/example_dags/example_branch_day_of_week_operator.py
[2024-10-30T18:33:21.569+0000] {processor.py:840} INFO - DAG(s) 'example_weekday_branch_operator' retrieved from /home/airflow/.local/lib/python3.12/site-packages/airflow/example_dags/example_branch_day_of_week_operator.py
[2024-10-30T18:33:21.619+0000] {logging_mixin.py:188} INFO - [2024-10-30T18:33:21.618+0000] {dag.py:3089} INFO - Sync 1 DAGs
[2024-10-30T18:33:21.684+0000] {logging_mixin.py:188} INFO - [2024-10-30T18:33:21.684+0000] {dag.py:3947} INFO - Setting next_dagrun for example_weekday_branch_operator to 2024-10-29 00:00:00+00:00, run_after=2024-10-30 00:00:00+00:00
[2024-10-30T18:33:21.735+0000] {processor.py:183} INFO - Processing /home/airflow/.local/lib/python3.12/site-packages/airflow/example_dags/example_branch_day_of_week_operator.py took 0.229 seconds
[2024-10-30T18:33:51.951+0000] {processor.py:161} INFO - Started process (PID=841) to work on /home/airflow/.local/lib/python3.12/site-packages/airflow/example_dags/example_branch_day_of_week_operator.py
[2024-10-30T18:33:51.955+0000] {processor.py:830} INFO - Processing file /home/airflow/.local/lib/python3.12/site-packages/airflow/example_dags/example_branch_day_of_week_operator.py for tasks to queue
[2024-10-30T18:33:51.964+0000] {logging_mixin.py:188} INFO - [2024-10-30T18:33:51.963+0000] {dagbag.py:545} INFO - Filling up the DagBag from /home/airflow/.local/lib/python3.12/site-packages/airflow/example_dags/example_branch_day_of_week_operator.py
[2024-10-30T18:33:51.997+0000] {processor.py:840} INFO - DAG(s) 'example_weekday_branch_operator' retrieved from /home/airflow/.local/lib/python3.12/site-packages/airflow/example_dags/example_branch_day_of_week_operator.py
[2024-10-30T18:33:52.077+0000] {logging_mixin.py:188} INFO - [2024-10-30T18:33:52.076+0000] {dag.py:3089} INFO - Sync 1 DAGs
[2024-10-30T18:33:52.164+0000] {logging_mixin.py:188} INFO - [2024-10-30T18:33:52.163+0000] {dag.py:3947} INFO - Setting next_dagrun for example_weekday_branch_operator to 2024-10-29 00:00:00+00:00, run_after=2024-10-30 00:00:00+00:00
[2024-10-30T18:33:52.223+0000] {processor.py:183} INFO - Processing /home/airflow/.local/lib/python3.12/site-packages/airflow/example_dags/example_branch_day_of_week_operator.py took 0.299 seconds
[2024-10-30T18:34:22.398+0000] {processor.py:161} INFO - Started process (PID=901) to work on /home/airflow/.local/lib/python3.12/site-packages/airflow/example_dags/example_branch_day_of_week_operator.py
[2024-10-30T18:34:22.400+0000] {processor.py:830} INFO - Processing file /home/airflow/.local/lib/python3.12/site-packages/airflow/example_dags/example_branch_day_of_week_operator.py for tasks to queue
[2024-10-30T18:34:22.407+0000] {logging_mixin.py:188} INFO - [2024-10-30T18:34:22.406+0000] {dagbag.py:545} INFO - Filling up the DagBag from /home/airflow/.local/lib/python3.12/site-packages/airflow/example_dags/example_branch_day_of_week_operator.py
[2024-10-30T18:34:22.432+0000] {processor.py:840} INFO - DAG(s) 'example_weekday_branch_operator' retrieved from /home/airflow/.local/lib/python3.12/site-packages/airflow/example_dags/example_branch_day_of_week_operator.py
[2024-10-30T18:34:22.535+0000] {logging_mixin.py:188} INFO - [2024-10-30T18:34:22.534+0000] {dag.py:3089} INFO - Sync 1 DAGs
[2024-10-30T18:34:22.647+0000] {logging_mixin.py:188} INFO - [2024-10-30T18:34:22.646+0000] {dag.py:3947} INFO - Setting next_dagrun for example_weekday_branch_operator to 2024-10-29 00:00:00+00:00, run_after=2024-10-30 00:00:00+00:00
[2024-10-30T18:34:22.730+0000] {processor.py:183} INFO - Processing /home/airflow/.local/lib/python3.12/site-packages/airflow/example_dags/example_branch_day_of_week_operator.py took 0.350 seconds
[2024-10-30T18:34:52.952+0000] {processor.py:161} INFO - Started process (PID=961) to work on /home/airflow/.local/lib/python3.12/site-packages/airflow/example_dags/example_branch_day_of_week_operator.py
[2024-10-30T18:34:52.955+0000] {processor.py:830} INFO - Processing file /home/airflow/.local/lib/python3.12/site-packages/airflow/example_dags/example_branch_day_of_week_operator.py for tasks to queue
[2024-10-30T18:34:52.962+0000] {logging_mixin.py:188} INFO - [2024-10-30T18:34:52.960+0000] {dagbag.py:545} INFO - Filling up the DagBag from /home/airflow/.local/lib/python3.12/site-packages/airflow/example_dags/example_branch_day_of_week_operator.py
[2024-10-30T18:34:52.983+0000] {processor.py:840} INFO - DAG(s) 'example_weekday_branch_operator' retrieved from /home/airflow/.local/lib/python3.12/site-packages/airflow/example_dags/example_branch_day_of_week_operator.py
[2024-10-30T18:34:53.055+0000] {logging_mixin.py:188} INFO - [2024-10-30T18:34:53.054+0000] {dag.py:3089} INFO - Sync 1 DAGs
[2024-10-30T18:34:53.128+0000] {logging_mixin.py:188} INFO - [2024-10-30T18:34:53.127+0000] {dag.py:3947} INFO - Setting next_dagrun for example_weekday_branch_operator to 2024-10-29 00:00:00+00:00, run_after=2024-10-30 00:00:00+00:00
[2024-10-30T18:34:53.187+0000] {processor.py:183} INFO - Processing /home/airflow/.local/lib/python3.12/site-packages/airflow/example_dags/example_branch_day_of_week_operator.py took 0.263 seconds
[2024-10-30T18:35:23.416+0000] {processor.py:161} INFO - Started process (PID=1021) to work on /home/airflow/.local/lib/python3.12/site-packages/airflow/example_dags/example_branch_day_of_week_operator.py
[2024-10-30T18:35:23.420+0000] {processor.py:830} INFO - Processing file /home/airflow/.local/lib/python3.12/site-packages/airflow/example_dags/example_branch_day_of_week_operator.py for tasks to queue
[2024-10-30T18:35:23.428+0000] {logging_mixin.py:188} INFO - [2024-10-30T18:35:23.427+0000] {dagbag.py:545} INFO - Filling up the DagBag from /home/airflow/.local/lib/python3.12/site-packages/airflow/example_dags/example_branch_day_of_week_operator.py
[2024-10-30T18:35:23.450+0000] {processor.py:840} INFO - DAG(s) 'example_weekday_branch_operator' retrieved from /home/airflow/.local/lib/python3.12/site-packages/airflow/example_dags/example_branch_day_of_week_operator.py
[2024-10-30T18:35:23.513+0000] {logging_mixin.py:188} INFO - [2024-10-30T18:35:23.512+0000] {dag.py:3089} INFO - Sync 1 DAGs
[2024-10-30T18:35:23.589+0000] {logging_mixin.py:188} INFO - [2024-10-30T18:35:23.588+0000] {dag.py:3947} INFO - Setting next_dagrun for example_weekday_branch_operator to 2024-10-29 00:00:00+00:00, run_after=2024-10-30 00:00:00+00:00
[2024-10-30T18:35:23.652+0000] {processor.py:183} INFO - Processing /home/airflow/.local/lib/python3.12/site-packages/airflow/example_dags/example_branch_day_of_week_operator.py took 0.297 seconds
[2024-10-30T18:35:54.167+0000] {processor.py:161} INFO - Started process (PID=1081) to work on /home/airflow/.local/lib/python3.12/site-packages/airflow/example_dags/example_branch_day_of_week_operator.py
[2024-10-30T18:35:54.170+0000] {processor.py:830} INFO - Processing file /home/airflow/.local/lib/python3.12/site-packages/airflow/example_dags/example_branch_day_of_week_operator.py for tasks to queue
[2024-10-30T18:35:54.178+0000] {logging_mixin.py:188} INFO - [2024-10-30T18:35:54.176+0000] {dagbag.py:545} INFO - Filling up the DagBag from /home/airflow/.local/lib/python3.12/site-packages/airflow/example_dags/example_branch_day_of_week_operator.py
[2024-10-30T18:35:54.203+0000] {processor.py:840} INFO - DAG(s) 'example_weekday_branch_operator' retrieved from /home/airflow/.local/lib/python3.12/site-packages/airflow/example_dags/example_branch_day_of_week_operator.py
[2024-10-30T18:35:54.264+0000] {logging_mixin.py:188} INFO - [2024-10-30T18:35:54.264+0000] {dag.py:3089} INFO - Sync 1 DAGs
[2024-10-30T18:35:54.330+0000] {logging_mixin.py:188} INFO - [2024-10-30T18:35:54.330+0000] {dag.py:3947} INFO - Setting next_dagrun for example_weekday_branch_operator to 2024-10-29 00:00:00+00:00, run_after=2024-10-30 00:00:00+00:00
[2024-10-30T18:35:54.390+0000] {processor.py:183} INFO - Processing /home/airflow/.local/lib/python3.12/site-packages/airflow/example_dags/example_branch_day_of_week_operator.py took 0.255 seconds
[2024-10-30T18:36:24.816+0000] {processor.py:161} INFO - Started process (PID=1140) to work on /home/airflow/.local/lib/python3.12/site-packages/airflow/example_dags/example_branch_day_of_week_operator.py
[2024-10-30T18:36:24.820+0000] {processor.py:830} INFO - Processing file /home/airflow/.local/lib/python3.12/site-packages/airflow/example_dags/example_branch_day_of_week_operator.py for tasks to queue
[2024-10-30T18:36:24.827+0000] {logging_mixin.py:188} INFO - [2024-10-30T18:36:24.824+0000] {dagbag.py:545} INFO - Filling up the DagBag from /home/airflow/.local/lib/python3.12/site-packages/airflow/example_dags/example_branch_day_of_week_operator.py
[2024-10-30T18:36:24.847+0000] {processor.py:840} INFO - DAG(s) 'example_weekday_branch_operator' retrieved from /home/airflow/.local/lib/python3.12/site-packages/airflow/example_dags/example_branch_day_of_week_operator.py
[2024-10-30T18:36:24.914+0000] {logging_mixin.py:188} INFO - [2024-10-30T18:36:24.913+0000] {dag.py:3089} INFO - Sync 1 DAGs
[2024-10-30T18:36:24.987+0000] {logging_mixin.py:188} INFO - [2024-10-30T18:36:24.986+0000] {dag.py:3947} INFO - Setting next_dagrun for example_weekday_branch_operator to 2024-10-29 00:00:00+00:00, run_after=2024-10-30 00:00:00+00:00
[2024-10-30T18:36:25.055+0000] {processor.py:183} INFO - Processing /home/airflow/.local/lib/python3.12/site-packages/airflow/example_dags/example_branch_day_of_week_operator.py took 0.292 seconds
[2024-10-30T18:36:55.664+0000] {processor.py:161} INFO - Started process (PID=1200) to work on /home/airflow/.local/lib/python3.12/site-packages/airflow/example_dags/example_branch_day_of_week_operator.py
[2024-10-30T18:36:55.667+0000] {processor.py:830} INFO - Processing file /home/airflow/.local/lib/python3.12/site-packages/airflow/example_dags/example_branch_day_of_week_operator.py for tasks to queue
[2024-10-30T18:36:55.672+0000] {logging_mixin.py:188} INFO - [2024-10-30T18:36:55.671+0000] {dagbag.py:545} INFO - Filling up the DagBag from /home/airflow/.local/lib/python3.12/site-packages/airflow/example_dags/example_branch_day_of_week_operator.py
[2024-10-30T18:36:55.689+0000] {processor.py:840} INFO - DAG(s) 'example_weekday_branch_operator' retrieved from /home/airflow/.local/lib/python3.12/site-packages/airflow/example_dags/example_branch_day_of_week_operator.py
[2024-10-30T18:36:55.770+0000] {logging_mixin.py:188} INFO - [2024-10-30T18:36:55.768+0000] {dag.py:3089} INFO - Sync 1 DAGs
[2024-10-30T18:36:55.835+0000] {logging_mixin.py:188} INFO - [2024-10-30T18:36:55.834+0000] {dag.py:3947} INFO - Setting next_dagrun for example_weekday_branch_operator to 2024-10-29 00:00:00+00:00, run_after=2024-10-30 00:00:00+00:00
[2024-10-30T18:36:55.911+0000] {processor.py:183} INFO - Processing /home/airflow/.local/lib/python3.12/site-packages/airflow/example_dags/example_branch_day_of_week_operator.py took 0.264 seconds
[2024-10-30T18:37:26.071+0000] {processor.py:161} INFO - Started process (PID=1259) to work on /home/airflow/.local/lib/python3.12/site-packages/airflow/example_dags/example_branch_day_of_week_operator.py
[2024-10-30T18:37:26.075+0000] {processor.py:830} INFO - Processing file /home/airflow/.local/lib/python3.12/site-packages/airflow/example_dags/example_branch_day_of_week_operator.py for tasks to queue
[2024-10-30T18:37:26.082+0000] {logging_mixin.py:188} INFO - [2024-10-30T18:37:26.080+0000] {dagbag.py:545} INFO - Filling up the DagBag from /home/airflow/.local/lib/python3.12/site-packages/airflow/example_dags/example_branch_day_of_week_operator.py
[2024-10-30T18:37:26.121+0000] {processor.py:840} INFO - DAG(s) 'example_weekday_branch_operator' retrieved from /home/airflow/.local/lib/python3.12/site-packages/airflow/example_dags/example_branch_day_of_week_operator.py
[2024-10-30T18:37:26.197+0000] {logging_mixin.py:188} INFO - [2024-10-30T18:37:26.196+0000] {dag.py:3089} INFO - Sync 1 DAGs
[2024-10-30T18:37:26.284+0000] {logging_mixin.py:188} INFO - [2024-10-30T18:37:26.283+0000] {dag.py:3947} INFO - Setting next_dagrun for example_weekday_branch_operator to 2024-10-29 00:00:00+00:00, run_after=2024-10-30 00:00:00+00:00
[2024-10-30T18:37:26.358+0000] {processor.py:183} INFO - Processing /home/airflow/.local/lib/python3.12/site-packages/airflow/example_dags/example_branch_day_of_week_operator.py took 0.304 seconds
[2024-10-30T18:37:57.160+0000] {processor.py:161} INFO - Started process (PID=1320) to work on /home/airflow/.local/lib/python3.12/site-packages/airflow/example_dags/example_branch_day_of_week_operator.py
[2024-10-30T18:37:57.163+0000] {processor.py:830} INFO - Processing file /home/airflow/.local/lib/python3.12/site-packages/airflow/example_dags/example_branch_day_of_week_operator.py for tasks to queue
[2024-10-30T18:37:57.168+0000] {logging_mixin.py:188} INFO - [2024-10-30T18:37:57.167+0000] {dagbag.py:545} INFO - Filling up the DagBag from /home/airflow/.local/lib/python3.12/site-packages/airflow/example_dags/example_branch_day_of_week_operator.py
[2024-10-30T18:37:57.192+0000] {processor.py:840} INFO - DAG(s) 'example_weekday_branch_operator' retrieved from /home/airflow/.local/lib/python3.12/site-packages/airflow/example_dags/example_branch_day_of_week_operator.py
[2024-10-30T18:37:57.257+0000] {logging_mixin.py:188} INFO - [2024-10-30T18:37:57.256+0000] {dag.py:3089} INFO - Sync 1 DAGs
[2024-10-30T18:37:57.324+0000] {logging_mixin.py:188} INFO - [2024-10-30T18:37:57.323+0000] {dag.py:3947} INFO - Setting next_dagrun for example_weekday_branch_operator to 2024-10-29 00:00:00+00:00, run_after=2024-10-30 00:00:00+00:00
[2024-10-30T18:37:57.383+0000] {processor.py:183} INFO - Processing /home/airflow/.local/lib/python3.12/site-packages/airflow/example_dags/example_branch_day_of_week_operator.py took 0.282 seconds
[2024-10-30T18:38:28.011+0000] {processor.py:161} INFO - Started process (PID=1379) to work on /home/airflow/.local/lib/python3.12/site-packages/airflow/example_dags/example_branch_day_of_week_operator.py
[2024-10-30T18:38:28.015+0000] {processor.py:830} INFO - Processing file /home/airflow/.local/lib/python3.12/site-packages/airflow/example_dags/example_branch_day_of_week_operator.py for tasks to queue
[2024-10-30T18:38:28.020+0000] {logging_mixin.py:188} INFO - [2024-10-30T18:38:28.020+0000] {dagbag.py:545} INFO - Filling up the DagBag from /home/airflow/.local/lib/python3.12/site-packages/airflow/example_dags/example_branch_day_of_week_operator.py
[2024-10-30T18:38:28.045+0000] {processor.py:840} INFO - DAG(s) 'example_weekday_branch_operator' retrieved from /home/airflow/.local/lib/python3.12/site-packages/airflow/example_dags/example_branch_day_of_week_operator.py
[2024-10-30T18:38:28.112+0000] {logging_mixin.py:188} INFO - [2024-10-30T18:38:28.111+0000] {dag.py:3089} INFO - Sync 1 DAGs
[2024-10-30T18:38:28.186+0000] {logging_mixin.py:188} INFO - [2024-10-30T18:38:28.185+0000] {dag.py:3947} INFO - Setting next_dagrun for example_weekday_branch_operator to 2024-10-29 00:00:00+00:00, run_after=2024-10-30 00:00:00+00:00
[2024-10-30T18:38:28.242+0000] {processor.py:183} INFO - Processing /home/airflow/.local/lib/python3.12/site-packages/airflow/example_dags/example_branch_day_of_week_operator.py took 0.253 seconds
[2024-10-30T18:38:58.930+0000] {processor.py:161} INFO - Started process (PID=1437) to work on /home/airflow/.local/lib/python3.12/site-packages/airflow/example_dags/example_branch_day_of_week_operator.py
[2024-10-30T18:38:58.932+0000] {processor.py:830} INFO - Processing file /home/airflow/.local/lib/python3.12/site-packages/airflow/example_dags/example_branch_day_of_week_operator.py for tasks to queue
[2024-10-30T18:38:58.939+0000] {logging_mixin.py:188} INFO - [2024-10-30T18:38:58.937+0000] {dagbag.py:545} INFO - Filling up the DagBag from /home/airflow/.local/lib/python3.12/site-packages/airflow/example_dags/example_branch_day_of_week_operator.py
[2024-10-30T18:38:58.962+0000] {processor.py:840} INFO - DAG(s) 'example_weekday_branch_operator' retrieved from /home/airflow/.local/lib/python3.12/site-packages/airflow/example_dags/example_branch_day_of_week_operator.py
[2024-10-30T18:38:59.024+0000] {logging_mixin.py:188} INFO - [2024-10-30T18:38:59.023+0000] {dag.py:3089} INFO - Sync 1 DAGs
[2024-10-30T18:38:59.091+0000] {logging_mixin.py:188} INFO - [2024-10-30T18:38:59.091+0000] {dag.py:3947} INFO - Setting next_dagrun for example_weekday_branch_operator to 2024-10-29 00:00:00+00:00, run_after=2024-10-30 00:00:00+00:00
[2024-10-30T18:38:59.144+0000] {processor.py:183} INFO - Processing /home/airflow/.local/lib/python3.12/site-packages/airflow/example_dags/example_branch_day_of_week_operator.py took 0.245 seconds
[2024-10-30T18:39:29.262+0000] {processor.py:161} INFO - Started process (PID=1497) to work on /home/airflow/.local/lib/python3.12/site-packages/airflow/example_dags/example_branch_day_of_week_operator.py
[2024-10-30T18:39:29.266+0000] {processor.py:830} INFO - Processing file /home/airflow/.local/lib/python3.12/site-packages/airflow/example_dags/example_branch_day_of_week_operator.py for tasks to queue
[2024-10-30T18:39:29.271+0000] {logging_mixin.py:188} INFO - [2024-10-30T18:39:29.270+0000] {dagbag.py:545} INFO - Filling up the DagBag from /home/airflow/.local/lib/python3.12/site-packages/airflow/example_dags/example_branch_day_of_week_operator.py
[2024-10-30T18:39:29.295+0000] {processor.py:840} INFO - DAG(s) 'example_weekday_branch_operator' retrieved from /home/airflow/.local/lib/python3.12/site-packages/airflow/example_dags/example_branch_day_of_week_operator.py
[2024-10-30T18:39:29.378+0000] {logging_mixin.py:188} INFO - [2024-10-30T18:39:29.376+0000] {dag.py:3089} INFO - Sync 1 DAGs
[2024-10-30T18:39:29.479+0000] {logging_mixin.py:188} INFO - [2024-10-30T18:39:29.479+0000] {dag.py:3947} INFO - Setting next_dagrun for example_weekday_branch_operator to 2024-10-29 00:00:00+00:00, run_after=2024-10-30 00:00:00+00:00
[2024-10-30T18:39:29.538+0000] {processor.py:183} INFO - Processing /home/airflow/.local/lib/python3.12/site-packages/airflow/example_dags/example_branch_day_of_week_operator.py took 0.298 seconds
[2024-10-30T18:39:59.772+0000] {processor.py:161} INFO - Started process (PID=1556) to work on /home/airflow/.local/lib/python3.12/site-packages/airflow/example_dags/example_branch_day_of_week_operator.py
[2024-10-30T18:39:59.775+0000] {processor.py:830} INFO - Processing file /home/airflow/.local/lib/python3.12/site-packages/airflow/example_dags/example_branch_day_of_week_operator.py for tasks to queue
[2024-10-30T18:39:59.780+0000] {logging_mixin.py:188} INFO - [2024-10-30T18:39:59.780+0000] {dagbag.py:545} INFO - Filling up the DagBag from /home/airflow/.local/lib/python3.12/site-packages/airflow/example_dags/example_branch_day_of_week_operator.py
[2024-10-30T18:39:59.802+0000] {processor.py:840} INFO - DAG(s) 'example_weekday_branch_operator' retrieved from /home/airflow/.local/lib/python3.12/site-packages/airflow/example_dags/example_branch_day_of_week_operator.py
[2024-10-30T18:39:59.862+0000] {logging_mixin.py:188} INFO - [2024-10-30T18:39:59.861+0000] {dag.py:3089} INFO - Sync 1 DAGs
[2024-10-30T18:39:59.952+0000] {logging_mixin.py:188} INFO - [2024-10-30T18:39:59.952+0000] {dag.py:3947} INFO - Setting next_dagrun for example_weekday_branch_operator to 2024-10-29 00:00:00+00:00, run_after=2024-10-30 00:00:00+00:00
[2024-10-30T18:40:00.010+0000] {processor.py:183} INFO - Processing /home/airflow/.local/lib/python3.12/site-packages/airflow/example_dags/example_branch_day_of_week_operator.py took 0.253 seconds
[2024-10-30T18:40:30.228+0000] {processor.py:161} INFO - Started process (PID=1615) to work on /home/airflow/.local/lib/python3.12/site-packages/airflow/example_dags/example_branch_day_of_week_operator.py
[2024-10-30T18:40:30.231+0000] {processor.py:830} INFO - Processing file /home/airflow/.local/lib/python3.12/site-packages/airflow/example_dags/example_branch_day_of_week_operator.py for tasks to queue
[2024-10-30T18:40:30.237+0000] {logging_mixin.py:188} INFO - [2024-10-30T18:40:30.236+0000] {dagbag.py:545} INFO - Filling up the DagBag from /home/airflow/.local/lib/python3.12/site-packages/airflow/example_dags/example_branch_day_of_week_operator.py
[2024-10-30T18:40:30.260+0000] {processor.py:840} INFO - DAG(s) 'example_weekday_branch_operator' retrieved from /home/airflow/.local/lib/python3.12/site-packages/airflow/example_dags/example_branch_day_of_week_operator.py
[2024-10-30T18:40:30.308+0000] {logging_mixin.py:188} INFO - [2024-10-30T18:40:30.308+0000] {dag.py:3089} INFO - Sync 1 DAGs
[2024-10-30T18:40:30.360+0000] {logging_mixin.py:188} INFO - [2024-10-30T18:40:30.360+0000] {dag.py:3947} INFO - Setting next_dagrun for example_weekday_branch_operator to 2024-10-29 00:00:00+00:00, run_after=2024-10-30 00:00:00+00:00
[2024-10-30T18:40:30.400+0000] {processor.py:183} INFO - Processing /home/airflow/.local/lib/python3.12/site-packages/airflow/example_dags/example_branch_day_of_week_operator.py took 0.200 seconds
[2024-10-30T18:41:00.564+0000] {processor.py:161} INFO - Started process (PID=1676) to work on /home/airflow/.local/lib/python3.12/site-packages/airflow/example_dags/example_branch_day_of_week_operator.py
[2024-10-30T18:41:00.567+0000] {processor.py:830} INFO - Processing file /home/airflow/.local/lib/python3.12/site-packages/airflow/example_dags/example_branch_day_of_week_operator.py for tasks to queue
[2024-10-30T18:41:00.573+0000] {logging_mixin.py:188} INFO - [2024-10-30T18:41:00.572+0000] {dagbag.py:545} INFO - Filling up the DagBag from /home/airflow/.local/lib/python3.12/site-packages/airflow/example_dags/example_branch_day_of_week_operator.py
[2024-10-30T18:41:00.595+0000] {processor.py:840} INFO - DAG(s) 'example_weekday_branch_operator' retrieved from /home/airflow/.local/lib/python3.12/site-packages/airflow/example_dags/example_branch_day_of_week_operator.py
[2024-10-30T18:41:00.696+0000] {logging_mixin.py:188} INFO - [2024-10-30T18:41:00.695+0000] {dag.py:3089} INFO - Sync 1 DAGs
[2024-10-30T18:41:00.760+0000] {logging_mixin.py:188} INFO - [2024-10-30T18:41:00.759+0000] {dag.py:3947} INFO - Setting next_dagrun for example_weekday_branch_operator to 2024-10-29 00:00:00+00:00, run_after=2024-10-30 00:00:00+00:00
[2024-10-30T18:41:00.814+0000] {processor.py:183} INFO - Processing /home/airflow/.local/lib/python3.12/site-packages/airflow/example_dags/example_branch_day_of_week_operator.py took 0.272 seconds
[2024-10-30T18:41:31.625+0000] {processor.py:161} INFO - Started process (PID=1735) to work on /home/airflow/.local/lib/python3.12/site-packages/airflow/example_dags/example_branch_day_of_week_operator.py
[2024-10-30T18:41:31.628+0000] {processor.py:830} INFO - Processing file /home/airflow/.local/lib/python3.12/site-packages/airflow/example_dags/example_branch_day_of_week_operator.py for tasks to queue
[2024-10-30T18:41:31.632+0000] {logging_mixin.py:188} INFO - [2024-10-30T18:41:31.631+0000] {dagbag.py:545} INFO - Filling up the DagBag from /home/airflow/.local/lib/python3.12/site-packages/airflow/example_dags/example_branch_day_of_week_operator.py
[2024-10-30T18:41:31.660+0000] {processor.py:840} INFO - DAG(s) 'example_weekday_branch_operator' retrieved from /home/airflow/.local/lib/python3.12/site-packages/airflow/example_dags/example_branch_day_of_week_operator.py
[2024-10-30T18:41:31.716+0000] {logging_mixin.py:188} INFO - [2024-10-30T18:41:31.716+0000] {dag.py:3089} INFO - Sync 1 DAGs
[2024-10-30T18:41:31.786+0000] {logging_mixin.py:188} INFO - [2024-10-30T18:41:31.786+0000] {dag.py:3947} INFO - Setting next_dagrun for example_weekday_branch_operator to 2024-10-29 00:00:00+00:00, run_after=2024-10-30 00:00:00+00:00
[2024-10-30T18:41:31.843+0000] {processor.py:183} INFO - Processing /home/airflow/.local/lib/python3.12/site-packages/airflow/example_dags/example_branch_day_of_week_operator.py took 0.238 seconds
[2024-10-30T18:42:02.208+0000] {processor.py:161} INFO - Started process (PID=1795) to work on /home/airflow/.local/lib/python3.12/site-packages/airflow/example_dags/example_branch_day_of_week_operator.py
[2024-10-30T18:42:02.211+0000] {processor.py:830} INFO - Processing file /home/airflow/.local/lib/python3.12/site-packages/airflow/example_dags/example_branch_day_of_week_operator.py for tasks to queue
[2024-10-30T18:42:02.218+0000] {logging_mixin.py:188} INFO - [2024-10-30T18:42:02.217+0000] {dagbag.py:545} INFO - Filling up the DagBag from /home/airflow/.local/lib/python3.12/site-packages/airflow/example_dags/example_branch_day_of_week_operator.py
[2024-10-30T18:42:02.243+0000] {processor.py:840} INFO - DAG(s) 'example_weekday_branch_operator' retrieved from /home/airflow/.local/lib/python3.12/site-packages/airflow/example_dags/example_branch_day_of_week_operator.py
[2024-10-30T18:42:02.322+0000] {logging_mixin.py:188} INFO - [2024-10-30T18:42:02.321+0000] {dag.py:3089} INFO - Sync 1 DAGs
[2024-10-30T18:42:02.400+0000] {logging_mixin.py:188} INFO - [2024-10-30T18:42:02.399+0000] {dag.py:3947} INFO - Setting next_dagrun for example_weekday_branch_operator to 2024-10-29 00:00:00+00:00, run_after=2024-10-30 00:00:00+00:00
[2024-10-30T18:42:02.479+0000] {processor.py:183} INFO - Processing /home/airflow/.local/lib/python3.12/site-packages/airflow/example_dags/example_branch_day_of_week_operator.py took 0.288 seconds
[2024-10-30T18:42:33.012+0000] {processor.py:161} INFO - Started process (PID=1855) to work on /home/airflow/.local/lib/python3.12/site-packages/airflow/example_dags/example_branch_day_of_week_operator.py
[2024-10-30T18:42:33.015+0000] {processor.py:830} INFO - Processing file /home/airflow/.local/lib/python3.12/site-packages/airflow/example_dags/example_branch_day_of_week_operator.py for tasks to queue
[2024-10-30T18:42:33.023+0000] {logging_mixin.py:188} INFO - [2024-10-30T18:42:33.020+0000] {dagbag.py:545} INFO - Filling up the DagBag from /home/airflow/.local/lib/python3.12/site-packages/airflow/example_dags/example_branch_day_of_week_operator.py
[2024-10-30T18:42:33.042+0000] {processor.py:840} INFO - DAG(s) 'example_weekday_branch_operator' retrieved from /home/airflow/.local/lib/python3.12/site-packages/airflow/example_dags/example_branch_day_of_week_operator.py
[2024-10-30T18:42:33.153+0000] {logging_mixin.py:188} INFO - [2024-10-30T18:42:33.152+0000] {dag.py:3089} INFO - Sync 1 DAGs
[2024-10-30T18:42:33.233+0000] {logging_mixin.py:188} INFO - [2024-10-30T18:42:33.232+0000] {dag.py:3947} INFO - Setting next_dagrun for example_weekday_branch_operator to 2024-10-29 00:00:00+00:00, run_after=2024-10-30 00:00:00+00:00
[2024-10-30T18:42:33.307+0000] {processor.py:183} INFO - Processing /home/airflow/.local/lib/python3.12/site-packages/airflow/example_dags/example_branch_day_of_week_operator.py took 0.320 seconds
[2024-10-30T18:43:04.048+0000] {processor.py:161} INFO - Started process (PID=1915) to work on /home/airflow/.local/lib/python3.12/site-packages/airflow/example_dags/example_branch_day_of_week_operator.py
[2024-10-30T18:43:04.051+0000] {processor.py:830} INFO - Processing file /home/airflow/.local/lib/python3.12/site-packages/airflow/example_dags/example_branch_day_of_week_operator.py for tasks to queue
[2024-10-30T18:43:04.056+0000] {logging_mixin.py:188} INFO - [2024-10-30T18:43:04.055+0000] {dagbag.py:545} INFO - Filling up the DagBag from /home/airflow/.local/lib/python3.12/site-packages/airflow/example_dags/example_branch_day_of_week_operator.py
[2024-10-30T18:43:04.083+0000] {processor.py:840} INFO - DAG(s) 'example_weekday_branch_operator' retrieved from /home/airflow/.local/lib/python3.12/site-packages/airflow/example_dags/example_branch_day_of_week_operator.py
[2024-10-30T18:43:04.191+0000] {logging_mixin.py:188} INFO - [2024-10-30T18:43:04.190+0000] {dag.py:3089} INFO - Sync 1 DAGs
[2024-10-30T18:43:04.286+0000] {logging_mixin.py:188} INFO - [2024-10-30T18:43:04.286+0000] {dag.py:3947} INFO - Setting next_dagrun for example_weekday_branch_operator to 2024-10-29 00:00:00+00:00, run_after=2024-10-30 00:00:00+00:00
[2024-10-30T18:43:04.343+0000] {processor.py:183} INFO - Processing /home/airflow/.local/lib/python3.12/site-packages/airflow/example_dags/example_branch_day_of_week_operator.py took 0.316 seconds
[2024-10-30T18:43:34.914+0000] {processor.py:161} INFO - Started process (PID=1975) to work on /home/airflow/.local/lib/python3.12/site-packages/airflow/example_dags/example_branch_day_of_week_operator.py
[2024-10-30T18:43:34.919+0000] {processor.py:830} INFO - Processing file /home/airflow/.local/lib/python3.12/site-packages/airflow/example_dags/example_branch_day_of_week_operator.py for tasks to queue
[2024-10-30T18:43:34.925+0000] {logging_mixin.py:188} INFO - [2024-10-30T18:43:34.924+0000] {dagbag.py:545} INFO - Filling up the DagBag from /home/airflow/.local/lib/python3.12/site-packages/airflow/example_dags/example_branch_day_of_week_operator.py
[2024-10-30T18:43:34.948+0000] {processor.py:840} INFO - DAG(s) 'example_weekday_branch_operator' retrieved from /home/airflow/.local/lib/python3.12/site-packages/airflow/example_dags/example_branch_day_of_week_operator.py
[2024-10-30T18:43:35.020+0000] {logging_mixin.py:188} INFO - [2024-10-30T18:43:35.019+0000] {dag.py:3089} INFO - Sync 1 DAGs
[2024-10-30T18:43:35.114+0000] {logging_mixin.py:188} INFO - [2024-10-30T18:43:35.114+0000] {dag.py:3947} INFO - Setting next_dagrun for example_weekday_branch_operator to 2024-10-29 00:00:00+00:00, run_after=2024-10-30 00:00:00+00:00
[2024-10-30T18:43:35.176+0000] {processor.py:183} INFO - Processing /home/airflow/.local/lib/python3.12/site-packages/airflow/example_dags/example_branch_day_of_week_operator.py took 0.326 seconds
[2024-10-30T18:44:05.520+0000] {processor.py:161} INFO - Started process (PID=2035) to work on /home/airflow/.local/lib/python3.12/site-packages/airflow/example_dags/example_branch_day_of_week_operator.py
[2024-10-30T18:44:05.526+0000] {processor.py:830} INFO - Processing file /home/airflow/.local/lib/python3.12/site-packages/airflow/example_dags/example_branch_day_of_week_operator.py for tasks to queue
[2024-10-30T18:44:05.532+0000] {logging_mixin.py:188} INFO - [2024-10-30T18:44:05.531+0000] {dagbag.py:545} INFO - Filling up the DagBag from /home/airflow/.local/lib/python3.12/site-packages/airflow/example_dags/example_branch_day_of_week_operator.py
[2024-10-30T18:44:05.554+0000] {processor.py:840} INFO - DAG(s) 'example_weekday_branch_operator' retrieved from /home/airflow/.local/lib/python3.12/site-packages/airflow/example_dags/example_branch_day_of_week_operator.py
[2024-10-30T18:44:05.626+0000] {logging_mixin.py:188} INFO - [2024-10-30T18:44:05.626+0000] {dag.py:3089} INFO - Sync 1 DAGs
[2024-10-30T18:44:05.698+0000] {logging_mixin.py:188} INFO - [2024-10-30T18:44:05.697+0000] {dag.py:3947} INFO - Setting next_dagrun for example_weekday_branch_operator to 2024-10-29 00:00:00+00:00, run_after=2024-10-30 00:00:00+00:00
[2024-10-30T18:44:05.758+0000] {processor.py:183} INFO - Processing /home/airflow/.local/lib/python3.12/site-packages/airflow/example_dags/example_branch_day_of_week_operator.py took 0.295 seconds
[2024-10-30T18:44:36.398+0000] {processor.py:161} INFO - Started process (PID=2095) to work on /home/airflow/.local/lib/python3.12/site-packages/airflow/example_dags/example_branch_day_of_week_operator.py
[2024-10-30T18:44:36.402+0000] {processor.py:830} INFO - Processing file /home/airflow/.local/lib/python3.12/site-packages/airflow/example_dags/example_branch_day_of_week_operator.py for tasks to queue
[2024-10-30T18:44:36.407+0000] {logging_mixin.py:188} INFO - [2024-10-30T18:44:36.406+0000] {dagbag.py:545} INFO - Filling up the DagBag from /home/airflow/.local/lib/python3.12/site-packages/airflow/example_dags/example_branch_day_of_week_operator.py
[2024-10-30T18:44:36.427+0000] {processor.py:840} INFO - DAG(s) 'example_weekday_branch_operator' retrieved from /home/airflow/.local/lib/python3.12/site-packages/airflow/example_dags/example_branch_day_of_week_operator.py
[2024-10-30T18:44:36.506+0000] {logging_mixin.py:188} INFO - [2024-10-30T18:44:36.504+0000] {dag.py:3089} INFO - Sync 1 DAGs
[2024-10-30T18:44:36.589+0000] {logging_mixin.py:188} INFO - [2024-10-30T18:44:36.588+0000] {dag.py:3947} INFO - Setting next_dagrun for example_weekday_branch_operator to 2024-10-29 00:00:00+00:00, run_after=2024-10-30 00:00:00+00:00
[2024-10-30T18:44:36.656+0000] {processor.py:183} INFO - Processing /home/airflow/.local/lib/python3.12/site-packages/airflow/example_dags/example_branch_day_of_week_operator.py took 0.304 seconds
[2024-10-30T18:45:07.158+0000] {processor.py:161} INFO - Started process (PID=2156) to work on /home/airflow/.local/lib/python3.12/site-packages/airflow/example_dags/example_branch_day_of_week_operator.py
[2024-10-30T18:45:07.161+0000] {processor.py:830} INFO - Processing file /home/airflow/.local/lib/python3.12/site-packages/airflow/example_dags/example_branch_day_of_week_operator.py for tasks to queue
[2024-10-30T18:45:07.167+0000] {logging_mixin.py:188} INFO - [2024-10-30T18:45:07.164+0000] {dagbag.py:545} INFO - Filling up the DagBag from /home/airflow/.local/lib/python3.12/site-packages/airflow/example_dags/example_branch_day_of_week_operator.py
[2024-10-30T18:45:07.200+0000] {processor.py:840} INFO - DAG(s) 'example_weekday_branch_operator' retrieved from /home/airflow/.local/lib/python3.12/site-packages/airflow/example_dags/example_branch_day_of_week_operator.py
[2024-10-30T18:45:07.321+0000] {logging_mixin.py:188} INFO - [2024-10-30T18:45:07.320+0000] {dag.py:3089} INFO - Sync 1 DAGs
[2024-10-30T18:45:07.610+0000] {logging_mixin.py:188} INFO - [2024-10-30T18:45:07.606+0000] {dag.py:3947} INFO - Setting next_dagrun for example_weekday_branch_operator to 2024-10-29 00:00:00+00:00, run_after=2024-10-30 00:00:00+00:00
[2024-10-30T18:45:07.791+0000] {processor.py:183} INFO - Processing /home/airflow/.local/lib/python3.12/site-packages/airflow/example_dags/example_branch_day_of_week_operator.py took 0.678 seconds
[2024-10-30T18:45:40.768+0000] {processor.py:161} INFO - Started process (PID=2215) to work on /home/airflow/.local/lib/python3.12/site-packages/airflow/example_dags/example_branch_day_of_week_operator.py
[2024-10-30T18:45:40.782+0000] {processor.py:830} INFO - Processing file /home/airflow/.local/lib/python3.12/site-packages/airflow/example_dags/example_branch_day_of_week_operator.py for tasks to queue
[2024-10-30T18:45:40.794+0000] {logging_mixin.py:188} INFO - [2024-10-30T18:45:40.791+0000] {dagbag.py:545} INFO - Filling up the DagBag from /home/airflow/.local/lib/python3.12/site-packages/airflow/example_dags/example_branch_day_of_week_operator.py
[2024-10-30T18:45:40.857+0000] {processor.py:840} INFO - DAG(s) 'example_weekday_branch_operator' retrieved from /home/airflow/.local/lib/python3.12/site-packages/airflow/example_dags/example_branch_day_of_week_operator.py
[2024-10-30T18:45:41.125+0000] {logging_mixin.py:188} INFO - [2024-10-30T18:45:41.124+0000] {dag.py:3089} INFO - Sync 1 DAGs
[2024-10-30T18:45:41.625+0000] {logging_mixin.py:188} INFO - [2024-10-30T18:45:41.624+0000] {dag.py:3947} INFO - Setting next_dagrun for example_weekday_branch_operator to 2024-10-29 00:00:00+00:00, run_after=2024-10-30 00:00:00+00:00
[2024-10-30T18:45:41.782+0000] {processor.py:183} INFO - Processing /home/airflow/.local/lib/python3.12/site-packages/airflow/example_dags/example_branch_day_of_week_operator.py took 1.215 seconds
[2024-10-30T18:46:57.461+0000] {processor.py:161} INFO - Started process (PID=2272) to work on /home/airflow/.local/lib/python3.12/site-packages/airflow/example_dags/example_branch_day_of_week_operator.py
[2024-10-30T18:46:57.975+0000] {processor.py:830} INFO - Processing file /home/airflow/.local/lib/python3.12/site-packages/airflow/example_dags/example_branch_day_of_week_operator.py for tasks to queue
[2024-10-30T18:46:58.371+0000] {logging_mixin.py:188} INFO - [2024-10-30T18:46:58.370+0000] {dagbag.py:545} INFO - Filling up the DagBag from /home/airflow/.local/lib/python3.12/site-packages/airflow/example_dags/example_branch_day_of_week_operator.py
[2024-10-30T18:46:58.771+0000] {processor.py:840} INFO - DAG(s) 'example_weekday_branch_operator' retrieved from /home/airflow/.local/lib/python3.12/site-packages/airflow/example_dags/example_branch_day_of_week_operator.py
[2024-10-30T18:46:59.250+0000] {logging_mixin.py:188} INFO - [2024-10-30T18:46:59.227+0000] {dag.py:3089} INFO - Sync 1 DAGs
[2024-10-30T18:47:00.532+0000] {logging_mixin.py:188} INFO - [2024-10-30T18:47:00.531+0000] {dag.py:3947} INFO - Setting next_dagrun for example_weekday_branch_operator to 2024-10-29 00:00:00+00:00, run_after=2024-10-30 00:00:00+00:00
[2024-10-30T18:47:02.675+0000] {processor.py:183} INFO - Processing /home/airflow/.local/lib/python3.12/site-packages/airflow/example_dags/example_branch_day_of_week_operator.py took 5.484 seconds
[2024-10-30T18:47:54.506+0000] {processor.py:161} INFO - Started process (PID=2332) to work on /home/airflow/.local/lib/python3.12/site-packages/airflow/example_dags/example_branch_day_of_week_operator.py
[2024-10-30T18:47:54.511+0000] {processor.py:830} INFO - Processing file /home/airflow/.local/lib/python3.12/site-packages/airflow/example_dags/example_branch_day_of_week_operator.py for tasks to queue
[2024-10-30T18:47:54.514+0000] {logging_mixin.py:188} INFO - [2024-10-30T18:47:54.512+0000] {dagbag.py:545} INFO - Filling up the DagBag from /home/airflow/.local/lib/python3.12/site-packages/airflow/example_dags/example_branch_day_of_week_operator.py
[2024-10-30T18:47:54.592+0000] {processor.py:840} INFO - DAG(s) 'example_weekday_branch_operator' retrieved from /home/airflow/.local/lib/python3.12/site-packages/airflow/example_dags/example_branch_day_of_week_operator.py
[2024-10-30T18:47:54.900+0000] {logging_mixin.py:188} INFO - [2024-10-30T18:47:54.900+0000] {dag.py:3089} INFO - Sync 1 DAGs
[2024-10-30T18:47:55.100+0000] {logging_mixin.py:188} INFO - [2024-10-30T18:47:55.098+0000] {dag.py:3947} INFO - Setting next_dagrun for example_weekday_branch_operator to 2024-10-29 00:00:00+00:00, run_after=2024-10-30 00:00:00+00:00
[2024-10-30T18:47:55.472+0000] {processor.py:183} INFO - Processing /home/airflow/.local/lib/python3.12/site-packages/airflow/example_dags/example_branch_day_of_week_operator.py took 1.064 seconds
[2024-10-30T18:48:26.534+0000] {processor.py:161} INFO - Started process (PID=2380) to work on /home/airflow/.local/lib/python3.12/site-packages/airflow/example_dags/example_branch_day_of_week_operator.py
[2024-10-30T18:48:26.538+0000] {processor.py:830} INFO - Processing file /home/airflow/.local/lib/python3.12/site-packages/airflow/example_dags/example_branch_day_of_week_operator.py for tasks to queue
[2024-10-30T18:48:26.540+0000] {logging_mixin.py:188} INFO - [2024-10-30T18:48:26.538+0000] {dagbag.py:545} INFO - Filling up the DagBag from /home/airflow/.local/lib/python3.12/site-packages/airflow/example_dags/example_branch_day_of_week_operator.py
[2024-10-30T18:48:26.569+0000] {processor.py:840} INFO - DAG(s) 'example_weekday_branch_operator' retrieved from /home/airflow/.local/lib/python3.12/site-packages/airflow/example_dags/example_branch_day_of_week_operator.py
[2024-10-30T18:48:26.690+0000] {logging_mixin.py:188} INFO - [2024-10-30T18:48:26.687+0000] {dag.py:3089} INFO - Sync 1 DAGs
[2024-10-30T18:48:26.795+0000] {logging_mixin.py:188} INFO - [2024-10-30T18:48:26.794+0000] {dag.py:3947} INFO - Setting next_dagrun for example_weekday_branch_operator to 2024-10-29 00:00:00+00:00, run_after=2024-10-30 00:00:00+00:00
[2024-10-30T18:48:26.899+0000] {processor.py:183} INFO - Processing /home/airflow/.local/lib/python3.12/site-packages/airflow/example_dags/example_branch_day_of_week_operator.py took 0.385 seconds
[2024-10-30T18:48:59.971+0000] {processor.py:161} INFO - Started process (PID=2438) to work on /home/airflow/.local/lib/python3.12/site-packages/airflow/example_dags/example_branch_day_of_week_operator.py
[2024-10-30T18:48:59.976+0000] {processor.py:830} INFO - Processing file /home/airflow/.local/lib/python3.12/site-packages/airflow/example_dags/example_branch_day_of_week_operator.py for tasks to queue
[2024-10-30T18:48:59.986+0000] {logging_mixin.py:188} INFO - [2024-10-30T18:48:59.983+0000] {dagbag.py:545} INFO - Filling up the DagBag from /home/airflow/.local/lib/python3.12/site-packages/airflow/example_dags/example_branch_day_of_week_operator.py
[2024-10-30T18:49:00.038+0000] {processor.py:840} INFO - DAG(s) 'example_weekday_branch_operator' retrieved from /home/airflow/.local/lib/python3.12/site-packages/airflow/example_dags/example_branch_day_of_week_operator.py
[2024-10-30T18:49:00.151+0000] {logging_mixin.py:188} INFO - [2024-10-30T18:49:00.151+0000] {dag.py:3089} INFO - Sync 1 DAGs
[2024-10-30T18:49:00.322+0000] {logging_mixin.py:188} INFO - [2024-10-30T18:49:00.321+0000] {dag.py:3947} INFO - Setting next_dagrun for example_weekday_branch_operator to 2024-10-29 00:00:00+00:00, run_after=2024-10-30 00:00:00+00:00
[2024-10-30T18:49:00.739+0000] {processor.py:183} INFO - Processing /home/airflow/.local/lib/python3.12/site-packages/airflow/example_dags/example_branch_day_of_week_operator.py took 0.804 seconds
