[2024-10-30T18:26:08.920+0000] {processor.py:161} INFO - Started process (PID=60) to work on /home/airflow/.local/lib/python3.12/site-packages/airflow/example_dags/tutorial_dag.py
[2024-10-30T18:26:08.922+0000] {processor.py:830} INFO - Processing file /home/airflow/.local/lib/python3.12/site-packages/airflow/example_dags/tutorial_dag.py for tasks to queue
[2024-10-30T18:26:08.927+0000] {logging_mixin.py:188} INFO - [2024-10-30T18:26:08.926+0000] {dagbag.py:545} INFO - Filling up the DagBag from /home/airflow/.local/lib/python3.12/site-packages/airflow/example_dags/tutorial_dag.py
[2024-10-30T18:26:08.956+0000] {processor.py:840} INFO - DAG(s) 'tutorial_dag' retrieved from /home/airflow/.local/lib/python3.12/site-packages/airflow/example_dags/tutorial_dag.py
[2024-10-30T18:26:09.537+0000] {logging_mixin.py:188} INFO - [2024-10-30T18:26:09.535+0000] {override.py:1858} INFO - Created Permission View: can read on DAG:tutorial_dag
[2024-10-30T18:26:09.618+0000] {logging_mixin.py:188} INFO - [2024-10-30T18:26:09.618+0000] {override.py:1858} INFO - Created Permission View: can edit on DAG:tutorial_dag
[2024-10-30T18:26:09.636+0000] {logging_mixin.py:188} INFO - [2024-10-30T18:26:09.635+0000] {override.py:1858} INFO - Created Permission View: can delete on DAG:tutorial_dag
[2024-10-30T18:26:09.637+0000] {logging_mixin.py:188} INFO - [2024-10-30T18:26:09.637+0000] {dag.py:3089} INFO - Sync 1 DAGs
[2024-10-30T18:26:09.667+0000] {logging_mixin.py:188} INFO - [2024-10-30T18:26:09.667+0000] {dag.py:3111} INFO - Creating ORM DAG for tutorial_dag
[2024-10-30T18:26:09.669+0000] {logging_mixin.py:188} INFO - [2024-10-30T18:26:09.668+0000] {dag.py:3947} INFO - Setting next_dagrun for tutorial_dag to None, run_after=None
[2024-10-30T18:26:09.744+0000] {processor.py:183} INFO - Processing /home/airflow/.local/lib/python3.12/site-packages/airflow/example_dags/tutorial_dag.py took 0.847 seconds
[2024-10-30T18:27:36.381+0000] {processor.py:161} INFO - Started process (PID=127) to work on /home/airflow/.local/lib/python3.12/site-packages/airflow/example_dags/tutorial_dag.py
[2024-10-30T18:27:36.387+0000] {processor.py:830} INFO - Processing file /home/airflow/.local/lib/python3.12/site-packages/airflow/example_dags/tutorial_dag.py for tasks to queue
[2024-10-30T18:27:36.398+0000] {logging_mixin.py:188} INFO - [2024-10-30T18:27:36.395+0000] {dagbag.py:545} INFO - Filling up the DagBag from /home/airflow/.local/lib/python3.12/site-packages/airflow/example_dags/tutorial_dag.py
[2024-10-30T18:27:36.449+0000] {processor.py:840} INFO - DAG(s) 'tutorial_dag' retrieved from /home/airflow/.local/lib/python3.12/site-packages/airflow/example_dags/tutorial_dag.py
[2024-10-30T18:27:36.566+0000] {logging_mixin.py:188} INFO - [2024-10-30T18:27:36.565+0000] {dag.py:3089} INFO - Sync 1 DAGs
[2024-10-30T18:27:36.621+0000] {logging_mixin.py:188} INFO - [2024-10-30T18:27:36.620+0000] {dag.py:3947} INFO - Setting next_dagrun for tutorial_dag to None, run_after=None
[2024-10-30T18:27:36.689+0000] {processor.py:183} INFO - Processing /home/airflow/.local/lib/python3.12/site-packages/airflow/example_dags/tutorial_dag.py took 0.371 seconds
[2024-10-30T18:28:08.053+0000] {processor.py:161} INFO - Started process (PID=187) to work on /home/airflow/.local/lib/python3.12/site-packages/airflow/example_dags/tutorial_dag.py
[2024-10-30T18:28:08.056+0000] {processor.py:830} INFO - Processing file /home/airflow/.local/lib/python3.12/site-packages/airflow/example_dags/tutorial_dag.py for tasks to queue
[2024-10-30T18:28:08.063+0000] {logging_mixin.py:188} INFO - [2024-10-30T18:28:08.061+0000] {dagbag.py:545} INFO - Filling up the DagBag from /home/airflow/.local/lib/python3.12/site-packages/airflow/example_dags/tutorial_dag.py
[2024-10-30T18:28:08.080+0000] {processor.py:840} INFO - DAG(s) 'tutorial_dag' retrieved from /home/airflow/.local/lib/python3.12/site-packages/airflow/example_dags/tutorial_dag.py
[2024-10-30T18:28:08.158+0000] {logging_mixin.py:188} INFO - [2024-10-30T18:28:08.157+0000] {dag.py:3089} INFO - Sync 1 DAGs
[2024-10-30T18:28:08.195+0000] {logging_mixin.py:188} INFO - [2024-10-30T18:28:08.194+0000] {dag.py:3947} INFO - Setting next_dagrun for tutorial_dag to None, run_after=None
[2024-10-30T18:28:08.259+0000] {processor.py:183} INFO - Processing /home/airflow/.local/lib/python3.12/site-packages/airflow/example_dags/tutorial_dag.py took 0.227 seconds
[2024-10-30T18:28:41.593+0000] {processor.py:161} INFO - Started process (PID=252) to work on /home/airflow/.local/lib/python3.12/site-packages/airflow/example_dags/tutorial_dag.py
[2024-10-30T18:28:41.596+0000] {processor.py:830} INFO - Processing file /home/airflow/.local/lib/python3.12/site-packages/airflow/example_dags/tutorial_dag.py for tasks to queue
[2024-10-30T18:28:41.603+0000] {logging_mixin.py:188} INFO - [2024-10-30T18:28:41.602+0000] {dagbag.py:545} INFO - Filling up the DagBag from /home/airflow/.local/lib/python3.12/site-packages/airflow/example_dags/tutorial_dag.py
[2024-10-30T18:28:41.620+0000] {processor.py:840} INFO - DAG(s) 'tutorial_dag' retrieved from /home/airflow/.local/lib/python3.12/site-packages/airflow/example_dags/tutorial_dag.py
[2024-10-30T18:28:41.687+0000] {logging_mixin.py:188} INFO - [2024-10-30T18:28:41.687+0000] {dag.py:3089} INFO - Sync 1 DAGs
[2024-10-30T18:28:41.751+0000] {logging_mixin.py:188} INFO - [2024-10-30T18:28:41.750+0000] {dag.py:3947} INFO - Setting next_dagrun for tutorial_dag to None, run_after=None
[2024-10-30T18:28:41.812+0000] {processor.py:183} INFO - Processing /home/airflow/.local/lib/python3.12/site-packages/airflow/example_dags/tutorial_dag.py took 0.237 seconds
[2024-10-30T18:29:15.223+0000] {processor.py:161} INFO - Started process (PID=312) to work on /home/airflow/.local/lib/python3.12/site-packages/airflow/example_dags/tutorial_dag.py
[2024-10-30T18:29:15.226+0000] {processor.py:830} INFO - Processing file /home/airflow/.local/lib/python3.12/site-packages/airflow/example_dags/tutorial_dag.py for tasks to queue
[2024-10-30T18:29:15.232+0000] {logging_mixin.py:188} INFO - [2024-10-30T18:29:15.231+0000] {dagbag.py:545} INFO - Filling up the DagBag from /home/airflow/.local/lib/python3.12/site-packages/airflow/example_dags/tutorial_dag.py
[2024-10-30T18:29:15.254+0000] {processor.py:840} INFO - DAG(s) 'tutorial_dag' retrieved from /home/airflow/.local/lib/python3.12/site-packages/airflow/example_dags/tutorial_dag.py
[2024-10-30T18:29:15.376+0000] {logging_mixin.py:188} INFO - [2024-10-30T18:29:15.375+0000] {dag.py:3089} INFO - Sync 1 DAGs
[2024-10-30T18:29:15.495+0000] {logging_mixin.py:188} INFO - [2024-10-30T18:29:15.494+0000] {dag.py:3947} INFO - Setting next_dagrun for tutorial_dag to None, run_after=None
[2024-10-30T18:29:15.607+0000] {processor.py:183} INFO - Processing /home/airflow/.local/lib/python3.12/site-packages/airflow/example_dags/tutorial_dag.py took 0.409 seconds
[2024-10-30T18:29:46.161+0000] {processor.py:161} INFO - Started process (PID=372) to work on /home/airflow/.local/lib/python3.12/site-packages/airflow/example_dags/tutorial_dag.py
[2024-10-30T18:29:46.164+0000] {processor.py:830} INFO - Processing file /home/airflow/.local/lib/python3.12/site-packages/airflow/example_dags/tutorial_dag.py for tasks to queue
[2024-10-30T18:29:46.168+0000] {logging_mixin.py:188} INFO - [2024-10-30T18:29:46.167+0000] {dagbag.py:545} INFO - Filling up the DagBag from /home/airflow/.local/lib/python3.12/site-packages/airflow/example_dags/tutorial_dag.py
[2024-10-30T18:29:46.182+0000] {processor.py:840} INFO - DAG(s) 'tutorial_dag' retrieved from /home/airflow/.local/lib/python3.12/site-packages/airflow/example_dags/tutorial_dag.py
[2024-10-30T18:29:46.232+0000] {logging_mixin.py:188} INFO - [2024-10-30T18:29:46.231+0000] {dag.py:3089} INFO - Sync 1 DAGs
[2024-10-30T18:29:46.264+0000] {logging_mixin.py:188} INFO - [2024-10-30T18:29:46.263+0000] {dag.py:3947} INFO - Setting next_dagrun for tutorial_dag to None, run_after=None
[2024-10-30T18:29:46.312+0000] {processor.py:183} INFO - Processing /home/airflow/.local/lib/python3.12/site-packages/airflow/example_dags/tutorial_dag.py took 0.163 seconds
[2024-10-30T18:30:18.018+0000] {processor.py:161} INFO - Started process (PID=429) to work on /home/airflow/.local/lib/python3.12/site-packages/airflow/example_dags/tutorial_dag.py
[2024-10-30T18:30:18.022+0000] {processor.py:830} INFO - Processing file /home/airflow/.local/lib/python3.12/site-packages/airflow/example_dags/tutorial_dag.py for tasks to queue
[2024-10-30T18:30:18.034+0000] {logging_mixin.py:188} INFO - [2024-10-30T18:30:18.032+0000] {dagbag.py:545} INFO - Filling up the DagBag from /home/airflow/.local/lib/python3.12/site-packages/airflow/example_dags/tutorial_dag.py
[2024-10-30T18:30:18.068+0000] {processor.py:840} INFO - DAG(s) 'tutorial_dag' retrieved from /home/airflow/.local/lib/python3.12/site-packages/airflow/example_dags/tutorial_dag.py
[2024-10-30T18:30:18.155+0000] {logging_mixin.py:188} INFO - [2024-10-30T18:30:18.155+0000] {dag.py:3089} INFO - Sync 1 DAGs
[2024-10-30T18:30:18.272+0000] {logging_mixin.py:188} INFO - [2024-10-30T18:30:18.270+0000] {dag.py:3947} INFO - Setting next_dagrun for tutorial_dag to None, run_after=None
[2024-10-30T18:30:18.351+0000] {processor.py:183} INFO - Processing /home/airflow/.local/lib/python3.12/site-packages/airflow/example_dags/tutorial_dag.py took 0.369 seconds
[2024-10-30T18:30:50.256+0000] {processor.py:161} INFO - Started process (PID=488) to work on /home/airflow/.local/lib/python3.12/site-packages/airflow/example_dags/tutorial_dag.py
[2024-10-30T18:30:50.259+0000] {processor.py:830} INFO - Processing file /home/airflow/.local/lib/python3.12/site-packages/airflow/example_dags/tutorial_dag.py for tasks to queue
[2024-10-30T18:30:50.266+0000] {logging_mixin.py:188} INFO - [2024-10-30T18:30:50.264+0000] {dagbag.py:545} INFO - Filling up the DagBag from /home/airflow/.local/lib/python3.12/site-packages/airflow/example_dags/tutorial_dag.py
[2024-10-30T18:30:50.284+0000] {processor.py:840} INFO - DAG(s) 'tutorial_dag' retrieved from /home/airflow/.local/lib/python3.12/site-packages/airflow/example_dags/tutorial_dag.py
[2024-10-30T18:30:50.372+0000] {logging_mixin.py:188} INFO - [2024-10-30T18:30:50.372+0000] {dag.py:3089} INFO - Sync 1 DAGs
[2024-10-30T18:30:50.420+0000] {logging_mixin.py:188} INFO - [2024-10-30T18:30:50.420+0000] {dag.py:3947} INFO - Setting next_dagrun for tutorial_dag to None, run_after=None
[2024-10-30T18:30:50.485+0000] {processor.py:183} INFO - Processing /home/airflow/.local/lib/python3.12/site-packages/airflow/example_dags/tutorial_dag.py took 0.260 seconds
[2024-10-30T18:31:23.310+0000] {processor.py:161} INFO - Started process (PID=548) to work on /home/airflow/.local/lib/python3.12/site-packages/airflow/example_dags/tutorial_dag.py
[2024-10-30T18:31:23.317+0000] {processor.py:830} INFO - Processing file /home/airflow/.local/lib/python3.12/site-packages/airflow/example_dags/tutorial_dag.py for tasks to queue
[2024-10-30T18:31:23.326+0000] {logging_mixin.py:188} INFO - [2024-10-30T18:31:23.324+0000] {dagbag.py:545} INFO - Filling up the DagBag from /home/airflow/.local/lib/python3.12/site-packages/airflow/example_dags/tutorial_dag.py
[2024-10-30T18:31:23.358+0000] {processor.py:840} INFO - DAG(s) 'tutorial_dag' retrieved from /home/airflow/.local/lib/python3.12/site-packages/airflow/example_dags/tutorial_dag.py
[2024-10-30T18:31:23.460+0000] {logging_mixin.py:188} INFO - [2024-10-30T18:31:23.459+0000] {dag.py:3089} INFO - Sync 1 DAGs
[2024-10-30T18:31:23.502+0000] {logging_mixin.py:188} INFO - [2024-10-30T18:31:23.502+0000] {dag.py:3947} INFO - Setting next_dagrun for tutorial_dag to None, run_after=None
[2024-10-30T18:31:23.569+0000] {processor.py:183} INFO - Processing /home/airflow/.local/lib/python3.12/site-packages/airflow/example_dags/tutorial_dag.py took 0.289 seconds
[2024-10-30T18:31:53.863+0000] {processor.py:161} INFO - Started process (PID=606) to work on /home/airflow/.local/lib/python3.12/site-packages/airflow/example_dags/tutorial_dag.py
[2024-10-30T18:31:53.866+0000] {processor.py:830} INFO - Processing file /home/airflow/.local/lib/python3.12/site-packages/airflow/example_dags/tutorial_dag.py for tasks to queue
[2024-10-30T18:31:53.874+0000] {logging_mixin.py:188} INFO - [2024-10-30T18:31:53.873+0000] {dagbag.py:545} INFO - Filling up the DagBag from /home/airflow/.local/lib/python3.12/site-packages/airflow/example_dags/tutorial_dag.py
[2024-10-30T18:31:53.910+0000] {processor.py:840} INFO - DAG(s) 'tutorial_dag' retrieved from /home/airflow/.local/lib/python3.12/site-packages/airflow/example_dags/tutorial_dag.py
[2024-10-30T18:31:54.011+0000] {logging_mixin.py:188} INFO - [2024-10-30T18:31:54.011+0000] {dag.py:3089} INFO - Sync 1 DAGs
[2024-10-30T18:31:54.077+0000] {logging_mixin.py:188} INFO - [2024-10-30T18:31:54.076+0000] {dag.py:3947} INFO - Setting next_dagrun for tutorial_dag to None, run_after=None
[2024-10-30T18:31:54.186+0000] {processor.py:183} INFO - Processing /home/airflow/.local/lib/python3.12/site-packages/airflow/example_dags/tutorial_dag.py took 0.358 seconds
[2024-10-30T18:32:24.558+0000] {processor.py:161} INFO - Started process (PID=666) to work on /home/airflow/.local/lib/python3.12/site-packages/airflow/example_dags/tutorial_dag.py
[2024-10-30T18:32:24.564+0000] {processor.py:830} INFO - Processing file /home/airflow/.local/lib/python3.12/site-packages/airflow/example_dags/tutorial_dag.py for tasks to queue
[2024-10-30T18:32:24.569+0000] {logging_mixin.py:188} INFO - [2024-10-30T18:32:24.568+0000] {dagbag.py:545} INFO - Filling up the DagBag from /home/airflow/.local/lib/python3.12/site-packages/airflow/example_dags/tutorial_dag.py
[2024-10-30T18:32:24.589+0000] {processor.py:840} INFO - DAG(s) 'tutorial_dag' retrieved from /home/airflow/.local/lib/python3.12/site-packages/airflow/example_dags/tutorial_dag.py
[2024-10-30T18:32:24.716+0000] {logging_mixin.py:188} INFO - [2024-10-30T18:32:24.715+0000] {dag.py:3089} INFO - Sync 1 DAGs
[2024-10-30T18:32:24.800+0000] {logging_mixin.py:188} INFO - [2024-10-30T18:32:24.797+0000] {dag.py:3947} INFO - Setting next_dagrun for tutorial_dag to None, run_after=None
[2024-10-30T18:32:25.011+0000] {processor.py:183} INFO - Processing /home/airflow/.local/lib/python3.12/site-packages/airflow/example_dags/tutorial_dag.py took 0.493 seconds
[2024-10-30T18:32:55.393+0000] {processor.py:161} INFO - Started process (PID=727) to work on /home/airflow/.local/lib/python3.12/site-packages/airflow/example_dags/tutorial_dag.py
[2024-10-30T18:32:55.396+0000] {processor.py:830} INFO - Processing file /home/airflow/.local/lib/python3.12/site-packages/airflow/example_dags/tutorial_dag.py for tasks to queue
[2024-10-30T18:32:55.407+0000] {logging_mixin.py:188} INFO - [2024-10-30T18:32:55.405+0000] {dagbag.py:545} INFO - Filling up the DagBag from /home/airflow/.local/lib/python3.12/site-packages/airflow/example_dags/tutorial_dag.py
[2024-10-30T18:32:55.427+0000] {processor.py:840} INFO - DAG(s) 'tutorial_dag' retrieved from /home/airflow/.local/lib/python3.12/site-packages/airflow/example_dags/tutorial_dag.py
[2024-10-30T18:32:55.546+0000] {logging_mixin.py:188} INFO - [2024-10-30T18:32:55.545+0000] {dag.py:3089} INFO - Sync 1 DAGs
[2024-10-30T18:32:55.708+0000] {logging_mixin.py:188} INFO - [2024-10-30T18:32:55.707+0000] {dag.py:3947} INFO - Setting next_dagrun for tutorial_dag to None, run_after=None
[2024-10-30T18:32:55.811+0000] {processor.py:183} INFO - Processing /home/airflow/.local/lib/python3.12/site-packages/airflow/example_dags/tutorial_dag.py took 0.449 seconds
[2024-10-30T18:33:26.236+0000] {processor.py:161} INFO - Started process (PID=787) to work on /home/airflow/.local/lib/python3.12/site-packages/airflow/example_dags/tutorial_dag.py
[2024-10-30T18:33:26.239+0000] {processor.py:830} INFO - Processing file /home/airflow/.local/lib/python3.12/site-packages/airflow/example_dags/tutorial_dag.py for tasks to queue
[2024-10-30T18:33:26.246+0000] {logging_mixin.py:188} INFO - [2024-10-30T18:33:26.245+0000] {dagbag.py:545} INFO - Filling up the DagBag from /home/airflow/.local/lib/python3.12/site-packages/airflow/example_dags/tutorial_dag.py
[2024-10-30T18:33:26.263+0000] {processor.py:840} INFO - DAG(s) 'tutorial_dag' retrieved from /home/airflow/.local/lib/python3.12/site-packages/airflow/example_dags/tutorial_dag.py
[2024-10-30T18:33:26.322+0000] {logging_mixin.py:188} INFO - [2024-10-30T18:33:26.321+0000] {dag.py:3089} INFO - Sync 1 DAGs
[2024-10-30T18:33:26.357+0000] {logging_mixin.py:188} INFO - [2024-10-30T18:33:26.356+0000] {dag.py:3947} INFO - Setting next_dagrun for tutorial_dag to None, run_after=None
[2024-10-30T18:33:26.423+0000] {processor.py:183} INFO - Processing /home/airflow/.local/lib/python3.12/site-packages/airflow/example_dags/tutorial_dag.py took 0.205 seconds
[2024-10-30T18:33:57.124+0000] {processor.py:161} INFO - Started process (PID=848) to work on /home/airflow/.local/lib/python3.12/site-packages/airflow/example_dags/tutorial_dag.py
[2024-10-30T18:33:57.127+0000] {processor.py:830} INFO - Processing file /home/airflow/.local/lib/python3.12/site-packages/airflow/example_dags/tutorial_dag.py for tasks to queue
[2024-10-30T18:33:57.134+0000] {logging_mixin.py:188} INFO - [2024-10-30T18:33:57.132+0000] {dagbag.py:545} INFO - Filling up the DagBag from /home/airflow/.local/lib/python3.12/site-packages/airflow/example_dags/tutorial_dag.py
[2024-10-30T18:33:57.148+0000] {processor.py:840} INFO - DAG(s) 'tutorial_dag' retrieved from /home/airflow/.local/lib/python3.12/site-packages/airflow/example_dags/tutorial_dag.py
[2024-10-30T18:33:57.204+0000] {logging_mixin.py:188} INFO - [2024-10-30T18:33:57.203+0000] {dag.py:3089} INFO - Sync 1 DAGs
[2024-10-30T18:33:57.237+0000] {logging_mixin.py:188} INFO - [2024-10-30T18:33:57.236+0000] {dag.py:3947} INFO - Setting next_dagrun for tutorial_dag to None, run_after=None
[2024-10-30T18:33:57.290+0000] {processor.py:183} INFO - Processing /home/airflow/.local/lib/python3.12/site-packages/airflow/example_dags/tutorial_dag.py took 0.184 seconds
[2024-10-30T18:34:27.648+0000] {processor.py:161} INFO - Started process (PID=908) to work on /home/airflow/.local/lib/python3.12/site-packages/airflow/example_dags/tutorial_dag.py
[2024-10-30T18:34:27.650+0000] {processor.py:830} INFO - Processing file /home/airflow/.local/lib/python3.12/site-packages/airflow/example_dags/tutorial_dag.py for tasks to queue
[2024-10-30T18:34:27.656+0000] {logging_mixin.py:188} INFO - [2024-10-30T18:34:27.655+0000] {dagbag.py:545} INFO - Filling up the DagBag from /home/airflow/.local/lib/python3.12/site-packages/airflow/example_dags/tutorial_dag.py
[2024-10-30T18:34:27.671+0000] {processor.py:840} INFO - DAG(s) 'tutorial_dag' retrieved from /home/airflow/.local/lib/python3.12/site-packages/airflow/example_dags/tutorial_dag.py
[2024-10-30T18:34:27.748+0000] {logging_mixin.py:188} INFO - [2024-10-30T18:34:27.747+0000] {dag.py:3089} INFO - Sync 1 DAGs
[2024-10-30T18:34:27.790+0000] {logging_mixin.py:188} INFO - [2024-10-30T18:34:27.789+0000] {dag.py:3947} INFO - Setting next_dagrun for tutorial_dag to None, run_after=None
[2024-10-30T18:34:27.862+0000] {processor.py:183} INFO - Processing /home/airflow/.local/lib/python3.12/site-packages/airflow/example_dags/tutorial_dag.py took 0.234 seconds
[2024-10-30T18:34:58.132+0000] {processor.py:161} INFO - Started process (PID=968) to work on /home/airflow/.local/lib/python3.12/site-packages/airflow/example_dags/tutorial_dag.py
[2024-10-30T18:34:58.137+0000] {processor.py:830} INFO - Processing file /home/airflow/.local/lib/python3.12/site-packages/airflow/example_dags/tutorial_dag.py for tasks to queue
[2024-10-30T18:34:58.147+0000] {logging_mixin.py:188} INFO - [2024-10-30T18:34:58.146+0000] {dagbag.py:545} INFO - Filling up the DagBag from /home/airflow/.local/lib/python3.12/site-packages/airflow/example_dags/tutorial_dag.py
[2024-10-30T18:34:58.166+0000] {processor.py:840} INFO - DAG(s) 'tutorial_dag' retrieved from /home/airflow/.local/lib/python3.12/site-packages/airflow/example_dags/tutorial_dag.py
[2024-10-30T18:34:58.232+0000] {logging_mixin.py:188} INFO - [2024-10-30T18:34:58.231+0000] {dag.py:3089} INFO - Sync 1 DAGs
[2024-10-30T18:34:58.280+0000] {logging_mixin.py:188} INFO - [2024-10-30T18:34:58.279+0000] {dag.py:3947} INFO - Setting next_dagrun for tutorial_dag to None, run_after=None
[2024-10-30T18:34:58.396+0000] {processor.py:183} INFO - Processing /home/airflow/.local/lib/python3.12/site-packages/airflow/example_dags/tutorial_dag.py took 0.296 seconds
[2024-10-30T18:35:28.801+0000] {processor.py:161} INFO - Started process (PID=1028) to work on /home/airflow/.local/lib/python3.12/site-packages/airflow/example_dags/tutorial_dag.py
[2024-10-30T18:35:28.804+0000] {processor.py:830} INFO - Processing file /home/airflow/.local/lib/python3.12/site-packages/airflow/example_dags/tutorial_dag.py for tasks to queue
[2024-10-30T18:35:28.813+0000] {logging_mixin.py:188} INFO - [2024-10-30T18:35:28.812+0000] {dagbag.py:545} INFO - Filling up the DagBag from /home/airflow/.local/lib/python3.12/site-packages/airflow/example_dags/tutorial_dag.py
[2024-10-30T18:35:28.831+0000] {processor.py:840} INFO - DAG(s) 'tutorial_dag' retrieved from /home/airflow/.local/lib/python3.12/site-packages/airflow/example_dags/tutorial_dag.py
[2024-10-30T18:35:28.905+0000] {logging_mixin.py:188} INFO - [2024-10-30T18:35:28.904+0000] {dag.py:3089} INFO - Sync 1 DAGs
[2024-10-30T18:35:28.939+0000] {logging_mixin.py:188} INFO - [2024-10-30T18:35:28.938+0000] {dag.py:3947} INFO - Setting next_dagrun for tutorial_dag to None, run_after=None
[2024-10-30T18:35:28.991+0000] {processor.py:183} INFO - Processing /home/airflow/.local/lib/python3.12/site-packages/airflow/example_dags/tutorial_dag.py took 0.216 seconds
[2024-10-30T18:35:59.423+0000] {processor.py:161} INFO - Started process (PID=1088) to work on /home/airflow/.local/lib/python3.12/site-packages/airflow/example_dags/tutorial_dag.py
[2024-10-30T18:35:59.426+0000] {processor.py:830} INFO - Processing file /home/airflow/.local/lib/python3.12/site-packages/airflow/example_dags/tutorial_dag.py for tasks to queue
[2024-10-30T18:35:59.433+0000] {logging_mixin.py:188} INFO - [2024-10-30T18:35:59.432+0000] {dagbag.py:545} INFO - Filling up the DagBag from /home/airflow/.local/lib/python3.12/site-packages/airflow/example_dags/tutorial_dag.py
[2024-10-30T18:35:59.450+0000] {processor.py:840} INFO - DAG(s) 'tutorial_dag' retrieved from /home/airflow/.local/lib/python3.12/site-packages/airflow/example_dags/tutorial_dag.py
[2024-10-30T18:35:59.504+0000] {logging_mixin.py:188} INFO - [2024-10-30T18:35:59.503+0000] {dag.py:3089} INFO - Sync 1 DAGs
[2024-10-30T18:35:59.542+0000] {logging_mixin.py:188} INFO - [2024-10-30T18:35:59.542+0000] {dag.py:3947} INFO - Setting next_dagrun for tutorial_dag to None, run_after=None
[2024-10-30T18:35:59.602+0000] {processor.py:183} INFO - Processing /home/airflow/.local/lib/python3.12/site-packages/airflow/example_dags/tutorial_dag.py took 0.202 seconds
[2024-10-30T18:36:29.948+0000] {processor.py:161} INFO - Started process (PID=1147) to work on /home/airflow/.local/lib/python3.12/site-packages/airflow/example_dags/tutorial_dag.py
[2024-10-30T18:36:29.954+0000] {processor.py:830} INFO - Processing file /home/airflow/.local/lib/python3.12/site-packages/airflow/example_dags/tutorial_dag.py for tasks to queue
[2024-10-30T18:36:29.961+0000] {logging_mixin.py:188} INFO - [2024-10-30T18:36:29.960+0000] {dagbag.py:545} INFO - Filling up the DagBag from /home/airflow/.local/lib/python3.12/site-packages/airflow/example_dags/tutorial_dag.py
[2024-10-30T18:36:29.975+0000] {processor.py:840} INFO - DAG(s) 'tutorial_dag' retrieved from /home/airflow/.local/lib/python3.12/site-packages/airflow/example_dags/tutorial_dag.py
[2024-10-30T18:36:30.036+0000] {logging_mixin.py:188} INFO - [2024-10-30T18:36:30.036+0000] {dag.py:3089} INFO - Sync 1 DAGs
[2024-10-30T18:36:30.075+0000] {logging_mixin.py:188} INFO - [2024-10-30T18:36:30.074+0000] {dag.py:3947} INFO - Setting next_dagrun for tutorial_dag to None, run_after=None
[2024-10-30T18:36:30.134+0000] {processor.py:183} INFO - Processing /home/airflow/.local/lib/python3.12/site-packages/airflow/example_dags/tutorial_dag.py took 0.212 seconds
[2024-10-30T18:37:00.736+0000] {processor.py:161} INFO - Started process (PID=1207) to work on /home/airflow/.local/lib/python3.12/site-packages/airflow/example_dags/tutorial_dag.py
[2024-10-30T18:37:00.740+0000] {processor.py:830} INFO - Processing file /home/airflow/.local/lib/python3.12/site-packages/airflow/example_dags/tutorial_dag.py for tasks to queue
[2024-10-30T18:37:00.745+0000] {logging_mixin.py:188} INFO - [2024-10-30T18:37:00.744+0000] {dagbag.py:545} INFO - Filling up the DagBag from /home/airflow/.local/lib/python3.12/site-packages/airflow/example_dags/tutorial_dag.py
[2024-10-30T18:37:00.762+0000] {processor.py:840} INFO - DAG(s) 'tutorial_dag' retrieved from /home/airflow/.local/lib/python3.12/site-packages/airflow/example_dags/tutorial_dag.py
[2024-10-30T18:37:00.817+0000] {logging_mixin.py:188} INFO - [2024-10-30T18:37:00.816+0000] {dag.py:3089} INFO - Sync 1 DAGs
[2024-10-30T18:37:00.854+0000] {logging_mixin.py:188} INFO - [2024-10-30T18:37:00.853+0000] {dag.py:3947} INFO - Setting next_dagrun for tutorial_dag to None, run_after=None
[2024-10-30T18:37:00.914+0000] {processor.py:183} INFO - Processing /home/airflow/.local/lib/python3.12/site-packages/airflow/example_dags/tutorial_dag.py took 0.197 seconds
[2024-10-30T18:37:31.143+0000] {processor.py:161} INFO - Started process (PID=1266) to work on /home/airflow/.local/lib/python3.12/site-packages/airflow/example_dags/tutorial_dag.py
[2024-10-30T18:37:31.145+0000] {processor.py:830} INFO - Processing file /home/airflow/.local/lib/python3.12/site-packages/airflow/example_dags/tutorial_dag.py for tasks to queue
[2024-10-30T18:37:31.151+0000] {logging_mixin.py:188} INFO - [2024-10-30T18:37:31.150+0000] {dagbag.py:545} INFO - Filling up the DagBag from /home/airflow/.local/lib/python3.12/site-packages/airflow/example_dags/tutorial_dag.py
[2024-10-30T18:37:31.169+0000] {processor.py:840} INFO - DAG(s) 'tutorial_dag' retrieved from /home/airflow/.local/lib/python3.12/site-packages/airflow/example_dags/tutorial_dag.py
[2024-10-30T18:37:31.266+0000] {logging_mixin.py:188} INFO - [2024-10-30T18:37:31.266+0000] {dag.py:3089} INFO - Sync 1 DAGs
[2024-10-30T18:37:31.324+0000] {logging_mixin.py:188} INFO - [2024-10-30T18:37:31.323+0000] {dag.py:3947} INFO - Setting next_dagrun for tutorial_dag to None, run_after=None
[2024-10-30T18:37:31.411+0000] {processor.py:183} INFO - Processing /home/airflow/.local/lib/python3.12/site-packages/airflow/example_dags/tutorial_dag.py took 0.300 seconds
[2024-10-30T18:38:02.347+0000] {processor.py:161} INFO - Started process (PID=1327) to work on /home/airflow/.local/lib/python3.12/site-packages/airflow/example_dags/tutorial_dag.py
[2024-10-30T18:38:02.351+0000] {processor.py:830} INFO - Processing file /home/airflow/.local/lib/python3.12/site-packages/airflow/example_dags/tutorial_dag.py for tasks to queue
[2024-10-30T18:38:02.357+0000] {logging_mixin.py:188} INFO - [2024-10-30T18:38:02.356+0000] {dagbag.py:545} INFO - Filling up the DagBag from /home/airflow/.local/lib/python3.12/site-packages/airflow/example_dags/tutorial_dag.py
[2024-10-30T18:38:02.374+0000] {processor.py:840} INFO - DAG(s) 'tutorial_dag' retrieved from /home/airflow/.local/lib/python3.12/site-packages/airflow/example_dags/tutorial_dag.py
[2024-10-30T18:38:02.434+0000] {logging_mixin.py:188} INFO - [2024-10-30T18:38:02.434+0000] {dag.py:3089} INFO - Sync 1 DAGs
[2024-10-30T18:38:02.471+0000] {logging_mixin.py:188} INFO - [2024-10-30T18:38:02.471+0000] {dag.py:3947} INFO - Setting next_dagrun for tutorial_dag to None, run_after=None
[2024-10-30T18:38:02.527+0000] {processor.py:183} INFO - Processing /home/airflow/.local/lib/python3.12/site-packages/airflow/example_dags/tutorial_dag.py took 0.199 seconds
[2024-10-30T18:38:33.426+0000] {processor.py:161} INFO - Started process (PID=1386) to work on /home/airflow/.local/lib/python3.12/site-packages/airflow/example_dags/tutorial_dag.py
[2024-10-30T18:38:33.429+0000] {processor.py:830} INFO - Processing file /home/airflow/.local/lib/python3.12/site-packages/airflow/example_dags/tutorial_dag.py for tasks to queue
[2024-10-30T18:38:33.437+0000] {logging_mixin.py:188} INFO - [2024-10-30T18:38:33.436+0000] {dagbag.py:545} INFO - Filling up the DagBag from /home/airflow/.local/lib/python3.12/site-packages/airflow/example_dags/tutorial_dag.py
[2024-10-30T18:38:33.467+0000] {processor.py:840} INFO - DAG(s) 'tutorial_dag' retrieved from /home/airflow/.local/lib/python3.12/site-packages/airflow/example_dags/tutorial_dag.py
[2024-10-30T18:38:33.574+0000] {logging_mixin.py:188} INFO - [2024-10-30T18:38:33.572+0000] {dag.py:3089} INFO - Sync 1 DAGs
[2024-10-30T18:38:33.643+0000] {logging_mixin.py:188} INFO - [2024-10-30T18:38:33.643+0000] {dag.py:3947} INFO - Setting next_dagrun for tutorial_dag to None, run_after=None
[2024-10-30T18:38:33.697+0000] {processor.py:183} INFO - Processing /home/airflow/.local/lib/python3.12/site-packages/airflow/example_dags/tutorial_dag.py took 0.295 seconds
[2024-10-30T18:39:04.115+0000] {processor.py:161} INFO - Started process (PID=1446) to work on /home/airflow/.local/lib/python3.12/site-packages/airflow/example_dags/tutorial_dag.py
[2024-10-30T18:39:04.119+0000] {processor.py:830} INFO - Processing file /home/airflow/.local/lib/python3.12/site-packages/airflow/example_dags/tutorial_dag.py for tasks to queue
[2024-10-30T18:39:04.127+0000] {logging_mixin.py:188} INFO - [2024-10-30T18:39:04.125+0000] {dagbag.py:545} INFO - Filling up the DagBag from /home/airflow/.local/lib/python3.12/site-packages/airflow/example_dags/tutorial_dag.py
[2024-10-30T18:39:04.143+0000] {processor.py:840} INFO - DAG(s) 'tutorial_dag' retrieved from /home/airflow/.local/lib/python3.12/site-packages/airflow/example_dags/tutorial_dag.py
[2024-10-30T18:39:04.282+0000] {logging_mixin.py:188} INFO - [2024-10-30T18:39:04.278+0000] {dag.py:3089} INFO - Sync 1 DAGs
[2024-10-30T18:39:04.332+0000] {logging_mixin.py:188} INFO - [2024-10-30T18:39:04.331+0000] {dag.py:3947} INFO - Setting next_dagrun for tutorial_dag to None, run_after=None
[2024-10-30T18:39:04.423+0000] {processor.py:183} INFO - Processing /home/airflow/.local/lib/python3.12/site-packages/airflow/example_dags/tutorial_dag.py took 0.352 seconds
[2024-10-30T18:39:34.875+0000] {processor.py:161} INFO - Started process (PID=1506) to work on /home/airflow/.local/lib/python3.12/site-packages/airflow/example_dags/tutorial_dag.py
[2024-10-30T18:39:34.879+0000] {processor.py:830} INFO - Processing file /home/airflow/.local/lib/python3.12/site-packages/airflow/example_dags/tutorial_dag.py for tasks to queue
[2024-10-30T18:39:34.887+0000] {logging_mixin.py:188} INFO - [2024-10-30T18:39:34.886+0000] {dagbag.py:545} INFO - Filling up the DagBag from /home/airflow/.local/lib/python3.12/site-packages/airflow/example_dags/tutorial_dag.py
[2024-10-30T18:39:34.927+0000] {processor.py:840} INFO - DAG(s) 'tutorial_dag' retrieved from /home/airflow/.local/lib/python3.12/site-packages/airflow/example_dags/tutorial_dag.py
[2024-10-30T18:39:34.988+0000] {logging_mixin.py:188} INFO - [2024-10-30T18:39:34.987+0000] {dag.py:3089} INFO - Sync 1 DAGs
[2024-10-30T18:39:35.082+0000] {logging_mixin.py:188} INFO - [2024-10-30T18:39:35.082+0000] {dag.py:3947} INFO - Setting next_dagrun for tutorial_dag to None, run_after=None
[2024-10-30T18:39:35.199+0000] {processor.py:183} INFO - Processing /home/airflow/.local/lib/python3.12/site-packages/airflow/example_dags/tutorial_dag.py took 0.351 seconds
[2024-10-30T18:40:05.467+0000] {processor.py:161} INFO - Started process (PID=1565) to work on /home/airflow/.local/lib/python3.12/site-packages/airflow/example_dags/tutorial_dag.py
[2024-10-30T18:40:05.470+0000] {processor.py:830} INFO - Processing file /home/airflow/.local/lib/python3.12/site-packages/airflow/example_dags/tutorial_dag.py for tasks to queue
[2024-10-30T18:40:05.476+0000] {logging_mixin.py:188} INFO - [2024-10-30T18:40:05.475+0000] {dagbag.py:545} INFO - Filling up the DagBag from /home/airflow/.local/lib/python3.12/site-packages/airflow/example_dags/tutorial_dag.py
[2024-10-30T18:40:05.495+0000] {processor.py:840} INFO - DAG(s) 'tutorial_dag' retrieved from /home/airflow/.local/lib/python3.12/site-packages/airflow/example_dags/tutorial_dag.py
[2024-10-30T18:40:05.553+0000] {logging_mixin.py:188} INFO - [2024-10-30T18:40:05.552+0000] {dag.py:3089} INFO - Sync 1 DAGs
[2024-10-30T18:40:05.590+0000] {logging_mixin.py:188} INFO - [2024-10-30T18:40:05.590+0000] {dag.py:3947} INFO - Setting next_dagrun for tutorial_dag to None, run_after=None
[2024-10-30T18:40:05.673+0000] {processor.py:183} INFO - Processing /home/airflow/.local/lib/python3.12/site-packages/airflow/example_dags/tutorial_dag.py took 0.238 seconds
[2024-10-30T18:40:35.939+0000] {processor.py:161} INFO - Started process (PID=1624) to work on /home/airflow/.local/lib/python3.12/site-packages/airflow/example_dags/tutorial_dag.py
[2024-10-30T18:40:35.941+0000] {processor.py:830} INFO - Processing file /home/airflow/.local/lib/python3.12/site-packages/airflow/example_dags/tutorial_dag.py for tasks to queue
[2024-10-30T18:40:35.947+0000] {logging_mixin.py:188} INFO - [2024-10-30T18:40:35.946+0000] {dagbag.py:545} INFO - Filling up the DagBag from /home/airflow/.local/lib/python3.12/site-packages/airflow/example_dags/tutorial_dag.py
[2024-10-30T18:40:35.960+0000] {processor.py:840} INFO - DAG(s) 'tutorial_dag' retrieved from /home/airflow/.local/lib/python3.12/site-packages/airflow/example_dags/tutorial_dag.py
[2024-10-30T18:40:36.006+0000] {logging_mixin.py:188} INFO - [2024-10-30T18:40:36.005+0000] {dag.py:3089} INFO - Sync 1 DAGs
[2024-10-30T18:40:36.041+0000] {logging_mixin.py:188} INFO - [2024-10-30T18:40:36.041+0000] {dag.py:3947} INFO - Setting next_dagrun for tutorial_dag to None, run_after=None
[2024-10-30T18:40:36.102+0000] {processor.py:183} INFO - Processing /home/airflow/.local/lib/python3.12/site-packages/airflow/example_dags/tutorial_dag.py took 0.178 seconds
[2024-10-30T18:41:06.770+0000] {processor.py:161} INFO - Started process (PID=1685) to work on /home/airflow/.local/lib/python3.12/site-packages/airflow/example_dags/tutorial_dag.py
[2024-10-30T18:41:06.772+0000] {processor.py:830} INFO - Processing file /home/airflow/.local/lib/python3.12/site-packages/airflow/example_dags/tutorial_dag.py for tasks to queue
[2024-10-30T18:41:06.778+0000] {logging_mixin.py:188} INFO - [2024-10-30T18:41:06.777+0000] {dagbag.py:545} INFO - Filling up the DagBag from /home/airflow/.local/lib/python3.12/site-packages/airflow/example_dags/tutorial_dag.py
[2024-10-30T18:41:06.790+0000] {processor.py:840} INFO - DAG(s) 'tutorial_dag' retrieved from /home/airflow/.local/lib/python3.12/site-packages/airflow/example_dags/tutorial_dag.py
[2024-10-30T18:41:06.854+0000] {logging_mixin.py:188} INFO - [2024-10-30T18:41:06.854+0000] {dag.py:3089} INFO - Sync 1 DAGs
[2024-10-30T18:41:06.891+0000] {logging_mixin.py:188} INFO - [2024-10-30T18:41:06.891+0000] {dag.py:3947} INFO - Setting next_dagrun for tutorial_dag to None, run_after=None
[2024-10-30T18:41:06.954+0000] {processor.py:183} INFO - Processing /home/airflow/.local/lib/python3.12/site-packages/airflow/example_dags/tutorial_dag.py took 0.198 seconds
[2024-10-30T18:41:37.256+0000] {processor.py:161} INFO - Started process (PID=1743) to work on /home/airflow/.local/lib/python3.12/site-packages/airflow/example_dags/tutorial_dag.py
[2024-10-30T18:41:37.260+0000] {processor.py:830} INFO - Processing file /home/airflow/.local/lib/python3.12/site-packages/airflow/example_dags/tutorial_dag.py for tasks to queue
[2024-10-30T18:41:37.264+0000] {logging_mixin.py:188} INFO - [2024-10-30T18:41:37.263+0000] {dagbag.py:545} INFO - Filling up the DagBag from /home/airflow/.local/lib/python3.12/site-packages/airflow/example_dags/tutorial_dag.py
[2024-10-30T18:41:37.282+0000] {processor.py:840} INFO - DAG(s) 'tutorial_dag' retrieved from /home/airflow/.local/lib/python3.12/site-packages/airflow/example_dags/tutorial_dag.py
[2024-10-30T18:41:37.350+0000] {logging_mixin.py:188} INFO - [2024-10-30T18:41:37.348+0000] {dag.py:3089} INFO - Sync 1 DAGs
[2024-10-30T18:41:37.386+0000] {logging_mixin.py:188} INFO - [2024-10-30T18:41:37.386+0000] {dag.py:3947} INFO - Setting next_dagrun for tutorial_dag to None, run_after=None
[2024-10-30T18:41:37.445+0000] {processor.py:183} INFO - Processing /home/airflow/.local/lib/python3.12/site-packages/airflow/example_dags/tutorial_dag.py took 0.206 seconds
[2024-10-30T18:42:07.672+0000] {processor.py:161} INFO - Started process (PID=1804) to work on /home/airflow/.local/lib/python3.12/site-packages/airflow/example_dags/tutorial_dag.py
[2024-10-30T18:42:07.674+0000] {processor.py:830} INFO - Processing file /home/airflow/.local/lib/python3.12/site-packages/airflow/example_dags/tutorial_dag.py for tasks to queue
[2024-10-30T18:42:07.679+0000] {logging_mixin.py:188} INFO - [2024-10-30T18:42:07.679+0000] {dagbag.py:545} INFO - Filling up the DagBag from /home/airflow/.local/lib/python3.12/site-packages/airflow/example_dags/tutorial_dag.py
[2024-10-30T18:42:07.697+0000] {processor.py:840} INFO - DAG(s) 'tutorial_dag' retrieved from /home/airflow/.local/lib/python3.12/site-packages/airflow/example_dags/tutorial_dag.py
[2024-10-30T18:42:07.759+0000] {logging_mixin.py:188} INFO - [2024-10-30T18:42:07.758+0000] {dag.py:3089} INFO - Sync 1 DAGs
[2024-10-30T18:42:07.794+0000] {logging_mixin.py:188} INFO - [2024-10-30T18:42:07.793+0000] {dag.py:3947} INFO - Setting next_dagrun for tutorial_dag to None, run_after=None
[2024-10-30T18:42:07.851+0000] {processor.py:183} INFO - Processing /home/airflow/.local/lib/python3.12/site-packages/airflow/example_dags/tutorial_dag.py took 0.196 seconds
[2024-10-30T18:42:38.102+0000] {processor.py:161} INFO - Started process (PID=1864) to work on /home/airflow/.local/lib/python3.12/site-packages/airflow/example_dags/tutorial_dag.py
[2024-10-30T18:42:38.104+0000] {processor.py:830} INFO - Processing file /home/airflow/.local/lib/python3.12/site-packages/airflow/example_dags/tutorial_dag.py for tasks to queue
[2024-10-30T18:42:38.111+0000] {logging_mixin.py:188} INFO - [2024-10-30T18:42:38.110+0000] {dagbag.py:545} INFO - Filling up the DagBag from /home/airflow/.local/lib/python3.12/site-packages/airflow/example_dags/tutorial_dag.py
[2024-10-30T18:42:38.129+0000] {processor.py:840} INFO - DAG(s) 'tutorial_dag' retrieved from /home/airflow/.local/lib/python3.12/site-packages/airflow/example_dags/tutorial_dag.py
[2024-10-30T18:42:38.209+0000] {logging_mixin.py:188} INFO - [2024-10-30T18:42:38.208+0000] {dag.py:3089} INFO - Sync 1 DAGs
[2024-10-30T18:42:38.284+0000] {logging_mixin.py:188} INFO - [2024-10-30T18:42:38.283+0000] {dag.py:3947} INFO - Setting next_dagrun for tutorial_dag to None, run_after=None
[2024-10-30T18:42:38.344+0000] {processor.py:183} INFO - Processing /home/airflow/.local/lib/python3.12/site-packages/airflow/example_dags/tutorial_dag.py took 0.262 seconds
[2024-10-30T18:43:09.337+0000] {processor.py:161} INFO - Started process (PID=1924) to work on /home/airflow/.local/lib/python3.12/site-packages/airflow/example_dags/tutorial_dag.py
[2024-10-30T18:43:09.341+0000] {processor.py:830} INFO - Processing file /home/airflow/.local/lib/python3.12/site-packages/airflow/example_dags/tutorial_dag.py for tasks to queue
[2024-10-30T18:43:09.348+0000] {logging_mixin.py:188} INFO - [2024-10-30T18:43:09.347+0000] {dagbag.py:545} INFO - Filling up the DagBag from /home/airflow/.local/lib/python3.12/site-packages/airflow/example_dags/tutorial_dag.py
[2024-10-30T18:43:09.370+0000] {processor.py:840} INFO - DAG(s) 'tutorial_dag' retrieved from /home/airflow/.local/lib/python3.12/site-packages/airflow/example_dags/tutorial_dag.py
[2024-10-30T18:43:09.449+0000] {logging_mixin.py:188} INFO - [2024-10-30T18:43:09.448+0000] {dag.py:3089} INFO - Sync 1 DAGs
[2024-10-30T18:43:09.504+0000] {logging_mixin.py:188} INFO - [2024-10-30T18:43:09.504+0000] {dag.py:3947} INFO - Setting next_dagrun for tutorial_dag to None, run_after=None
[2024-10-30T18:43:09.650+0000] {processor.py:183} INFO - Processing /home/airflow/.local/lib/python3.12/site-packages/airflow/example_dags/tutorial_dag.py took 0.341 seconds
[2024-10-30T18:43:40.082+0000] {processor.py:161} INFO - Started process (PID=1984) to work on /home/airflow/.local/lib/python3.12/site-packages/airflow/example_dags/tutorial_dag.py
[2024-10-30T18:43:40.084+0000] {processor.py:830} INFO - Processing file /home/airflow/.local/lib/python3.12/site-packages/airflow/example_dags/tutorial_dag.py for tasks to queue
[2024-10-30T18:43:40.090+0000] {logging_mixin.py:188} INFO - [2024-10-30T18:43:40.089+0000] {dagbag.py:545} INFO - Filling up the DagBag from /home/airflow/.local/lib/python3.12/site-packages/airflow/example_dags/tutorial_dag.py
[2024-10-30T18:43:40.106+0000] {processor.py:840} INFO - DAG(s) 'tutorial_dag' retrieved from /home/airflow/.local/lib/python3.12/site-packages/airflow/example_dags/tutorial_dag.py
[2024-10-30T18:43:40.179+0000] {logging_mixin.py:188} INFO - [2024-10-30T18:43:40.178+0000] {dag.py:3089} INFO - Sync 1 DAGs
[2024-10-30T18:43:40.243+0000] {logging_mixin.py:188} INFO - [2024-10-30T18:43:40.243+0000] {dag.py:3947} INFO - Setting next_dagrun for tutorial_dag to None, run_after=None
[2024-10-30T18:43:40.302+0000] {processor.py:183} INFO - Processing /home/airflow/.local/lib/python3.12/site-packages/airflow/example_dags/tutorial_dag.py took 0.244 seconds
[2024-10-30T18:44:11.119+0000] {processor.py:161} INFO - Started process (PID=2044) to work on /home/airflow/.local/lib/python3.12/site-packages/airflow/example_dags/tutorial_dag.py
[2024-10-30T18:44:11.122+0000] {processor.py:830} INFO - Processing file /home/airflow/.local/lib/python3.12/site-packages/airflow/example_dags/tutorial_dag.py for tasks to queue
[2024-10-30T18:44:11.127+0000] {logging_mixin.py:188} INFO - [2024-10-30T18:44:11.126+0000] {dagbag.py:545} INFO - Filling up the DagBag from /home/airflow/.local/lib/python3.12/site-packages/airflow/example_dags/tutorial_dag.py
[2024-10-30T18:44:11.143+0000] {processor.py:840} INFO - DAG(s) 'tutorial_dag' retrieved from /home/airflow/.local/lib/python3.12/site-packages/airflow/example_dags/tutorial_dag.py
[2024-10-30T18:44:11.227+0000] {logging_mixin.py:188} INFO - [2024-10-30T18:44:11.226+0000] {dag.py:3089} INFO - Sync 1 DAGs
[2024-10-30T18:44:11.267+0000] {logging_mixin.py:188} INFO - [2024-10-30T18:44:11.267+0000] {dag.py:3947} INFO - Setting next_dagrun for tutorial_dag to None, run_after=None
[2024-10-30T18:44:11.340+0000] {processor.py:183} INFO - Processing /home/airflow/.local/lib/python3.12/site-packages/airflow/example_dags/tutorial_dag.py took 0.244 seconds
[2024-10-30T18:44:41.712+0000] {processor.py:161} INFO - Started process (PID=2104) to work on /home/airflow/.local/lib/python3.12/site-packages/airflow/example_dags/tutorial_dag.py
[2024-10-30T18:44:41.715+0000] {processor.py:830} INFO - Processing file /home/airflow/.local/lib/python3.12/site-packages/airflow/example_dags/tutorial_dag.py for tasks to queue
[2024-10-30T18:44:41.720+0000] {logging_mixin.py:188} INFO - [2024-10-30T18:44:41.719+0000] {dagbag.py:545} INFO - Filling up the DagBag from /home/airflow/.local/lib/python3.12/site-packages/airflow/example_dags/tutorial_dag.py
[2024-10-30T18:44:41.738+0000] {processor.py:840} INFO - DAG(s) 'tutorial_dag' retrieved from /home/airflow/.local/lib/python3.12/site-packages/airflow/example_dags/tutorial_dag.py
[2024-10-30T18:44:41.816+0000] {logging_mixin.py:188} INFO - [2024-10-30T18:44:41.816+0000] {dag.py:3089} INFO - Sync 1 DAGs
[2024-10-30T18:44:41.853+0000] {logging_mixin.py:188} INFO - [2024-10-30T18:44:41.852+0000] {dag.py:3947} INFO - Setting next_dagrun for tutorial_dag to None, run_after=None
[2024-10-30T18:44:41.932+0000] {processor.py:183} INFO - Processing /home/airflow/.local/lib/python3.12/site-packages/airflow/example_dags/tutorial_dag.py took 0.240 seconds
[2024-10-30T18:45:13.291+0000] {processor.py:161} INFO - Started process (PID=2165) to work on /home/airflow/.local/lib/python3.12/site-packages/airflow/example_dags/tutorial_dag.py
[2024-10-30T18:45:13.306+0000] {processor.py:830} INFO - Processing file /home/airflow/.local/lib/python3.12/site-packages/airflow/example_dags/tutorial_dag.py for tasks to queue
[2024-10-30T18:45:13.312+0000] {logging_mixin.py:188} INFO - [2024-10-30T18:45:13.311+0000] {dagbag.py:545} INFO - Filling up the DagBag from /home/airflow/.local/lib/python3.12/site-packages/airflow/example_dags/tutorial_dag.py
[2024-10-30T18:45:13.394+0000] {processor.py:840} INFO - DAG(s) 'tutorial_dag' retrieved from /home/airflow/.local/lib/python3.12/site-packages/airflow/example_dags/tutorial_dag.py
[2024-10-30T18:45:13.795+0000] {logging_mixin.py:188} INFO - [2024-10-30T18:45:13.794+0000] {dag.py:3089} INFO - Sync 1 DAGs
[2024-10-30T18:45:14.523+0000] {logging_mixin.py:188} INFO - [2024-10-30T18:45:14.522+0000] {dag.py:3947} INFO - Setting next_dagrun for tutorial_dag to None, run_after=None
[2024-10-30T18:45:15.073+0000] {processor.py:183} INFO - Processing /home/airflow/.local/lib/python3.12/site-packages/airflow/example_dags/tutorial_dag.py took 1.844 seconds
[2024-10-30T18:45:46.022+0000] {processor.py:161} INFO - Started process (PID=2223) to work on /home/airflow/.local/lib/python3.12/site-packages/airflow/example_dags/tutorial_dag.py
[2024-10-30T18:45:46.026+0000] {processor.py:830} INFO - Processing file /home/airflow/.local/lib/python3.12/site-packages/airflow/example_dags/tutorial_dag.py for tasks to queue
[2024-10-30T18:45:46.050+0000] {logging_mixin.py:188} INFO - [2024-10-30T18:45:46.048+0000] {dagbag.py:545} INFO - Filling up the DagBag from /home/airflow/.local/lib/python3.12/site-packages/airflow/example_dags/tutorial_dag.py
[2024-10-30T18:45:46.071+0000] {processor.py:840} INFO - DAG(s) 'tutorial_dag' retrieved from /home/airflow/.local/lib/python3.12/site-packages/airflow/example_dags/tutorial_dag.py
[2024-10-30T18:45:46.176+0000] {logging_mixin.py:188} INFO - [2024-10-30T18:45:46.176+0000] {dag.py:3089} INFO - Sync 1 DAGs
[2024-10-30T18:45:46.238+0000] {logging_mixin.py:188} INFO - [2024-10-30T18:45:46.237+0000] {dag.py:3947} INFO - Setting next_dagrun for tutorial_dag to None, run_after=None
[2024-10-30T18:45:46.317+0000] {processor.py:183} INFO - Processing /home/airflow/.local/lib/python3.12/site-packages/airflow/example_dags/tutorial_dag.py took 0.361 seconds
[2024-10-30T18:47:09.944+0000] {processor.py:161} INFO - Started process (PID=2279) to work on /home/airflow/.local/lib/python3.12/site-packages/airflow/example_dags/tutorial_dag.py
[2024-10-30T18:47:09.963+0000] {processor.py:830} INFO - Processing file /home/airflow/.local/lib/python3.12/site-packages/airflow/example_dags/tutorial_dag.py for tasks to queue
[2024-10-30T18:47:09.979+0000] {logging_mixin.py:188} INFO - [2024-10-30T18:47:09.976+0000] {dagbag.py:545} INFO - Filling up the DagBag from /home/airflow/.local/lib/python3.12/site-packages/airflow/example_dags/tutorial_dag.py
[2024-10-30T18:47:10.134+0000] {processor.py:840} INFO - DAG(s) 'tutorial_dag' retrieved from /home/airflow/.local/lib/python3.12/site-packages/airflow/example_dags/tutorial_dag.py
[2024-10-30T18:47:10.943+0000] {logging_mixin.py:188} INFO - [2024-10-30T18:47:10.939+0000] {dag.py:3089} INFO - Sync 1 DAGs
[2024-10-30T18:47:11.516+0000] {logging_mixin.py:188} INFO - [2024-10-30T18:47:11.496+0000] {dag.py:3947} INFO - Setting next_dagrun for tutorial_dag to None, run_after=None
[2024-10-30T18:47:11.829+0000] {processor.py:183} INFO - Processing /home/airflow/.local/lib/python3.12/site-packages/airflow/example_dags/tutorial_dag.py took 2.048 seconds
[2024-10-30T18:48:02.271+0000] {processor.py:161} INFO - Started process (PID=2345) to work on /home/airflow/.local/lib/python3.12/site-packages/airflow/example_dags/tutorial_dag.py
[2024-10-30T18:48:02.286+0000] {processor.py:830} INFO - Processing file /home/airflow/.local/lib/python3.12/site-packages/airflow/example_dags/tutorial_dag.py for tasks to queue
[2024-10-30T18:48:02.288+0000] {logging_mixin.py:188} INFO - [2024-10-30T18:48:02.287+0000] {dagbag.py:545} INFO - Filling up the DagBag from /home/airflow/.local/lib/python3.12/site-packages/airflow/example_dags/tutorial_dag.py
[2024-10-30T18:48:02.400+0000] {processor.py:840} INFO - DAG(s) 'tutorial_dag' retrieved from /home/airflow/.local/lib/python3.12/site-packages/airflow/example_dags/tutorial_dag.py
[2024-10-30T18:48:02.810+0000] {logging_mixin.py:188} INFO - [2024-10-30T18:48:02.809+0000] {dag.py:3089} INFO - Sync 1 DAGs
[2024-10-30T18:48:02.982+0000] {logging_mixin.py:188} INFO - [2024-10-30T18:48:02.981+0000] {dag.py:3947} INFO - Setting next_dagrun for tutorial_dag to None, run_after=None
[2024-10-30T18:48:03.171+0000] {processor.py:183} INFO - Processing /home/airflow/.local/lib/python3.12/site-packages/airflow/example_dags/tutorial_dag.py took 1.045 seconds
[2024-10-30T18:48:34.473+0000] {processor.py:161} INFO - Started process (PID=2405) to work on /home/airflow/.local/lib/python3.12/site-packages/airflow/example_dags/tutorial_dag.py
[2024-10-30T18:48:34.479+0000] {processor.py:830} INFO - Processing file /home/airflow/.local/lib/python3.12/site-packages/airflow/example_dags/tutorial_dag.py for tasks to queue
[2024-10-30T18:48:34.486+0000] {logging_mixin.py:188} INFO - [2024-10-30T18:48:34.483+0000] {dagbag.py:545} INFO - Filling up the DagBag from /home/airflow/.local/lib/python3.12/site-packages/airflow/example_dags/tutorial_dag.py
[2024-10-30T18:48:34.506+0000] {processor.py:840} INFO - DAG(s) 'tutorial_dag' retrieved from /home/airflow/.local/lib/python3.12/site-packages/airflow/example_dags/tutorial_dag.py
[2024-10-30T18:48:34.615+0000] {logging_mixin.py:188} INFO - [2024-10-30T18:48:34.614+0000] {dag.py:3089} INFO - Sync 1 DAGs
[2024-10-30T18:48:34.663+0000] {logging_mixin.py:188} INFO - [2024-10-30T18:48:34.663+0000] {dag.py:3947} INFO - Setting next_dagrun for tutorial_dag to None, run_after=None
[2024-10-30T18:48:34.731+0000] {processor.py:183} INFO - Processing /home/airflow/.local/lib/python3.12/site-packages/airflow/example_dags/tutorial_dag.py took 0.313 seconds
