[2024-11-04T08:28:38.653+0000] {local_task_job_runner.py:120} INFO - ::group::Pre task execution logs
[2024-11-04T08:28:38.945+0000] {taskinstance.py:2076} INFO - Dependencies all met for dep_context=non-requeueable deps ti=<TaskInstance: Loan_Request_Report.Extract manual__2024-11-04T08:28:20.804336+00:00 [queued]>
[2024-11-04T08:28:38.979+0000] {taskinstance.py:2076} INFO - Dependencies all met for dep_context=requeueable deps ti=<TaskInstance: Loan_Request_Report.Extract manual__2024-11-04T08:28:20.804336+00:00 [queued]>
[2024-11-04T08:28:38.981+0000] {taskinstance.py:2306} INFO - Starting attempt 1 of 1
[2024-11-04T08:28:39.050+0000] {taskinstance.py:2330} INFO - Executing <Task(PythonOperator): Extract> on 2024-11-04 08:28:20.804336+00:00
[2024-11-04T08:28:39.080+0000] {warnings.py:112} WARNING - /home/***/.local/lib/python3.12/site-packages/***/task/task_runner/standard_task_runner.py:62: DeprecationWarning: This process (pid=230) is multi-threaded, use of fork() may lead to deadlocks in the child.
  pid = os.fork()

[2024-11-04T08:28:39.085+0000] {standard_task_runner.py:64} INFO - Started process 232 to run task
[2024-11-04T08:28:39.100+0000] {standard_task_runner.py:90} INFO - Running: ['***', 'tasks', 'run', 'Loan_Request_Report', 'Extract', 'manual__2024-11-04T08:28:20.804336+00:00', '--job-id', '13', '--raw', '--subdir', 'DAGS_FOLDER/dagLoanRequest.py', '--cfg-path', '/tmp/tmpqyno2kol']
[2024-11-04T08:28:39.102+0000] {standard_task_runner.py:91} INFO - Job 13: Subtask Extract
[2024-11-04T08:28:39.307+0000] {task_command.py:426} INFO - Running <TaskInstance: Loan_Request_Report.Extract manual__2024-11-04T08:28:20.804336+00:00 [running]> on host f4ed2a87aeca
[2024-11-04T08:28:39.821+0000] {taskinstance.py:2648} INFO - Exporting env vars: AIRFLOW_CTX_DAG_OWNER='***' AIRFLOW_CTX_DAG_ID='Loan_Request_Report' AIRFLOW_CTX_TASK_ID='Extract' AIRFLOW_CTX_EXECUTION_DATE='2024-11-04T08:28:20.804336+00:00' AIRFLOW_CTX_TRY_NUMBER='1' AIRFLOW_CTX_DAG_RUN_ID='manual__2024-11-04T08:28:20.804336+00:00'
[2024-11-04T08:28:39.823+0000] {taskinstance.py:430} INFO - ::endgroup::
[2024-11-04T08:28:52.885+0000] {hive.py:475} INFO - USE `m2t`
[2024-11-04T08:29:51.186+0000] {warnings.py:112} WARNING - /opt/***/dags/etlProcess.py:136: UserWarning: pandas only supports SQLAlchemy connectable (engine/connection) or database string URI or sqlite3 DBAPI2 connection. Other DBAPI2 objects are not tested. Please consider using SQLAlchemy.
  df = pd.read_sql(query1, conn)

[2024-11-04T08:29:51.190+0000] {hive.py:475} INFO - 
        SELECT
            cl.id as id1,
            lr.id as id2,
            cl.phone_number AS N_GSM,
            cl.first_name  AS NOM,
            cl.last_name AS PRENOM,
            cl.age as age,
            cl.city_label as city,
            cl.gender as gender,
            lr.code_ls AS CODE_DOSSIER,
            lr.requested_amount AS MONTANT_DEMANDE,
            lr.awarded_amount AS MONTANT_ACCORDE,
            lr.created_date AS DATE_DEMANDE_CREDIT,
            SPLIT(lr.created_date, ' ')[1] AS HEURE_DEMANDE_CREDIT,
            lr.status AS STATUT_DOSSIER,
            lr.rejection_reason as rejection_reason,
            lr.requested_deadlines as NOMBRE_ECHEANCE,
            deadlines.deadline1 AS DATE_ECHEANCE1,
            deadlines.deadline2 AS DATE_ECHEANCE2,
            deadlines.deadline3 AS DATE_ECHEANCE3,
            deadlines.deadline4 AS DATE_ECHEANCE4,
            lr.fees AS FREE_DE_SERVICE,
            lr.rate AS TAUX_D_INTERET,
            CASE
                WHEN lr.code_es = '123456' THEN '012006'
                ELSE lr.code_es
            END AS CODE_AGENCE
        FROM clients cl
        LEFT JOIN loan_request lr ON cl.id = lr.fk_client
        LEFT JOIN (
            SELECT 
                fk_loan_request AS loan_request_id, 
                MAX(CASE WHEN deadline_row = 1 THEN deadline END) AS deadline1,
                MAX(CASE WHEN deadline_row = 2 THEN deadline END) AS deadline2,
                MAX(CASE WHEN deadline_row = 3 THEN deadline END) AS deadline3,
                MAX(CASE WHEN deadline_row = 4 THEN deadline END) AS deadline4
            FROM (
                SELECT 
                    fk_loan_request, 
                    deadline, 
                    ROW_NUMBER() OVER (PARTITION BY fk_loan_request ORDER BY deadline) AS deadline_row
                FROM payment_deadline
            ) deadline_subquery
            GROUP BY fk_loan_request
        ) AS deadlines ON lr.id = deadlines.loan_request_id
        WHERE lr.produit = 'TAYSSIR' AND date(lr.created_date) >= '2024-10-05'
        ORDER BY DATE_DEMANDE_CREDIT DESC
    
[2024-11-04T08:33:39.936+0000] {local_task_job_runner.py:313} WARNING - State of this instance has been externally set to None. Terminating instance.
[2024-11-04T08:33:39.971+0000] {local_task_job_runner.py:222} INFO - ::endgroup::
[2024-11-04T08:33:40.031+0000] {process_utils.py:132} INFO - Sending 15 to group 232. PIDs of all processes in the group: [232]
[2024-11-04T08:33:40.033+0000] {process_utils.py:87} INFO - Sending the signal 15 to group 232
[2024-11-04T08:33:40.036+0000] {taskinstance.py:2611} ERROR - Received SIGTERM. Terminating subprocesses.
[2024-11-04T08:33:40.044+0000] {taskinstance.py:441} INFO - ::group::Post task execution logs
[2024-11-04T08:33:40.228+0000] {taskinstance.py:2905} ERROR - Task failed with exception
Traceback (most recent call last):
  File "/home/airflow/.local/lib/python3.12/site-packages/airflow/models/taskinstance.py", line 465, in _execute_task
    result = _execute_callable(context=context, **execute_callable_kwargs)
             ^^^^^^^^^^^^^^^^^^^^^^^^^^^^^^^^^^^^^^^^^^^^^^^^^^^^^^^^^^^^^
  File "/home/airflow/.local/lib/python3.12/site-packages/airflow/models/taskinstance.py", line 432, in _execute_callable
    return execute_callable(context=context, **execute_callable_kwargs)
           ^^^^^^^^^^^^^^^^^^^^^^^^^^^^^^^^^^^^^^^^^^^^^^^^^^^^^^^^^^^^
  File "/home/airflow/.local/lib/python3.12/site-packages/airflow/models/baseoperator.py", line 401, in wrapper
    return func(self, *args, **kwargs)
           ^^^^^^^^^^^^^^^^^^^^^^^^^^^
  File "/home/airflow/.local/lib/python3.12/site-packages/airflow/operators/python.py", line 235, in execute
    return_value = self.execute_callable()
                   ^^^^^^^^^^^^^^^^^^^^^^^
  File "/home/airflow/.local/lib/python3.12/site-packages/airflow/operators/python.py", line 252, in execute_callable
    return self.python_callable(*self.op_args, **self.op_kwargs)
           ^^^^^^^^^^^^^^^^^^^^^^^^^^^^^^^^^^^^^^^^^^^^^^^^^^^^^
  File "/opt/airflow/dags/dagLoanRequest.py", line 31, in extract_task
    merged_df, original_df = extract_data_from_hive(kwargs['required_date'])
                             ^^^^^^^^^^^^^^^^^^^^^^^^^^^^^^^^^^^^^^^^^^^^^^^
  File "/opt/airflow/dags/etlProcess.py", line 136, in extract_data_from_hive
    df = pd.read_sql(query1, conn)
       ^^^^^^^^^^^^^^^^^^^^^^^^^
  File "/home/airflow/.local/lib/python3.12/site-packages/pandas/io/sql.py", line 654, in read_sql
    return pandas_sql.read_query(
           ^^^^^^^^^^^^^^^^^^^^^^
  File "/home/airflow/.local/lib/python3.12/site-packages/pandas/io/sql.py", line 2326, in read_query
    cursor = self.execute(sql, params)
             ^^^^^^^^^^^^^^^^^^^^^^^^^
  File "/home/airflow/.local/lib/python3.12/site-packages/pandas/io/sql.py", line 2262, in execute
    cur.execute(sql, *args)
  File "/home/airflow/.local/lib/python3.12/site-packages/pyhive/hive.py", line 480, in execute
    response = self._connection.client.ExecuteStatement(req)
               ^^^^^^^^^^^^^^^^^^^^^^^^^^^^^^^^^^^^^^^^^^^^^
  File "/home/airflow/.local/lib/python3.12/site-packages/TCLIService/TCLIService.py", line 280, in ExecuteStatement
    return self.recv_ExecuteStatement()
           ^^^^^^^^^^^^^^^^^^^^^^^^^^^^
  File "/home/airflow/.local/lib/python3.12/site-packages/TCLIService/TCLIService.py", line 292, in recv_ExecuteStatement
    (fname, mtype, rseqid) = iprot.readMessageBegin()
                             ^^^^^^^^^^^^^^^^^^^^^^^^
  File "/home/airflow/.local/lib/python3.12/site-packages/thrift/protocol/TBinaryProtocol.py", line 135, in readMessageBegin
    sz = self.readI32()
         ^^^^^^^^^^^^^^
  File "/home/airflow/.local/lib/python3.12/site-packages/thrift/protocol/TBinaryProtocol.py", line 218, in readI32
    buff = self.trans.readAll(4)
           ^^^^^^^^^^^^^^^^^^^^^
  File "/home/airflow/.local/lib/python3.12/site-packages/thrift/transport/TTransport.py", line 62, in readAll
    chunk = self.read(sz - have)
            ^^^^^^^^^^^^^^^^^^^^
  File "/home/airflow/.local/lib/python3.12/site-packages/thrift_sasl/__init__.py", line 173, in read
    self._read_frame()
  File "/home/airflow/.local/lib/python3.12/site-packages/thrift_sasl/__init__.py", line 177, in _read_frame
    header = self._trans_read_all(4)
             ^^^^^^^^^^^^^^^^^^^^^^^
  File "/home/airflow/.local/lib/python3.12/site-packages/thrift_sasl/__init__.py", line 210, in _trans_read_all
    return read_all(sz)
           ^^^^^^^^^^^^
  File "/home/airflow/.local/lib/python3.12/site-packages/thrift/transport/TTransport.py", line 62, in readAll
    chunk = self.read(sz - have)
            ^^^^^^^^^^^^^^^^^^^^
  File "/home/airflow/.local/lib/python3.12/site-packages/thrift/transport/TSocket.py", line 157, in read
    buff = self.handle.recv(sz)
           ^^^^^^^^^^^^^^^^^^^^
  File "/home/airflow/.local/lib/python3.12/site-packages/airflow/models/taskinstance.py", line 2613, in signal_handler
    raise AirflowTaskTerminated("Task received SIGTERM signal")
airflow.exceptions.AirflowTaskTerminated: Task received SIGTERM signal
[2024-11-04T08:33:40.672+0000] {taskinstance.py:1206} INFO - Marking task as FAILED. dag_id=Loan_Request_Report, task_id=Extract, run_id=manual__2024-11-04T08:28:20.804336+00:00, execution_date=20241104T082820, start_date=20241104T082838, end_date=20241104T083340
[2024-11-04T08:33:40.873+0000] {standard_task_runner.py:110} ERROR - Failed to execute job 13 for task Extract ((psycopg2.errors.ForeignKeyViolation) insert or update on table "task_fail" violates foreign key constraint "task_fail_ti_fkey"
DETAIL:  Key (dag_id, task_id, run_id, map_index)=(Loan_Request_Report, Extract, manual__2024-11-04T08:28:20.804336+00:00, -1) is not present in table "task_instance".

[SQL: INSERT INTO task_fail (task_id, dag_id, run_id, map_index, start_date, end_date, duration) VALUES (%(task_id)s, %(dag_id)s, %(run_id)s, %(map_index)s, %(start_date)s, %(end_date)s, %(duration)s) RETURNING task_fail.id]
[parameters: {'task_id': 'Extract', 'dag_id': 'Loan_Request_Report', 'run_id': 'manual__2024-11-04T08:28:20.804336+00:00', 'map_index': -1, 'start_date': datetime.datetime(2024, 11, 4, 8, 28, 38, 946317, tzinfo=Timezone('UTC')), 'end_date': datetime.datetime(2024, 11, 4, 8, 33, 40, 652840, tzinfo=Timezone('UTC')), 'duration': 301}]
(Background on this error at: https://sqlalche.me/e/14/gkpj); 232)
[2024-11-04T08:33:40.980+0000] {process_utils.py:80} INFO - Process psutil.Process(pid=232, status='terminated', exitcode=1, started='08:28:38') (232) terminated with exit code 1
