[2024-08-10T12:21:18.694+0000] {processor.py:161} INFO - Started process (PID=14237) to work on /home/airflow/.local/lib/python3.12/site-packages/airflow/example_dags/example_latest_only.py
[2024-08-10T12:21:18.695+0000] {processor.py:830} INFO - Processing file /home/airflow/.local/lib/python3.12/site-packages/airflow/example_dags/example_latest_only.py for tasks to queue
[2024-08-10T12:21:18.707+0000] {logging_mixin.py:188} INFO - [2024-08-10T12:21:18.707+0000] {dagbag.py:545} INFO - Filling up the DagBag from /home/airflow/.local/lib/python3.12/site-packages/airflow/example_dags/example_latest_only.py
[2024-08-10T12:21:18.740+0000] {processor.py:840} INFO - DAG(s) 'latest_only' retrieved from /home/airflow/.local/lib/python3.12/site-packages/airflow/example_dags/example_latest_only.py
[2024-08-10T12:21:18.860+0000] {logging_mixin.py:188} INFO - [2024-08-10T12:21:18.860+0000] {dag.py:3089} INFO - Sync 1 DAGs
[2024-08-10T12:21:19.037+0000] {logging_mixin.py:188} INFO - [2024-08-10T12:21:19.037+0000] {dag.py:3947} INFO - Setting next_dagrun for latest_only to 2024-08-10 08:00:00+00:00, run_after=2024-08-10 12:00:00+00:00
[2024-08-10T12:21:19.181+0000] {processor.py:183} INFO - Processing /home/airflow/.local/lib/python3.12/site-packages/airflow/example_dags/example_latest_only.py took 0.522 seconds
[2024-08-10T12:21:49.612+0000] {processor.py:161} INFO - Started process (PID=14293) to work on /home/airflow/.local/lib/python3.12/site-packages/airflow/example_dags/example_latest_only.py
[2024-08-10T12:21:49.614+0000] {processor.py:830} INFO - Processing file /home/airflow/.local/lib/python3.12/site-packages/airflow/example_dags/example_latest_only.py for tasks to queue
[2024-08-10T12:21:49.615+0000] {logging_mixin.py:188} INFO - [2024-08-10T12:21:49.615+0000] {dagbag.py:545} INFO - Filling up the DagBag from /home/airflow/.local/lib/python3.12/site-packages/airflow/example_dags/example_latest_only.py
[2024-08-10T12:21:49.626+0000] {processor.py:840} INFO - DAG(s) 'latest_only' retrieved from /home/airflow/.local/lib/python3.12/site-packages/airflow/example_dags/example_latest_only.py
[2024-08-10T12:21:49.667+0000] {logging_mixin.py:188} INFO - [2024-08-10T12:21:49.667+0000] {dag.py:3089} INFO - Sync 1 DAGs
[2024-08-10T12:21:49.713+0000] {logging_mixin.py:188} INFO - [2024-08-10T12:21:49.712+0000] {dag.py:3947} INFO - Setting next_dagrun for latest_only to 2024-08-10 08:00:00+00:00, run_after=2024-08-10 12:00:00+00:00
[2024-08-10T12:21:49.755+0000] {processor.py:183} INFO - Processing /home/airflow/.local/lib/python3.12/site-packages/airflow/example_dags/example_latest_only.py took 0.156 seconds
[2024-08-10T12:22:20.232+0000] {processor.py:161} INFO - Started process (PID=14351) to work on /home/airflow/.local/lib/python3.12/site-packages/airflow/example_dags/example_latest_only.py
[2024-08-10T12:22:20.243+0000] {processor.py:830} INFO - Processing file /home/airflow/.local/lib/python3.12/site-packages/airflow/example_dags/example_latest_only.py for tasks to queue
[2024-08-10T12:22:20.245+0000] {logging_mixin.py:188} INFO - [2024-08-10T12:22:20.244+0000] {dagbag.py:545} INFO - Filling up the DagBag from /home/airflow/.local/lib/python3.12/site-packages/airflow/example_dags/example_latest_only.py
[2024-08-10T12:22:20.281+0000] {processor.py:840} INFO - DAG(s) 'latest_only' retrieved from /home/airflow/.local/lib/python3.12/site-packages/airflow/example_dags/example_latest_only.py
[2024-08-10T12:22:20.316+0000] {logging_mixin.py:188} INFO - [2024-08-10T12:22:20.316+0000] {dag.py:3089} INFO - Sync 1 DAGs
[2024-08-10T12:22:20.352+0000] {logging_mixin.py:188} INFO - [2024-08-10T12:22:20.352+0000] {dag.py:3947} INFO - Setting next_dagrun for latest_only to 2024-08-10 08:00:00+00:00, run_after=2024-08-10 12:00:00+00:00
[2024-08-10T12:22:20.505+0000] {processor.py:183} INFO - Processing /home/airflow/.local/lib/python3.12/site-packages/airflow/example_dags/example_latest_only.py took 0.280 seconds
[2024-08-10T12:22:51.446+0000] {processor.py:161} INFO - Started process (PID=14409) to work on /home/airflow/.local/lib/python3.12/site-packages/airflow/example_dags/example_latest_only.py
[2024-08-10T12:22:51.448+0000] {processor.py:830} INFO - Processing file /home/airflow/.local/lib/python3.12/site-packages/airflow/example_dags/example_latest_only.py for tasks to queue
[2024-08-10T12:22:51.450+0000] {logging_mixin.py:188} INFO - [2024-08-10T12:22:51.449+0000] {dagbag.py:545} INFO - Filling up the DagBag from /home/airflow/.local/lib/python3.12/site-packages/airflow/example_dags/example_latest_only.py
[2024-08-10T12:22:51.465+0000] {processor.py:840} INFO - DAG(s) 'latest_only' retrieved from /home/airflow/.local/lib/python3.12/site-packages/airflow/example_dags/example_latest_only.py
[2024-08-10T12:22:51.509+0000] {logging_mixin.py:188} INFO - [2024-08-10T12:22:51.508+0000] {dag.py:3089} INFO - Sync 1 DAGs
[2024-08-10T12:22:51.551+0000] {logging_mixin.py:188} INFO - [2024-08-10T12:22:51.550+0000] {dag.py:3947} INFO - Setting next_dagrun for latest_only to 2024-08-10 08:00:00+00:00, run_after=2024-08-10 12:00:00+00:00
[2024-08-10T12:22:51.594+0000] {processor.py:183} INFO - Processing /home/airflow/.local/lib/python3.12/site-packages/airflow/example_dags/example_latest_only.py took 0.157 seconds
[2024-08-10T12:23:25.152+0000] {processor.py:161} INFO - Started process (PID=14467) to work on /home/airflow/.local/lib/python3.12/site-packages/airflow/example_dags/example_latest_only.py
[2024-08-10T12:23:25.160+0000] {processor.py:830} INFO - Processing file /home/airflow/.local/lib/python3.12/site-packages/airflow/example_dags/example_latest_only.py for tasks to queue
[2024-08-10T12:23:25.166+0000] {logging_mixin.py:188} INFO - [2024-08-10T12:23:25.165+0000] {dagbag.py:545} INFO - Filling up the DagBag from /home/airflow/.local/lib/python3.12/site-packages/airflow/example_dags/example_latest_only.py
[2024-08-10T12:23:25.179+0000] {processor.py:840} INFO - DAG(s) 'latest_only' retrieved from /home/airflow/.local/lib/python3.12/site-packages/airflow/example_dags/example_latest_only.py
[2024-08-10T12:23:25.241+0000] {logging_mixin.py:188} INFO - [2024-08-10T12:23:25.240+0000] {dag.py:3089} INFO - Sync 1 DAGs
[2024-08-10T12:23:25.299+0000] {logging_mixin.py:188} INFO - [2024-08-10T12:23:25.298+0000] {dag.py:3947} INFO - Setting next_dagrun for latest_only to 2024-08-10 08:00:00+00:00, run_after=2024-08-10 12:00:00+00:00
[2024-08-10T12:23:25.386+0000] {processor.py:183} INFO - Processing /home/airflow/.local/lib/python3.12/site-packages/airflow/example_dags/example_latest_only.py took 0.244 seconds
[2024-08-10T12:23:55.878+0000] {processor.py:161} INFO - Started process (PID=14525) to work on /home/airflow/.local/lib/python3.12/site-packages/airflow/example_dags/example_latest_only.py
[2024-08-10T12:23:55.882+0000] {processor.py:830} INFO - Processing file /home/airflow/.local/lib/python3.12/site-packages/airflow/example_dags/example_latest_only.py for tasks to queue
[2024-08-10T12:23:55.885+0000] {logging_mixin.py:188} INFO - [2024-08-10T12:23:55.884+0000] {dagbag.py:545} INFO - Filling up the DagBag from /home/airflow/.local/lib/python3.12/site-packages/airflow/example_dags/example_latest_only.py
[2024-08-10T12:23:55.906+0000] {processor.py:840} INFO - DAG(s) 'latest_only' retrieved from /home/airflow/.local/lib/python3.12/site-packages/airflow/example_dags/example_latest_only.py
[2024-08-10T12:23:55.954+0000] {logging_mixin.py:188} INFO - [2024-08-10T12:23:55.953+0000] {dag.py:3089} INFO - Sync 1 DAGs
[2024-08-10T12:23:56.005+0000] {logging_mixin.py:188} INFO - [2024-08-10T12:23:56.005+0000] {dag.py:3947} INFO - Setting next_dagrun for latest_only to 2024-08-10 08:00:00+00:00, run_after=2024-08-10 12:00:00+00:00
[2024-08-10T12:23:56.063+0000] {processor.py:183} INFO - Processing /home/airflow/.local/lib/python3.12/site-packages/airflow/example_dags/example_latest_only.py took 0.201 seconds
[2024-08-10T12:24:26.193+0000] {processor.py:161} INFO - Started process (PID=14580) to work on /home/airflow/.local/lib/python3.12/site-packages/airflow/example_dags/example_latest_only.py
[2024-08-10T12:24:26.203+0000] {processor.py:830} INFO - Processing file /home/airflow/.local/lib/python3.12/site-packages/airflow/example_dags/example_latest_only.py for tasks to queue
[2024-08-10T12:24:26.205+0000] {logging_mixin.py:188} INFO - [2024-08-10T12:24:26.205+0000] {dagbag.py:545} INFO - Filling up the DagBag from /home/airflow/.local/lib/python3.12/site-packages/airflow/example_dags/example_latest_only.py
[2024-08-10T12:24:26.219+0000] {processor.py:840} INFO - DAG(s) 'latest_only' retrieved from /home/airflow/.local/lib/python3.12/site-packages/airflow/example_dags/example_latest_only.py
[2024-08-10T12:24:26.257+0000] {logging_mixin.py:188} INFO - [2024-08-10T12:24:26.256+0000] {dag.py:3089} INFO - Sync 1 DAGs
[2024-08-10T12:24:26.307+0000] {logging_mixin.py:188} INFO - [2024-08-10T12:24:26.306+0000] {dag.py:3947} INFO - Setting next_dagrun for latest_only to 2024-08-10 08:00:00+00:00, run_after=2024-08-10 12:00:00+00:00
[2024-08-10T12:24:26.396+0000] {processor.py:183} INFO - Processing /home/airflow/.local/lib/python3.12/site-packages/airflow/example_dags/example_latest_only.py took 0.217 seconds
[2024-08-10T12:24:57.012+0000] {processor.py:161} INFO - Started process (PID=14638) to work on /home/airflow/.local/lib/python3.12/site-packages/airflow/example_dags/example_latest_only.py
[2024-08-10T12:24:57.022+0000] {processor.py:830} INFO - Processing file /home/airflow/.local/lib/python3.12/site-packages/airflow/example_dags/example_latest_only.py for tasks to queue
[2024-08-10T12:24:57.024+0000] {logging_mixin.py:188} INFO - [2024-08-10T12:24:57.023+0000] {dagbag.py:545} INFO - Filling up the DagBag from /home/airflow/.local/lib/python3.12/site-packages/airflow/example_dags/example_latest_only.py
[2024-08-10T12:24:57.052+0000] {processor.py:840} INFO - DAG(s) 'latest_only' retrieved from /home/airflow/.local/lib/python3.12/site-packages/airflow/example_dags/example_latest_only.py
[2024-08-10T12:24:57.097+0000] {logging_mixin.py:188} INFO - [2024-08-10T12:24:57.097+0000] {dag.py:3089} INFO - Sync 1 DAGs
[2024-08-10T12:24:57.141+0000] {logging_mixin.py:188} INFO - [2024-08-10T12:24:57.140+0000] {dag.py:3947} INFO - Setting next_dagrun for latest_only to 2024-08-10 08:00:00+00:00, run_after=2024-08-10 12:00:00+00:00
[2024-08-10T12:24:57.308+0000] {processor.py:183} INFO - Processing /home/airflow/.local/lib/python3.12/site-packages/airflow/example_dags/example_latest_only.py took 0.311 seconds
[2024-08-10T12:25:27.562+0000] {processor.py:161} INFO - Started process (PID=14696) to work on /home/airflow/.local/lib/python3.12/site-packages/airflow/example_dags/example_latest_only.py
[2024-08-10T12:25:27.565+0000] {processor.py:830} INFO - Processing file /home/airflow/.local/lib/python3.12/site-packages/airflow/example_dags/example_latest_only.py for tasks to queue
[2024-08-10T12:25:27.567+0000] {logging_mixin.py:188} INFO - [2024-08-10T12:25:27.567+0000] {dagbag.py:545} INFO - Filling up the DagBag from /home/airflow/.local/lib/python3.12/site-packages/airflow/example_dags/example_latest_only.py
[2024-08-10T12:25:27.583+0000] {processor.py:840} INFO - DAG(s) 'latest_only' retrieved from /home/airflow/.local/lib/python3.12/site-packages/airflow/example_dags/example_latest_only.py
[2024-08-10T12:25:27.625+0000] {logging_mixin.py:188} INFO - [2024-08-10T12:25:27.623+0000] {dag.py:3089} INFO - Sync 1 DAGs
[2024-08-10T12:25:27.686+0000] {logging_mixin.py:188} INFO - [2024-08-10T12:25:27.686+0000] {dag.py:3947} INFO - Setting next_dagrun for latest_only to 2024-08-10 08:00:00+00:00, run_after=2024-08-10 12:00:00+00:00
[2024-08-10T12:25:27.742+0000] {processor.py:183} INFO - Processing /home/airflow/.local/lib/python3.12/site-packages/airflow/example_dags/example_latest_only.py took 0.194 seconds
[2024-08-10T12:26:45.767+0000] {processor.py:161} INFO - Started process (PID=14754) to work on /home/airflow/.local/lib/python3.12/site-packages/airflow/example_dags/example_latest_only.py
[2024-08-10T12:26:45.770+0000] {processor.py:830} INFO - Processing file /home/airflow/.local/lib/python3.12/site-packages/airflow/example_dags/example_latest_only.py for tasks to queue
[2024-08-10T12:26:45.771+0000] {logging_mixin.py:188} INFO - [2024-08-10T12:26:45.771+0000] {dagbag.py:545} INFO - Filling up the DagBag from /home/airflow/.local/lib/python3.12/site-packages/airflow/example_dags/example_latest_only.py
[2024-08-10T12:26:45.791+0000] {processor.py:840} INFO - DAG(s) 'latest_only' retrieved from /home/airflow/.local/lib/python3.12/site-packages/airflow/example_dags/example_latest_only.py
[2024-08-10T12:26:45.878+0000] {logging_mixin.py:188} INFO - [2024-08-10T12:26:45.878+0000] {dag.py:3089} INFO - Sync 1 DAGs
[2024-08-10T12:26:45.965+0000] {logging_mixin.py:188} INFO - [2024-08-10T12:26:45.965+0000] {dag.py:3947} INFO - Setting next_dagrun for latest_only to 2024-08-10 08:00:00+00:00, run_after=2024-08-10 12:00:00+00:00
[2024-08-10T12:26:46.024+0000] {processor.py:183} INFO - Processing /home/airflow/.local/lib/python3.12/site-packages/airflow/example_dags/example_latest_only.py took 0.290 seconds
[2024-08-10T12:27:17.178+0000] {processor.py:161} INFO - Started process (PID=14812) to work on /home/airflow/.local/lib/python3.12/site-packages/airflow/example_dags/example_latest_only.py
[2024-08-10T12:27:17.193+0000] {processor.py:830} INFO - Processing file /home/airflow/.local/lib/python3.12/site-packages/airflow/example_dags/example_latest_only.py for tasks to queue
[2024-08-10T12:27:17.194+0000] {logging_mixin.py:188} INFO - [2024-08-10T12:27:17.194+0000] {dagbag.py:545} INFO - Filling up the DagBag from /home/airflow/.local/lib/python3.12/site-packages/airflow/example_dags/example_latest_only.py
[2024-08-10T12:27:17.239+0000] {processor.py:840} INFO - DAG(s) 'latest_only' retrieved from /home/airflow/.local/lib/python3.12/site-packages/airflow/example_dags/example_latest_only.py
[2024-08-10T12:27:17.345+0000] {logging_mixin.py:188} INFO - [2024-08-10T12:27:17.344+0000] {dag.py:3089} INFO - Sync 1 DAGs
[2024-08-10T12:27:17.483+0000] {logging_mixin.py:188} INFO - [2024-08-10T12:27:17.482+0000] {dag.py:3947} INFO - Setting next_dagrun for latest_only to 2024-08-10 08:00:00+00:00, run_after=2024-08-10 12:00:00+00:00
[2024-08-10T12:27:17.606+0000] {processor.py:183} INFO - Processing /home/airflow/.local/lib/python3.12/site-packages/airflow/example_dags/example_latest_only.py took 0.465 seconds
[2024-08-10T12:27:48.418+0000] {processor.py:161} INFO - Started process (PID=14870) to work on /home/airflow/.local/lib/python3.12/site-packages/airflow/example_dags/example_latest_only.py
[2024-08-10T12:27:48.421+0000] {processor.py:830} INFO - Processing file /home/airflow/.local/lib/python3.12/site-packages/airflow/example_dags/example_latest_only.py for tasks to queue
[2024-08-10T12:27:48.422+0000] {logging_mixin.py:188} INFO - [2024-08-10T12:27:48.421+0000] {dagbag.py:545} INFO - Filling up the DagBag from /home/airflow/.local/lib/python3.12/site-packages/airflow/example_dags/example_latest_only.py
[2024-08-10T12:27:48.430+0000] {processor.py:840} INFO - DAG(s) 'latest_only' retrieved from /home/airflow/.local/lib/python3.12/site-packages/airflow/example_dags/example_latest_only.py
[2024-08-10T12:27:48.464+0000] {logging_mixin.py:188} INFO - [2024-08-10T12:27:48.464+0000] {dag.py:3089} INFO - Sync 1 DAGs
[2024-08-10T12:27:48.505+0000] {logging_mixin.py:188} INFO - [2024-08-10T12:27:48.505+0000] {dag.py:3947} INFO - Setting next_dagrun for latest_only to 2024-08-10 08:00:00+00:00, run_after=2024-08-10 12:00:00+00:00
[2024-08-10T12:27:48.543+0000] {processor.py:183} INFO - Processing /home/airflow/.local/lib/python3.12/site-packages/airflow/example_dags/example_latest_only.py took 0.138 seconds
[2024-08-10T12:28:19.234+0000] {processor.py:161} INFO - Started process (PID=14927) to work on /home/airflow/.local/lib/python3.12/site-packages/airflow/example_dags/example_latest_only.py
[2024-08-10T12:28:19.236+0000] {processor.py:830} INFO - Processing file /home/airflow/.local/lib/python3.12/site-packages/airflow/example_dags/example_latest_only.py for tasks to queue
[2024-08-10T12:28:19.248+0000] {logging_mixin.py:188} INFO - [2024-08-10T12:28:19.247+0000] {dagbag.py:545} INFO - Filling up the DagBag from /home/airflow/.local/lib/python3.12/site-packages/airflow/example_dags/example_latest_only.py
[2024-08-10T12:28:19.268+0000] {processor.py:840} INFO - DAG(s) 'latest_only' retrieved from /home/airflow/.local/lib/python3.12/site-packages/airflow/example_dags/example_latest_only.py
[2024-08-10T12:28:19.362+0000] {logging_mixin.py:188} INFO - [2024-08-10T12:28:19.361+0000] {dag.py:3089} INFO - Sync 1 DAGs
[2024-08-10T12:28:19.511+0000] {logging_mixin.py:188} INFO - [2024-08-10T12:28:19.510+0000] {dag.py:3947} INFO - Setting next_dagrun for latest_only to 2024-08-10 08:00:00+00:00, run_after=2024-08-10 12:00:00+00:00
[2024-08-10T12:28:19.640+0000] {processor.py:183} INFO - Processing /home/airflow/.local/lib/python3.12/site-packages/airflow/example_dags/example_latest_only.py took 0.438 seconds
[2024-08-10T12:28:51.361+0000] {processor.py:161} INFO - Started process (PID=14985) to work on /home/airflow/.local/lib/python3.12/site-packages/airflow/example_dags/example_latest_only.py
[2024-08-10T12:28:51.381+0000] {processor.py:830} INFO - Processing file /home/airflow/.local/lib/python3.12/site-packages/airflow/example_dags/example_latest_only.py for tasks to queue
[2024-08-10T12:28:51.382+0000] {logging_mixin.py:188} INFO - [2024-08-10T12:28:51.382+0000] {dagbag.py:545} INFO - Filling up the DagBag from /home/airflow/.local/lib/python3.12/site-packages/airflow/example_dags/example_latest_only.py
[2024-08-10T12:28:51.425+0000] {processor.py:840} INFO - DAG(s) 'latest_only' retrieved from /home/airflow/.local/lib/python3.12/site-packages/airflow/example_dags/example_latest_only.py
[2024-08-10T12:28:51.524+0000] {logging_mixin.py:188} INFO - [2024-08-10T12:28:51.523+0000] {dag.py:3089} INFO - Sync 1 DAGs
[2024-08-10T12:28:51.669+0000] {logging_mixin.py:188} INFO - [2024-08-10T12:28:51.669+0000] {dag.py:3947} INFO - Setting next_dagrun for latest_only to 2024-08-10 08:00:00+00:00, run_after=2024-08-10 12:00:00+00:00
[2024-08-10T12:28:51.770+0000] {processor.py:183} INFO - Processing /home/airflow/.local/lib/python3.12/site-packages/airflow/example_dags/example_latest_only.py took 0.455 seconds
[2024-08-10T12:29:22.536+0000] {processor.py:161} INFO - Started process (PID=15043) to work on /home/airflow/.local/lib/python3.12/site-packages/airflow/example_dags/example_latest_only.py
[2024-08-10T12:29:22.548+0000] {processor.py:830} INFO - Processing file /home/airflow/.local/lib/python3.12/site-packages/airflow/example_dags/example_latest_only.py for tasks to queue
[2024-08-10T12:29:22.550+0000] {logging_mixin.py:188} INFO - [2024-08-10T12:29:22.549+0000] {dagbag.py:545} INFO - Filling up the DagBag from /home/airflow/.local/lib/python3.12/site-packages/airflow/example_dags/example_latest_only.py
[2024-08-10T12:29:22.593+0000] {processor.py:840} INFO - DAG(s) 'latest_only' retrieved from /home/airflow/.local/lib/python3.12/site-packages/airflow/example_dags/example_latest_only.py
[2024-08-10T12:29:22.682+0000] {logging_mixin.py:188} INFO - [2024-08-10T12:29:22.681+0000] {dag.py:3089} INFO - Sync 1 DAGs
[2024-08-10T12:29:22.811+0000] {logging_mixin.py:188} INFO - [2024-08-10T12:29:22.811+0000] {dag.py:3947} INFO - Setting next_dagrun for latest_only to 2024-08-10 08:00:00+00:00, run_after=2024-08-10 12:00:00+00:00
[2024-08-10T12:29:22.929+0000] {processor.py:183} INFO - Processing /home/airflow/.local/lib/python3.12/site-packages/airflow/example_dags/example_latest_only.py took 0.431 seconds
[2024-08-10T12:43:31.374+0000] {processor.py:161} INFO - Started process (PID=55) to work on /home/airflow/.local/lib/python3.12/site-packages/airflow/example_dags/example_latest_only.py
[2024-08-10T12:43:31.377+0000] {processor.py:830} INFO - Processing file /home/airflow/.local/lib/python3.12/site-packages/airflow/example_dags/example_latest_only.py for tasks to queue
[2024-08-10T12:43:31.380+0000] {logging_mixin.py:188} INFO - [2024-08-10T12:43:31.379+0000] {dagbag.py:545} INFO - Filling up the DagBag from /home/airflow/.local/lib/python3.12/site-packages/airflow/example_dags/example_latest_only.py
[2024-08-10T12:43:31.392+0000] {processor.py:840} INFO - DAG(s) 'latest_only' retrieved from /home/airflow/.local/lib/python3.12/site-packages/airflow/example_dags/example_latest_only.py
[2024-08-10T12:43:31.425+0000] {logging_mixin.py:188} INFO - [2024-08-10T12:43:31.425+0000] {dag.py:3089} INFO - Sync 1 DAGs
[2024-08-10T12:43:31.466+0000] {logging_mixin.py:188} INFO - [2024-08-10T12:43:31.466+0000] {dag.py:3947} INFO - Setting next_dagrun for latest_only to 2024-08-10 08:00:00+00:00, run_after=2024-08-10 12:00:00+00:00
[2024-08-10T12:43:31.498+0000] {processor.py:183} INFO - Processing /home/airflow/.local/lib/python3.12/site-packages/airflow/example_dags/example_latest_only.py took 0.134 seconds
[2024-08-10T12:44:02.009+0000] {processor.py:161} INFO - Started process (PID=113) to work on /home/airflow/.local/lib/python3.12/site-packages/airflow/example_dags/example_latest_only.py
[2024-08-10T12:44:02.011+0000] {processor.py:830} INFO - Processing file /home/airflow/.local/lib/python3.12/site-packages/airflow/example_dags/example_latest_only.py for tasks to queue
[2024-08-10T12:44:02.015+0000] {logging_mixin.py:188} INFO - [2024-08-10T12:44:02.014+0000] {dagbag.py:545} INFO - Filling up the DagBag from /home/airflow/.local/lib/python3.12/site-packages/airflow/example_dags/example_latest_only.py
[2024-08-10T12:44:02.025+0000] {processor.py:840} INFO - DAG(s) 'latest_only' retrieved from /home/airflow/.local/lib/python3.12/site-packages/airflow/example_dags/example_latest_only.py
[2024-08-10T12:44:02.058+0000] {logging_mixin.py:188} INFO - [2024-08-10T12:44:02.058+0000] {dag.py:3089} INFO - Sync 1 DAGs
[2024-08-10T12:44:02.095+0000] {logging_mixin.py:188} INFO - [2024-08-10T12:44:02.095+0000] {dag.py:3947} INFO - Setting next_dagrun for latest_only to 2024-08-10 08:00:00+00:00, run_after=2024-08-10 12:00:00+00:00
[2024-08-10T12:44:02.126+0000] {processor.py:183} INFO - Processing /home/airflow/.local/lib/python3.12/site-packages/airflow/example_dags/example_latest_only.py took 0.127 seconds
[2024-08-10T12:44:34.223+0000] {processor.py:161} INFO - Started process (PID=171) to work on /home/airflow/.local/lib/python3.12/site-packages/airflow/example_dags/example_latest_only.py
[2024-08-10T12:44:34.225+0000] {processor.py:830} INFO - Processing file /home/airflow/.local/lib/python3.12/site-packages/airflow/example_dags/example_latest_only.py for tasks to queue
[2024-08-10T12:44:34.229+0000] {logging_mixin.py:188} INFO - [2024-08-10T12:44:34.228+0000] {dagbag.py:545} INFO - Filling up the DagBag from /home/airflow/.local/lib/python3.12/site-packages/airflow/example_dags/example_latest_only.py
[2024-08-10T12:44:34.248+0000] {processor.py:840} INFO - DAG(s) 'latest_only' retrieved from /home/airflow/.local/lib/python3.12/site-packages/airflow/example_dags/example_latest_only.py
[2024-08-10T12:44:34.300+0000] {logging_mixin.py:188} INFO - [2024-08-10T12:44:34.300+0000] {dag.py:3089} INFO - Sync 1 DAGs
[2024-08-10T12:44:34.350+0000] {logging_mixin.py:188} INFO - [2024-08-10T12:44:34.349+0000] {dag.py:3947} INFO - Setting next_dagrun for latest_only to 2024-08-10 08:00:00+00:00, run_after=2024-08-10 12:00:00+00:00
[2024-08-10T12:44:34.654+0000] {processor.py:183} INFO - Processing /home/airflow/.local/lib/python3.12/site-packages/airflow/example_dags/example_latest_only.py took 0.450 seconds
[2024-08-10T12:45:05.358+0000] {processor.py:161} INFO - Started process (PID=229) to work on /home/airflow/.local/lib/python3.12/site-packages/airflow/example_dags/example_latest_only.py
[2024-08-10T12:45:05.359+0000] {processor.py:830} INFO - Processing file /home/airflow/.local/lib/python3.12/site-packages/airflow/example_dags/example_latest_only.py for tasks to queue
[2024-08-10T12:45:05.362+0000] {logging_mixin.py:188} INFO - [2024-08-10T12:45:05.361+0000] {dagbag.py:545} INFO - Filling up the DagBag from /home/airflow/.local/lib/python3.12/site-packages/airflow/example_dags/example_latest_only.py
[2024-08-10T12:45:05.371+0000] {processor.py:840} INFO - DAG(s) 'latest_only' retrieved from /home/airflow/.local/lib/python3.12/site-packages/airflow/example_dags/example_latest_only.py
[2024-08-10T12:45:05.399+0000] {logging_mixin.py:188} INFO - [2024-08-10T12:45:05.399+0000] {dag.py:3089} INFO - Sync 1 DAGs
[2024-08-10T12:45:05.431+0000] {logging_mixin.py:188} INFO - [2024-08-10T12:45:05.431+0000] {dag.py:3947} INFO - Setting next_dagrun for latest_only to 2024-08-10 08:00:00+00:00, run_after=2024-08-10 12:00:00+00:00
[2024-08-10T12:45:05.465+0000] {processor.py:183} INFO - Processing /home/airflow/.local/lib/python3.12/site-packages/airflow/example_dags/example_latest_only.py took 0.115 seconds
[2024-08-10T12:45:35.582+0000] {processor.py:161} INFO - Started process (PID=287) to work on /home/airflow/.local/lib/python3.12/site-packages/airflow/example_dags/example_latest_only.py
[2024-08-10T12:45:35.585+0000] {processor.py:830} INFO - Processing file /home/airflow/.local/lib/python3.12/site-packages/airflow/example_dags/example_latest_only.py for tasks to queue
[2024-08-10T12:45:35.589+0000] {logging_mixin.py:188} INFO - [2024-08-10T12:45:35.589+0000] {dagbag.py:545} INFO - Filling up the DagBag from /home/airflow/.local/lib/python3.12/site-packages/airflow/example_dags/example_latest_only.py
[2024-08-10T12:45:35.598+0000] {processor.py:840} INFO - DAG(s) 'latest_only' retrieved from /home/airflow/.local/lib/python3.12/site-packages/airflow/example_dags/example_latest_only.py
[2024-08-10T12:45:35.634+0000] {logging_mixin.py:188} INFO - [2024-08-10T12:45:35.634+0000] {dag.py:3089} INFO - Sync 1 DAGs
[2024-08-10T12:45:35.691+0000] {logging_mixin.py:188} INFO - [2024-08-10T12:45:35.691+0000] {dag.py:3947} INFO - Setting next_dagrun for latest_only to 2024-08-10 08:00:00+00:00, run_after=2024-08-10 12:00:00+00:00
[2024-08-10T12:45:35.752+0000] {processor.py:183} INFO - Processing /home/airflow/.local/lib/python3.12/site-packages/airflow/example_dags/example_latest_only.py took 0.182 seconds
[2024-08-10T12:46:05.822+0000] {processor.py:161} INFO - Started process (PID=346) to work on /home/airflow/.local/lib/python3.12/site-packages/airflow/example_dags/example_latest_only.py
[2024-08-10T12:46:05.824+0000] {processor.py:830} INFO - Processing file /home/airflow/.local/lib/python3.12/site-packages/airflow/example_dags/example_latest_only.py for tasks to queue
[2024-08-10T12:46:05.826+0000] {logging_mixin.py:188} INFO - [2024-08-10T12:46:05.826+0000] {dagbag.py:545} INFO - Filling up the DagBag from /home/airflow/.local/lib/python3.12/site-packages/airflow/example_dags/example_latest_only.py
[2024-08-10T12:46:05.834+0000] {processor.py:840} INFO - DAG(s) 'latest_only' retrieved from /home/airflow/.local/lib/python3.12/site-packages/airflow/example_dags/example_latest_only.py
[2024-08-10T12:46:05.865+0000] {logging_mixin.py:188} INFO - [2024-08-10T12:46:05.864+0000] {dag.py:3089} INFO - Sync 1 DAGs
[2024-08-10T12:46:05.900+0000] {logging_mixin.py:188} INFO - [2024-08-10T12:46:05.900+0000] {dag.py:3947} INFO - Setting next_dagrun for latest_only to 2024-08-10 08:00:00+00:00, run_after=2024-08-10 12:00:00+00:00
[2024-08-10T12:46:05.933+0000] {processor.py:183} INFO - Processing /home/airflow/.local/lib/python3.12/site-packages/airflow/example_dags/example_latest_only.py took 0.121 seconds
[2024-08-10T12:46:38.499+0000] {processor.py:161} INFO - Started process (PID=404) to work on /home/airflow/.local/lib/python3.12/site-packages/airflow/example_dags/example_latest_only.py
[2024-08-10T12:46:38.501+0000] {processor.py:830} INFO - Processing file /home/airflow/.local/lib/python3.12/site-packages/airflow/example_dags/example_latest_only.py for tasks to queue
[2024-08-10T12:46:38.504+0000] {logging_mixin.py:188} INFO - [2024-08-10T12:46:38.503+0000] {dagbag.py:545} INFO - Filling up the DagBag from /home/airflow/.local/lib/python3.12/site-packages/airflow/example_dags/example_latest_only.py
[2024-08-10T12:46:38.511+0000] {processor.py:840} INFO - DAG(s) 'latest_only' retrieved from /home/airflow/.local/lib/python3.12/site-packages/airflow/example_dags/example_latest_only.py
[2024-08-10T12:46:38.547+0000] {logging_mixin.py:188} INFO - [2024-08-10T12:46:38.547+0000] {dag.py:3089} INFO - Sync 1 DAGs
[2024-08-10T12:46:38.587+0000] {logging_mixin.py:188} INFO - [2024-08-10T12:46:38.586+0000] {dag.py:3947} INFO - Setting next_dagrun for latest_only to 2024-08-10 08:00:00+00:00, run_after=2024-08-10 12:00:00+00:00
[2024-08-10T12:46:38.644+0000] {processor.py:183} INFO - Processing /home/airflow/.local/lib/python3.12/site-packages/airflow/example_dags/example_latest_only.py took 0.156 seconds
[2024-08-10T12:47:16.436+0000] {processor.py:161} INFO - Started process (PID=460) to work on /home/airflow/.local/lib/python3.12/site-packages/airflow/example_dags/example_latest_only.py
[2024-08-10T12:47:16.439+0000] {processor.py:830} INFO - Processing file /home/airflow/.local/lib/python3.12/site-packages/airflow/example_dags/example_latest_only.py for tasks to queue
[2024-08-10T12:47:16.442+0000] {logging_mixin.py:188} INFO - [2024-08-10T12:47:16.441+0000] {dagbag.py:545} INFO - Filling up the DagBag from /home/airflow/.local/lib/python3.12/site-packages/airflow/example_dags/example_latest_only.py
[2024-08-10T12:47:16.451+0000] {processor.py:840} INFO - DAG(s) 'latest_only' retrieved from /home/airflow/.local/lib/python3.12/site-packages/airflow/example_dags/example_latest_only.py
[2024-08-10T12:47:16.489+0000] {logging_mixin.py:188} INFO - [2024-08-10T12:47:16.489+0000] {dag.py:3089} INFO - Sync 1 DAGs
[2024-08-10T12:47:16.539+0000] {logging_mixin.py:188} INFO - [2024-08-10T12:47:16.538+0000] {dag.py:3947} INFO - Setting next_dagrun for latest_only to 2024-08-10 08:00:00+00:00, run_after=2024-08-10 12:00:00+00:00
[2024-08-10T12:47:16.579+0000] {processor.py:183} INFO - Processing /home/airflow/.local/lib/python3.12/site-packages/airflow/example_dags/example_latest_only.py took 0.159 seconds
[2024-08-10T12:57:33.509+0000] {processor.py:161} INFO - Started process (PID=48) to work on /home/airflow/.local/lib/python3.12/site-packages/airflow/example_dags/example_latest_only.py
[2024-08-10T12:57:33.523+0000] {processor.py:830} INFO - Processing file /home/airflow/.local/lib/python3.12/site-packages/airflow/example_dags/example_latest_only.py for tasks to queue
[2024-08-10T12:57:33.531+0000] {logging_mixin.py:188} INFO - [2024-08-10T12:57:33.531+0000] {dagbag.py:545} INFO - Filling up the DagBag from /home/airflow/.local/lib/python3.12/site-packages/airflow/example_dags/example_latest_only.py
[2024-08-10T12:57:33.550+0000] {processor.py:840} INFO - DAG(s) 'latest_only' retrieved from /home/airflow/.local/lib/python3.12/site-packages/airflow/example_dags/example_latest_only.py
[2024-08-10T12:57:33.610+0000] {logging_mixin.py:188} INFO - [2024-08-10T12:57:33.610+0000] {dag.py:3089} INFO - Sync 1 DAGs
[2024-08-10T12:57:33.713+0000] {logging_mixin.py:188} INFO - [2024-08-10T12:57:33.712+0000] {dag.py:3947} INFO - Setting next_dagrun for latest_only to 2024-08-10 08:00:00+00:00, run_after=2024-08-10 12:00:00+00:00
[2024-08-10T12:57:33.840+0000] {processor.py:183} INFO - Processing /home/airflow/.local/lib/python3.12/site-packages/airflow/example_dags/example_latest_only.py took 0.341 seconds
[2024-08-10T12:58:03.946+0000] {processor.py:161} INFO - Started process (PID=105) to work on /home/airflow/.local/lib/python3.12/site-packages/airflow/example_dags/example_latest_only.py
[2024-08-10T12:58:03.949+0000] {processor.py:830} INFO - Processing file /home/airflow/.local/lib/python3.12/site-packages/airflow/example_dags/example_latest_only.py for tasks to queue
[2024-08-10T12:58:03.952+0000] {logging_mixin.py:188} INFO - [2024-08-10T12:58:03.951+0000] {dagbag.py:545} INFO - Filling up the DagBag from /home/airflow/.local/lib/python3.12/site-packages/airflow/example_dags/example_latest_only.py
[2024-08-10T12:58:03.959+0000] {processor.py:840} INFO - DAG(s) 'latest_only' retrieved from /home/airflow/.local/lib/python3.12/site-packages/airflow/example_dags/example_latest_only.py
[2024-08-10T12:58:04.007+0000] {logging_mixin.py:188} INFO - [2024-08-10T12:58:04.006+0000] {dag.py:3089} INFO - Sync 1 DAGs
[2024-08-10T12:58:04.057+0000] {logging_mixin.py:188} INFO - [2024-08-10T12:58:04.056+0000] {dag.py:3947} INFO - Setting next_dagrun for latest_only to 2024-08-10 08:00:00+00:00, run_after=2024-08-10 12:00:00+00:00
[2024-08-10T12:58:04.101+0000] {processor.py:183} INFO - Processing /home/airflow/.local/lib/python3.12/site-packages/airflow/example_dags/example_latest_only.py took 0.166 seconds
[2024-08-10T12:58:34.241+0000] {processor.py:161} INFO - Started process (PID=164) to work on /home/airflow/.local/lib/python3.12/site-packages/airflow/example_dags/example_latest_only.py
[2024-08-10T12:58:34.242+0000] {processor.py:830} INFO - Processing file /home/airflow/.local/lib/python3.12/site-packages/airflow/example_dags/example_latest_only.py for tasks to queue
[2024-08-10T12:58:34.244+0000] {logging_mixin.py:188} INFO - [2024-08-10T12:58:34.244+0000] {dagbag.py:545} INFO - Filling up the DagBag from /home/airflow/.local/lib/python3.12/site-packages/airflow/example_dags/example_latest_only.py
[2024-08-10T12:58:34.251+0000] {processor.py:840} INFO - DAG(s) 'latest_only' retrieved from /home/airflow/.local/lib/python3.12/site-packages/airflow/example_dags/example_latest_only.py
[2024-08-10T12:58:34.280+0000] {logging_mixin.py:188} INFO - [2024-08-10T12:58:34.279+0000] {dag.py:3089} INFO - Sync 1 DAGs
[2024-08-10T12:58:34.314+0000] {logging_mixin.py:188} INFO - [2024-08-10T12:58:34.314+0000] {dag.py:3947} INFO - Setting next_dagrun for latest_only to 2024-08-10 08:00:00+00:00, run_after=2024-08-10 12:00:00+00:00
[2024-08-10T12:58:34.344+0000] {processor.py:183} INFO - Processing /home/airflow/.local/lib/python3.12/site-packages/airflow/example_dags/example_latest_only.py took 0.110 seconds
[2024-08-10T12:59:04.704+0000] {processor.py:161} INFO - Started process (PID=222) to work on /home/airflow/.local/lib/python3.12/site-packages/airflow/example_dags/example_latest_only.py
[2024-08-10T12:59:04.705+0000] {processor.py:830} INFO - Processing file /home/airflow/.local/lib/python3.12/site-packages/airflow/example_dags/example_latest_only.py for tasks to queue
[2024-08-10T12:59:04.707+0000] {logging_mixin.py:188} INFO - [2024-08-10T12:59:04.707+0000] {dagbag.py:545} INFO - Filling up the DagBag from /home/airflow/.local/lib/python3.12/site-packages/airflow/example_dags/example_latest_only.py
[2024-08-10T12:59:04.714+0000] {processor.py:840} INFO - DAG(s) 'latest_only' retrieved from /home/airflow/.local/lib/python3.12/site-packages/airflow/example_dags/example_latest_only.py
[2024-08-10T12:59:04.740+0000] {logging_mixin.py:188} INFO - [2024-08-10T12:59:04.740+0000] {dag.py:3089} INFO - Sync 1 DAGs
[2024-08-10T12:59:04.777+0000] {logging_mixin.py:188} INFO - [2024-08-10T12:59:04.777+0000] {dag.py:3947} INFO - Setting next_dagrun for latest_only to 2024-08-10 08:00:00+00:00, run_after=2024-08-10 12:00:00+00:00
[2024-08-10T12:59:04.807+0000] {processor.py:183} INFO - Processing /home/airflow/.local/lib/python3.12/site-packages/airflow/example_dags/example_latest_only.py took 0.111 seconds
[2024-08-10T13:02:14.538+0000] {processor.py:161} INFO - Started process (PID=285) to work on /home/airflow/.local/lib/python3.12/site-packages/airflow/example_dags/example_latest_only.py
[2024-08-10T13:02:14.540+0000] {processor.py:830} INFO - Processing file /home/airflow/.local/lib/python3.12/site-packages/airflow/example_dags/example_latest_only.py for tasks to queue
[2024-08-10T13:02:14.544+0000] {logging_mixin.py:188} INFO - [2024-08-10T13:02:14.541+0000] {dagbag.py:545} INFO - Filling up the DagBag from /home/airflow/.local/lib/python3.12/site-packages/airflow/example_dags/example_latest_only.py
[2024-08-10T13:02:14.561+0000] {processor.py:840} INFO - DAG(s) 'latest_only' retrieved from /home/airflow/.local/lib/python3.12/site-packages/airflow/example_dags/example_latest_only.py
[2024-08-10T13:02:16.816+0000] {logging_mixin.py:188} INFO - [2024-08-10T13:02:16.782+0000] {dag.py:3089} INFO - Sync 1 DAGs
[2024-08-10T13:02:16.936+0000] {logging_mixin.py:188} INFO - [2024-08-10T13:02:16.935+0000] {dag.py:3947} INFO - Setting next_dagrun for latest_only to 2024-08-10 08:00:00+00:00, run_after=2024-08-10 12:00:00+00:00
[2024-08-10T13:02:17.045+0000] {processor.py:183} INFO - Processing /home/airflow/.local/lib/python3.12/site-packages/airflow/example_dags/example_latest_only.py took 2.542 seconds
