[2024-08-21T11:50:50.038+0000] {processor.py:161} INFO - Started process (PID=85) to work on /home/airflow/.local/lib/python3.12/site-packages/airflow/example_dags/example_complex.py
[2024-08-21T11:50:50.039+0000] {processor.py:830} INFO - Processing file /home/airflow/.local/lib/python3.12/site-packages/airflow/example_dags/example_complex.py for tasks to queue
[2024-08-21T11:50:50.043+0000] {logging_mixin.py:188} INFO - [2024-08-21T11:50:50.043+0000] {dagbag.py:545} INFO - Filling up the DagBag from /home/airflow/.local/lib/python3.12/site-packages/airflow/example_dags/example_complex.py
[2024-08-21T11:50:50.069+0000] {processor.py:840} INFO - DAG(s) 'example_complex' retrieved from /home/airflow/.local/lib/python3.12/site-packages/airflow/example_dags/example_complex.py
[2024-08-21T11:50:50.384+0000] {logging_mixin.py:188} INFO - [2024-08-21T11:50:50.384+0000] {dag.py:3089} INFO - Sync 1 DAGs
[2024-08-21T11:50:50.407+0000] {logging_mixin.py:188} INFO - [2024-08-21T11:50:50.406+0000] {dag.py:3947} INFO - Setting next_dagrun for example_complex to None, run_after=None
[2024-08-21T11:50:50.457+0000] {processor.py:183} INFO - Processing /home/airflow/.local/lib/python3.12/site-packages/airflow/example_dags/example_complex.py took 0.432 seconds
[2024-08-21T11:57:51.464+0000] {processor.py:161} INFO - Started process (PID=158) to work on /home/airflow/.local/lib/python3.12/site-packages/airflow/example_dags/example_complex.py
[2024-08-21T11:57:51.485+0000] {processor.py:830} INFO - Processing file /home/airflow/.local/lib/python3.12/site-packages/airflow/example_dags/example_complex.py for tasks to queue
[2024-08-21T11:57:51.494+0000] {logging_mixin.py:188} INFO - [2024-08-21T11:57:51.488+0000] {dagbag.py:545} INFO - Filling up the DagBag from /home/airflow/.local/lib/python3.12/site-packages/airflow/example_dags/example_complex.py
[2024-08-21T11:57:51.751+0000] {processor.py:840} INFO - DAG(s) 'example_complex' retrieved from /home/airflow/.local/lib/python3.12/site-packages/airflow/example_dags/example_complex.py
[2024-08-21T11:57:52.396+0000] {logging_mixin.py:188} INFO - [2024-08-21T11:57:52.395+0000] {dag.py:3089} INFO - Sync 1 DAGs
[2024-08-21T11:57:52.463+0000] {logging_mixin.py:188} INFO - [2024-08-21T11:57:52.460+0000] {dag.py:3947} INFO - Setting next_dagrun for example_complex to None, run_after=None
[2024-08-21T11:57:52.655+0000] {processor.py:183} INFO - Processing /home/airflow/.local/lib/python3.12/site-packages/airflow/example_dags/example_complex.py took 1.304 seconds
[2024-08-21T11:58:38.903+0000] {processor.py:161} INFO - Started process (PID=225) to work on /home/airflow/.local/lib/python3.12/site-packages/airflow/example_dags/example_complex.py
[2024-08-21T11:58:38.907+0000] {processor.py:830} INFO - Processing file /home/airflow/.local/lib/python3.12/site-packages/airflow/example_dags/example_complex.py for tasks to queue
[2024-08-21T11:58:38.909+0000] {logging_mixin.py:188} INFO - [2024-08-21T11:58:38.908+0000] {dagbag.py:545} INFO - Filling up the DagBag from /home/airflow/.local/lib/python3.12/site-packages/airflow/example_dags/example_complex.py
[2024-08-21T11:58:38.969+0000] {processor.py:840} INFO - DAG(s) 'example_complex' retrieved from /home/airflow/.local/lib/python3.12/site-packages/airflow/example_dags/example_complex.py
[2024-08-21T11:58:39.170+0000] {logging_mixin.py:188} INFO - [2024-08-21T11:58:39.170+0000] {dag.py:3089} INFO - Sync 1 DAGs
[2024-08-21T11:58:39.209+0000] {logging_mixin.py:188} INFO - [2024-08-21T11:58:39.209+0000] {dag.py:3947} INFO - Setting next_dagrun for example_complex to None, run_after=None
[2024-08-21T11:58:39.320+0000] {processor.py:183} INFO - Processing /home/airflow/.local/lib/python3.12/site-packages/airflow/example_dags/example_complex.py took 0.450 seconds
