[2024-08-21T11:50:47.214+0000] {processor.py:161} INFO - Started process (PID=76) to work on /home/airflow/.local/lib/python3.12/site-packages/airflow/example_dags/example_branch_operator_decorator.py
[2024-08-21T11:50:47.217+0000] {processor.py:830} INFO - Processing file /home/airflow/.local/lib/python3.12/site-packages/airflow/example_dags/example_branch_operator_decorator.py for tasks to queue
[2024-08-21T11:50:47.221+0000] {logging_mixin.py:188} INFO - [2024-08-21T11:50:47.220+0000] {dagbag.py:545} INFO - Filling up the DagBag from /home/airflow/.local/lib/python3.12/site-packages/airflow/example_dags/example_branch_operator_decorator.py
[2024-08-21T11:50:47.278+0000] {processor.py:840} INFO - DAG(s) 'example_branch_python_operator_decorator' retrieved from /home/airflow/.local/lib/python3.12/site-packages/airflow/example_dags/example_branch_operator_decorator.py
[2024-08-21T11:50:47.583+0000] {logging_mixin.py:188} INFO - [2024-08-21T11:50:47.582+0000] {dag.py:3089} INFO - Sync 1 DAGs
[2024-08-21T11:50:47.632+0000] {logging_mixin.py:188} INFO - [2024-08-21T11:50:47.632+0000] {dag.py:3947} INFO - Setting next_dagrun for example_branch_python_operator_decorator to 2024-08-20 00:00:00+00:00, run_after=2024-08-21 00:00:00+00:00
[2024-08-21T11:50:47.694+0000] {processor.py:183} INFO - Processing /home/airflow/.local/lib/python3.12/site-packages/airflow/example_dags/example_branch_operator_decorator.py took 0.491 seconds
[2024-08-21T11:57:48.425+0000] {processor.py:161} INFO - Started process (PID=149) to work on /home/airflow/.local/lib/python3.12/site-packages/airflow/example_dags/example_branch_operator_decorator.py
[2024-08-21T11:57:48.438+0000] {processor.py:830} INFO - Processing file /home/airflow/.local/lib/python3.12/site-packages/airflow/example_dags/example_branch_operator_decorator.py for tasks to queue
[2024-08-21T11:57:48.440+0000] {logging_mixin.py:188} INFO - [2024-08-21T11:57:48.439+0000] {dagbag.py:545} INFO - Filling up the DagBag from /home/airflow/.local/lib/python3.12/site-packages/airflow/example_dags/example_branch_operator_decorator.py
[2024-08-21T11:57:48.559+0000] {processor.py:840} INFO - DAG(s) 'example_branch_python_operator_decorator' retrieved from /home/airflow/.local/lib/python3.12/site-packages/airflow/example_dags/example_branch_operator_decorator.py
[2024-08-21T11:57:48.718+0000] {logging_mixin.py:188} INFO - [2024-08-21T11:57:48.717+0000] {dag.py:3089} INFO - Sync 1 DAGs
[2024-08-21T11:57:48.805+0000] {logging_mixin.py:188} INFO - [2024-08-21T11:57:48.804+0000] {dag.py:3947} INFO - Setting next_dagrun for example_branch_python_operator_decorator to 2024-08-20 00:00:00+00:00, run_after=2024-08-21 00:00:00+00:00
[2024-08-21T11:57:48.894+0000] {processor.py:183} INFO - Processing /home/airflow/.local/lib/python3.12/site-packages/airflow/example_dags/example_branch_operator_decorator.py took 0.523 seconds
[2024-08-21T11:58:33.317+0000] {processor.py:161} INFO - Started process (PID=207) to work on /home/airflow/.local/lib/python3.12/site-packages/airflow/example_dags/example_branch_operator_decorator.py
[2024-08-21T11:58:33.323+0000] {processor.py:830} INFO - Processing file /home/airflow/.local/lib/python3.12/site-packages/airflow/example_dags/example_branch_operator_decorator.py for tasks to queue
[2024-08-21T11:58:33.324+0000] {logging_mixin.py:188} INFO - [2024-08-21T11:58:33.324+0000] {dagbag.py:545} INFO - Filling up the DagBag from /home/airflow/.local/lib/python3.12/site-packages/airflow/example_dags/example_branch_operator_decorator.py
[2024-08-21T11:58:33.436+0000] {processor.py:840} INFO - DAG(s) 'example_branch_python_operator_decorator' retrieved from /home/airflow/.local/lib/python3.12/site-packages/airflow/example_dags/example_branch_operator_decorator.py
[2024-08-21T11:58:33.551+0000] {logging_mixin.py:188} INFO - [2024-08-21T11:58:33.551+0000] {dag.py:3089} INFO - Sync 1 DAGs
[2024-08-21T11:58:33.667+0000] {logging_mixin.py:188} INFO - [2024-08-21T11:58:33.666+0000] {dag.py:3947} INFO - Setting next_dagrun for example_branch_python_operator_decorator to 2024-08-20 00:00:00+00:00, run_after=2024-08-21 00:00:00+00:00
[2024-08-21T11:58:33.763+0000] {processor.py:183} INFO - Processing /home/airflow/.local/lib/python3.12/site-packages/airflow/example_dags/example_branch_operator_decorator.py took 0.486 seconds
