[2024-08-21T11:50:44.185+0000] {processor.py:161} INFO - Started process (PID=60) to work on /home/airflow/.local/lib/python3.12/site-packages/airflow/example_dags/example_datasets.py
[2024-08-21T11:50:44.186+0000] {processor.py:830} INFO - Processing file /home/airflow/.local/lib/python3.12/site-packages/airflow/example_dags/example_datasets.py for tasks to queue
[2024-08-21T11:50:44.189+0000] {logging_mixin.py:188} INFO - [2024-08-21T11:50:44.188+0000] {dagbag.py:545} INFO - Filling up the DagBag from /home/airflow/.local/lib/python3.12/site-packages/airflow/example_dags/example_datasets.py
[2024-08-21T11:50:44.296+0000] {processor.py:840} INFO - DAG(s) 'dataset_consumes_1', 'dataset_produces_1', 'consume_1_or_2_with_dataset_expressions', 'consume_1_and_2_with_dataset_expressions', 'dataset_consumes_1_never_scheduled', 'dataset_produces_2', 'dataset_consumes_unknown_never_scheduled', 'dataset_consumes_1_and_2', 'consume_1_or_both_2_and_3_with_dataset_expressions', 'conditional_dataset_and_time_based_timetable' retrieved from /home/airflow/.local/lib/python3.12/site-packages/airflow/example_dags/example_datasets.py
[2024-08-21T11:50:44.888+0000] {logging_mixin.py:188} INFO - [2024-08-21T11:50:44.887+0000] {dag.py:3089} INFO - Sync 10 DAGs
[2024-08-21T11:50:44.967+0000] {logging_mixin.py:188} INFO - [2024-08-21T11:50:44.966+0000] {dag.py:3947} INFO - Setting next_dagrun for conditional_dataset_and_time_based_timetable to 2024-08-21 01:00:00+00:00, run_after=2024-08-21 01:00:00+00:00
[2024-08-21T11:50:44.974+0000] {logging_mixin.py:188} INFO - [2024-08-21T11:50:44.973+0000] {dag.py:3947} INFO - Setting next_dagrun for consume_1_and_2_with_dataset_expressions to None, run_after=None
[2024-08-21T11:50:44.977+0000] {logging_mixin.py:188} INFO - [2024-08-21T11:50:44.977+0000] {dag.py:3947} INFO - Setting next_dagrun for consume_1_or_2_with_dataset_expressions to None, run_after=None
[2024-08-21T11:50:44.984+0000] {logging_mixin.py:188} INFO - [2024-08-21T11:50:44.983+0000] {dag.py:3947} INFO - Setting next_dagrun for consume_1_or_both_2_and_3_with_dataset_expressions to None, run_after=None
[2024-08-21T11:50:44.987+0000] {logging_mixin.py:188} INFO - [2024-08-21T11:50:44.987+0000] {dag.py:3947} INFO - Setting next_dagrun for dataset_consumes_1 to None, run_after=None
[2024-08-21T11:50:44.991+0000] {logging_mixin.py:188} INFO - [2024-08-21T11:50:44.990+0000] {dag.py:3947} INFO - Setting next_dagrun for dataset_consumes_1_and_2 to None, run_after=None
[2024-08-21T11:50:44.995+0000] {logging_mixin.py:188} INFO - [2024-08-21T11:50:44.995+0000] {dag.py:3947} INFO - Setting next_dagrun for dataset_consumes_1_never_scheduled to None, run_after=None
[2024-08-21T11:50:45.000+0000] {logging_mixin.py:188} INFO - [2024-08-21T11:50:44.999+0000] {dag.py:3947} INFO - Setting next_dagrun for dataset_consumes_unknown_never_scheduled to None, run_after=None
[2024-08-21T11:50:45.006+0000] {logging_mixin.py:188} INFO - [2024-08-21T11:50:45.006+0000] {dag.py:3947} INFO - Setting next_dagrun for dataset_produces_1 to 2024-08-20 00:00:00+00:00, run_after=2024-08-21 00:00:00+00:00
[2024-08-21T11:50:45.010+0000] {logging_mixin.py:188} INFO - [2024-08-21T11:50:45.010+0000] {dag.py:3947} INFO - Setting next_dagrun for dataset_produces_2 to None, run_after=None
[2024-08-21T11:50:45.169+0000] {processor.py:183} INFO - Processing /home/airflow/.local/lib/python3.12/site-packages/airflow/example_dags/example_datasets.py took 0.994 seconds
[2024-08-21T11:57:42.095+0000] {processor.py:161} INFO - Started process (PID=139) to work on /home/airflow/.local/lib/python3.12/site-packages/airflow/example_dags/example_datasets.py
[2024-08-21T11:57:42.104+0000] {processor.py:830} INFO - Processing file /home/airflow/.local/lib/python3.12/site-packages/airflow/example_dags/example_datasets.py for tasks to queue
[2024-08-21T11:57:42.107+0000] {logging_mixin.py:188} INFO - [2024-08-21T11:57:42.107+0000] {dagbag.py:545} INFO - Filling up the DagBag from /home/airflow/.local/lib/python3.12/site-packages/airflow/example_dags/example_datasets.py
[2024-08-21T11:57:42.387+0000] {processor.py:840} INFO - DAG(s) 'consume_1_and_2_with_dataset_expressions', 'consume_1_or_both_2_and_3_with_dataset_expressions', 'consume_1_or_2_with_dataset_expressions', 'dataset_consumes_1_never_scheduled', 'dataset_consumes_1', 'dataset_produces_2', 'dataset_consumes_1_and_2', 'conditional_dataset_and_time_based_timetable', 'dataset_produces_1', 'dataset_consumes_unknown_never_scheduled' retrieved from /home/airflow/.local/lib/python3.12/site-packages/airflow/example_dags/example_datasets.py
[2024-08-21T11:57:42.706+0000] {logging_mixin.py:188} INFO - [2024-08-21T11:57:42.705+0000] {dag.py:3089} INFO - Sync 10 DAGs
[2024-08-21T11:57:42.977+0000] {logging_mixin.py:188} INFO - [2024-08-21T11:57:42.977+0000] {dag.py:3947} INFO - Setting next_dagrun for conditional_dataset_and_time_based_timetable to 2024-08-21 01:00:00+00:00, run_after=2024-08-21 01:00:00+00:00
[2024-08-21T11:57:42.983+0000] {logging_mixin.py:188} INFO - [2024-08-21T11:57:42.983+0000] {dag.py:3947} INFO - Setting next_dagrun for consume_1_and_2_with_dataset_expressions to None, run_after=None
[2024-08-21T11:57:42.989+0000] {logging_mixin.py:188} INFO - [2024-08-21T11:57:42.988+0000] {dag.py:3947} INFO - Setting next_dagrun for consume_1_or_2_with_dataset_expressions to None, run_after=None
[2024-08-21T11:57:42.992+0000] {logging_mixin.py:188} INFO - [2024-08-21T11:57:42.991+0000] {dag.py:3947} INFO - Setting next_dagrun for consume_1_or_both_2_and_3_with_dataset_expressions to None, run_after=None
[2024-08-21T11:57:42.995+0000] {logging_mixin.py:188} INFO - [2024-08-21T11:57:42.995+0000] {dag.py:3947} INFO - Setting next_dagrun for dataset_consumes_1 to None, run_after=None
[2024-08-21T11:57:42.999+0000] {logging_mixin.py:188} INFO - [2024-08-21T11:57:42.998+0000] {dag.py:3947} INFO - Setting next_dagrun for dataset_consumes_1_and_2 to None, run_after=None
[2024-08-21T11:57:43.002+0000] {logging_mixin.py:188} INFO - [2024-08-21T11:57:43.001+0000] {dag.py:3947} INFO - Setting next_dagrun for dataset_consumes_1_never_scheduled to None, run_after=None
[2024-08-21T11:57:43.005+0000] {logging_mixin.py:188} INFO - [2024-08-21T11:57:43.004+0000] {dag.py:3947} INFO - Setting next_dagrun for dataset_consumes_unknown_never_scheduled to None, run_after=None
[2024-08-21T11:57:43.013+0000] {logging_mixin.py:188} INFO - [2024-08-21T11:57:43.013+0000] {dag.py:3947} INFO - Setting next_dagrun for dataset_produces_1 to 2024-08-20 00:00:00+00:00, run_after=2024-08-21 00:00:00+00:00
[2024-08-21T11:57:43.016+0000] {logging_mixin.py:188} INFO - [2024-08-21T11:57:43.016+0000] {dag.py:3947} INFO - Setting next_dagrun for dataset_produces_2 to None, run_after=None
[2024-08-21T11:57:43.376+0000] {processor.py:183} INFO - Processing /home/airflow/.local/lib/python3.12/site-packages/airflow/example_dags/example_datasets.py took 1.303 seconds
[2024-08-21T11:58:27.256+0000] {processor.py:161} INFO - Started process (PID=197) to work on /home/airflow/.local/lib/python3.12/site-packages/airflow/example_dags/example_datasets.py
[2024-08-21T11:58:27.277+0000] {processor.py:830} INFO - Processing file /home/airflow/.local/lib/python3.12/site-packages/airflow/example_dags/example_datasets.py for tasks to queue
[2024-08-21T11:58:27.279+0000] {logging_mixin.py:188} INFO - [2024-08-21T11:58:27.278+0000] {dagbag.py:545} INFO - Filling up the DagBag from /home/airflow/.local/lib/python3.12/site-packages/airflow/example_dags/example_datasets.py
[2024-08-21T11:58:27.621+0000] {processor.py:840} INFO - DAG(s) 'dataset_produces_2', 'dataset_consumes_1', 'consume_1_or_both_2_and_3_with_dataset_expressions', 'conditional_dataset_and_time_based_timetable', 'dataset_consumes_unknown_never_scheduled', 'dataset_consumes_1_never_scheduled', 'consume_1_and_2_with_dataset_expressions', 'dataset_produces_1', 'dataset_consumes_1_and_2', 'consume_1_or_2_with_dataset_expressions' retrieved from /home/airflow/.local/lib/python3.12/site-packages/airflow/example_dags/example_datasets.py
[2024-08-21T11:58:28.040+0000] {logging_mixin.py:188} INFO - [2024-08-21T11:58:28.039+0000] {dag.py:3089} INFO - Sync 10 DAGs
[2024-08-21T11:58:28.412+0000] {logging_mixin.py:188} INFO - [2024-08-21T11:58:28.411+0000] {dag.py:3947} INFO - Setting next_dagrun for conditional_dataset_and_time_based_timetable to 2024-08-21 01:00:00+00:00, run_after=2024-08-21 01:00:00+00:00
[2024-08-21T11:58:28.443+0000] {logging_mixin.py:188} INFO - [2024-08-21T11:58:28.433+0000] {dag.py:3947} INFO - Setting next_dagrun for consume_1_and_2_with_dataset_expressions to None, run_after=None
[2024-08-21T11:58:28.447+0000] {logging_mixin.py:188} INFO - [2024-08-21T11:58:28.446+0000] {dag.py:3947} INFO - Setting next_dagrun for consume_1_or_2_with_dataset_expressions to None, run_after=None
[2024-08-21T11:58:28.450+0000] {logging_mixin.py:188} INFO - [2024-08-21T11:58:28.450+0000] {dag.py:3947} INFO - Setting next_dagrun for consume_1_or_both_2_and_3_with_dataset_expressions to None, run_after=None
[2024-08-21T11:58:28.458+0000] {logging_mixin.py:188} INFO - [2024-08-21T11:58:28.457+0000] {dag.py:3947} INFO - Setting next_dagrun for dataset_consumes_1 to None, run_after=None
[2024-08-21T11:58:28.462+0000] {logging_mixin.py:188} INFO - [2024-08-21T11:58:28.462+0000] {dag.py:3947} INFO - Setting next_dagrun for dataset_consumes_1_and_2 to None, run_after=None
[2024-08-21T11:58:28.467+0000] {logging_mixin.py:188} INFO - [2024-08-21T11:58:28.466+0000] {dag.py:3947} INFO - Setting next_dagrun for dataset_consumes_1_never_scheduled to None, run_after=None
[2024-08-21T11:58:28.472+0000] {logging_mixin.py:188} INFO - [2024-08-21T11:58:28.472+0000] {dag.py:3947} INFO - Setting next_dagrun for dataset_consumes_unknown_never_scheduled to None, run_after=None
[2024-08-21T11:58:28.496+0000] {logging_mixin.py:188} INFO - [2024-08-21T11:58:28.495+0000] {dag.py:3947} INFO - Setting next_dagrun for dataset_produces_1 to 2024-08-20 00:00:00+00:00, run_after=2024-08-21 00:00:00+00:00
[2024-08-21T11:58:28.500+0000] {logging_mixin.py:188} INFO - [2024-08-21T11:58:28.499+0000] {dag.py:3947} INFO - Setting next_dagrun for dataset_produces_2 to None, run_after=None
[2024-08-21T11:58:28.863+0000] {processor.py:183} INFO - Processing /home/airflow/.local/lib/python3.12/site-packages/airflow/example_dags/example_datasets.py took 1.671 seconds
