[2024-08-21T11:50:31.387+0000] {processor.py:161} INFO - Started process (PID=45) to work on /home/airflow/.local/lib/python3.12/site-packages/airflow/example_dags/example_bash_decorator.py
[2024-08-21T11:50:31.389+0000] {processor.py:830} INFO - Processing file /home/airflow/.local/lib/python3.12/site-packages/airflow/example_dags/example_bash_decorator.py for tasks to queue
[2024-08-21T11:50:31.425+0000] {logging_mixin.py:188} INFO - [2024-08-21T11:50:31.424+0000] {dagbag.py:545} INFO - Filling up the DagBag from /home/airflow/.local/lib/python3.12/site-packages/airflow/example_dags/example_bash_decorator.py
[2024-08-21T11:50:31.510+0000] {processor.py:840} INFO - DAG(s) 'example_bash_decorator' retrieved from /home/airflow/.local/lib/python3.12/site-packages/airflow/example_dags/example_bash_decorator.py
[2024-08-21T11:50:33.307+0000] {logging_mixin.py:188} INFO - [2024-08-21T11:50:33.306+0000] {dag.py:3089} INFO - Sync 1 DAGs
[2024-08-21T11:50:35.488+0000] {logging_mixin.py:188} INFO - [2024-08-21T11:50:35.088+0000] {dag.py:3947} INFO - Setting next_dagrun for example_bash_decorator to None, run_after=None
[2024-08-21T11:50:38.146+0000] {processor.py:183} INFO - Processing /home/airflow/.local/lib/python3.12/site-packages/airflow/example_dags/example_bash_decorator.py took 6.808 seconds
[2024-08-21T11:51:09.723+0000] {processor.py:161} INFO - Started process (PID=103) to work on /home/airflow/.local/lib/python3.12/site-packages/airflow/example_dags/example_bash_decorator.py
[2024-08-21T11:51:09.734+0000] {processor.py:830} INFO - Processing file /home/airflow/.local/lib/python3.12/site-packages/airflow/example_dags/example_bash_decorator.py for tasks to queue
[2024-08-21T11:51:09.738+0000] {logging_mixin.py:188} INFO - [2024-08-21T11:51:09.737+0000] {dagbag.py:545} INFO - Filling up the DagBag from /home/airflow/.local/lib/python3.12/site-packages/airflow/example_dags/example_bash_decorator.py
[2024-08-21T11:51:09.806+0000] {processor.py:840} INFO - DAG(s) 'example_bash_decorator' retrieved from /home/airflow/.local/lib/python3.12/site-packages/airflow/example_dags/example_bash_decorator.py
[2024-08-21T11:51:09.894+0000] {logging_mixin.py:188} INFO - [2024-08-21T11:51:09.894+0000] {dag.py:3089} INFO - Sync 1 DAGs
[2024-08-21T11:51:09.934+0000] {logging_mixin.py:188} INFO - [2024-08-21T11:51:09.934+0000] {dag.py:3947} INFO - Setting next_dagrun for example_bash_decorator to None, run_after=None
[2024-08-21T11:51:10.011+0000] {processor.py:183} INFO - Processing /home/airflow/.local/lib/python3.12/site-packages/airflow/example_dags/example_bash_decorator.py took 0.304 seconds
[2024-08-21T11:57:37.099+0000] {processor.py:161} INFO - Started process (PID=132) to work on /home/airflow/.local/lib/python3.12/site-packages/airflow/example_dags/example_bash_decorator.py
[2024-08-21T11:57:37.110+0000] {processor.py:830} INFO - Processing file /home/airflow/.local/lib/python3.12/site-packages/airflow/example_dags/example_bash_decorator.py for tasks to queue
[2024-08-21T11:57:37.112+0000] {logging_mixin.py:188} INFO - [2024-08-21T11:57:37.111+0000] {dagbag.py:545} INFO - Filling up the DagBag from /home/airflow/.local/lib/python3.12/site-packages/airflow/example_dags/example_bash_decorator.py
[2024-08-21T11:57:37.180+0000] {processor.py:840} INFO - DAG(s) 'example_bash_decorator' retrieved from /home/airflow/.local/lib/python3.12/site-packages/airflow/example_dags/example_bash_decorator.py
[2024-08-21T11:57:37.295+0000] {logging_mixin.py:188} INFO - [2024-08-21T11:57:37.294+0000] {dag.py:3089} INFO - Sync 1 DAGs
[2024-08-21T11:57:37.375+0000] {logging_mixin.py:188} INFO - [2024-08-21T11:57:37.375+0000] {dag.py:3947} INFO - Setting next_dagrun for example_bash_decorator to None, run_after=None
[2024-08-21T11:57:37.564+0000] {processor.py:183} INFO - Processing /home/airflow/.local/lib/python3.12/site-packages/airflow/example_dags/example_bash_decorator.py took 0.477 seconds
[2024-08-21T11:58:11.602+0000] {processor.py:161} INFO - Started process (PID=189) to work on /home/airflow/.local/lib/python3.12/site-packages/airflow/example_dags/example_bash_decorator.py
[2024-08-21T11:58:11.610+0000] {processor.py:830} INFO - Processing file /home/airflow/.local/lib/python3.12/site-packages/airflow/example_dags/example_bash_decorator.py for tasks to queue
[2024-08-21T11:58:11.612+0000] {logging_mixin.py:188} INFO - [2024-08-21T11:58:11.611+0000] {dagbag.py:545} INFO - Filling up the DagBag from /home/airflow/.local/lib/python3.12/site-packages/airflow/example_dags/example_bash_decorator.py
[2024-08-21T11:58:11.660+0000] {processor.py:840} INFO - DAG(s) 'example_bash_decorator' retrieved from /home/airflow/.local/lib/python3.12/site-packages/airflow/example_dags/example_bash_decorator.py
[2024-08-21T11:58:11.768+0000] {logging_mixin.py:188} INFO - [2024-08-21T11:58:11.768+0000] {dag.py:3089} INFO - Sync 1 DAGs
[2024-08-21T11:58:11.826+0000] {logging_mixin.py:188} INFO - [2024-08-21T11:58:11.825+0000] {dag.py:3947} INFO - Setting next_dagrun for example_bash_decorator to None, run_after=None
[2024-08-21T11:58:11.922+0000] {processor.py:183} INFO - Processing /home/airflow/.local/lib/python3.12/site-packages/airflow/example_dags/example_bash_decorator.py took 0.332 seconds
[2024-08-21T11:58:44.884+0000] {processor.py:161} INFO - Started process (PID=245) to work on /home/airflow/.local/lib/python3.12/site-packages/airflow/example_dags/example_bash_decorator.py
[2024-08-21T11:58:45.014+0000] {processor.py:830} INFO - Processing file /home/airflow/.local/lib/python3.12/site-packages/airflow/example_dags/example_bash_decorator.py for tasks to queue
[2024-08-21T11:58:45.016+0000] {logging_mixin.py:188} INFO - [2024-08-21T11:58:45.015+0000] {dagbag.py:545} INFO - Filling up the DagBag from /home/airflow/.local/lib/python3.12/site-packages/airflow/example_dags/example_bash_decorator.py
[2024-08-21T11:58:45.122+0000] {processor.py:840} INFO - DAG(s) 'example_bash_decorator' retrieved from /home/airflow/.local/lib/python3.12/site-packages/airflow/example_dags/example_bash_decorator.py
[2024-08-21T11:58:45.257+0000] {logging_mixin.py:188} INFO - [2024-08-21T11:58:45.257+0000] {dag.py:3089} INFO - Sync 1 DAGs
[2024-08-21T11:58:45.347+0000] {logging_mixin.py:188} INFO - [2024-08-21T11:58:45.346+0000] {dag.py:3947} INFO - Setting next_dagrun for example_bash_decorator to None, run_after=None
[2024-08-21T11:58:45.549+0000] {processor.py:183} INFO - Processing /home/airflow/.local/lib/python3.12/site-packages/airflow/example_dags/example_bash_decorator.py took 0.680 seconds
