[2024-08-21T11:50:28.878+0000] {processor.py:161} INFO - Started process (PID=42) to work on /home/airflow/.local/lib/python3.12/site-packages/airflow/example_dags/tutorial_dag.py
[2024-08-21T11:50:28.880+0000] {processor.py:830} INFO - Processing file /home/airflow/.local/lib/python3.12/site-packages/airflow/example_dags/tutorial_dag.py for tasks to queue
[2024-08-21T11:50:28.883+0000] {logging_mixin.py:188} INFO - [2024-08-21T11:50:28.882+0000] {dagbag.py:545} INFO - Filling up the DagBag from /home/airflow/.local/lib/python3.12/site-packages/airflow/example_dags/tutorial_dag.py
[2024-08-21T11:50:28.918+0000] {processor.py:840} INFO - DAG(s) 'tutorial_dag' retrieved from /home/airflow/.local/lib/python3.12/site-packages/airflow/example_dags/tutorial_dag.py
[2024-08-21T11:50:30.537+0000] {logging_mixin.py:188} INFO - [2024-08-21T11:50:29.912+0000] {dag.py:3089} INFO - Sync 1 DAGs
[2024-08-21T11:50:30.578+0000] {logging_mixin.py:188} INFO - [2024-08-21T11:50:30.578+0000] {dag.py:3947} INFO - Setting next_dagrun for tutorial_dag to None, run_after=None
[2024-08-21T11:50:31.010+0000] {processor.py:183} INFO - Processing /home/airflow/.local/lib/python3.12/site-packages/airflow/example_dags/tutorial_dag.py took 2.147 seconds
[2024-08-21T11:51:01.460+0000] {processor.py:161} INFO - Started process (PID=100) to work on /home/airflow/.local/lib/python3.12/site-packages/airflow/example_dags/tutorial_dag.py
[2024-08-21T11:51:01.465+0000] {processor.py:830} INFO - Processing file /home/airflow/.local/lib/python3.12/site-packages/airflow/example_dags/tutorial_dag.py for tasks to queue
[2024-08-21T11:51:01.468+0000] {logging_mixin.py:188} INFO - [2024-08-21T11:51:01.467+0000] {dagbag.py:545} INFO - Filling up the DagBag from /home/airflow/.local/lib/python3.12/site-packages/airflow/example_dags/tutorial_dag.py
[2024-08-21T11:51:01.485+0000] {processor.py:840} INFO - DAG(s) 'tutorial_dag' retrieved from /home/airflow/.local/lib/python3.12/site-packages/airflow/example_dags/tutorial_dag.py
[2024-08-21T11:51:01.682+0000] {logging_mixin.py:188} INFO - [2024-08-21T11:51:01.681+0000] {dag.py:3089} INFO - Sync 1 DAGs
[2024-08-21T11:51:01.725+0000] {logging_mixin.py:188} INFO - [2024-08-21T11:51:01.724+0000] {dag.py:3947} INFO - Setting next_dagrun for tutorial_dag to None, run_after=None
[2024-08-21T11:51:01.816+0000] {processor.py:183} INFO - Processing /home/airflow/.local/lib/python3.12/site-packages/airflow/example_dags/tutorial_dag.py took 0.394 seconds
[2024-08-21T11:57:36.497+0000] {processor.py:161} INFO - Started process (PID=129) to work on /home/airflow/.local/lib/python3.12/site-packages/airflow/example_dags/tutorial_dag.py
[2024-08-21T11:57:36.500+0000] {processor.py:830} INFO - Processing file /home/airflow/.local/lib/python3.12/site-packages/airflow/example_dags/tutorial_dag.py for tasks to queue
[2024-08-21T11:57:36.502+0000] {logging_mixin.py:188} INFO - [2024-08-21T11:57:36.501+0000] {dagbag.py:545} INFO - Filling up the DagBag from /home/airflow/.local/lib/python3.12/site-packages/airflow/example_dags/tutorial_dag.py
[2024-08-21T11:57:36.530+0000] {processor.py:840} INFO - DAG(s) 'tutorial_dag' retrieved from /home/airflow/.local/lib/python3.12/site-packages/airflow/example_dags/tutorial_dag.py
[2024-08-21T11:57:36.630+0000] {logging_mixin.py:188} INFO - [2024-08-21T11:57:36.630+0000] {dag.py:3089} INFO - Sync 1 DAGs
[2024-08-21T11:57:36.684+0000] {logging_mixin.py:188} INFO - [2024-08-21T11:57:36.683+0000] {dag.py:3947} INFO - Setting next_dagrun for tutorial_dag to None, run_after=None
[2024-08-21T11:57:36.781+0000] {processor.py:183} INFO - Processing /home/airflow/.local/lib/python3.12/site-packages/airflow/example_dags/tutorial_dag.py took 0.323 seconds
[2024-08-21T11:58:10.852+0000] {processor.py:161} INFO - Started process (PID=187) to work on /home/airflow/.local/lib/python3.12/site-packages/airflow/example_dags/tutorial_dag.py
[2024-08-21T11:58:10.889+0000] {processor.py:830} INFO - Processing file /home/airflow/.local/lib/python3.12/site-packages/airflow/example_dags/tutorial_dag.py for tasks to queue
[2024-08-21T11:58:10.891+0000] {logging_mixin.py:188} INFO - [2024-08-21T11:58:10.890+0000] {dagbag.py:545} INFO - Filling up the DagBag from /home/airflow/.local/lib/python3.12/site-packages/airflow/example_dags/tutorial_dag.py
[2024-08-21T11:58:10.927+0000] {processor.py:840} INFO - DAG(s) 'tutorial_dag' retrieved from /home/airflow/.local/lib/python3.12/site-packages/airflow/example_dags/tutorial_dag.py
[2024-08-21T11:58:11.023+0000] {logging_mixin.py:188} INFO - [2024-08-21T11:58:11.022+0000] {dag.py:3089} INFO - Sync 1 DAGs
[2024-08-21T11:58:11.068+0000] {logging_mixin.py:188} INFO - [2024-08-21T11:58:11.067+0000] {dag.py:3947} INFO - Setting next_dagrun for tutorial_dag to None, run_after=None
[2024-08-21T11:58:11.147+0000] {processor.py:183} INFO - Processing /home/airflow/.local/lib/python3.12/site-packages/airflow/example_dags/tutorial_dag.py took 0.343 seconds
[2024-08-21T11:58:44.243+0000] {processor.py:161} INFO - Started process (PID=243) to work on /home/airflow/.local/lib/python3.12/site-packages/airflow/example_dags/tutorial_dag.py
[2024-08-21T11:58:44.262+0000] {processor.py:830} INFO - Processing file /home/airflow/.local/lib/python3.12/site-packages/airflow/example_dags/tutorial_dag.py for tasks to queue
[2024-08-21T11:58:44.264+0000] {logging_mixin.py:188} INFO - [2024-08-21T11:58:44.263+0000] {dagbag.py:545} INFO - Filling up the DagBag from /home/airflow/.local/lib/python3.12/site-packages/airflow/example_dags/tutorial_dag.py
[2024-08-21T11:58:44.348+0000] {processor.py:840} INFO - DAG(s) 'tutorial_dag' retrieved from /home/airflow/.local/lib/python3.12/site-packages/airflow/example_dags/tutorial_dag.py
[2024-08-21T11:58:44.545+0000] {logging_mixin.py:188} INFO - [2024-08-21T11:58:44.544+0000] {dag.py:3089} INFO - Sync 1 DAGs
[2024-08-21T11:58:44.584+0000] {logging_mixin.py:188} INFO - [2024-08-21T11:58:44.583+0000] {dag.py:3947} INFO - Setting next_dagrun for tutorial_dag to None, run_after=None
[2024-08-21T11:58:44.817+0000] {processor.py:183} INFO - Processing /home/airflow/.local/lib/python3.12/site-packages/airflow/example_dags/tutorial_dag.py took 0.618 seconds
