[2024-08-21T11:50:50.210+0000] {processor.py:161} INFO - Started process (PID=86) to work on /home/airflow/.local/lib/python3.12/site-packages/airflow/example_dags/tutorial.py
[2024-08-21T11:50:50.211+0000] {processor.py:830} INFO - Processing file /home/airflow/.local/lib/python3.12/site-packages/airflow/example_dags/tutorial.py for tasks to queue
[2024-08-21T11:50:50.214+0000] {logging_mixin.py:188} INFO - [2024-08-21T11:50:50.213+0000] {dagbag.py:545} INFO - Filling up the DagBag from /home/airflow/.local/lib/python3.12/site-packages/airflow/example_dags/tutorial.py
[2024-08-21T11:50:50.225+0000] {processor.py:840} INFO - DAG(s) 'tutorial' retrieved from /home/airflow/.local/lib/python3.12/site-packages/airflow/example_dags/tutorial.py
[2024-08-21T11:50:50.461+0000] {logging_mixin.py:188} INFO - [2024-08-21T11:50:50.461+0000] {dag.py:3089} INFO - Sync 1 DAGs
[2024-08-21T11:50:50.506+0000] {logging_mixin.py:188} INFO - [2024-08-21T11:50:50.505+0000] {dag.py:3947} INFO - Setting next_dagrun for tutorial to 2024-08-20 00:00:00+00:00, run_after=2024-08-21 00:00:00+00:00
[2024-08-21T11:50:50.556+0000] {processor.py:183} INFO - Processing /home/airflow/.local/lib/python3.12/site-packages/airflow/example_dags/tutorial.py took 0.359 seconds
[2024-08-21T11:57:51.856+0000] {processor.py:161} INFO - Started process (PID=159) to work on /home/airflow/.local/lib/python3.12/site-packages/airflow/example_dags/tutorial.py
[2024-08-21T11:57:52.194+0000] {processor.py:830} INFO - Processing file /home/airflow/.local/lib/python3.12/site-packages/airflow/example_dags/tutorial.py for tasks to queue
[2024-08-21T11:57:52.197+0000] {logging_mixin.py:188} INFO - [2024-08-21T11:57:52.196+0000] {dagbag.py:545} INFO - Filling up the DagBag from /home/airflow/.local/lib/python3.12/site-packages/airflow/example_dags/tutorial.py
[2024-08-21T11:57:52.244+0000] {processor.py:840} INFO - DAG(s) 'tutorial' retrieved from /home/airflow/.local/lib/python3.12/site-packages/airflow/example_dags/tutorial.py
[2024-08-21T11:57:52.367+0000] {logging_mixin.py:188} INFO - [2024-08-21T11:57:52.367+0000] {dag.py:3089} INFO - Sync 1 DAGs
[2024-08-21T11:57:52.471+0000] {logging_mixin.py:188} INFO - [2024-08-21T11:57:52.471+0000] {dag.py:3947} INFO - Setting next_dagrun for tutorial to 2024-08-20 00:00:00+00:00, run_after=2024-08-21 00:00:00+00:00
[2024-08-21T11:57:52.687+0000] {processor.py:183} INFO - Processing /home/airflow/.local/lib/python3.12/site-packages/airflow/example_dags/tutorial.py took 0.857 seconds
[2024-08-21T11:58:39.285+0000] {processor.py:161} INFO - Started process (PID=226) to work on /home/airflow/.local/lib/python3.12/site-packages/airflow/example_dags/tutorial.py
[2024-08-21T11:58:39.289+0000] {processor.py:830} INFO - Processing file /home/airflow/.local/lib/python3.12/site-packages/airflow/example_dags/tutorial.py for tasks to queue
[2024-08-21T11:58:39.300+0000] {logging_mixin.py:188} INFO - [2024-08-21T11:58:39.299+0000] {dagbag.py:545} INFO - Filling up the DagBag from /home/airflow/.local/lib/python3.12/site-packages/airflow/example_dags/tutorial.py
[2024-08-21T11:58:39.348+0000] {processor.py:840} INFO - DAG(s) 'tutorial' retrieved from /home/airflow/.local/lib/python3.12/site-packages/airflow/example_dags/tutorial.py
[2024-08-21T11:58:39.465+0000] {logging_mixin.py:188} INFO - [2024-08-21T11:58:39.465+0000] {dag.py:3089} INFO - Sync 1 DAGs
[2024-08-21T11:58:39.620+0000] {logging_mixin.py:188} INFO - [2024-08-21T11:58:39.619+0000] {dag.py:3947} INFO - Setting next_dagrun for tutorial to 2024-08-20 00:00:00+00:00, run_after=2024-08-21 00:00:00+00:00
[2024-08-21T11:58:39.742+0000] {processor.py:183} INFO - Processing /home/airflow/.local/lib/python3.12/site-packages/airflow/example_dags/tutorial.py took 0.520 seconds
